[2022-03-14 14:47:49,429] {taskinstance.py:1037} INFO - Dependencies all met for <TaskInstance: simple_dag.get_recipes scheduled__2022-03-14T14:48:00+00:00 [queued]>
[2022-03-14 14:47:49,435] {taskinstance.py:1037} INFO - Dependencies all met for <TaskInstance: simple_dag.get_recipes scheduled__2022-03-14T14:48:00+00:00 [queued]>
[2022-03-14 14:47:49,435] {taskinstance.py:1243} INFO - 
--------------------------------------------------------------------------------
[2022-03-14 14:47:49,435] {taskinstance.py:1244} INFO - Starting attempt 1 of 1
[2022-03-14 14:47:49,435] {taskinstance.py:1245} INFO - 
--------------------------------------------------------------------------------
[2022-03-14 14:47:49,444] {taskinstance.py:1264} INFO - Executing <Task(PythonOperator): get_recipes> on 2022-03-14 14:48:00+00:00
[2022-03-14 14:47:49,448] {standard_task_runner.py:52} INFO - Started process 88299 to run task
[2022-03-14 14:47:49,454] {standard_task_runner.py:76} INFO - Running: ['airflow', 'tasks', 'run', 'simple_dag', 'get_recipes', 'scheduled__2022-03-14T14:48:00+00:00', '--job-id', '199', '--raw', '--subdir', 'DAGS_FOLDER/simple_dag.py', '--cfg-path', '/var/folders/tl/ljh9dpdd2fnbgmc62qc2b49h0000gn/T/tmpjvx3e29p', '--error-file', '/var/folders/tl/ljh9dpdd2fnbgmc62qc2b49h0000gn/T/tmpu23ga2bo']
[2022-03-14 14:47:49,457] {standard_task_runner.py:77} INFO - Job 199: Subtask get_recipes
[2022-03-14 14:47:49,517] {logging_mixin.py:109} INFO - Running <TaskInstance: simple_dag.get_recipes scheduled__2022-03-14T14:48:00+00:00 [running]> on host 1.0.0.0.0.0.0.0.0.0.0.0.0.0.0.0.0.0.0.0.0.0.0.0.0.0.0.0.0.0.0.0.ip6.arpa
[2022-03-14 14:47:49,570] {taskinstance.py:1429} INFO - Exporting the following env vars:
AIRFLOW_CTX_DAG_OWNER=airflow
AIRFLOW_CTX_DAG_ID=simple_dag
AIRFLOW_CTX_TASK_ID=get_recipes
AIRFLOW_CTX_EXECUTION_DATE=2022-03-14T14:48:00+00:00
AIRFLOW_CTX_DAG_RUN_ID=scheduled__2022-03-14T14:48:00+00:00
[2022-03-14 14:47:49,581] {base_aws.py:190} INFO - Credentials retrieved from login
[2022-03-14 14:47:49,582] {base_aws.py:90} INFO - Retrieving region_name from Connection.extra_config['region_name']
[2022-03-14 14:47:50,029] {base_aws.py:190} INFO - Credentials retrieved from login
[2022-03-14 14:47:50,030] {base_aws.py:90} INFO - Retrieving region_name from Connection.extra_config['region_name']
[2022-03-14 14:47:50,483] {logging_mixin.py:109} INFO - s3.Object(bucket_name='airflowrs', key='raw/user-2022-03-14 12:16:16.768057.json')
[2022-03-14 14:47:50,490] {base_aws.py:190} INFO - Credentials retrieved from login
[2022-03-14 14:47:50,492] {base_aws.py:90} INFO - Retrieving region_name from Connection.extra_config['region_name']
[2022-03-14 14:47:50,831] {logging_mixin.py:109} INFO - s3.Object(bucket_name='airflowrs', key='raw/user-2022-03-14 12:16:24.788633.json')
[2022-03-14 14:47:50,835] {base_aws.py:190} INFO - Credentials retrieved from login
[2022-03-14 14:47:50,836] {base_aws.py:90} INFO - Retrieving region_name from Connection.extra_config['region_name']
[2022-03-14 14:47:51,146] {logging_mixin.py:109} INFO - s3.Object(bucket_name='airflowrs', key='raw/user-2022-03-14 12:16:29.962475.json')
[2022-03-14 14:47:51,151] {base_aws.py:190} INFO - Credentials retrieved from login
[2022-03-14 14:47:51,152] {base_aws.py:90} INFO - Retrieving region_name from Connection.extra_config['region_name']
[2022-03-14 14:47:51,646] {logging_mixin.py:109} INFO - s3.Object(bucket_name='airflowrs', key='raw/user-2022-03-14 12:16:44.008253.json')
[2022-03-14 14:47:51,650] {base_aws.py:190} INFO - Credentials retrieved from login
[2022-03-14 14:47:51,651] {base_aws.py:90} INFO - Retrieving region_name from Connection.extra_config['region_name']
[2022-03-14 14:47:51,973] {logging_mixin.py:109} INFO - s3.Object(bucket_name='airflowrs', key='raw/user-2022-03-14 12:16:52.065604.json')
[2022-03-14 14:47:51,978] {base_aws.py:190} INFO - Credentials retrieved from login
[2022-03-14 14:47:51,979] {base_aws.py:90} INFO - Retrieving region_name from Connection.extra_config['region_name']
[2022-03-14 14:47:52,425] {logging_mixin.py:109} INFO - s3.Object(bucket_name='airflowrs', key='raw/user-2022-03-14 13:40:51.952380.json')
[2022-03-14 14:47:52,430] {base_aws.py:190} INFO - Credentials retrieved from login
[2022-03-14 14:47:52,431] {base_aws.py:90} INFO - Retrieving region_name from Connection.extra_config['region_name']
[2022-03-14 14:47:52,748] {logging_mixin.py:109} INFO - s3.Object(bucket_name='airflowrs', key='raw/user-2022-03-14 13:40:54.048138.json')
[2022-03-14 14:47:52,754] {base_aws.py:190} INFO - Credentials retrieved from login
[2022-03-14 14:47:52,756] {base_aws.py:90} INFO - Retrieving region_name from Connection.extra_config['region_name']
[2022-03-14 14:47:53,107] {logging_mixin.py:109} INFO - s3.Object(bucket_name='airflowrs', key='raw/user-2022-03-14 13:40:56.140666.json')
[2022-03-14 14:47:53,112] {base_aws.py:190} INFO - Credentials retrieved from login
[2022-03-14 14:47:53,113] {base_aws.py:90} INFO - Retrieving region_name from Connection.extra_config['region_name']
[2022-03-14 14:47:53,427] {logging_mixin.py:109} INFO - s3.Object(bucket_name='airflowrs', key='raw/user-2022-03-14 13:41:02.424720.json')
[2022-03-14 14:47:53,431] {base_aws.py:190} INFO - Credentials retrieved from login
[2022-03-14 14:47:53,433] {base_aws.py:90} INFO - Retrieving region_name from Connection.extra_config['region_name']
[2022-03-14 14:47:53,755] {logging_mixin.py:109} INFO - s3.Object(bucket_name='airflowrs', key='raw/user-2022-03-14 13:41:04.521027.json')
[2022-03-14 14:47:53,759] {base_aws.py:190} INFO - Credentials retrieved from login
[2022-03-14 14:47:53,760] {base_aws.py:90} INFO - Retrieving region_name from Connection.extra_config['region_name']
[2022-03-14 14:47:54,213] {logging_mixin.py:109} INFO - s3.Object(bucket_name='airflowrs', key='raw/user-2022-03-14 13:41:06.619964.json')
[2022-03-14 14:47:54,218] {base_aws.py:190} INFO - Credentials retrieved from login
[2022-03-14 14:47:54,219] {base_aws.py:90} INFO - Retrieving region_name from Connection.extra_config['region_name']
[2022-03-14 14:47:54,543] {logging_mixin.py:109} INFO - s3.Object(bucket_name='airflowrs', key='raw/user-2022-03-14 13:41:08.717143.json')
[2022-03-14 14:47:54,547] {base_aws.py:190} INFO - Credentials retrieved from login
[2022-03-14 14:47:54,548] {base_aws.py:90} INFO - Retrieving region_name from Connection.extra_config['region_name']
[2022-03-14 14:47:54,899] {logging_mixin.py:109} INFO - s3.Object(bucket_name='airflowrs', key='raw/user-2022-03-14 13:41:10.809943.json')
[2022-03-14 14:47:54,903] {base_aws.py:190} INFO - Credentials retrieved from login
[2022-03-14 14:47:54,904] {base_aws.py:90} INFO - Retrieving region_name from Connection.extra_config['region_name']
[2022-03-14 14:47:55,329] {logging_mixin.py:109} INFO - s3.Object(bucket_name='airflowrs', key='raw/user-2022-03-14 13:41:12.902259.json')
[2022-03-14 14:47:55,334] {base_aws.py:190} INFO - Credentials retrieved from login
[2022-03-14 14:47:55,335] {base_aws.py:90} INFO - Retrieving region_name from Connection.extra_config['region_name']
[2022-03-14 14:47:55,649] {logging_mixin.py:109} INFO - s3.Object(bucket_name='airflowrs', key='raw/user-2022-03-14 13:41:14.996433.json')
[2022-03-14 14:47:55,654] {base_aws.py:190} INFO - Credentials retrieved from login
[2022-03-14 14:47:55,655] {base_aws.py:90} INFO - Retrieving region_name from Connection.extra_config['region_name']
[2022-03-14 14:47:55,984] {logging_mixin.py:109} INFO - s3.Object(bucket_name='airflowrs', key='raw/user-2022-03-14 13:41:19.188289.json')
[2022-03-14 14:47:55,989] {base_aws.py:190} INFO - Credentials retrieved from login
[2022-03-14 14:47:55,990] {base_aws.py:90} INFO - Retrieving region_name from Connection.extra_config['region_name']
[2022-03-14 14:47:56,442] {logging_mixin.py:109} INFO - s3.Object(bucket_name='airflowrs', key='raw/user-2022-03-14 13:41:21.281386.json')
[2022-03-14 14:47:56,447] {base_aws.py:190} INFO - Credentials retrieved from login
[2022-03-14 14:47:56,448] {base_aws.py:90} INFO - Retrieving region_name from Connection.extra_config['region_name']
[2022-03-14 14:47:56,921] {logging_mixin.py:109} INFO - s3.Object(bucket_name='airflowrs', key='raw/user-2022-03-14 13:41:23.377181.json')
[2022-03-14 14:47:56,926] {base_aws.py:190} INFO - Credentials retrieved from login
[2022-03-14 14:47:56,928] {base_aws.py:90} INFO - Retrieving region_name from Connection.extra_config['region_name']
[2022-03-14 14:47:57,326] {logging_mixin.py:109} INFO - s3.Object(bucket_name='airflowrs', key='raw/user-2022-03-14 13:41:25.468979.json')
[2022-03-14 14:47:57,330] {base_aws.py:190} INFO - Credentials retrieved from login
[2022-03-14 14:47:57,331] {base_aws.py:90} INFO - Retrieving region_name from Connection.extra_config['region_name']
[2022-03-14 14:47:57,650] {logging_mixin.py:109} INFO - s3.Object(bucket_name='airflowrs', key='raw/user-2022-03-14 13:41:27.559613.json')
[2022-03-14 14:47:57,655] {python.py:175} INFO - Done. Returned value was: None
[2022-03-14 14:47:57,664] {taskinstance.py:1272} INFO - Marking task as SUCCESS. dag_id=simple_dag, task_id=get_recipes, execution_date=20220314T144800, start_date=20220314T194749, end_date=20220314T194757
[2022-03-14 14:47:57,712] {local_task_job.py:154} INFO - Task exited with return code 0
[2022-03-14 14:47:57,729] {local_task_job.py:264} INFO - 0 downstream tasks scheduled from follow-on schedule check
[2022-03-14 14:51:54,930] {taskinstance.py:1037} INFO - Dependencies all met for <TaskInstance: simple_dag.get_recipes scheduled__2022-03-14T14:48:00+00:00 [queued]>
[2022-03-14 14:51:54,936] {taskinstance.py:1037} INFO - Dependencies all met for <TaskInstance: simple_dag.get_recipes scheduled__2022-03-14T14:48:00+00:00 [queued]>
[2022-03-14 14:51:54,937] {taskinstance.py:1243} INFO - 
--------------------------------------------------------------------------------
[2022-03-14 14:51:54,937] {taskinstance.py:1244} INFO - Starting attempt 1 of 1
[2022-03-14 14:51:54,937] {taskinstance.py:1245} INFO - 
--------------------------------------------------------------------------------
[2022-03-14 14:51:54,945] {taskinstance.py:1264} INFO - Executing <Task(PythonOperator): get_recipes> on 2022-03-14 14:48:00+00:00
[2022-03-14 14:51:54,949] {standard_task_runner.py:52} INFO - Started process 88454 to run task
[2022-03-14 14:51:54,955] {standard_task_runner.py:76} INFO - Running: ['airflow', 'tasks', 'run', 'simple_dag', 'get_recipes', 'scheduled__2022-03-14T14:48:00+00:00', '--job-id', '195', '--raw', '--subdir', 'DAGS_FOLDER/simple_dag.py', '--cfg-path', '/var/folders/tl/ljh9dpdd2fnbgmc62qc2b49h0000gn/T/tmpefd1ul5_', '--error-file', '/var/folders/tl/ljh9dpdd2fnbgmc62qc2b49h0000gn/T/tmpt40gt8bi']
[2022-03-14 14:51:54,958] {standard_task_runner.py:77} INFO - Job 195: Subtask get_recipes
[2022-03-14 14:51:55,010] {logging_mixin.py:109} INFO - Running <TaskInstance: simple_dag.get_recipes scheduled__2022-03-14T14:48:00+00:00 [running]> on host 1.0.0.0.0.0.0.0.0.0.0.0.0.0.0.0.0.0.0.0.0.0.0.0.0.0.0.0.0.0.0.0.ip6.arpa
[2022-03-14 14:51:55,058] {taskinstance.py:1429} INFO - Exporting the following env vars:
AIRFLOW_CTX_DAG_OWNER=airflow
AIRFLOW_CTX_DAG_ID=simple_dag
AIRFLOW_CTX_TASK_ID=get_recipes
AIRFLOW_CTX_EXECUTION_DATE=2022-03-14T14:48:00+00:00
AIRFLOW_CTX_DAG_RUN_ID=scheduled__2022-03-14T14:48:00+00:00
[2022-03-14 14:51:55,066] {base_aws.py:190} INFO - Credentials retrieved from login
[2022-03-14 14:51:55,067] {base_aws.py:90} INFO - Retrieving region_name from Connection.extra_config['region_name']
[2022-03-14 14:51:55,465] {base_aws.py:190} INFO - Credentials retrieved from login
[2022-03-14 14:51:55,466] {base_aws.py:90} INFO - Retrieving region_name from Connection.extra_config['region_name']
[2022-03-14 14:51:55,948] {logging_mixin.py:109} INFO - {'ResponseMetadata': {'RequestId': '3KM60QGZE09C5VMG', 'HostId': 'N39yyT8ZUPpnO5+zys80StBNTRZwIKS1CfL9S2iprE3LVgyDpNdCDIwUqWEbrPY3Syr3V2Nd9W8=', 'HTTPStatusCode': 200, 'HTTPHeaders': {'x-amz-id-2': 'N39yyT8ZUPpnO5+zys80StBNTRZwIKS1CfL9S2iprE3LVgyDpNdCDIwUqWEbrPY3Syr3V2Nd9W8=', 'x-amz-request-id': '3KM60QGZE09C5VMG', 'date': 'Mon, 14 Mar 2022 19:51:57 GMT', 'last-modified': 'Mon, 14 Mar 2022 19:13:52 GMT', 'etag': '"4a622525f443062406694c300043b81c"', 'accept-ranges': 'bytes', 'content-type': 'binary/octet-stream', 'server': 'AmazonS3', 'content-length': '328'}, 'RetryAttempts': 0}, 'AcceptRanges': 'bytes', 'LastModified': datetime.datetime(2022, 3, 14, 19, 13, 52, tzinfo=tzutc()), 'ContentLength': 328, 'ETag': '"4a622525f443062406694c300043b81c"', 'ContentType': 'binary/octet-stream', 'Metadata': {}, 'Body': <botocore.response.StreamingBody object at 0x7fd584437460>}
[2022-03-14 14:51:55,953] {base_aws.py:190} INFO - Credentials retrieved from login
[2022-03-14 14:51:55,954] {base_aws.py:90} INFO - Retrieving region_name from Connection.extra_config['region_name']
[2022-03-14 14:51:56,859] {logging_mixin.py:109} INFO - {'ResponseMetadata': {'RequestId': '3KM75T5PCB8S49N1', 'HostId': '4KAyVPVbk48gM8Dua4FMT7bYzTKTO75+oBTuBELctz2L3/ZCzOTiGmDiCMCOXi9BWZQ15OIpHzs=', 'HTTPStatusCode': 200, 'HTTPHeaders': {'x-amz-id-2': '4KAyVPVbk48gM8Dua4FMT7bYzTKTO75+oBTuBELctz2L3/ZCzOTiGmDiCMCOXi9BWZQ15OIpHzs=', 'x-amz-request-id': '3KM75T5PCB8S49N1', 'date': 'Mon, 14 Mar 2022 19:51:57 GMT', 'last-modified': 'Mon, 14 Mar 2022 19:13:52 GMT', 'etag': '"7fc6a346ee299d4e1b4f42d1daac1af4"', 'accept-ranges': 'bytes', 'content-type': 'binary/octet-stream', 'server': 'AmazonS3', 'content-length': '391'}, 'RetryAttempts': 0}, 'AcceptRanges': 'bytes', 'LastModified': datetime.datetime(2022, 3, 14, 19, 13, 52, tzinfo=tzutc()), 'ContentLength': 391, 'ETag': '"7fc6a346ee299d4e1b4f42d1daac1af4"', 'ContentType': 'binary/octet-stream', 'Metadata': {}, 'Body': <botocore.response.StreamingBody object at 0x7fd584b267f0>}
[2022-03-14 14:51:56,864] {base_aws.py:190} INFO - Credentials retrieved from login
[2022-03-14 14:51:56,865] {base_aws.py:90} INFO - Retrieving region_name from Connection.extra_config['region_name']
[2022-03-14 14:51:57,286] {logging_mixin.py:109} INFO - {'ResponseMetadata': {'RequestId': 'DYAKKDWGNJZDJ5XR', 'HostId': 'pqGHS2DK4pJFqGjiUj1tzImg2ncE5J9j8P+zIZ5Yz0ammIEnhuLh20AvJ0ufVGgqui0tHxWtwXM=', 'HTTPStatusCode': 200, 'HTTPHeaders': {'x-amz-id-2': 'pqGHS2DK4pJFqGjiUj1tzImg2ncE5J9j8P+zIZ5Yz0ammIEnhuLh20AvJ0ufVGgqui0tHxWtwXM=', 'x-amz-request-id': 'DYAKKDWGNJZDJ5XR', 'date': 'Mon, 14 Mar 2022 19:51:58 GMT', 'last-modified': 'Mon, 14 Mar 2022 19:13:54 GMT', 'etag': '"7a65eb008503bb10e04182b9fca9c94d"', 'accept-ranges': 'bytes', 'content-type': 'binary/octet-stream', 'server': 'AmazonS3', 'content-length': '407'}, 'RetryAttempts': 0}, 'AcceptRanges': 'bytes', 'LastModified': datetime.datetime(2022, 3, 14, 19, 13, 54, tzinfo=tzutc()), 'ContentLength': 407, 'ETag': '"7a65eb008503bb10e04182b9fca9c94d"', 'ContentType': 'binary/octet-stream', 'Metadata': {}, 'Body': <botocore.response.StreamingBody object at 0x7fd5850fe8b0>}
[2022-03-14 14:51:57,290] {base_aws.py:190} INFO - Credentials retrieved from login
[2022-03-14 14:51:57,291] {base_aws.py:90} INFO - Retrieving region_name from Connection.extra_config['region_name']
[2022-03-14 14:51:57,694] {logging_mixin.py:109} INFO - {'ResponseMetadata': {'RequestId': 'DYAYA1GDW1ZFE96K', 'HostId': 'mFAjwdaeh9yRuEGQAtzViiBmNrk/UkRNNoOyrDtbsLKf/mZuOi8M23wAdmgZ9WEPV9VJtk6XVeI=', 'HTTPStatusCode': 200, 'HTTPHeaders': {'x-amz-id-2': 'mFAjwdaeh9yRuEGQAtzViiBmNrk/UkRNNoOyrDtbsLKf/mZuOi8M23wAdmgZ9WEPV9VJtk6XVeI=', 'x-amz-request-id': 'DYAYA1GDW1ZFE96K', 'date': 'Mon, 14 Mar 2022 19:51:58 GMT', 'last-modified': 'Mon, 14 Mar 2022 19:13:54 GMT', 'etag': '"49c905c9d15dd5f90201fc43630e29ca"', 'accept-ranges': 'bytes', 'content-type': 'binary/octet-stream', 'server': 'AmazonS3', 'content-length': '455'}, 'RetryAttempts': 0}, 'AcceptRanges': 'bytes', 'LastModified': datetime.datetime(2022, 3, 14, 19, 13, 54, tzinfo=tzutc()), 'ContentLength': 455, 'ETag': '"49c905c9d15dd5f90201fc43630e29ca"', 'ContentType': 'binary/octet-stream', 'Metadata': {}, 'Body': <botocore.response.StreamingBody object at 0x7fd5857d6940>}
[2022-03-14 14:51:57,698] {base_aws.py:190} INFO - Credentials retrieved from login
[2022-03-14 14:51:57,700] {base_aws.py:90} INFO - Retrieving region_name from Connection.extra_config['region_name']
[2022-03-14 14:51:58,102] {logging_mixin.py:109} INFO - {'ResponseMetadata': {'RequestId': '004TV7NCZAYRVXY7', 'HostId': '+1NWnE+NYCs61LrfvUO/kDBsmkj2gFoH6sHA8Y8c77r266Yem9LNErzbGfV+B5XzvC1Mpp40T/0=', 'HTTPStatusCode': 200, 'HTTPHeaders': {'x-amz-id-2': '+1NWnE+NYCs61LrfvUO/kDBsmkj2gFoH6sHA8Y8c77r266Yem9LNErzbGfV+B5XzvC1Mpp40T/0=', 'x-amz-request-id': '004TV7NCZAYRVXY7', 'date': 'Mon, 14 Mar 2022 19:51:59 GMT', 'last-modified': 'Mon, 14 Mar 2022 19:13:52 GMT', 'etag': '"3aabbc7f7f908773bbdc3df112f66aa5"', 'accept-ranges': 'bytes', 'content-type': 'binary/octet-stream', 'server': 'AmazonS3', 'content-length': '409'}, 'RetryAttempts': 0}, 'AcceptRanges': 'bytes', 'LastModified': datetime.datetime(2022, 3, 14, 19, 13, 52, tzinfo=tzutc()), 'ContentLength': 409, 'ETag': '"3aabbc7f7f908773bbdc3df112f66aa5"', 'ContentType': 'binary/octet-stream', 'Metadata': {}, 'Body': <botocore.response.StreamingBody object at 0x7fd585db98e0>}
[2022-03-14 14:51:58,106] {base_aws.py:190} INFO - Credentials retrieved from login
[2022-03-14 14:51:58,107] {base_aws.py:90} INFO - Retrieving region_name from Connection.extra_config['region_name']
[2022-03-14 14:51:58,637] {logging_mixin.py:109} INFO - {'ResponseMetadata': {'RequestId': '004KX294CFQZBNW9', 'HostId': '1xQht57rKap9uQQ72kKuEyz+7nTSIq8M9SNCJtR46srN9OBCh/Utw7P/lcyjMj0vSNjO/2vceOI=', 'HTTPStatusCode': 200, 'HTTPHeaders': {'x-amz-id-2': '1xQht57rKap9uQQ72kKuEyz+7nTSIq8M9SNCJtR46srN9OBCh/Utw7P/lcyjMj0vSNjO/2vceOI=', 'x-amz-request-id': '004KX294CFQZBNW9', 'date': 'Mon, 14 Mar 2022 19:51:59 GMT', 'last-modified': 'Mon, 14 Mar 2022 19:13:55 GMT', 'etag': '"f8aa046a18da0ba080350cce82261234"', 'accept-ranges': 'bytes', 'content-type': 'binary/octet-stream', 'server': 'AmazonS3', 'content-length': '380'}, 'RetryAttempts': 0}, 'AcceptRanges': 'bytes', 'LastModified': datetime.datetime(2022, 3, 14, 19, 13, 55, tzinfo=tzutc()), 'ContentLength': 380, 'ETag': '"f8aa046a18da0ba080350cce82261234"', 'ContentType': 'binary/octet-stream', 'Metadata': {}, 'Body': <botocore.response.StreamingBody object at 0x7fd584b2c3a0>}
[2022-03-14 14:51:58,641] {base_aws.py:190} INFO - Credentials retrieved from login
[2022-03-14 14:51:58,642] {base_aws.py:90} INFO - Retrieving region_name from Connection.extra_config['region_name']
[2022-03-14 14:51:59,044] {logging_mixin.py:109} INFO - {'ResponseMetadata': {'RequestId': 'MQRXEPSK7KSDMAM7', 'HostId': 'Aj4daIkCB4JGRQi6IuF2JfVB6DdGVtharOm39zjD81fDkHrCyz5aApen5qsp/1bWCIoyvkKklLI=', 'HTTPStatusCode': 200, 'HTTPHeaders': {'x-amz-id-2': 'Aj4daIkCB4JGRQi6IuF2JfVB6DdGVtharOm39zjD81fDkHrCyz5aApen5qsp/1bWCIoyvkKklLI=', 'x-amz-request-id': 'MQRXEPSK7KSDMAM7', 'date': 'Mon, 14 Mar 2022 19:52:00 GMT', 'last-modified': 'Mon, 14 Mar 2022 19:13:53 GMT', 'etag': '"d0c09035859dc7fc1dcae1fbe72158ab"', 'accept-ranges': 'bytes', 'content-type': 'binary/octet-stream', 'server': 'AmazonS3', 'content-length': '393'}, 'RetryAttempts': 0}, 'AcceptRanges': 'bytes', 'LastModified': datetime.datetime(2022, 3, 14, 19, 13, 53, tzinfo=tzutc()), 'ContentLength': 393, 'ETag': '"d0c09035859dc7fc1dcae1fbe72158ab"', 'ContentType': 'binary/octet-stream', 'Metadata': {}, 'Body': <botocore.response.StreamingBody object at 0x7fd5840227f0>}
[2022-03-14 14:51:59,050] {base_aws.py:190} INFO - Credentials retrieved from login
[2022-03-14 14:51:59,051] {base_aws.py:90} INFO - Retrieving region_name from Connection.extra_config['region_name']
[2022-03-14 14:51:59,560] {logging_mixin.py:109} INFO - {'ResponseMetadata': {'RequestId': 'MQRNYVJ47QZYYV9B', 'HostId': 's9cbnUalrGqEkaOCSFcBVnTqJEr3wiZvQbTVeMa5b01MzeWVtBtnn0h5v/+SZlCgCQ3D2h1qgkk=', 'HTTPStatusCode': 200, 'HTTPHeaders': {'x-amz-id-2': 's9cbnUalrGqEkaOCSFcBVnTqJEr3wiZvQbTVeMa5b01MzeWVtBtnn0h5v/+SZlCgCQ3D2h1qgkk=', 'x-amz-request-id': 'MQRNYVJ47QZYYV9B', 'date': 'Mon, 14 Mar 2022 19:52:00 GMT', 'last-modified': 'Mon, 14 Mar 2022 19:13:54 GMT', 'etag': '"1ec976b9d1d09bcbb4adb3062dcde33d"', 'accept-ranges': 'bytes', 'content-type': 'binary/octet-stream', 'server': 'AmazonS3', 'content-length': '450'}, 'RetryAttempts': 0}, 'AcceptRanges': 'bytes', 'LastModified': datetime.datetime(2022, 3, 14, 19, 13, 54, tzinfo=tzutc()), 'ContentLength': 450, 'ETag': '"1ec976b9d1d09bcbb4adb3062dcde33d"', 'ContentType': 'binary/octet-stream', 'Metadata': {}, 'Body': <botocore.response.StreamingBody object at 0x7fd584404a90>}
[2022-03-14 14:51:59,564] {base_aws.py:190} INFO - Credentials retrieved from login
[2022-03-14 14:51:59,566] {base_aws.py:90} INFO - Retrieving region_name from Connection.extra_config['region_name']
[2022-03-14 14:52:00,030] {logging_mixin.py:109} INFO - {'ResponseMetadata': {'RequestId': 'HQJZB4YP1F99DNQ8', 'HostId': 'PJoZ/Clgx1ISTVNJVtRjTHjKL30Uxo7rR8+dVC4YC82nzjPut44Uk6JR8wGGxJPb6WhqkTlcE9g=', 'HTTPStatusCode': 200, 'HTTPHeaders': {'x-amz-id-2': 'PJoZ/Clgx1ISTVNJVtRjTHjKL30Uxo7rR8+dVC4YC82nzjPut44Uk6JR8wGGxJPb6WhqkTlcE9g=', 'x-amz-request-id': 'HQJZB4YP1F99DNQ8', 'date': 'Mon, 14 Mar 2022 19:52:01 GMT', 'last-modified': 'Mon, 14 Mar 2022 19:13:53 GMT', 'etag': '"d26cb17191ad3884973dfffd2db5cbb7"', 'accept-ranges': 'bytes', 'content-type': 'binary/octet-stream', 'server': 'AmazonS3', 'content-length': '422'}, 'RetryAttempts': 0}, 'AcceptRanges': 'bytes', 'LastModified': datetime.datetime(2022, 3, 14, 19, 13, 53, tzinfo=tzutc()), 'ContentLength': 422, 'ETag': '"d26cb17191ad3884973dfffd2db5cbb7"', 'ContentType': 'binary/octet-stream', 'Metadata': {}, 'Body': <botocore.response.StreamingBody object at 0x7fd584cddd60>}
[2022-03-14 14:52:00,035] {base_aws.py:190} INFO - Credentials retrieved from login
[2022-03-14 14:52:00,036] {base_aws.py:90} INFO - Retrieving region_name from Connection.extra_config['region_name']
[2022-03-14 14:52:00,493] {logging_mixin.py:109} INFO - {'ResponseMetadata': {'RequestId': 'HQJPGQY6K2ENRAT6', 'HostId': 'j+liZwxkBAsIts1yTQWnz7LgG//qDr6xmUcNE0ZFluj6BTU2JpbqlaCkPgqOJXWtqaqUUnfuCQg=', 'HTTPStatusCode': 200, 'HTTPHeaders': {'x-amz-id-2': 'j+liZwxkBAsIts1yTQWnz7LgG//qDr6xmUcNE0ZFluj6BTU2JpbqlaCkPgqOJXWtqaqUUnfuCQg=', 'x-amz-request-id': 'HQJPGQY6K2ENRAT6', 'date': 'Mon, 14 Mar 2022 19:52:01 GMT', 'last-modified': 'Mon, 14 Mar 2022 19:13:52 GMT', 'etag': '"6354c2ac5ea790b1c552a8769e88a4a4"', 'accept-ranges': 'bytes', 'content-type': 'binary/octet-stream', 'server': 'AmazonS3', 'content-length': '378'}, 'RetryAttempts': 0}, 'AcceptRanges': 'bytes', 'LastModified': datetime.datetime(2022, 3, 14, 19, 13, 52, tzinfo=tzutc()), 'ContentLength': 378, 'ETag': '"6354c2ac5ea790b1c552a8769e88a4a4"', 'ContentType': 'binary/octet-stream', 'Metadata': {}, 'Body': <botocore.response.StreamingBody object at 0x7fd58563f310>}
[2022-03-14 14:52:00,497] {base_aws.py:190} INFO - Credentials retrieved from login
[2022-03-14 14:52:00,498] {base_aws.py:90} INFO - Retrieving region_name from Connection.extra_config['region_name']
[2022-03-14 14:52:01,052] {logging_mixin.py:109} INFO - {'ResponseMetadata': {'RequestId': 'N7RW2FSTE88322DZ', 'HostId': 'ZDt08XhOOUuJ3Je5p7jjtPSGv+7WS0Uy70m7ToDAZu+bUzmG2MgKD86tIotBIJNWJhQ8IB5Virs=', 'HTTPStatusCode': 200, 'HTTPHeaders': {'x-amz-id-2': 'ZDt08XhOOUuJ3Je5p7jjtPSGv+7WS0Uy70m7ToDAZu+bUzmG2MgKD86tIotBIJNWJhQ8IB5Virs=', 'x-amz-request-id': 'N7RW2FSTE88322DZ', 'date': 'Mon, 14 Mar 2022 19:52:02 GMT', 'last-modified': 'Mon, 14 Mar 2022 19:13:54 GMT', 'etag': '"0cf20a06d0d61865079a1f37216f2337"', 'accept-ranges': 'bytes', 'content-type': 'binary/octet-stream', 'server': 'AmazonS3', 'content-length': '362'}, 'RetryAttempts': 0}, 'AcceptRanges': 'bytes', 'LastModified': datetime.datetime(2022, 3, 14, 19, 13, 54, tzinfo=tzutc()), 'ContentLength': 362, 'ETag': '"0cf20a06d0d61865079a1f37216f2337"', 'ContentType': 'binary/octet-stream', 'Metadata': {}, 'Body': <botocore.response.StreamingBody object at 0x7fd583d7e100>}
[2022-03-14 14:52:01,057] {base_aws.py:190} INFO - Credentials retrieved from login
[2022-03-14 14:52:01,058] {base_aws.py:90} INFO - Retrieving region_name from Connection.extra_config['region_name']
[2022-03-14 14:52:01,449] {logging_mixin.py:109} INFO - {'ResponseMetadata': {'RequestId': 'N7RKV45N34GDQJ8V', 'HostId': 'W4/HdBN8jpwm/SBWvbEUIFM9Lg2PhJ9/x0U2IlWe4GfWpbG7IQ0naRXbYbTkR6ZlaKDkEMGW0CQ=', 'HTTPStatusCode': 200, 'HTTPHeaders': {'x-amz-id-2': 'W4/HdBN8jpwm/SBWvbEUIFM9Lg2PhJ9/x0U2IlWe4GfWpbG7IQ0naRXbYbTkR6ZlaKDkEMGW0CQ=', 'x-amz-request-id': 'N7RKV45N34GDQJ8V', 'date': 'Mon, 14 Mar 2022 19:52:02 GMT', 'last-modified': 'Mon, 14 Mar 2022 19:13:55 GMT', 'etag': '"80a3cf15935c9047b2ed739e059c395b"', 'accept-ranges': 'bytes', 'content-type': 'binary/octet-stream', 'server': 'AmazonS3', 'content-length': '377'}, 'RetryAttempts': 0}, 'AcceptRanges': 'bytes', 'LastModified': datetime.datetime(2022, 3, 14, 19, 13, 55, tzinfo=tzutc()), 'ContentLength': 377, 'ETag': '"80a3cf15935c9047b2ed739e059c395b"', 'ContentType': 'binary/octet-stream', 'Metadata': {}, 'Body': <botocore.response.StreamingBody object at 0x7fd58432b700>}
[2022-03-14 14:52:01,453] {base_aws.py:190} INFO - Credentials retrieved from login
[2022-03-14 14:52:01,455] {base_aws.py:90} INFO - Retrieving region_name from Connection.extra_config['region_name']
[2022-03-14 14:52:01,954] {logging_mixin.py:109} INFO - {'ResponseMetadata': {'RequestId': 'HX3N1PGMVRGS5JBS', 'HostId': 'enKmov9ZSjcVUOzFQJlSPRVRpdvOqGDWTF33pEG7ydUj8SH8mKTLDxv2DIyE2hI+OGcxJdMNVOI=', 'HTTPStatusCode': 200, 'HTTPHeaders': {'x-amz-id-2': 'enKmov9ZSjcVUOzFQJlSPRVRpdvOqGDWTF33pEG7ydUj8SH8mKTLDxv2DIyE2hI+OGcxJdMNVOI=', 'x-amz-request-id': 'HX3N1PGMVRGS5JBS', 'date': 'Mon, 14 Mar 2022 19:52:03 GMT', 'last-modified': 'Mon, 14 Mar 2022 19:13:53 GMT', 'etag': '"99e28d4ff337a62e6252eed7f7b21cef"', 'accept-ranges': 'bytes', 'content-type': 'binary/octet-stream', 'server': 'AmazonS3', 'content-length': '356'}, 'RetryAttempts': 0}, 'AcceptRanges': 'bytes', 'LastModified': datetime.datetime(2022, 3, 14, 19, 13, 53, tzinfo=tzutc()), 'ContentLength': 356, 'ETag': '"99e28d4ff337a62e6252eed7f7b21cef"', 'ContentType': 'binary/octet-stream', 'Metadata': {}, 'Body': <botocore.response.StreamingBody object at 0x7fd585436ee0>}
[2022-03-14 14:52:01,959] {base_aws.py:190} INFO - Credentials retrieved from login
[2022-03-14 14:52:01,961] {base_aws.py:90} INFO - Retrieving region_name from Connection.extra_config['region_name']
[2022-03-14 14:52:02,370] {logging_mixin.py:109} INFO - {'ResponseMetadata': {'RequestId': 'HX3ZA9W9SKDGWNX9', 'HostId': 'bG7MfVyA7vvGSWsmM3eiW4G+ReChb0llvRQG8O1KV70OJamzekwCpV/5DmprbjCumISsqSryj34=', 'HTTPStatusCode': 200, 'HTTPHeaders': {'x-amz-id-2': 'bG7MfVyA7vvGSWsmM3eiW4G+ReChb0llvRQG8O1KV70OJamzekwCpV/5DmprbjCumISsqSryj34=', 'x-amz-request-id': 'HX3ZA9W9SKDGWNX9', 'date': 'Mon, 14 Mar 2022 19:52:03 GMT', 'last-modified': 'Mon, 14 Mar 2022 19:13:53 GMT', 'etag': '"23550c3290266f43ecaec06d70e50313"', 'accept-ranges': 'bytes', 'content-type': 'binary/octet-stream', 'server': 'AmazonS3', 'content-length': '361'}, 'RetryAttempts': 0}, 'AcceptRanges': 'bytes', 'LastModified': datetime.datetime(2022, 3, 14, 19, 13, 53, tzinfo=tzutc()), 'ContentLength': 361, 'ETag': '"23550c3290266f43ecaec06d70e50313"', 'ContentType': 'binary/octet-stream', 'Metadata': {}, 'Body': <botocore.response.StreamingBody object at 0x7fd5844ac250>}
[2022-03-14 14:52:02,375] {base_aws.py:190} INFO - Credentials retrieved from login
[2022-03-14 14:52:02,376] {base_aws.py:90} INFO - Retrieving region_name from Connection.extra_config['region_name']
[2022-03-14 14:52:02,773] {logging_mixin.py:109} INFO - {'ResponseMetadata': {'RequestId': 'HX3XCCAJ2WXN1YT3', 'HostId': 'jcy1o0x6NtryDK/eUxc3p2/FEa0gWGfAwGozL0KSQLItyNN+P7DrTujTX3OuQCBzqsye03wUf50=', 'HTTPStatusCode': 200, 'HTTPHeaders': {'x-amz-id-2': 'jcy1o0x6NtryDK/eUxc3p2/FEa0gWGfAwGozL0KSQLItyNN+P7DrTujTX3OuQCBzqsye03wUf50=', 'x-amz-request-id': 'HX3XCCAJ2WXN1YT3', 'date': 'Mon, 14 Mar 2022 19:52:03 GMT', 'last-modified': 'Mon, 14 Mar 2022 19:13:53 GMT', 'etag': '"a6df52fd21c5472092cd0f752aa6a2f1"', 'accept-ranges': 'bytes', 'content-type': 'binary/octet-stream', 'server': 'AmazonS3', 'content-length': '379'}, 'RetryAttempts': 0}, 'AcceptRanges': 'bytes', 'LastModified': datetime.datetime(2022, 3, 14, 19, 13, 53, tzinfo=tzutc()), 'ContentLength': 379, 'ETag': '"a6df52fd21c5472092cd0f752aa6a2f1"', 'ContentType': 'binary/octet-stream', 'Metadata': {}, 'Body': <botocore.response.StreamingBody object at 0x7fd585153250>}
[2022-03-14 14:52:02,777] {base_aws.py:190} INFO - Credentials retrieved from login
[2022-03-14 14:52:02,778] {base_aws.py:90} INFO - Retrieving region_name from Connection.extra_config['region_name']
[2022-03-14 14:52:03,179] {logging_mixin.py:109} INFO - {'ResponseMetadata': {'RequestId': 'ZN9F9XD2MWBQDZGZ', 'HostId': 'yf9xx+ALdoGGASE/Zq73GxygIB6Ijbqa5FPbz5HpKOZe44y6uHl4qQBAoAjDGVPMZd23tDLL41g=', 'HTTPStatusCode': 200, 'HTTPHeaders': {'x-amz-id-2': 'yf9xx+ALdoGGASE/Zq73GxygIB6Ijbqa5FPbz5HpKOZe44y6uHl4qQBAoAjDGVPMZd23tDLL41g=', 'x-amz-request-id': 'ZN9F9XD2MWBQDZGZ', 'date': 'Mon, 14 Mar 2022 19:52:04 GMT', 'last-modified': 'Mon, 14 Mar 2022 19:13:52 GMT', 'etag': '"b2164cbef2714cc2f3c851294cb89b7e"', 'accept-ranges': 'bytes', 'content-type': 'binary/octet-stream', 'server': 'AmazonS3', 'content-length': '355'}, 'RetryAttempts': 0}, 'AcceptRanges': 'bytes', 'LastModified': datetime.datetime(2022, 3, 14, 19, 13, 52, tzinfo=tzutc()), 'ContentLength': 355, 'ETag': '"b2164cbef2714cc2f3c851294cb89b7e"', 'ContentType': 'binary/octet-stream', 'Metadata': {}, 'Body': <botocore.response.StreamingBody object at 0x7fd5864842e0>}
[2022-03-14 14:52:03,184] {base_aws.py:190} INFO - Credentials retrieved from login
[2022-03-14 14:52:03,185] {base_aws.py:90} INFO - Retrieving region_name from Connection.extra_config['region_name']
[2022-03-14 14:52:03,693] {logging_mixin.py:109} INFO - {'ResponseMetadata': {'RequestId': 'ZN92J1VGXB30TTT2', 'HostId': 'pkZKx4Cj2RSg9PTormRXDuDkuH5LQZjX2YlgH6mnkWxmaS/aLGrnhu2xULp2ShIm31RAQm/CYyc=', 'HTTPStatusCode': 200, 'HTTPHeaders': {'x-amz-id-2': 'pkZKx4Cj2RSg9PTormRXDuDkuH5LQZjX2YlgH6mnkWxmaS/aLGrnhu2xULp2ShIm31RAQm/CYyc=', 'x-amz-request-id': 'ZN92J1VGXB30TTT2', 'date': 'Mon, 14 Mar 2022 19:52:04 GMT', 'last-modified': 'Mon, 14 Mar 2022 19:13:55 GMT', 'etag': '"88617bc3bc569dcb54ebc9da8155d3c3"', 'accept-ranges': 'bytes', 'content-type': 'binary/octet-stream', 'server': 'AmazonS3', 'content-length': '415'}, 'RetryAttempts': 0}, 'AcceptRanges': 'bytes', 'LastModified': datetime.datetime(2022, 3, 14, 19, 13, 55, tzinfo=tzutc()), 'ContentLength': 415, 'ETag': '"88617bc3bc569dcb54ebc9da8155d3c3"', 'ContentType': 'binary/octet-stream', 'Metadata': {}, 'Body': <botocore.response.StreamingBody object at 0x7fd58430dac0>}
[2022-03-14 14:52:03,698] {base_aws.py:190} INFO - Credentials retrieved from login
[2022-03-14 14:52:03,700] {base_aws.py:90} INFO - Retrieving region_name from Connection.extra_config['region_name']
[2022-03-14 14:52:04,080] {logging_mixin.py:109} INFO - {'ResponseMetadata': {'RequestId': 'BG2EXCZ8SJJBSP60', 'HostId': 'H+fa/P0QCgQ3FZlpYYObwhlsLNM30MBUGo6i8Nap9yv7YQuhg/qaxYidHfkTw/EnmEMD6D+0Oec=', 'HTTPStatusCode': 200, 'HTTPHeaders': {'x-amz-id-2': 'H+fa/P0QCgQ3FZlpYYObwhlsLNM30MBUGo6i8Nap9yv7YQuhg/qaxYidHfkTw/EnmEMD6D+0Oec=', 'x-amz-request-id': 'BG2EXCZ8SJJBSP60', 'date': 'Mon, 14 Mar 2022 19:52:05 GMT', 'last-modified': 'Mon, 14 Mar 2022 19:13:53 GMT', 'etag': '"f52cd37665ad190e306357df6aa99b2c"', 'accept-ranges': 'bytes', 'content-type': 'binary/octet-stream', 'server': 'AmazonS3', 'content-length': '384'}, 'RetryAttempts': 0}, 'AcceptRanges': 'bytes', 'LastModified': datetime.datetime(2022, 3, 14, 19, 13, 53, tzinfo=tzutc()), 'ContentLength': 384, 'ETag': '"f52cd37665ad190e306357df6aa99b2c"', 'ContentType': 'binary/octet-stream', 'Metadata': {}, 'Body': <botocore.response.StreamingBody object at 0x7fd58449e250>}
[2022-03-14 14:52:04,084] {base_aws.py:190} INFO - Credentials retrieved from login
[2022-03-14 14:52:04,086] {base_aws.py:90} INFO - Retrieving region_name from Connection.extra_config['region_name']
[2022-03-14 14:52:04,476] {logging_mixin.py:109} INFO - {'ResponseMetadata': {'RequestId': 'BG2ADDS04WTV5Z7T', 'HostId': 'UrMPfoJk7ykzYwgx9qi2Gp1gcauc0jQi8uhHvcYq7YsVDcSKw9E7D8E7VGbcOF0SvAAKq+LvGq8=', 'HTTPStatusCode': 200, 'HTTPHeaders': {'x-amz-id-2': 'UrMPfoJk7ykzYwgx9qi2Gp1gcauc0jQi8uhHvcYq7YsVDcSKw9E7D8E7VGbcOF0SvAAKq+LvGq8=', 'x-amz-request-id': 'BG2ADDS04WTV5Z7T', 'date': 'Mon, 14 Mar 2022 19:52:05 GMT', 'last-modified': 'Mon, 14 Mar 2022 19:13:54 GMT', 'etag': '"1951bd3a8e62b360b8901ba3d35a68c1"', 'accept-ranges': 'bytes', 'content-type': 'binary/octet-stream', 'server': 'AmazonS3', 'content-length': '333'}, 'RetryAttempts': 0}, 'AcceptRanges': 'bytes', 'LastModified': datetime.datetime(2022, 3, 14, 19, 13, 54, tzinfo=tzutc()), 'ContentLength': 333, 'ETag': '"1951bd3a8e62b360b8901ba3d35a68c1"', 'ContentType': 'binary/octet-stream', 'Metadata': {}, 'Body': <botocore.response.StreamingBody object at 0x7fd58638c8e0>}
[2022-03-14 14:52:04,480] {base_aws.py:190} INFO - Credentials retrieved from login
[2022-03-14 14:52:04,481] {base_aws.py:90} INFO - Retrieving region_name from Connection.extra_config['region_name']
[2022-03-14 14:52:04,880] {logging_mixin.py:109} INFO - {'ResponseMetadata': {'RequestId': 'BG22010F7V8KG6Q0', 'HostId': 'QurdDD5CMeDZ31yBLD7eTlNqVcUbZpq32fKj2w9C/ven5JTO8Jvydkxfqqofc+xWzb1BirVyhuE=', 'HTTPStatusCode': 200, 'HTTPHeaders': {'x-amz-id-2': 'QurdDD5CMeDZ31yBLD7eTlNqVcUbZpq32fKj2w9C/ven5JTO8Jvydkxfqqofc+xWzb1BirVyhuE=', 'x-amz-request-id': 'BG22010F7V8KG6Q0', 'date': 'Mon, 14 Mar 2022 19:52:05 GMT', 'last-modified': 'Mon, 14 Mar 2022 19:13:54 GMT', 'etag': '"c9a124d858fc6777de764ba7fb26e79f"', 'accept-ranges': 'bytes', 'content-type': 'binary/octet-stream', 'server': 'AmazonS3', 'content-length': '424'}, 'RetryAttempts': 0}, 'AcceptRanges': 'bytes', 'LastModified': datetime.datetime(2022, 3, 14, 19, 13, 54, tzinfo=tzutc()), 'ContentLength': 424, 'ETag': '"c9a124d858fc6777de764ba7fb26e79f"', 'ContentType': 'binary/octet-stream', 'Metadata': {}, 'Body': <botocore.response.StreamingBody object at 0x7fd581bfa2b0>}
[2022-03-14 14:52:04,888] {python.py:175} INFO - Done. Returned value was: None
[2022-03-14 14:52:04,896] {taskinstance.py:1272} INFO - Marking task as SUCCESS. dag_id=simple_dag, task_id=get_recipes, execution_date=20220314T144800, start_date=20220314T195154, end_date=20220314T195204
[2022-03-14 14:52:04,963] {local_task_job.py:154} INFO - Task exited with return code 0
[2022-03-14 14:52:04,981] {local_task_job.py:264} INFO - 0 downstream tasks scheduled from follow-on schedule check
