[2022-03-14 15:21:14,267] {taskinstance.py:1037} INFO - Dependencies all met for <TaskInstance: simple_dag.get_recipes scheduled__2022-03-14T15:24:00+00:00 [queued]>
[2022-03-14 15:21:14,278] {taskinstance.py:1037} INFO - Dependencies all met for <TaskInstance: simple_dag.get_recipes scheduled__2022-03-14T15:24:00+00:00 [queued]>
[2022-03-14 15:21:14,278] {taskinstance.py:1243} INFO - 
--------------------------------------------------------------------------------
[2022-03-14 15:21:14,278] {taskinstance.py:1244} INFO - Starting attempt 1 of 1
[2022-03-14 15:21:14,278] {taskinstance.py:1245} INFO - 
--------------------------------------------------------------------------------
[2022-03-14 15:21:14,288] {taskinstance.py:1264} INFO - Executing <Task(PythonOperator): get_recipes> on 2022-03-14 15:24:00+00:00
[2022-03-14 15:21:14,291] {standard_task_runner.py:52} INFO - Started process 89482 to run task
[2022-03-14 15:21:14,297] {standard_task_runner.py:76} INFO - Running: ['airflow', 'tasks', 'run', 'simple_dag', 'get_recipes', 'scheduled__2022-03-14T15:24:00+00:00', '--job-id', '240', '--raw', '--subdir', 'DAGS_FOLDER/simple_dag.py', '--cfg-path', '/var/folders/tl/ljh9dpdd2fnbgmc62qc2b49h0000gn/T/tmp2ivivlbj', '--error-file', '/var/folders/tl/ljh9dpdd2fnbgmc62qc2b49h0000gn/T/tmpcml0qeuc']
[2022-03-14 15:21:14,300] {standard_task_runner.py:77} INFO - Job 240: Subtask get_recipes
[2022-03-14 15:21:14,362] {logging_mixin.py:109} INFO - Running <TaskInstance: simple_dag.get_recipes scheduled__2022-03-14T15:24:00+00:00 [running]> on host 1.0.0.0.0.0.0.0.0.0.0.0.0.0.0.0.0.0.0.0.0.0.0.0.0.0.0.0.0.0.0.0.ip6.arpa
[2022-03-14 15:21:14,413] {taskinstance.py:1429} INFO - Exporting the following env vars:
AIRFLOW_CTX_DAG_OWNER=airflow
AIRFLOW_CTX_DAG_ID=simple_dag
AIRFLOW_CTX_TASK_ID=get_recipes
AIRFLOW_CTX_EXECUTION_DATE=2022-03-14T15:24:00+00:00
AIRFLOW_CTX_DAG_RUN_ID=scheduled__2022-03-14T15:24:00+00:00
[2022-03-14 15:21:14,422] {base_aws.py:190} INFO - Credentials retrieved from login
[2022-03-14 15:21:14,424] {base_aws.py:90} INFO - Retrieving region_name from Connection.extra_config['region_name']
[2022-03-14 15:21:14,809] {base_aws.py:190} INFO - Credentials retrieved from login
[2022-03-14 15:21:14,810] {base_aws.py:90} INFO - Retrieving region_name from Connection.extra_config['region_name']
[2022-03-14 15:21:15,281] {logging_mixin.py:109} INFO - {'apiKey': '6980d1ba951a438982534beaedb41e6f', 'addRecipeInformation': True}
[2022-03-14 15:21:15,286] {base_aws.py:190} INFO - Credentials retrieved from login
[2022-03-14 15:21:15,287] {base_aws.py:90} INFO - Retrieving region_name from Connection.extra_config['region_name']
[2022-03-14 15:21:15,663] {logging_mixin.py:109} INFO - {'apiKey': '6980d1ba951a438982534beaedb41e6f', 'addRecipeInformation': True}
[2022-03-14 15:21:15,668] {base_aws.py:190} INFO - Credentials retrieved from login
[2022-03-14 15:21:15,669] {base_aws.py:90} INFO - Retrieving region_name from Connection.extra_config['region_name']
[2022-03-14 15:21:16,072] {logging_mixin.py:109} INFO - {'apiKey': '6980d1ba951a438982534beaedb41e6f', 'addRecipeInformation': True}
[2022-03-14 15:21:16,077] {base_aws.py:190} INFO - Credentials retrieved from login
[2022-03-14 15:21:16,078] {base_aws.py:90} INFO - Retrieving region_name from Connection.extra_config['region_name']
[2022-03-14 15:21:16,451] {logging_mixin.py:109} INFO - {'apiKey': '6980d1ba951a438982534beaedb41e6f', 'addRecipeInformation': True}
[2022-03-14 15:21:16,456] {base_aws.py:190} INFO - Credentials retrieved from login
[2022-03-14 15:21:16,457] {base_aws.py:90} INFO - Retrieving region_name from Connection.extra_config['region_name']
[2022-03-14 15:21:16,833] {logging_mixin.py:109} INFO - {'apiKey': '6980d1ba951a438982534beaedb41e6f', 'addRecipeInformation': True}
[2022-03-14 15:21:16,837] {base_aws.py:190} INFO - Credentials retrieved from login
[2022-03-14 15:21:16,838] {base_aws.py:90} INFO - Retrieving region_name from Connection.extra_config['region_name']
[2022-03-14 15:21:17,333] {logging_mixin.py:109} INFO - {'apiKey': '6980d1ba951a438982534beaedb41e6f', 'addRecipeInformation': True}
[2022-03-14 15:21:17,338] {base_aws.py:190} INFO - Credentials retrieved from login
[2022-03-14 15:21:17,339] {base_aws.py:90} INFO - Retrieving region_name from Connection.extra_config['region_name']
[2022-03-14 15:21:17,695] {logging_mixin.py:109} INFO - {'apiKey': '6980d1ba951a438982534beaedb41e6f', 'addRecipeInformation': True}
[2022-03-14 15:21:17,700] {base_aws.py:190} INFO - Credentials retrieved from login
[2022-03-14 15:21:17,701] {base_aws.py:90} INFO - Retrieving region_name from Connection.extra_config['region_name']
[2022-03-14 15:21:18,072] {logging_mixin.py:109} INFO - {'apiKey': '6980d1ba951a438982534beaedb41e6f', 'addRecipeInformation': True}
[2022-03-14 15:21:18,077] {base_aws.py:190} INFO - Credentials retrieved from login
[2022-03-14 15:21:18,078] {base_aws.py:90} INFO - Retrieving region_name from Connection.extra_config['region_name']
[2022-03-14 15:21:18,433] {logging_mixin.py:109} INFO - {'apiKey': '6980d1ba951a438982534beaedb41e6f', 'addRecipeInformation': True}
[2022-03-14 15:21:18,437] {base_aws.py:190} INFO - Credentials retrieved from login
[2022-03-14 15:21:18,439] {base_aws.py:90} INFO - Retrieving region_name from Connection.extra_config['region_name']
[2022-03-14 15:21:18,811] {logging_mixin.py:109} INFO - {'apiKey': '6980d1ba951a438982534beaedb41e6f', 'addRecipeInformation': True}
[2022-03-14 15:21:18,816] {base_aws.py:190} INFO - Credentials retrieved from login
[2022-03-14 15:21:18,818] {base_aws.py:90} INFO - Retrieving region_name from Connection.extra_config['region_name']
[2022-03-14 15:21:19,317] {logging_mixin.py:109} INFO - {'apiKey': '6980d1ba951a438982534beaedb41e6f', 'addRecipeInformation': True}
[2022-03-14 15:21:19,322] {base_aws.py:190} INFO - Credentials retrieved from login
[2022-03-14 15:21:19,323] {base_aws.py:90} INFO - Retrieving region_name from Connection.extra_config['region_name']
[2022-03-14 15:21:19,680] {logging_mixin.py:109} INFO - {'apiKey': '6980d1ba951a438982534beaedb41e6f', 'addRecipeInformation': True}
[2022-03-14 15:21:19,685] {base_aws.py:190} INFO - Credentials retrieved from login
[2022-03-14 15:21:19,686] {base_aws.py:90} INFO - Retrieving region_name from Connection.extra_config['region_name']
[2022-03-14 15:21:20,060] {logging_mixin.py:109} INFO - {'apiKey': '6980d1ba951a438982534beaedb41e6f', 'addRecipeInformation': True}
[2022-03-14 15:21:20,065] {base_aws.py:190} INFO - Credentials retrieved from login
[2022-03-14 15:21:20,066] {base_aws.py:90} INFO - Retrieving region_name from Connection.extra_config['region_name']
[2022-03-14 15:21:20,433] {logging_mixin.py:109} INFO - {'apiKey': '6980d1ba951a438982534beaedb41e6f', 'addRecipeInformation': True}
[2022-03-14 15:21:20,437] {base_aws.py:190} INFO - Credentials retrieved from login
[2022-03-14 15:21:20,438] {base_aws.py:90} INFO - Retrieving region_name from Connection.extra_config['region_name']
[2022-03-14 15:21:20,821] {logging_mixin.py:109} INFO - {'apiKey': '6980d1ba951a438982534beaedb41e6f', 'addRecipeInformation': True}
[2022-03-14 15:21:20,825] {base_aws.py:190} INFO - Credentials retrieved from login
[2022-03-14 15:21:20,826] {base_aws.py:90} INFO - Retrieving region_name from Connection.extra_config['region_name']
[2022-03-14 15:21:21,231] {logging_mixin.py:109} INFO - {'apiKey': '6980d1ba951a438982534beaedb41e6f', 'addRecipeInformation': True}
[2022-03-14 15:21:21,236] {base_aws.py:190} INFO - Credentials retrieved from login
[2022-03-14 15:21:21,237] {base_aws.py:90} INFO - Retrieving region_name from Connection.extra_config['region_name']
[2022-03-14 15:21:21,738] {logging_mixin.py:109} INFO - {'apiKey': '6980d1ba951a438982534beaedb41e6f', 'addRecipeInformation': True}
[2022-03-14 15:21:21,743] {base_aws.py:190} INFO - Credentials retrieved from login
[2022-03-14 15:21:21,744] {base_aws.py:90} INFO - Retrieving region_name from Connection.extra_config['region_name']
[2022-03-14 15:21:22,103] {logging_mixin.py:109} INFO - {'apiKey': '6980d1ba951a438982534beaedb41e6f', 'addRecipeInformation': True}
[2022-03-14 15:21:22,108] {base_aws.py:190} INFO - Credentials retrieved from login
[2022-03-14 15:21:22,109] {base_aws.py:90} INFO - Retrieving region_name from Connection.extra_config['region_name']
[2022-03-14 15:21:22,495] {logging_mixin.py:109} INFO - {'apiKey': '6980d1ba951a438982534beaedb41e6f', 'addRecipeInformation': True}
[2022-03-14 15:21:22,499] {base_aws.py:190} INFO - Credentials retrieved from login
[2022-03-14 15:21:22,500] {base_aws.py:90} INFO - Retrieving region_name from Connection.extra_config['region_name']
[2022-03-14 15:21:22,856] {logging_mixin.py:109} INFO - {'apiKey': '6980d1ba951a438982534beaedb41e6f', 'addRecipeInformation': True}
[2022-03-14 15:21:22,860] {python.py:175} INFO - Done. Returned value was: None
[2022-03-14 15:21:22,869] {taskinstance.py:1272} INFO - Marking task as SUCCESS. dag_id=simple_dag, task_id=get_recipes, execution_date=20220314T152400, start_date=20220314T202114, end_date=20220314T202122
[2022-03-14 15:21:22,915] {local_task_job.py:154} INFO - Task exited with return code 0
[2022-03-14 15:21:22,932] {local_task_job.py:264} INFO - 0 downstream tasks scheduled from follow-on schedule check
