[2022-03-15 20:43:46,586] {taskinstance.py:1037} INFO - Dependencies all met for <TaskInstance: simple_dag.upload_to_bucket scheduled__2022-03-15T20:42:24.311825+00:00 [queued]>
[2022-03-15 20:43:46,593] {taskinstance.py:1037} INFO - Dependencies all met for <TaskInstance: simple_dag.upload_to_bucket scheduled__2022-03-15T20:42:24.311825+00:00 [queued]>
[2022-03-15 20:43:46,593] {taskinstance.py:1243} INFO - 
--------------------------------------------------------------------------------
[2022-03-15 20:43:46,593] {taskinstance.py:1244} INFO - Starting attempt 1 of 1
[2022-03-15 20:43:46,593] {taskinstance.py:1245} INFO - 
--------------------------------------------------------------------------------
[2022-03-15 20:43:46,603] {taskinstance.py:1264} INFO - Executing <Task(PythonOperator): upload_to_bucket> on 2022-03-15 20:42:24.311825+00:00
[2022-03-15 20:43:46,607] {standard_task_runner.py:52} INFO - Started process 38108 to run task
[2022-03-15 20:43:46,613] {standard_task_runner.py:76} INFO - Running: ['airflow', 'tasks', 'run', 'simple_dag', 'upload_to_bucket', 'scheduled__2022-03-15T20:42:24.311825+00:00', '--job-id', '393', '--raw', '--subdir', 'DAGS_FOLDER/simple_dag.py', '--cfg-path', '/var/folders/tl/ljh9dpdd2fnbgmc62qc2b49h0000gn/T/tmpo35aftls', '--error-file', '/var/folders/tl/ljh9dpdd2fnbgmc62qc2b49h0000gn/T/tmpl5ihy63p']
[2022-03-15 20:43:46,616] {standard_task_runner.py:77} INFO - Job 393: Subtask upload_to_bucket
[2022-03-15 20:43:46,668] {logging_mixin.py:109} INFO - Running <TaskInstance: simple_dag.upload_to_bucket scheduled__2022-03-15T20:42:24.311825+00:00 [running]> on host 1.0.0.0.0.0.0.0.0.0.0.0.0.0.0.0.0.0.0.0.0.0.0.0.0.0.0.0.0.0.0.0.ip6.arpa
[2022-03-15 20:43:46,714] {taskinstance.py:1429} INFO - Exporting the following env vars:
AIRFLOW_CTX_DAG_OWNER=airflow
AIRFLOW_CTX_DAG_ID=simple_dag
AIRFLOW_CTX_TASK_ID=upload_to_bucket
AIRFLOW_CTX_EXECUTION_DATE=2022-03-15T20:42:24.311825+00:00
AIRFLOW_CTX_DAG_RUN_ID=scheduled__2022-03-15T20:42:24.311825+00:00
[2022-03-15 20:43:46,733] {base_aws.py:190} INFO - Credentials retrieved from login
[2022-03-15 20:43:46,734] {base_aws.py:90} INFO - Retrieving region_name from Connection.extra_config['region_name']
[2022-03-15 20:43:50,459] {python.py:175} INFO - Done. Returned value was: None
[2022-03-15 20:43:50,471] {taskinstance.py:1272} INFO - Marking task as SUCCESS. dag_id=simple_dag, task_id=upload_to_bucket, execution_date=20220315T204224, start_date=20220316T014346, end_date=20220316T014350
[2022-03-15 20:43:50,505] {local_task_job.py:154} INFO - Task exited with return code 0
[2022-03-15 20:43:50,543] {local_task_job.py:264} INFO - 1 downstream tasks scheduled from follow-on schedule check
