[2022-03-15 21:33:27,176] {taskinstance.py:1037} INFO - Dependencies all met for <TaskInstance: simple_dag.get_recipes scheduled__2022-03-15T21:30:55.431109+00:00 [queued]>
[2022-03-15 21:33:27,187] {taskinstance.py:1037} INFO - Dependencies all met for <TaskInstance: simple_dag.get_recipes scheduled__2022-03-15T21:30:55.431109+00:00 [queued]>
[2022-03-15 21:33:27,187] {taskinstance.py:1243} INFO - 
--------------------------------------------------------------------------------
[2022-03-15 21:33:27,187] {taskinstance.py:1244} INFO - Starting attempt 1 of 1
[2022-03-15 21:33:27,187] {taskinstance.py:1245} INFO - 
--------------------------------------------------------------------------------
[2022-03-15 21:33:27,199] {taskinstance.py:1264} INFO - Executing <Task(PythonOperator): get_recipes> on 2022-03-15 21:30:55.431109+00:00
[2022-03-15 21:33:27,204] {standard_task_runner.py:52} INFO - Started process 39412 to run task
[2022-03-15 21:33:27,210] {standard_task_runner.py:76} INFO - Running: ['airflow', 'tasks', 'run', 'simple_dag', 'get_recipes', 'scheduled__2022-03-15T21:30:55.431109+00:00', '--job-id', '422', '--raw', '--subdir', 'DAGS_FOLDER/simple_dag.py', '--cfg-path', '/var/folders/tl/ljh9dpdd2fnbgmc62qc2b49h0000gn/T/tmpigllfj0b', '--error-file', '/var/folders/tl/ljh9dpdd2fnbgmc62qc2b49h0000gn/T/tmpttevsjty']
[2022-03-15 21:33:27,215] {standard_task_runner.py:77} INFO - Job 422: Subtask get_recipes
[2022-03-15 21:33:27,273] {logging_mixin.py:109} INFO - Running <TaskInstance: simple_dag.get_recipes scheduled__2022-03-15T21:30:55.431109+00:00 [running]> on host 1.0.0.0.0.0.0.0.0.0.0.0.0.0.0.0.0.0.0.0.0.0.0.0.0.0.0.0.0.0.0.0.ip6.arpa
[2022-03-15 21:33:27,320] {taskinstance.py:1429} INFO - Exporting the following env vars:
AIRFLOW_CTX_DAG_OWNER=airflow
AIRFLOW_CTX_DAG_ID=simple_dag
AIRFLOW_CTX_TASK_ID=get_recipes
AIRFLOW_CTX_EXECUTION_DATE=2022-03-15T21:30:55.431109+00:00
AIRFLOW_CTX_DAG_RUN_ID=scheduled__2022-03-15T21:30:55.431109+00:00
[2022-03-15 21:33:27,338] {base_aws.py:190} INFO - Credentials retrieved from login
[2022-03-15 21:33:27,339] {base_aws.py:90} INFO - Retrieving region_name from Connection.extra_config['region_name']
[2022-03-15 21:33:27,765] {base_aws.py:190} INFO - Credentials retrieved from login
[2022-03-15 21:33:27,766] {base_aws.py:90} INFO - Retrieving region_name from Connection.extra_config['region_name']
[2022-03-15 21:33:28,870] {base_aws.py:190} INFO - Credentials retrieved from login
[2022-03-15 21:33:29,364] {base_aws.py:90} INFO - Retrieving region_name from Connection.extra_config['region_name']
[2022-03-15 21:33:30,270] {base_aws.py:190} INFO - Credentials retrieved from login
[2022-03-15 21:33:30,271] {base_aws.py:90} INFO - Retrieving region_name from Connection.extra_config['region_name']
[2022-03-15 21:33:31,110] {base_aws.py:190} INFO - Credentials retrieved from login
[2022-03-15 21:33:31,112] {base_aws.py:90} INFO - Retrieving region_name from Connection.extra_config['region_name']
[2022-03-15 21:33:31,936] {base_aws.py:190} INFO - Credentials retrieved from login
[2022-03-15 21:33:31,937] {base_aws.py:90} INFO - Retrieving region_name from Connection.extra_config['region_name']
[2022-03-15 21:33:32,680] {base_aws.py:190} INFO - Credentials retrieved from login
[2022-03-15 21:33:32,681] {base_aws.py:90} INFO - Retrieving region_name from Connection.extra_config['region_name']
[2022-03-15 21:33:33,585] {base_aws.py:190} INFO - Credentials retrieved from login
[2022-03-15 21:33:33,586] {base_aws.py:90} INFO - Retrieving region_name from Connection.extra_config['region_name']
[2022-03-15 21:33:34,641] {base_aws.py:190} INFO - Credentials retrieved from login
[2022-03-15 21:33:34,642] {base_aws.py:90} INFO - Retrieving region_name from Connection.extra_config['region_name']
[2022-03-15 21:33:35,629] {base_aws.py:190} INFO - Credentials retrieved from login
[2022-03-15 21:33:35,631] {base_aws.py:90} INFO - Retrieving region_name from Connection.extra_config['region_name']
[2022-03-15 21:33:36,405] {base_aws.py:190} INFO - Credentials retrieved from login
[2022-03-15 21:33:36,406] {base_aws.py:90} INFO - Retrieving region_name from Connection.extra_config['region_name']
[2022-03-15 21:33:37,429] {base_aws.py:190} INFO - Credentials retrieved from login
[2022-03-15 21:33:37,430] {base_aws.py:90} INFO - Retrieving region_name from Connection.extra_config['region_name']
[2022-03-15 21:33:38,392] {base_aws.py:190} INFO - Credentials retrieved from login
[2022-03-15 21:33:38,400] {base_aws.py:90} INFO - Retrieving region_name from Connection.extra_config['region_name']
[2022-03-15 21:33:39,590] {base_aws.py:190} INFO - Credentials retrieved from login
[2022-03-15 21:33:39,633] {base_aws.py:90} INFO - Retrieving region_name from Connection.extra_config['region_name']
[2022-03-15 21:33:40,483] {base_aws.py:190} INFO - Credentials retrieved from login
[2022-03-15 21:33:40,484] {base_aws.py:90} INFO - Retrieving region_name from Connection.extra_config['region_name']
[2022-03-15 21:33:41,588] {base_aws.py:190} INFO - Credentials retrieved from login
[2022-03-15 21:33:41,589] {base_aws.py:90} INFO - Retrieving region_name from Connection.extra_config['region_name']
[2022-03-15 21:33:42,404] {base_aws.py:190} INFO - Credentials retrieved from login
[2022-03-15 21:33:42,405] {base_aws.py:90} INFO - Retrieving region_name from Connection.extra_config['region_name']
[2022-03-15 21:33:43,359] {base_aws.py:190} INFO - Credentials retrieved from login
[2022-03-15 21:33:43,360] {base_aws.py:90} INFO - Retrieving region_name from Connection.extra_config['region_name']
[2022-03-15 21:33:44,645] {base_aws.py:190} INFO - Credentials retrieved from login
[2022-03-15 21:33:44,647] {base_aws.py:90} INFO - Retrieving region_name from Connection.extra_config['region_name']
[2022-03-15 21:33:45,473] {base_aws.py:190} INFO - Credentials retrieved from login
[2022-03-15 21:33:45,474] {base_aws.py:90} INFO - Retrieving region_name from Connection.extra_config['region_name']
[2022-03-15 21:33:46,442] {base_aws.py:190} INFO - Credentials retrieved from login
[2022-03-15 21:33:46,444] {base_aws.py:90} INFO - Retrieving region_name from Connection.extra_config['region_name']
[2022-03-15 21:33:48,747] {s3.py:729} INFO - Deleted: ['raw/user-2022-03-15 21:30:47.680140.json', 'raw/user-2022-03-15 21:31:12.846008.json', 'raw/user-2022-03-15 21:30:58.185971.json', 'raw/user-2022-03-15 21:30:45.575140.json', 'raw/user-2022-03-15 21:28:06.268782.json', 'raw/user-2022-03-15 21:30:41.368352.json', 'raw/user-2022-03-15 21:30:51.903539.json', 'raw/user-2022-03-15 21:31:17.035658.json', 'raw/user-2022-03-15 21:26:58.215133.json', 'raw/user-2022-03-15 21:31:21.252474.json', 'raw/user-2022-03-15 21:30:49.810573.json', 'raw/user-2022-03-15 21:30:56.092969.json', 'raw/user-2022-03-15 21:31:14.939271.json', 'raw/user-2022-03-15 21:26:49.841316.json', 'raw/user-2022-03-15 21:31:02.371382.json', 'raw/user-2022-03-15 21:27:51.564650.json', 'raw/user-2022-03-15 21:31:10.743977.json', 'raw/user-2022-03-15 21:27:04.489891.json', 'raw/user-2022-03-15 21:27:00.305251.json', 'raw/user-2022-03-15 21:31:04.468913.json']
[2022-03-15 21:33:48,755] {python.py:175} INFO - Done. Returned value was: None
[2022-03-15 21:33:48,769] {taskinstance.py:1272} INFO - Marking task as SUCCESS. dag_id=simple_dag, task_id=get_recipes, execution_date=20220315T213055, start_date=20220316T023327, end_date=20220316T023348
[2022-03-15 21:33:48,843] {local_task_job.py:154} INFO - Task exited with return code 0
[2022-03-15 21:33:48,924] {local_task_job.py:264} INFO - 1 downstream tasks scheduled from follow-on schedule check
