[2022-03-14 09:08:04,501] {processor.py:163} INFO - Started process (PID=73932) to work on /opt/anaconda3/lib/python3.9/site-packages/airflow/example_dags/example_python_operator.py
[2022-03-14 09:08:04,501] {processor.py:642} INFO - Processing file /opt/anaconda3/lib/python3.9/site-packages/airflow/example_dags/example_python_operator.py for tasks to queue
[2022-03-14 09:08:04,502] {logging_mixin.py:109} INFO - [2022-03-14 09:08:04,502] {dagbag.py:500} INFO - Filling up the DagBag from /opt/anaconda3/lib/python3.9/site-packages/airflow/example_dags/example_python_operator.py
[2022-03-14 09:08:04,565] {processor.py:654} INFO - DAG(s) dict_keys(['example_python_operator']) retrieved from /opt/anaconda3/lib/python3.9/site-packages/airflow/example_dags/example_python_operator.py
[2022-03-14 09:08:04,586] {logging_mixin.py:109} INFO - [2022-03-14 09:08:04,586] {dag.py:2398} INFO - Sync 1 DAGs
[2022-03-14 09:08:04,596] {logging_mixin.py:109} INFO - [2022-03-14 09:08:04,596] {dag.py:2937} INFO - Setting next_dagrun for example_python_operator to None
[2022-03-14 09:08:04,605] {processor.py:171} INFO - Processing /opt/anaconda3/lib/python3.9/site-packages/airflow/example_dags/example_python_operator.py took 0.105 seconds
[2022-03-14 09:37:18,931] {processor.py:163} INFO - Started process (PID=74806) to work on /opt/anaconda3/lib/python3.9/site-packages/airflow/example_dags/example_python_operator.py
[2022-03-14 09:37:18,937] {processor.py:642} INFO - Processing file /opt/anaconda3/lib/python3.9/site-packages/airflow/example_dags/example_python_operator.py for tasks to queue
[2022-03-14 09:37:18,938] {logging_mixin.py:109} INFO - [2022-03-14 09:37:18,938] {dagbag.py:500} INFO - Filling up the DagBag from /opt/anaconda3/lib/python3.9/site-packages/airflow/example_dags/example_python_operator.py
[2022-03-14 09:37:19,004] {processor.py:654} INFO - DAG(s) dict_keys(['example_python_operator']) retrieved from /opt/anaconda3/lib/python3.9/site-packages/airflow/example_dags/example_python_operator.py
[2022-03-14 09:37:19,024] {logging_mixin.py:109} INFO - [2022-03-14 09:37:19,024] {dag.py:2398} INFO - Sync 1 DAGs
[2022-03-14 09:37:19,035] {logging_mixin.py:109} INFO - [2022-03-14 09:37:19,035] {dag.py:2937} INFO - Setting next_dagrun for example_python_operator to None
[2022-03-14 09:37:19,050] {processor.py:171} INFO - Processing /opt/anaconda3/lib/python3.9/site-packages/airflow/example_dags/example_python_operator.py took 0.120 seconds
[2022-03-14 09:39:07,364] {processor.py:163} INFO - Started process (PID=74961) to work on /opt/anaconda3/lib/python3.9/site-packages/airflow/example_dags/example_python_operator.py
[2022-03-14 09:39:07,365] {processor.py:642} INFO - Processing file /opt/anaconda3/lib/python3.9/site-packages/airflow/example_dags/example_python_operator.py for tasks to queue
[2022-03-14 09:39:07,366] {logging_mixin.py:109} INFO - [2022-03-14 09:39:07,366] {dagbag.py:500} INFO - Filling up the DagBag from /opt/anaconda3/lib/python3.9/site-packages/airflow/example_dags/example_python_operator.py
[2022-03-14 09:39:07,438] {processor.py:654} INFO - DAG(s) dict_keys(['example_python_operator']) retrieved from /opt/anaconda3/lib/python3.9/site-packages/airflow/example_dags/example_python_operator.py
[2022-03-14 09:39:07,461] {logging_mixin.py:109} INFO - [2022-03-14 09:39:07,461] {dag.py:2398} INFO - Sync 1 DAGs
[2022-03-14 09:39:07,473] {logging_mixin.py:109} INFO - [2022-03-14 09:39:07,473] {dag.py:2937} INFO - Setting next_dagrun for example_python_operator to None
[2022-03-14 09:39:07,490] {processor.py:171} INFO - Processing /opt/anaconda3/lib/python3.9/site-packages/airflow/example_dags/example_python_operator.py took 0.127 seconds
[2022-03-14 09:41:41,139] {processor.py:163} INFO - Started process (PID=75145) to work on /opt/anaconda3/lib/python3.9/site-packages/airflow/example_dags/example_python_operator.py
[2022-03-14 09:41:41,140] {processor.py:642} INFO - Processing file /opt/anaconda3/lib/python3.9/site-packages/airflow/example_dags/example_python_operator.py for tasks to queue
[2022-03-14 09:41:41,140] {logging_mixin.py:109} INFO - [2022-03-14 09:41:41,140] {dagbag.py:500} INFO - Filling up the DagBag from /opt/anaconda3/lib/python3.9/site-packages/airflow/example_dags/example_python_operator.py
[2022-03-14 09:41:41,205] {processor.py:654} INFO - DAG(s) dict_keys(['example_python_operator']) retrieved from /opt/anaconda3/lib/python3.9/site-packages/airflow/example_dags/example_python_operator.py
[2022-03-14 09:41:41,224] {logging_mixin.py:109} INFO - [2022-03-14 09:41:41,224] {dag.py:2398} INFO - Sync 1 DAGs
[2022-03-14 09:41:41,234] {logging_mixin.py:109} INFO - [2022-03-14 09:41:41,234] {dag.py:2937} INFO - Setting next_dagrun for example_python_operator to None
[2022-03-14 09:41:41,245] {processor.py:171} INFO - Processing /opt/anaconda3/lib/python3.9/site-packages/airflow/example_dags/example_python_operator.py took 0.107 seconds
[2022-03-14 09:44:11,831] {processor.py:163} INFO - Started process (PID=75251) to work on /opt/anaconda3/lib/python3.9/site-packages/airflow/example_dags/example_python_operator.py
[2022-03-14 09:44:11,837] {processor.py:642} INFO - Processing file /opt/anaconda3/lib/python3.9/site-packages/airflow/example_dags/example_python_operator.py for tasks to queue
[2022-03-14 09:44:11,838] {logging_mixin.py:109} INFO - [2022-03-14 09:44:11,838] {dagbag.py:500} INFO - Filling up the DagBag from /opt/anaconda3/lib/python3.9/site-packages/airflow/example_dags/example_python_operator.py
[2022-03-14 09:44:11,900] {processor.py:654} INFO - DAG(s) dict_keys(['example_python_operator']) retrieved from /opt/anaconda3/lib/python3.9/site-packages/airflow/example_dags/example_python_operator.py
[2022-03-14 09:44:11,919] {logging_mixin.py:109} INFO - [2022-03-14 09:44:11,919] {dag.py:2398} INFO - Sync 1 DAGs
[2022-03-14 09:44:11,929] {logging_mixin.py:109} INFO - [2022-03-14 09:44:11,929] {dag.py:2937} INFO - Setting next_dagrun for example_python_operator to None
[2022-03-14 09:44:11,939] {processor.py:171} INFO - Processing /opt/anaconda3/lib/python3.9/site-packages/airflow/example_dags/example_python_operator.py took 0.109 seconds
[2022-03-14 09:46:49,922] {processor.py:163} INFO - Started process (PID=75335) to work on /opt/anaconda3/lib/python3.9/site-packages/airflow/example_dags/example_python_operator.py
[2022-03-14 09:46:49,923] {processor.py:642} INFO - Processing file /opt/anaconda3/lib/python3.9/site-packages/airflow/example_dags/example_python_operator.py for tasks to queue
[2022-03-14 09:46:49,924] {logging_mixin.py:109} INFO - [2022-03-14 09:46:49,924] {dagbag.py:500} INFO - Filling up the DagBag from /opt/anaconda3/lib/python3.9/site-packages/airflow/example_dags/example_python_operator.py
[2022-03-14 09:46:49,980] {processor.py:654} INFO - DAG(s) dict_keys(['example_python_operator']) retrieved from /opt/anaconda3/lib/python3.9/site-packages/airflow/example_dags/example_python_operator.py
[2022-03-14 09:46:49,997] {logging_mixin.py:109} INFO - [2022-03-14 09:46:49,997] {dag.py:2398} INFO - Sync 1 DAGs
[2022-03-14 09:46:50,005] {logging_mixin.py:109} INFO - [2022-03-14 09:46:50,005] {dag.py:2937} INFO - Setting next_dagrun for example_python_operator to None
[2022-03-14 09:46:50,014] {processor.py:171} INFO - Processing /opt/anaconda3/lib/python3.9/site-packages/airflow/example_dags/example_python_operator.py took 0.092 seconds
[2022-03-14 09:49:18,613] {processor.py:163} INFO - Started process (PID=75480) to work on /opt/anaconda3/lib/python3.9/site-packages/airflow/example_dags/example_python_operator.py
[2022-03-14 09:49:18,620] {processor.py:642} INFO - Processing file /opt/anaconda3/lib/python3.9/site-packages/airflow/example_dags/example_python_operator.py for tasks to queue
[2022-03-14 09:49:18,621] {logging_mixin.py:109} INFO - [2022-03-14 09:49:18,621] {dagbag.py:500} INFO - Filling up the DagBag from /opt/anaconda3/lib/python3.9/site-packages/airflow/example_dags/example_python_operator.py
[2022-03-14 09:49:18,690] {processor.py:654} INFO - DAG(s) dict_keys(['example_python_operator']) retrieved from /opt/anaconda3/lib/python3.9/site-packages/airflow/example_dags/example_python_operator.py
[2022-03-14 09:49:18,709] {logging_mixin.py:109} INFO - [2022-03-14 09:49:18,709] {dag.py:2398} INFO - Sync 1 DAGs
[2022-03-14 09:49:18,718] {logging_mixin.py:109} INFO - [2022-03-14 09:49:18,718] {dag.py:2937} INFO - Setting next_dagrun for example_python_operator to None
[2022-03-14 09:49:18,731] {processor.py:171} INFO - Processing /opt/anaconda3/lib/python3.9/site-packages/airflow/example_dags/example_python_operator.py took 0.118 seconds
[2022-03-14 09:51:47,115] {processor.py:163} INFO - Started process (PID=75589) to work on /opt/anaconda3/lib/python3.9/site-packages/airflow/example_dags/example_python_operator.py
[2022-03-14 09:51:47,121] {processor.py:642} INFO - Processing file /opt/anaconda3/lib/python3.9/site-packages/airflow/example_dags/example_python_operator.py for tasks to queue
[2022-03-14 09:51:47,122] {logging_mixin.py:109} INFO - [2022-03-14 09:51:47,122] {dagbag.py:500} INFO - Filling up the DagBag from /opt/anaconda3/lib/python3.9/site-packages/airflow/example_dags/example_python_operator.py
[2022-03-14 09:51:47,183] {processor.py:654} INFO - DAG(s) dict_keys(['example_python_operator']) retrieved from /opt/anaconda3/lib/python3.9/site-packages/airflow/example_dags/example_python_operator.py
[2022-03-14 09:51:47,203] {logging_mixin.py:109} INFO - [2022-03-14 09:51:47,203] {dag.py:2398} INFO - Sync 1 DAGs
[2022-03-14 09:51:47,213] {logging_mixin.py:109} INFO - [2022-03-14 09:51:47,213] {dag.py:2937} INFO - Setting next_dagrun for example_python_operator to None
[2022-03-14 09:51:47,224] {processor.py:171} INFO - Processing /opt/anaconda3/lib/python3.9/site-packages/airflow/example_dags/example_python_operator.py took 0.110 seconds
[2022-03-14 09:54:16,560] {processor.py:163} INFO - Started process (PID=75720) to work on /opt/anaconda3/lib/python3.9/site-packages/airflow/example_dags/example_python_operator.py
[2022-03-14 09:54:16,566] {processor.py:642} INFO - Processing file /opt/anaconda3/lib/python3.9/site-packages/airflow/example_dags/example_python_operator.py for tasks to queue
[2022-03-14 09:54:16,567] {logging_mixin.py:109} INFO - [2022-03-14 09:54:16,566] {dagbag.py:500} INFO - Filling up the DagBag from /opt/anaconda3/lib/python3.9/site-packages/airflow/example_dags/example_python_operator.py
[2022-03-14 09:54:16,633] {processor.py:654} INFO - DAG(s) dict_keys(['example_python_operator']) retrieved from /opt/anaconda3/lib/python3.9/site-packages/airflow/example_dags/example_python_operator.py
[2022-03-14 09:54:16,656] {logging_mixin.py:109} INFO - [2022-03-14 09:54:16,655] {dag.py:2398} INFO - Sync 1 DAGs
[2022-03-14 09:54:16,670] {logging_mixin.py:109} INFO - [2022-03-14 09:54:16,670] {dag.py:2937} INFO - Setting next_dagrun for example_python_operator to None
[2022-03-14 09:54:16,682] {processor.py:171} INFO - Processing /opt/anaconda3/lib/python3.9/site-packages/airflow/example_dags/example_python_operator.py took 0.123 seconds
[2022-03-14 09:56:54,733] {processor.py:163} INFO - Started process (PID=75796) to work on /opt/anaconda3/lib/python3.9/site-packages/airflow/example_dags/example_python_operator.py
[2022-03-14 09:56:54,734] {processor.py:642} INFO - Processing file /opt/anaconda3/lib/python3.9/site-packages/airflow/example_dags/example_python_operator.py for tasks to queue
[2022-03-14 09:56:54,735] {logging_mixin.py:109} INFO - [2022-03-14 09:56:54,735] {dagbag.py:500} INFO - Filling up the DagBag from /opt/anaconda3/lib/python3.9/site-packages/airflow/example_dags/example_python_operator.py
[2022-03-14 09:56:54,798] {processor.py:654} INFO - DAG(s) dict_keys(['example_python_operator']) retrieved from /opt/anaconda3/lib/python3.9/site-packages/airflow/example_dags/example_python_operator.py
[2022-03-14 09:56:54,818] {logging_mixin.py:109} INFO - [2022-03-14 09:56:54,818] {dag.py:2398} INFO - Sync 1 DAGs
[2022-03-14 09:56:54,828] {logging_mixin.py:109} INFO - [2022-03-14 09:56:54,827] {dag.py:2937} INFO - Setting next_dagrun for example_python_operator to None
[2022-03-14 09:56:54,838] {processor.py:171} INFO - Processing /opt/anaconda3/lib/python3.9/site-packages/airflow/example_dags/example_python_operator.py took 0.105 seconds
[2022-03-14 09:59:52,120] {processor.py:163} INFO - Started process (PID=75966) to work on /opt/anaconda3/lib/python3.9/site-packages/airflow/example_dags/example_python_operator.py
[2022-03-14 09:59:52,126] {processor.py:642} INFO - Processing file /opt/anaconda3/lib/python3.9/site-packages/airflow/example_dags/example_python_operator.py for tasks to queue
[2022-03-14 09:59:52,127] {logging_mixin.py:109} INFO - [2022-03-14 09:59:52,127] {dagbag.py:500} INFO - Filling up the DagBag from /opt/anaconda3/lib/python3.9/site-packages/airflow/example_dags/example_python_operator.py
[2022-03-14 09:59:52,193] {processor.py:654} INFO - DAG(s) dict_keys(['example_python_operator']) retrieved from /opt/anaconda3/lib/python3.9/site-packages/airflow/example_dags/example_python_operator.py
[2022-03-14 09:59:52,213] {logging_mixin.py:109} INFO - [2022-03-14 09:59:52,213] {dag.py:2398} INFO - Sync 1 DAGs
[2022-03-14 09:59:52,223] {logging_mixin.py:109} INFO - [2022-03-14 09:59:52,223] {dag.py:2937} INFO - Setting next_dagrun for example_python_operator to None
[2022-03-14 09:59:52,238] {processor.py:171} INFO - Processing /opt/anaconda3/lib/python3.9/site-packages/airflow/example_dags/example_python_operator.py took 0.119 seconds
[2022-03-14 10:02:24,524] {processor.py:163} INFO - Started process (PID=76076) to work on /opt/anaconda3/lib/python3.9/site-packages/airflow/example_dags/example_python_operator.py
[2022-03-14 10:02:24,525] {processor.py:642} INFO - Processing file /opt/anaconda3/lib/python3.9/site-packages/airflow/example_dags/example_python_operator.py for tasks to queue
[2022-03-14 10:02:24,525] {logging_mixin.py:109} INFO - [2022-03-14 10:02:24,525] {dagbag.py:500} INFO - Filling up the DagBag from /opt/anaconda3/lib/python3.9/site-packages/airflow/example_dags/example_python_operator.py
[2022-03-14 10:02:24,595] {processor.py:654} INFO - DAG(s) dict_keys(['example_python_operator']) retrieved from /opt/anaconda3/lib/python3.9/site-packages/airflow/example_dags/example_python_operator.py
[2022-03-14 10:02:24,616] {logging_mixin.py:109} INFO - [2022-03-14 10:02:24,616] {dag.py:2398} INFO - Sync 1 DAGs
[2022-03-14 10:02:24,627] {logging_mixin.py:109} INFO - [2022-03-14 10:02:24,627] {dag.py:2937} INFO - Setting next_dagrun for example_python_operator to None
[2022-03-14 10:02:24,636] {processor.py:171} INFO - Processing /opt/anaconda3/lib/python3.9/site-packages/airflow/example_dags/example_python_operator.py took 0.112 seconds
[2022-03-14 10:04:12,032] {processor.py:163} INFO - Started process (PID=76124) to work on /opt/anaconda3/lib/python3.9/site-packages/airflow/example_dags/example_python_operator.py
[2022-03-14 10:04:12,033] {processor.py:642} INFO - Processing file /opt/anaconda3/lib/python3.9/site-packages/airflow/example_dags/example_python_operator.py for tasks to queue
[2022-03-14 10:04:12,033] {logging_mixin.py:109} INFO - [2022-03-14 10:04:12,033] {dagbag.py:500} INFO - Filling up the DagBag from /opt/anaconda3/lib/python3.9/site-packages/airflow/example_dags/example_python_operator.py
[2022-03-14 10:04:12,096] {processor.py:654} INFO - DAG(s) dict_keys(['example_python_operator']) retrieved from /opt/anaconda3/lib/python3.9/site-packages/airflow/example_dags/example_python_operator.py
[2022-03-14 10:04:12,115] {logging_mixin.py:109} INFO - [2022-03-14 10:04:12,115] {dag.py:2398} INFO - Sync 1 DAGs
[2022-03-14 10:04:12,126] {logging_mixin.py:109} INFO - [2022-03-14 10:04:12,126] {dag.py:2937} INFO - Setting next_dagrun for example_python_operator to None
[2022-03-14 10:04:12,136] {processor.py:171} INFO - Processing /opt/anaconda3/lib/python3.9/site-packages/airflow/example_dags/example_python_operator.py took 0.104 seconds
[2022-03-14 10:06:39,331] {processor.py:163} INFO - Started process (PID=76215) to work on /opt/anaconda3/lib/python3.9/site-packages/airflow/example_dags/example_python_operator.py
[2022-03-14 10:06:39,337] {processor.py:642} INFO - Processing file /opt/anaconda3/lib/python3.9/site-packages/airflow/example_dags/example_python_operator.py for tasks to queue
[2022-03-14 10:06:39,338] {logging_mixin.py:109} INFO - [2022-03-14 10:06:39,338] {dagbag.py:500} INFO - Filling up the DagBag from /opt/anaconda3/lib/python3.9/site-packages/airflow/example_dags/example_python_operator.py
[2022-03-14 10:06:39,399] {processor.py:654} INFO - DAG(s) dict_keys(['example_python_operator']) retrieved from /opt/anaconda3/lib/python3.9/site-packages/airflow/example_dags/example_python_operator.py
[2022-03-14 10:06:39,418] {logging_mixin.py:109} INFO - [2022-03-14 10:06:39,418] {dag.py:2398} INFO - Sync 1 DAGs
[2022-03-14 10:06:39,428] {logging_mixin.py:109} INFO - [2022-03-14 10:06:39,428] {dag.py:2937} INFO - Setting next_dagrun for example_python_operator to None
[2022-03-14 10:06:39,438] {processor.py:171} INFO - Processing /opt/anaconda3/lib/python3.9/site-packages/airflow/example_dags/example_python_operator.py took 0.108 seconds
[2022-03-14 10:08:27,003] {processor.py:163} INFO - Started process (PID=76350) to work on /opt/anaconda3/lib/python3.9/site-packages/airflow/example_dags/example_python_operator.py
[2022-03-14 10:08:27,006] {processor.py:642} INFO - Processing file /opt/anaconda3/lib/python3.9/site-packages/airflow/example_dags/example_python_operator.py for tasks to queue
[2022-03-14 10:08:27,007] {logging_mixin.py:109} INFO - [2022-03-14 10:08:27,007] {dagbag.py:500} INFO - Filling up the DagBag from /opt/anaconda3/lib/python3.9/site-packages/airflow/example_dags/example_python_operator.py
[2022-03-14 10:08:27,125] {processor.py:654} INFO - DAG(s) dict_keys(['example_python_operator']) retrieved from /opt/anaconda3/lib/python3.9/site-packages/airflow/example_dags/example_python_operator.py
[2022-03-14 10:08:27,154] {logging_mixin.py:109} INFO - [2022-03-14 10:08:27,153] {dag.py:2398} INFO - Sync 1 DAGs
[2022-03-14 10:08:27,170] {logging_mixin.py:109} INFO - [2022-03-14 10:08:27,170] {dag.py:2937} INFO - Setting next_dagrun for example_python_operator to None
[2022-03-14 10:08:27,208] {processor.py:171} INFO - Processing /opt/anaconda3/lib/python3.9/site-packages/airflow/example_dags/example_python_operator.py took 0.206 seconds
[2022-03-14 10:12:30,736] {processor.py:163} INFO - Started process (PID=76652) to work on /opt/anaconda3/lib/python3.9/site-packages/airflow/example_dags/example_python_operator.py
[2022-03-14 10:12:30,737] {processor.py:642} INFO - Processing file /opt/anaconda3/lib/python3.9/site-packages/airflow/example_dags/example_python_operator.py for tasks to queue
[2022-03-14 10:12:30,737] {logging_mixin.py:109} INFO - [2022-03-14 10:12:30,737] {dagbag.py:500} INFO - Filling up the DagBag from /opt/anaconda3/lib/python3.9/site-packages/airflow/example_dags/example_python_operator.py
[2022-03-14 10:12:30,795] {processor.py:654} INFO - DAG(s) dict_keys(['example_python_operator']) retrieved from /opt/anaconda3/lib/python3.9/site-packages/airflow/example_dags/example_python_operator.py
[2022-03-14 10:12:30,814] {logging_mixin.py:109} INFO - [2022-03-14 10:12:30,814] {dag.py:2398} INFO - Sync 1 DAGs
[2022-03-14 10:12:30,825] {logging_mixin.py:109} INFO - [2022-03-14 10:12:30,825] {dag.py:2937} INFO - Setting next_dagrun for example_python_operator to None
[2022-03-14 10:12:30,835] {processor.py:171} INFO - Processing /opt/anaconda3/lib/python3.9/site-packages/airflow/example_dags/example_python_operator.py took 0.099 seconds
[2022-03-14 10:14:36,378] {processor.py:163} INFO - Started process (PID=76732) to work on /opt/anaconda3/lib/python3.9/site-packages/airflow/example_dags/example_python_operator.py
[2022-03-14 10:14:36,379] {processor.py:642} INFO - Processing file /opt/anaconda3/lib/python3.9/site-packages/airflow/example_dags/example_python_operator.py for tasks to queue
[2022-03-14 10:14:36,380] {logging_mixin.py:109} INFO - [2022-03-14 10:14:36,380] {dagbag.py:500} INFO - Filling up the DagBag from /opt/anaconda3/lib/python3.9/site-packages/airflow/example_dags/example_python_operator.py
[2022-03-14 10:14:36,467] {processor.py:654} INFO - DAG(s) dict_keys(['example_python_operator']) retrieved from /opt/anaconda3/lib/python3.9/site-packages/airflow/example_dags/example_python_operator.py
[2022-03-14 10:14:36,485] {logging_mixin.py:109} INFO - [2022-03-14 10:14:36,485] {dag.py:2398} INFO - Sync 1 DAGs
[2022-03-14 10:14:36,494] {logging_mixin.py:109} INFO - [2022-03-14 10:14:36,494] {dag.py:2937} INFO - Setting next_dagrun for example_python_operator to None
[2022-03-14 10:14:36,503] {processor.py:171} INFO - Processing /opt/anaconda3/lib/python3.9/site-packages/airflow/example_dags/example_python_operator.py took 0.126 seconds
[2022-03-14 10:16:25,567] {processor.py:163} INFO - Started process (PID=76786) to work on /opt/anaconda3/lib/python3.9/site-packages/airflow/example_dags/example_python_operator.py
[2022-03-14 10:16:25,573] {processor.py:642} INFO - Processing file /opt/anaconda3/lib/python3.9/site-packages/airflow/example_dags/example_python_operator.py for tasks to queue
[2022-03-14 10:16:25,574] {logging_mixin.py:109} INFO - [2022-03-14 10:16:25,574] {dagbag.py:500} INFO - Filling up the DagBag from /opt/anaconda3/lib/python3.9/site-packages/airflow/example_dags/example_python_operator.py
[2022-03-14 10:16:25,640] {processor.py:654} INFO - DAG(s) dict_keys(['example_python_operator']) retrieved from /opt/anaconda3/lib/python3.9/site-packages/airflow/example_dags/example_python_operator.py
[2022-03-14 10:16:25,659] {logging_mixin.py:109} INFO - [2022-03-14 10:16:25,659] {dag.py:2398} INFO - Sync 1 DAGs
[2022-03-14 10:16:25,670] {logging_mixin.py:109} INFO - [2022-03-14 10:16:25,670] {dag.py:2937} INFO - Setting next_dagrun for example_python_operator to None
[2022-03-14 10:16:25,681] {processor.py:171} INFO - Processing /opt/anaconda3/lib/python3.9/site-packages/airflow/example_dags/example_python_operator.py took 0.115 seconds
[2022-03-14 10:19:00,786] {processor.py:163} INFO - Started process (PID=76928) to work on /opt/anaconda3/lib/python3.9/site-packages/airflow/example_dags/example_python_operator.py
[2022-03-14 10:19:00,792] {processor.py:642} INFO - Processing file /opt/anaconda3/lib/python3.9/site-packages/airflow/example_dags/example_python_operator.py for tasks to queue
[2022-03-14 10:19:00,793] {logging_mixin.py:109} INFO - [2022-03-14 10:19:00,793] {dagbag.py:500} INFO - Filling up the DagBag from /opt/anaconda3/lib/python3.9/site-packages/airflow/example_dags/example_python_operator.py
[2022-03-14 10:19:00,856] {processor.py:654} INFO - DAG(s) dict_keys(['example_python_operator']) retrieved from /opt/anaconda3/lib/python3.9/site-packages/airflow/example_dags/example_python_operator.py
[2022-03-14 10:19:00,877] {logging_mixin.py:109} INFO - [2022-03-14 10:19:00,876] {dag.py:2398} INFO - Sync 1 DAGs
[2022-03-14 10:19:00,887] {logging_mixin.py:109} INFO - [2022-03-14 10:19:00,887] {dag.py:2937} INFO - Setting next_dagrun for example_python_operator to None
[2022-03-14 10:19:00,898] {processor.py:171} INFO - Processing /opt/anaconda3/lib/python3.9/site-packages/airflow/example_dags/example_python_operator.py took 0.113 seconds
[2022-03-14 10:21:23,412] {processor.py:163} INFO - Started process (PID=77002) to work on /opt/anaconda3/lib/python3.9/site-packages/airflow/example_dags/example_python_operator.py
[2022-03-14 10:21:23,413] {processor.py:642} INFO - Processing file /opt/anaconda3/lib/python3.9/site-packages/airflow/example_dags/example_python_operator.py for tasks to queue
[2022-03-14 10:21:23,414] {logging_mixin.py:109} INFO - [2022-03-14 10:21:23,414] {dagbag.py:500} INFO - Filling up the DagBag from /opt/anaconda3/lib/python3.9/site-packages/airflow/example_dags/example_python_operator.py
[2022-03-14 10:21:23,475] {processor.py:654} INFO - DAG(s) dict_keys(['example_python_operator']) retrieved from /opt/anaconda3/lib/python3.9/site-packages/airflow/example_dags/example_python_operator.py
[2022-03-14 10:21:23,494] {logging_mixin.py:109} INFO - [2022-03-14 10:21:23,493] {dag.py:2398} INFO - Sync 1 DAGs
[2022-03-14 10:21:23,504] {logging_mixin.py:109} INFO - [2022-03-14 10:21:23,504] {dag.py:2937} INFO - Setting next_dagrun for example_python_operator to None
[2022-03-14 10:21:23,513] {processor.py:171} INFO - Processing /opt/anaconda3/lib/python3.9/site-packages/airflow/example_dags/example_python_operator.py took 0.101 seconds
[2022-03-14 10:23:13,147] {processor.py:163} INFO - Started process (PID=77056) to work on /opt/anaconda3/lib/python3.9/site-packages/airflow/example_dags/example_python_operator.py
[2022-03-14 10:23:13,148] {processor.py:642} INFO - Processing file /opt/anaconda3/lib/python3.9/site-packages/airflow/example_dags/example_python_operator.py for tasks to queue
[2022-03-14 10:23:13,148] {logging_mixin.py:109} INFO - [2022-03-14 10:23:13,148] {dagbag.py:500} INFO - Filling up the DagBag from /opt/anaconda3/lib/python3.9/site-packages/airflow/example_dags/example_python_operator.py
[2022-03-14 10:23:13,210] {processor.py:654} INFO - DAG(s) dict_keys(['example_python_operator']) retrieved from /opt/anaconda3/lib/python3.9/site-packages/airflow/example_dags/example_python_operator.py
[2022-03-14 10:23:13,231] {logging_mixin.py:109} INFO - [2022-03-14 10:23:13,230] {dag.py:2398} INFO - Sync 1 DAGs
[2022-03-14 10:23:13,241] {logging_mixin.py:109} INFO - [2022-03-14 10:23:13,241] {dag.py:2937} INFO - Setting next_dagrun for example_python_operator to None
[2022-03-14 10:23:13,256] {processor.py:171} INFO - Processing /opt/anaconda3/lib/python3.9/site-packages/airflow/example_dags/example_python_operator.py took 0.109 seconds
[2022-03-14 10:25:23,486] {processor.py:163} INFO - Started process (PID=77159) to work on /opt/anaconda3/lib/python3.9/site-packages/airflow/example_dags/example_python_operator.py
[2022-03-14 10:25:23,488] {processor.py:642} INFO - Processing file /opt/anaconda3/lib/python3.9/site-packages/airflow/example_dags/example_python_operator.py for tasks to queue
[2022-03-14 10:25:23,489] {logging_mixin.py:109} INFO - [2022-03-14 10:25:23,489] {dagbag.py:500} INFO - Filling up the DagBag from /opt/anaconda3/lib/python3.9/site-packages/airflow/example_dags/example_python_operator.py
[2022-03-14 10:25:23,553] {processor.py:654} INFO - DAG(s) dict_keys(['example_python_operator']) retrieved from /opt/anaconda3/lib/python3.9/site-packages/airflow/example_dags/example_python_operator.py
[2022-03-14 10:25:23,573] {logging_mixin.py:109} INFO - [2022-03-14 10:25:23,572] {dag.py:2398} INFO - Sync 1 DAGs
[2022-03-14 10:25:23,584] {logging_mixin.py:109} INFO - [2022-03-14 10:25:23,584] {dag.py:2937} INFO - Setting next_dagrun for example_python_operator to None
[2022-03-14 10:25:23,595] {processor.py:171} INFO - Processing /opt/anaconda3/lib/python3.9/site-packages/airflow/example_dags/example_python_operator.py took 0.109 seconds
[2022-03-14 10:27:46,106] {processor.py:163} INFO - Started process (PID=77300) to work on /opt/anaconda3/lib/python3.9/site-packages/airflow/example_dags/example_python_operator.py
[2022-03-14 10:27:46,107] {processor.py:642} INFO - Processing file /opt/anaconda3/lib/python3.9/site-packages/airflow/example_dags/example_python_operator.py for tasks to queue
[2022-03-14 10:27:46,107] {logging_mixin.py:109} INFO - [2022-03-14 10:27:46,107] {dagbag.py:500} INFO - Filling up the DagBag from /opt/anaconda3/lib/python3.9/site-packages/airflow/example_dags/example_python_operator.py
[2022-03-14 10:27:46,170] {processor.py:654} INFO - DAG(s) dict_keys(['example_python_operator']) retrieved from /opt/anaconda3/lib/python3.9/site-packages/airflow/example_dags/example_python_operator.py
[2022-03-14 10:27:46,189] {logging_mixin.py:109} INFO - [2022-03-14 10:27:46,189] {dag.py:2398} INFO - Sync 1 DAGs
[2022-03-14 10:27:46,199] {logging_mixin.py:109} INFO - [2022-03-14 10:27:46,199] {dag.py:2937} INFO - Setting next_dagrun for example_python_operator to None
[2022-03-14 10:27:46,211] {processor.py:171} INFO - Processing /opt/anaconda3/lib/python3.9/site-packages/airflow/example_dags/example_python_operator.py took 0.105 seconds
[2022-03-14 10:29:15,796] {processor.py:163} INFO - Started process (PID=77444) to work on /opt/anaconda3/lib/python3.9/site-packages/airflow/example_dags/example_python_operator.py
[2022-03-14 10:29:15,798] {processor.py:642} INFO - Processing file /opt/anaconda3/lib/python3.9/site-packages/airflow/example_dags/example_python_operator.py for tasks to queue
[2022-03-14 10:29:15,800] {logging_mixin.py:109} INFO - [2022-03-14 10:29:15,799] {dagbag.py:500} INFO - Filling up the DagBag from /opt/anaconda3/lib/python3.9/site-packages/airflow/example_dags/example_python_operator.py
[2022-03-14 10:29:15,875] {processor.py:654} INFO - DAG(s) dict_keys(['example_python_operator']) retrieved from /opt/anaconda3/lib/python3.9/site-packages/airflow/example_dags/example_python_operator.py
[2022-03-14 10:29:15,894] {logging_mixin.py:109} INFO - [2022-03-14 10:29:15,894] {dag.py:2398} INFO - Sync 1 DAGs
[2022-03-14 10:29:15,905] {logging_mixin.py:109} INFO - [2022-03-14 10:29:15,905] {dag.py:2937} INFO - Setting next_dagrun for example_python_operator to None
[2022-03-14 10:29:15,913] {processor.py:171} INFO - Processing /opt/anaconda3/lib/python3.9/site-packages/airflow/example_dags/example_python_operator.py took 0.118 seconds
[2022-03-14 10:31:03,967] {processor.py:163} INFO - Started process (PID=77495) to work on /opt/anaconda3/lib/python3.9/site-packages/airflow/example_dags/example_python_operator.py
[2022-03-14 10:31:03,967] {processor.py:642} INFO - Processing file /opt/anaconda3/lib/python3.9/site-packages/airflow/example_dags/example_python_operator.py for tasks to queue
[2022-03-14 10:31:03,968] {logging_mixin.py:109} INFO - [2022-03-14 10:31:03,968] {dagbag.py:500} INFO - Filling up the DagBag from /opt/anaconda3/lib/python3.9/site-packages/airflow/example_dags/example_python_operator.py
[2022-03-14 10:31:04,032] {processor.py:654} INFO - DAG(s) dict_keys(['example_python_operator']) retrieved from /opt/anaconda3/lib/python3.9/site-packages/airflow/example_dags/example_python_operator.py
[2022-03-14 10:31:04,050] {logging_mixin.py:109} INFO - [2022-03-14 10:31:04,050] {dag.py:2398} INFO - Sync 1 DAGs
[2022-03-14 10:31:04,062] {logging_mixin.py:109} INFO - [2022-03-14 10:31:04,062] {dag.py:2937} INFO - Setting next_dagrun for example_python_operator to None
[2022-03-14 10:31:04,078] {processor.py:171} INFO - Processing /opt/anaconda3/lib/python3.9/site-packages/airflow/example_dags/example_python_operator.py took 0.112 seconds
[2022-03-14 10:36:45,777] {processor.py:163} INFO - Started process (PID=77658) to work on /opt/anaconda3/lib/python3.9/site-packages/airflow/example_dags/example_python_operator.py
[2022-03-14 10:36:45,784] {processor.py:642} INFO - Processing file /opt/anaconda3/lib/python3.9/site-packages/airflow/example_dags/example_python_operator.py for tasks to queue
[2022-03-14 10:36:45,784] {logging_mixin.py:109} INFO - [2022-03-14 10:36:45,784] {dagbag.py:500} INFO - Filling up the DagBag from /opt/anaconda3/lib/python3.9/site-packages/airflow/example_dags/example_python_operator.py
[2022-03-14 10:36:45,853] {processor.py:654} INFO - DAG(s) dict_keys(['example_python_operator']) retrieved from /opt/anaconda3/lib/python3.9/site-packages/airflow/example_dags/example_python_operator.py
[2022-03-14 10:36:45,875] {logging_mixin.py:109} INFO - [2022-03-14 10:36:45,875] {dag.py:2398} INFO - Sync 1 DAGs
[2022-03-14 10:36:45,885] {logging_mixin.py:109} INFO - [2022-03-14 10:36:45,885] {dag.py:2937} INFO - Setting next_dagrun for example_python_operator to None
[2022-03-14 10:36:45,895] {processor.py:171} INFO - Processing /opt/anaconda3/lib/python3.9/site-packages/airflow/example_dags/example_python_operator.py took 0.118 seconds
[2022-03-14 10:38:38,123] {processor.py:163} INFO - Started process (PID=77813) to work on /opt/anaconda3/lib/python3.9/site-packages/airflow/example_dags/example_python_operator.py
[2022-03-14 10:38:38,129] {processor.py:642} INFO - Processing file /opt/anaconda3/lib/python3.9/site-packages/airflow/example_dags/example_python_operator.py for tasks to queue
[2022-03-14 10:38:38,130] {logging_mixin.py:109} INFO - [2022-03-14 10:38:38,130] {dagbag.py:500} INFO - Filling up the DagBag from /opt/anaconda3/lib/python3.9/site-packages/airflow/example_dags/example_python_operator.py
[2022-03-14 10:38:38,194] {processor.py:654} INFO - DAG(s) dict_keys(['example_python_operator']) retrieved from /opt/anaconda3/lib/python3.9/site-packages/airflow/example_dags/example_python_operator.py
[2022-03-14 10:38:38,214] {logging_mixin.py:109} INFO - [2022-03-14 10:38:38,214] {dag.py:2398} INFO - Sync 1 DAGs
[2022-03-14 10:38:38,224] {logging_mixin.py:109} INFO - [2022-03-14 10:38:38,224] {dag.py:2937} INFO - Setting next_dagrun for example_python_operator to None
[2022-03-14 10:38:38,237] {processor.py:171} INFO - Processing /opt/anaconda3/lib/python3.9/site-packages/airflow/example_dags/example_python_operator.py took 0.114 seconds
[2022-03-14 10:41:42,598] {processor.py:163} INFO - Started process (PID=77922) to work on /opt/anaconda3/lib/python3.9/site-packages/airflow/example_dags/example_python_operator.py
[2022-03-14 10:41:42,601] {processor.py:642} INFO - Processing file /opt/anaconda3/lib/python3.9/site-packages/airflow/example_dags/example_python_operator.py for tasks to queue
[2022-03-14 10:41:42,602] {logging_mixin.py:109} INFO - [2022-03-14 10:41:42,602] {dagbag.py:500} INFO - Filling up the DagBag from /opt/anaconda3/lib/python3.9/site-packages/airflow/example_dags/example_python_operator.py
[2022-03-14 10:41:42,666] {processor.py:654} INFO - DAG(s) dict_keys(['example_python_operator']) retrieved from /opt/anaconda3/lib/python3.9/site-packages/airflow/example_dags/example_python_operator.py
[2022-03-14 10:41:42,686] {logging_mixin.py:109} INFO - [2022-03-14 10:41:42,686] {dag.py:2398} INFO - Sync 1 DAGs
[2022-03-14 10:41:42,696] {logging_mixin.py:109} INFO - [2022-03-14 10:41:42,696] {dag.py:2937} INFO - Setting next_dagrun for example_python_operator to None
[2022-03-14 10:41:42,707] {processor.py:171} INFO - Processing /opt/anaconda3/lib/python3.9/site-packages/airflow/example_dags/example_python_operator.py took 0.109 seconds
[2022-03-14 10:44:09,290] {processor.py:163} INFO - Started process (PID=78032) to work on /opt/anaconda3/lib/python3.9/site-packages/airflow/example_dags/example_python_operator.py
[2022-03-14 10:44:09,297] {processor.py:642} INFO - Processing file /opt/anaconda3/lib/python3.9/site-packages/airflow/example_dags/example_python_operator.py for tasks to queue
[2022-03-14 10:44:09,297] {logging_mixin.py:109} INFO - [2022-03-14 10:44:09,297] {dagbag.py:500} INFO - Filling up the DagBag from /opt/anaconda3/lib/python3.9/site-packages/airflow/example_dags/example_python_operator.py
[2022-03-14 10:44:09,362] {processor.py:654} INFO - DAG(s) dict_keys(['example_python_operator']) retrieved from /opt/anaconda3/lib/python3.9/site-packages/airflow/example_dags/example_python_operator.py
[2022-03-14 10:44:09,381] {logging_mixin.py:109} INFO - [2022-03-14 10:44:09,381] {dag.py:2398} INFO - Sync 1 DAGs
[2022-03-14 10:44:09,392] {logging_mixin.py:109} INFO - [2022-03-14 10:44:09,392] {dag.py:2937} INFO - Setting next_dagrun for example_python_operator to None
[2022-03-14 10:44:09,405] {processor.py:171} INFO - Processing /opt/anaconda3/lib/python3.9/site-packages/airflow/example_dags/example_python_operator.py took 0.115 seconds
[2022-03-14 10:45:58,423] {processor.py:163} INFO - Started process (PID=78088) to work on /opt/anaconda3/lib/python3.9/site-packages/airflow/example_dags/example_python_operator.py
[2022-03-14 10:45:58,425] {processor.py:642} INFO - Processing file /opt/anaconda3/lib/python3.9/site-packages/airflow/example_dags/example_python_operator.py for tasks to queue
[2022-03-14 10:45:58,426] {logging_mixin.py:109} INFO - [2022-03-14 10:45:58,426] {dagbag.py:500} INFO - Filling up the DagBag from /opt/anaconda3/lib/python3.9/site-packages/airflow/example_dags/example_python_operator.py
[2022-03-14 10:45:58,498] {processor.py:654} INFO - DAG(s) dict_keys(['example_python_operator']) retrieved from /opt/anaconda3/lib/python3.9/site-packages/airflow/example_dags/example_python_operator.py
[2022-03-14 10:45:58,519] {logging_mixin.py:109} INFO - [2022-03-14 10:45:58,519] {dag.py:2398} INFO - Sync 1 DAGs
[2022-03-14 10:45:58,531] {logging_mixin.py:109} INFO - [2022-03-14 10:45:58,531] {dag.py:2937} INFO - Setting next_dagrun for example_python_operator to None
[2022-03-14 10:45:58,548] {processor.py:171} INFO - Processing /opt/anaconda3/lib/python3.9/site-packages/airflow/example_dags/example_python_operator.py took 0.126 seconds
[2022-03-14 10:48:16,999] {processor.py:163} INFO - Started process (PID=78683) to work on /opt/anaconda3/lib/python3.9/site-packages/airflow/example_dags/example_python_operator.py
[2022-03-14 10:48:17,005] {processor.py:642} INFO - Processing file /opt/anaconda3/lib/python3.9/site-packages/airflow/example_dags/example_python_operator.py for tasks to queue
[2022-03-14 10:48:17,006] {logging_mixin.py:109} INFO - [2022-03-14 10:48:17,006] {dagbag.py:500} INFO - Filling up the DagBag from /opt/anaconda3/lib/python3.9/site-packages/airflow/example_dags/example_python_operator.py
[2022-03-14 10:48:17,072] {processor.py:654} INFO - DAG(s) dict_keys(['example_python_operator']) retrieved from /opt/anaconda3/lib/python3.9/site-packages/airflow/example_dags/example_python_operator.py
[2022-03-14 10:48:17,092] {logging_mixin.py:109} INFO - [2022-03-14 10:48:17,092] {dag.py:2398} INFO - Sync 1 DAGs
[2022-03-14 10:48:17,102] {logging_mixin.py:109} INFO - [2022-03-14 10:48:17,102] {dag.py:2937} INFO - Setting next_dagrun for example_python_operator to None
[2022-03-14 10:48:17,117] {processor.py:171} INFO - Processing /opt/anaconda3/lib/python3.9/site-packages/airflow/example_dags/example_python_operator.py took 0.119 seconds
[2022-03-14 10:51:47,732] {processor.py:163} INFO - Started process (PID=78903) to work on /opt/anaconda3/lib/python3.9/site-packages/airflow/example_dags/example_python_operator.py
[2022-03-14 10:51:47,738] {processor.py:642} INFO - Processing file /opt/anaconda3/lib/python3.9/site-packages/airflow/example_dags/example_python_operator.py for tasks to queue
[2022-03-14 10:51:47,739] {logging_mixin.py:109} INFO - [2022-03-14 10:51:47,739] {dagbag.py:500} INFO - Filling up the DagBag from /opt/anaconda3/lib/python3.9/site-packages/airflow/example_dags/example_python_operator.py
[2022-03-14 10:51:47,802] {processor.py:654} INFO - DAG(s) dict_keys(['example_python_operator']) retrieved from /opt/anaconda3/lib/python3.9/site-packages/airflow/example_dags/example_python_operator.py
[2022-03-14 10:51:47,821] {logging_mixin.py:109} INFO - [2022-03-14 10:51:47,821] {dag.py:2398} INFO - Sync 1 DAGs
[2022-03-14 10:51:47,831] {logging_mixin.py:109} INFO - [2022-03-14 10:51:47,831] {dag.py:2937} INFO - Setting next_dagrun for example_python_operator to None
[2022-03-14 10:51:47,842] {processor.py:171} INFO - Processing /opt/anaconda3/lib/python3.9/site-packages/airflow/example_dags/example_python_operator.py took 0.110 seconds
[2022-03-14 10:53:54,068] {processor.py:163} INFO - Started process (PID=78983) to work on /opt/anaconda3/lib/python3.9/site-packages/airflow/example_dags/example_python_operator.py
[2022-03-14 10:53:54,069] {processor.py:642} INFO - Processing file /opt/anaconda3/lib/python3.9/site-packages/airflow/example_dags/example_python_operator.py for tasks to queue
[2022-03-14 10:53:54,070] {logging_mixin.py:109} INFO - [2022-03-14 10:53:54,070] {dagbag.py:500} INFO - Filling up the DagBag from /opt/anaconda3/lib/python3.9/site-packages/airflow/example_dags/example_python_operator.py
[2022-03-14 10:53:54,137] {processor.py:654} INFO - DAG(s) dict_keys(['example_python_operator']) retrieved from /opt/anaconda3/lib/python3.9/site-packages/airflow/example_dags/example_python_operator.py
[2022-03-14 10:53:54,157] {logging_mixin.py:109} INFO - [2022-03-14 10:53:54,157] {dag.py:2398} INFO - Sync 1 DAGs
[2022-03-14 10:53:54,168] {logging_mixin.py:109} INFO - [2022-03-14 10:53:54,168] {dag.py:2937} INFO - Setting next_dagrun for example_python_operator to None
[2022-03-14 10:53:54,181] {processor.py:171} INFO - Processing /opt/anaconda3/lib/python3.9/site-packages/airflow/example_dags/example_python_operator.py took 0.113 seconds
[2022-03-14 10:56:35,371] {processor.py:163} INFO - Started process (PID=79097) to work on /opt/anaconda3/lib/python3.9/site-packages/airflow/example_dags/example_python_operator.py
[2022-03-14 10:56:35,371] {processor.py:642} INFO - Processing file /opt/anaconda3/lib/python3.9/site-packages/airflow/example_dags/example_python_operator.py for tasks to queue
[2022-03-14 10:56:35,372] {logging_mixin.py:109} INFO - [2022-03-14 10:56:35,372] {dagbag.py:500} INFO - Filling up the DagBag from /opt/anaconda3/lib/python3.9/site-packages/airflow/example_dags/example_python_operator.py
[2022-03-14 10:56:35,430] {processor.py:654} INFO - DAG(s) dict_keys(['example_python_operator']) retrieved from /opt/anaconda3/lib/python3.9/site-packages/airflow/example_dags/example_python_operator.py
[2022-03-14 10:56:35,449] {logging_mixin.py:109} INFO - [2022-03-14 10:56:35,449] {dag.py:2398} INFO - Sync 1 DAGs
[2022-03-14 10:56:35,459] {logging_mixin.py:109} INFO - [2022-03-14 10:56:35,459] {dag.py:2937} INFO - Setting next_dagrun for example_python_operator to None
[2022-03-14 10:56:35,469] {processor.py:171} INFO - Processing /opt/anaconda3/lib/python3.9/site-packages/airflow/example_dags/example_python_operator.py took 0.099 seconds
[2022-03-14 10:59:18,160] {processor.py:163} INFO - Started process (PID=79252) to work on /opt/anaconda3/lib/python3.9/site-packages/airflow/example_dags/example_python_operator.py
[2022-03-14 10:59:18,166] {processor.py:642} INFO - Processing file /opt/anaconda3/lib/python3.9/site-packages/airflow/example_dags/example_python_operator.py for tasks to queue
[2022-03-14 10:59:18,167] {logging_mixin.py:109} INFO - [2022-03-14 10:59:18,167] {dagbag.py:500} INFO - Filling up the DagBag from /opt/anaconda3/lib/python3.9/site-packages/airflow/example_dags/example_python_operator.py
[2022-03-14 10:59:18,229] {processor.py:654} INFO - DAG(s) dict_keys(['example_python_operator']) retrieved from /opt/anaconda3/lib/python3.9/site-packages/airflow/example_dags/example_python_operator.py
[2022-03-14 10:59:18,248] {logging_mixin.py:109} INFO - [2022-03-14 10:59:18,247] {dag.py:2398} INFO - Sync 1 DAGs
[2022-03-14 10:59:18,257] {logging_mixin.py:109} INFO - [2022-03-14 10:59:18,257] {dag.py:2937} INFO - Setting next_dagrun for example_python_operator to None
[2022-03-14 10:59:18,269] {processor.py:171} INFO - Processing /opt/anaconda3/lib/python3.9/site-packages/airflow/example_dags/example_python_operator.py took 0.109 seconds
[2022-03-14 11:02:11,671] {processor.py:163} INFO - Started process (PID=79372) to work on /opt/anaconda3/lib/python3.9/site-packages/airflow/example_dags/example_python_operator.py
[2022-03-14 11:02:11,672] {processor.py:642} INFO - Processing file /opt/anaconda3/lib/python3.9/site-packages/airflow/example_dags/example_python_operator.py for tasks to queue
[2022-03-14 11:02:11,672] {logging_mixin.py:109} INFO - [2022-03-14 11:02:11,672] {dagbag.py:500} INFO - Filling up the DagBag from /opt/anaconda3/lib/python3.9/site-packages/airflow/example_dags/example_python_operator.py
[2022-03-14 11:02:11,746] {processor.py:654} INFO - DAG(s) dict_keys(['example_python_operator']) retrieved from /opt/anaconda3/lib/python3.9/site-packages/airflow/example_dags/example_python_operator.py
[2022-03-14 11:02:11,766] {logging_mixin.py:109} INFO - [2022-03-14 11:02:11,766] {dag.py:2398} INFO - Sync 1 DAGs
[2022-03-14 11:02:11,778] {logging_mixin.py:109} INFO - [2022-03-14 11:02:11,778] {dag.py:2937} INFO - Setting next_dagrun for example_python_operator to None
[2022-03-14 11:02:11,793] {processor.py:171} INFO - Processing /opt/anaconda3/lib/python3.9/site-packages/airflow/example_dags/example_python_operator.py took 0.123 seconds
[2022-03-14 11:03:59,333] {processor.py:163} INFO - Started process (PID=79468) to work on /opt/anaconda3/lib/python3.9/site-packages/airflow/example_dags/example_python_operator.py
[2022-03-14 11:03:59,334] {processor.py:642} INFO - Processing file /opt/anaconda3/lib/python3.9/site-packages/airflow/example_dags/example_python_operator.py for tasks to queue
[2022-03-14 11:03:59,334] {logging_mixin.py:109} INFO - [2022-03-14 11:03:59,334] {dagbag.py:500} INFO - Filling up the DagBag from /opt/anaconda3/lib/python3.9/site-packages/airflow/example_dags/example_python_operator.py
[2022-03-14 11:03:59,399] {processor.py:654} INFO - DAG(s) dict_keys(['example_python_operator']) retrieved from /opt/anaconda3/lib/python3.9/site-packages/airflow/example_dags/example_python_operator.py
[2022-03-14 11:03:59,418] {logging_mixin.py:109} INFO - [2022-03-14 11:03:59,417] {dag.py:2398} INFO - Sync 1 DAGs
[2022-03-14 11:03:59,428] {logging_mixin.py:109} INFO - [2022-03-14 11:03:59,428] {dag.py:2937} INFO - Setting next_dagrun for example_python_operator to None
[2022-03-14 11:03:59,444] {processor.py:171} INFO - Processing /opt/anaconda3/lib/python3.9/site-packages/airflow/example_dags/example_python_operator.py took 0.112 seconds
[2022-03-14 11:05:57,234] {processor.py:163} INFO - Started process (PID=79574) to work on /opt/anaconda3/lib/python3.9/site-packages/airflow/example_dags/example_python_operator.py
[2022-03-14 11:05:57,234] {processor.py:642} INFO - Processing file /opt/anaconda3/lib/python3.9/site-packages/airflow/example_dags/example_python_operator.py for tasks to queue
[2022-03-14 11:05:57,235] {logging_mixin.py:109} INFO - [2022-03-14 11:05:57,235] {dagbag.py:500} INFO - Filling up the DagBag from /opt/anaconda3/lib/python3.9/site-packages/airflow/example_dags/example_python_operator.py
[2022-03-14 11:05:57,300] {processor.py:654} INFO - DAG(s) dict_keys(['example_python_operator']) retrieved from /opt/anaconda3/lib/python3.9/site-packages/airflow/example_dags/example_python_operator.py
[2022-03-14 11:05:57,321] {logging_mixin.py:109} INFO - [2022-03-14 11:05:57,320] {dag.py:2398} INFO - Sync 1 DAGs
[2022-03-14 11:05:57,331] {logging_mixin.py:109} INFO - [2022-03-14 11:05:57,331] {dag.py:2937} INFO - Setting next_dagrun for example_python_operator to None
[2022-03-14 11:05:57,346] {processor.py:171} INFO - Processing /opt/anaconda3/lib/python3.9/site-packages/airflow/example_dags/example_python_operator.py took 0.113 seconds
[2022-03-14 11:08:40,916] {processor.py:163} INFO - Started process (PID=79770) to work on /opt/anaconda3/lib/python3.9/site-packages/airflow/example_dags/example_python_operator.py
[2022-03-14 11:08:40,916] {processor.py:642} INFO - Processing file /opt/anaconda3/lib/python3.9/site-packages/airflow/example_dags/example_python_operator.py for tasks to queue
[2022-03-14 11:08:40,917] {logging_mixin.py:109} INFO - [2022-03-14 11:08:40,917] {dagbag.py:500} INFO - Filling up the DagBag from /opt/anaconda3/lib/python3.9/site-packages/airflow/example_dags/example_python_operator.py
[2022-03-14 11:08:40,978] {processor.py:654} INFO - DAG(s) dict_keys(['example_python_operator']) retrieved from /opt/anaconda3/lib/python3.9/site-packages/airflow/example_dags/example_python_operator.py
[2022-03-14 11:08:40,997] {logging_mixin.py:109} INFO - [2022-03-14 11:08:40,997] {dag.py:2398} INFO - Sync 1 DAGs
[2022-03-14 11:08:41,006] {logging_mixin.py:109} INFO - [2022-03-14 11:08:41,006] {dag.py:2937} INFO - Setting next_dagrun for example_python_operator to None
[2022-03-14 11:08:41,021] {processor.py:171} INFO - Processing /opt/anaconda3/lib/python3.9/site-packages/airflow/example_dags/example_python_operator.py took 0.106 seconds
[2022-03-14 11:11:39,766] {processor.py:163} INFO - Started process (PID=79910) to work on /opt/anaconda3/lib/python3.9/site-packages/airflow/example_dags/example_python_operator.py
[2022-03-14 11:11:39,773] {processor.py:642} INFO - Processing file /opt/anaconda3/lib/python3.9/site-packages/airflow/example_dags/example_python_operator.py for tasks to queue
[2022-03-14 11:11:39,773] {logging_mixin.py:109} INFO - [2022-03-14 11:11:39,773] {dagbag.py:500} INFO - Filling up the DagBag from /opt/anaconda3/lib/python3.9/site-packages/airflow/example_dags/example_python_operator.py
[2022-03-14 11:11:39,835] {processor.py:654} INFO - DAG(s) dict_keys(['example_python_operator']) retrieved from /opt/anaconda3/lib/python3.9/site-packages/airflow/example_dags/example_python_operator.py
[2022-03-14 11:11:39,856] {logging_mixin.py:109} INFO - [2022-03-14 11:11:39,856] {dag.py:2398} INFO - Sync 1 DAGs
[2022-03-14 11:11:39,867] {logging_mixin.py:109} INFO - [2022-03-14 11:11:39,867] {dag.py:2937} INFO - Setting next_dagrun for example_python_operator to None
[2022-03-14 11:11:39,880] {processor.py:171} INFO - Processing /opt/anaconda3/lib/python3.9/site-packages/airflow/example_dags/example_python_operator.py took 0.114 seconds
[2022-03-14 11:13:13,869] {processor.py:163} INFO - Started process (PID=79955) to work on /opt/anaconda3/lib/python3.9/site-packages/airflow/example_dags/example_python_operator.py
[2022-03-14 11:13:13,869] {processor.py:642} INFO - Processing file /opt/anaconda3/lib/python3.9/site-packages/airflow/example_dags/example_python_operator.py for tasks to queue
[2022-03-14 11:13:13,870] {logging_mixin.py:109} INFO - [2022-03-14 11:13:13,870] {dagbag.py:500} INFO - Filling up the DagBag from /opt/anaconda3/lib/python3.9/site-packages/airflow/example_dags/example_python_operator.py
[2022-03-14 11:13:13,934] {processor.py:654} INFO - DAG(s) dict_keys(['example_python_operator']) retrieved from /opt/anaconda3/lib/python3.9/site-packages/airflow/example_dags/example_python_operator.py
[2022-03-14 11:13:13,954] {logging_mixin.py:109} INFO - [2022-03-14 11:13:13,954] {dag.py:2398} INFO - Sync 1 DAGs
[2022-03-14 11:13:13,965] {logging_mixin.py:109} INFO - [2022-03-14 11:13:13,965] {dag.py:2937} INFO - Setting next_dagrun for example_python_operator to None
[2022-03-14 11:13:13,979] {processor.py:171} INFO - Processing /opt/anaconda3/lib/python3.9/site-packages/airflow/example_dags/example_python_operator.py took 0.111 seconds
[2022-03-14 11:15:35,673] {processor.py:163} INFO - Started process (PID=80050) to work on /opt/anaconda3/lib/python3.9/site-packages/airflow/example_dags/example_python_operator.py
[2022-03-14 11:15:35,674] {processor.py:642} INFO - Processing file /opt/anaconda3/lib/python3.9/site-packages/airflow/example_dags/example_python_operator.py for tasks to queue
[2022-03-14 11:15:35,674] {logging_mixin.py:109} INFO - [2022-03-14 11:15:35,674] {dagbag.py:500} INFO - Filling up the DagBag from /opt/anaconda3/lib/python3.9/site-packages/airflow/example_dags/example_python_operator.py
[2022-03-14 11:15:35,734] {processor.py:654} INFO - DAG(s) dict_keys(['example_python_operator']) retrieved from /opt/anaconda3/lib/python3.9/site-packages/airflow/example_dags/example_python_operator.py
[2022-03-14 11:15:35,753] {logging_mixin.py:109} INFO - [2022-03-14 11:15:35,752] {dag.py:2398} INFO - Sync 1 DAGs
[2022-03-14 11:15:35,762] {logging_mixin.py:109} INFO - [2022-03-14 11:15:35,762] {dag.py:2937} INFO - Setting next_dagrun for example_python_operator to None
[2022-03-14 11:15:35,777] {processor.py:171} INFO - Processing /opt/anaconda3/lib/python3.9/site-packages/airflow/example_dags/example_python_operator.py took 0.104 seconds
[2022-03-14 11:17:40,622] {processor.py:163} INFO - Started process (PID=80163) to work on /opt/anaconda3/lib/python3.9/site-packages/airflow/example_dags/example_python_operator.py
[2022-03-14 11:17:40,628] {processor.py:642} INFO - Processing file /opt/anaconda3/lib/python3.9/site-packages/airflow/example_dags/example_python_operator.py for tasks to queue
[2022-03-14 11:17:40,628] {logging_mixin.py:109} INFO - [2022-03-14 11:17:40,628] {dagbag.py:500} INFO - Filling up the DagBag from /opt/anaconda3/lib/python3.9/site-packages/airflow/example_dags/example_python_operator.py
[2022-03-14 11:17:40,693] {processor.py:654} INFO - DAG(s) dict_keys(['example_python_operator']) retrieved from /opt/anaconda3/lib/python3.9/site-packages/airflow/example_dags/example_python_operator.py
[2022-03-14 11:17:40,714] {logging_mixin.py:109} INFO - [2022-03-14 11:17:40,714] {dag.py:2398} INFO - Sync 1 DAGs
[2022-03-14 11:17:40,725] {logging_mixin.py:109} INFO - [2022-03-14 11:17:40,724] {dag.py:2937} INFO - Setting next_dagrun for example_python_operator to None
[2022-03-14 11:17:40,737] {processor.py:171} INFO - Processing /opt/anaconda3/lib/python3.9/site-packages/airflow/example_dags/example_python_operator.py took 0.116 seconds
[2022-03-14 11:20:27,607] {processor.py:163} INFO - Started process (PID=80335) to work on /opt/anaconda3/lib/python3.9/site-packages/airflow/example_dags/example_python_operator.py
[2022-03-14 11:20:27,609] {processor.py:642} INFO - Processing file /opt/anaconda3/lib/python3.9/site-packages/airflow/example_dags/example_python_operator.py for tasks to queue
[2022-03-14 11:20:27,610] {logging_mixin.py:109} INFO - [2022-03-14 11:20:27,610] {dagbag.py:500} INFO - Filling up the DagBag from /opt/anaconda3/lib/python3.9/site-packages/airflow/example_dags/example_python_operator.py
[2022-03-14 11:20:27,677] {processor.py:654} INFO - DAG(s) dict_keys(['example_python_operator']) retrieved from /opt/anaconda3/lib/python3.9/site-packages/airflow/example_dags/example_python_operator.py
[2022-03-14 11:20:27,695] {logging_mixin.py:109} INFO - [2022-03-14 11:20:27,695] {dag.py:2398} INFO - Sync 1 DAGs
[2022-03-14 11:20:27,705] {logging_mixin.py:109} INFO - [2022-03-14 11:20:27,705] {dag.py:2937} INFO - Setting next_dagrun for example_python_operator to None
[2022-03-14 11:20:27,714] {processor.py:171} INFO - Processing /opt/anaconda3/lib/python3.9/site-packages/airflow/example_dags/example_python_operator.py took 0.108 seconds
[2022-03-14 11:23:06,246] {processor.py:163} INFO - Started process (PID=80434) to work on /opt/anaconda3/lib/python3.9/site-packages/airflow/example_dags/example_python_operator.py
[2022-03-14 11:23:06,246] {processor.py:642} INFO - Processing file /opt/anaconda3/lib/python3.9/site-packages/airflow/example_dags/example_python_operator.py for tasks to queue
[2022-03-14 11:23:06,246] {logging_mixin.py:109} INFO - [2022-03-14 11:23:06,246] {dagbag.py:500} INFO - Filling up the DagBag from /opt/anaconda3/lib/python3.9/site-packages/airflow/example_dags/example_python_operator.py
[2022-03-14 11:23:06,308] {processor.py:654} INFO - DAG(s) dict_keys(['example_python_operator']) retrieved from /opt/anaconda3/lib/python3.9/site-packages/airflow/example_dags/example_python_operator.py
[2022-03-14 11:23:06,327] {logging_mixin.py:109} INFO - [2022-03-14 11:23:06,327] {dag.py:2398} INFO - Sync 1 DAGs
[2022-03-14 11:23:06,338] {logging_mixin.py:109} INFO - [2022-03-14 11:23:06,338] {dag.py:2937} INFO - Setting next_dagrun for example_python_operator to None
[2022-03-14 11:23:06,353] {processor.py:171} INFO - Processing /opt/anaconda3/lib/python3.9/site-packages/airflow/example_dags/example_python_operator.py took 0.108 seconds
[2022-03-14 11:25:45,479] {processor.py:163} INFO - Started process (PID=80542) to work on /opt/anaconda3/lib/python3.9/site-packages/airflow/example_dags/example_python_operator.py
[2022-03-14 11:25:45,480] {processor.py:642} INFO - Processing file /opt/anaconda3/lib/python3.9/site-packages/airflow/example_dags/example_python_operator.py for tasks to queue
[2022-03-14 11:25:45,480] {logging_mixin.py:109} INFO - [2022-03-14 11:25:45,480] {dagbag.py:500} INFO - Filling up the DagBag from /opt/anaconda3/lib/python3.9/site-packages/airflow/example_dags/example_python_operator.py
[2022-03-14 11:25:45,536] {processor.py:654} INFO - DAG(s) dict_keys(['example_python_operator']) retrieved from /opt/anaconda3/lib/python3.9/site-packages/airflow/example_dags/example_python_operator.py
[2022-03-14 11:25:45,555] {logging_mixin.py:109} INFO - [2022-03-14 11:25:45,555] {dag.py:2398} INFO - Sync 1 DAGs
[2022-03-14 11:25:45,565] {logging_mixin.py:109} INFO - [2022-03-14 11:25:45,565] {dag.py:2937} INFO - Setting next_dagrun for example_python_operator to None
[2022-03-14 11:25:45,575] {processor.py:171} INFO - Processing /opt/anaconda3/lib/python3.9/site-packages/airflow/example_dags/example_python_operator.py took 0.096 seconds
[2022-03-14 11:28:22,360] {processor.py:163} INFO - Started process (PID=80669) to work on /opt/anaconda3/lib/python3.9/site-packages/airflow/example_dags/example_python_operator.py
[2022-03-14 11:28:22,360] {processor.py:642} INFO - Processing file /opt/anaconda3/lib/python3.9/site-packages/airflow/example_dags/example_python_operator.py for tasks to queue
[2022-03-14 11:28:22,361] {logging_mixin.py:109} INFO - [2022-03-14 11:28:22,361] {dagbag.py:500} INFO - Filling up the DagBag from /opt/anaconda3/lib/python3.9/site-packages/airflow/example_dags/example_python_operator.py
[2022-03-14 11:28:22,420] {processor.py:654} INFO - DAG(s) dict_keys(['example_python_operator']) retrieved from /opt/anaconda3/lib/python3.9/site-packages/airflow/example_dags/example_python_operator.py
[2022-03-14 11:28:22,440] {logging_mixin.py:109} INFO - [2022-03-14 11:28:22,439] {dag.py:2398} INFO - Sync 1 DAGs
[2022-03-14 11:28:22,451] {logging_mixin.py:109} INFO - [2022-03-14 11:28:22,450] {dag.py:2937} INFO - Setting next_dagrun for example_python_operator to None
[2022-03-14 11:28:22,460] {processor.py:171} INFO - Processing /opt/anaconda3/lib/python3.9/site-packages/airflow/example_dags/example_python_operator.py took 0.101 seconds
[2022-03-14 11:30:58,436] {processor.py:163} INFO - Started process (PID=80844) to work on /opt/anaconda3/lib/python3.9/site-packages/airflow/example_dags/example_python_operator.py
[2022-03-14 11:30:58,436] {processor.py:642} INFO - Processing file /opt/anaconda3/lib/python3.9/site-packages/airflow/example_dags/example_python_operator.py for tasks to queue
[2022-03-14 11:30:58,436] {logging_mixin.py:109} INFO - [2022-03-14 11:30:58,436] {dagbag.py:500} INFO - Filling up the DagBag from /opt/anaconda3/lib/python3.9/site-packages/airflow/example_dags/example_python_operator.py
[2022-03-14 11:30:58,497] {processor.py:654} INFO - DAG(s) dict_keys(['example_python_operator']) retrieved from /opt/anaconda3/lib/python3.9/site-packages/airflow/example_dags/example_python_operator.py
[2022-03-14 11:30:58,516] {logging_mixin.py:109} INFO - [2022-03-14 11:30:58,516] {dag.py:2398} INFO - Sync 1 DAGs
[2022-03-14 11:30:58,526] {logging_mixin.py:109} INFO - [2022-03-14 11:30:58,526] {dag.py:2937} INFO - Setting next_dagrun for example_python_operator to None
[2022-03-14 11:30:58,542] {processor.py:171} INFO - Processing /opt/anaconda3/lib/python3.9/site-packages/airflow/example_dags/example_python_operator.py took 0.107 seconds
[2022-03-14 11:33:35,059] {processor.py:163} INFO - Started process (PID=80919) to work on /opt/anaconda3/lib/python3.9/site-packages/airflow/example_dags/example_python_operator.py
[2022-03-14 11:33:35,059] {processor.py:642} INFO - Processing file /opt/anaconda3/lib/python3.9/site-packages/airflow/example_dags/example_python_operator.py for tasks to queue
[2022-03-14 11:33:35,060] {logging_mixin.py:109} INFO - [2022-03-14 11:33:35,060] {dagbag.py:500} INFO - Filling up the DagBag from /opt/anaconda3/lib/python3.9/site-packages/airflow/example_dags/example_python_operator.py
[2022-03-14 11:33:35,120] {processor.py:654} INFO - DAG(s) dict_keys(['example_python_operator']) retrieved from /opt/anaconda3/lib/python3.9/site-packages/airflow/example_dags/example_python_operator.py
[2022-03-14 11:33:35,140] {logging_mixin.py:109} INFO - [2022-03-14 11:33:35,140] {dag.py:2398} INFO - Sync 1 DAGs
[2022-03-14 11:33:35,150] {logging_mixin.py:109} INFO - [2022-03-14 11:33:35,150] {dag.py:2937} INFO - Setting next_dagrun for example_python_operator to None
[2022-03-14 11:33:35,167] {processor.py:171} INFO - Processing /opt/anaconda3/lib/python3.9/site-packages/airflow/example_dags/example_python_operator.py took 0.109 seconds
[2022-03-14 11:36:01,490] {processor.py:163} INFO - Started process (PID=80989) to work on /opt/anaconda3/lib/python3.9/site-packages/airflow/example_dags/example_python_operator.py
[2022-03-14 11:36:01,496] {processor.py:642} INFO - Processing file /opt/anaconda3/lib/python3.9/site-packages/airflow/example_dags/example_python_operator.py for tasks to queue
[2022-03-14 11:36:01,497] {logging_mixin.py:109} INFO - [2022-03-14 11:36:01,497] {dagbag.py:500} INFO - Filling up the DagBag from /opt/anaconda3/lib/python3.9/site-packages/airflow/example_dags/example_python_operator.py
[2022-03-14 11:36:01,560] {processor.py:654} INFO - DAG(s) dict_keys(['example_python_operator']) retrieved from /opt/anaconda3/lib/python3.9/site-packages/airflow/example_dags/example_python_operator.py
[2022-03-14 11:36:01,579] {logging_mixin.py:109} INFO - [2022-03-14 11:36:01,578] {dag.py:2398} INFO - Sync 1 DAGs
[2022-03-14 11:36:01,589] {logging_mixin.py:109} INFO - [2022-03-14 11:36:01,589] {dag.py:2937} INFO - Setting next_dagrun for example_python_operator to None
[2022-03-14 11:36:01,600] {processor.py:171} INFO - Processing /opt/anaconda3/lib/python3.9/site-packages/airflow/example_dags/example_python_operator.py took 0.110 seconds
[2022-03-14 11:38:35,260] {processor.py:163} INFO - Started process (PID=81204) to work on /opt/anaconda3/lib/python3.9/site-packages/airflow/example_dags/example_python_operator.py
[2022-03-14 11:38:35,260] {processor.py:642} INFO - Processing file /opt/anaconda3/lib/python3.9/site-packages/airflow/example_dags/example_python_operator.py for tasks to queue
[2022-03-14 11:38:35,261] {logging_mixin.py:109} INFO - [2022-03-14 11:38:35,261] {dagbag.py:500} INFO - Filling up the DagBag from /opt/anaconda3/lib/python3.9/site-packages/airflow/example_dags/example_python_operator.py
[2022-03-14 11:38:35,323] {processor.py:654} INFO - DAG(s) dict_keys(['example_python_operator']) retrieved from /opt/anaconda3/lib/python3.9/site-packages/airflow/example_dags/example_python_operator.py
[2022-03-14 11:38:35,343] {logging_mixin.py:109} INFO - [2022-03-14 11:38:35,343] {dag.py:2398} INFO - Sync 1 DAGs
[2022-03-14 11:38:35,353] {logging_mixin.py:109} INFO - [2022-03-14 11:38:35,353] {dag.py:2937} INFO - Setting next_dagrun for example_python_operator to None
[2022-03-14 11:38:35,364] {processor.py:171} INFO - Processing /opt/anaconda3/lib/python3.9/site-packages/airflow/example_dags/example_python_operator.py took 0.105 seconds
[2022-03-14 11:41:07,686] {processor.py:163} INFO - Started process (PID=81359) to work on /opt/anaconda3/lib/python3.9/site-packages/airflow/example_dags/example_python_operator.py
[2022-03-14 11:41:07,692] {processor.py:642} INFO - Processing file /opt/anaconda3/lib/python3.9/site-packages/airflow/example_dags/example_python_operator.py for tasks to queue
[2022-03-14 11:41:07,693] {logging_mixin.py:109} INFO - [2022-03-14 11:41:07,693] {dagbag.py:500} INFO - Filling up the DagBag from /opt/anaconda3/lib/python3.9/site-packages/airflow/example_dags/example_python_operator.py
[2022-03-14 11:41:07,758] {processor.py:654} INFO - DAG(s) dict_keys(['example_python_operator']) retrieved from /opt/anaconda3/lib/python3.9/site-packages/airflow/example_dags/example_python_operator.py
[2022-03-14 11:41:07,777] {logging_mixin.py:109} INFO - [2022-03-14 11:41:07,777] {dag.py:2398} INFO - Sync 1 DAGs
[2022-03-14 11:41:07,787] {logging_mixin.py:109} INFO - [2022-03-14 11:41:07,787] {dag.py:2937} INFO - Setting next_dagrun for example_python_operator to None
[2022-03-14 11:41:07,796] {processor.py:171} INFO - Processing /opt/anaconda3/lib/python3.9/site-packages/airflow/example_dags/example_python_operator.py took 0.111 seconds
[2022-03-14 11:43:29,020] {processor.py:163} INFO - Started process (PID=81439) to work on /opt/anaconda3/lib/python3.9/site-packages/airflow/example_dags/example_python_operator.py
[2022-03-14 11:43:29,023] {processor.py:642} INFO - Processing file /opt/anaconda3/lib/python3.9/site-packages/airflow/example_dags/example_python_operator.py for tasks to queue
[2022-03-14 11:43:29,024] {logging_mixin.py:109} INFO - [2022-03-14 11:43:29,024] {dagbag.py:500} INFO - Filling up the DagBag from /opt/anaconda3/lib/python3.9/site-packages/airflow/example_dags/example_python_operator.py
[2022-03-14 11:43:29,089] {processor.py:654} INFO - DAG(s) dict_keys(['example_python_operator']) retrieved from /opt/anaconda3/lib/python3.9/site-packages/airflow/example_dags/example_python_operator.py
[2022-03-14 11:43:29,108] {logging_mixin.py:109} INFO - [2022-03-14 11:43:29,108] {dag.py:2398} INFO - Sync 1 DAGs
[2022-03-14 11:43:29,118] {logging_mixin.py:109} INFO - [2022-03-14 11:43:29,118] {dag.py:2937} INFO - Setting next_dagrun for example_python_operator to None
[2022-03-14 11:43:29,130] {processor.py:171} INFO - Processing /opt/anaconda3/lib/python3.9/site-packages/airflow/example_dags/example_python_operator.py took 0.110 seconds
[2022-03-14 11:46:03,595] {processor.py:163} INFO - Started process (PID=81565) to work on /opt/anaconda3/lib/python3.9/site-packages/airflow/example_dags/example_python_operator.py
[2022-03-14 11:46:03,598] {processor.py:642} INFO - Processing file /opt/anaconda3/lib/python3.9/site-packages/airflow/example_dags/example_python_operator.py for tasks to queue
[2022-03-14 11:46:03,598] {logging_mixin.py:109} INFO - [2022-03-14 11:46:03,598] {dagbag.py:500} INFO - Filling up the DagBag from /opt/anaconda3/lib/python3.9/site-packages/airflow/example_dags/example_python_operator.py
[2022-03-14 11:46:03,663] {processor.py:654} INFO - DAG(s) dict_keys(['example_python_operator']) retrieved from /opt/anaconda3/lib/python3.9/site-packages/airflow/example_dags/example_python_operator.py
[2022-03-14 11:46:03,682] {logging_mixin.py:109} INFO - [2022-03-14 11:46:03,681] {dag.py:2398} INFO - Sync 1 DAGs
[2022-03-14 11:46:03,691] {logging_mixin.py:109} INFO - [2022-03-14 11:46:03,691] {dag.py:2937} INFO - Setting next_dagrun for example_python_operator to None
[2022-03-14 11:46:03,703] {processor.py:171} INFO - Processing /opt/anaconda3/lib/python3.9/site-packages/airflow/example_dags/example_python_operator.py took 0.109 seconds
[2022-03-14 11:48:36,890] {processor.py:163} INFO - Started process (PID=81710) to work on /opt/anaconda3/lib/python3.9/site-packages/airflow/example_dags/example_python_operator.py
[2022-03-14 11:48:36,890] {processor.py:642} INFO - Processing file /opt/anaconda3/lib/python3.9/site-packages/airflow/example_dags/example_python_operator.py for tasks to queue
[2022-03-14 11:48:36,891] {logging_mixin.py:109} INFO - [2022-03-14 11:48:36,891] {dagbag.py:500} INFO - Filling up the DagBag from /opt/anaconda3/lib/python3.9/site-packages/airflow/example_dags/example_python_operator.py
[2022-03-14 11:48:36,957] {processor.py:654} INFO - DAG(s) dict_keys(['example_python_operator']) retrieved from /opt/anaconda3/lib/python3.9/site-packages/airflow/example_dags/example_python_operator.py
[2022-03-14 11:48:36,977] {logging_mixin.py:109} INFO - [2022-03-14 11:48:36,977] {dag.py:2398} INFO - Sync 1 DAGs
[2022-03-14 11:48:36,987] {logging_mixin.py:109} INFO - [2022-03-14 11:48:36,987] {dag.py:2937} INFO - Setting next_dagrun for example_python_operator to None
[2022-03-14 11:48:37,001] {processor.py:171} INFO - Processing /opt/anaconda3/lib/python3.9/site-packages/airflow/example_dags/example_python_operator.py took 0.112 seconds
[2022-03-14 11:51:08,849] {processor.py:163} INFO - Started process (PID=81812) to work on /opt/anaconda3/lib/python3.9/site-packages/airflow/example_dags/example_python_operator.py
[2022-03-14 11:51:08,849] {processor.py:642} INFO - Processing file /opt/anaconda3/lib/python3.9/site-packages/airflow/example_dags/example_python_operator.py for tasks to queue
[2022-03-14 11:51:08,850] {logging_mixin.py:109} INFO - [2022-03-14 11:51:08,850] {dagbag.py:500} INFO - Filling up the DagBag from /opt/anaconda3/lib/python3.9/site-packages/airflow/example_dags/example_python_operator.py
[2022-03-14 11:51:08,910] {processor.py:654} INFO - DAG(s) dict_keys(['example_python_operator']) retrieved from /opt/anaconda3/lib/python3.9/site-packages/airflow/example_dags/example_python_operator.py
[2022-03-14 11:51:08,929] {logging_mixin.py:109} INFO - [2022-03-14 11:51:08,929] {dag.py:2398} INFO - Sync 1 DAGs
[2022-03-14 11:51:08,938] {logging_mixin.py:109} INFO - [2022-03-14 11:51:08,938] {dag.py:2937} INFO - Setting next_dagrun for example_python_operator to None
[2022-03-14 11:51:08,953] {processor.py:171} INFO - Processing /opt/anaconda3/lib/python3.9/site-packages/airflow/example_dags/example_python_operator.py took 0.104 seconds
[2022-03-14 11:53:44,614] {processor.py:163} INFO - Started process (PID=81923) to work on /opt/anaconda3/lib/python3.9/site-packages/airflow/example_dags/example_python_operator.py
[2022-03-14 11:53:44,614] {processor.py:642} INFO - Processing file /opt/anaconda3/lib/python3.9/site-packages/airflow/example_dags/example_python_operator.py for tasks to queue
[2022-03-14 11:53:44,615] {logging_mixin.py:109} INFO - [2022-03-14 11:53:44,615] {dagbag.py:500} INFO - Filling up the DagBag from /opt/anaconda3/lib/python3.9/site-packages/airflow/example_dags/example_python_operator.py
[2022-03-14 11:53:44,679] {processor.py:654} INFO - DAG(s) dict_keys(['example_python_operator']) retrieved from /opt/anaconda3/lib/python3.9/site-packages/airflow/example_dags/example_python_operator.py
[2022-03-14 11:53:44,698] {logging_mixin.py:109} INFO - [2022-03-14 11:53:44,698] {dag.py:2398} INFO - Sync 1 DAGs
[2022-03-14 11:53:44,708] {logging_mixin.py:109} INFO - [2022-03-14 11:53:44,708] {dag.py:2937} INFO - Setting next_dagrun for example_python_operator to None
[2022-03-14 11:53:44,723] {processor.py:171} INFO - Processing /opt/anaconda3/lib/python3.9/site-packages/airflow/example_dags/example_python_operator.py took 0.109 seconds
[2022-03-14 11:56:17,790] {processor.py:163} INFO - Started process (PID=82018) to work on /opt/anaconda3/lib/python3.9/site-packages/airflow/example_dags/example_python_operator.py
[2022-03-14 11:56:17,790] {processor.py:642} INFO - Processing file /opt/anaconda3/lib/python3.9/site-packages/airflow/example_dags/example_python_operator.py for tasks to queue
[2022-03-14 11:56:17,791] {logging_mixin.py:109} INFO - [2022-03-14 11:56:17,790] {dagbag.py:500} INFO - Filling up the DagBag from /opt/anaconda3/lib/python3.9/site-packages/airflow/example_dags/example_python_operator.py
[2022-03-14 11:56:17,853] {processor.py:654} INFO - DAG(s) dict_keys(['example_python_operator']) retrieved from /opt/anaconda3/lib/python3.9/site-packages/airflow/example_dags/example_python_operator.py
[2022-03-14 11:56:17,872] {logging_mixin.py:109} INFO - [2022-03-14 11:56:17,872] {dag.py:2398} INFO - Sync 1 DAGs
[2022-03-14 11:56:17,881] {logging_mixin.py:109} INFO - [2022-03-14 11:56:17,881] {dag.py:2937} INFO - Setting next_dagrun for example_python_operator to None
[2022-03-14 11:56:17,896] {processor.py:171} INFO - Processing /opt/anaconda3/lib/python3.9/site-packages/airflow/example_dags/example_python_operator.py took 0.107 seconds
[2022-03-14 11:58:51,538] {processor.py:163} INFO - Started process (PID=82186) to work on /opt/anaconda3/lib/python3.9/site-packages/airflow/example_dags/example_python_operator.py
[2022-03-14 11:58:51,545] {processor.py:642} INFO - Processing file /opt/anaconda3/lib/python3.9/site-packages/airflow/example_dags/example_python_operator.py for tasks to queue
[2022-03-14 11:58:51,546] {logging_mixin.py:109} INFO - [2022-03-14 11:58:51,546] {dagbag.py:500} INFO - Filling up the DagBag from /opt/anaconda3/lib/python3.9/site-packages/airflow/example_dags/example_python_operator.py
[2022-03-14 11:58:51,610] {processor.py:654} INFO - DAG(s) dict_keys(['example_python_operator']) retrieved from /opt/anaconda3/lib/python3.9/site-packages/airflow/example_dags/example_python_operator.py
[2022-03-14 11:58:51,629] {logging_mixin.py:109} INFO - [2022-03-14 11:58:51,629] {dag.py:2398} INFO - Sync 1 DAGs
[2022-03-14 11:58:51,639] {logging_mixin.py:109} INFO - [2022-03-14 11:58:51,639] {dag.py:2937} INFO - Setting next_dagrun for example_python_operator to None
[2022-03-14 11:58:51,651] {processor.py:171} INFO - Processing /opt/anaconda3/lib/python3.9/site-packages/airflow/example_dags/example_python_operator.py took 0.113 seconds
[2022-03-14 12:01:26,552] {processor.py:163} INFO - Started process (PID=82273) to work on /opt/anaconda3/lib/python3.9/site-packages/airflow/example_dags/example_python_operator.py
[2022-03-14 12:01:26,558] {processor.py:642} INFO - Processing file /opt/anaconda3/lib/python3.9/site-packages/airflow/example_dags/example_python_operator.py for tasks to queue
[2022-03-14 12:01:26,559] {logging_mixin.py:109} INFO - [2022-03-14 12:01:26,559] {dagbag.py:500} INFO - Filling up the DagBag from /opt/anaconda3/lib/python3.9/site-packages/airflow/example_dags/example_python_operator.py
[2022-03-14 12:01:26,620] {processor.py:654} INFO - DAG(s) dict_keys(['example_python_operator']) retrieved from /opt/anaconda3/lib/python3.9/site-packages/airflow/example_dags/example_python_operator.py
[2022-03-14 12:01:26,639] {logging_mixin.py:109} INFO - [2022-03-14 12:01:26,639] {dag.py:2398} INFO - Sync 1 DAGs
[2022-03-14 12:01:26,649] {logging_mixin.py:109} INFO - [2022-03-14 12:01:26,649] {dag.py:2937} INFO - Setting next_dagrun for example_python_operator to None
[2022-03-14 12:01:26,660] {processor.py:171} INFO - Processing /opt/anaconda3/lib/python3.9/site-packages/airflow/example_dags/example_python_operator.py took 0.108 seconds
[2022-03-14 12:03:57,049] {processor.py:163} INFO - Started process (PID=82373) to work on /opt/anaconda3/lib/python3.9/site-packages/airflow/example_dags/example_python_operator.py
[2022-03-14 12:03:57,049] {processor.py:642} INFO - Processing file /opt/anaconda3/lib/python3.9/site-packages/airflow/example_dags/example_python_operator.py for tasks to queue
[2022-03-14 12:03:57,050] {logging_mixin.py:109} INFO - [2022-03-14 12:03:57,050] {dagbag.py:500} INFO - Filling up the DagBag from /opt/anaconda3/lib/python3.9/site-packages/airflow/example_dags/example_python_operator.py
[2022-03-14 12:03:57,111] {processor.py:654} INFO - DAG(s) dict_keys(['example_python_operator']) retrieved from /opt/anaconda3/lib/python3.9/site-packages/airflow/example_dags/example_python_operator.py
[2022-03-14 12:03:57,130] {logging_mixin.py:109} INFO - [2022-03-14 12:03:57,130] {dag.py:2398} INFO - Sync 1 DAGs
[2022-03-14 12:03:57,140] {logging_mixin.py:109} INFO - [2022-03-14 12:03:57,140] {dag.py:2937} INFO - Setting next_dagrun for example_python_operator to None
[2022-03-14 12:03:57,154] {processor.py:171} INFO - Processing /opt/anaconda3/lib/python3.9/site-packages/airflow/example_dags/example_python_operator.py took 0.106 seconds
[2022-03-14 12:07:08,898] {processor.py:163} INFO - Started process (PID=82508) to work on /opt/anaconda3/lib/python3.9/site-packages/airflow/example_dags/example_python_operator.py
[2022-03-14 12:07:08,899] {processor.py:642} INFO - Processing file /opt/anaconda3/lib/python3.9/site-packages/airflow/example_dags/example_python_operator.py for tasks to queue
[2022-03-14 12:07:08,899] {logging_mixin.py:109} INFO - [2022-03-14 12:07:08,899] {dagbag.py:500} INFO - Filling up the DagBag from /opt/anaconda3/lib/python3.9/site-packages/airflow/example_dags/example_python_operator.py
[2022-03-14 12:07:08,969] {processor.py:654} INFO - DAG(s) dict_keys(['example_python_operator']) retrieved from /opt/anaconda3/lib/python3.9/site-packages/airflow/example_dags/example_python_operator.py
[2022-03-14 12:07:08,985] {logging_mixin.py:109} INFO - [2022-03-14 12:07:08,985] {dag.py:2398} INFO - Sync 1 DAGs
[2022-03-14 12:07:08,994] {logging_mixin.py:109} INFO - [2022-03-14 12:07:08,994] {dag.py:2937} INFO - Setting next_dagrun for example_python_operator to None
[2022-03-14 12:07:09,003] {processor.py:171} INFO - Processing /opt/anaconda3/lib/python3.9/site-packages/airflow/example_dags/example_python_operator.py took 0.106 seconds
