[2022-03-14 09:08:22,753] {processor.py:163} INFO - Started process (PID=73985) to work on /opt/anaconda3/lib/python3.9/site-packages/airflow/example_dags/example_external_task_marker_dag.py
[2022-03-14 09:08:22,753] {processor.py:642} INFO - Processing file /opt/anaconda3/lib/python3.9/site-packages/airflow/example_dags/example_external_task_marker_dag.py for tasks to queue
[2022-03-14 09:08:22,754] {logging_mixin.py:109} INFO - [2022-03-14 09:08:22,754] {dagbag.py:500} INFO - Filling up the DagBag from /opt/anaconda3/lib/python3.9/site-packages/airflow/example_dags/example_external_task_marker_dag.py
[2022-03-14 09:08:22,885] {processor.py:654} INFO - DAG(s) dict_keys(['example_external_task_marker_parent', 'example_external_task_marker_child']) retrieved from /opt/anaconda3/lib/python3.9/site-packages/airflow/example_dags/example_external_task_marker_dag.py
[2022-03-14 09:08:22,903] {logging_mixin.py:109} INFO - [2022-03-14 09:08:22,903] {dag.py:2398} INFO - Sync 2 DAGs
[2022-03-14 09:08:22,913] {logging_mixin.py:109} INFO - [2022-03-14 09:08:22,913] {dag.py:2937} INFO - Setting next_dagrun for example_external_task_marker_child to None
[2022-03-14 09:08:22,913] {logging_mixin.py:109} INFO - [2022-03-14 09:08:22,913] {dag.py:2937} INFO - Setting next_dagrun for example_external_task_marker_parent to None
[2022-03-14 09:08:22,922] {processor.py:171} INFO - Processing /opt/anaconda3/lib/python3.9/site-packages/airflow/example_dags/example_external_task_marker_dag.py took 0.169 seconds
[2022-03-14 09:37:39,266] {processor.py:163} INFO - Started process (PID=74817) to work on /opt/anaconda3/lib/python3.9/site-packages/airflow/example_dags/example_external_task_marker_dag.py
[2022-03-14 09:37:39,267] {processor.py:642} INFO - Processing file /opt/anaconda3/lib/python3.9/site-packages/airflow/example_dags/example_external_task_marker_dag.py for tasks to queue
[2022-03-14 09:37:39,267] {logging_mixin.py:109} INFO - [2022-03-14 09:37:39,267] {dagbag.py:500} INFO - Filling up the DagBag from /opt/anaconda3/lib/python3.9/site-packages/airflow/example_dags/example_external_task_marker_dag.py
[2022-03-14 09:37:39,312] {processor.py:654} INFO - DAG(s) dict_keys(['example_external_task_marker_parent', 'example_external_task_marker_child']) retrieved from /opt/anaconda3/lib/python3.9/site-packages/airflow/example_dags/example_external_task_marker_dag.py
[2022-03-14 09:37:39,334] {logging_mixin.py:109} INFO - [2022-03-14 09:37:39,334] {dag.py:2398} INFO - Sync 2 DAGs
[2022-03-14 09:37:39,344] {logging_mixin.py:109} INFO - [2022-03-14 09:37:39,344] {dag.py:2937} INFO - Setting next_dagrun for example_external_task_marker_child to None
[2022-03-14 09:37:39,344] {logging_mixin.py:109} INFO - [2022-03-14 09:37:39,344] {dag.py:2937} INFO - Setting next_dagrun for example_external_task_marker_parent to None
[2022-03-14 09:37:39,357] {processor.py:171} INFO - Processing /opt/anaconda3/lib/python3.9/site-packages/airflow/example_dags/example_external_task_marker_dag.py took 0.092 seconds
[2022-03-14 09:40:13,367] {processor.py:163} INFO - Started process (PID=75076) to work on /opt/anaconda3/lib/python3.9/site-packages/airflow/example_dags/example_external_task_marker_dag.py
[2022-03-14 09:40:13,367] {processor.py:642} INFO - Processing file /opt/anaconda3/lib/python3.9/site-packages/airflow/example_dags/example_external_task_marker_dag.py for tasks to queue
[2022-03-14 09:40:13,368] {logging_mixin.py:109} INFO - [2022-03-14 09:40:13,368] {dagbag.py:500} INFO - Filling up the DagBag from /opt/anaconda3/lib/python3.9/site-packages/airflow/example_dags/example_external_task_marker_dag.py
[2022-03-14 09:40:13,413] {processor.py:654} INFO - DAG(s) dict_keys(['example_external_task_marker_parent', 'example_external_task_marker_child']) retrieved from /opt/anaconda3/lib/python3.9/site-packages/airflow/example_dags/example_external_task_marker_dag.py
[2022-03-14 09:40:13,436] {logging_mixin.py:109} INFO - [2022-03-14 09:40:13,436] {dag.py:2398} INFO - Sync 2 DAGs
[2022-03-14 09:40:13,446] {logging_mixin.py:109} INFO - [2022-03-14 09:40:13,446] {dag.py:2937} INFO - Setting next_dagrun for example_external_task_marker_child to None
[2022-03-14 09:40:13,447] {logging_mixin.py:109} INFO - [2022-03-14 09:40:13,447] {dag.py:2937} INFO - Setting next_dagrun for example_external_task_marker_parent to None
[2022-03-14 09:40:13,457] {processor.py:171} INFO - Processing /opt/anaconda3/lib/python3.9/site-packages/airflow/example_dags/example_external_task_marker_dag.py took 0.091 seconds
[2022-03-14 09:42:42,697] {processor.py:163} INFO - Started process (PID=75197) to work on /opt/anaconda3/lib/python3.9/site-packages/airflow/example_dags/example_external_task_marker_dag.py
[2022-03-14 09:42:42,700] {processor.py:642} INFO - Processing file /opt/anaconda3/lib/python3.9/site-packages/airflow/example_dags/example_external_task_marker_dag.py for tasks to queue
[2022-03-14 09:42:42,700] {logging_mixin.py:109} INFO - [2022-03-14 09:42:42,700] {dagbag.py:500} INFO - Filling up the DagBag from /opt/anaconda3/lib/python3.9/site-packages/airflow/example_dags/example_external_task_marker_dag.py
[2022-03-14 09:42:42,746] {processor.py:654} INFO - DAG(s) dict_keys(['example_external_task_marker_parent', 'example_external_task_marker_child']) retrieved from /opt/anaconda3/lib/python3.9/site-packages/airflow/example_dags/example_external_task_marker_dag.py
[2022-03-14 09:42:42,767] {logging_mixin.py:109} INFO - [2022-03-14 09:42:42,767] {dag.py:2398} INFO - Sync 2 DAGs
[2022-03-14 09:42:42,777] {logging_mixin.py:109} INFO - [2022-03-14 09:42:42,777] {dag.py:2937} INFO - Setting next_dagrun for example_external_task_marker_child to None
[2022-03-14 09:42:42,777] {logging_mixin.py:109} INFO - [2022-03-14 09:42:42,777] {dag.py:2937} INFO - Setting next_dagrun for example_external_task_marker_parent to None
[2022-03-14 09:42:42,787] {processor.py:171} INFO - Processing /opt/anaconda3/lib/python3.9/site-packages/airflow/example_dags/example_external_task_marker_dag.py took 0.091 seconds
[2022-03-14 09:45:21,189] {processor.py:163} INFO - Started process (PID=75292) to work on /opt/anaconda3/lib/python3.9/site-packages/airflow/example_dags/example_external_task_marker_dag.py
[2022-03-14 09:45:21,195] {processor.py:642} INFO - Processing file /opt/anaconda3/lib/python3.9/site-packages/airflow/example_dags/example_external_task_marker_dag.py for tasks to queue
[2022-03-14 09:45:21,196] {logging_mixin.py:109} INFO - [2022-03-14 09:45:21,196] {dagbag.py:500} INFO - Filling up the DagBag from /opt/anaconda3/lib/python3.9/site-packages/airflow/example_dags/example_external_task_marker_dag.py
[2022-03-14 09:45:21,243] {processor.py:654} INFO - DAG(s) dict_keys(['example_external_task_marker_parent', 'example_external_task_marker_child']) retrieved from /opt/anaconda3/lib/python3.9/site-packages/airflow/example_dags/example_external_task_marker_dag.py
[2022-03-14 09:45:21,270] {logging_mixin.py:109} INFO - [2022-03-14 09:45:21,270] {dag.py:2398} INFO - Sync 2 DAGs
[2022-03-14 09:45:21,282] {logging_mixin.py:109} INFO - [2022-03-14 09:45:21,282] {dag.py:2937} INFO - Setting next_dagrun for example_external_task_marker_child to None
[2022-03-14 09:45:21,282] {logging_mixin.py:109} INFO - [2022-03-14 09:45:21,282] {dag.py:2937} INFO - Setting next_dagrun for example_external_task_marker_parent to None
[2022-03-14 09:45:21,296] {processor.py:171} INFO - Processing /opt/anaconda3/lib/python3.9/site-packages/airflow/example_dags/example_external_task_marker_dag.py took 0.108 seconds
[2022-03-14 09:47:51,873] {processor.py:163} INFO - Started process (PID=75376) to work on /opt/anaconda3/lib/python3.9/site-packages/airflow/example_dags/example_external_task_marker_dag.py
[2022-03-14 09:47:51,880] {processor.py:642} INFO - Processing file /opt/anaconda3/lib/python3.9/site-packages/airflow/example_dags/example_external_task_marker_dag.py for tasks to queue
[2022-03-14 09:47:51,881] {logging_mixin.py:109} INFO - [2022-03-14 09:47:51,881] {dagbag.py:500} INFO - Filling up the DagBag from /opt/anaconda3/lib/python3.9/site-packages/airflow/example_dags/example_external_task_marker_dag.py
[2022-03-14 09:47:51,928] {processor.py:654} INFO - DAG(s) dict_keys(['example_external_task_marker_parent', 'example_external_task_marker_child']) retrieved from /opt/anaconda3/lib/python3.9/site-packages/airflow/example_dags/example_external_task_marker_dag.py
[2022-03-14 09:47:51,950] {logging_mixin.py:109} INFO - [2022-03-14 09:47:51,950] {dag.py:2398} INFO - Sync 2 DAGs
[2022-03-14 09:47:51,959] {logging_mixin.py:109} INFO - [2022-03-14 09:47:51,959] {dag.py:2937} INFO - Setting next_dagrun for example_external_task_marker_child to None
[2022-03-14 09:47:51,959] {logging_mixin.py:109} INFO - [2022-03-14 09:47:51,959] {dag.py:2937} INFO - Setting next_dagrun for example_external_task_marker_parent to None
[2022-03-14 09:47:51,971] {processor.py:171} INFO - Processing /opt/anaconda3/lib/python3.9/site-packages/airflow/example_dags/example_external_task_marker_dag.py took 0.098 seconds
[2022-03-14 09:50:21,499] {processor.py:163} INFO - Started process (PID=75550) to work on /opt/anaconda3/lib/python3.9/site-packages/airflow/example_dags/example_external_task_marker_dag.py
[2022-03-14 09:50:21,502] {processor.py:642} INFO - Processing file /opt/anaconda3/lib/python3.9/site-packages/airflow/example_dags/example_external_task_marker_dag.py for tasks to queue
[2022-03-14 09:50:21,502] {logging_mixin.py:109} INFO - [2022-03-14 09:50:21,502] {dagbag.py:500} INFO - Filling up the DagBag from /opt/anaconda3/lib/python3.9/site-packages/airflow/example_dags/example_external_task_marker_dag.py
[2022-03-14 09:50:21,547] {processor.py:654} INFO - DAG(s) dict_keys(['example_external_task_marker_parent', 'example_external_task_marker_child']) retrieved from /opt/anaconda3/lib/python3.9/site-packages/airflow/example_dags/example_external_task_marker_dag.py
[2022-03-14 09:50:21,568] {logging_mixin.py:109} INFO - [2022-03-14 09:50:21,567] {dag.py:2398} INFO - Sync 2 DAGs
[2022-03-14 09:50:21,577] {logging_mixin.py:109} INFO - [2022-03-14 09:50:21,577] {dag.py:2937} INFO - Setting next_dagrun for example_external_task_marker_child to None
[2022-03-14 09:50:21,577] {logging_mixin.py:109} INFO - [2022-03-14 09:50:21,577] {dag.py:2937} INFO - Setting next_dagrun for example_external_task_marker_parent to None
[2022-03-14 09:50:21,588] {processor.py:171} INFO - Processing /opt/anaconda3/lib/python3.9/site-packages/airflow/example_dags/example_external_task_marker_dag.py took 0.090 seconds
[2022-03-14 09:52:49,426] {processor.py:163} INFO - Started process (PID=75655) to work on /opt/anaconda3/lib/python3.9/site-packages/airflow/example_dags/example_external_task_marker_dag.py
[2022-03-14 09:52:49,427] {processor.py:642} INFO - Processing file /opt/anaconda3/lib/python3.9/site-packages/airflow/example_dags/example_external_task_marker_dag.py for tasks to queue
[2022-03-14 09:52:49,428] {logging_mixin.py:109} INFO - [2022-03-14 09:52:49,428] {dagbag.py:500} INFO - Filling up the DagBag from /opt/anaconda3/lib/python3.9/site-packages/airflow/example_dags/example_external_task_marker_dag.py
[2022-03-14 09:52:49,471] {processor.py:654} INFO - DAG(s) dict_keys(['example_external_task_marker_parent', 'example_external_task_marker_child']) retrieved from /opt/anaconda3/lib/python3.9/site-packages/airflow/example_dags/example_external_task_marker_dag.py
[2022-03-14 09:52:49,495] {logging_mixin.py:109} INFO - [2022-03-14 09:52:49,495] {dag.py:2398} INFO - Sync 2 DAGs
[2022-03-14 09:52:49,505] {logging_mixin.py:109} INFO - [2022-03-14 09:52:49,505] {dag.py:2937} INFO - Setting next_dagrun for example_external_task_marker_child to None
[2022-03-14 09:52:49,505] {logging_mixin.py:109} INFO - [2022-03-14 09:52:49,505] {dag.py:2937} INFO - Setting next_dagrun for example_external_task_marker_parent to None
[2022-03-14 09:52:49,519] {processor.py:171} INFO - Processing /opt/anaconda3/lib/python3.9/site-packages/airflow/example_dags/example_external_task_marker_dag.py took 0.093 seconds
[2022-03-14 09:55:26,121] {processor.py:163} INFO - Started process (PID=75756) to work on /opt/anaconda3/lib/python3.9/site-packages/airflow/example_dags/example_external_task_marker_dag.py
[2022-03-14 09:55:26,123] {processor.py:642} INFO - Processing file /opt/anaconda3/lib/python3.9/site-packages/airflow/example_dags/example_external_task_marker_dag.py for tasks to queue
[2022-03-14 09:55:26,124] {logging_mixin.py:109} INFO - [2022-03-14 09:55:26,124] {dagbag.py:500} INFO - Filling up the DagBag from /opt/anaconda3/lib/python3.9/site-packages/airflow/example_dags/example_external_task_marker_dag.py
[2022-03-14 09:55:26,167] {processor.py:654} INFO - DAG(s) dict_keys(['example_external_task_marker_parent', 'example_external_task_marker_child']) retrieved from /opt/anaconda3/lib/python3.9/site-packages/airflow/example_dags/example_external_task_marker_dag.py
[2022-03-14 09:55:26,188] {logging_mixin.py:109} INFO - [2022-03-14 09:55:26,188] {dag.py:2398} INFO - Sync 2 DAGs
[2022-03-14 09:55:26,198] {logging_mixin.py:109} INFO - [2022-03-14 09:55:26,198] {dag.py:2937} INFO - Setting next_dagrun for example_external_task_marker_child to None
[2022-03-14 09:55:26,198] {logging_mixin.py:109} INFO - [2022-03-14 09:55:26,198] {dag.py:2937} INFO - Setting next_dagrun for example_external_task_marker_parent to None
[2022-03-14 09:55:26,209] {processor.py:171} INFO - Processing /opt/anaconda3/lib/python3.9/site-packages/airflow/example_dags/example_external_task_marker_dag.py took 0.089 seconds
[2022-03-14 10:00:11,269] {processor.py:163} INFO - Started process (PID=75987) to work on /opt/anaconda3/lib/python3.9/site-packages/airflow/example_dags/example_external_task_marker_dag.py
[2022-03-14 10:00:11,275] {processor.py:642} INFO - Processing file /opt/anaconda3/lib/python3.9/site-packages/airflow/example_dags/example_external_task_marker_dag.py for tasks to queue
[2022-03-14 10:00:11,276] {logging_mixin.py:109} INFO - [2022-03-14 10:00:11,276] {dagbag.py:500} INFO - Filling up the DagBag from /opt/anaconda3/lib/python3.9/site-packages/airflow/example_dags/example_external_task_marker_dag.py
[2022-03-14 10:00:11,321] {processor.py:654} INFO - DAG(s) dict_keys(['example_external_task_marker_parent', 'example_external_task_marker_child']) retrieved from /opt/anaconda3/lib/python3.9/site-packages/airflow/example_dags/example_external_task_marker_dag.py
[2022-03-14 10:00:11,344] {logging_mixin.py:109} INFO - [2022-03-14 10:00:11,344] {dag.py:2398} INFO - Sync 2 DAGs
[2022-03-14 10:00:11,355] {logging_mixin.py:109} INFO - [2022-03-14 10:00:11,355] {dag.py:2937} INFO - Setting next_dagrun for example_external_task_marker_child to None
[2022-03-14 10:00:11,355] {logging_mixin.py:109} INFO - [2022-03-14 10:00:11,355] {dag.py:2937} INFO - Setting next_dagrun for example_external_task_marker_parent to None
[2022-03-14 10:00:11,368] {processor.py:171} INFO - Processing /opt/anaconda3/lib/python3.9/site-packages/airflow/example_dags/example_external_task_marker_dag.py took 0.099 seconds
[2022-03-14 10:02:43,013] {processor.py:163} INFO - Started process (PID=76085) to work on /opt/anaconda3/lib/python3.9/site-packages/airflow/example_dags/example_external_task_marker_dag.py
[2022-03-14 10:02:43,014] {processor.py:642} INFO - Processing file /opt/anaconda3/lib/python3.9/site-packages/airflow/example_dags/example_external_task_marker_dag.py for tasks to queue
[2022-03-14 10:02:43,014] {logging_mixin.py:109} INFO - [2022-03-14 10:02:43,014] {dagbag.py:500} INFO - Filling up the DagBag from /opt/anaconda3/lib/python3.9/site-packages/airflow/example_dags/example_external_task_marker_dag.py
[2022-03-14 10:02:43,056] {processor.py:654} INFO - DAG(s) dict_keys(['example_external_task_marker_parent', 'example_external_task_marker_child']) retrieved from /opt/anaconda3/lib/python3.9/site-packages/airflow/example_dags/example_external_task_marker_dag.py
[2022-03-14 10:02:43,077] {logging_mixin.py:109} INFO - [2022-03-14 10:02:43,077] {dag.py:2398} INFO - Sync 2 DAGs
[2022-03-14 10:02:43,087] {logging_mixin.py:109} INFO - [2022-03-14 10:02:43,087] {dag.py:2937} INFO - Setting next_dagrun for example_external_task_marker_child to None
[2022-03-14 10:02:43,087] {logging_mixin.py:109} INFO - [2022-03-14 10:02:43,087] {dag.py:2937} INFO - Setting next_dagrun for example_external_task_marker_parent to None
[2022-03-14 10:02:43,102] {processor.py:171} INFO - Processing /opt/anaconda3/lib/python3.9/site-packages/airflow/example_dags/example_external_task_marker_dag.py took 0.089 seconds
[2022-03-14 10:06:57,216] {processor.py:163} INFO - Started process (PID=76222) to work on /opt/anaconda3/lib/python3.9/site-packages/airflow/example_dags/example_external_task_marker_dag.py
[2022-03-14 10:06:57,217] {processor.py:642} INFO - Processing file /opt/anaconda3/lib/python3.9/site-packages/airflow/example_dags/example_external_task_marker_dag.py for tasks to queue
[2022-03-14 10:06:57,218] {logging_mixin.py:109} INFO - [2022-03-14 10:06:57,218] {dagbag.py:500} INFO - Filling up the DagBag from /opt/anaconda3/lib/python3.9/site-packages/airflow/example_dags/example_external_task_marker_dag.py
[2022-03-14 10:06:57,256] {processor.py:654} INFO - DAG(s) dict_keys(['example_external_task_marker_parent', 'example_external_task_marker_child']) retrieved from /opt/anaconda3/lib/python3.9/site-packages/airflow/example_dags/example_external_task_marker_dag.py
[2022-03-14 10:06:57,276] {logging_mixin.py:109} INFO - [2022-03-14 10:06:57,275] {dag.py:2398} INFO - Sync 2 DAGs
[2022-03-14 10:06:57,285] {logging_mixin.py:109} INFO - [2022-03-14 10:06:57,285] {dag.py:2937} INFO - Setting next_dagrun for example_external_task_marker_child to None
[2022-03-14 10:06:57,285] {logging_mixin.py:109} INFO - [2022-03-14 10:06:57,285] {dag.py:2937} INFO - Setting next_dagrun for example_external_task_marker_parent to None
[2022-03-14 10:06:57,296] {processor.py:171} INFO - Processing /opt/anaconda3/lib/python3.9/site-packages/airflow/example_dags/example_external_task_marker_dag.py took 0.080 seconds
[2022-03-14 10:09:31,617] {processor.py:163} INFO - Started process (PID=76525) to work on /opt/anaconda3/lib/python3.9/site-packages/airflow/example_dags/example_external_task_marker_dag.py
[2022-03-14 10:09:31,623] {processor.py:642} INFO - Processing file /opt/anaconda3/lib/python3.9/site-packages/airflow/example_dags/example_external_task_marker_dag.py for tasks to queue
[2022-03-14 10:09:31,624] {logging_mixin.py:109} INFO - [2022-03-14 10:09:31,624] {dagbag.py:500} INFO - Filling up the DagBag from /opt/anaconda3/lib/python3.9/site-packages/airflow/example_dags/example_external_task_marker_dag.py
[2022-03-14 10:09:31,668] {processor.py:654} INFO - DAG(s) dict_keys(['example_external_task_marker_parent', 'example_external_task_marker_child']) retrieved from /opt/anaconda3/lib/python3.9/site-packages/airflow/example_dags/example_external_task_marker_dag.py
[2022-03-14 10:09:31,689] {logging_mixin.py:109} INFO - [2022-03-14 10:09:31,689] {dag.py:2398} INFO - Sync 2 DAGs
[2022-03-14 10:09:31,700] {logging_mixin.py:109} INFO - [2022-03-14 10:09:31,699] {dag.py:2937} INFO - Setting next_dagrun for example_external_task_marker_child to None
[2022-03-14 10:09:31,700] {logging_mixin.py:109} INFO - [2022-03-14 10:09:31,700] {dag.py:2937} INFO - Setting next_dagrun for example_external_task_marker_parent to None
[2022-03-14 10:09:31,711] {processor.py:171} INFO - Processing /opt/anaconda3/lib/python3.9/site-packages/airflow/example_dags/example_external_task_marker_dag.py took 0.095 seconds
[2022-03-14 10:12:49,490] {processor.py:163} INFO - Started process (PID=76673) to work on /opt/anaconda3/lib/python3.9/site-packages/airflow/example_dags/example_external_task_marker_dag.py
[2022-03-14 10:12:49,496] {processor.py:642} INFO - Processing file /opt/anaconda3/lib/python3.9/site-packages/airflow/example_dags/example_external_task_marker_dag.py for tasks to queue
[2022-03-14 10:12:49,497] {logging_mixin.py:109} INFO - [2022-03-14 10:12:49,497] {dagbag.py:500} INFO - Filling up the DagBag from /opt/anaconda3/lib/python3.9/site-packages/airflow/example_dags/example_external_task_marker_dag.py
[2022-03-14 10:12:49,542] {processor.py:654} INFO - DAG(s) dict_keys(['example_external_task_marker_parent', 'example_external_task_marker_child']) retrieved from /opt/anaconda3/lib/python3.9/site-packages/airflow/example_dags/example_external_task_marker_dag.py
[2022-03-14 10:12:49,563] {logging_mixin.py:109} INFO - [2022-03-14 10:12:49,563] {dag.py:2398} INFO - Sync 2 DAGs
[2022-03-14 10:12:49,572] {logging_mixin.py:109} INFO - [2022-03-14 10:12:49,572] {dag.py:2937} INFO - Setting next_dagrun for example_external_task_marker_child to None
[2022-03-14 10:12:49,573] {logging_mixin.py:109} INFO - [2022-03-14 10:12:49,572] {dag.py:2937} INFO - Setting next_dagrun for example_external_task_marker_parent to None
[2022-03-14 10:12:49,584] {processor.py:171} INFO - Processing /opt/anaconda3/lib/python3.9/site-packages/airflow/example_dags/example_external_task_marker_dag.py took 0.094 seconds
[2022-03-14 10:14:55,183] {processor.py:163} INFO - Started process (PID=76743) to work on /opt/anaconda3/lib/python3.9/site-packages/airflow/example_dags/example_external_task_marker_dag.py
[2022-03-14 10:14:55,183] {processor.py:642} INFO - Processing file /opt/anaconda3/lib/python3.9/site-packages/airflow/example_dags/example_external_task_marker_dag.py for tasks to queue
[2022-03-14 10:14:55,184] {logging_mixin.py:109} INFO - [2022-03-14 10:14:55,184] {dagbag.py:500} INFO - Filling up the DagBag from /opt/anaconda3/lib/python3.9/site-packages/airflow/example_dags/example_external_task_marker_dag.py
[2022-03-14 10:14:55,229] {processor.py:654} INFO - DAG(s) dict_keys(['example_external_task_marker_parent', 'example_external_task_marker_child']) retrieved from /opt/anaconda3/lib/python3.9/site-packages/airflow/example_dags/example_external_task_marker_dag.py
[2022-03-14 10:14:55,251] {logging_mixin.py:109} INFO - [2022-03-14 10:14:55,251] {dag.py:2398} INFO - Sync 2 DAGs
[2022-03-14 10:14:55,260] {logging_mixin.py:109} INFO - [2022-03-14 10:14:55,260] {dag.py:2937} INFO - Setting next_dagrun for example_external_task_marker_child to None
[2022-03-14 10:14:55,261] {logging_mixin.py:109} INFO - [2022-03-14 10:14:55,260] {dag.py:2937} INFO - Setting next_dagrun for example_external_task_marker_parent to None
[2022-03-14 10:14:55,270] {processor.py:171} INFO - Processing /opt/anaconda3/lib/python3.9/site-packages/airflow/example_dags/example_external_task_marker_dag.py took 0.088 seconds
[2022-03-14 10:17:30,876] {processor.py:163} INFO - Started process (PID=76819) to work on /opt/anaconda3/lib/python3.9/site-packages/airflow/example_dags/example_external_task_marker_dag.py
[2022-03-14 10:17:30,876] {processor.py:642} INFO - Processing file /opt/anaconda3/lib/python3.9/site-packages/airflow/example_dags/example_external_task_marker_dag.py for tasks to queue
[2022-03-14 10:17:30,877] {logging_mixin.py:109} INFO - [2022-03-14 10:17:30,877] {dagbag.py:500} INFO - Filling up the DagBag from /opt/anaconda3/lib/python3.9/site-packages/airflow/example_dags/example_external_task_marker_dag.py
[2022-03-14 10:17:30,922] {processor.py:654} INFO - DAG(s) dict_keys(['example_external_task_marker_parent', 'example_external_task_marker_child']) retrieved from /opt/anaconda3/lib/python3.9/site-packages/airflow/example_dags/example_external_task_marker_dag.py
[2022-03-14 10:17:30,943] {logging_mixin.py:109} INFO - [2022-03-14 10:17:30,943] {dag.py:2398} INFO - Sync 2 DAGs
[2022-03-14 10:17:30,954] {logging_mixin.py:109} INFO - [2022-03-14 10:17:30,953] {dag.py:2937} INFO - Setting next_dagrun for example_external_task_marker_child to None
[2022-03-14 10:17:30,954] {logging_mixin.py:109} INFO - [2022-03-14 10:17:30,954] {dag.py:2937} INFO - Setting next_dagrun for example_external_task_marker_parent to None
[2022-03-14 10:17:30,966] {processor.py:171} INFO - Processing /opt/anaconda3/lib/python3.9/site-packages/airflow/example_dags/example_external_task_marker_dag.py took 0.091 seconds
[2022-03-14 10:21:41,702] {processor.py:163} INFO - Started process (PID=77013) to work on /opt/anaconda3/lib/python3.9/site-packages/airflow/example_dags/example_external_task_marker_dag.py
[2022-03-14 10:21:41,705] {processor.py:642} INFO - Processing file /opt/anaconda3/lib/python3.9/site-packages/airflow/example_dags/example_external_task_marker_dag.py for tasks to queue
[2022-03-14 10:21:41,705] {logging_mixin.py:109} INFO - [2022-03-14 10:21:41,705] {dagbag.py:500} INFO - Filling up the DagBag from /opt/anaconda3/lib/python3.9/site-packages/airflow/example_dags/example_external_task_marker_dag.py
[2022-03-14 10:21:41,751] {processor.py:654} INFO - DAG(s) dict_keys(['example_external_task_marker_parent', 'example_external_task_marker_child']) retrieved from /opt/anaconda3/lib/python3.9/site-packages/airflow/example_dags/example_external_task_marker_dag.py
[2022-03-14 10:21:41,773] {logging_mixin.py:109} INFO - [2022-03-14 10:21:41,773] {dag.py:2398} INFO - Sync 2 DAGs
[2022-03-14 10:21:41,782] {logging_mixin.py:109} INFO - [2022-03-14 10:21:41,782] {dag.py:2937} INFO - Setting next_dagrun for example_external_task_marker_child to None
[2022-03-14 10:21:41,782] {logging_mixin.py:109} INFO - [2022-03-14 10:21:41,782] {dag.py:2937} INFO - Setting next_dagrun for example_external_task_marker_parent to None
[2022-03-14 10:21:41,793] {processor.py:171} INFO - Processing /opt/anaconda3/lib/python3.9/site-packages/airflow/example_dags/example_external_task_marker_dag.py took 0.092 seconds
[2022-03-14 10:29:34,189] {processor.py:163} INFO - Started process (PID=77453) to work on /opt/anaconda3/lib/python3.9/site-packages/airflow/example_dags/example_external_task_marker_dag.py
[2022-03-14 10:29:34,195] {processor.py:642} INFO - Processing file /opt/anaconda3/lib/python3.9/site-packages/airflow/example_dags/example_external_task_marker_dag.py for tasks to queue
[2022-03-14 10:29:34,195] {logging_mixin.py:109} INFO - [2022-03-14 10:29:34,195] {dagbag.py:500} INFO - Filling up the DagBag from /opt/anaconda3/lib/python3.9/site-packages/airflow/example_dags/example_external_task_marker_dag.py
[2022-03-14 10:29:34,237] {processor.py:654} INFO - DAG(s) dict_keys(['example_external_task_marker_parent', 'example_external_task_marker_child']) retrieved from /opt/anaconda3/lib/python3.9/site-packages/airflow/example_dags/example_external_task_marker_dag.py
[2022-03-14 10:29:34,257] {logging_mixin.py:109} INFO - [2022-03-14 10:29:34,257] {dag.py:2398} INFO - Sync 2 DAGs
[2022-03-14 10:29:34,267] {logging_mixin.py:109} INFO - [2022-03-14 10:29:34,267] {dag.py:2937} INFO - Setting next_dagrun for example_external_task_marker_child to None
[2022-03-14 10:29:34,267] {logging_mixin.py:109} INFO - [2022-03-14 10:29:34,267] {dag.py:2937} INFO - Setting next_dagrun for example_external_task_marker_parent to None
[2022-03-14 10:29:34,279] {processor.py:171} INFO - Processing /opt/anaconda3/lib/python3.9/site-packages/airflow/example_dags/example_external_task_marker_dag.py took 0.091 seconds
[2022-03-14 10:32:09,975] {processor.py:163} INFO - Started process (PID=77524) to work on /opt/anaconda3/lib/python3.9/site-packages/airflow/example_dags/example_external_task_marker_dag.py
[2022-03-14 10:32:09,976] {processor.py:642} INFO - Processing file /opt/anaconda3/lib/python3.9/site-packages/airflow/example_dags/example_external_task_marker_dag.py for tasks to queue
[2022-03-14 10:32:09,976] {logging_mixin.py:109} INFO - [2022-03-14 10:32:09,976] {dagbag.py:500} INFO - Filling up the DagBag from /opt/anaconda3/lib/python3.9/site-packages/airflow/example_dags/example_external_task_marker_dag.py
[2022-03-14 10:32:10,013] {processor.py:654} INFO - DAG(s) dict_keys(['example_external_task_marker_parent', 'example_external_task_marker_child']) retrieved from /opt/anaconda3/lib/python3.9/site-packages/airflow/example_dags/example_external_task_marker_dag.py
[2022-03-14 10:32:10,032] {logging_mixin.py:109} INFO - [2022-03-14 10:32:10,032] {dag.py:2398} INFO - Sync 2 DAGs
[2022-03-14 10:32:10,041] {logging_mixin.py:109} INFO - [2022-03-14 10:32:10,041] {dag.py:2937} INFO - Setting next_dagrun for example_external_task_marker_child to None
[2022-03-14 10:32:10,041] {logging_mixin.py:109} INFO - [2022-03-14 10:32:10,041] {dag.py:2937} INFO - Setting next_dagrun for example_external_task_marker_parent to None
[2022-03-14 10:32:10,054] {processor.py:171} INFO - Processing /opt/anaconda3/lib/python3.9/site-packages/airflow/example_dags/example_external_task_marker_dag.py took 0.079 seconds
[2022-03-14 10:37:02,707] {processor.py:163} INFO - Started process (PID=77667) to work on /opt/anaconda3/lib/python3.9/site-packages/airflow/example_dags/example_external_task_marker_dag.py
[2022-03-14 10:37:02,708] {processor.py:642} INFO - Processing file /opt/anaconda3/lib/python3.9/site-packages/airflow/example_dags/example_external_task_marker_dag.py for tasks to queue
[2022-03-14 10:37:02,708] {logging_mixin.py:109} INFO - [2022-03-14 10:37:02,708] {dagbag.py:500} INFO - Filling up the DagBag from /opt/anaconda3/lib/python3.9/site-packages/airflow/example_dags/example_external_task_marker_dag.py
[2022-03-14 10:37:02,767] {processor.py:654} INFO - DAG(s) dict_keys(['example_external_task_marker_parent', 'example_external_task_marker_child']) retrieved from /opt/anaconda3/lib/python3.9/site-packages/airflow/example_dags/example_external_task_marker_dag.py
[2022-03-14 10:37:02,792] {logging_mixin.py:109} INFO - [2022-03-14 10:37:02,791] {dag.py:2398} INFO - Sync 2 DAGs
[2022-03-14 10:37:02,802] {logging_mixin.py:109} INFO - [2022-03-14 10:37:02,802] {dag.py:2937} INFO - Setting next_dagrun for example_external_task_marker_child to None
[2022-03-14 10:37:02,802] {logging_mixin.py:109} INFO - [2022-03-14 10:37:02,802] {dag.py:2937} INFO - Setting next_dagrun for example_external_task_marker_parent to None
[2022-03-14 10:37:02,815] {processor.py:171} INFO - Processing /opt/anaconda3/lib/python3.9/site-packages/airflow/example_dags/example_external_task_marker_dag.py took 0.109 seconds
[2022-03-14 10:39:46,322] {processor.py:163} INFO - Started process (PID=77850) to work on /opt/anaconda3/lib/python3.9/site-packages/airflow/example_dags/example_external_task_marker_dag.py
[2022-03-14 10:39:46,328] {processor.py:642} INFO - Processing file /opt/anaconda3/lib/python3.9/site-packages/airflow/example_dags/example_external_task_marker_dag.py for tasks to queue
[2022-03-14 10:39:46,329] {logging_mixin.py:109} INFO - [2022-03-14 10:39:46,329] {dagbag.py:500} INFO - Filling up the DagBag from /opt/anaconda3/lib/python3.9/site-packages/airflow/example_dags/example_external_task_marker_dag.py
[2022-03-14 10:39:46,372] {processor.py:654} INFO - DAG(s) dict_keys(['example_external_task_marker_parent', 'example_external_task_marker_child']) retrieved from /opt/anaconda3/lib/python3.9/site-packages/airflow/example_dags/example_external_task_marker_dag.py
[2022-03-14 10:39:46,393] {logging_mixin.py:109} INFO - [2022-03-14 10:39:46,393] {dag.py:2398} INFO - Sync 2 DAGs
[2022-03-14 10:39:46,402] {logging_mixin.py:109} INFO - [2022-03-14 10:39:46,402] {dag.py:2937} INFO - Setting next_dagrun for example_external_task_marker_child to None
[2022-03-14 10:39:46,402] {logging_mixin.py:109} INFO - [2022-03-14 10:39:46,402] {dag.py:2937} INFO - Setting next_dagrun for example_external_task_marker_parent to None
[2022-03-14 10:39:46,411] {processor.py:171} INFO - Processing /opt/anaconda3/lib/python3.9/site-packages/airflow/example_dags/example_external_task_marker_dag.py took 0.090 seconds
[2022-03-14 10:42:01,170] {processor.py:163} INFO - Started process (PID=77929) to work on /opt/anaconda3/lib/python3.9/site-packages/airflow/example_dags/example_external_task_marker_dag.py
[2022-03-14 10:42:01,171] {processor.py:642} INFO - Processing file /opt/anaconda3/lib/python3.9/site-packages/airflow/example_dags/example_external_task_marker_dag.py for tasks to queue
[2022-03-14 10:42:01,171] {logging_mixin.py:109} INFO - [2022-03-14 10:42:01,171] {dagbag.py:500} INFO - Filling up the DagBag from /opt/anaconda3/lib/python3.9/site-packages/airflow/example_dags/example_external_task_marker_dag.py
[2022-03-14 10:42:01,215] {processor.py:654} INFO - DAG(s) dict_keys(['example_external_task_marker_parent', 'example_external_task_marker_child']) retrieved from /opt/anaconda3/lib/python3.9/site-packages/airflow/example_dags/example_external_task_marker_dag.py
[2022-03-14 10:42:01,238] {logging_mixin.py:109} INFO - [2022-03-14 10:42:01,237] {dag.py:2398} INFO - Sync 2 DAGs
[2022-03-14 10:42:01,248] {logging_mixin.py:109} INFO - [2022-03-14 10:42:01,248] {dag.py:2937} INFO - Setting next_dagrun for example_external_task_marker_child to None
[2022-03-14 10:42:01,248] {logging_mixin.py:109} INFO - [2022-03-14 10:42:01,248] {dag.py:2937} INFO - Setting next_dagrun for example_external_task_marker_parent to None
[2022-03-14 10:42:01,261] {processor.py:171} INFO - Processing /opt/anaconda3/lib/python3.9/site-packages/airflow/example_dags/example_external_task_marker_dag.py took 0.091 seconds
[2022-03-14 10:44:27,765] {processor.py:163} INFO - Started process (PID=78041) to work on /opt/anaconda3/lib/python3.9/site-packages/airflow/example_dags/example_external_task_marker_dag.py
[2022-03-14 10:44:27,772] {processor.py:642} INFO - Processing file /opt/anaconda3/lib/python3.9/site-packages/airflow/example_dags/example_external_task_marker_dag.py for tasks to queue
[2022-03-14 10:44:27,772] {logging_mixin.py:109} INFO - [2022-03-14 10:44:27,772] {dagbag.py:500} INFO - Filling up the DagBag from /opt/anaconda3/lib/python3.9/site-packages/airflow/example_dags/example_external_task_marker_dag.py
[2022-03-14 10:44:27,816] {processor.py:654} INFO - DAG(s) dict_keys(['example_external_task_marker_parent', 'example_external_task_marker_child']) retrieved from /opt/anaconda3/lib/python3.9/site-packages/airflow/example_dags/example_external_task_marker_dag.py
[2022-03-14 10:44:27,836] {logging_mixin.py:109} INFO - [2022-03-14 10:44:27,836] {dag.py:2398} INFO - Sync 2 DAGs
[2022-03-14 10:44:27,846] {logging_mixin.py:109} INFO - [2022-03-14 10:44:27,846] {dag.py:2937} INFO - Setting next_dagrun for example_external_task_marker_child to None
[2022-03-14 10:44:27,847] {logging_mixin.py:109} INFO - [2022-03-14 10:44:27,847] {dag.py:2937} INFO - Setting next_dagrun for example_external_task_marker_parent to None
[2022-03-14 10:44:27,858] {processor.py:171} INFO - Processing /opt/anaconda3/lib/python3.9/site-packages/airflow/example_dags/example_external_task_marker_dag.py took 0.093 seconds
[2022-03-14 10:48:37,476] {processor.py:163} INFO - Started process (PID=78760) to work on /opt/anaconda3/lib/python3.9/site-packages/airflow/example_dags/example_external_task_marker_dag.py
[2022-03-14 10:48:37,482] {processor.py:642} INFO - Processing file /opt/anaconda3/lib/python3.9/site-packages/airflow/example_dags/example_external_task_marker_dag.py for tasks to queue
[2022-03-14 10:48:37,483] {logging_mixin.py:109} INFO - [2022-03-14 10:48:37,483] {dagbag.py:500} INFO - Filling up the DagBag from /opt/anaconda3/lib/python3.9/site-packages/airflow/example_dags/example_external_task_marker_dag.py
[2022-03-14 10:48:37,528] {processor.py:654} INFO - DAG(s) dict_keys(['example_external_task_marker_parent', 'example_external_task_marker_child']) retrieved from /opt/anaconda3/lib/python3.9/site-packages/airflow/example_dags/example_external_task_marker_dag.py
[2022-03-14 10:48:37,550] {logging_mixin.py:109} INFO - [2022-03-14 10:48:37,550] {dag.py:2398} INFO - Sync 2 DAGs
[2022-03-14 10:48:37,561] {logging_mixin.py:109} INFO - [2022-03-14 10:48:37,561] {dag.py:2937} INFO - Setting next_dagrun for example_external_task_marker_child to None
[2022-03-14 10:48:37,561] {logging_mixin.py:109} INFO - [2022-03-14 10:48:37,561] {dag.py:2937} INFO - Setting next_dagrun for example_external_task_marker_parent to None
[2022-03-14 10:48:37,572] {processor.py:171} INFO - Processing /opt/anaconda3/lib/python3.9/site-packages/airflow/example_dags/example_external_task_marker_dag.py took 0.097 seconds
[2022-03-14 10:52:05,537] {processor.py:163} INFO - Started process (PID=78911) to work on /opt/anaconda3/lib/python3.9/site-packages/airflow/example_dags/example_external_task_marker_dag.py
[2022-03-14 10:52:05,538] {processor.py:642} INFO - Processing file /opt/anaconda3/lib/python3.9/site-packages/airflow/example_dags/example_external_task_marker_dag.py for tasks to queue
[2022-03-14 10:52:05,539] {logging_mixin.py:109} INFO - [2022-03-14 10:52:05,539] {dagbag.py:500} INFO - Filling up the DagBag from /opt/anaconda3/lib/python3.9/site-packages/airflow/example_dags/example_external_task_marker_dag.py
[2022-03-14 10:52:05,580] {processor.py:654} INFO - DAG(s) dict_keys(['example_external_task_marker_parent', 'example_external_task_marker_child']) retrieved from /opt/anaconda3/lib/python3.9/site-packages/airflow/example_dags/example_external_task_marker_dag.py
[2022-03-14 10:52:05,601] {logging_mixin.py:109} INFO - [2022-03-14 10:52:05,601] {dag.py:2398} INFO - Sync 2 DAGs
[2022-03-14 10:52:05,610] {logging_mixin.py:109} INFO - [2022-03-14 10:52:05,610] {dag.py:2937} INFO - Setting next_dagrun for example_external_task_marker_child to None
[2022-03-14 10:52:05,611] {logging_mixin.py:109} INFO - [2022-03-14 10:52:05,610] {dag.py:2937} INFO - Setting next_dagrun for example_external_task_marker_parent to None
[2022-03-14 10:52:05,622] {processor.py:171} INFO - Processing /opt/anaconda3/lib/python3.9/site-packages/airflow/example_dags/example_external_task_marker_dag.py took 0.085 seconds
[2022-03-14 10:55:03,013] {processor.py:163} INFO - Started process (PID=79020) to work on /opt/anaconda3/lib/python3.9/site-packages/airflow/example_dags/example_external_task_marker_dag.py
[2022-03-14 10:55:03,019] {processor.py:642} INFO - Processing file /opt/anaconda3/lib/python3.9/site-packages/airflow/example_dags/example_external_task_marker_dag.py for tasks to queue
[2022-03-14 10:55:03,020] {logging_mixin.py:109} INFO - [2022-03-14 10:55:03,020] {dagbag.py:500} INFO - Filling up the DagBag from /opt/anaconda3/lib/python3.9/site-packages/airflow/example_dags/example_external_task_marker_dag.py
[2022-03-14 10:55:03,061] {processor.py:654} INFO - DAG(s) dict_keys(['example_external_task_marker_parent', 'example_external_task_marker_child']) retrieved from /opt/anaconda3/lib/python3.9/site-packages/airflow/example_dags/example_external_task_marker_dag.py
[2022-03-14 10:55:03,082] {logging_mixin.py:109} INFO - [2022-03-14 10:55:03,082] {dag.py:2398} INFO - Sync 2 DAGs
[2022-03-14 10:55:03,091] {logging_mixin.py:109} INFO - [2022-03-14 10:55:03,091] {dag.py:2937} INFO - Setting next_dagrun for example_external_task_marker_child to None
[2022-03-14 10:55:03,091] {logging_mixin.py:109} INFO - [2022-03-14 10:55:03,091] {dag.py:2937} INFO - Setting next_dagrun for example_external_task_marker_parent to None
[2022-03-14 10:55:03,102] {processor.py:171} INFO - Processing /opt/anaconda3/lib/python3.9/site-packages/airflow/example_dags/example_external_task_marker_dag.py took 0.089 seconds
[2022-03-14 10:57:45,177] {processor.py:163} INFO - Started process (PID=79141) to work on /opt/anaconda3/lib/python3.9/site-packages/airflow/example_dags/example_external_task_marker_dag.py
[2022-03-14 10:57:45,183] {processor.py:642} INFO - Processing file /opt/anaconda3/lib/python3.9/site-packages/airflow/example_dags/example_external_task_marker_dag.py for tasks to queue
[2022-03-14 10:57:45,184] {logging_mixin.py:109} INFO - [2022-03-14 10:57:45,184] {dagbag.py:500} INFO - Filling up the DagBag from /opt/anaconda3/lib/python3.9/site-packages/airflow/example_dags/example_external_task_marker_dag.py
[2022-03-14 10:57:45,228] {processor.py:654} INFO - DAG(s) dict_keys(['example_external_task_marker_parent', 'example_external_task_marker_child']) retrieved from /opt/anaconda3/lib/python3.9/site-packages/airflow/example_dags/example_external_task_marker_dag.py
[2022-03-14 10:57:45,250] {logging_mixin.py:109} INFO - [2022-03-14 10:57:45,250] {dag.py:2398} INFO - Sync 2 DAGs
[2022-03-14 10:57:45,260] {logging_mixin.py:109} INFO - [2022-03-14 10:57:45,259] {dag.py:2937} INFO - Setting next_dagrun for example_external_task_marker_child to None
[2022-03-14 10:57:45,260] {logging_mixin.py:109} INFO - [2022-03-14 10:57:45,260] {dag.py:2937} INFO - Setting next_dagrun for example_external_task_marker_parent to None
[2022-03-14 10:57:45,270] {processor.py:171} INFO - Processing /opt/anaconda3/lib/python3.9/site-packages/airflow/example_dags/example_external_task_marker_dag.py took 0.094 seconds
[2022-03-14 11:00:27,359] {processor.py:163} INFO - Started process (PID=79281) to work on /opt/anaconda3/lib/python3.9/site-packages/airflow/example_dags/example_external_task_marker_dag.py
[2022-03-14 11:00:27,360] {processor.py:642} INFO - Processing file /opt/anaconda3/lib/python3.9/site-packages/airflow/example_dags/example_external_task_marker_dag.py for tasks to queue
[2022-03-14 11:00:27,360] {logging_mixin.py:109} INFO - [2022-03-14 11:00:27,360] {dagbag.py:500} INFO - Filling up the DagBag from /opt/anaconda3/lib/python3.9/site-packages/airflow/example_dags/example_external_task_marker_dag.py
[2022-03-14 11:00:27,401] {processor.py:654} INFO - DAG(s) dict_keys(['example_external_task_marker_parent', 'example_external_task_marker_child']) retrieved from /opt/anaconda3/lib/python3.9/site-packages/airflow/example_dags/example_external_task_marker_dag.py
[2022-03-14 11:00:27,421] {logging_mixin.py:109} INFO - [2022-03-14 11:00:27,421] {dag.py:2398} INFO - Sync 2 DAGs
[2022-03-14 11:00:27,430] {logging_mixin.py:109} INFO - [2022-03-14 11:00:27,430] {dag.py:2937} INFO - Setting next_dagrun for example_external_task_marker_child to None
[2022-03-14 11:00:27,431] {logging_mixin.py:109} INFO - [2022-03-14 11:00:27,431] {dag.py:2937} INFO - Setting next_dagrun for example_external_task_marker_parent to None
[2022-03-14 11:00:27,446] {processor.py:171} INFO - Processing /opt/anaconda3/lib/python3.9/site-packages/airflow/example_dags/example_external_task_marker_dag.py took 0.087 seconds
[2022-03-14 11:04:18,083] {processor.py:163} INFO - Started process (PID=79485) to work on /opt/anaconda3/lib/python3.9/site-packages/airflow/example_dags/example_external_task_marker_dag.py
[2022-03-14 11:04:18,086] {processor.py:642} INFO - Processing file /opt/anaconda3/lib/python3.9/site-packages/airflow/example_dags/example_external_task_marker_dag.py for tasks to queue
[2022-03-14 11:04:18,086] {logging_mixin.py:109} INFO - [2022-03-14 11:04:18,086] {dagbag.py:500} INFO - Filling up the DagBag from /opt/anaconda3/lib/python3.9/site-packages/airflow/example_dags/example_external_task_marker_dag.py
[2022-03-14 11:04:18,132] {processor.py:654} INFO - DAG(s) dict_keys(['example_external_task_marker_parent', 'example_external_task_marker_child']) retrieved from /opt/anaconda3/lib/python3.9/site-packages/airflow/example_dags/example_external_task_marker_dag.py
[2022-03-14 11:04:18,154] {logging_mixin.py:109} INFO - [2022-03-14 11:04:18,154] {dag.py:2398} INFO - Sync 2 DAGs
[2022-03-14 11:04:18,163] {logging_mixin.py:109} INFO - [2022-03-14 11:04:18,163] {dag.py:2937} INFO - Setting next_dagrun for example_external_task_marker_child to None
[2022-03-14 11:04:18,163] {logging_mixin.py:109} INFO - [2022-03-14 11:04:18,163] {dag.py:2937} INFO - Setting next_dagrun for example_external_task_marker_parent to None
[2022-03-14 11:04:18,174] {processor.py:171} INFO - Processing /opt/anaconda3/lib/python3.9/site-packages/airflow/example_dags/example_external_task_marker_dag.py took 0.092 seconds
[2022-03-14 11:07:08,523] {processor.py:163} INFO - Started process (PID=79612) to work on /opt/anaconda3/lib/python3.9/site-packages/airflow/example_dags/example_external_task_marker_dag.py
[2022-03-14 11:07:08,524] {processor.py:642} INFO - Processing file /opt/anaconda3/lib/python3.9/site-packages/airflow/example_dags/example_external_task_marker_dag.py for tasks to queue
[2022-03-14 11:07:08,524] {logging_mixin.py:109} INFO - [2022-03-14 11:07:08,524] {dagbag.py:500} INFO - Filling up the DagBag from /opt/anaconda3/lib/python3.9/site-packages/airflow/example_dags/example_external_task_marker_dag.py
[2022-03-14 11:07:08,565] {processor.py:654} INFO - DAG(s) dict_keys(['example_external_task_marker_parent', 'example_external_task_marker_child']) retrieved from /opt/anaconda3/lib/python3.9/site-packages/airflow/example_dags/example_external_task_marker_dag.py
[2022-03-14 11:07:08,586] {logging_mixin.py:109} INFO - [2022-03-14 11:07:08,586] {dag.py:2398} INFO - Sync 2 DAGs
[2022-03-14 11:07:08,596] {logging_mixin.py:109} INFO - [2022-03-14 11:07:08,595] {dag.py:2937} INFO - Setting next_dagrun for example_external_task_marker_child to None
[2022-03-14 11:07:08,596] {logging_mixin.py:109} INFO - [2022-03-14 11:07:08,596] {dag.py:2937} INFO - Setting next_dagrun for example_external_task_marker_parent to None
[2022-03-14 11:07:08,611] {processor.py:171} INFO - Processing /opt/anaconda3/lib/python3.9/site-packages/airflow/example_dags/example_external_task_marker_dag.py took 0.088 seconds
[2022-03-14 11:12:00,544] {processor.py:163} INFO - Started process (PID=79919) to work on /opt/anaconda3/lib/python3.9/site-packages/airflow/example_dags/example_external_task_marker_dag.py
[2022-03-14 11:12:00,550] {processor.py:642} INFO - Processing file /opt/anaconda3/lib/python3.9/site-packages/airflow/example_dags/example_external_task_marker_dag.py for tasks to queue
[2022-03-14 11:12:00,551] {logging_mixin.py:109} INFO - [2022-03-14 11:12:00,551] {dagbag.py:500} INFO - Filling up the DagBag from /opt/anaconda3/lib/python3.9/site-packages/airflow/example_dags/example_external_task_marker_dag.py
[2022-03-14 11:12:00,604] {processor.py:654} INFO - DAG(s) dict_keys(['example_external_task_marker_parent', 'example_external_task_marker_child']) retrieved from /opt/anaconda3/lib/python3.9/site-packages/airflow/example_dags/example_external_task_marker_dag.py
[2022-03-14 11:12:00,629] {logging_mixin.py:109} INFO - [2022-03-14 11:12:00,629] {dag.py:2398} INFO - Sync 2 DAGs
[2022-03-14 11:12:00,640] {logging_mixin.py:109} INFO - [2022-03-14 11:12:00,640] {dag.py:2937} INFO - Setting next_dagrun for example_external_task_marker_child to None
[2022-03-14 11:12:00,641] {logging_mixin.py:109} INFO - [2022-03-14 11:12:00,641] {dag.py:2937} INFO - Setting next_dagrun for example_external_task_marker_parent to None
[2022-03-14 11:12:00,656] {processor.py:171} INFO - Processing /opt/anaconda3/lib/python3.9/site-packages/airflow/example_dags/example_external_task_marker_dag.py took 0.113 seconds
[2022-03-14 11:13:32,265] {processor.py:163} INFO - Started process (PID=79963) to work on /opt/anaconda3/lib/python3.9/site-packages/airflow/example_dags/example_external_task_marker_dag.py
[2022-03-14 11:13:32,266] {processor.py:642} INFO - Processing file /opt/anaconda3/lib/python3.9/site-packages/airflow/example_dags/example_external_task_marker_dag.py for tasks to queue
[2022-03-14 11:13:32,267] {logging_mixin.py:109} INFO - [2022-03-14 11:13:32,266] {dagbag.py:500} INFO - Filling up the DagBag from /opt/anaconda3/lib/python3.9/site-packages/airflow/example_dags/example_external_task_marker_dag.py
[2022-03-14 11:13:32,309] {processor.py:654} INFO - DAG(s) dict_keys(['example_external_task_marker_parent', 'example_external_task_marker_child']) retrieved from /opt/anaconda3/lib/python3.9/site-packages/airflow/example_dags/example_external_task_marker_dag.py
[2022-03-14 11:13:32,329] {logging_mixin.py:109} INFO - [2022-03-14 11:13:32,329] {dag.py:2398} INFO - Sync 2 DAGs
[2022-03-14 11:13:32,338] {logging_mixin.py:109} INFO - [2022-03-14 11:13:32,338] {dag.py:2937} INFO - Setting next_dagrun for example_external_task_marker_child to None
[2022-03-14 11:13:32,338] {logging_mixin.py:109} INFO - [2022-03-14 11:13:32,338] {dag.py:2937} INFO - Setting next_dagrun for example_external_task_marker_parent to None
[2022-03-14 11:13:32,348] {processor.py:171} INFO - Processing /opt/anaconda3/lib/python3.9/site-packages/airflow/example_dags/example_external_task_marker_dag.py took 0.083 seconds
[2022-03-14 11:15:54,612] {processor.py:163} INFO - Started process (PID=80060) to work on /opt/anaconda3/lib/python3.9/site-packages/airflow/example_dags/example_external_task_marker_dag.py
[2022-03-14 11:15:54,616] {processor.py:642} INFO - Processing file /opt/anaconda3/lib/python3.9/site-packages/airflow/example_dags/example_external_task_marker_dag.py for tasks to queue
[2022-03-14 11:15:54,616] {logging_mixin.py:109} INFO - [2022-03-14 11:15:54,616] {dagbag.py:500} INFO - Filling up the DagBag from /opt/anaconda3/lib/python3.9/site-packages/airflow/example_dags/example_external_task_marker_dag.py
[2022-03-14 11:15:54,672] {processor.py:654} INFO - DAG(s) dict_keys(['example_external_task_marker_parent', 'example_external_task_marker_child']) retrieved from /opt/anaconda3/lib/python3.9/site-packages/airflow/example_dags/example_external_task_marker_dag.py
[2022-03-14 11:15:54,704] {logging_mixin.py:109} INFO - [2022-03-14 11:15:54,704] {dag.py:2398} INFO - Sync 2 DAGs
[2022-03-14 11:15:54,718] {logging_mixin.py:109} INFO - [2022-03-14 11:15:54,718] {dag.py:2937} INFO - Setting next_dagrun for example_external_task_marker_child to None
[2022-03-14 11:15:54,718] {logging_mixin.py:109} INFO - [2022-03-14 11:15:54,718] {dag.py:2937} INFO - Setting next_dagrun for example_external_task_marker_parent to None
[2022-03-14 11:15:54,736] {processor.py:171} INFO - Processing /opt/anaconda3/lib/python3.9/site-packages/airflow/example_dags/example_external_task_marker_dag.py took 0.124 seconds
[2022-03-14 11:18:51,697] {processor.py:163} INFO - Started process (PID=80279) to work on /opt/anaconda3/lib/python3.9/site-packages/airflow/example_dags/example_external_task_marker_dag.py
[2022-03-14 11:18:51,697] {processor.py:642} INFO - Processing file /opt/anaconda3/lib/python3.9/site-packages/airflow/example_dags/example_external_task_marker_dag.py for tasks to queue
[2022-03-14 11:18:51,698] {logging_mixin.py:109} INFO - [2022-03-14 11:18:51,698] {dagbag.py:500} INFO - Filling up the DagBag from /opt/anaconda3/lib/python3.9/site-packages/airflow/example_dags/example_external_task_marker_dag.py
[2022-03-14 11:18:51,739] {processor.py:654} INFO - DAG(s) dict_keys(['example_external_task_marker_parent', 'example_external_task_marker_child']) retrieved from /opt/anaconda3/lib/python3.9/site-packages/airflow/example_dags/example_external_task_marker_dag.py
[2022-03-14 11:18:51,760] {logging_mixin.py:109} INFO - [2022-03-14 11:18:51,760] {dag.py:2398} INFO - Sync 2 DAGs
[2022-03-14 11:18:51,770] {logging_mixin.py:109} INFO - [2022-03-14 11:18:51,770] {dag.py:2937} INFO - Setting next_dagrun for example_external_task_marker_child to None
[2022-03-14 11:18:51,771] {logging_mixin.py:109} INFO - [2022-03-14 11:18:51,770] {dag.py:2937} INFO - Setting next_dagrun for example_external_task_marker_parent to None
[2022-03-14 11:18:51,780] {processor.py:171} INFO - Processing /opt/anaconda3/lib/python3.9/site-packages/airflow/example_dags/example_external_task_marker_dag.py took 0.084 seconds
[2022-03-14 11:21:39,450] {processor.py:163} INFO - Started process (PID=80383) to work on /opt/anaconda3/lib/python3.9/site-packages/airflow/example_dags/example_external_task_marker_dag.py
[2022-03-14 11:21:39,456] {processor.py:642} INFO - Processing file /opt/anaconda3/lib/python3.9/site-packages/airflow/example_dags/example_external_task_marker_dag.py for tasks to queue
[2022-03-14 11:21:39,457] {logging_mixin.py:109} INFO - [2022-03-14 11:21:39,457] {dagbag.py:500} INFO - Filling up the DagBag from /opt/anaconda3/lib/python3.9/site-packages/airflow/example_dags/example_external_task_marker_dag.py
[2022-03-14 11:21:39,500] {processor.py:654} INFO - DAG(s) dict_keys(['example_external_task_marker_parent', 'example_external_task_marker_child']) retrieved from /opt/anaconda3/lib/python3.9/site-packages/airflow/example_dags/example_external_task_marker_dag.py
[2022-03-14 11:21:39,520] {logging_mixin.py:109} INFO - [2022-03-14 11:21:39,520] {dag.py:2398} INFO - Sync 2 DAGs
[2022-03-14 11:21:39,529] {logging_mixin.py:109} INFO - [2022-03-14 11:21:39,529] {dag.py:2937} INFO - Setting next_dagrun for example_external_task_marker_child to None
[2022-03-14 11:21:39,529] {logging_mixin.py:109} INFO - [2022-03-14 11:21:39,529] {dag.py:2937} INFO - Setting next_dagrun for example_external_task_marker_parent to None
[2022-03-14 11:21:39,541] {processor.py:171} INFO - Processing /opt/anaconda3/lib/python3.9/site-packages/airflow/example_dags/example_external_task_marker_dag.py took 0.092 seconds
[2022-03-14 11:24:13,288] {processor.py:163} INFO - Started process (PID=80482) to work on /opt/anaconda3/lib/python3.9/site-packages/airflow/example_dags/example_external_task_marker_dag.py
[2022-03-14 11:24:13,288] {processor.py:642} INFO - Processing file /opt/anaconda3/lib/python3.9/site-packages/airflow/example_dags/example_external_task_marker_dag.py for tasks to queue
[2022-03-14 11:24:13,289] {logging_mixin.py:109} INFO - [2022-03-14 11:24:13,289] {dagbag.py:500} INFO - Filling up the DagBag from /opt/anaconda3/lib/python3.9/site-packages/airflow/example_dags/example_external_task_marker_dag.py
[2022-03-14 11:24:13,334] {processor.py:654} INFO - DAG(s) dict_keys(['example_external_task_marker_parent', 'example_external_task_marker_child']) retrieved from /opt/anaconda3/lib/python3.9/site-packages/airflow/example_dags/example_external_task_marker_dag.py
[2022-03-14 11:24:13,357] {logging_mixin.py:109} INFO - [2022-03-14 11:24:13,357] {dag.py:2398} INFO - Sync 2 DAGs
[2022-03-14 11:24:13,368] {logging_mixin.py:109} INFO - [2022-03-14 11:24:13,368] {dag.py:2937} INFO - Setting next_dagrun for example_external_task_marker_child to None
[2022-03-14 11:24:13,368] {logging_mixin.py:109} INFO - [2022-03-14 11:24:13,368] {dag.py:2937} INFO - Setting next_dagrun for example_external_task_marker_parent to None
[2022-03-14 11:24:13,383] {processor.py:171} INFO - Processing /opt/anaconda3/lib/python3.9/site-packages/airflow/example_dags/example_external_task_marker_dag.py took 0.096 seconds
[2022-03-14 11:26:54,400] {processor.py:163} INFO - Started process (PID=80599) to work on /opt/anaconda3/lib/python3.9/site-packages/airflow/example_dags/example_external_task_marker_dag.py
[2022-03-14 11:26:54,401] {processor.py:642} INFO - Processing file /opt/anaconda3/lib/python3.9/site-packages/airflow/example_dags/example_external_task_marker_dag.py for tasks to queue
[2022-03-14 11:26:54,401] {logging_mixin.py:109} INFO - [2022-03-14 11:26:54,401] {dagbag.py:500} INFO - Filling up the DagBag from /opt/anaconda3/lib/python3.9/site-packages/airflow/example_dags/example_external_task_marker_dag.py
[2022-03-14 11:26:54,483] {processor.py:654} INFO - DAG(s) dict_keys(['example_external_task_marker_parent', 'example_external_task_marker_child']) retrieved from /opt/anaconda3/lib/python3.9/site-packages/airflow/example_dags/example_external_task_marker_dag.py
[2022-03-14 11:26:54,507] {logging_mixin.py:109} INFO - [2022-03-14 11:26:54,506] {dag.py:2398} INFO - Sync 2 DAGs
[2022-03-14 11:26:54,517] {logging_mixin.py:109} INFO - [2022-03-14 11:26:54,517] {dag.py:2937} INFO - Setting next_dagrun for example_external_task_marker_child to None
[2022-03-14 11:26:54,518] {logging_mixin.py:109} INFO - [2022-03-14 11:26:54,518] {dag.py:2937} INFO - Setting next_dagrun for example_external_task_marker_parent to None
[2022-03-14 11:26:54,529] {processor.py:171} INFO - Processing /opt/anaconda3/lib/python3.9/site-packages/airflow/example_dags/example_external_task_marker_dag.py took 0.130 seconds
[2022-03-14 11:29:31,802] {processor.py:163} INFO - Started process (PID=80778) to work on /opt/anaconda3/lib/python3.9/site-packages/airflow/example_dags/example_external_task_marker_dag.py
[2022-03-14 11:29:31,808] {processor.py:642} INFO - Processing file /opt/anaconda3/lib/python3.9/site-packages/airflow/example_dags/example_external_task_marker_dag.py for tasks to queue
[2022-03-14 11:29:31,808] {logging_mixin.py:109} INFO - [2022-03-14 11:29:31,808] {dagbag.py:500} INFO - Filling up the DagBag from /opt/anaconda3/lib/python3.9/site-packages/airflow/example_dags/example_external_task_marker_dag.py
[2022-03-14 11:29:31,852] {processor.py:654} INFO - DAG(s) dict_keys(['example_external_task_marker_parent', 'example_external_task_marker_child']) retrieved from /opt/anaconda3/lib/python3.9/site-packages/airflow/example_dags/example_external_task_marker_dag.py
[2022-03-14 11:29:31,873] {logging_mixin.py:109} INFO - [2022-03-14 11:29:31,873] {dag.py:2398} INFO - Sync 2 DAGs
[2022-03-14 11:29:31,883] {logging_mixin.py:109} INFO - [2022-03-14 11:29:31,883] {dag.py:2937} INFO - Setting next_dagrun for example_external_task_marker_child to None
[2022-03-14 11:29:31,883] {logging_mixin.py:109} INFO - [2022-03-14 11:29:31,883] {dag.py:2937} INFO - Setting next_dagrun for example_external_task_marker_parent to None
[2022-03-14 11:29:31,893] {processor.py:171} INFO - Processing /opt/anaconda3/lib/python3.9/site-packages/airflow/example_dags/example_external_task_marker_dag.py took 0.092 seconds
[2022-03-14 11:32:05,693] {processor.py:163} INFO - Started process (PID=80875) to work on /opt/anaconda3/lib/python3.9/site-packages/airflow/example_dags/example_external_task_marker_dag.py
[2022-03-14 11:32:05,694] {processor.py:642} INFO - Processing file /opt/anaconda3/lib/python3.9/site-packages/airflow/example_dags/example_external_task_marker_dag.py for tasks to queue
[2022-03-14 11:32:05,694] {logging_mixin.py:109} INFO - [2022-03-14 11:32:05,694] {dagbag.py:500} INFO - Filling up the DagBag from /opt/anaconda3/lib/python3.9/site-packages/airflow/example_dags/example_external_task_marker_dag.py
[2022-03-14 11:32:05,736] {processor.py:654} INFO - DAG(s) dict_keys(['example_external_task_marker_parent', 'example_external_task_marker_child']) retrieved from /opt/anaconda3/lib/python3.9/site-packages/airflow/example_dags/example_external_task_marker_dag.py
[2022-03-14 11:32:05,758] {logging_mixin.py:109} INFO - [2022-03-14 11:32:05,758] {dag.py:2398} INFO - Sync 2 DAGs
[2022-03-14 11:32:05,768] {logging_mixin.py:109} INFO - [2022-03-14 11:32:05,768] {dag.py:2937} INFO - Setting next_dagrun for example_external_task_marker_child to None
[2022-03-14 11:32:05,768] {logging_mixin.py:109} INFO - [2022-03-14 11:32:05,768] {dag.py:2937} INFO - Setting next_dagrun for example_external_task_marker_parent to None
[2022-03-14 11:32:05,783] {processor.py:171} INFO - Processing /opt/anaconda3/lib/python3.9/site-packages/airflow/example_dags/example_external_task_marker_dag.py took 0.090 seconds
[2022-03-14 11:34:36,729] {processor.py:163} INFO - Started process (PID=80947) to work on /opt/anaconda3/lib/python3.9/site-packages/airflow/example_dags/example_external_task_marker_dag.py
[2022-03-14 11:34:36,733] {processor.py:642} INFO - Processing file /opt/anaconda3/lib/python3.9/site-packages/airflow/example_dags/example_external_task_marker_dag.py for tasks to queue
[2022-03-14 11:34:36,734] {logging_mixin.py:109} INFO - [2022-03-14 11:34:36,733] {dagbag.py:500} INFO - Filling up the DagBag from /opt/anaconda3/lib/python3.9/site-packages/airflow/example_dags/example_external_task_marker_dag.py
[2022-03-14 11:34:36,778] {processor.py:654} INFO - DAG(s) dict_keys(['example_external_task_marker_parent', 'example_external_task_marker_child']) retrieved from /opt/anaconda3/lib/python3.9/site-packages/airflow/example_dags/example_external_task_marker_dag.py
[2022-03-14 11:34:36,800] {logging_mixin.py:109} INFO - [2022-03-14 11:34:36,800] {dag.py:2398} INFO - Sync 2 DAGs
[2022-03-14 11:34:36,810] {logging_mixin.py:109} INFO - [2022-03-14 11:34:36,810] {dag.py:2937} INFO - Setting next_dagrun for example_external_task_marker_child to None
[2022-03-14 11:34:36,810] {logging_mixin.py:109} INFO - [2022-03-14 11:34:36,810] {dag.py:2937} INFO - Setting next_dagrun for example_external_task_marker_parent to None
[2022-03-14 11:34:36,822] {processor.py:171} INFO - Processing /opt/anaconda3/lib/python3.9/site-packages/airflow/example_dags/example_external_task_marker_dag.py took 0.093 seconds
[2022-03-14 11:37:08,788] {processor.py:163} INFO - Started process (PID=81048) to work on /opt/anaconda3/lib/python3.9/site-packages/airflow/example_dags/example_external_task_marker_dag.py
[2022-03-14 11:37:08,789] {processor.py:642} INFO - Processing file /opt/anaconda3/lib/python3.9/site-packages/airflow/example_dags/example_external_task_marker_dag.py for tasks to queue
[2022-03-14 11:37:08,789] {logging_mixin.py:109} INFO - [2022-03-14 11:37:08,789] {dagbag.py:500} INFO - Filling up the DagBag from /opt/anaconda3/lib/python3.9/site-packages/airflow/example_dags/example_external_task_marker_dag.py
[2022-03-14 11:37:08,831] {processor.py:654} INFO - DAG(s) dict_keys(['example_external_task_marker_parent', 'example_external_task_marker_child']) retrieved from /opt/anaconda3/lib/python3.9/site-packages/airflow/example_dags/example_external_task_marker_dag.py
[2022-03-14 11:37:08,851] {logging_mixin.py:109} INFO - [2022-03-14 11:37:08,851] {dag.py:2398} INFO - Sync 2 DAGs
[2022-03-14 11:37:08,860] {logging_mixin.py:109} INFO - [2022-03-14 11:37:08,860] {dag.py:2937} INFO - Setting next_dagrun for example_external_task_marker_child to None
[2022-03-14 11:37:08,861] {logging_mixin.py:109} INFO - [2022-03-14 11:37:08,861] {dag.py:2937} INFO - Setting next_dagrun for example_external_task_marker_parent to None
[2022-03-14 11:37:08,871] {processor.py:171} INFO - Processing /opt/anaconda3/lib/python3.9/site-packages/airflow/example_dags/example_external_task_marker_dag.py took 0.083 seconds
[2022-03-14 11:39:42,671] {processor.py:163} INFO - Started process (PID=81241) to work on /opt/anaconda3/lib/python3.9/site-packages/airflow/example_dags/example_external_task_marker_dag.py
[2022-03-14 11:39:42,671] {processor.py:642} INFO - Processing file /opt/anaconda3/lib/python3.9/site-packages/airflow/example_dags/example_external_task_marker_dag.py for tasks to queue
[2022-03-14 11:39:42,672] {logging_mixin.py:109} INFO - [2022-03-14 11:39:42,672] {dagbag.py:500} INFO - Filling up the DagBag from /opt/anaconda3/lib/python3.9/site-packages/airflow/example_dags/example_external_task_marker_dag.py
[2022-03-14 11:39:42,714] {processor.py:654} INFO - DAG(s) dict_keys(['example_external_task_marker_parent', 'example_external_task_marker_child']) retrieved from /opt/anaconda3/lib/python3.9/site-packages/airflow/example_dags/example_external_task_marker_dag.py
[2022-03-14 11:39:42,734] {logging_mixin.py:109} INFO - [2022-03-14 11:39:42,734] {dag.py:2398} INFO - Sync 2 DAGs
[2022-03-14 11:39:42,743] {logging_mixin.py:109} INFO - [2022-03-14 11:39:42,743] {dag.py:2937} INFO - Setting next_dagrun for example_external_task_marker_child to None
[2022-03-14 11:39:42,743] {logging_mixin.py:109} INFO - [2022-03-14 11:39:42,743] {dag.py:2937} INFO - Setting next_dagrun for example_external_task_marker_parent to None
[2022-03-14 11:39:42,754] {processor.py:171} INFO - Processing /opt/anaconda3/lib/python3.9/site-packages/airflow/example_dags/example_external_task_marker_dag.py took 0.084 seconds
[2022-03-14 11:42:08,137] {processor.py:163} INFO - Started process (PID=81386) to work on /opt/anaconda3/lib/python3.9/site-packages/airflow/example_dags/example_external_task_marker_dag.py
[2022-03-14 11:42:08,144] {processor.py:642} INFO - Processing file /opt/anaconda3/lib/python3.9/site-packages/airflow/example_dags/example_external_task_marker_dag.py for tasks to queue
[2022-03-14 11:42:08,144] {logging_mixin.py:109} INFO - [2022-03-14 11:42:08,144] {dagbag.py:500} INFO - Filling up the DagBag from /opt/anaconda3/lib/python3.9/site-packages/airflow/example_dags/example_external_task_marker_dag.py
[2022-03-14 11:42:08,192] {processor.py:654} INFO - DAG(s) dict_keys(['example_external_task_marker_parent', 'example_external_task_marker_child']) retrieved from /opt/anaconda3/lib/python3.9/site-packages/airflow/example_dags/example_external_task_marker_dag.py
[2022-03-14 11:42:08,212] {logging_mixin.py:109} INFO - [2022-03-14 11:42:08,212] {dag.py:2398} INFO - Sync 2 DAGs
[2022-03-14 11:42:08,221] {logging_mixin.py:109} INFO - [2022-03-14 11:42:08,221] {dag.py:2937} INFO - Setting next_dagrun for example_external_task_marker_child to None
[2022-03-14 11:42:08,221] {logging_mixin.py:109} INFO - [2022-03-14 11:42:08,221] {dag.py:2937} INFO - Setting next_dagrun for example_external_task_marker_parent to None
[2022-03-14 11:42:08,231] {processor.py:171} INFO - Processing /opt/anaconda3/lib/python3.9/site-packages/airflow/example_dags/example_external_task_marker_dag.py took 0.095 seconds
[2022-03-14 11:44:37,759] {processor.py:163} INFO - Started process (PID=81492) to work on /opt/anaconda3/lib/python3.9/site-packages/airflow/example_dags/example_external_task_marker_dag.py
[2022-03-14 11:44:37,765] {processor.py:642} INFO - Processing file /opt/anaconda3/lib/python3.9/site-packages/airflow/example_dags/example_external_task_marker_dag.py for tasks to queue
[2022-03-14 11:44:37,766] {logging_mixin.py:109} INFO - [2022-03-14 11:44:37,766] {dagbag.py:500} INFO - Filling up the DagBag from /opt/anaconda3/lib/python3.9/site-packages/airflow/example_dags/example_external_task_marker_dag.py
[2022-03-14 11:44:37,807] {processor.py:654} INFO - DAG(s) dict_keys(['example_external_task_marker_parent', 'example_external_task_marker_child']) retrieved from /opt/anaconda3/lib/python3.9/site-packages/airflow/example_dags/example_external_task_marker_dag.py
[2022-03-14 11:44:37,827] {logging_mixin.py:109} INFO - [2022-03-14 11:44:37,827] {dag.py:2398} INFO - Sync 2 DAGs
[2022-03-14 11:44:37,836] {logging_mixin.py:109} INFO - [2022-03-14 11:44:37,836] {dag.py:2937} INFO - Setting next_dagrun for example_external_task_marker_child to None
[2022-03-14 11:44:37,836] {logging_mixin.py:109} INFO - [2022-03-14 11:44:37,836] {dag.py:2937} INFO - Setting next_dagrun for example_external_task_marker_parent to None
[2022-03-14 11:44:37,848] {processor.py:171} INFO - Processing /opt/anaconda3/lib/python3.9/site-packages/airflow/example_dags/example_external_task_marker_dag.py took 0.090 seconds
[2022-03-14 11:47:10,091] {processor.py:163} INFO - Started process (PID=81605) to work on /opt/anaconda3/lib/python3.9/site-packages/airflow/example_dags/example_external_task_marker_dag.py
[2022-03-14 11:47:10,097] {processor.py:642} INFO - Processing file /opt/anaconda3/lib/python3.9/site-packages/airflow/example_dags/example_external_task_marker_dag.py for tasks to queue
[2022-03-14 11:47:10,098] {logging_mixin.py:109} INFO - [2022-03-14 11:47:10,098] {dagbag.py:500} INFO - Filling up the DagBag from /opt/anaconda3/lib/python3.9/site-packages/airflow/example_dags/example_external_task_marker_dag.py
[2022-03-14 11:47:10,143] {processor.py:654} INFO - DAG(s) dict_keys(['example_external_task_marker_parent', 'example_external_task_marker_child']) retrieved from /opt/anaconda3/lib/python3.9/site-packages/airflow/example_dags/example_external_task_marker_dag.py
[2022-03-14 11:47:10,164] {logging_mixin.py:109} INFO - [2022-03-14 11:47:10,164] {dag.py:2398} INFO - Sync 2 DAGs
[2022-03-14 11:47:10,173] {logging_mixin.py:109} INFO - [2022-03-14 11:47:10,173] {dag.py:2937} INFO - Setting next_dagrun for example_external_task_marker_child to None
[2022-03-14 11:47:10,173] {logging_mixin.py:109} INFO - [2022-03-14 11:47:10,173] {dag.py:2937} INFO - Setting next_dagrun for example_external_task_marker_parent to None
[2022-03-14 11:47:10,184] {processor.py:171} INFO - Processing /opt/anaconda3/lib/python3.9/site-packages/airflow/example_dags/example_external_task_marker_dag.py took 0.093 seconds
[2022-03-14 11:49:43,558] {processor.py:163} INFO - Started process (PID=81751) to work on /opt/anaconda3/lib/python3.9/site-packages/airflow/example_dags/example_external_task_marker_dag.py
[2022-03-14 11:49:43,558] {processor.py:642} INFO - Processing file /opt/anaconda3/lib/python3.9/site-packages/airflow/example_dags/example_external_task_marker_dag.py for tasks to queue
[2022-03-14 11:49:43,559] {logging_mixin.py:109} INFO - [2022-03-14 11:49:43,559] {dagbag.py:500} INFO - Filling up the DagBag from /opt/anaconda3/lib/python3.9/site-packages/airflow/example_dags/example_external_task_marker_dag.py
[2022-03-14 11:49:43,596] {processor.py:654} INFO - DAG(s) dict_keys(['example_external_task_marker_parent', 'example_external_task_marker_child']) retrieved from /opt/anaconda3/lib/python3.9/site-packages/airflow/example_dags/example_external_task_marker_dag.py
[2022-03-14 11:49:43,615] {logging_mixin.py:109} INFO - [2022-03-14 11:49:43,614] {dag.py:2398} INFO - Sync 2 DAGs
[2022-03-14 11:49:43,623] {logging_mixin.py:109} INFO - [2022-03-14 11:49:43,623] {dag.py:2937} INFO - Setting next_dagrun for example_external_task_marker_child to None
[2022-03-14 11:49:43,623] {logging_mixin.py:109} INFO - [2022-03-14 11:49:43,623] {dag.py:2937} INFO - Setting next_dagrun for example_external_task_marker_parent to None
[2022-03-14 11:49:43,631] {processor.py:171} INFO - Processing /opt/anaconda3/lib/python3.9/site-packages/airflow/example_dags/example_external_task_marker_dag.py took 0.074 seconds
[2022-03-14 11:52:17,916] {processor.py:163} INFO - Started process (PID=81854) to work on /opt/anaconda3/lib/python3.9/site-packages/airflow/example_dags/example_external_task_marker_dag.py
[2022-03-14 11:52:17,917] {processor.py:642} INFO - Processing file /opt/anaconda3/lib/python3.9/site-packages/airflow/example_dags/example_external_task_marker_dag.py for tasks to queue
[2022-03-14 11:52:17,917] {logging_mixin.py:109} INFO - [2022-03-14 11:52:17,917] {dagbag.py:500} INFO - Filling up the DagBag from /opt/anaconda3/lib/python3.9/site-packages/airflow/example_dags/example_external_task_marker_dag.py
[2022-03-14 11:52:17,961] {processor.py:654} INFO - DAG(s) dict_keys(['example_external_task_marker_parent', 'example_external_task_marker_child']) retrieved from /opt/anaconda3/lib/python3.9/site-packages/airflow/example_dags/example_external_task_marker_dag.py
[2022-03-14 11:52:17,982] {logging_mixin.py:109} INFO - [2022-03-14 11:52:17,981] {dag.py:2398} INFO - Sync 2 DAGs
[2022-03-14 11:52:17,991] {logging_mixin.py:109} INFO - [2022-03-14 11:52:17,991] {dag.py:2937} INFO - Setting next_dagrun for example_external_task_marker_child to None
[2022-03-14 11:52:17,991] {logging_mixin.py:109} INFO - [2022-03-14 11:52:17,991] {dag.py:2937} INFO - Setting next_dagrun for example_external_task_marker_parent to None
[2022-03-14 11:52:18,006] {processor.py:171} INFO - Processing /opt/anaconda3/lib/python3.9/site-packages/airflow/example_dags/example_external_task_marker_dag.py took 0.090 seconds
[2022-03-14 11:54:50,992] {processor.py:163} INFO - Started process (PID=81955) to work on /opt/anaconda3/lib/python3.9/site-packages/airflow/example_dags/example_external_task_marker_dag.py
[2022-03-14 11:54:50,993] {processor.py:642} INFO - Processing file /opt/anaconda3/lib/python3.9/site-packages/airflow/example_dags/example_external_task_marker_dag.py for tasks to queue
[2022-03-14 11:54:50,993] {logging_mixin.py:109} INFO - [2022-03-14 11:54:50,993] {dagbag.py:500} INFO - Filling up the DagBag from /opt/anaconda3/lib/python3.9/site-packages/airflow/example_dags/example_external_task_marker_dag.py
[2022-03-14 11:54:51,034] {processor.py:654} INFO - DAG(s) dict_keys(['example_external_task_marker_parent', 'example_external_task_marker_child']) retrieved from /opt/anaconda3/lib/python3.9/site-packages/airflow/example_dags/example_external_task_marker_dag.py
[2022-03-14 11:54:51,055] {logging_mixin.py:109} INFO - [2022-03-14 11:54:51,055] {dag.py:2398} INFO - Sync 2 DAGs
[2022-03-14 11:54:51,064] {logging_mixin.py:109} INFO - [2022-03-14 11:54:51,064] {dag.py:2937} INFO - Setting next_dagrun for example_external_task_marker_child to None
[2022-03-14 11:54:51,065] {logging_mixin.py:109} INFO - [2022-03-14 11:54:51,065] {dag.py:2937} INFO - Setting next_dagrun for example_external_task_marker_parent to None
[2022-03-14 11:54:51,075] {processor.py:171} INFO - Processing /opt/anaconda3/lib/python3.9/site-packages/airflow/example_dags/example_external_task_marker_dag.py took 0.084 seconds
[2022-03-14 11:57:24,921] {processor.py:163} INFO - Started process (PID=82066) to work on /opt/anaconda3/lib/python3.9/site-packages/airflow/example_dags/example_external_task_marker_dag.py
[2022-03-14 11:57:24,927] {processor.py:642} INFO - Processing file /opt/anaconda3/lib/python3.9/site-packages/airflow/example_dags/example_external_task_marker_dag.py for tasks to queue
[2022-03-14 11:57:24,928] {logging_mixin.py:109} INFO - [2022-03-14 11:57:24,928] {dagbag.py:500} INFO - Filling up the DagBag from /opt/anaconda3/lib/python3.9/site-packages/airflow/example_dags/example_external_task_marker_dag.py
[2022-03-14 11:57:24,978] {processor.py:654} INFO - DAG(s) dict_keys(['example_external_task_marker_parent', 'example_external_task_marker_child']) retrieved from /opt/anaconda3/lib/python3.9/site-packages/airflow/example_dags/example_external_task_marker_dag.py
[2022-03-14 11:57:25,000] {logging_mixin.py:109} INFO - [2022-03-14 11:57:25,000] {dag.py:2398} INFO - Sync 2 DAGs
[2022-03-14 11:57:25,011] {logging_mixin.py:109} INFO - [2022-03-14 11:57:25,011] {dag.py:2937} INFO - Setting next_dagrun for example_external_task_marker_child to None
[2022-03-14 11:57:25,011] {logging_mixin.py:109} INFO - [2022-03-14 11:57:25,011] {dag.py:2937} INFO - Setting next_dagrun for example_external_task_marker_parent to None
[2022-03-14 11:57:25,023] {processor.py:171} INFO - Processing /opt/anaconda3/lib/python3.9/site-packages/airflow/example_dags/example_external_task_marker_dag.py took 0.103 seconds
[2022-03-14 11:59:59,906] {processor.py:163} INFO - Started process (PID=82217) to work on /opt/anaconda3/lib/python3.9/site-packages/airflow/example_dags/example_external_task_marker_dag.py
[2022-03-14 11:59:59,912] {processor.py:642} INFO - Processing file /opt/anaconda3/lib/python3.9/site-packages/airflow/example_dags/example_external_task_marker_dag.py for tasks to queue
[2022-03-14 11:59:59,912] {logging_mixin.py:109} INFO - [2022-03-14 11:59:59,912] {dagbag.py:500} INFO - Filling up the DagBag from /opt/anaconda3/lib/python3.9/site-packages/airflow/example_dags/example_external_task_marker_dag.py
[2022-03-14 11:59:59,961] {processor.py:654} INFO - DAG(s) dict_keys(['example_external_task_marker_parent', 'example_external_task_marker_child']) retrieved from /opt/anaconda3/lib/python3.9/site-packages/airflow/example_dags/example_external_task_marker_dag.py
[2022-03-14 11:59:59,984] {logging_mixin.py:109} INFO - [2022-03-14 11:59:59,984] {dag.py:2398} INFO - Sync 2 DAGs
[2022-03-14 11:59:59,995] {logging_mixin.py:109} INFO - [2022-03-14 11:59:59,995] {dag.py:2937} INFO - Setting next_dagrun for example_external_task_marker_child to None
[2022-03-14 11:59:59,995] {logging_mixin.py:109} INFO - [2022-03-14 11:59:59,995] {dag.py:2937} INFO - Setting next_dagrun for example_external_task_marker_parent to None
[2022-03-14 12:00:00,010] {processor.py:171} INFO - Processing /opt/anaconda3/lib/python3.9/site-packages/airflow/example_dags/example_external_task_marker_dag.py took 0.105 seconds
[2022-03-14 12:02:31,908] {processor.py:163} INFO - Started process (PID=82315) to work on /opt/anaconda3/lib/python3.9/site-packages/airflow/example_dags/example_external_task_marker_dag.py
[2022-03-14 12:02:31,911] {processor.py:642} INFO - Processing file /opt/anaconda3/lib/python3.9/site-packages/airflow/example_dags/example_external_task_marker_dag.py for tasks to queue
[2022-03-14 12:02:31,911] {logging_mixin.py:109} INFO - [2022-03-14 12:02:31,911] {dagbag.py:500} INFO - Filling up the DagBag from /opt/anaconda3/lib/python3.9/site-packages/airflow/example_dags/example_external_task_marker_dag.py
[2022-03-14 12:02:31,953] {processor.py:654} INFO - DAG(s) dict_keys(['example_external_task_marker_parent', 'example_external_task_marker_child']) retrieved from /opt/anaconda3/lib/python3.9/site-packages/airflow/example_dags/example_external_task_marker_dag.py
[2022-03-14 12:02:31,973] {logging_mixin.py:109} INFO - [2022-03-14 12:02:31,973] {dag.py:2398} INFO - Sync 2 DAGs
[2022-03-14 12:02:31,982] {logging_mixin.py:109} INFO - [2022-03-14 12:02:31,982] {dag.py:2937} INFO - Setting next_dagrun for example_external_task_marker_child to None
[2022-03-14 12:02:31,982] {logging_mixin.py:109} INFO - [2022-03-14 12:02:31,982] {dag.py:2937} INFO - Setting next_dagrun for example_external_task_marker_parent to None
[2022-03-14 12:02:31,995] {processor.py:171} INFO - Processing /opt/anaconda3/lib/python3.9/site-packages/airflow/example_dags/example_external_task_marker_dag.py took 0.087 seconds
[2022-03-14 12:05:03,011] {processor.py:163} INFO - Started process (PID=82426) to work on /opt/anaconda3/lib/python3.9/site-packages/airflow/example_dags/example_external_task_marker_dag.py
[2022-03-14 12:05:03,018] {processor.py:642} INFO - Processing file /opt/anaconda3/lib/python3.9/site-packages/airflow/example_dags/example_external_task_marker_dag.py for tasks to queue
[2022-03-14 12:05:03,018] {logging_mixin.py:109} INFO - [2022-03-14 12:05:03,018] {dagbag.py:500} INFO - Filling up the DagBag from /opt/anaconda3/lib/python3.9/site-packages/airflow/example_dags/example_external_task_marker_dag.py
[2022-03-14 12:05:03,066] {processor.py:654} INFO - DAG(s) dict_keys(['example_external_task_marker_parent', 'example_external_task_marker_child']) retrieved from /opt/anaconda3/lib/python3.9/site-packages/airflow/example_dags/example_external_task_marker_dag.py
[2022-03-14 12:05:03,091] {logging_mixin.py:109} INFO - [2022-03-14 12:05:03,090] {dag.py:2398} INFO - Sync 2 DAGs
[2022-03-14 12:05:03,101] {logging_mixin.py:109} INFO - [2022-03-14 12:05:03,101] {dag.py:2937} INFO - Setting next_dagrun for example_external_task_marker_child to None
[2022-03-14 12:05:03,101] {logging_mixin.py:109} INFO - [2022-03-14 12:05:03,101] {dag.py:2937} INFO - Setting next_dagrun for example_external_task_marker_parent to None
[2022-03-14 12:05:03,113] {processor.py:171} INFO - Processing /opt/anaconda3/lib/python3.9/site-packages/airflow/example_dags/example_external_task_marker_dag.py took 0.102 seconds
[2022-03-14 12:07:26,131] {processor.py:163} INFO - Started process (PID=82516) to work on /opt/anaconda3/lib/python3.9/site-packages/airflow/example_dags/example_external_task_marker_dag.py
[2022-03-14 12:07:26,131] {processor.py:642} INFO - Processing file /opt/anaconda3/lib/python3.9/site-packages/airflow/example_dags/example_external_task_marker_dag.py for tasks to queue
[2022-03-14 12:07:26,131] {logging_mixin.py:109} INFO - [2022-03-14 12:07:26,131] {dagbag.py:500} INFO - Filling up the DagBag from /opt/anaconda3/lib/python3.9/site-packages/airflow/example_dags/example_external_task_marker_dag.py
[2022-03-14 12:07:26,179] {processor.py:654} INFO - DAG(s) dict_keys(['example_external_task_marker_parent', 'example_external_task_marker_child']) retrieved from /opt/anaconda3/lib/python3.9/site-packages/airflow/example_dags/example_external_task_marker_dag.py
[2022-03-14 12:07:26,199] {logging_mixin.py:109} INFO - [2022-03-14 12:07:26,199] {dag.py:2398} INFO - Sync 2 DAGs
[2022-03-14 12:07:26,209] {logging_mixin.py:109} INFO - [2022-03-14 12:07:26,208] {dag.py:2937} INFO - Setting next_dagrun for example_external_task_marker_child to None
[2022-03-14 12:07:26,209] {logging_mixin.py:109} INFO - [2022-03-14 12:07:26,209] {dag.py:2937} INFO - Setting next_dagrun for example_external_task_marker_parent to None
[2022-03-14 12:07:26,220] {processor.py:171} INFO - Processing /opt/anaconda3/lib/python3.9/site-packages/airflow/example_dags/example_external_task_marker_dag.py took 0.090 seconds
