[2022-03-14 09:08:30,215] {processor.py:163} INFO - Started process (PID=74015) to work on /opt/anaconda3/lib/python3.9/site-packages/airflow/example_dags/example_complex.py
[2022-03-14 09:08:30,216] {processor.py:642} INFO - Processing file /opt/anaconda3/lib/python3.9/site-packages/airflow/example_dags/example_complex.py for tasks to queue
[2022-03-14 09:08:30,217] {logging_mixin.py:109} INFO - [2022-03-14 09:08:30,216] {dagbag.py:500} INFO - Filling up the DagBag from /opt/anaconda3/lib/python3.9/site-packages/airflow/example_dags/example_complex.py
[2022-03-14 09:08:30,279] {processor.py:654} INFO - DAG(s) dict_keys(['example_complex']) retrieved from /opt/anaconda3/lib/python3.9/site-packages/airflow/example_dags/example_complex.py
[2022-03-14 09:08:30,305] {logging_mixin.py:109} INFO - [2022-03-14 09:08:30,305] {dag.py:2398} INFO - Sync 1 DAGs
[2022-03-14 09:08:30,314] {logging_mixin.py:109} INFO - [2022-03-14 09:08:30,314] {dag.py:2937} INFO - Setting next_dagrun for example_complex to None
[2022-03-14 09:08:30,324] {processor.py:171} INFO - Processing /opt/anaconda3/lib/python3.9/site-packages/airflow/example_dags/example_complex.py took 0.109 seconds
[2022-03-14 09:37:46,247] {processor.py:163} INFO - Started process (PID=74820) to work on /opt/anaconda3/lib/python3.9/site-packages/airflow/example_dags/example_complex.py
[2022-03-14 09:37:46,248] {processor.py:642} INFO - Processing file /opt/anaconda3/lib/python3.9/site-packages/airflow/example_dags/example_complex.py for tasks to queue
[2022-03-14 09:37:46,249] {logging_mixin.py:109} INFO - [2022-03-14 09:37:46,249] {dagbag.py:500} INFO - Filling up the DagBag from /opt/anaconda3/lib/python3.9/site-packages/airflow/example_dags/example_complex.py
[2022-03-14 09:37:46,297] {processor.py:654} INFO - DAG(s) dict_keys(['example_complex']) retrieved from /opt/anaconda3/lib/python3.9/site-packages/airflow/example_dags/example_complex.py
[2022-03-14 09:37:46,320] {logging_mixin.py:109} INFO - [2022-03-14 09:37:46,320] {dag.py:2398} INFO - Sync 1 DAGs
[2022-03-14 09:37:46,329] {logging_mixin.py:109} INFO - [2022-03-14 09:37:46,329] {dag.py:2937} INFO - Setting next_dagrun for example_complex to None
[2022-03-14 09:37:46,340] {processor.py:171} INFO - Processing /opt/anaconda3/lib/python3.9/site-packages/airflow/example_dags/example_complex.py took 0.094 seconds
[2022-03-14 09:40:20,174] {processor.py:163} INFO - Started process (PID=75080) to work on /opt/anaconda3/lib/python3.9/site-packages/airflow/example_dags/example_complex.py
[2022-03-14 09:40:20,180] {processor.py:642} INFO - Processing file /opt/anaconda3/lib/python3.9/site-packages/airflow/example_dags/example_complex.py for tasks to queue
[2022-03-14 09:40:20,181] {logging_mixin.py:109} INFO - [2022-03-14 09:40:20,180] {dagbag.py:500} INFO - Filling up the DagBag from /opt/anaconda3/lib/python3.9/site-packages/airflow/example_dags/example_complex.py
[2022-03-14 09:40:20,231] {processor.py:654} INFO - DAG(s) dict_keys(['example_complex']) retrieved from /opt/anaconda3/lib/python3.9/site-packages/airflow/example_dags/example_complex.py
[2022-03-14 09:40:20,254] {logging_mixin.py:109} INFO - [2022-03-14 09:40:20,254] {dag.py:2398} INFO - Sync 1 DAGs
[2022-03-14 09:40:20,263] {logging_mixin.py:109} INFO - [2022-03-14 09:40:20,263] {dag.py:2937} INFO - Setting next_dagrun for example_complex to None
[2022-03-14 09:40:20,276] {processor.py:171} INFO - Processing /opt/anaconda3/lib/python3.9/site-packages/airflow/example_dags/example_complex.py took 0.103 seconds
[2022-03-14 09:42:49,684] {processor.py:163} INFO - Started process (PID=75200) to work on /opt/anaconda3/lib/python3.9/site-packages/airflow/example_dags/example_complex.py
[2022-03-14 09:42:49,687] {processor.py:642} INFO - Processing file /opt/anaconda3/lib/python3.9/site-packages/airflow/example_dags/example_complex.py for tasks to queue
[2022-03-14 09:42:49,688] {logging_mixin.py:109} INFO - [2022-03-14 09:42:49,688] {dagbag.py:500} INFO - Filling up the DagBag from /opt/anaconda3/lib/python3.9/site-packages/airflow/example_dags/example_complex.py
[2022-03-14 09:42:49,734] {processor.py:654} INFO - DAG(s) dict_keys(['example_complex']) retrieved from /opt/anaconda3/lib/python3.9/site-packages/airflow/example_dags/example_complex.py
[2022-03-14 09:42:49,758] {logging_mixin.py:109} INFO - [2022-03-14 09:42:49,758] {dag.py:2398} INFO - Sync 1 DAGs
[2022-03-14 09:42:49,768] {logging_mixin.py:109} INFO - [2022-03-14 09:42:49,767] {dag.py:2937} INFO - Setting next_dagrun for example_complex to None
[2022-03-14 09:42:49,778] {processor.py:171} INFO - Processing /opt/anaconda3/lib/python3.9/site-packages/airflow/example_dags/example_complex.py took 0.094 seconds
[2022-03-14 09:45:27,848] {processor.py:163} INFO - Started process (PID=75295) to work on /opt/anaconda3/lib/python3.9/site-packages/airflow/example_dags/example_complex.py
[2022-03-14 09:45:27,855] {processor.py:642} INFO - Processing file /opt/anaconda3/lib/python3.9/site-packages/airflow/example_dags/example_complex.py for tasks to queue
[2022-03-14 09:45:27,855] {logging_mixin.py:109} INFO - [2022-03-14 09:45:27,855] {dagbag.py:500} INFO - Filling up the DagBag from /opt/anaconda3/lib/python3.9/site-packages/airflow/example_dags/example_complex.py
[2022-03-14 09:45:27,905] {processor.py:654} INFO - DAG(s) dict_keys(['example_complex']) retrieved from /opt/anaconda3/lib/python3.9/site-packages/airflow/example_dags/example_complex.py
[2022-03-14 09:45:27,928] {logging_mixin.py:109} INFO - [2022-03-14 09:45:27,928] {dag.py:2398} INFO - Sync 1 DAGs
[2022-03-14 09:45:27,937] {logging_mixin.py:109} INFO - [2022-03-14 09:45:27,937] {dag.py:2937} INFO - Setting next_dagrun for example_complex to None
[2022-03-14 09:45:27,948] {processor.py:171} INFO - Processing /opt/anaconda3/lib/python3.9/site-packages/airflow/example_dags/example_complex.py took 0.100 seconds
[2022-03-14 09:47:58,615] {processor.py:163} INFO - Started process (PID=75379) to work on /opt/anaconda3/lib/python3.9/site-packages/airflow/example_dags/example_complex.py
[2022-03-14 09:47:58,622] {processor.py:642} INFO - Processing file /opt/anaconda3/lib/python3.9/site-packages/airflow/example_dags/example_complex.py for tasks to queue
[2022-03-14 09:47:58,623] {logging_mixin.py:109} INFO - [2022-03-14 09:47:58,622] {dagbag.py:500} INFO - Filling up the DagBag from /opt/anaconda3/lib/python3.9/site-packages/airflow/example_dags/example_complex.py
[2022-03-14 09:47:58,676] {processor.py:654} INFO - DAG(s) dict_keys(['example_complex']) retrieved from /opt/anaconda3/lib/python3.9/site-packages/airflow/example_dags/example_complex.py
[2022-03-14 09:47:58,700] {logging_mixin.py:109} INFO - [2022-03-14 09:47:58,700] {dag.py:2398} INFO - Sync 1 DAGs
[2022-03-14 09:47:58,709] {logging_mixin.py:109} INFO - [2022-03-14 09:47:58,709] {dag.py:2937} INFO - Setting next_dagrun for example_complex to None
[2022-03-14 09:47:58,720] {processor.py:171} INFO - Processing /opt/anaconda3/lib/python3.9/site-packages/airflow/example_dags/example_complex.py took 0.105 seconds
[2022-03-14 09:50:28,333] {processor.py:163} INFO - Started process (PID=75554) to work on /opt/anaconda3/lib/python3.9/site-packages/airflow/example_dags/example_complex.py
[2022-03-14 09:50:28,339] {processor.py:642} INFO - Processing file /opt/anaconda3/lib/python3.9/site-packages/airflow/example_dags/example_complex.py for tasks to queue
[2022-03-14 09:50:28,340] {logging_mixin.py:109} INFO - [2022-03-14 09:50:28,340] {dagbag.py:500} INFO - Filling up the DagBag from /opt/anaconda3/lib/python3.9/site-packages/airflow/example_dags/example_complex.py
[2022-03-14 09:50:28,387] {processor.py:654} INFO - DAG(s) dict_keys(['example_complex']) retrieved from /opt/anaconda3/lib/python3.9/site-packages/airflow/example_dags/example_complex.py
[2022-03-14 09:50:28,410] {logging_mixin.py:109} INFO - [2022-03-14 09:50:28,410] {dag.py:2398} INFO - Sync 1 DAGs
[2022-03-14 09:50:28,420] {logging_mixin.py:109} INFO - [2022-03-14 09:50:28,420] {dag.py:2937} INFO - Setting next_dagrun for example_complex to None
[2022-03-14 09:50:28,432] {processor.py:171} INFO - Processing /opt/anaconda3/lib/python3.9/site-packages/airflow/example_dags/example_complex.py took 0.100 seconds
[2022-03-14 09:52:56,182] {processor.py:163} INFO - Started process (PID=75659) to work on /opt/anaconda3/lib/python3.9/site-packages/airflow/example_dags/example_complex.py
[2022-03-14 09:52:56,184] {processor.py:642} INFO - Processing file /opt/anaconda3/lib/python3.9/site-packages/airflow/example_dags/example_complex.py for tasks to queue
[2022-03-14 09:52:56,186] {logging_mixin.py:109} INFO - [2022-03-14 09:52:56,186] {dagbag.py:500} INFO - Filling up the DagBag from /opt/anaconda3/lib/python3.9/site-packages/airflow/example_dags/example_complex.py
[2022-03-14 09:52:56,261] {processor.py:654} INFO - DAG(s) dict_keys(['example_complex']) retrieved from /opt/anaconda3/lib/python3.9/site-packages/airflow/example_dags/example_complex.py
[2022-03-14 09:52:56,287] {logging_mixin.py:109} INFO - [2022-03-14 09:52:56,287] {dag.py:2398} INFO - Sync 1 DAGs
[2022-03-14 09:52:56,297] {logging_mixin.py:109} INFO - [2022-03-14 09:52:56,297] {dag.py:2937} INFO - Setting next_dagrun for example_complex to None
[2022-03-14 09:52:56,307] {processor.py:171} INFO - Processing /opt/anaconda3/lib/python3.9/site-packages/airflow/example_dags/example_complex.py took 0.125 seconds
[2022-03-14 09:55:32,830] {processor.py:163} INFO - Started process (PID=75759) to work on /opt/anaconda3/lib/python3.9/site-packages/airflow/example_dags/example_complex.py
[2022-03-14 09:55:32,836] {processor.py:642} INFO - Processing file /opt/anaconda3/lib/python3.9/site-packages/airflow/example_dags/example_complex.py for tasks to queue
[2022-03-14 09:55:32,837] {logging_mixin.py:109} INFO - [2022-03-14 09:55:32,837] {dagbag.py:500} INFO - Filling up the DagBag from /opt/anaconda3/lib/python3.9/site-packages/airflow/example_dags/example_complex.py
[2022-03-14 09:55:32,891] {processor.py:654} INFO - DAG(s) dict_keys(['example_complex']) retrieved from /opt/anaconda3/lib/python3.9/site-packages/airflow/example_dags/example_complex.py
[2022-03-14 09:55:32,915] {logging_mixin.py:109} INFO - [2022-03-14 09:55:32,915] {dag.py:2398} INFO - Sync 1 DAGs
[2022-03-14 09:55:32,924] {logging_mixin.py:109} INFO - [2022-03-14 09:55:32,924] {dag.py:2937} INFO - Setting next_dagrun for example_complex to None
[2022-03-14 09:55:32,937] {processor.py:171} INFO - Processing /opt/anaconda3/lib/python3.9/site-packages/airflow/example_dags/example_complex.py took 0.107 seconds
[2022-03-14 10:00:17,816] {processor.py:163} INFO - Started process (PID=75991) to work on /opt/anaconda3/lib/python3.9/site-packages/airflow/example_dags/example_complex.py
[2022-03-14 10:00:17,822] {processor.py:642} INFO - Processing file /opt/anaconda3/lib/python3.9/site-packages/airflow/example_dags/example_complex.py for tasks to queue
[2022-03-14 10:00:17,822] {logging_mixin.py:109} INFO - [2022-03-14 10:00:17,822] {dagbag.py:500} INFO - Filling up the DagBag from /opt/anaconda3/lib/python3.9/site-packages/airflow/example_dags/example_complex.py
[2022-03-14 10:00:17,875] {processor.py:654} INFO - DAG(s) dict_keys(['example_complex']) retrieved from /opt/anaconda3/lib/python3.9/site-packages/airflow/example_dags/example_complex.py
[2022-03-14 10:00:17,899] {logging_mixin.py:109} INFO - [2022-03-14 10:00:17,899] {dag.py:2398} INFO - Sync 1 DAGs
[2022-03-14 10:00:17,909] {logging_mixin.py:109} INFO - [2022-03-14 10:00:17,909] {dag.py:2937} INFO - Setting next_dagrun for example_complex to None
[2022-03-14 10:00:17,921] {processor.py:171} INFO - Processing /opt/anaconda3/lib/python3.9/site-packages/airflow/example_dags/example_complex.py took 0.107 seconds
[2022-03-14 10:02:49,562] {processor.py:163} INFO - Started process (PID=76088) to work on /opt/anaconda3/lib/python3.9/site-packages/airflow/example_dags/example_complex.py
[2022-03-14 10:02:49,563] {processor.py:642} INFO - Processing file /opt/anaconda3/lib/python3.9/site-packages/airflow/example_dags/example_complex.py for tasks to queue
[2022-03-14 10:02:49,563] {logging_mixin.py:109} INFO - [2022-03-14 10:02:49,563] {dagbag.py:500} INFO - Filling up the DagBag from /opt/anaconda3/lib/python3.9/site-packages/airflow/example_dags/example_complex.py
[2022-03-14 10:02:49,611] {processor.py:654} INFO - DAG(s) dict_keys(['example_complex']) retrieved from /opt/anaconda3/lib/python3.9/site-packages/airflow/example_dags/example_complex.py
[2022-03-14 10:02:49,635] {logging_mixin.py:109} INFO - [2022-03-14 10:02:49,634] {dag.py:2398} INFO - Sync 1 DAGs
[2022-03-14 10:02:49,644] {logging_mixin.py:109} INFO - [2022-03-14 10:02:49,644] {dag.py:2937} INFO - Setting next_dagrun for example_complex to None
[2022-03-14 10:02:49,659] {processor.py:171} INFO - Processing /opt/anaconda3/lib/python3.9/site-packages/airflow/example_dags/example_complex.py took 0.098 seconds
[2022-03-14 10:07:03,553] {processor.py:163} INFO - Started process (PID=76225) to work on /opt/anaconda3/lib/python3.9/site-packages/airflow/example_dags/example_complex.py
[2022-03-14 10:07:03,559] {processor.py:642} INFO - Processing file /opt/anaconda3/lib/python3.9/site-packages/airflow/example_dags/example_complex.py for tasks to queue
[2022-03-14 10:07:03,560] {logging_mixin.py:109} INFO - [2022-03-14 10:07:03,560] {dagbag.py:500} INFO - Filling up the DagBag from /opt/anaconda3/lib/python3.9/site-packages/airflow/example_dags/example_complex.py
[2022-03-14 10:07:03,607] {processor.py:654} INFO - DAG(s) dict_keys(['example_complex']) retrieved from /opt/anaconda3/lib/python3.9/site-packages/airflow/example_dags/example_complex.py
[2022-03-14 10:07:03,631] {logging_mixin.py:109} INFO - [2022-03-14 10:07:03,631] {dag.py:2398} INFO - Sync 1 DAGs
[2022-03-14 10:07:03,639] {logging_mixin.py:109} INFO - [2022-03-14 10:07:03,639] {dag.py:2937} INFO - Setting next_dagrun for example_complex to None
[2022-03-14 10:07:03,651] {processor.py:171} INFO - Processing /opt/anaconda3/lib/python3.9/site-packages/airflow/example_dags/example_complex.py took 0.098 seconds
[2022-03-14 10:09:38,269] {processor.py:163} INFO - Started process (PID=76527) to work on /opt/anaconda3/lib/python3.9/site-packages/airflow/example_dags/example_complex.py
[2022-03-14 10:09:38,275] {processor.py:642} INFO - Processing file /opt/anaconda3/lib/python3.9/site-packages/airflow/example_dags/example_complex.py for tasks to queue
[2022-03-14 10:09:38,275] {logging_mixin.py:109} INFO - [2022-03-14 10:09:38,275] {dagbag.py:500} INFO - Filling up the DagBag from /opt/anaconda3/lib/python3.9/site-packages/airflow/example_dags/example_complex.py
[2022-03-14 10:09:38,324] {processor.py:654} INFO - DAG(s) dict_keys(['example_complex']) retrieved from /opt/anaconda3/lib/python3.9/site-packages/airflow/example_dags/example_complex.py
[2022-03-14 10:09:38,348] {logging_mixin.py:109} INFO - [2022-03-14 10:09:38,347] {dag.py:2398} INFO - Sync 1 DAGs
[2022-03-14 10:09:38,357] {logging_mixin.py:109} INFO - [2022-03-14 10:09:38,356] {dag.py:2937} INFO - Setting next_dagrun for example_complex to None
[2022-03-14 10:09:38,368] {processor.py:171} INFO - Processing /opt/anaconda3/lib/python3.9/site-packages/airflow/example_dags/example_complex.py took 0.100 seconds
[2022-03-14 10:12:56,110] {processor.py:163} INFO - Started process (PID=76675) to work on /opt/anaconda3/lib/python3.9/site-packages/airflow/example_dags/example_complex.py
[2022-03-14 10:12:56,116] {processor.py:642} INFO - Processing file /opt/anaconda3/lib/python3.9/site-packages/airflow/example_dags/example_complex.py for tasks to queue
[2022-03-14 10:12:56,117] {logging_mixin.py:109} INFO - [2022-03-14 10:12:56,117] {dagbag.py:500} INFO - Filling up the DagBag from /opt/anaconda3/lib/python3.9/site-packages/airflow/example_dags/example_complex.py
[2022-03-14 10:12:56,167] {processor.py:654} INFO - DAG(s) dict_keys(['example_complex']) retrieved from /opt/anaconda3/lib/python3.9/site-packages/airflow/example_dags/example_complex.py
[2022-03-14 10:12:56,191] {logging_mixin.py:109} INFO - [2022-03-14 10:12:56,191] {dag.py:2398} INFO - Sync 1 DAGs
[2022-03-14 10:12:56,200] {logging_mixin.py:109} INFO - [2022-03-14 10:12:56,200] {dag.py:2937} INFO - Setting next_dagrun for example_complex to None
[2022-03-14 10:12:56,212] {processor.py:171} INFO - Processing /opt/anaconda3/lib/python3.9/site-packages/airflow/example_dags/example_complex.py took 0.103 seconds
[2022-03-14 10:15:02,029] {processor.py:163} INFO - Started process (PID=76746) to work on /opt/anaconda3/lib/python3.9/site-packages/airflow/example_dags/example_complex.py
[2022-03-14 10:15:02,036] {processor.py:642} INFO - Processing file /opt/anaconda3/lib/python3.9/site-packages/airflow/example_dags/example_complex.py for tasks to queue
[2022-03-14 10:15:02,037] {logging_mixin.py:109} INFO - [2022-03-14 10:15:02,036] {dagbag.py:500} INFO - Filling up the DagBag from /opt/anaconda3/lib/python3.9/site-packages/airflow/example_dags/example_complex.py
[2022-03-14 10:15:02,088] {processor.py:654} INFO - DAG(s) dict_keys(['example_complex']) retrieved from /opt/anaconda3/lib/python3.9/site-packages/airflow/example_dags/example_complex.py
[2022-03-14 10:15:02,112] {logging_mixin.py:109} INFO - [2022-03-14 10:15:02,112] {dag.py:2398} INFO - Sync 1 DAGs
[2022-03-14 10:15:02,120] {logging_mixin.py:109} INFO - [2022-03-14 10:15:02,120] {dag.py:2937} INFO - Setting next_dagrun for example_complex to None
[2022-03-14 10:15:02,130] {processor.py:171} INFO - Processing /opt/anaconda3/lib/python3.9/site-packages/airflow/example_dags/example_complex.py took 0.101 seconds
[2022-03-14 10:17:37,538] {processor.py:163} INFO - Started process (PID=76821) to work on /opt/anaconda3/lib/python3.9/site-packages/airflow/example_dags/example_complex.py
[2022-03-14 10:17:37,540] {processor.py:642} INFO - Processing file /opt/anaconda3/lib/python3.9/site-packages/airflow/example_dags/example_complex.py for tasks to queue
[2022-03-14 10:17:37,541] {logging_mixin.py:109} INFO - [2022-03-14 10:17:37,541] {dagbag.py:500} INFO - Filling up the DagBag from /opt/anaconda3/lib/python3.9/site-packages/airflow/example_dags/example_complex.py
[2022-03-14 10:17:37,591] {processor.py:654} INFO - DAG(s) dict_keys(['example_complex']) retrieved from /opt/anaconda3/lib/python3.9/site-packages/airflow/example_dags/example_complex.py
[2022-03-14 10:17:37,615] {logging_mixin.py:109} INFO - [2022-03-14 10:17:37,615] {dag.py:2398} INFO - Sync 1 DAGs
[2022-03-14 10:17:37,624] {logging_mixin.py:109} INFO - [2022-03-14 10:17:37,624] {dag.py:2937} INFO - Setting next_dagrun for example_complex to None
[2022-03-14 10:17:37,636] {processor.py:171} INFO - Processing /opt/anaconda3/lib/python3.9/site-packages/airflow/example_dags/example_complex.py took 0.099 seconds
[2022-03-14 10:21:48,481] {processor.py:163} INFO - Started process (PID=77018) to work on /opt/anaconda3/lib/python3.9/site-packages/airflow/example_dags/example_complex.py
[2022-03-14 10:21:48,484] {processor.py:642} INFO - Processing file /opt/anaconda3/lib/python3.9/site-packages/airflow/example_dags/example_complex.py for tasks to queue
[2022-03-14 10:21:48,485] {logging_mixin.py:109} INFO - [2022-03-14 10:21:48,485] {dagbag.py:500} INFO - Filling up the DagBag from /opt/anaconda3/lib/python3.9/site-packages/airflow/example_dags/example_complex.py
[2022-03-14 10:21:48,537] {processor.py:654} INFO - DAG(s) dict_keys(['example_complex']) retrieved from /opt/anaconda3/lib/python3.9/site-packages/airflow/example_dags/example_complex.py
[2022-03-14 10:21:48,560] {logging_mixin.py:109} INFO - [2022-03-14 10:21:48,559] {dag.py:2398} INFO - Sync 1 DAGs
[2022-03-14 10:21:48,569] {logging_mixin.py:109} INFO - [2022-03-14 10:21:48,569] {dag.py:2937} INFO - Setting next_dagrun for example_complex to None
[2022-03-14 10:21:48,581] {processor.py:171} INFO - Processing /opt/anaconda3/lib/python3.9/site-packages/airflow/example_dags/example_complex.py took 0.100 seconds
[2022-03-14 10:29:41,367] {processor.py:163} INFO - Started process (PID=77456) to work on /opt/anaconda3/lib/python3.9/site-packages/airflow/example_dags/example_complex.py
[2022-03-14 10:29:41,369] {processor.py:642} INFO - Processing file /opt/anaconda3/lib/python3.9/site-packages/airflow/example_dags/example_complex.py for tasks to queue
[2022-03-14 10:29:41,370] {logging_mixin.py:109} INFO - [2022-03-14 10:29:41,370] {dagbag.py:500} INFO - Filling up the DagBag from /opt/anaconda3/lib/python3.9/site-packages/airflow/example_dags/example_complex.py
[2022-03-14 10:29:41,433] {processor.py:654} INFO - DAG(s) dict_keys(['example_complex']) retrieved from /opt/anaconda3/lib/python3.9/site-packages/airflow/example_dags/example_complex.py
[2022-03-14 10:29:41,481] {logging_mixin.py:109} INFO - [2022-03-14 10:29:41,481] {dag.py:2398} INFO - Sync 1 DAGs
[2022-03-14 10:29:41,521] {logging_mixin.py:109} INFO - [2022-03-14 10:29:41,521] {dag.py:2937} INFO - Setting next_dagrun for example_complex to None
[2022-03-14 10:29:41,546] {processor.py:171} INFO - Processing /opt/anaconda3/lib/python3.9/site-packages/airflow/example_dags/example_complex.py took 0.180 seconds
[2022-03-14 10:32:16,492] {processor.py:163} INFO - Started process (PID=77527) to work on /opt/anaconda3/lib/python3.9/site-packages/airflow/example_dags/example_complex.py
[2022-03-14 10:32:16,492] {processor.py:642} INFO - Processing file /opt/anaconda3/lib/python3.9/site-packages/airflow/example_dags/example_complex.py for tasks to queue
[2022-03-14 10:32:16,493] {logging_mixin.py:109} INFO - [2022-03-14 10:32:16,493] {dagbag.py:500} INFO - Filling up the DagBag from /opt/anaconda3/lib/python3.9/site-packages/airflow/example_dags/example_complex.py
[2022-03-14 10:32:16,540] {processor.py:654} INFO - DAG(s) dict_keys(['example_complex']) retrieved from /opt/anaconda3/lib/python3.9/site-packages/airflow/example_dags/example_complex.py
[2022-03-14 10:32:16,563] {logging_mixin.py:109} INFO - [2022-03-14 10:32:16,563] {dag.py:2398} INFO - Sync 1 DAGs
[2022-03-14 10:32:16,572] {logging_mixin.py:109} INFO - [2022-03-14 10:32:16,572] {dag.py:2937} INFO - Setting next_dagrun for example_complex to None
[2022-03-14 10:32:16,586] {processor.py:171} INFO - Processing /opt/anaconda3/lib/python3.9/site-packages/airflow/example_dags/example_complex.py took 0.095 seconds
[2022-03-14 10:37:09,418] {processor.py:163} INFO - Started process (PID=77669) to work on /opt/anaconda3/lib/python3.9/site-packages/airflow/example_dags/example_complex.py
[2022-03-14 10:37:09,418] {processor.py:642} INFO - Processing file /opt/anaconda3/lib/python3.9/site-packages/airflow/example_dags/example_complex.py for tasks to queue
[2022-03-14 10:37:09,419] {logging_mixin.py:109} INFO - [2022-03-14 10:37:09,419] {dagbag.py:500} INFO - Filling up the DagBag from /opt/anaconda3/lib/python3.9/site-packages/airflow/example_dags/example_complex.py
[2022-03-14 10:37:09,465] {processor.py:654} INFO - DAG(s) dict_keys(['example_complex']) retrieved from /opt/anaconda3/lib/python3.9/site-packages/airflow/example_dags/example_complex.py
[2022-03-14 10:37:09,488] {logging_mixin.py:109} INFO - [2022-03-14 10:37:09,487] {dag.py:2398} INFO - Sync 1 DAGs
[2022-03-14 10:37:09,497] {logging_mixin.py:109} INFO - [2022-03-14 10:37:09,497] {dag.py:2937} INFO - Setting next_dagrun for example_complex to None
[2022-03-14 10:37:09,508] {processor.py:171} INFO - Processing /opt/anaconda3/lib/python3.9/site-packages/airflow/example_dags/example_complex.py took 0.090 seconds
[2022-03-14 10:39:53,092] {processor.py:163} INFO - Started process (PID=77853) to work on /opt/anaconda3/lib/python3.9/site-packages/airflow/example_dags/example_complex.py
[2022-03-14 10:39:53,093] {processor.py:642} INFO - Processing file /opt/anaconda3/lib/python3.9/site-packages/airflow/example_dags/example_complex.py for tasks to queue
[2022-03-14 10:39:53,093] {logging_mixin.py:109} INFO - [2022-03-14 10:39:53,093] {dagbag.py:500} INFO - Filling up the DagBag from /opt/anaconda3/lib/python3.9/site-packages/airflow/example_dags/example_complex.py
[2022-03-14 10:39:53,145] {processor.py:654} INFO - DAG(s) dict_keys(['example_complex']) retrieved from /opt/anaconda3/lib/python3.9/site-packages/airflow/example_dags/example_complex.py
[2022-03-14 10:39:53,171] {logging_mixin.py:109} INFO - [2022-03-14 10:39:53,170] {dag.py:2398} INFO - Sync 1 DAGs
[2022-03-14 10:39:53,186] {logging_mixin.py:109} INFO - [2022-03-14 10:39:53,186] {dag.py:2937} INFO - Setting next_dagrun for example_complex to None
[2022-03-14 10:39:53,198] {processor.py:171} INFO - Processing /opt/anaconda3/lib/python3.9/site-packages/airflow/example_dags/example_complex.py took 0.107 seconds
[2022-03-14 10:42:07,968] {processor.py:163} INFO - Started process (PID=77932) to work on /opt/anaconda3/lib/python3.9/site-packages/airflow/example_dags/example_complex.py
[2022-03-14 10:42:07,975] {processor.py:642} INFO - Processing file /opt/anaconda3/lib/python3.9/site-packages/airflow/example_dags/example_complex.py for tasks to queue
[2022-03-14 10:42:07,976] {logging_mixin.py:109} INFO - [2022-03-14 10:42:07,975] {dagbag.py:500} INFO - Filling up the DagBag from /opt/anaconda3/lib/python3.9/site-packages/airflow/example_dags/example_complex.py
[2022-03-14 10:42:08,039] {processor.py:654} INFO - DAG(s) dict_keys(['example_complex']) retrieved from /opt/anaconda3/lib/python3.9/site-packages/airflow/example_dags/example_complex.py
[2022-03-14 10:42:08,061] {logging_mixin.py:109} INFO - [2022-03-14 10:42:08,061] {dag.py:2398} INFO - Sync 1 DAGs
[2022-03-14 10:42:08,070] {logging_mixin.py:109} INFO - [2022-03-14 10:42:08,070] {dag.py:2937} INFO - Setting next_dagrun for example_complex to None
[2022-03-14 10:42:08,082] {processor.py:171} INFO - Processing /opt/anaconda3/lib/python3.9/site-packages/airflow/example_dags/example_complex.py took 0.114 seconds
[2022-03-14 10:44:34,340] {processor.py:163} INFO - Started process (PID=78044) to work on /opt/anaconda3/lib/python3.9/site-packages/airflow/example_dags/example_complex.py
[2022-03-14 10:44:34,346] {processor.py:642} INFO - Processing file /opt/anaconda3/lib/python3.9/site-packages/airflow/example_dags/example_complex.py for tasks to queue
[2022-03-14 10:44:34,346] {logging_mixin.py:109} INFO - [2022-03-14 10:44:34,346] {dagbag.py:500} INFO - Filling up the DagBag from /opt/anaconda3/lib/python3.9/site-packages/airflow/example_dags/example_complex.py
[2022-03-14 10:44:34,393] {processor.py:654} INFO - DAG(s) dict_keys(['example_complex']) retrieved from /opt/anaconda3/lib/python3.9/site-packages/airflow/example_dags/example_complex.py
[2022-03-14 10:44:34,415] {logging_mixin.py:109} INFO - [2022-03-14 10:44:34,415] {dag.py:2398} INFO - Sync 1 DAGs
[2022-03-14 10:44:34,424] {logging_mixin.py:109} INFO - [2022-03-14 10:44:34,424] {dag.py:2937} INFO - Setting next_dagrun for example_complex to None
[2022-03-14 10:44:34,435] {processor.py:171} INFO - Processing /opt/anaconda3/lib/python3.9/site-packages/airflow/example_dags/example_complex.py took 0.096 seconds
[2022-03-14 10:48:44,343] {processor.py:163} INFO - Started process (PID=78764) to work on /opt/anaconda3/lib/python3.9/site-packages/airflow/example_dags/example_complex.py
[2022-03-14 10:48:44,345] {processor.py:642} INFO - Processing file /opt/anaconda3/lib/python3.9/site-packages/airflow/example_dags/example_complex.py for tasks to queue
[2022-03-14 10:48:44,346] {logging_mixin.py:109} INFO - [2022-03-14 10:48:44,346] {dagbag.py:500} INFO - Filling up the DagBag from /opt/anaconda3/lib/python3.9/site-packages/airflow/example_dags/example_complex.py
[2022-03-14 10:48:44,407] {processor.py:654} INFO - DAG(s) dict_keys(['example_complex']) retrieved from /opt/anaconda3/lib/python3.9/site-packages/airflow/example_dags/example_complex.py
[2022-03-14 10:48:44,432] {logging_mixin.py:109} INFO - [2022-03-14 10:48:44,432] {dag.py:2398} INFO - Sync 1 DAGs
[2022-03-14 10:48:44,441] {logging_mixin.py:109} INFO - [2022-03-14 10:48:44,441] {dag.py:2937} INFO - Setting next_dagrun for example_complex to None
[2022-03-14 10:48:44,452] {processor.py:171} INFO - Processing /opt/anaconda3/lib/python3.9/site-packages/airflow/example_dags/example_complex.py took 0.110 seconds
[2022-03-14 10:52:12,054] {processor.py:163} INFO - Started process (PID=78913) to work on /opt/anaconda3/lib/python3.9/site-packages/airflow/example_dags/example_complex.py
[2022-03-14 10:52:12,061] {processor.py:642} INFO - Processing file /opt/anaconda3/lib/python3.9/site-packages/airflow/example_dags/example_complex.py for tasks to queue
[2022-03-14 10:52:12,061] {logging_mixin.py:109} INFO - [2022-03-14 10:52:12,061] {dagbag.py:500} INFO - Filling up the DagBag from /opt/anaconda3/lib/python3.9/site-packages/airflow/example_dags/example_complex.py
[2022-03-14 10:52:12,108] {processor.py:654} INFO - DAG(s) dict_keys(['example_complex']) retrieved from /opt/anaconda3/lib/python3.9/site-packages/airflow/example_dags/example_complex.py
[2022-03-14 10:52:12,132] {logging_mixin.py:109} INFO - [2022-03-14 10:52:12,132] {dag.py:2398} INFO - Sync 1 DAGs
[2022-03-14 10:52:12,140] {logging_mixin.py:109} INFO - [2022-03-14 10:52:12,140] {dag.py:2937} INFO - Setting next_dagrun for example_complex to None
[2022-03-14 10:52:12,152] {processor.py:171} INFO - Processing /opt/anaconda3/lib/python3.9/site-packages/airflow/example_dags/example_complex.py took 0.098 seconds
[2022-03-14 10:55:09,616] {processor.py:163} INFO - Started process (PID=79023) to work on /opt/anaconda3/lib/python3.9/site-packages/airflow/example_dags/example_complex.py
[2022-03-14 10:55:09,618] {processor.py:642} INFO - Processing file /opt/anaconda3/lib/python3.9/site-packages/airflow/example_dags/example_complex.py for tasks to queue
[2022-03-14 10:55:09,619] {logging_mixin.py:109} INFO - [2022-03-14 10:55:09,619] {dagbag.py:500} INFO - Filling up the DagBag from /opt/anaconda3/lib/python3.9/site-packages/airflow/example_dags/example_complex.py
[2022-03-14 10:55:09,669] {processor.py:654} INFO - DAG(s) dict_keys(['example_complex']) retrieved from /opt/anaconda3/lib/python3.9/site-packages/airflow/example_dags/example_complex.py
[2022-03-14 10:55:09,700] {logging_mixin.py:109} INFO - [2022-03-14 10:55:09,700] {dag.py:2398} INFO - Sync 1 DAGs
[2022-03-14 10:55:09,710] {logging_mixin.py:109} INFO - [2022-03-14 10:55:09,709] {dag.py:2937} INFO - Setting next_dagrun for example_complex to None
[2022-03-14 10:55:09,722] {processor.py:171} INFO - Processing /opt/anaconda3/lib/python3.9/site-packages/airflow/example_dags/example_complex.py took 0.107 seconds
[2022-03-14 10:57:52,008] {processor.py:163} INFO - Started process (PID=79143) to work on /opt/anaconda3/lib/python3.9/site-packages/airflow/example_dags/example_complex.py
[2022-03-14 10:57:52,014] {processor.py:642} INFO - Processing file /opt/anaconda3/lib/python3.9/site-packages/airflow/example_dags/example_complex.py for tasks to queue
[2022-03-14 10:57:52,015] {logging_mixin.py:109} INFO - [2022-03-14 10:57:52,015] {dagbag.py:500} INFO - Filling up the DagBag from /opt/anaconda3/lib/python3.9/site-packages/airflow/example_dags/example_complex.py
[2022-03-14 10:57:52,064] {processor.py:654} INFO - DAG(s) dict_keys(['example_complex']) retrieved from /opt/anaconda3/lib/python3.9/site-packages/airflow/example_dags/example_complex.py
[2022-03-14 10:57:52,087] {logging_mixin.py:109} INFO - [2022-03-14 10:57:52,087] {dag.py:2398} INFO - Sync 1 DAGs
[2022-03-14 10:57:52,096] {logging_mixin.py:109} INFO - [2022-03-14 10:57:52,096] {dag.py:2937} INFO - Setting next_dagrun for example_complex to None
[2022-03-14 10:57:52,107] {processor.py:171} INFO - Processing /opt/anaconda3/lib/python3.9/site-packages/airflow/example_dags/example_complex.py took 0.099 seconds
[2022-03-14 11:00:33,827] {processor.py:163} INFO - Started process (PID=79295) to work on /opt/anaconda3/lib/python3.9/site-packages/airflow/example_dags/example_complex.py
[2022-03-14 11:00:33,827] {processor.py:642} INFO - Processing file /opt/anaconda3/lib/python3.9/site-packages/airflow/example_dags/example_complex.py for tasks to queue
[2022-03-14 11:00:33,827] {logging_mixin.py:109} INFO - [2022-03-14 11:00:33,827] {dagbag.py:500} INFO - Filling up the DagBag from /opt/anaconda3/lib/python3.9/site-packages/airflow/example_dags/example_complex.py
[2022-03-14 11:00:33,874] {processor.py:654} INFO - DAG(s) dict_keys(['example_complex']) retrieved from /opt/anaconda3/lib/python3.9/site-packages/airflow/example_dags/example_complex.py
[2022-03-14 11:00:33,897] {logging_mixin.py:109} INFO - [2022-03-14 11:00:33,897] {dag.py:2398} INFO - Sync 1 DAGs
[2022-03-14 11:00:33,906] {logging_mixin.py:109} INFO - [2022-03-14 11:00:33,906] {dag.py:2937} INFO - Setting next_dagrun for example_complex to None
[2022-03-14 11:00:33,917] {processor.py:171} INFO - Processing /opt/anaconda3/lib/python3.9/site-packages/airflow/example_dags/example_complex.py took 0.091 seconds
[2022-03-14 11:04:24,974] {processor.py:163} INFO - Started process (PID=79498) to work on /opt/anaconda3/lib/python3.9/site-packages/airflow/example_dags/example_complex.py
[2022-03-14 11:04:24,975] {processor.py:642} INFO - Processing file /opt/anaconda3/lib/python3.9/site-packages/airflow/example_dags/example_complex.py for tasks to queue
[2022-03-14 11:04:24,976] {logging_mixin.py:109} INFO - [2022-03-14 11:04:24,976] {dagbag.py:500} INFO - Filling up the DagBag from /opt/anaconda3/lib/python3.9/site-packages/airflow/example_dags/example_complex.py
[2022-03-14 11:04:25,024] {processor.py:654} INFO - DAG(s) dict_keys(['example_complex']) retrieved from /opt/anaconda3/lib/python3.9/site-packages/airflow/example_dags/example_complex.py
[2022-03-14 11:04:25,048] {logging_mixin.py:109} INFO - [2022-03-14 11:04:25,048] {dag.py:2398} INFO - Sync 1 DAGs
[2022-03-14 11:04:25,058] {logging_mixin.py:109} INFO - [2022-03-14 11:04:25,058] {dag.py:2937} INFO - Setting next_dagrun for example_complex to None
[2022-03-14 11:04:25,069] {processor.py:171} INFO - Processing /opt/anaconda3/lib/python3.9/site-packages/airflow/example_dags/example_complex.py took 0.095 seconds
[2022-03-14 11:07:15,123] {processor.py:163} INFO - Started process (PID=79615) to work on /opt/anaconda3/lib/python3.9/site-packages/airflow/example_dags/example_complex.py
[2022-03-14 11:07:15,123] {processor.py:642} INFO - Processing file /opt/anaconda3/lib/python3.9/site-packages/airflow/example_dags/example_complex.py for tasks to queue
[2022-03-14 11:07:15,124] {logging_mixin.py:109} INFO - [2022-03-14 11:07:15,124] {dagbag.py:500} INFO - Filling up the DagBag from /opt/anaconda3/lib/python3.9/site-packages/airflow/example_dags/example_complex.py
[2022-03-14 11:07:15,171] {processor.py:654} INFO - DAG(s) dict_keys(['example_complex']) retrieved from /opt/anaconda3/lib/python3.9/site-packages/airflow/example_dags/example_complex.py
[2022-03-14 11:07:15,193] {logging_mixin.py:109} INFO - [2022-03-14 11:07:15,193] {dag.py:2398} INFO - Sync 1 DAGs
[2022-03-14 11:07:15,202] {logging_mixin.py:109} INFO - [2022-03-14 11:07:15,202] {dag.py:2937} INFO - Setting next_dagrun for example_complex to None
[2022-03-14 11:07:15,213] {processor.py:171} INFO - Processing /opt/anaconda3/lib/python3.9/site-packages/airflow/example_dags/example_complex.py took 0.091 seconds
[2022-03-14 11:13:39,086] {processor.py:163} INFO - Started process (PID=79978) to work on /opt/anaconda3/lib/python3.9/site-packages/airflow/example_dags/example_complex.py
[2022-03-14 11:13:39,092] {processor.py:642} INFO - Processing file /opt/anaconda3/lib/python3.9/site-packages/airflow/example_dags/example_complex.py for tasks to queue
[2022-03-14 11:13:39,093] {logging_mixin.py:109} INFO - [2022-03-14 11:13:39,093] {dagbag.py:500} INFO - Filling up the DagBag from /opt/anaconda3/lib/python3.9/site-packages/airflow/example_dags/example_complex.py
[2022-03-14 11:13:39,149] {processor.py:654} INFO - DAG(s) dict_keys(['example_complex']) retrieved from /opt/anaconda3/lib/python3.9/site-packages/airflow/example_dags/example_complex.py
[2022-03-14 11:13:39,174] {logging_mixin.py:109} INFO - [2022-03-14 11:13:39,174] {dag.py:2398} INFO - Sync 1 DAGs
[2022-03-14 11:13:39,184] {logging_mixin.py:109} INFO - [2022-03-14 11:13:39,184] {dag.py:2937} INFO - Setting next_dagrun for example_complex to None
[2022-03-14 11:13:39,197] {processor.py:171} INFO - Processing /opt/anaconda3/lib/python3.9/site-packages/airflow/example_dags/example_complex.py took 0.112 seconds
[2022-03-14 11:16:01,550] {processor.py:163} INFO - Started process (PID=80063) to work on /opt/anaconda3/lib/python3.9/site-packages/airflow/example_dags/example_complex.py
[2022-03-14 11:16:01,551] {processor.py:642} INFO - Processing file /opt/anaconda3/lib/python3.9/site-packages/airflow/example_dags/example_complex.py for tasks to queue
[2022-03-14 11:16:01,552] {logging_mixin.py:109} INFO - [2022-03-14 11:16:01,552] {dagbag.py:500} INFO - Filling up the DagBag from /opt/anaconda3/lib/python3.9/site-packages/airflow/example_dags/example_complex.py
[2022-03-14 11:16:01,706] {processor.py:654} INFO - DAG(s) dict_keys(['example_complex']) retrieved from /opt/anaconda3/lib/python3.9/site-packages/airflow/example_dags/example_complex.py
[2022-03-14 11:16:01,751] {logging_mixin.py:109} INFO - [2022-03-14 11:16:01,751] {dag.py:2398} INFO - Sync 1 DAGs
[2022-03-14 11:16:01,764] {logging_mixin.py:109} INFO - [2022-03-14 11:16:01,764] {dag.py:2937} INFO - Setting next_dagrun for example_complex to None
[2022-03-14 11:16:01,780] {processor.py:171} INFO - Processing /opt/anaconda3/lib/python3.9/site-packages/airflow/example_dags/example_complex.py took 0.231 seconds
[2022-03-14 11:18:58,672] {processor.py:163} INFO - Started process (PID=80282) to work on /opt/anaconda3/lib/python3.9/site-packages/airflow/example_dags/example_complex.py
[2022-03-14 11:18:58,678] {processor.py:642} INFO - Processing file /opt/anaconda3/lib/python3.9/site-packages/airflow/example_dags/example_complex.py for tasks to queue
[2022-03-14 11:18:58,679] {logging_mixin.py:109} INFO - [2022-03-14 11:18:58,679] {dagbag.py:500} INFO - Filling up the DagBag from /opt/anaconda3/lib/python3.9/site-packages/airflow/example_dags/example_complex.py
[2022-03-14 11:18:58,730] {processor.py:654} INFO - DAG(s) dict_keys(['example_complex']) retrieved from /opt/anaconda3/lib/python3.9/site-packages/airflow/example_dags/example_complex.py
[2022-03-14 11:18:58,753] {logging_mixin.py:109} INFO - [2022-03-14 11:18:58,753] {dag.py:2398} INFO - Sync 1 DAGs
[2022-03-14 11:18:58,762] {logging_mixin.py:109} INFO - [2022-03-14 11:18:58,762] {dag.py:2937} INFO - Setting next_dagrun for example_complex to None
[2022-03-14 11:18:58,774] {processor.py:171} INFO - Processing /opt/anaconda3/lib/python3.9/site-packages/airflow/example_dags/example_complex.py took 0.103 seconds
[2022-03-14 11:21:46,158] {processor.py:163} INFO - Started process (PID=80386) to work on /opt/anaconda3/lib/python3.9/site-packages/airflow/example_dags/example_complex.py
[2022-03-14 11:21:46,165] {processor.py:642} INFO - Processing file /opt/anaconda3/lib/python3.9/site-packages/airflow/example_dags/example_complex.py for tasks to queue
[2022-03-14 11:21:46,166] {logging_mixin.py:109} INFO - [2022-03-14 11:21:46,165] {dagbag.py:500} INFO - Filling up the DagBag from /opt/anaconda3/lib/python3.9/site-packages/airflow/example_dags/example_complex.py
[2022-03-14 11:21:46,216] {processor.py:654} INFO - DAG(s) dict_keys(['example_complex']) retrieved from /opt/anaconda3/lib/python3.9/site-packages/airflow/example_dags/example_complex.py
[2022-03-14 11:21:46,239] {logging_mixin.py:109} INFO - [2022-03-14 11:21:46,238] {dag.py:2398} INFO - Sync 1 DAGs
[2022-03-14 11:21:46,248] {logging_mixin.py:109} INFO - [2022-03-14 11:21:46,248] {dag.py:2937} INFO - Setting next_dagrun for example_complex to None
[2022-03-14 11:21:46,260] {processor.py:171} INFO - Processing /opt/anaconda3/lib/python3.9/site-packages/airflow/example_dags/example_complex.py took 0.102 seconds
[2022-03-14 11:24:19,914] {processor.py:163} INFO - Started process (PID=80485) to work on /opt/anaconda3/lib/python3.9/site-packages/airflow/example_dags/example_complex.py
[2022-03-14 11:24:19,914] {processor.py:642} INFO - Processing file /opt/anaconda3/lib/python3.9/site-packages/airflow/example_dags/example_complex.py for tasks to queue
[2022-03-14 11:24:19,915] {logging_mixin.py:109} INFO - [2022-03-14 11:24:19,915] {dagbag.py:500} INFO - Filling up the DagBag from /opt/anaconda3/lib/python3.9/site-packages/airflow/example_dags/example_complex.py
[2022-03-14 11:24:19,962] {processor.py:654} INFO - DAG(s) dict_keys(['example_complex']) retrieved from /opt/anaconda3/lib/python3.9/site-packages/airflow/example_dags/example_complex.py
[2022-03-14 11:24:19,985] {logging_mixin.py:109} INFO - [2022-03-14 11:24:19,985] {dag.py:2398} INFO - Sync 1 DAGs
[2022-03-14 11:24:19,994] {logging_mixin.py:109} INFO - [2022-03-14 11:24:19,994] {dag.py:2937} INFO - Setting next_dagrun for example_complex to None
[2022-03-14 11:24:20,009] {processor.py:171} INFO - Processing /opt/anaconda3/lib/python3.9/site-packages/airflow/example_dags/example_complex.py took 0.095 seconds
[2022-03-14 11:27:01,074] {processor.py:163} INFO - Started process (PID=80602) to work on /opt/anaconda3/lib/python3.9/site-packages/airflow/example_dags/example_complex.py
[2022-03-14 11:27:01,075] {processor.py:642} INFO - Processing file /opt/anaconda3/lib/python3.9/site-packages/airflow/example_dags/example_complex.py for tasks to queue
[2022-03-14 11:27:01,075] {logging_mixin.py:109} INFO - [2022-03-14 11:27:01,075] {dagbag.py:500} INFO - Filling up the DagBag from /opt/anaconda3/lib/python3.9/site-packages/airflow/example_dags/example_complex.py
[2022-03-14 11:27:01,123] {processor.py:654} INFO - DAG(s) dict_keys(['example_complex']) retrieved from /opt/anaconda3/lib/python3.9/site-packages/airflow/example_dags/example_complex.py
[2022-03-14 11:27:01,145] {logging_mixin.py:109} INFO - [2022-03-14 11:27:01,145] {dag.py:2398} INFO - Sync 1 DAGs
[2022-03-14 11:27:01,156] {logging_mixin.py:109} INFO - [2022-03-14 11:27:01,156] {dag.py:2937} INFO - Setting next_dagrun for example_complex to None
[2022-03-14 11:27:01,168] {processor.py:171} INFO - Processing /opt/anaconda3/lib/python3.9/site-packages/airflow/example_dags/example_complex.py took 0.094 seconds
[2022-03-14 11:29:38,251] {processor.py:163} INFO - Started process (PID=80781) to work on /opt/anaconda3/lib/python3.9/site-packages/airflow/example_dags/example_complex.py
[2022-03-14 11:29:38,252] {processor.py:642} INFO - Processing file /opt/anaconda3/lib/python3.9/site-packages/airflow/example_dags/example_complex.py for tasks to queue
[2022-03-14 11:29:38,253] {logging_mixin.py:109} INFO - [2022-03-14 11:29:38,253] {dagbag.py:500} INFO - Filling up the DagBag from /opt/anaconda3/lib/python3.9/site-packages/airflow/example_dags/example_complex.py
[2022-03-14 11:29:38,296] {processor.py:654} INFO - DAG(s) dict_keys(['example_complex']) retrieved from /opt/anaconda3/lib/python3.9/site-packages/airflow/example_dags/example_complex.py
[2022-03-14 11:29:38,318] {logging_mixin.py:109} INFO - [2022-03-14 11:29:38,318] {dag.py:2398} INFO - Sync 1 DAGs
[2022-03-14 11:29:38,327] {logging_mixin.py:109} INFO - [2022-03-14 11:29:38,327] {dag.py:2937} INFO - Setting next_dagrun for example_complex to None
[2022-03-14 11:29:38,341] {processor.py:171} INFO - Processing /opt/anaconda3/lib/python3.9/site-packages/airflow/example_dags/example_complex.py took 0.091 seconds
[2022-03-14 11:32:12,732] {processor.py:163} INFO - Started process (PID=80878) to work on /opt/anaconda3/lib/python3.9/site-packages/airflow/example_dags/example_complex.py
[2022-03-14 11:32:12,732] {processor.py:642} INFO - Processing file /opt/anaconda3/lib/python3.9/site-packages/airflow/example_dags/example_complex.py for tasks to queue
[2022-03-14 11:32:12,733] {logging_mixin.py:109} INFO - [2022-03-14 11:32:12,733] {dagbag.py:500} INFO - Filling up the DagBag from /opt/anaconda3/lib/python3.9/site-packages/airflow/example_dags/example_complex.py
[2022-03-14 11:32:12,780] {processor.py:654} INFO - DAG(s) dict_keys(['example_complex']) retrieved from /opt/anaconda3/lib/python3.9/site-packages/airflow/example_dags/example_complex.py
[2022-03-14 11:32:12,805] {logging_mixin.py:109} INFO - [2022-03-14 11:32:12,805] {dag.py:2398} INFO - Sync 1 DAGs
[2022-03-14 11:32:12,814] {logging_mixin.py:109} INFO - [2022-03-14 11:32:12,814] {dag.py:2937} INFO - Setting next_dagrun for example_complex to None
[2022-03-14 11:32:12,823] {processor.py:171} INFO - Processing /opt/anaconda3/lib/python3.9/site-packages/airflow/example_dags/example_complex.py took 0.092 seconds
[2022-03-14 11:34:43,046] {processor.py:163} INFO - Started process (PID=80950) to work on /opt/anaconda3/lib/python3.9/site-packages/airflow/example_dags/example_complex.py
[2022-03-14 11:34:43,047] {processor.py:642} INFO - Processing file /opt/anaconda3/lib/python3.9/site-packages/airflow/example_dags/example_complex.py for tasks to queue
[2022-03-14 11:34:43,047] {logging_mixin.py:109} INFO - [2022-03-14 11:34:43,047] {dagbag.py:500} INFO - Filling up the DagBag from /opt/anaconda3/lib/python3.9/site-packages/airflow/example_dags/example_complex.py
[2022-03-14 11:34:43,093] {processor.py:654} INFO - DAG(s) dict_keys(['example_complex']) retrieved from /opt/anaconda3/lib/python3.9/site-packages/airflow/example_dags/example_complex.py
[2022-03-14 11:34:43,116] {logging_mixin.py:109} INFO - [2022-03-14 11:34:43,115] {dag.py:2398} INFO - Sync 1 DAGs
[2022-03-14 11:34:43,124] {logging_mixin.py:109} INFO - [2022-03-14 11:34:43,124] {dag.py:2937} INFO - Setting next_dagrun for example_complex to None
[2022-03-14 11:34:43,136] {processor.py:171} INFO - Processing /opt/anaconda3/lib/python3.9/site-packages/airflow/example_dags/example_complex.py took 0.091 seconds
[2022-03-14 11:37:15,413] {processor.py:163} INFO - Started process (PID=81050) to work on /opt/anaconda3/lib/python3.9/site-packages/airflow/example_dags/example_complex.py
[2022-03-14 11:37:15,416] {processor.py:642} INFO - Processing file /opt/anaconda3/lib/python3.9/site-packages/airflow/example_dags/example_complex.py for tasks to queue
[2022-03-14 11:37:15,416] {logging_mixin.py:109} INFO - [2022-03-14 11:37:15,416] {dagbag.py:500} INFO - Filling up the DagBag from /opt/anaconda3/lib/python3.9/site-packages/airflow/example_dags/example_complex.py
[2022-03-14 11:37:15,468] {processor.py:654} INFO - DAG(s) dict_keys(['example_complex']) retrieved from /opt/anaconda3/lib/python3.9/site-packages/airflow/example_dags/example_complex.py
[2022-03-14 11:37:15,491] {logging_mixin.py:109} INFO - [2022-03-14 11:37:15,491] {dag.py:2398} INFO - Sync 1 DAGs
[2022-03-14 11:37:15,500] {logging_mixin.py:109} INFO - [2022-03-14 11:37:15,500] {dag.py:2937} INFO - Setting next_dagrun for example_complex to None
[2022-03-14 11:37:15,509] {processor.py:171} INFO - Processing /opt/anaconda3/lib/python3.9/site-packages/airflow/example_dags/example_complex.py took 0.097 seconds
[2022-03-14 11:39:49,242] {processor.py:163} INFO - Started process (PID=81323) to work on /opt/anaconda3/lib/python3.9/site-packages/airflow/example_dags/example_complex.py
[2022-03-14 11:39:49,244] {processor.py:642} INFO - Processing file /opt/anaconda3/lib/python3.9/site-packages/airflow/example_dags/example_complex.py for tasks to queue
[2022-03-14 11:39:49,244] {logging_mixin.py:109} INFO - [2022-03-14 11:39:49,244] {dagbag.py:500} INFO - Filling up the DagBag from /opt/anaconda3/lib/python3.9/site-packages/airflow/example_dags/example_complex.py
[2022-03-14 11:39:49,291] {processor.py:654} INFO - DAG(s) dict_keys(['example_complex']) retrieved from /opt/anaconda3/lib/python3.9/site-packages/airflow/example_dags/example_complex.py
[2022-03-14 11:39:49,311] {logging_mixin.py:109} INFO - [2022-03-14 11:39:49,311] {dag.py:2398} INFO - Sync 1 DAGs
[2022-03-14 11:39:49,319] {logging_mixin.py:109} INFO - [2022-03-14 11:39:49,319] {dag.py:2937} INFO - Setting next_dagrun for example_complex to None
[2022-03-14 11:39:49,330] {processor.py:171} INFO - Processing /opt/anaconda3/lib/python3.9/site-packages/airflow/example_dags/example_complex.py took 0.089 seconds
[2022-03-14 11:42:13,744] {processor.py:163} INFO - Started process (PID=81388) to work on /opt/anaconda3/lib/python3.9/site-packages/airflow/example_dags/example_complex.py
[2022-03-14 11:42:13,750] {processor.py:642} INFO - Processing file /opt/anaconda3/lib/python3.9/site-packages/airflow/example_dags/example_complex.py for tasks to queue
[2022-03-14 11:42:13,750] {logging_mixin.py:109} INFO - [2022-03-14 11:42:13,750] {dagbag.py:500} INFO - Filling up the DagBag from /opt/anaconda3/lib/python3.9/site-packages/airflow/example_dags/example_complex.py
[2022-03-14 11:42:13,800] {processor.py:654} INFO - DAG(s) dict_keys(['example_complex']) retrieved from /opt/anaconda3/lib/python3.9/site-packages/airflow/example_dags/example_complex.py
[2022-03-14 11:42:13,823] {logging_mixin.py:109} INFO - [2022-03-14 11:42:13,823] {dag.py:2398} INFO - Sync 1 DAGs
[2022-03-14 11:42:13,832] {logging_mixin.py:109} INFO - [2022-03-14 11:42:13,832] {dag.py:2937} INFO - Setting next_dagrun for example_complex to None
[2022-03-14 11:42:13,843] {processor.py:171} INFO - Processing /opt/anaconda3/lib/python3.9/site-packages/airflow/example_dags/example_complex.py took 0.100 seconds
[2022-03-14 11:44:44,252] {processor.py:163} INFO - Started process (PID=81495) to work on /opt/anaconda3/lib/python3.9/site-packages/airflow/example_dags/example_complex.py
[2022-03-14 11:44:44,258] {processor.py:642} INFO - Processing file /opt/anaconda3/lib/python3.9/site-packages/airflow/example_dags/example_complex.py for tasks to queue
[2022-03-14 11:44:44,259] {logging_mixin.py:109} INFO - [2022-03-14 11:44:44,259] {dagbag.py:500} INFO - Filling up the DagBag from /opt/anaconda3/lib/python3.9/site-packages/airflow/example_dags/example_complex.py
[2022-03-14 11:44:44,307] {processor.py:654} INFO - DAG(s) dict_keys(['example_complex']) retrieved from /opt/anaconda3/lib/python3.9/site-packages/airflow/example_dags/example_complex.py
[2022-03-14 11:44:44,330] {logging_mixin.py:109} INFO - [2022-03-14 11:44:44,330] {dag.py:2398} INFO - Sync 1 DAGs
[2022-03-14 11:44:44,339] {logging_mixin.py:109} INFO - [2022-03-14 11:44:44,339] {dag.py:2937} INFO - Setting next_dagrun for example_complex to None
[2022-03-14 11:44:44,348] {processor.py:171} INFO - Processing /opt/anaconda3/lib/python3.9/site-packages/airflow/example_dags/example_complex.py took 0.097 seconds
[2022-03-14 11:47:16,806] {processor.py:163} INFO - Started process (PID=81607) to work on /opt/anaconda3/lib/python3.9/site-packages/airflow/example_dags/example_complex.py
[2022-03-14 11:47:16,812] {processor.py:642} INFO - Processing file /opt/anaconda3/lib/python3.9/site-packages/airflow/example_dags/example_complex.py for tasks to queue
[2022-03-14 11:47:16,812] {logging_mixin.py:109} INFO - [2022-03-14 11:47:16,812] {dagbag.py:500} INFO - Filling up the DagBag from /opt/anaconda3/lib/python3.9/site-packages/airflow/example_dags/example_complex.py
[2022-03-14 11:47:16,862] {processor.py:654} INFO - DAG(s) dict_keys(['example_complex']) retrieved from /opt/anaconda3/lib/python3.9/site-packages/airflow/example_dags/example_complex.py
[2022-03-14 11:47:16,885] {logging_mixin.py:109} INFO - [2022-03-14 11:47:16,885] {dag.py:2398} INFO - Sync 1 DAGs
[2022-03-14 11:47:16,893] {logging_mixin.py:109} INFO - [2022-03-14 11:47:16,893] {dag.py:2937} INFO - Setting next_dagrun for example_complex to None
[2022-03-14 11:47:16,904] {processor.py:171} INFO - Processing /opt/anaconda3/lib/python3.9/site-packages/airflow/example_dags/example_complex.py took 0.099 seconds
[2022-03-14 11:49:49,955] {processor.py:163} INFO - Started process (PID=81755) to work on /opt/anaconda3/lib/python3.9/site-packages/airflow/example_dags/example_complex.py
[2022-03-14 11:49:49,955] {processor.py:642} INFO - Processing file /opt/anaconda3/lib/python3.9/site-packages/airflow/example_dags/example_complex.py for tasks to queue
[2022-03-14 11:49:49,956] {logging_mixin.py:109} INFO - [2022-03-14 11:49:49,956] {dagbag.py:500} INFO - Filling up the DagBag from /opt/anaconda3/lib/python3.9/site-packages/airflow/example_dags/example_complex.py
[2022-03-14 11:49:50,003] {processor.py:654} INFO - DAG(s) dict_keys(['example_complex']) retrieved from /opt/anaconda3/lib/python3.9/site-packages/airflow/example_dags/example_complex.py
[2022-03-14 11:49:50,026] {logging_mixin.py:109} INFO - [2022-03-14 11:49:50,026] {dag.py:2398} INFO - Sync 1 DAGs
[2022-03-14 11:49:50,034] {logging_mixin.py:109} INFO - [2022-03-14 11:49:50,034] {dag.py:2937} INFO - Setting next_dagrun for example_complex to None
[2022-03-14 11:49:50,049] {processor.py:171} INFO - Processing /opt/anaconda3/lib/python3.9/site-packages/airflow/example_dags/example_complex.py took 0.095 seconds
[2022-03-14 11:52:24,379] {processor.py:163} INFO - Started process (PID=81857) to work on /opt/anaconda3/lib/python3.9/site-packages/airflow/example_dags/example_complex.py
[2022-03-14 11:52:24,379] {processor.py:642} INFO - Processing file /opt/anaconda3/lib/python3.9/site-packages/airflow/example_dags/example_complex.py for tasks to queue
[2022-03-14 11:52:24,380] {logging_mixin.py:109} INFO - [2022-03-14 11:52:24,380] {dagbag.py:500} INFO - Filling up the DagBag from /opt/anaconda3/lib/python3.9/site-packages/airflow/example_dags/example_complex.py
[2022-03-14 11:52:24,429] {processor.py:654} INFO - DAG(s) dict_keys(['example_complex']) retrieved from /opt/anaconda3/lib/python3.9/site-packages/airflow/example_dags/example_complex.py
[2022-03-14 11:52:24,453] {logging_mixin.py:109} INFO - [2022-03-14 11:52:24,452] {dag.py:2398} INFO - Sync 1 DAGs
[2022-03-14 11:52:24,462] {logging_mixin.py:109} INFO - [2022-03-14 11:52:24,462] {dag.py:2937} INFO - Setting next_dagrun for example_complex to None
[2022-03-14 11:52:24,478] {processor.py:171} INFO - Processing /opt/anaconda3/lib/python3.9/site-packages/airflow/example_dags/example_complex.py took 0.099 seconds
[2022-03-14 11:54:57,559] {processor.py:163} INFO - Started process (PID=81957) to work on /opt/anaconda3/lib/python3.9/site-packages/airflow/example_dags/example_complex.py
[2022-03-14 11:54:57,559] {processor.py:642} INFO - Processing file /opt/anaconda3/lib/python3.9/site-packages/airflow/example_dags/example_complex.py for tasks to queue
[2022-03-14 11:54:57,559] {logging_mixin.py:109} INFO - [2022-03-14 11:54:57,559] {dagbag.py:500} INFO - Filling up the DagBag from /opt/anaconda3/lib/python3.9/site-packages/airflow/example_dags/example_complex.py
[2022-03-14 11:54:57,606] {processor.py:654} INFO - DAG(s) dict_keys(['example_complex']) retrieved from /opt/anaconda3/lib/python3.9/site-packages/airflow/example_dags/example_complex.py
[2022-03-14 11:54:57,629] {logging_mixin.py:109} INFO - [2022-03-14 11:54:57,629] {dag.py:2398} INFO - Sync 1 DAGs
[2022-03-14 11:54:57,638] {logging_mixin.py:109} INFO - [2022-03-14 11:54:57,638] {dag.py:2937} INFO - Setting next_dagrun for example_complex to None
[2022-03-14 11:54:57,648] {processor.py:171} INFO - Processing /opt/anaconda3/lib/python3.9/site-packages/airflow/example_dags/example_complex.py took 0.090 seconds
[2022-03-14 11:57:31,824] {processor.py:163} INFO - Started process (PID=82069) to work on /opt/anaconda3/lib/python3.9/site-packages/airflow/example_dags/example_complex.py
[2022-03-14 11:57:31,830] {processor.py:642} INFO - Processing file /opt/anaconda3/lib/python3.9/site-packages/airflow/example_dags/example_complex.py for tasks to queue
[2022-03-14 11:57:31,831] {logging_mixin.py:109} INFO - [2022-03-14 11:57:31,831] {dagbag.py:500} INFO - Filling up the DagBag from /opt/anaconda3/lib/python3.9/site-packages/airflow/example_dags/example_complex.py
[2022-03-14 11:57:31,883] {processor.py:654} INFO - DAG(s) dict_keys(['example_complex']) retrieved from /opt/anaconda3/lib/python3.9/site-packages/airflow/example_dags/example_complex.py
[2022-03-14 11:57:31,906] {logging_mixin.py:109} INFO - [2022-03-14 11:57:31,905] {dag.py:2398} INFO - Sync 1 DAGs
[2022-03-14 11:57:31,915] {logging_mixin.py:109} INFO - [2022-03-14 11:57:31,915] {dag.py:2937} INFO - Setting next_dagrun for example_complex to None
[2022-03-14 11:57:31,926] {processor.py:171} INFO - Processing /opt/anaconda3/lib/python3.9/site-packages/airflow/example_dags/example_complex.py took 0.103 seconds
[2022-03-14 12:00:06,796] {processor.py:163} INFO - Started process (PID=82222) to work on /opt/anaconda3/lib/python3.9/site-packages/airflow/example_dags/example_complex.py
[2022-03-14 12:00:06,796] {processor.py:642} INFO - Processing file /opt/anaconda3/lib/python3.9/site-packages/airflow/example_dags/example_complex.py for tasks to queue
[2022-03-14 12:00:06,797] {logging_mixin.py:109} INFO - [2022-03-14 12:00:06,797] {dagbag.py:500} INFO - Filling up the DagBag from /opt/anaconda3/lib/python3.9/site-packages/airflow/example_dags/example_complex.py
[2022-03-14 12:00:06,847] {processor.py:654} INFO - DAG(s) dict_keys(['example_complex']) retrieved from /opt/anaconda3/lib/python3.9/site-packages/airflow/example_dags/example_complex.py
[2022-03-14 12:00:06,871] {logging_mixin.py:109} INFO - [2022-03-14 12:00:06,870] {dag.py:2398} INFO - Sync 1 DAGs
[2022-03-14 12:00:06,881] {logging_mixin.py:109} INFO - [2022-03-14 12:00:06,881] {dag.py:2937} INFO - Setting next_dagrun for example_complex to None
[2022-03-14 12:00:06,893] {processor.py:171} INFO - Processing /opt/anaconda3/lib/python3.9/site-packages/airflow/example_dags/example_complex.py took 0.098 seconds
[2022-03-14 12:02:38,219] {processor.py:163} INFO - Started process (PID=82319) to work on /opt/anaconda3/lib/python3.9/site-packages/airflow/example_dags/example_complex.py
[2022-03-14 12:02:38,219] {processor.py:642} INFO - Processing file /opt/anaconda3/lib/python3.9/site-packages/airflow/example_dags/example_complex.py for tasks to queue
[2022-03-14 12:02:38,220] {logging_mixin.py:109} INFO - [2022-03-14 12:02:38,220] {dagbag.py:500} INFO - Filling up the DagBag from /opt/anaconda3/lib/python3.9/site-packages/airflow/example_dags/example_complex.py
[2022-03-14 12:02:38,262] {processor.py:654} INFO - DAG(s) dict_keys(['example_complex']) retrieved from /opt/anaconda3/lib/python3.9/site-packages/airflow/example_dags/example_complex.py
[2022-03-14 12:02:38,282] {logging_mixin.py:109} INFO - [2022-03-14 12:02:38,282] {dag.py:2398} INFO - Sync 1 DAGs
[2022-03-14 12:02:38,290] {logging_mixin.py:109} INFO - [2022-03-14 12:02:38,290] {dag.py:2937} INFO - Setting next_dagrun for example_complex to None
[2022-03-14 12:02:38,303] {processor.py:171} INFO - Processing /opt/anaconda3/lib/python3.9/site-packages/airflow/example_dags/example_complex.py took 0.085 seconds
[2022-03-14 12:05:09,692] {processor.py:163} INFO - Started process (PID=82429) to work on /opt/anaconda3/lib/python3.9/site-packages/airflow/example_dags/example_complex.py
[2022-03-14 12:05:09,694] {processor.py:642} INFO - Processing file /opt/anaconda3/lib/python3.9/site-packages/airflow/example_dags/example_complex.py for tasks to queue
[2022-03-14 12:05:09,695] {logging_mixin.py:109} INFO - [2022-03-14 12:05:09,695] {dagbag.py:500} INFO - Filling up the DagBag from /opt/anaconda3/lib/python3.9/site-packages/airflow/example_dags/example_complex.py
[2022-03-14 12:05:09,746] {processor.py:654} INFO - DAG(s) dict_keys(['example_complex']) retrieved from /opt/anaconda3/lib/python3.9/site-packages/airflow/example_dags/example_complex.py
[2022-03-14 12:05:09,770] {logging_mixin.py:109} INFO - [2022-03-14 12:05:09,770] {dag.py:2398} INFO - Sync 1 DAGs
[2022-03-14 12:05:09,780] {logging_mixin.py:109} INFO - [2022-03-14 12:05:09,780] {dag.py:2937} INFO - Setting next_dagrun for example_complex to None
[2022-03-14 12:05:09,791] {processor.py:171} INFO - Processing /opt/anaconda3/lib/python3.9/site-packages/airflow/example_dags/example_complex.py took 0.100 seconds
[2022-03-14 12:07:32,709] {processor.py:163} INFO - Started process (PID=82520) to work on /opt/anaconda3/lib/python3.9/site-packages/airflow/example_dags/example_complex.py
[2022-03-14 12:07:32,709] {processor.py:642} INFO - Processing file /opt/anaconda3/lib/python3.9/site-packages/airflow/example_dags/example_complex.py for tasks to queue
[2022-03-14 12:07:32,710] {logging_mixin.py:109} INFO - [2022-03-14 12:07:32,709] {dagbag.py:500} INFO - Filling up the DagBag from /opt/anaconda3/lib/python3.9/site-packages/airflow/example_dags/example_complex.py
[2022-03-14 12:07:32,755] {processor.py:654} INFO - DAG(s) dict_keys(['example_complex']) retrieved from /opt/anaconda3/lib/python3.9/site-packages/airflow/example_dags/example_complex.py
[2022-03-14 12:07:32,779] {logging_mixin.py:109} INFO - [2022-03-14 12:07:32,779] {dag.py:2398} INFO - Sync 1 DAGs
[2022-03-14 12:07:32,788] {logging_mixin.py:109} INFO - [2022-03-14 12:07:32,788] {dag.py:2937} INFO - Setting next_dagrun for example_complex to None
[2022-03-14 12:07:32,803] {processor.py:171} INFO - Processing /opt/anaconda3/lib/python3.9/site-packages/airflow/example_dags/example_complex.py took 0.095 seconds
