[2022-03-14 09:08:01,490] {processor.py:163} INFO - Started process (PID=73930) to work on /opt/anaconda3/lib/python3.9/site-packages/airflow/example_dags/example_short_circuit_operator.py
[2022-03-14 09:08:01,490] {processor.py:642} INFO - Processing file /opt/anaconda3/lib/python3.9/site-packages/airflow/example_dags/example_short_circuit_operator.py for tasks to queue
[2022-03-14 09:08:01,492] {logging_mixin.py:109} INFO - [2022-03-14 09:08:01,492] {dagbag.py:500} INFO - Filling up the DagBag from /opt/anaconda3/lib/python3.9/site-packages/airflow/example_dags/example_short_circuit_operator.py
[2022-03-14 09:08:01,553] {processor.py:654} INFO - DAG(s) dict_keys(['example_short_circuit_operator']) retrieved from /opt/anaconda3/lib/python3.9/site-packages/airflow/example_dags/example_short_circuit_operator.py
[2022-03-14 09:08:01,574] {logging_mixin.py:109} INFO - [2022-03-14 09:08:01,574] {dag.py:2398} INFO - Sync 1 DAGs
[2022-03-14 09:08:01,583] {logging_mixin.py:109} INFO - [2022-03-14 09:08:01,582] {dag.py:2937} INFO - Setting next_dagrun for example_short_circuit_operator to 2022-03-13T14:08:01.582815+00:00
[2022-03-14 09:08:01,592] {processor.py:171} INFO - Processing /opt/anaconda3/lib/python3.9/site-packages/airflow/example_dags/example_short_circuit_operator.py took 0.103 seconds
[2022-03-14 09:37:15,826] {processor.py:163} INFO - Started process (PID=74805) to work on /opt/anaconda3/lib/python3.9/site-packages/airflow/example_dags/example_short_circuit_operator.py
[2022-03-14 09:37:15,832] {processor.py:642} INFO - Processing file /opt/anaconda3/lib/python3.9/site-packages/airflow/example_dags/example_short_circuit_operator.py for tasks to queue
[2022-03-14 09:37:15,833] {logging_mixin.py:109} INFO - [2022-03-14 09:37:15,833] {dagbag.py:500} INFO - Filling up the DagBag from /opt/anaconda3/lib/python3.9/site-packages/airflow/example_dags/example_short_circuit_operator.py
[2022-03-14 09:37:15,896] {processor.py:654} INFO - DAG(s) dict_keys(['example_short_circuit_operator']) retrieved from /opt/anaconda3/lib/python3.9/site-packages/airflow/example_dags/example_short_circuit_operator.py
[2022-03-14 09:37:15,916] {logging_mixin.py:109} INFO - [2022-03-14 09:37:15,916] {dag.py:2398} INFO - Sync 1 DAGs
[2022-03-14 09:37:15,926] {logging_mixin.py:109} INFO - [2022-03-14 09:37:15,926] {dag.py:2937} INFO - Setting next_dagrun for example_short_circuit_operator to 2022-03-13T14:37:15.925991+00:00
[2022-03-14 09:37:15,937] {processor.py:171} INFO - Processing /opt/anaconda3/lib/python3.9/site-packages/airflow/example_dags/example_short_circuit_operator.py took 0.112 seconds
[2022-03-14 09:39:04,051] {processor.py:163} INFO - Started process (PID=74959) to work on /opt/anaconda3/lib/python3.9/site-packages/airflow/example_dags/example_short_circuit_operator.py
[2022-03-14 09:39:04,052] {processor.py:642} INFO - Processing file /opt/anaconda3/lib/python3.9/site-packages/airflow/example_dags/example_short_circuit_operator.py for tasks to queue
[2022-03-14 09:39:04,052] {logging_mixin.py:109} INFO - [2022-03-14 09:39:04,052] {dagbag.py:500} INFO - Filling up the DagBag from /opt/anaconda3/lib/python3.9/site-packages/airflow/example_dags/example_short_circuit_operator.py
[2022-03-14 09:39:04,115] {processor.py:654} INFO - DAG(s) dict_keys(['example_short_circuit_operator']) retrieved from /opt/anaconda3/lib/python3.9/site-packages/airflow/example_dags/example_short_circuit_operator.py
[2022-03-14 09:39:04,134] {logging_mixin.py:109} INFO - [2022-03-14 09:39:04,134] {dag.py:2398} INFO - Sync 1 DAGs
[2022-03-14 09:39:04,143] {logging_mixin.py:109} INFO - [2022-03-14 09:39:04,143] {dag.py:2937} INFO - Setting next_dagrun for example_short_circuit_operator to 2022-03-13T14:39:04.143423+00:00
[2022-03-14 09:39:04,155] {processor.py:171} INFO - Processing /opt/anaconda3/lib/python3.9/site-packages/airflow/example_dags/example_short_circuit_operator.py took 0.105 seconds
[2022-03-14 09:41:37,988] {processor.py:163} INFO - Started process (PID=75144) to work on /opt/anaconda3/lib/python3.9/site-packages/airflow/example_dags/example_short_circuit_operator.py
[2022-03-14 09:41:37,991] {processor.py:642} INFO - Processing file /opt/anaconda3/lib/python3.9/site-packages/airflow/example_dags/example_short_circuit_operator.py for tasks to queue
[2022-03-14 09:41:37,991] {logging_mixin.py:109} INFO - [2022-03-14 09:41:37,991] {dagbag.py:500} INFO - Filling up the DagBag from /opt/anaconda3/lib/python3.9/site-packages/airflow/example_dags/example_short_circuit_operator.py
[2022-03-14 09:41:38,052] {processor.py:654} INFO - DAG(s) dict_keys(['example_short_circuit_operator']) retrieved from /opt/anaconda3/lib/python3.9/site-packages/airflow/example_dags/example_short_circuit_operator.py
[2022-03-14 09:41:38,071] {logging_mixin.py:109} INFO - [2022-03-14 09:41:38,071] {dag.py:2398} INFO - Sync 1 DAGs
[2022-03-14 09:41:38,081] {logging_mixin.py:109} INFO - [2022-03-14 09:41:38,081] {dag.py:2937} INFO - Setting next_dagrun for example_short_circuit_operator to 2022-03-13T14:41:38.081247+00:00
[2022-03-14 09:41:38,093] {processor.py:171} INFO - Processing /opt/anaconda3/lib/python3.9/site-packages/airflow/example_dags/example_short_circuit_operator.py took 0.105 seconds
[2022-03-14 09:44:08,776] {processor.py:163} INFO - Started process (PID=75249) to work on /opt/anaconda3/lib/python3.9/site-packages/airflow/example_dags/example_short_circuit_operator.py
[2022-03-14 09:44:08,782] {processor.py:642} INFO - Processing file /opt/anaconda3/lib/python3.9/site-packages/airflow/example_dags/example_short_circuit_operator.py for tasks to queue
[2022-03-14 09:44:08,783] {logging_mixin.py:109} INFO - [2022-03-14 09:44:08,783] {dagbag.py:500} INFO - Filling up the DagBag from /opt/anaconda3/lib/python3.9/site-packages/airflow/example_dags/example_short_circuit_operator.py
[2022-03-14 09:44:08,840] {processor.py:654} INFO - DAG(s) dict_keys(['example_short_circuit_operator']) retrieved from /opt/anaconda3/lib/python3.9/site-packages/airflow/example_dags/example_short_circuit_operator.py
[2022-03-14 09:44:08,859] {logging_mixin.py:109} INFO - [2022-03-14 09:44:08,859] {dag.py:2398} INFO - Sync 1 DAGs
[2022-03-14 09:44:08,869] {logging_mixin.py:109} INFO - [2022-03-14 09:44:08,869] {dag.py:2937} INFO - Setting next_dagrun for example_short_circuit_operator to 2022-03-13T14:44:08.869547+00:00
[2022-03-14 09:44:08,881] {processor.py:171} INFO - Processing /opt/anaconda3/lib/python3.9/site-packages/airflow/example_dags/example_short_circuit_operator.py took 0.106 seconds
[2022-03-14 09:46:46,905] {processor.py:163} INFO - Started process (PID=75333) to work on /opt/anaconda3/lib/python3.9/site-packages/airflow/example_dags/example_short_circuit_operator.py
[2022-03-14 09:46:46,906] {processor.py:642} INFO - Processing file /opt/anaconda3/lib/python3.9/site-packages/airflow/example_dags/example_short_circuit_operator.py for tasks to queue
[2022-03-14 09:46:46,907] {logging_mixin.py:109} INFO - [2022-03-14 09:46:46,907] {dagbag.py:500} INFO - Filling up the DagBag from /opt/anaconda3/lib/python3.9/site-packages/airflow/example_dags/example_short_circuit_operator.py
[2022-03-14 09:46:46,967] {processor.py:654} INFO - DAG(s) dict_keys(['example_short_circuit_operator']) retrieved from /opt/anaconda3/lib/python3.9/site-packages/airflow/example_dags/example_short_circuit_operator.py
[2022-03-14 09:46:46,987] {logging_mixin.py:109} INFO - [2022-03-14 09:46:46,986] {dag.py:2398} INFO - Sync 1 DAGs
[2022-03-14 09:46:46,996] {logging_mixin.py:109} INFO - [2022-03-14 09:46:46,996] {dag.py:2937} INFO - Setting next_dagrun for example_short_circuit_operator to 2022-03-13T14:46:46.995960+00:00
[2022-03-14 09:46:47,009] {processor.py:171} INFO - Processing /opt/anaconda3/lib/python3.9/site-packages/airflow/example_dags/example_short_circuit_operator.py took 0.104 seconds
[2022-03-14 09:49:15,425] {processor.py:163} INFO - Started process (PID=75478) to work on /opt/anaconda3/lib/python3.9/site-packages/airflow/example_dags/example_short_circuit_operator.py
[2022-03-14 09:49:15,432] {processor.py:642} INFO - Processing file /opt/anaconda3/lib/python3.9/site-packages/airflow/example_dags/example_short_circuit_operator.py for tasks to queue
[2022-03-14 09:49:15,432] {logging_mixin.py:109} INFO - [2022-03-14 09:49:15,432] {dagbag.py:500} INFO - Filling up the DagBag from /opt/anaconda3/lib/python3.9/site-packages/airflow/example_dags/example_short_circuit_operator.py
[2022-03-14 09:49:15,496] {processor.py:654} INFO - DAG(s) dict_keys(['example_short_circuit_operator']) retrieved from /opt/anaconda3/lib/python3.9/site-packages/airflow/example_dags/example_short_circuit_operator.py
[2022-03-14 09:49:15,517] {logging_mixin.py:109} INFO - [2022-03-14 09:49:15,517] {dag.py:2398} INFO - Sync 1 DAGs
[2022-03-14 09:49:15,528] {logging_mixin.py:109} INFO - [2022-03-14 09:49:15,528] {dag.py:2937} INFO - Setting next_dagrun for example_short_circuit_operator to 2022-03-13T14:49:15.527917+00:00
[2022-03-14 09:49:15,540] {processor.py:171} INFO - Processing /opt/anaconda3/lib/python3.9/site-packages/airflow/example_dags/example_short_circuit_operator.py took 0.116 seconds
[2022-03-14 09:51:44,054] {processor.py:163} INFO - Started process (PID=75587) to work on /opt/anaconda3/lib/python3.9/site-packages/airflow/example_dags/example_short_circuit_operator.py
[2022-03-14 09:51:44,061] {processor.py:642} INFO - Processing file /opt/anaconda3/lib/python3.9/site-packages/airflow/example_dags/example_short_circuit_operator.py for tasks to queue
[2022-03-14 09:51:44,061] {logging_mixin.py:109} INFO - [2022-03-14 09:51:44,061] {dagbag.py:500} INFO - Filling up the DagBag from /opt/anaconda3/lib/python3.9/site-packages/airflow/example_dags/example_short_circuit_operator.py
[2022-03-14 09:51:44,120] {processor.py:654} INFO - DAG(s) dict_keys(['example_short_circuit_operator']) retrieved from /opt/anaconda3/lib/python3.9/site-packages/airflow/example_dags/example_short_circuit_operator.py
[2022-03-14 09:51:44,138] {logging_mixin.py:109} INFO - [2022-03-14 09:51:44,138] {dag.py:2398} INFO - Sync 1 DAGs
[2022-03-14 09:51:44,147] {logging_mixin.py:109} INFO - [2022-03-14 09:51:44,147] {dag.py:2937} INFO - Setting next_dagrun for example_short_circuit_operator to 2022-03-13T14:51:44.147032+00:00
[2022-03-14 09:51:44,158] {processor.py:171} INFO - Processing /opt/anaconda3/lib/python3.9/site-packages/airflow/example_dags/example_short_circuit_operator.py took 0.104 seconds
[2022-03-14 09:54:13,400] {processor.py:163} INFO - Started process (PID=75718) to work on /opt/anaconda3/lib/python3.9/site-packages/airflow/example_dags/example_short_circuit_operator.py
[2022-03-14 09:54:13,402] {processor.py:642} INFO - Processing file /opt/anaconda3/lib/python3.9/site-packages/airflow/example_dags/example_short_circuit_operator.py for tasks to queue
[2022-03-14 09:54:13,403] {logging_mixin.py:109} INFO - [2022-03-14 09:54:13,403] {dagbag.py:500} INFO - Filling up the DagBag from /opt/anaconda3/lib/python3.9/site-packages/airflow/example_dags/example_short_circuit_operator.py
[2022-03-14 09:54:13,467] {processor.py:654} INFO - DAG(s) dict_keys(['example_short_circuit_operator']) retrieved from /opt/anaconda3/lib/python3.9/site-packages/airflow/example_dags/example_short_circuit_operator.py
[2022-03-14 09:54:13,488] {logging_mixin.py:109} INFO - [2022-03-14 09:54:13,488] {dag.py:2398} INFO - Sync 1 DAGs
[2022-03-14 09:54:13,497] {logging_mixin.py:109} INFO - [2022-03-14 09:54:13,497] {dag.py:2937} INFO - Setting next_dagrun for example_short_circuit_operator to 2022-03-13T14:54:13.497284+00:00
[2022-03-14 09:54:13,508] {processor.py:171} INFO - Processing /opt/anaconda3/lib/python3.9/site-packages/airflow/example_dags/example_short_circuit_operator.py took 0.109 seconds
[2022-03-14 09:56:51,756] {processor.py:163} INFO - Started process (PID=75795) to work on /opt/anaconda3/lib/python3.9/site-packages/airflow/example_dags/example_short_circuit_operator.py
[2022-03-14 09:56:51,758] {processor.py:642} INFO - Processing file /opt/anaconda3/lib/python3.9/site-packages/airflow/example_dags/example_short_circuit_operator.py for tasks to queue
[2022-03-14 09:56:51,759] {logging_mixin.py:109} INFO - [2022-03-14 09:56:51,759] {dagbag.py:500} INFO - Filling up the DagBag from /opt/anaconda3/lib/python3.9/site-packages/airflow/example_dags/example_short_circuit_operator.py
[2022-03-14 09:56:51,823] {processor.py:654} INFO - DAG(s) dict_keys(['example_short_circuit_operator']) retrieved from /opt/anaconda3/lib/python3.9/site-packages/airflow/example_dags/example_short_circuit_operator.py
[2022-03-14 09:56:51,843] {logging_mixin.py:109} INFO - [2022-03-14 09:56:51,843] {dag.py:2398} INFO - Sync 1 DAGs
[2022-03-14 09:56:51,853] {logging_mixin.py:109} INFO - [2022-03-14 09:56:51,853] {dag.py:2937} INFO - Setting next_dagrun for example_short_circuit_operator to 2022-03-13T14:56:51.853482+00:00
[2022-03-14 09:56:51,866] {processor.py:171} INFO - Processing /opt/anaconda3/lib/python3.9/site-packages/airflow/example_dags/example_short_circuit_operator.py took 0.111 seconds
[2022-03-14 09:59:48,946] {processor.py:163} INFO - Started process (PID=75965) to work on /opt/anaconda3/lib/python3.9/site-packages/airflow/example_dags/example_short_circuit_operator.py
[2022-03-14 09:59:48,948] {processor.py:642} INFO - Processing file /opt/anaconda3/lib/python3.9/site-packages/airflow/example_dags/example_short_circuit_operator.py for tasks to queue
[2022-03-14 09:59:48,949] {logging_mixin.py:109} INFO - [2022-03-14 09:59:48,949] {dagbag.py:500} INFO - Filling up the DagBag from /opt/anaconda3/lib/python3.9/site-packages/airflow/example_dags/example_short_circuit_operator.py
[2022-03-14 09:59:49,008] {processor.py:654} INFO - DAG(s) dict_keys(['example_short_circuit_operator']) retrieved from /opt/anaconda3/lib/python3.9/site-packages/airflow/example_dags/example_short_circuit_operator.py
[2022-03-14 09:59:49,029] {logging_mixin.py:109} INFO - [2022-03-14 09:59:49,029] {dag.py:2398} INFO - Sync 1 DAGs
[2022-03-14 09:59:49,040] {logging_mixin.py:109} INFO - [2022-03-14 09:59:49,040] {dag.py:2937} INFO - Setting next_dagrun for example_short_circuit_operator to 2022-03-13T14:59:49.040369+00:00
[2022-03-14 09:59:49,055] {processor.py:171} INFO - Processing /opt/anaconda3/lib/python3.9/site-packages/airflow/example_dags/example_short_circuit_operator.py took 0.110 seconds
[2022-03-14 10:02:21,254] {processor.py:163} INFO - Started process (PID=76075) to work on /opt/anaconda3/lib/python3.9/site-packages/airflow/example_dags/example_short_circuit_operator.py
[2022-03-14 10:02:21,254] {processor.py:642} INFO - Processing file /opt/anaconda3/lib/python3.9/site-packages/airflow/example_dags/example_short_circuit_operator.py for tasks to queue
[2022-03-14 10:02:21,255] {logging_mixin.py:109} INFO - [2022-03-14 10:02:21,255] {dagbag.py:500} INFO - Filling up the DagBag from /opt/anaconda3/lib/python3.9/site-packages/airflow/example_dags/example_short_circuit_operator.py
[2022-03-14 10:02:21,313] {processor.py:654} INFO - DAG(s) dict_keys(['example_short_circuit_operator']) retrieved from /opt/anaconda3/lib/python3.9/site-packages/airflow/example_dags/example_short_circuit_operator.py
[2022-03-14 10:02:21,333] {logging_mixin.py:109} INFO - [2022-03-14 10:02:21,333] {dag.py:2398} INFO - Sync 1 DAGs
[2022-03-14 10:02:21,343] {logging_mixin.py:109} INFO - [2022-03-14 10:02:21,342] {dag.py:2937} INFO - Setting next_dagrun for example_short_circuit_operator to 2022-03-13T15:02:21.342826+00:00
[2022-03-14 10:02:21,357] {processor.py:171} INFO - Processing /opt/anaconda3/lib/python3.9/site-packages/airflow/example_dags/example_short_circuit_operator.py took 0.103 seconds
[2022-03-14 10:04:08,983] {processor.py:163} INFO - Started process (PID=76123) to work on /opt/anaconda3/lib/python3.9/site-packages/airflow/example_dags/example_short_circuit_operator.py
[2022-03-14 10:04:08,983] {processor.py:642} INFO - Processing file /opt/anaconda3/lib/python3.9/site-packages/airflow/example_dags/example_short_circuit_operator.py for tasks to queue
[2022-03-14 10:04:08,984] {logging_mixin.py:109} INFO - [2022-03-14 10:04:08,984] {dagbag.py:500} INFO - Filling up the DagBag from /opt/anaconda3/lib/python3.9/site-packages/airflow/example_dags/example_short_circuit_operator.py
[2022-03-14 10:04:09,042] {processor.py:654} INFO - DAG(s) dict_keys(['example_short_circuit_operator']) retrieved from /opt/anaconda3/lib/python3.9/site-packages/airflow/example_dags/example_short_circuit_operator.py
[2022-03-14 10:04:09,060] {logging_mixin.py:109} INFO - [2022-03-14 10:04:09,060] {dag.py:2398} INFO - Sync 1 DAGs
[2022-03-14 10:04:09,069] {logging_mixin.py:109} INFO - [2022-03-14 10:04:09,069] {dag.py:2937} INFO - Setting next_dagrun for example_short_circuit_operator to 2022-03-13T15:04:09.069215+00:00
[2022-03-14 10:04:09,083] {processor.py:171} INFO - Processing /opt/anaconda3/lib/python3.9/site-packages/airflow/example_dags/example_short_circuit_operator.py took 0.101 seconds
[2022-03-14 10:06:36,291] {processor.py:163} INFO - Started process (PID=76213) to work on /opt/anaconda3/lib/python3.9/site-packages/airflow/example_dags/example_short_circuit_operator.py
[2022-03-14 10:06:36,297] {processor.py:642} INFO - Processing file /opt/anaconda3/lib/python3.9/site-packages/airflow/example_dags/example_short_circuit_operator.py for tasks to queue
[2022-03-14 10:06:36,298] {logging_mixin.py:109} INFO - [2022-03-14 10:06:36,298] {dagbag.py:500} INFO - Filling up the DagBag from /opt/anaconda3/lib/python3.9/site-packages/airflow/example_dags/example_short_circuit_operator.py
[2022-03-14 10:06:36,353] {processor.py:654} INFO - DAG(s) dict_keys(['example_short_circuit_operator']) retrieved from /opt/anaconda3/lib/python3.9/site-packages/airflow/example_dags/example_short_circuit_operator.py
[2022-03-14 10:06:36,371] {logging_mixin.py:109} INFO - [2022-03-14 10:06:36,371] {dag.py:2398} INFO - Sync 1 DAGs
[2022-03-14 10:06:36,380] {logging_mixin.py:109} INFO - [2022-03-14 10:06:36,380] {dag.py:2937} INFO - Setting next_dagrun for example_short_circuit_operator to 2022-03-13T15:06:36.380493+00:00
[2022-03-14 10:06:36,391] {processor.py:171} INFO - Processing /opt/anaconda3/lib/python3.9/site-packages/airflow/example_dags/example_short_circuit_operator.py took 0.101 seconds
[2022-03-14 10:08:23,916] {processor.py:163} INFO - Started process (PID=76306) to work on /opt/anaconda3/lib/python3.9/site-packages/airflow/example_dags/example_short_circuit_operator.py
[2022-03-14 10:08:23,916] {processor.py:642} INFO - Processing file /opt/anaconda3/lib/python3.9/site-packages/airflow/example_dags/example_short_circuit_operator.py for tasks to queue
[2022-03-14 10:08:23,917] {logging_mixin.py:109} INFO - [2022-03-14 10:08:23,917] {dagbag.py:500} INFO - Filling up the DagBag from /opt/anaconda3/lib/python3.9/site-packages/airflow/example_dags/example_short_circuit_operator.py
[2022-03-14 10:08:23,971] {processor.py:654} INFO - DAG(s) dict_keys(['example_short_circuit_operator']) retrieved from /opt/anaconda3/lib/python3.9/site-packages/airflow/example_dags/example_short_circuit_operator.py
[2022-03-14 10:08:23,989] {logging_mixin.py:109} INFO - [2022-03-14 10:08:23,989] {dag.py:2398} INFO - Sync 1 DAGs
[2022-03-14 10:08:23,997] {logging_mixin.py:109} INFO - [2022-03-14 10:08:23,997] {dag.py:2937} INFO - Setting next_dagrun for example_short_circuit_operator to 2022-03-13T15:08:23.997659+00:00
[2022-03-14 10:08:24,008] {processor.py:171} INFO - Processing /opt/anaconda3/lib/python3.9/site-packages/airflow/example_dags/example_short_circuit_operator.py took 0.092 seconds
[2022-03-14 10:12:27,624] {processor.py:163} INFO - Started process (PID=76650) to work on /opt/anaconda3/lib/python3.9/site-packages/airflow/example_dags/example_short_circuit_operator.py
[2022-03-14 10:12:27,625] {processor.py:642} INFO - Processing file /opt/anaconda3/lib/python3.9/site-packages/airflow/example_dags/example_short_circuit_operator.py for tasks to queue
[2022-03-14 10:12:27,625] {logging_mixin.py:109} INFO - [2022-03-14 10:12:27,625] {dagbag.py:500} INFO - Filling up the DagBag from /opt/anaconda3/lib/python3.9/site-packages/airflow/example_dags/example_short_circuit_operator.py
[2022-03-14 10:12:27,687] {processor.py:654} INFO - DAG(s) dict_keys(['example_short_circuit_operator']) retrieved from /opt/anaconda3/lib/python3.9/site-packages/airflow/example_dags/example_short_circuit_operator.py
[2022-03-14 10:12:27,707] {logging_mixin.py:109} INFO - [2022-03-14 10:12:27,707] {dag.py:2398} INFO - Sync 1 DAGs
[2022-03-14 10:12:27,717] {logging_mixin.py:109} INFO - [2022-03-14 10:12:27,717] {dag.py:2937} INFO - Setting next_dagrun for example_short_circuit_operator to 2022-03-13T15:12:27.716917+00:00
[2022-03-14 10:12:27,730] {processor.py:171} INFO - Processing /opt/anaconda3/lib/python3.9/site-packages/airflow/example_dags/example_short_circuit_operator.py took 0.106 seconds
[2022-03-14 10:14:32,581] {processor.py:163} INFO - Started process (PID=76730) to work on /opt/anaconda3/lib/python3.9/site-packages/airflow/example_dags/example_short_circuit_operator.py
[2022-03-14 10:14:32,582] {processor.py:642} INFO - Processing file /opt/anaconda3/lib/python3.9/site-packages/airflow/example_dags/example_short_circuit_operator.py for tasks to queue
[2022-03-14 10:14:32,582] {logging_mixin.py:109} INFO - [2022-03-14 10:14:32,582] {dagbag.py:500} INFO - Filling up the DagBag from /opt/anaconda3/lib/python3.9/site-packages/airflow/example_dags/example_short_circuit_operator.py
[2022-03-14 10:14:32,646] {processor.py:654} INFO - DAG(s) dict_keys(['example_short_circuit_operator']) retrieved from /opt/anaconda3/lib/python3.9/site-packages/airflow/example_dags/example_short_circuit_operator.py
[2022-03-14 10:14:32,669] {logging_mixin.py:109} INFO - [2022-03-14 10:14:32,668] {dag.py:2398} INFO - Sync 1 DAGs
[2022-03-14 10:14:32,680] {logging_mixin.py:109} INFO - [2022-03-14 10:14:32,679] {dag.py:2937} INFO - Setting next_dagrun for example_short_circuit_operator to 2022-03-13T15:14:32.679831+00:00
[2022-03-14 10:14:32,690] {processor.py:171} INFO - Processing /opt/anaconda3/lib/python3.9/site-packages/airflow/example_dags/example_short_circuit_operator.py took 0.110 seconds
[2022-03-14 10:16:22,559] {processor.py:163} INFO - Started process (PID=76785) to work on /opt/anaconda3/lib/python3.9/site-packages/airflow/example_dags/example_short_circuit_operator.py
[2022-03-14 10:16:22,565] {processor.py:642} INFO - Processing file /opt/anaconda3/lib/python3.9/site-packages/airflow/example_dags/example_short_circuit_operator.py for tasks to queue
[2022-03-14 10:16:22,566] {logging_mixin.py:109} INFO - [2022-03-14 10:16:22,566] {dagbag.py:500} INFO - Filling up the DagBag from /opt/anaconda3/lib/python3.9/site-packages/airflow/example_dags/example_short_circuit_operator.py
[2022-03-14 10:16:22,626] {processor.py:654} INFO - DAG(s) dict_keys(['example_short_circuit_operator']) retrieved from /opt/anaconda3/lib/python3.9/site-packages/airflow/example_dags/example_short_circuit_operator.py
[2022-03-14 10:16:22,645] {logging_mixin.py:109} INFO - [2022-03-14 10:16:22,645] {dag.py:2398} INFO - Sync 1 DAGs
[2022-03-14 10:16:22,654] {logging_mixin.py:109} INFO - [2022-03-14 10:16:22,654] {dag.py:2937} INFO - Setting next_dagrun for example_short_circuit_operator to 2022-03-13T15:16:22.653963+00:00
[2022-03-14 10:16:22,665] {processor.py:171} INFO - Processing /opt/anaconda3/lib/python3.9/site-packages/airflow/example_dags/example_short_circuit_operator.py took 0.106 seconds
[2022-03-14 10:18:57,695] {processor.py:163} INFO - Started process (PID=76926) to work on /opt/anaconda3/lib/python3.9/site-packages/airflow/example_dags/example_short_circuit_operator.py
[2022-03-14 10:18:57,701] {processor.py:642} INFO - Processing file /opt/anaconda3/lib/python3.9/site-packages/airflow/example_dags/example_short_circuit_operator.py for tasks to queue
[2022-03-14 10:18:57,702] {logging_mixin.py:109} INFO - [2022-03-14 10:18:57,702] {dagbag.py:500} INFO - Filling up the DagBag from /opt/anaconda3/lib/python3.9/site-packages/airflow/example_dags/example_short_circuit_operator.py
[2022-03-14 10:18:57,759] {processor.py:654} INFO - DAG(s) dict_keys(['example_short_circuit_operator']) retrieved from /opt/anaconda3/lib/python3.9/site-packages/airflow/example_dags/example_short_circuit_operator.py
[2022-03-14 10:18:57,778] {logging_mixin.py:109} INFO - [2022-03-14 10:18:57,778] {dag.py:2398} INFO - Sync 1 DAGs
[2022-03-14 10:18:57,787] {logging_mixin.py:109} INFO - [2022-03-14 10:18:57,787] {dag.py:2937} INFO - Setting next_dagrun for example_short_circuit_operator to 2022-03-13T15:18:57.787450+00:00
[2022-03-14 10:18:57,799] {processor.py:171} INFO - Processing /opt/anaconda3/lib/python3.9/site-packages/airflow/example_dags/example_short_circuit_operator.py took 0.104 seconds
[2022-03-14 10:21:20,455] {processor.py:163} INFO - Started process (PID=77001) to work on /opt/anaconda3/lib/python3.9/site-packages/airflow/example_dags/example_short_circuit_operator.py
[2022-03-14 10:21:20,456] {processor.py:642} INFO - Processing file /opt/anaconda3/lib/python3.9/site-packages/airflow/example_dags/example_short_circuit_operator.py for tasks to queue
[2022-03-14 10:21:20,457] {logging_mixin.py:109} INFO - [2022-03-14 10:21:20,457] {dagbag.py:500} INFO - Filling up the DagBag from /opt/anaconda3/lib/python3.9/site-packages/airflow/example_dags/example_short_circuit_operator.py
[2022-03-14 10:21:20,515] {processor.py:654} INFO - DAG(s) dict_keys(['example_short_circuit_operator']) retrieved from /opt/anaconda3/lib/python3.9/site-packages/airflow/example_dags/example_short_circuit_operator.py
[2022-03-14 10:21:20,534] {logging_mixin.py:109} INFO - [2022-03-14 10:21:20,534] {dag.py:2398} INFO - Sync 1 DAGs
[2022-03-14 10:21:20,543] {logging_mixin.py:109} INFO - [2022-03-14 10:21:20,543] {dag.py:2937} INFO - Setting next_dagrun for example_short_circuit_operator to 2022-03-13T15:21:20.543180+00:00
[2022-03-14 10:21:20,554] {processor.py:171} INFO - Processing /opt/anaconda3/lib/python3.9/site-packages/airflow/example_dags/example_short_circuit_operator.py took 0.100 seconds
[2022-03-14 10:23:10,097] {processor.py:163} INFO - Started process (PID=77054) to work on /opt/anaconda3/lib/python3.9/site-packages/airflow/example_dags/example_short_circuit_operator.py
[2022-03-14 10:23:10,098] {processor.py:642} INFO - Processing file /opt/anaconda3/lib/python3.9/site-packages/airflow/example_dags/example_short_circuit_operator.py for tasks to queue
[2022-03-14 10:23:10,098] {logging_mixin.py:109} INFO - [2022-03-14 10:23:10,098] {dagbag.py:500} INFO - Filling up the DagBag from /opt/anaconda3/lib/python3.9/site-packages/airflow/example_dags/example_short_circuit_operator.py
[2022-03-14 10:23:10,155] {processor.py:654} INFO - DAG(s) dict_keys(['example_short_circuit_operator']) retrieved from /opt/anaconda3/lib/python3.9/site-packages/airflow/example_dags/example_short_circuit_operator.py
[2022-03-14 10:23:10,173] {logging_mixin.py:109} INFO - [2022-03-14 10:23:10,173] {dag.py:2398} INFO - Sync 1 DAGs
[2022-03-14 10:23:10,182] {logging_mixin.py:109} INFO - [2022-03-14 10:23:10,182] {dag.py:2937} INFO - Setting next_dagrun for example_short_circuit_operator to 2022-03-13T15:23:10.182388+00:00
[2022-03-14 10:23:10,191] {processor.py:171} INFO - Processing /opt/anaconda3/lib/python3.9/site-packages/airflow/example_dags/example_short_circuit_operator.py took 0.095 seconds
[2022-03-14 10:25:20,428] {processor.py:163} INFO - Started process (PID=77157) to work on /opt/anaconda3/lib/python3.9/site-packages/airflow/example_dags/example_short_circuit_operator.py
[2022-03-14 10:25:20,434] {processor.py:642} INFO - Processing file /opt/anaconda3/lib/python3.9/site-packages/airflow/example_dags/example_short_circuit_operator.py for tasks to queue
[2022-03-14 10:25:20,435] {logging_mixin.py:109} INFO - [2022-03-14 10:25:20,435] {dagbag.py:500} INFO - Filling up the DagBag from /opt/anaconda3/lib/python3.9/site-packages/airflow/example_dags/example_short_circuit_operator.py
[2022-03-14 10:25:20,493] {processor.py:654} INFO - DAG(s) dict_keys(['example_short_circuit_operator']) retrieved from /opt/anaconda3/lib/python3.9/site-packages/airflow/example_dags/example_short_circuit_operator.py
[2022-03-14 10:25:20,512] {logging_mixin.py:109} INFO - [2022-03-14 10:25:20,512] {dag.py:2398} INFO - Sync 1 DAGs
[2022-03-14 10:25:20,521] {logging_mixin.py:109} INFO - [2022-03-14 10:25:20,521] {dag.py:2937} INFO - Setting next_dagrun for example_short_circuit_operator to 2022-03-13T15:25:20.521247+00:00
[2022-03-14 10:25:20,532] {processor.py:171} INFO - Processing /opt/anaconda3/lib/python3.9/site-packages/airflow/example_dags/example_short_circuit_operator.py took 0.105 seconds
[2022-03-14 10:27:42,813] {processor.py:163} INFO - Started process (PID=77299) to work on /opt/anaconda3/lib/python3.9/site-packages/airflow/example_dags/example_short_circuit_operator.py
[2022-03-14 10:27:42,819] {processor.py:642} INFO - Processing file /opt/anaconda3/lib/python3.9/site-packages/airflow/example_dags/example_short_circuit_operator.py for tasks to queue
[2022-03-14 10:27:42,820] {logging_mixin.py:109} INFO - [2022-03-14 10:27:42,820] {dagbag.py:500} INFO - Filling up the DagBag from /opt/anaconda3/lib/python3.9/site-packages/airflow/example_dags/example_short_circuit_operator.py
[2022-03-14 10:27:42,878] {processor.py:654} INFO - DAG(s) dict_keys(['example_short_circuit_operator']) retrieved from /opt/anaconda3/lib/python3.9/site-packages/airflow/example_dags/example_short_circuit_operator.py
[2022-03-14 10:27:42,897] {logging_mixin.py:109} INFO - [2022-03-14 10:27:42,897] {dag.py:2398} INFO - Sync 1 DAGs
[2022-03-14 10:27:42,906] {logging_mixin.py:109} INFO - [2022-03-14 10:27:42,906] {dag.py:2937} INFO - Setting next_dagrun for example_short_circuit_operator to 2022-03-13T15:27:42.906428+00:00
[2022-03-14 10:27:42,917] {processor.py:171} INFO - Processing /opt/anaconda3/lib/python3.9/site-packages/airflow/example_dags/example_short_circuit_operator.py took 0.105 seconds
[2022-03-14 10:29:12,565] {processor.py:163} INFO - Started process (PID=77443) to work on /opt/anaconda3/lib/python3.9/site-packages/airflow/example_dags/example_short_circuit_operator.py
[2022-03-14 10:29:12,565] {processor.py:642} INFO - Processing file /opt/anaconda3/lib/python3.9/site-packages/airflow/example_dags/example_short_circuit_operator.py for tasks to queue
[2022-03-14 10:29:12,566] {logging_mixin.py:109} INFO - [2022-03-14 10:29:12,566] {dagbag.py:500} INFO - Filling up the DagBag from /opt/anaconda3/lib/python3.9/site-packages/airflow/example_dags/example_short_circuit_operator.py
[2022-03-14 10:29:12,630] {processor.py:654} INFO - DAG(s) dict_keys(['example_short_circuit_operator']) retrieved from /opt/anaconda3/lib/python3.9/site-packages/airflow/example_dags/example_short_circuit_operator.py
[2022-03-14 10:29:12,651] {logging_mixin.py:109} INFO - [2022-03-14 10:29:12,651] {dag.py:2398} INFO - Sync 1 DAGs
[2022-03-14 10:29:12,660] {logging_mixin.py:109} INFO - [2022-03-14 10:29:12,660] {dag.py:2937} INFO - Setting next_dagrun for example_short_circuit_operator to 2022-03-13T15:29:12.660126+00:00
[2022-03-14 10:29:12,670] {processor.py:171} INFO - Processing /opt/anaconda3/lib/python3.9/site-packages/airflow/example_dags/example_short_circuit_operator.py took 0.106 seconds
[2022-03-14 10:31:00,875] {processor.py:163} INFO - Started process (PID=77493) to work on /opt/anaconda3/lib/python3.9/site-packages/airflow/example_dags/example_short_circuit_operator.py
[2022-03-14 10:31:00,875] {processor.py:642} INFO - Processing file /opt/anaconda3/lib/python3.9/site-packages/airflow/example_dags/example_short_circuit_operator.py for tasks to queue
[2022-03-14 10:31:00,877] {logging_mixin.py:109} INFO - [2022-03-14 10:31:00,877] {dagbag.py:500} INFO - Filling up the DagBag from /opt/anaconda3/lib/python3.9/site-packages/airflow/example_dags/example_short_circuit_operator.py
[2022-03-14 10:31:00,939] {processor.py:654} INFO - DAG(s) dict_keys(['example_short_circuit_operator']) retrieved from /opt/anaconda3/lib/python3.9/site-packages/airflow/example_dags/example_short_circuit_operator.py
[2022-03-14 10:31:00,960] {logging_mixin.py:109} INFO - [2022-03-14 10:31:00,959] {dag.py:2398} INFO - Sync 1 DAGs
[2022-03-14 10:31:00,970] {logging_mixin.py:109} INFO - [2022-03-14 10:31:00,970] {dag.py:2937} INFO - Setting next_dagrun for example_short_circuit_operator to 2022-03-13T15:31:00.970378+00:00
[2022-03-14 10:31:00,981] {processor.py:171} INFO - Processing /opt/anaconda3/lib/python3.9/site-packages/airflow/example_dags/example_short_circuit_operator.py took 0.106 seconds
[2022-03-14 10:36:42,577] {processor.py:163} INFO - Started process (PID=77656) to work on /opt/anaconda3/lib/python3.9/site-packages/airflow/example_dags/example_short_circuit_operator.py
[2022-03-14 10:36:42,578] {processor.py:642} INFO - Processing file /opt/anaconda3/lib/python3.9/site-packages/airflow/example_dags/example_short_circuit_operator.py for tasks to queue
[2022-03-14 10:36:42,578] {logging_mixin.py:109} INFO - [2022-03-14 10:36:42,578] {dagbag.py:500} INFO - Filling up the DagBag from /opt/anaconda3/lib/python3.9/site-packages/airflow/example_dags/example_short_circuit_operator.py
[2022-03-14 10:36:42,640] {processor.py:654} INFO - DAG(s) dict_keys(['example_short_circuit_operator']) retrieved from /opt/anaconda3/lib/python3.9/site-packages/airflow/example_dags/example_short_circuit_operator.py
[2022-03-14 10:36:42,661] {logging_mixin.py:109} INFO - [2022-03-14 10:36:42,661] {dag.py:2398} INFO - Sync 1 DAGs
[2022-03-14 10:36:42,673] {logging_mixin.py:109} INFO - [2022-03-14 10:36:42,673] {dag.py:2937} INFO - Setting next_dagrun for example_short_circuit_operator to 2022-03-13T15:36:42.673070+00:00
[2022-03-14 10:36:42,685] {processor.py:171} INFO - Processing /opt/anaconda3/lib/python3.9/site-packages/airflow/example_dags/example_short_circuit_operator.py took 0.109 seconds
[2022-03-14 10:38:35,029] {processor.py:163} INFO - Started process (PID=77812) to work on /opt/anaconda3/lib/python3.9/site-packages/airflow/example_dags/example_short_circuit_operator.py
[2022-03-14 10:38:35,030] {processor.py:642} INFO - Processing file /opt/anaconda3/lib/python3.9/site-packages/airflow/example_dags/example_short_circuit_operator.py for tasks to queue
[2022-03-14 10:38:35,031] {logging_mixin.py:109} INFO - [2022-03-14 10:38:35,031] {dagbag.py:500} INFO - Filling up the DagBag from /opt/anaconda3/lib/python3.9/site-packages/airflow/example_dags/example_short_circuit_operator.py
[2022-03-14 10:38:35,092] {processor.py:654} INFO - DAG(s) dict_keys(['example_short_circuit_operator']) retrieved from /opt/anaconda3/lib/python3.9/site-packages/airflow/example_dags/example_short_circuit_operator.py
[2022-03-14 10:38:35,112] {logging_mixin.py:109} INFO - [2022-03-14 10:38:35,112] {dag.py:2398} INFO - Sync 1 DAGs
[2022-03-14 10:38:35,122] {logging_mixin.py:109} INFO - [2022-03-14 10:38:35,122] {dag.py:2937} INFO - Setting next_dagrun for example_short_circuit_operator to 2022-03-13T15:38:35.121938+00:00
[2022-03-14 10:38:35,135] {processor.py:171} INFO - Processing /opt/anaconda3/lib/python3.9/site-packages/airflow/example_dags/example_short_circuit_operator.py took 0.106 seconds
[2022-03-14 10:41:39,480] {processor.py:163} INFO - Started process (PID=77920) to work on /opt/anaconda3/lib/python3.9/site-packages/airflow/example_dags/example_short_circuit_operator.py
[2022-03-14 10:41:39,487] {processor.py:642} INFO - Processing file /opt/anaconda3/lib/python3.9/site-packages/airflow/example_dags/example_short_circuit_operator.py for tasks to queue
[2022-03-14 10:41:39,487] {logging_mixin.py:109} INFO - [2022-03-14 10:41:39,487] {dagbag.py:500} INFO - Filling up the DagBag from /opt/anaconda3/lib/python3.9/site-packages/airflow/example_dags/example_short_circuit_operator.py
[2022-03-14 10:41:39,544] {processor.py:654} INFO - DAG(s) dict_keys(['example_short_circuit_operator']) retrieved from /opt/anaconda3/lib/python3.9/site-packages/airflow/example_dags/example_short_circuit_operator.py
[2022-03-14 10:41:39,563] {logging_mixin.py:109} INFO - [2022-03-14 10:41:39,563] {dag.py:2398} INFO - Sync 1 DAGs
[2022-03-14 10:41:39,572] {logging_mixin.py:109} INFO - [2022-03-14 10:41:39,572] {dag.py:2937} INFO - Setting next_dagrun for example_short_circuit_operator to 2022-03-13T15:41:39.571956+00:00
[2022-03-14 10:41:39,583] {processor.py:171} INFO - Processing /opt/anaconda3/lib/python3.9/site-packages/airflow/example_dags/example_short_circuit_operator.py took 0.103 seconds
[2022-03-14 10:44:06,050] {processor.py:163} INFO - Started process (PID=78031) to work on /opt/anaconda3/lib/python3.9/site-packages/airflow/example_dags/example_short_circuit_operator.py
[2022-03-14 10:44:06,056] {processor.py:642} INFO - Processing file /opt/anaconda3/lib/python3.9/site-packages/airflow/example_dags/example_short_circuit_operator.py for tasks to queue
[2022-03-14 10:44:06,057] {logging_mixin.py:109} INFO - [2022-03-14 10:44:06,057] {dagbag.py:500} INFO - Filling up the DagBag from /opt/anaconda3/lib/python3.9/site-packages/airflow/example_dags/example_short_circuit_operator.py
[2022-03-14 10:44:06,115] {processor.py:654} INFO - DAG(s) dict_keys(['example_short_circuit_operator']) retrieved from /opt/anaconda3/lib/python3.9/site-packages/airflow/example_dags/example_short_circuit_operator.py
[2022-03-14 10:44:06,135] {logging_mixin.py:109} INFO - [2022-03-14 10:44:06,135] {dag.py:2398} INFO - Sync 1 DAGs
[2022-03-14 10:44:06,146] {logging_mixin.py:109} INFO - [2022-03-14 10:44:06,146] {dag.py:2937} INFO - Setting next_dagrun for example_short_circuit_operator to 2022-03-13T15:44:06.146439+00:00
[2022-03-14 10:44:06,162] {processor.py:171} INFO - Processing /opt/anaconda3/lib/python3.9/site-packages/airflow/example_dags/example_short_circuit_operator.py took 0.112 seconds
[2022-03-14 10:45:55,087] {processor.py:163} INFO - Started process (PID=78087) to work on /opt/anaconda3/lib/python3.9/site-packages/airflow/example_dags/example_short_circuit_operator.py
[2022-03-14 10:45:55,093] {processor.py:642} INFO - Processing file /opt/anaconda3/lib/python3.9/site-packages/airflow/example_dags/example_short_circuit_operator.py for tasks to queue
[2022-03-14 10:45:55,094] {logging_mixin.py:109} INFO - [2022-03-14 10:45:55,094] {dagbag.py:500} INFO - Filling up the DagBag from /opt/anaconda3/lib/python3.9/site-packages/airflow/example_dags/example_short_circuit_operator.py
[2022-03-14 10:45:55,158] {processor.py:654} INFO - DAG(s) dict_keys(['example_short_circuit_operator']) retrieved from /opt/anaconda3/lib/python3.9/site-packages/airflow/example_dags/example_short_circuit_operator.py
[2022-03-14 10:45:55,180] {logging_mixin.py:109} INFO - [2022-03-14 10:45:55,179] {dag.py:2398} INFO - Sync 1 DAGs
[2022-03-14 10:45:55,190] {logging_mixin.py:109} INFO - [2022-03-14 10:45:55,190] {dag.py:2937} INFO - Setting next_dagrun for example_short_circuit_operator to 2022-03-13T15:45:55.190302+00:00
[2022-03-14 10:45:55,203] {processor.py:171} INFO - Processing /opt/anaconda3/lib/python3.9/site-packages/airflow/example_dags/example_short_circuit_operator.py took 0.117 seconds
[2022-03-14 10:48:13,917] {processor.py:163} INFO - Started process (PID=78682) to work on /opt/anaconda3/lib/python3.9/site-packages/airflow/example_dags/example_short_circuit_operator.py
[2022-03-14 10:48:13,923] {processor.py:642} INFO - Processing file /opt/anaconda3/lib/python3.9/site-packages/airflow/example_dags/example_short_circuit_operator.py for tasks to queue
[2022-03-14 10:48:13,924] {logging_mixin.py:109} INFO - [2022-03-14 10:48:13,924] {dagbag.py:500} INFO - Filling up the DagBag from /opt/anaconda3/lib/python3.9/site-packages/airflow/example_dags/example_short_circuit_operator.py
[2022-03-14 10:48:13,983] {processor.py:654} INFO - DAG(s) dict_keys(['example_short_circuit_operator']) retrieved from /opt/anaconda3/lib/python3.9/site-packages/airflow/example_dags/example_short_circuit_operator.py
[2022-03-14 10:48:14,002] {logging_mixin.py:109} INFO - [2022-03-14 10:48:14,002] {dag.py:2398} INFO - Sync 1 DAGs
[2022-03-14 10:48:14,011] {logging_mixin.py:109} INFO - [2022-03-14 10:48:14,011] {dag.py:2937} INFO - Setting next_dagrun for example_short_circuit_operator to 2022-03-13T15:48:14.011143+00:00
[2022-03-14 10:48:14,022] {processor.py:171} INFO - Processing /opt/anaconda3/lib/python3.9/site-packages/airflow/example_dags/example_short_circuit_operator.py took 0.106 seconds
[2022-03-14 10:50:29,341] {processor.py:163} INFO - Started process (PID=78852) to work on /opt/anaconda3/lib/python3.9/site-packages/airflow/example_dags/example_short_circuit_operator.py
[2022-03-14 10:50:29,341] {processor.py:642} INFO - Processing file /opt/anaconda3/lib/python3.9/site-packages/airflow/example_dags/example_short_circuit_operator.py for tasks to queue
[2022-03-14 10:50:29,342] {logging_mixin.py:109} INFO - [2022-03-14 10:50:29,342] {dagbag.py:500} INFO - Filling up the DagBag from /opt/anaconda3/lib/python3.9/site-packages/airflow/example_dags/example_short_circuit_operator.py
[2022-03-14 10:50:29,402] {processor.py:654} INFO - DAG(s) dict_keys(['example_short_circuit_operator']) retrieved from /opt/anaconda3/lib/python3.9/site-packages/airflow/example_dags/example_short_circuit_operator.py
[2022-03-14 10:50:29,423] {logging_mixin.py:109} INFO - [2022-03-14 10:50:29,423] {dag.py:2398} INFO - Sync 1 DAGs
[2022-03-14 10:50:29,433] {logging_mixin.py:109} INFO - [2022-03-14 10:50:29,433] {dag.py:2937} INFO - Setting next_dagrun for example_short_circuit_operator to 2022-03-13T15:50:29.433070+00:00
[2022-03-14 10:50:29,445] {processor.py:171} INFO - Processing /opt/anaconda3/lib/python3.9/site-packages/airflow/example_dags/example_short_circuit_operator.py took 0.105 seconds
[2022-03-14 10:51:44,703] {processor.py:163} INFO - Started process (PID=78902) to work on /opt/anaconda3/lib/python3.9/site-packages/airflow/example_dags/example_short_circuit_operator.py
[2022-03-14 10:51:44,709] {processor.py:642} INFO - Processing file /opt/anaconda3/lib/python3.9/site-packages/airflow/example_dags/example_short_circuit_operator.py for tasks to queue
[2022-03-14 10:51:44,710] {logging_mixin.py:109} INFO - [2022-03-14 10:51:44,710] {dagbag.py:500} INFO - Filling up the DagBag from /opt/anaconda3/lib/python3.9/site-packages/airflow/example_dags/example_short_circuit_operator.py
[2022-03-14 10:51:44,771] {processor.py:654} INFO - DAG(s) dict_keys(['example_short_circuit_operator']) retrieved from /opt/anaconda3/lib/python3.9/site-packages/airflow/example_dags/example_short_circuit_operator.py
[2022-03-14 10:51:44,790] {logging_mixin.py:109} INFO - [2022-03-14 10:51:44,790] {dag.py:2398} INFO - Sync 1 DAGs
[2022-03-14 10:51:44,800] {logging_mixin.py:109} INFO - [2022-03-14 10:51:44,800] {dag.py:2937} INFO - Setting next_dagrun for example_short_circuit_operator to 2022-03-13T15:51:44.800298+00:00
[2022-03-14 10:51:44,811] {processor.py:171} INFO - Processing /opt/anaconda3/lib/python3.9/site-packages/airflow/example_dags/example_short_circuit_operator.py took 0.109 seconds
[2022-03-14 10:53:50,959] {processor.py:163} INFO - Started process (PID=78981) to work on /opt/anaconda3/lib/python3.9/site-packages/airflow/example_dags/example_short_circuit_operator.py
[2022-03-14 10:53:50,960] {processor.py:642} INFO - Processing file /opt/anaconda3/lib/python3.9/site-packages/airflow/example_dags/example_short_circuit_operator.py for tasks to queue
[2022-03-14 10:53:50,961] {logging_mixin.py:109} INFO - [2022-03-14 10:53:50,961] {dagbag.py:500} INFO - Filling up the DagBag from /opt/anaconda3/lib/python3.9/site-packages/airflow/example_dags/example_short_circuit_operator.py
[2022-03-14 10:53:51,026] {processor.py:654} INFO - DAG(s) dict_keys(['example_short_circuit_operator']) retrieved from /opt/anaconda3/lib/python3.9/site-packages/airflow/example_dags/example_short_circuit_operator.py
[2022-03-14 10:53:51,048] {logging_mixin.py:109} INFO - [2022-03-14 10:53:51,048] {dag.py:2398} INFO - Sync 1 DAGs
[2022-03-14 10:53:51,064] {logging_mixin.py:109} INFO - [2022-03-14 10:53:51,064] {dag.py:2937} INFO - Setting next_dagrun for example_short_circuit_operator to 2022-03-13T15:53:51.064477+00:00
[2022-03-14 10:53:51,079] {processor.py:171} INFO - Processing /opt/anaconda3/lib/python3.9/site-packages/airflow/example_dags/example_short_circuit_operator.py took 0.121 seconds
[2022-03-14 10:56:32,372] {processor.py:163} INFO - Started process (PID=79095) to work on /opt/anaconda3/lib/python3.9/site-packages/airflow/example_dags/example_short_circuit_operator.py
[2022-03-14 10:56:32,373] {processor.py:642} INFO - Processing file /opt/anaconda3/lib/python3.9/site-packages/airflow/example_dags/example_short_circuit_operator.py for tasks to queue
[2022-03-14 10:56:32,373] {logging_mixin.py:109} INFO - [2022-03-14 10:56:32,373] {dagbag.py:500} INFO - Filling up the DagBag from /opt/anaconda3/lib/python3.9/site-packages/airflow/example_dags/example_short_circuit_operator.py
[2022-03-14 10:56:32,425] {processor.py:654} INFO - DAG(s) dict_keys(['example_short_circuit_operator']) retrieved from /opt/anaconda3/lib/python3.9/site-packages/airflow/example_dags/example_short_circuit_operator.py
[2022-03-14 10:56:32,442] {logging_mixin.py:109} INFO - [2022-03-14 10:56:32,442] {dag.py:2398} INFO - Sync 1 DAGs
[2022-03-14 10:56:32,450] {logging_mixin.py:109} INFO - [2022-03-14 10:56:32,450] {dag.py:2937} INFO - Setting next_dagrun for example_short_circuit_operator to 2022-03-13T15:56:32.450406+00:00
[2022-03-14 10:56:32,461] {processor.py:171} INFO - Processing /opt/anaconda3/lib/python3.9/site-packages/airflow/example_dags/example_short_circuit_operator.py took 0.089 seconds
[2022-03-14 10:59:14,898] {processor.py:163} INFO - Started process (PID=79251) to work on /opt/anaconda3/lib/python3.9/site-packages/airflow/example_dags/example_short_circuit_operator.py
[2022-03-14 10:59:14,901] {processor.py:642} INFO - Processing file /opt/anaconda3/lib/python3.9/site-packages/airflow/example_dags/example_short_circuit_operator.py for tasks to queue
[2022-03-14 10:59:14,901] {logging_mixin.py:109} INFO - [2022-03-14 10:59:14,901] {dagbag.py:500} INFO - Filling up the DagBag from /opt/anaconda3/lib/python3.9/site-packages/airflow/example_dags/example_short_circuit_operator.py
[2022-03-14 10:59:14,965] {processor.py:654} INFO - DAG(s) dict_keys(['example_short_circuit_operator']) retrieved from /opt/anaconda3/lib/python3.9/site-packages/airflow/example_dags/example_short_circuit_operator.py
[2022-03-14 10:59:14,986] {logging_mixin.py:109} INFO - [2022-03-14 10:59:14,986] {dag.py:2398} INFO - Sync 1 DAGs
[2022-03-14 10:59:14,996] {logging_mixin.py:109} INFO - [2022-03-14 10:59:14,996] {dag.py:2937} INFO - Setting next_dagrun for example_short_circuit_operator to 2022-03-13T15:59:14.996113+00:00
[2022-03-14 10:59:15,007] {processor.py:171} INFO - Processing /opt/anaconda3/lib/python3.9/site-packages/airflow/example_dags/example_short_circuit_operator.py took 0.109 seconds
[2022-03-14 11:02:08,568] {processor.py:163} INFO - Started process (PID=79370) to work on /opt/anaconda3/lib/python3.9/site-packages/airflow/example_dags/example_short_circuit_operator.py
[2022-03-14 11:02:08,569] {processor.py:642} INFO - Processing file /opt/anaconda3/lib/python3.9/site-packages/airflow/example_dags/example_short_circuit_operator.py for tasks to queue
[2022-03-14 11:02:08,569] {logging_mixin.py:109} INFO - [2022-03-14 11:02:08,569] {dagbag.py:500} INFO - Filling up the DagBag from /opt/anaconda3/lib/python3.9/site-packages/airflow/example_dags/example_short_circuit_operator.py
[2022-03-14 11:02:08,626] {processor.py:654} INFO - DAG(s) dict_keys(['example_short_circuit_operator']) retrieved from /opt/anaconda3/lib/python3.9/site-packages/airflow/example_dags/example_short_circuit_operator.py
[2022-03-14 11:02:08,645] {logging_mixin.py:109} INFO - [2022-03-14 11:02:08,644] {dag.py:2398} INFO - Sync 1 DAGs
[2022-03-14 11:02:08,654] {logging_mixin.py:109} INFO - [2022-03-14 11:02:08,654] {dag.py:2937} INFO - Setting next_dagrun for example_short_circuit_operator to 2022-03-13T16:02:08.654499+00:00
[2022-03-14 11:02:08,668] {processor.py:171} INFO - Processing /opt/anaconda3/lib/python3.9/site-packages/airflow/example_dags/example_short_circuit_operator.py took 0.101 seconds
[2022-03-14 11:03:56,177] {processor.py:163} INFO - Started process (PID=79467) to work on /opt/anaconda3/lib/python3.9/site-packages/airflow/example_dags/example_short_circuit_operator.py
[2022-03-14 11:03:56,178] {processor.py:642} INFO - Processing file /opt/anaconda3/lib/python3.9/site-packages/airflow/example_dags/example_short_circuit_operator.py for tasks to queue
[2022-03-14 11:03:56,178] {logging_mixin.py:109} INFO - [2022-03-14 11:03:56,178] {dagbag.py:500} INFO - Filling up the DagBag from /opt/anaconda3/lib/python3.9/site-packages/airflow/example_dags/example_short_circuit_operator.py
[2022-03-14 11:03:56,236] {processor.py:654} INFO - DAG(s) dict_keys(['example_short_circuit_operator']) retrieved from /opt/anaconda3/lib/python3.9/site-packages/airflow/example_dags/example_short_circuit_operator.py
[2022-03-14 11:03:56,257] {logging_mixin.py:109} INFO - [2022-03-14 11:03:56,257] {dag.py:2398} INFO - Sync 1 DAGs
[2022-03-14 11:03:56,266] {logging_mixin.py:109} INFO - [2022-03-14 11:03:56,266] {dag.py:2937} INFO - Setting next_dagrun for example_short_circuit_operator to 2022-03-13T16:03:56.266074+00:00
[2022-03-14 11:03:56,276] {processor.py:171} INFO - Processing /opt/anaconda3/lib/python3.9/site-packages/airflow/example_dags/example_short_circuit_operator.py took 0.099 seconds
[2022-03-14 11:05:54,140] {processor.py:163} INFO - Started process (PID=79572) to work on /opt/anaconda3/lib/python3.9/site-packages/airflow/example_dags/example_short_circuit_operator.py
[2022-03-14 11:05:54,140] {processor.py:642} INFO - Processing file /opt/anaconda3/lib/python3.9/site-packages/airflow/example_dags/example_short_circuit_operator.py for tasks to queue
[2022-03-14 11:05:54,141] {logging_mixin.py:109} INFO - [2022-03-14 11:05:54,141] {dagbag.py:500} INFO - Filling up the DagBag from /opt/anaconda3/lib/python3.9/site-packages/airflow/example_dags/example_short_circuit_operator.py
[2022-03-14 11:05:54,197] {processor.py:654} INFO - DAG(s) dict_keys(['example_short_circuit_operator']) retrieved from /opt/anaconda3/lib/python3.9/site-packages/airflow/example_dags/example_short_circuit_operator.py
[2022-03-14 11:05:54,216] {logging_mixin.py:109} INFO - [2022-03-14 11:05:54,216] {dag.py:2398} INFO - Sync 1 DAGs
[2022-03-14 11:05:54,225] {logging_mixin.py:109} INFO - [2022-03-14 11:05:54,225] {dag.py:2937} INFO - Setting next_dagrun for example_short_circuit_operator to 2022-03-13T16:05:54.225425+00:00
[2022-03-14 11:05:54,240] {processor.py:171} INFO - Processing /opt/anaconda3/lib/python3.9/site-packages/airflow/example_dags/example_short_circuit_operator.py took 0.101 seconds
[2022-03-14 11:08:37,903] {processor.py:163} INFO - Started process (PID=79768) to work on /opt/anaconda3/lib/python3.9/site-packages/airflow/example_dags/example_short_circuit_operator.py
[2022-03-14 11:08:37,903] {processor.py:642} INFO - Processing file /opt/anaconda3/lib/python3.9/site-packages/airflow/example_dags/example_short_circuit_operator.py for tasks to queue
[2022-03-14 11:08:37,904] {logging_mixin.py:109} INFO - [2022-03-14 11:08:37,904] {dagbag.py:500} INFO - Filling up the DagBag from /opt/anaconda3/lib/python3.9/site-packages/airflow/example_dags/example_short_circuit_operator.py
[2022-03-14 11:08:37,961] {processor.py:654} INFO - DAG(s) dict_keys(['example_short_circuit_operator']) retrieved from /opt/anaconda3/lib/python3.9/site-packages/airflow/example_dags/example_short_circuit_operator.py
[2022-03-14 11:08:37,979] {logging_mixin.py:109} INFO - [2022-03-14 11:08:37,979] {dag.py:2398} INFO - Sync 1 DAGs
[2022-03-14 11:08:37,988] {logging_mixin.py:109} INFO - [2022-03-14 11:08:37,988] {dag.py:2937} INFO - Setting next_dagrun for example_short_circuit_operator to 2022-03-13T16:08:37.988054+00:00
[2022-03-14 11:08:38,003] {processor.py:171} INFO - Processing /opt/anaconda3/lib/python3.9/site-packages/airflow/example_dags/example_short_circuit_operator.py took 0.100 seconds
[2022-03-14 11:11:36,806] {processor.py:163} INFO - Started process (PID=79909) to work on /opt/anaconda3/lib/python3.9/site-packages/airflow/example_dags/example_short_circuit_operator.py
[2022-03-14 11:11:36,812] {processor.py:642} INFO - Processing file /opt/anaconda3/lib/python3.9/site-packages/airflow/example_dags/example_short_circuit_operator.py for tasks to queue
[2022-03-14 11:11:36,813] {logging_mixin.py:109} INFO - [2022-03-14 11:11:36,813] {dagbag.py:500} INFO - Filling up the DagBag from /opt/anaconda3/lib/python3.9/site-packages/airflow/example_dags/example_short_circuit_operator.py
[2022-03-14 11:11:36,875] {processor.py:654} INFO - DAG(s) dict_keys(['example_short_circuit_operator']) retrieved from /opt/anaconda3/lib/python3.9/site-packages/airflow/example_dags/example_short_circuit_operator.py
[2022-03-14 11:11:36,895] {logging_mixin.py:109} INFO - [2022-03-14 11:11:36,895] {dag.py:2398} INFO - Sync 1 DAGs
[2022-03-14 11:11:36,905] {logging_mixin.py:109} INFO - [2022-03-14 11:11:36,904] {dag.py:2937} INFO - Setting next_dagrun for example_short_circuit_operator to 2022-03-13T16:11:36.904817+00:00
[2022-03-14 11:11:36,918] {processor.py:171} INFO - Processing /opt/anaconda3/lib/python3.9/site-packages/airflow/example_dags/example_short_circuit_operator.py took 0.112 seconds
[2022-03-14 11:13:10,791] {processor.py:163} INFO - Started process (PID=79954) to work on /opt/anaconda3/lib/python3.9/site-packages/airflow/example_dags/example_short_circuit_operator.py
[2022-03-14 11:13:10,791] {processor.py:642} INFO - Processing file /opt/anaconda3/lib/python3.9/site-packages/airflow/example_dags/example_short_circuit_operator.py for tasks to queue
[2022-03-14 11:13:10,792] {logging_mixin.py:109} INFO - [2022-03-14 11:13:10,792] {dagbag.py:500} INFO - Filling up the DagBag from /opt/anaconda3/lib/python3.9/site-packages/airflow/example_dags/example_short_circuit_operator.py
[2022-03-14 11:13:10,849] {processor.py:654} INFO - DAG(s) dict_keys(['example_short_circuit_operator']) retrieved from /opt/anaconda3/lib/python3.9/site-packages/airflow/example_dags/example_short_circuit_operator.py
[2022-03-14 11:13:10,869] {logging_mixin.py:109} INFO - [2022-03-14 11:13:10,869] {dag.py:2398} INFO - Sync 1 DAGs
[2022-03-14 11:13:10,878] {logging_mixin.py:109} INFO - [2022-03-14 11:13:10,878] {dag.py:2937} INFO - Setting next_dagrun for example_short_circuit_operator to 2022-03-13T16:13:10.877928+00:00
[2022-03-14 11:13:10,892] {processor.py:171} INFO - Processing /opt/anaconda3/lib/python3.9/site-packages/airflow/example_dags/example_short_circuit_operator.py took 0.102 seconds
[2022-03-14 11:15:32,619] {processor.py:163} INFO - Started process (PID=80048) to work on /opt/anaconda3/lib/python3.9/site-packages/airflow/example_dags/example_short_circuit_operator.py
[2022-03-14 11:15:32,620] {processor.py:642} INFO - Processing file /opt/anaconda3/lib/python3.9/site-packages/airflow/example_dags/example_short_circuit_operator.py for tasks to queue
[2022-03-14 11:15:32,620] {logging_mixin.py:109} INFO - [2022-03-14 11:15:32,620] {dagbag.py:500} INFO - Filling up the DagBag from /opt/anaconda3/lib/python3.9/site-packages/airflow/example_dags/example_short_circuit_operator.py
[2022-03-14 11:15:32,677] {processor.py:654} INFO - DAG(s) dict_keys(['example_short_circuit_operator']) retrieved from /opt/anaconda3/lib/python3.9/site-packages/airflow/example_dags/example_short_circuit_operator.py
[2022-03-14 11:15:32,696] {logging_mixin.py:109} INFO - [2022-03-14 11:15:32,696] {dag.py:2398} INFO - Sync 1 DAGs
[2022-03-14 11:15:32,705] {logging_mixin.py:109} INFO - [2022-03-14 11:15:32,705] {dag.py:2937} INFO - Setting next_dagrun for example_short_circuit_operator to 2022-03-13T16:15:32.705457+00:00
[2022-03-14 11:15:32,720] {processor.py:171} INFO - Processing /opt/anaconda3/lib/python3.9/site-packages/airflow/example_dags/example_short_circuit_operator.py took 0.102 seconds
[2022-03-14 11:17:37,545] {processor.py:163} INFO - Started process (PID=80149) to work on /opt/anaconda3/lib/python3.9/site-packages/airflow/example_dags/example_short_circuit_operator.py
[2022-03-14 11:17:37,546] {processor.py:642} INFO - Processing file /opt/anaconda3/lib/python3.9/site-packages/airflow/example_dags/example_short_circuit_operator.py for tasks to queue
[2022-03-14 11:17:37,546] {logging_mixin.py:109} INFO - [2022-03-14 11:17:37,546] {dagbag.py:500} INFO - Filling up the DagBag from /opt/anaconda3/lib/python3.9/site-packages/airflow/example_dags/example_short_circuit_operator.py
[2022-03-14 11:17:37,610] {processor.py:654} INFO - DAG(s) dict_keys(['example_short_circuit_operator']) retrieved from /opt/anaconda3/lib/python3.9/site-packages/airflow/example_dags/example_short_circuit_operator.py
[2022-03-14 11:17:37,627] {logging_mixin.py:109} INFO - [2022-03-14 11:17:37,627] {dag.py:2398} INFO - Sync 1 DAGs
[2022-03-14 11:17:37,635] {logging_mixin.py:109} INFO - [2022-03-14 11:17:37,634] {dag.py:2937} INFO - Setting next_dagrun for example_short_circuit_operator to 2022-03-13T16:17:37.634828+00:00
[2022-03-14 11:17:37,645] {processor.py:171} INFO - Processing /opt/anaconda3/lib/python3.9/site-packages/airflow/example_dags/example_short_circuit_operator.py took 0.101 seconds
[2022-03-14 11:20:24,518] {processor.py:163} INFO - Started process (PID=80333) to work on /opt/anaconda3/lib/python3.9/site-packages/airflow/example_dags/example_short_circuit_operator.py
[2022-03-14 11:20:24,521] {processor.py:642} INFO - Processing file /opt/anaconda3/lib/python3.9/site-packages/airflow/example_dags/example_short_circuit_operator.py for tasks to queue
[2022-03-14 11:20:24,522] {logging_mixin.py:109} INFO - [2022-03-14 11:20:24,522] {dagbag.py:500} INFO - Filling up the DagBag from /opt/anaconda3/lib/python3.9/site-packages/airflow/example_dags/example_short_circuit_operator.py
[2022-03-14 11:20:24,580] {processor.py:654} INFO - DAG(s) dict_keys(['example_short_circuit_operator']) retrieved from /opt/anaconda3/lib/python3.9/site-packages/airflow/example_dags/example_short_circuit_operator.py
[2022-03-14 11:20:24,599] {logging_mixin.py:109} INFO - [2022-03-14 11:20:24,599] {dag.py:2398} INFO - Sync 1 DAGs
[2022-03-14 11:20:24,608] {logging_mixin.py:109} INFO - [2022-03-14 11:20:24,608] {dag.py:2937} INFO - Setting next_dagrun for example_short_circuit_operator to 2022-03-13T16:20:24.608512+00:00
[2022-03-14 11:20:24,619] {processor.py:171} INFO - Processing /opt/anaconda3/lib/python3.9/site-packages/airflow/example_dags/example_short_circuit_operator.py took 0.102 seconds
[2022-03-14 11:23:03,203] {processor.py:163} INFO - Started process (PID=80430) to work on /opt/anaconda3/lib/python3.9/site-packages/airflow/example_dags/example_short_circuit_operator.py
[2022-03-14 11:23:03,203] {processor.py:642} INFO - Processing file /opt/anaconda3/lib/python3.9/site-packages/airflow/example_dags/example_short_circuit_operator.py for tasks to queue
[2022-03-14 11:23:03,204] {logging_mixin.py:109} INFO - [2022-03-14 11:23:03,204] {dagbag.py:500} INFO - Filling up the DagBag from /opt/anaconda3/lib/python3.9/site-packages/airflow/example_dags/example_short_circuit_operator.py
[2022-03-14 11:23:03,262] {processor.py:654} INFO - DAG(s) dict_keys(['example_short_circuit_operator']) retrieved from /opt/anaconda3/lib/python3.9/site-packages/airflow/example_dags/example_short_circuit_operator.py
[2022-03-14 11:23:03,281] {logging_mixin.py:109} INFO - [2022-03-14 11:23:03,281] {dag.py:2398} INFO - Sync 1 DAGs
[2022-03-14 11:23:03,291] {logging_mixin.py:109} INFO - [2022-03-14 11:23:03,291] {dag.py:2937} INFO - Setting next_dagrun for example_short_circuit_operator to 2022-03-13T16:23:03.291160+00:00
[2022-03-14 11:23:03,305] {processor.py:171} INFO - Processing /opt/anaconda3/lib/python3.9/site-packages/airflow/example_dags/example_short_circuit_operator.py took 0.103 seconds
[2022-03-14 11:25:42,352] {processor.py:163} INFO - Started process (PID=80539) to work on /opt/anaconda3/lib/python3.9/site-packages/airflow/example_dags/example_short_circuit_operator.py
[2022-03-14 11:25:42,358] {processor.py:642} INFO - Processing file /opt/anaconda3/lib/python3.9/site-packages/airflow/example_dags/example_short_circuit_operator.py for tasks to queue
[2022-03-14 11:25:42,359] {logging_mixin.py:109} INFO - [2022-03-14 11:25:42,359] {dagbag.py:500} INFO - Filling up the DagBag from /opt/anaconda3/lib/python3.9/site-packages/airflow/example_dags/example_short_circuit_operator.py
[2022-03-14 11:25:42,426] {processor.py:654} INFO - DAG(s) dict_keys(['example_short_circuit_operator']) retrieved from /opt/anaconda3/lib/python3.9/site-packages/airflow/example_dags/example_short_circuit_operator.py
[2022-03-14 11:25:42,445] {logging_mixin.py:109} INFO - [2022-03-14 11:25:42,445] {dag.py:2398} INFO - Sync 1 DAGs
[2022-03-14 11:25:42,455] {logging_mixin.py:109} INFO - [2022-03-14 11:25:42,455] {dag.py:2937} INFO - Setting next_dagrun for example_short_circuit_operator to 2022-03-13T16:25:42.455227+00:00
[2022-03-14 11:25:42,467] {processor.py:171} INFO - Processing /opt/anaconda3/lib/python3.9/site-packages/airflow/example_dags/example_short_circuit_operator.py took 0.116 seconds
[2022-03-14 11:28:19,299] {processor.py:163} INFO - Started process (PID=80649) to work on /opt/anaconda3/lib/python3.9/site-packages/airflow/example_dags/example_short_circuit_operator.py
[2022-03-14 11:28:19,300] {processor.py:642} INFO - Processing file /opt/anaconda3/lib/python3.9/site-packages/airflow/example_dags/example_short_circuit_operator.py for tasks to queue
[2022-03-14 11:28:19,301] {logging_mixin.py:109} INFO - [2022-03-14 11:28:19,301] {dagbag.py:500} INFO - Filling up the DagBag from /opt/anaconda3/lib/python3.9/site-packages/airflow/example_dags/example_short_circuit_operator.py
[2022-03-14 11:28:19,361] {processor.py:654} INFO - DAG(s) dict_keys(['example_short_circuit_operator']) retrieved from /opt/anaconda3/lib/python3.9/site-packages/airflow/example_dags/example_short_circuit_operator.py
[2022-03-14 11:28:19,383] {logging_mixin.py:109} INFO - [2022-03-14 11:28:19,382] {dag.py:2398} INFO - Sync 1 DAGs
[2022-03-14 11:28:19,394] {logging_mixin.py:109} INFO - [2022-03-14 11:28:19,394] {dag.py:2937} INFO - Setting next_dagrun for example_short_circuit_operator to 2022-03-13T16:28:19.394125+00:00
[2022-03-14 11:28:19,405] {processor.py:171} INFO - Processing /opt/anaconda3/lib/python3.9/site-packages/airflow/example_dags/example_short_circuit_operator.py took 0.106 seconds
[2022-03-14 11:30:55,410] {processor.py:163} INFO - Started process (PID=80842) to work on /opt/anaconda3/lib/python3.9/site-packages/airflow/example_dags/example_short_circuit_operator.py
[2022-03-14 11:30:55,411] {processor.py:642} INFO - Processing file /opt/anaconda3/lib/python3.9/site-packages/airflow/example_dags/example_short_circuit_operator.py for tasks to queue
[2022-03-14 11:30:55,411] {logging_mixin.py:109} INFO - [2022-03-14 11:30:55,411] {dagbag.py:500} INFO - Filling up the DagBag from /opt/anaconda3/lib/python3.9/site-packages/airflow/example_dags/example_short_circuit_operator.py
[2022-03-14 11:30:55,467] {processor.py:654} INFO - DAG(s) dict_keys(['example_short_circuit_operator']) retrieved from /opt/anaconda3/lib/python3.9/site-packages/airflow/example_dags/example_short_circuit_operator.py
[2022-03-14 11:30:55,485] {logging_mixin.py:109} INFO - [2022-03-14 11:30:55,485] {dag.py:2398} INFO - Sync 1 DAGs
[2022-03-14 11:30:55,494] {logging_mixin.py:109} INFO - [2022-03-14 11:30:55,494] {dag.py:2937} INFO - Setting next_dagrun for example_short_circuit_operator to 2022-03-13T16:30:55.494226+00:00
[2022-03-14 11:30:55,509] {processor.py:171} INFO - Processing /opt/anaconda3/lib/python3.9/site-packages/airflow/example_dags/example_short_circuit_operator.py took 0.099 seconds
[2022-03-14 11:33:32,071] {processor.py:163} INFO - Started process (PID=80918) to work on /opt/anaconda3/lib/python3.9/site-packages/airflow/example_dags/example_short_circuit_operator.py
[2022-03-14 11:33:32,071] {processor.py:642} INFO - Processing file /opt/anaconda3/lib/python3.9/site-packages/airflow/example_dags/example_short_circuit_operator.py for tasks to queue
[2022-03-14 11:33:32,072] {logging_mixin.py:109} INFO - [2022-03-14 11:33:32,072] {dagbag.py:500} INFO - Filling up the DagBag from /opt/anaconda3/lib/python3.9/site-packages/airflow/example_dags/example_short_circuit_operator.py
[2022-03-14 11:33:32,129] {processor.py:654} INFO - DAG(s) dict_keys(['example_short_circuit_operator']) retrieved from /opt/anaconda3/lib/python3.9/site-packages/airflow/example_dags/example_short_circuit_operator.py
[2022-03-14 11:33:32,147] {logging_mixin.py:109} INFO - [2022-03-14 11:33:32,147] {dag.py:2398} INFO - Sync 1 DAGs
[2022-03-14 11:33:32,156] {logging_mixin.py:109} INFO - [2022-03-14 11:33:32,156] {dag.py:2937} INFO - Setting next_dagrun for example_short_circuit_operator to 2022-03-13T16:33:32.156394+00:00
[2022-03-14 11:33:32,171] {processor.py:171} INFO - Processing /opt/anaconda3/lib/python3.9/site-packages/airflow/example_dags/example_short_circuit_operator.py took 0.100 seconds
[2022-03-14 11:35:58,445] {processor.py:163} INFO - Started process (PID=80988) to work on /opt/anaconda3/lib/python3.9/site-packages/airflow/example_dags/example_short_circuit_operator.py
[2022-03-14 11:35:58,451] {processor.py:642} INFO - Processing file /opt/anaconda3/lib/python3.9/site-packages/airflow/example_dags/example_short_circuit_operator.py for tasks to queue
[2022-03-14 11:35:58,452] {logging_mixin.py:109} INFO - [2022-03-14 11:35:58,452] {dagbag.py:500} INFO - Filling up the DagBag from /opt/anaconda3/lib/python3.9/site-packages/airflow/example_dags/example_short_circuit_operator.py
[2022-03-14 11:35:58,511] {processor.py:654} INFO - DAG(s) dict_keys(['example_short_circuit_operator']) retrieved from /opt/anaconda3/lib/python3.9/site-packages/airflow/example_dags/example_short_circuit_operator.py
[2022-03-14 11:35:58,531] {logging_mixin.py:109} INFO - [2022-03-14 11:35:58,531] {dag.py:2398} INFO - Sync 1 DAGs
[2022-03-14 11:35:58,540] {logging_mixin.py:109} INFO - [2022-03-14 11:35:58,540] {dag.py:2937} INFO - Setting next_dagrun for example_short_circuit_operator to 2022-03-13T16:35:58.540284+00:00
[2022-03-14 11:35:58,551] {processor.py:171} INFO - Processing /opt/anaconda3/lib/python3.9/site-packages/airflow/example_dags/example_short_circuit_operator.py took 0.107 seconds
[2022-03-14 11:38:32,273] {processor.py:163} INFO - Started process (PID=81202) to work on /opt/anaconda3/lib/python3.9/site-packages/airflow/example_dags/example_short_circuit_operator.py
[2022-03-14 11:38:32,276] {processor.py:642} INFO - Processing file /opt/anaconda3/lib/python3.9/site-packages/airflow/example_dags/example_short_circuit_operator.py for tasks to queue
[2022-03-14 11:38:32,276] {logging_mixin.py:109} INFO - [2022-03-14 11:38:32,276] {dagbag.py:500} INFO - Filling up the DagBag from /opt/anaconda3/lib/python3.9/site-packages/airflow/example_dags/example_short_circuit_operator.py
[2022-03-14 11:38:32,335] {processor.py:654} INFO - DAG(s) dict_keys(['example_short_circuit_operator']) retrieved from /opt/anaconda3/lib/python3.9/site-packages/airflow/example_dags/example_short_circuit_operator.py
[2022-03-14 11:38:32,354] {logging_mixin.py:109} INFO - [2022-03-14 11:38:32,354] {dag.py:2398} INFO - Sync 1 DAGs
[2022-03-14 11:38:32,363] {logging_mixin.py:109} INFO - [2022-03-14 11:38:32,363] {dag.py:2937} INFO - Setting next_dagrun for example_short_circuit_operator to 2022-03-13T16:38:32.363528+00:00
[2022-03-14 11:38:32,374] {processor.py:171} INFO - Processing /opt/anaconda3/lib/python3.9/site-packages/airflow/example_dags/example_short_circuit_operator.py took 0.102 seconds
[2022-03-14 11:41:04,653] {processor.py:163} INFO - Started process (PID=81358) to work on /opt/anaconda3/lib/python3.9/site-packages/airflow/example_dags/example_short_circuit_operator.py
[2022-03-14 11:41:04,659] {processor.py:642} INFO - Processing file /opt/anaconda3/lib/python3.9/site-packages/airflow/example_dags/example_short_circuit_operator.py for tasks to queue
[2022-03-14 11:41:04,660] {logging_mixin.py:109} INFO - [2022-03-14 11:41:04,659] {dagbag.py:500} INFO - Filling up the DagBag from /opt/anaconda3/lib/python3.9/site-packages/airflow/example_dags/example_short_circuit_operator.py
[2022-03-14 11:41:04,717] {processor.py:654} INFO - DAG(s) dict_keys(['example_short_circuit_operator']) retrieved from /opt/anaconda3/lib/python3.9/site-packages/airflow/example_dags/example_short_circuit_operator.py
[2022-03-14 11:41:04,736] {logging_mixin.py:109} INFO - [2022-03-14 11:41:04,735] {dag.py:2398} INFO - Sync 1 DAGs
[2022-03-14 11:41:04,745] {logging_mixin.py:109} INFO - [2022-03-14 11:41:04,745] {dag.py:2937} INFO - Setting next_dagrun for example_short_circuit_operator to 2022-03-13T16:41:04.745232+00:00
[2022-03-14 11:41:04,754] {processor.py:171} INFO - Processing /opt/anaconda3/lib/python3.9/site-packages/airflow/example_dags/example_short_circuit_operator.py took 0.102 seconds
[2022-03-14 11:43:25,932] {processor.py:163} INFO - Started process (PID=81437) to work on /opt/anaconda3/lib/python3.9/site-packages/airflow/example_dags/example_short_circuit_operator.py
[2022-03-14 11:43:25,934] {processor.py:642} INFO - Processing file /opt/anaconda3/lib/python3.9/site-packages/airflow/example_dags/example_short_circuit_operator.py for tasks to queue
[2022-03-14 11:43:25,935] {logging_mixin.py:109} INFO - [2022-03-14 11:43:25,935] {dagbag.py:500} INFO - Filling up the DagBag from /opt/anaconda3/lib/python3.9/site-packages/airflow/example_dags/example_short_circuit_operator.py
[2022-03-14 11:43:26,000] {processor.py:654} INFO - DAG(s) dict_keys(['example_short_circuit_operator']) retrieved from /opt/anaconda3/lib/python3.9/site-packages/airflow/example_dags/example_short_circuit_operator.py
[2022-03-14 11:43:26,020] {logging_mixin.py:109} INFO - [2022-03-14 11:43:26,020] {dag.py:2398} INFO - Sync 1 DAGs
[2022-03-14 11:43:26,029] {logging_mixin.py:109} INFO - [2022-03-14 11:43:26,029] {dag.py:2937} INFO - Setting next_dagrun for example_short_circuit_operator to 2022-03-13T16:43:26.029588+00:00
[2022-03-14 11:43:26,042] {processor.py:171} INFO - Processing /opt/anaconda3/lib/python3.9/site-packages/airflow/example_dags/example_short_circuit_operator.py took 0.111 seconds
[2022-03-14 11:46:00,528] {processor.py:163} INFO - Started process (PID=81563) to work on /opt/anaconda3/lib/python3.9/site-packages/airflow/example_dags/example_short_circuit_operator.py
[2022-03-14 11:46:00,528] {processor.py:642} INFO - Processing file /opt/anaconda3/lib/python3.9/site-packages/airflow/example_dags/example_short_circuit_operator.py for tasks to queue
[2022-03-14 11:46:00,529] {logging_mixin.py:109} INFO - [2022-03-14 11:46:00,529] {dagbag.py:500} INFO - Filling up the DagBag from /opt/anaconda3/lib/python3.9/site-packages/airflow/example_dags/example_short_circuit_operator.py
[2022-03-14 11:46:00,589] {processor.py:654} INFO - DAG(s) dict_keys(['example_short_circuit_operator']) retrieved from /opt/anaconda3/lib/python3.9/site-packages/airflow/example_dags/example_short_circuit_operator.py
[2022-03-14 11:46:00,608] {logging_mixin.py:109} INFO - [2022-03-14 11:46:00,608] {dag.py:2398} INFO - Sync 1 DAGs
[2022-03-14 11:46:00,617] {logging_mixin.py:109} INFO - [2022-03-14 11:46:00,617] {dag.py:2937} INFO - Setting next_dagrun for example_short_circuit_operator to 2022-03-13T16:46:00.617203+00:00
[2022-03-14 11:46:00,629] {processor.py:171} INFO - Processing /opt/anaconda3/lib/python3.9/site-packages/airflow/example_dags/example_short_circuit_operator.py took 0.102 seconds
[2022-03-14 11:48:33,836] {processor.py:163} INFO - Started process (PID=81709) to work on /opt/anaconda3/lib/python3.9/site-packages/airflow/example_dags/example_short_circuit_operator.py
[2022-03-14 11:48:33,837] {processor.py:642} INFO - Processing file /opt/anaconda3/lib/python3.9/site-packages/airflow/example_dags/example_short_circuit_operator.py for tasks to queue
[2022-03-14 11:48:33,837] {logging_mixin.py:109} INFO - [2022-03-14 11:48:33,837] {dagbag.py:500} INFO - Filling up the DagBag from /opt/anaconda3/lib/python3.9/site-packages/airflow/example_dags/example_short_circuit_operator.py
[2022-03-14 11:48:33,903] {processor.py:654} INFO - DAG(s) dict_keys(['example_short_circuit_operator']) retrieved from /opt/anaconda3/lib/python3.9/site-packages/airflow/example_dags/example_short_circuit_operator.py
[2022-03-14 11:48:33,923] {logging_mixin.py:109} INFO - [2022-03-14 11:48:33,923] {dag.py:2398} INFO - Sync 1 DAGs
[2022-03-14 11:48:33,933] {logging_mixin.py:109} INFO - [2022-03-14 11:48:33,933] {dag.py:2937} INFO - Setting next_dagrun for example_short_circuit_operator to 2022-03-13T16:48:33.933428+00:00
[2022-03-14 11:48:33,944] {processor.py:171} INFO - Processing /opt/anaconda3/lib/python3.9/site-packages/airflow/example_dags/example_short_circuit_operator.py took 0.108 seconds
[2022-03-14 11:51:05,844] {processor.py:163} INFO - Started process (PID=81811) to work on /opt/anaconda3/lib/python3.9/site-packages/airflow/example_dags/example_short_circuit_operator.py
[2022-03-14 11:51:05,844] {processor.py:642} INFO - Processing file /opt/anaconda3/lib/python3.9/site-packages/airflow/example_dags/example_short_circuit_operator.py for tasks to queue
[2022-03-14 11:51:05,845] {logging_mixin.py:109} INFO - [2022-03-14 11:51:05,845] {dagbag.py:500} INFO - Filling up the DagBag from /opt/anaconda3/lib/python3.9/site-packages/airflow/example_dags/example_short_circuit_operator.py
[2022-03-14 11:51:05,902] {processor.py:654} INFO - DAG(s) dict_keys(['example_short_circuit_operator']) retrieved from /opt/anaconda3/lib/python3.9/site-packages/airflow/example_dags/example_short_circuit_operator.py
[2022-03-14 11:51:05,921] {logging_mixin.py:109} INFO - [2022-03-14 11:51:05,921] {dag.py:2398} INFO - Sync 1 DAGs
[2022-03-14 11:51:05,931] {logging_mixin.py:109} INFO - [2022-03-14 11:51:05,930] {dag.py:2937} INFO - Setting next_dagrun for example_short_circuit_operator to 2022-03-13T16:51:05.930807+00:00
[2022-03-14 11:51:05,945] {processor.py:171} INFO - Processing /opt/anaconda3/lib/python3.9/site-packages/airflow/example_dags/example_short_circuit_operator.py took 0.102 seconds
[2022-03-14 11:53:41,525] {processor.py:163} INFO - Started process (PID=81922) to work on /opt/anaconda3/lib/python3.9/site-packages/airflow/example_dags/example_short_circuit_operator.py
[2022-03-14 11:53:41,526] {processor.py:642} INFO - Processing file /opt/anaconda3/lib/python3.9/site-packages/airflow/example_dags/example_short_circuit_operator.py for tasks to queue
[2022-03-14 11:53:41,526] {logging_mixin.py:109} INFO - [2022-03-14 11:53:41,526] {dagbag.py:500} INFO - Filling up the DagBag from /opt/anaconda3/lib/python3.9/site-packages/airflow/example_dags/example_short_circuit_operator.py
[2022-03-14 11:53:41,593] {processor.py:654} INFO - DAG(s) dict_keys(['example_short_circuit_operator']) retrieved from /opt/anaconda3/lib/python3.9/site-packages/airflow/example_dags/example_short_circuit_operator.py
[2022-03-14 11:53:41,611] {logging_mixin.py:109} INFO - [2022-03-14 11:53:41,611] {dag.py:2398} INFO - Sync 1 DAGs
[2022-03-14 11:53:41,620] {logging_mixin.py:109} INFO - [2022-03-14 11:53:41,620] {dag.py:2937} INFO - Setting next_dagrun for example_short_circuit_operator to 2022-03-13T16:53:41.620076+00:00
[2022-03-14 11:53:41,631] {processor.py:171} INFO - Processing /opt/anaconda3/lib/python3.9/site-packages/airflow/example_dags/example_short_circuit_operator.py took 0.107 seconds
[2022-03-14 11:56:14,746] {processor.py:163} INFO - Started process (PID=82015) to work on /opt/anaconda3/lib/python3.9/site-packages/airflow/example_dags/example_short_circuit_operator.py
[2022-03-14 11:56:14,747] {processor.py:642} INFO - Processing file /opt/anaconda3/lib/python3.9/site-packages/airflow/example_dags/example_short_circuit_operator.py for tasks to queue
[2022-03-14 11:56:14,748] {logging_mixin.py:109} INFO - [2022-03-14 11:56:14,747] {dagbag.py:500} INFO - Filling up the DagBag from /opt/anaconda3/lib/python3.9/site-packages/airflow/example_dags/example_short_circuit_operator.py
[2022-03-14 11:56:14,808] {processor.py:654} INFO - DAG(s) dict_keys(['example_short_circuit_operator']) retrieved from /opt/anaconda3/lib/python3.9/site-packages/airflow/example_dags/example_short_circuit_operator.py
[2022-03-14 11:56:14,827] {logging_mixin.py:109} INFO - [2022-03-14 11:56:14,827] {dag.py:2398} INFO - Sync 1 DAGs
[2022-03-14 11:56:14,836] {logging_mixin.py:109} INFO - [2022-03-14 11:56:14,836] {dag.py:2937} INFO - Setting next_dagrun for example_short_circuit_operator to 2022-03-13T16:56:14.836191+00:00
[2022-03-14 11:56:14,848] {processor.py:171} INFO - Processing /opt/anaconda3/lib/python3.9/site-packages/airflow/example_dags/example_short_circuit_operator.py took 0.102 seconds
[2022-03-14 11:58:48,524] {processor.py:163} INFO - Started process (PID=82184) to work on /opt/anaconda3/lib/python3.9/site-packages/airflow/example_dags/example_short_circuit_operator.py
[2022-03-14 11:58:48,530] {processor.py:642} INFO - Processing file /opt/anaconda3/lib/python3.9/site-packages/airflow/example_dags/example_short_circuit_operator.py for tasks to queue
[2022-03-14 11:58:48,531] {logging_mixin.py:109} INFO - [2022-03-14 11:58:48,531] {dagbag.py:500} INFO - Filling up the DagBag from /opt/anaconda3/lib/python3.9/site-packages/airflow/example_dags/example_short_circuit_operator.py
[2022-03-14 11:58:48,593] {processor.py:654} INFO - DAG(s) dict_keys(['example_short_circuit_operator']) retrieved from /opt/anaconda3/lib/python3.9/site-packages/airflow/example_dags/example_short_circuit_operator.py
[2022-03-14 11:58:48,612] {logging_mixin.py:109} INFO - [2022-03-14 11:58:48,612] {dag.py:2398} INFO - Sync 1 DAGs
[2022-03-14 11:58:48,622] {logging_mixin.py:109} INFO - [2022-03-14 11:58:48,622] {dag.py:2937} INFO - Setting next_dagrun for example_short_circuit_operator to 2022-03-13T16:58:48.622251+00:00
[2022-03-14 11:58:48,636] {processor.py:171} INFO - Processing /opt/anaconda3/lib/python3.9/site-packages/airflow/example_dags/example_short_circuit_operator.py took 0.113 seconds
[2022-03-14 12:01:23,554] {processor.py:163} INFO - Started process (PID=82272) to work on /opt/anaconda3/lib/python3.9/site-packages/airflow/example_dags/example_short_circuit_operator.py
[2022-03-14 12:01:23,561] {processor.py:642} INFO - Processing file /opt/anaconda3/lib/python3.9/site-packages/airflow/example_dags/example_short_circuit_operator.py for tasks to queue
[2022-03-14 12:01:23,562] {logging_mixin.py:109} INFO - [2022-03-14 12:01:23,562] {dagbag.py:500} INFO - Filling up the DagBag from /opt/anaconda3/lib/python3.9/site-packages/airflow/example_dags/example_short_circuit_operator.py
[2022-03-14 12:01:23,626] {processor.py:654} INFO - DAG(s) dict_keys(['example_short_circuit_operator']) retrieved from /opt/anaconda3/lib/python3.9/site-packages/airflow/example_dags/example_short_circuit_operator.py
[2022-03-14 12:01:23,645] {logging_mixin.py:109} INFO - [2022-03-14 12:01:23,645] {dag.py:2398} INFO - Sync 1 DAGs
[2022-03-14 12:01:23,654] {logging_mixin.py:109} INFO - [2022-03-14 12:01:23,654] {dag.py:2937} INFO - Setting next_dagrun for example_short_circuit_operator to 2022-03-13T17:01:23.654083+00:00
[2022-03-14 12:01:23,666] {processor.py:171} INFO - Processing /opt/anaconda3/lib/python3.9/site-packages/airflow/example_dags/example_short_circuit_operator.py took 0.112 seconds
[2022-03-14 12:03:54,033] {processor.py:163} INFO - Started process (PID=82372) to work on /opt/anaconda3/lib/python3.9/site-packages/airflow/example_dags/example_short_circuit_operator.py
[2022-03-14 12:03:54,033] {processor.py:642} INFO - Processing file /opt/anaconda3/lib/python3.9/site-packages/airflow/example_dags/example_short_circuit_operator.py for tasks to queue
[2022-03-14 12:03:54,034] {logging_mixin.py:109} INFO - [2022-03-14 12:03:54,034] {dagbag.py:500} INFO - Filling up the DagBag from /opt/anaconda3/lib/python3.9/site-packages/airflow/example_dags/example_short_circuit_operator.py
[2022-03-14 12:03:54,093] {processor.py:654} INFO - DAG(s) dict_keys(['example_short_circuit_operator']) retrieved from /opt/anaconda3/lib/python3.9/site-packages/airflow/example_dags/example_short_circuit_operator.py
[2022-03-14 12:03:54,113] {logging_mixin.py:109} INFO - [2022-03-14 12:03:54,113] {dag.py:2398} INFO - Sync 1 DAGs
[2022-03-14 12:03:54,122] {logging_mixin.py:109} INFO - [2022-03-14 12:03:54,122] {dag.py:2937} INFO - Setting next_dagrun for example_short_circuit_operator to 2022-03-13T17:03:54.122608+00:00
[2022-03-14 12:03:54,137] {processor.py:171} INFO - Processing /opt/anaconda3/lib/python3.9/site-packages/airflow/example_dags/example_short_circuit_operator.py took 0.105 seconds
[2022-03-14 12:07:05,848] {processor.py:163} INFO - Started process (PID=82506) to work on /opt/anaconda3/lib/python3.9/site-packages/airflow/example_dags/example_short_circuit_operator.py
[2022-03-14 12:07:05,854] {processor.py:642} INFO - Processing file /opt/anaconda3/lib/python3.9/site-packages/airflow/example_dags/example_short_circuit_operator.py for tasks to queue
[2022-03-14 12:07:05,855] {logging_mixin.py:109} INFO - [2022-03-14 12:07:05,855] {dagbag.py:500} INFO - Filling up the DagBag from /opt/anaconda3/lib/python3.9/site-packages/airflow/example_dags/example_short_circuit_operator.py
[2022-03-14 12:07:05,912] {processor.py:654} INFO - DAG(s) dict_keys(['example_short_circuit_operator']) retrieved from /opt/anaconda3/lib/python3.9/site-packages/airflow/example_dags/example_short_circuit_operator.py
[2022-03-14 12:07:05,932] {logging_mixin.py:109} INFO - [2022-03-14 12:07:05,931] {dag.py:2398} INFO - Sync 1 DAGs
[2022-03-14 12:07:05,941] {logging_mixin.py:109} INFO - [2022-03-14 12:07:05,940] {dag.py:2937} INFO - Setting next_dagrun for example_short_circuit_operator to 2022-03-13T17:07:05.940761+00:00
[2022-03-14 12:07:05,952] {processor.py:171} INFO - Processing /opt/anaconda3/lib/python3.9/site-packages/airflow/example_dags/example_short_circuit_operator.py took 0.105 seconds
