[2022-03-14 09:07:55,400] {processor.py:163} INFO - Started process (PID=73926) to work on /opt/anaconda3/lib/python3.9/site-packages/airflow/example_dags/example_sla_dag.py
[2022-03-14 09:07:55,401] {processor.py:642} INFO - Processing file /opt/anaconda3/lib/python3.9/site-packages/airflow/example_dags/example_sla_dag.py for tasks to queue
[2022-03-14 09:07:55,401] {logging_mixin.py:109} INFO - [2022-03-14 09:07:55,401] {dagbag.py:500} INFO - Filling up the DagBag from /opt/anaconda3/lib/python3.9/site-packages/airflow/example_dags/example_sla_dag.py
[2022-03-14 09:07:55,469] {processor.py:654} INFO - DAG(s) dict_keys(['example_sla_dag']) retrieved from /opt/anaconda3/lib/python3.9/site-packages/airflow/example_dags/example_sla_dag.py
[2022-03-14 09:07:55,488] {logging_mixin.py:109} INFO - [2022-03-14 09:07:55,488] {dag.py:2398} INFO - Sync 1 DAGs
[2022-03-14 09:07:55,501] {logging_mixin.py:109} INFO - [2022-03-14 09:07:55,501] {dag.py:2937} INFO - Setting next_dagrun for example_sla_dag to 2022-03-14T14:04:00+00:00
[2022-03-14 09:07:55,510] {processor.py:171} INFO - Processing /opt/anaconda3/lib/python3.9/site-packages/airflow/example_dags/example_sla_dag.py took 0.110 seconds
[2022-03-14 09:37:09,372] {processor.py:163} INFO - Started process (PID=74801) to work on /opt/anaconda3/lib/python3.9/site-packages/airflow/example_dags/example_sla_dag.py
[2022-03-14 09:37:09,373] {processor.py:642} INFO - Processing file /opt/anaconda3/lib/python3.9/site-packages/airflow/example_dags/example_sla_dag.py for tasks to queue
[2022-03-14 09:37:09,374] {logging_mixin.py:109} INFO - [2022-03-14 09:37:09,373] {dagbag.py:500} INFO - Filling up the DagBag from /opt/anaconda3/lib/python3.9/site-packages/airflow/example_dags/example_sla_dag.py
[2022-03-14 09:37:09,458] {processor.py:654} INFO - DAG(s) dict_keys(['example_sla_dag']) retrieved from /opt/anaconda3/lib/python3.9/site-packages/airflow/example_dags/example_sla_dag.py
[2022-03-14 09:37:09,576] {logging_mixin.py:109} INFO - [2022-03-14 09:37:09,576] {dag.py:2398} INFO - Sync 1 DAGs
[2022-03-14 09:37:09,620] {logging_mixin.py:109} INFO - [2022-03-14 09:37:09,620] {dag.py:2937} INFO - Setting next_dagrun for example_sla_dag to 2022-03-14T14:34:00+00:00
[2022-03-14 09:37:09,658] {processor.py:171} INFO - Processing /opt/anaconda3/lib/python3.9/site-packages/airflow/example_dags/example_sla_dag.py took 0.287 seconds
[2022-03-14 09:38:57,733] {processor.py:163} INFO - Started process (PID=74956) to work on /opt/anaconda3/lib/python3.9/site-packages/airflow/example_dags/example_sla_dag.py
[2022-03-14 09:38:57,735] {processor.py:642} INFO - Processing file /opt/anaconda3/lib/python3.9/site-packages/airflow/example_dags/example_sla_dag.py for tasks to queue
[2022-03-14 09:38:57,736] {logging_mixin.py:109} INFO - [2022-03-14 09:38:57,736] {dagbag.py:500} INFO - Filling up the DagBag from /opt/anaconda3/lib/python3.9/site-packages/airflow/example_dags/example_sla_dag.py
[2022-03-14 09:38:57,835] {processor.py:654} INFO - DAG(s) dict_keys(['example_sla_dag']) retrieved from /opt/anaconda3/lib/python3.9/site-packages/airflow/example_dags/example_sla_dag.py
[2022-03-14 09:38:57,896] {logging_mixin.py:109} INFO - [2022-03-14 09:38:57,895] {dag.py:2398} INFO - Sync 1 DAGs
[2022-03-14 09:38:57,915] {logging_mixin.py:109} INFO - [2022-03-14 09:38:57,915] {dag.py:2937} INFO - Setting next_dagrun for example_sla_dag to 2022-03-14T14:36:00+00:00
[2022-03-14 09:38:57,931] {processor.py:171} INFO - Processing /opt/anaconda3/lib/python3.9/site-packages/airflow/example_dags/example_sla_dag.py took 0.198 seconds
[2022-03-14 09:41:31,727] {processor.py:163} INFO - Started process (PID=75141) to work on /opt/anaconda3/lib/python3.9/site-packages/airflow/example_dags/example_sla_dag.py
[2022-03-14 09:41:31,733] {processor.py:642} INFO - Processing file /opt/anaconda3/lib/python3.9/site-packages/airflow/example_dags/example_sla_dag.py for tasks to queue
[2022-03-14 09:41:31,734] {logging_mixin.py:109} INFO - [2022-03-14 09:41:31,734] {dagbag.py:500} INFO - Filling up the DagBag from /opt/anaconda3/lib/python3.9/site-packages/airflow/example_dags/example_sla_dag.py
[2022-03-14 09:41:31,799] {processor.py:654} INFO - DAG(s) dict_keys(['example_sla_dag']) retrieved from /opt/anaconda3/lib/python3.9/site-packages/airflow/example_dags/example_sla_dag.py
[2022-03-14 09:41:31,818] {logging_mixin.py:109} INFO - [2022-03-14 09:41:31,818] {dag.py:2398} INFO - Sync 1 DAGs
[2022-03-14 09:41:31,831] {logging_mixin.py:109} INFO - [2022-03-14 09:41:31,831] {dag.py:2937} INFO - Setting next_dagrun for example_sla_dag to 2022-03-14T14:38:00+00:00
[2022-03-14 09:41:31,847] {processor.py:171} INFO - Processing /opt/anaconda3/lib/python3.9/site-packages/airflow/example_dags/example_sla_dag.py took 0.121 seconds
[2022-03-14 09:44:02,251] {processor.py:163} INFO - Started process (PID=75245) to work on /opt/anaconda3/lib/python3.9/site-packages/airflow/example_dags/example_sla_dag.py
[2022-03-14 09:44:02,258] {processor.py:642} INFO - Processing file /opt/anaconda3/lib/python3.9/site-packages/airflow/example_dags/example_sla_dag.py for tasks to queue
[2022-03-14 09:44:02,258] {logging_mixin.py:109} INFO - [2022-03-14 09:44:02,258] {dagbag.py:500} INFO - Filling up the DagBag from /opt/anaconda3/lib/python3.9/site-packages/airflow/example_dags/example_sla_dag.py
[2022-03-14 09:44:02,325] {processor.py:654} INFO - DAG(s) dict_keys(['example_sla_dag']) retrieved from /opt/anaconda3/lib/python3.9/site-packages/airflow/example_dags/example_sla_dag.py
[2022-03-14 09:44:02,344] {logging_mixin.py:109} INFO - [2022-03-14 09:44:02,344] {dag.py:2398} INFO - Sync 1 DAGs
[2022-03-14 09:44:02,357] {logging_mixin.py:109} INFO - [2022-03-14 09:44:02,357] {dag.py:2937} INFO - Setting next_dagrun for example_sla_dag to 2022-03-14T14:42:00+00:00
[2022-03-14 09:44:02,374] {processor.py:171} INFO - Processing /opt/anaconda3/lib/python3.9/site-packages/airflow/example_dags/example_sla_dag.py took 0.123 seconds
[2022-03-14 09:46:40,520] {processor.py:163} INFO - Started process (PID=75330) to work on /opt/anaconda3/lib/python3.9/site-packages/airflow/example_dags/example_sla_dag.py
[2022-03-14 09:46:40,521] {processor.py:642} INFO - Processing file /opt/anaconda3/lib/python3.9/site-packages/airflow/example_dags/example_sla_dag.py for tasks to queue
[2022-03-14 09:46:40,522] {logging_mixin.py:109} INFO - [2022-03-14 09:46:40,521] {dagbag.py:500} INFO - Filling up the DagBag from /opt/anaconda3/lib/python3.9/site-packages/airflow/example_dags/example_sla_dag.py
[2022-03-14 09:46:40,640] {processor.py:654} INFO - DAG(s) dict_keys(['example_sla_dag']) retrieved from /opt/anaconda3/lib/python3.9/site-packages/airflow/example_dags/example_sla_dag.py
[2022-03-14 09:46:40,661] {logging_mixin.py:109} INFO - [2022-03-14 09:46:40,660] {dag.py:2398} INFO - Sync 1 DAGs
[2022-03-14 09:46:40,678] {logging_mixin.py:109} INFO - [2022-03-14 09:46:40,678] {dag.py:2937} INFO - Setting next_dagrun for example_sla_dag to 2022-03-14T14:44:00+00:00
[2022-03-14 09:46:40,696] {processor.py:171} INFO - Processing /opt/anaconda3/lib/python3.9/site-packages/airflow/example_dags/example_sla_dag.py took 0.177 seconds
[2022-03-14 09:49:09,183] {processor.py:163} INFO - Started process (PID=75476) to work on /opt/anaconda3/lib/python3.9/site-packages/airflow/example_dags/example_sla_dag.py
[2022-03-14 09:49:09,186] {processor.py:642} INFO - Processing file /opt/anaconda3/lib/python3.9/site-packages/airflow/example_dags/example_sla_dag.py for tasks to queue
[2022-03-14 09:49:09,187] {logging_mixin.py:109} INFO - [2022-03-14 09:49:09,186] {dagbag.py:500} INFO - Filling up the DagBag from /opt/anaconda3/lib/python3.9/site-packages/airflow/example_dags/example_sla_dag.py
[2022-03-14 09:49:09,251] {processor.py:654} INFO - DAG(s) dict_keys(['example_sla_dag']) retrieved from /opt/anaconda3/lib/python3.9/site-packages/airflow/example_dags/example_sla_dag.py
[2022-03-14 09:49:09,269] {logging_mixin.py:109} INFO - [2022-03-14 09:49:09,269] {dag.py:2398} INFO - Sync 1 DAGs
[2022-03-14 09:49:09,281] {logging_mixin.py:109} INFO - [2022-03-14 09:49:09,281] {dag.py:2937} INFO - Setting next_dagrun for example_sla_dag to 2022-03-14T14:46:00+00:00
[2022-03-14 09:49:09,293] {processor.py:171} INFO - Processing /opt/anaconda3/lib/python3.9/site-packages/airflow/example_dags/example_sla_dag.py took 0.110 seconds
[2022-03-14 09:51:38,039] {processor.py:163} INFO - Started process (PID=75585) to work on /opt/anaconda3/lib/python3.9/site-packages/airflow/example_dags/example_sla_dag.py
[2022-03-14 09:51:38,045] {processor.py:642} INFO - Processing file /opt/anaconda3/lib/python3.9/site-packages/airflow/example_dags/example_sla_dag.py for tasks to queue
[2022-03-14 09:51:38,046] {logging_mixin.py:109} INFO - [2022-03-14 09:51:38,046] {dagbag.py:500} INFO - Filling up the DagBag from /opt/anaconda3/lib/python3.9/site-packages/airflow/example_dags/example_sla_dag.py
[2022-03-14 09:51:38,108] {processor.py:654} INFO - DAG(s) dict_keys(['example_sla_dag']) retrieved from /opt/anaconda3/lib/python3.9/site-packages/airflow/example_dags/example_sla_dag.py
[2022-03-14 09:51:38,127] {logging_mixin.py:109} INFO - [2022-03-14 09:51:38,126] {dag.py:2398} INFO - Sync 1 DAGs
[2022-03-14 09:51:38,140] {logging_mixin.py:109} INFO - [2022-03-14 09:51:38,140] {dag.py:2937} INFO - Setting next_dagrun for example_sla_dag to 2022-03-14T14:48:00+00:00
[2022-03-14 09:51:38,150] {processor.py:171} INFO - Processing /opt/anaconda3/lib/python3.9/site-packages/airflow/example_dags/example_sla_dag.py took 0.112 seconds
[2022-03-14 09:54:07,197] {processor.py:163} INFO - Started process (PID=75714) to work on /opt/anaconda3/lib/python3.9/site-packages/airflow/example_dags/example_sla_dag.py
[2022-03-14 09:54:07,203] {processor.py:642} INFO - Processing file /opt/anaconda3/lib/python3.9/site-packages/airflow/example_dags/example_sla_dag.py for tasks to queue
[2022-03-14 09:54:07,203] {logging_mixin.py:109} INFO - [2022-03-14 09:54:07,203] {dagbag.py:500} INFO - Filling up the DagBag from /opt/anaconda3/lib/python3.9/site-packages/airflow/example_dags/example_sla_dag.py
[2022-03-14 09:54:07,273] {processor.py:654} INFO - DAG(s) dict_keys(['example_sla_dag']) retrieved from /opt/anaconda3/lib/python3.9/site-packages/airflow/example_dags/example_sla_dag.py
[2022-03-14 09:54:07,293] {logging_mixin.py:109} INFO - [2022-03-14 09:54:07,292] {dag.py:2398} INFO - Sync 1 DAGs
[2022-03-14 09:54:07,306] {logging_mixin.py:109} INFO - [2022-03-14 09:54:07,306] {dag.py:2937} INFO - Setting next_dagrun for example_sla_dag to 2022-03-14T14:52:00+00:00
[2022-03-14 09:54:07,321] {processor.py:171} INFO - Processing /opt/anaconda3/lib/python3.9/site-packages/airflow/example_dags/example_sla_dag.py took 0.126 seconds
[2022-03-14 09:56:45,546] {processor.py:163} INFO - Started process (PID=75792) to work on /opt/anaconda3/lib/python3.9/site-packages/airflow/example_dags/example_sla_dag.py
[2022-03-14 09:56:45,548] {processor.py:642} INFO - Processing file /opt/anaconda3/lib/python3.9/site-packages/airflow/example_dags/example_sla_dag.py for tasks to queue
[2022-03-14 09:56:45,549] {logging_mixin.py:109} INFO - [2022-03-14 09:56:45,549] {dagbag.py:500} INFO - Filling up the DagBag from /opt/anaconda3/lib/python3.9/site-packages/airflow/example_dags/example_sla_dag.py
[2022-03-14 09:56:45,612] {processor.py:654} INFO - DAG(s) dict_keys(['example_sla_dag']) retrieved from /opt/anaconda3/lib/python3.9/site-packages/airflow/example_dags/example_sla_dag.py
[2022-03-14 09:56:45,631] {logging_mixin.py:109} INFO - [2022-03-14 09:56:45,631] {dag.py:2398} INFO - Sync 1 DAGs
[2022-03-14 09:56:45,643] {logging_mixin.py:109} INFO - [2022-03-14 09:56:45,643] {dag.py:2937} INFO - Setting next_dagrun for example_sla_dag to 2022-03-14T14:54:00+00:00
[2022-03-14 09:56:45,656] {processor.py:171} INFO - Processing /opt/anaconda3/lib/python3.9/site-packages/airflow/example_dags/example_sla_dag.py took 0.110 seconds
[2022-03-14 09:59:42,693] {processor.py:163} INFO - Started process (PID=75959) to work on /opt/anaconda3/lib/python3.9/site-packages/airflow/example_dags/example_sla_dag.py
[2022-03-14 09:59:42,693] {processor.py:642} INFO - Processing file /opt/anaconda3/lib/python3.9/site-packages/airflow/example_dags/example_sla_dag.py for tasks to queue
[2022-03-14 09:59:42,694] {logging_mixin.py:109} INFO - [2022-03-14 09:59:42,694] {dagbag.py:500} INFO - Filling up the DagBag from /opt/anaconda3/lib/python3.9/site-packages/airflow/example_dags/example_sla_dag.py
[2022-03-14 09:59:42,755] {processor.py:654} INFO - DAG(s) dict_keys(['example_sla_dag']) retrieved from /opt/anaconda3/lib/python3.9/site-packages/airflow/example_dags/example_sla_dag.py
[2022-03-14 09:59:42,773] {logging_mixin.py:109} INFO - [2022-03-14 09:59:42,773] {dag.py:2398} INFO - Sync 1 DAGs
[2022-03-14 09:59:42,786] {logging_mixin.py:109} INFO - [2022-03-14 09:59:42,786] {dag.py:2937} INFO - Setting next_dagrun for example_sla_dag to 2022-03-14T14:56:00+00:00
[2022-03-14 09:59:42,799] {processor.py:171} INFO - Processing /opt/anaconda3/lib/python3.9/site-packages/airflow/example_dags/example_sla_dag.py took 0.107 seconds
[2022-03-14 10:02:15,160] {processor.py:163} INFO - Started process (PID=76072) to work on /opt/anaconda3/lib/python3.9/site-packages/airflow/example_dags/example_sla_dag.py
[2022-03-14 10:02:15,161] {processor.py:642} INFO - Processing file /opt/anaconda3/lib/python3.9/site-packages/airflow/example_dags/example_sla_dag.py for tasks to queue
[2022-03-14 10:02:15,161] {logging_mixin.py:109} INFO - [2022-03-14 10:02:15,161] {dagbag.py:500} INFO - Filling up the DagBag from /opt/anaconda3/lib/python3.9/site-packages/airflow/example_dags/example_sla_dag.py
[2022-03-14 10:02:15,221] {processor.py:654} INFO - DAG(s) dict_keys(['example_sla_dag']) retrieved from /opt/anaconda3/lib/python3.9/site-packages/airflow/example_dags/example_sla_dag.py
[2022-03-14 10:02:15,240] {logging_mixin.py:109} INFO - [2022-03-14 10:02:15,239] {dag.py:2398} INFO - Sync 1 DAGs
[2022-03-14 10:02:15,252] {logging_mixin.py:109} INFO - [2022-03-14 10:02:15,252] {dag.py:2937} INFO - Setting next_dagrun for example_sla_dag to 2022-03-14T15:00:00+00:00
[2022-03-14 10:02:15,268] {processor.py:171} INFO - Processing /opt/anaconda3/lib/python3.9/site-packages/airflow/example_dags/example_sla_dag.py took 0.108 seconds
[2022-03-14 10:04:02,868] {processor.py:163} INFO - Started process (PID=76120) to work on /opt/anaconda3/lib/python3.9/site-packages/airflow/example_dags/example_sla_dag.py
[2022-03-14 10:04:02,868] {processor.py:642} INFO - Processing file /opt/anaconda3/lib/python3.9/site-packages/airflow/example_dags/example_sla_dag.py for tasks to queue
[2022-03-14 10:04:02,869] {logging_mixin.py:109} INFO - [2022-03-14 10:04:02,869] {dagbag.py:500} INFO - Filling up the DagBag from /opt/anaconda3/lib/python3.9/site-packages/airflow/example_dags/example_sla_dag.py
[2022-03-14 10:04:02,930] {processor.py:654} INFO - DAG(s) dict_keys(['example_sla_dag']) retrieved from /opt/anaconda3/lib/python3.9/site-packages/airflow/example_dags/example_sla_dag.py
[2022-03-14 10:04:02,948] {logging_mixin.py:109} INFO - [2022-03-14 10:04:02,947] {dag.py:2398} INFO - Sync 1 DAGs
[2022-03-14 10:04:02,960] {logging_mixin.py:109} INFO - [2022-03-14 10:04:02,960] {dag.py:2937} INFO - Setting next_dagrun for example_sla_dag to 2022-03-14T15:02:00+00:00
[2022-03-14 10:04:02,976] {processor.py:171} INFO - Processing /opt/anaconda3/lib/python3.9/site-packages/airflow/example_dags/example_sla_dag.py took 0.109 seconds
[2022-03-14 10:06:30,238] {processor.py:163} INFO - Started process (PID=76211) to work on /opt/anaconda3/lib/python3.9/site-packages/airflow/example_dags/example_sla_dag.py
[2022-03-14 10:06:30,244] {processor.py:642} INFO - Processing file /opt/anaconda3/lib/python3.9/site-packages/airflow/example_dags/example_sla_dag.py for tasks to queue
[2022-03-14 10:06:30,245] {logging_mixin.py:109} INFO - [2022-03-14 10:06:30,245] {dagbag.py:500} INFO - Filling up the DagBag from /opt/anaconda3/lib/python3.9/site-packages/airflow/example_dags/example_sla_dag.py
[2022-03-14 10:06:30,307] {processor.py:654} INFO - DAG(s) dict_keys(['example_sla_dag']) retrieved from /opt/anaconda3/lib/python3.9/site-packages/airflow/example_dags/example_sla_dag.py
[2022-03-14 10:06:30,325] {logging_mixin.py:109} INFO - [2022-03-14 10:06:30,325] {dag.py:2398} INFO - Sync 1 DAGs
[2022-03-14 10:06:30,338] {logging_mixin.py:109} INFO - [2022-03-14 10:06:30,338] {dag.py:2937} INFO - Setting next_dagrun for example_sla_dag to 2022-03-14T15:04:00+00:00
[2022-03-14 10:06:30,350] {processor.py:171} INFO - Processing /opt/anaconda3/lib/python3.9/site-packages/airflow/example_dags/example_sla_dag.py took 0.113 seconds
[2022-03-14 10:08:17,324] {processor.py:163} INFO - Started process (PID=76257) to work on /opt/anaconda3/lib/python3.9/site-packages/airflow/example_dags/example_sla_dag.py
[2022-03-14 10:08:17,325] {processor.py:642} INFO - Processing file /opt/anaconda3/lib/python3.9/site-packages/airflow/example_dags/example_sla_dag.py for tasks to queue
[2022-03-14 10:08:17,326] {logging_mixin.py:109} INFO - [2022-03-14 10:08:17,326] {dagbag.py:500} INFO - Filling up the DagBag from /opt/anaconda3/lib/python3.9/site-packages/airflow/example_dags/example_sla_dag.py
[2022-03-14 10:08:17,428] {processor.py:654} INFO - DAG(s) dict_keys(['example_sla_dag']) retrieved from /opt/anaconda3/lib/python3.9/site-packages/airflow/example_dags/example_sla_dag.py
[2022-03-14 10:08:17,446] {logging_mixin.py:109} INFO - [2022-03-14 10:08:17,446] {dag.py:2398} INFO - Sync 1 DAGs
[2022-03-14 10:08:17,461] {logging_mixin.py:109} INFO - [2022-03-14 10:08:17,461] {dag.py:2937} INFO - Setting next_dagrun for example_sla_dag to 2022-03-14T15:06:00+00:00
[2022-03-14 10:08:17,477] {processor.py:171} INFO - Processing /opt/anaconda3/lib/python3.9/site-packages/airflow/example_dags/example_sla_dag.py took 0.153 seconds
[2022-03-14 10:12:21,449] {processor.py:163} INFO - Started process (PID=76648) to work on /opt/anaconda3/lib/python3.9/site-packages/airflow/example_dags/example_sla_dag.py
[2022-03-14 10:12:21,452] {processor.py:642} INFO - Processing file /opt/anaconda3/lib/python3.9/site-packages/airflow/example_dags/example_sla_dag.py for tasks to queue
[2022-03-14 10:12:21,453] {logging_mixin.py:109} INFO - [2022-03-14 10:12:21,452] {dagbag.py:500} INFO - Filling up the DagBag from /opt/anaconda3/lib/python3.9/site-packages/airflow/example_dags/example_sla_dag.py
[2022-03-14 10:12:21,515] {processor.py:654} INFO - DAG(s) dict_keys(['example_sla_dag']) retrieved from /opt/anaconda3/lib/python3.9/site-packages/airflow/example_dags/example_sla_dag.py
[2022-03-14 10:12:21,533] {logging_mixin.py:109} INFO - [2022-03-14 10:12:21,533] {dag.py:2398} INFO - Sync 1 DAGs
[2022-03-14 10:12:21,546] {logging_mixin.py:109} INFO - [2022-03-14 10:12:21,546] {dag.py:2937} INFO - Setting next_dagrun for example_sla_dag to 2022-03-14T15:10:00+00:00
[2022-03-14 10:12:21,558] {processor.py:171} INFO - Processing /opt/anaconda3/lib/python3.9/site-packages/airflow/example_dags/example_sla_dag.py took 0.109 seconds
[2022-03-14 10:14:25,934] {processor.py:163} INFO - Started process (PID=76727) to work on /opt/anaconda3/lib/python3.9/site-packages/airflow/example_dags/example_sla_dag.py
[2022-03-14 10:14:25,936] {processor.py:642} INFO - Processing file /opt/anaconda3/lib/python3.9/site-packages/airflow/example_dags/example_sla_dag.py for tasks to queue
[2022-03-14 10:14:25,937] {logging_mixin.py:109} INFO - [2022-03-14 10:14:25,937] {dagbag.py:500} INFO - Filling up the DagBag from /opt/anaconda3/lib/python3.9/site-packages/airflow/example_dags/example_sla_dag.py
[2022-03-14 10:14:26,007] {processor.py:654} INFO - DAG(s) dict_keys(['example_sla_dag']) retrieved from /opt/anaconda3/lib/python3.9/site-packages/airflow/example_dags/example_sla_dag.py
[2022-03-14 10:14:26,027] {logging_mixin.py:109} INFO - [2022-03-14 10:14:26,027] {dag.py:2398} INFO - Sync 1 DAGs
[2022-03-14 10:14:26,040] {logging_mixin.py:109} INFO - [2022-03-14 10:14:26,040] {dag.py:2937} INFO - Setting next_dagrun for example_sla_dag to 2022-03-14T15:12:00+00:00
[2022-03-14 10:14:26,053] {processor.py:171} INFO - Processing /opt/anaconda3/lib/python3.9/site-packages/airflow/example_dags/example_sla_dag.py took 0.120 seconds
[2022-03-14 10:16:16,475] {processor.py:163} INFO - Started process (PID=76782) to work on /opt/anaconda3/lib/python3.9/site-packages/airflow/example_dags/example_sla_dag.py
[2022-03-14 10:16:16,481] {processor.py:642} INFO - Processing file /opt/anaconda3/lib/python3.9/site-packages/airflow/example_dags/example_sla_dag.py for tasks to queue
[2022-03-14 10:16:16,482] {logging_mixin.py:109} INFO - [2022-03-14 10:16:16,482] {dagbag.py:500} INFO - Filling up the DagBag from /opt/anaconda3/lib/python3.9/site-packages/airflow/example_dags/example_sla_dag.py
[2022-03-14 10:16:16,547] {processor.py:654} INFO - DAG(s) dict_keys(['example_sla_dag']) retrieved from /opt/anaconda3/lib/python3.9/site-packages/airflow/example_dags/example_sla_dag.py
[2022-03-14 10:16:16,565] {logging_mixin.py:109} INFO - [2022-03-14 10:16:16,565] {dag.py:2398} INFO - Sync 1 DAGs
[2022-03-14 10:16:16,577] {logging_mixin.py:109} INFO - [2022-03-14 10:16:16,577] {dag.py:2937} INFO - Setting next_dagrun for example_sla_dag to 2022-03-14T15:14:00+00:00
[2022-03-14 10:16:16,588] {processor.py:171} INFO - Processing /opt/anaconda3/lib/python3.9/site-packages/airflow/example_dags/example_sla_dag.py took 0.113 seconds
[2022-03-14 10:18:51,508] {processor.py:163} INFO - Started process (PID=76924) to work on /opt/anaconda3/lib/python3.9/site-packages/airflow/example_dags/example_sla_dag.py
[2022-03-14 10:18:51,514] {processor.py:642} INFO - Processing file /opt/anaconda3/lib/python3.9/site-packages/airflow/example_dags/example_sla_dag.py for tasks to queue
[2022-03-14 10:18:51,515] {logging_mixin.py:109} INFO - [2022-03-14 10:18:51,515] {dagbag.py:500} INFO - Filling up the DagBag from /opt/anaconda3/lib/python3.9/site-packages/airflow/example_dags/example_sla_dag.py
[2022-03-14 10:18:51,577] {processor.py:654} INFO - DAG(s) dict_keys(['example_sla_dag']) retrieved from /opt/anaconda3/lib/python3.9/site-packages/airflow/example_dags/example_sla_dag.py
[2022-03-14 10:18:51,596] {logging_mixin.py:109} INFO - [2022-03-14 10:18:51,596] {dag.py:2398} INFO - Sync 1 DAGs
[2022-03-14 10:18:51,610] {logging_mixin.py:109} INFO - [2022-03-14 10:18:51,610] {dag.py:2937} INFO - Setting next_dagrun for example_sla_dag to 2022-03-14T15:16:00+00:00
[2022-03-14 10:18:51,625] {processor.py:171} INFO - Processing /opt/anaconda3/lib/python3.9/site-packages/airflow/example_dags/example_sla_dag.py took 0.117 seconds
[2022-03-14 10:21:14,305] {processor.py:163} INFO - Started process (PID=76994) to work on /opt/anaconda3/lib/python3.9/site-packages/airflow/example_dags/example_sla_dag.py
[2022-03-14 10:21:14,306] {processor.py:642} INFO - Processing file /opt/anaconda3/lib/python3.9/site-packages/airflow/example_dags/example_sla_dag.py for tasks to queue
[2022-03-14 10:21:14,307] {logging_mixin.py:109} INFO - [2022-03-14 10:21:14,307] {dagbag.py:500} INFO - Filling up the DagBag from /opt/anaconda3/lib/python3.9/site-packages/airflow/example_dags/example_sla_dag.py
[2022-03-14 10:21:14,372] {processor.py:654} INFO - DAG(s) dict_keys(['example_sla_dag']) retrieved from /opt/anaconda3/lib/python3.9/site-packages/airflow/example_dags/example_sla_dag.py
[2022-03-14 10:21:14,393] {logging_mixin.py:109} INFO - [2022-03-14 10:21:14,392] {dag.py:2398} INFO - Sync 1 DAGs
[2022-03-14 10:21:14,405] {logging_mixin.py:109} INFO - [2022-03-14 10:21:14,405] {dag.py:2937} INFO - Setting next_dagrun for example_sla_dag to 2022-03-14T15:18:00+00:00
[2022-03-14 10:21:14,417] {processor.py:171} INFO - Processing /opt/anaconda3/lib/python3.9/site-packages/airflow/example_dags/example_sla_dag.py took 0.113 seconds
[2022-03-14 10:23:03,741] {processor.py:163} INFO - Started process (PID=77052) to work on /opt/anaconda3/lib/python3.9/site-packages/airflow/example_dags/example_sla_dag.py
[2022-03-14 10:23:03,742] {processor.py:642} INFO - Processing file /opt/anaconda3/lib/python3.9/site-packages/airflow/example_dags/example_sla_dag.py for tasks to queue
[2022-03-14 10:23:03,742] {logging_mixin.py:109} INFO - [2022-03-14 10:23:03,742] {dagbag.py:500} INFO - Filling up the DagBag from /opt/anaconda3/lib/python3.9/site-packages/airflow/example_dags/example_sla_dag.py
[2022-03-14 10:23:03,802] {processor.py:654} INFO - DAG(s) dict_keys(['example_sla_dag']) retrieved from /opt/anaconda3/lib/python3.9/site-packages/airflow/example_dags/example_sla_dag.py
[2022-03-14 10:23:03,820] {logging_mixin.py:109} INFO - [2022-03-14 10:23:03,820] {dag.py:2398} INFO - Sync 1 DAGs
[2022-03-14 10:23:03,832] {logging_mixin.py:109} INFO - [2022-03-14 10:23:03,832] {dag.py:2937} INFO - Setting next_dagrun for example_sla_dag to 2022-03-14T15:20:00+00:00
[2022-03-14 10:23:03,847] {processor.py:171} INFO - Processing /opt/anaconda3/lib/python3.9/site-packages/airflow/example_dags/example_sla_dag.py took 0.107 seconds
[2022-03-14 10:25:14,364] {processor.py:163} INFO - Started process (PID=77153) to work on /opt/anaconda3/lib/python3.9/site-packages/airflow/example_dags/example_sla_dag.py
[2022-03-14 10:25:14,371] {processor.py:642} INFO - Processing file /opt/anaconda3/lib/python3.9/site-packages/airflow/example_dags/example_sla_dag.py for tasks to queue
[2022-03-14 10:25:14,372] {logging_mixin.py:109} INFO - [2022-03-14 10:25:14,372] {dagbag.py:500} INFO - Filling up the DagBag from /opt/anaconda3/lib/python3.9/site-packages/airflow/example_dags/example_sla_dag.py
[2022-03-14 10:25:14,438] {processor.py:654} INFO - DAG(s) dict_keys(['example_sla_dag']) retrieved from /opt/anaconda3/lib/python3.9/site-packages/airflow/example_dags/example_sla_dag.py
[2022-03-14 10:25:14,457] {logging_mixin.py:109} INFO - [2022-03-14 10:25:14,457] {dag.py:2398} INFO - Sync 1 DAGs
[2022-03-14 10:25:14,471] {logging_mixin.py:109} INFO - [2022-03-14 10:25:14,471] {dag.py:2937} INFO - Setting next_dagrun for example_sla_dag to 2022-03-14T15:22:00+00:00
[2022-03-14 10:25:14,487] {processor.py:171} INFO - Processing /opt/anaconda3/lib/python3.9/site-packages/airflow/example_dags/example_sla_dag.py took 0.124 seconds
[2022-03-14 10:27:36,595] {processor.py:163} INFO - Started process (PID=77296) to work on /opt/anaconda3/lib/python3.9/site-packages/airflow/example_dags/example_sla_dag.py
[2022-03-14 10:27:36,601] {processor.py:642} INFO - Processing file /opt/anaconda3/lib/python3.9/site-packages/airflow/example_dags/example_sla_dag.py for tasks to queue
[2022-03-14 10:27:36,602] {logging_mixin.py:109} INFO - [2022-03-14 10:27:36,602] {dagbag.py:500} INFO - Filling up the DagBag from /opt/anaconda3/lib/python3.9/site-packages/airflow/example_dags/example_sla_dag.py
[2022-03-14 10:27:36,664] {processor.py:654} INFO - DAG(s) dict_keys(['example_sla_dag']) retrieved from /opt/anaconda3/lib/python3.9/site-packages/airflow/example_dags/example_sla_dag.py
[2022-03-14 10:27:36,682] {logging_mixin.py:109} INFO - [2022-03-14 10:27:36,682] {dag.py:2398} INFO - Sync 1 DAGs
[2022-03-14 10:27:36,694] {logging_mixin.py:109} INFO - [2022-03-14 10:27:36,694] {dag.py:2937} INFO - Setting next_dagrun for example_sla_dag to 2022-03-14T15:24:00+00:00
[2022-03-14 10:27:36,707] {processor.py:171} INFO - Processing /opt/anaconda3/lib/python3.9/site-packages/airflow/example_dags/example_sla_dag.py took 0.113 seconds
[2022-03-14 10:29:06,388] {processor.py:163} INFO - Started process (PID=77440) to work on /opt/anaconda3/lib/python3.9/site-packages/airflow/example_dags/example_sla_dag.py
[2022-03-14 10:29:06,389] {processor.py:642} INFO - Processing file /opt/anaconda3/lib/python3.9/site-packages/airflow/example_dags/example_sla_dag.py for tasks to queue
[2022-03-14 10:29:06,390] {logging_mixin.py:109} INFO - [2022-03-14 10:29:06,390] {dagbag.py:500} INFO - Filling up the DagBag from /opt/anaconda3/lib/python3.9/site-packages/airflow/example_dags/example_sla_dag.py
[2022-03-14 10:29:06,450] {processor.py:654} INFO - DAG(s) dict_keys(['example_sla_dag']) retrieved from /opt/anaconda3/lib/python3.9/site-packages/airflow/example_dags/example_sla_dag.py
[2022-03-14 10:29:06,468] {logging_mixin.py:109} INFO - [2022-03-14 10:29:06,468] {dag.py:2398} INFO - Sync 1 DAGs
[2022-03-14 10:29:06,480] {logging_mixin.py:109} INFO - [2022-03-14 10:29:06,480] {dag.py:2937} INFO - Setting next_dagrun for example_sla_dag to 2022-03-14T15:26:00+00:00
[2022-03-14 10:29:06,492] {processor.py:171} INFO - Processing /opt/anaconda3/lib/python3.9/site-packages/airflow/example_dags/example_sla_dag.py took 0.105 seconds
[2022-03-14 10:30:54,626] {processor.py:163} INFO - Started process (PID=77490) to work on /opt/anaconda3/lib/python3.9/site-packages/airflow/example_dags/example_sla_dag.py
[2022-03-14 10:30:54,626] {processor.py:642} INFO - Processing file /opt/anaconda3/lib/python3.9/site-packages/airflow/example_dags/example_sla_dag.py for tasks to queue
[2022-03-14 10:30:54,626] {logging_mixin.py:109} INFO - [2022-03-14 10:30:54,626] {dagbag.py:500} INFO - Filling up the DagBag from /opt/anaconda3/lib/python3.9/site-packages/airflow/example_dags/example_sla_dag.py
[2022-03-14 10:30:54,687] {processor.py:654} INFO - DAG(s) dict_keys(['example_sla_dag']) retrieved from /opt/anaconda3/lib/python3.9/site-packages/airflow/example_dags/example_sla_dag.py
[2022-03-14 10:30:54,705] {logging_mixin.py:109} INFO - [2022-03-14 10:30:54,705] {dag.py:2398} INFO - Sync 1 DAGs
[2022-03-14 10:30:54,717] {logging_mixin.py:109} INFO - [2022-03-14 10:30:54,717] {dag.py:2937} INFO - Setting next_dagrun for example_sla_dag to 2022-03-14T15:28:00+00:00
[2022-03-14 10:30:54,733] {processor.py:171} INFO - Processing /opt/anaconda3/lib/python3.9/site-packages/airflow/example_dags/example_sla_dag.py took 0.108 seconds
[2022-03-14 10:36:35,006] {processor.py:163} INFO - Started process (PID=77643) to work on /opt/anaconda3/lib/python3.9/site-packages/airflow/example_dags/example_sla_dag.py
[2022-03-14 10:36:35,008] {processor.py:642} INFO - Processing file /opt/anaconda3/lib/python3.9/site-packages/airflow/example_dags/example_sla_dag.py for tasks to queue
[2022-03-14 10:36:35,009] {logging_mixin.py:109} INFO - [2022-03-14 10:36:35,009] {dagbag.py:500} INFO - Filling up the DagBag from /opt/anaconda3/lib/python3.9/site-packages/airflow/example_dags/example_sla_dag.py
[2022-03-14 10:36:35,071] {processor.py:654} INFO - DAG(s) dict_keys(['example_sla_dag']) retrieved from /opt/anaconda3/lib/python3.9/site-packages/airflow/example_dags/example_sla_dag.py
[2022-03-14 10:36:35,090] {logging_mixin.py:109} INFO - [2022-03-14 10:36:35,090] {dag.py:2398} INFO - Sync 1 DAGs
[2022-03-14 10:36:35,103] {logging_mixin.py:109} INFO - [2022-03-14 10:36:35,102] {dag.py:2937} INFO - Setting next_dagrun for example_sla_dag to 2022-03-14T15:34:00+00:00
[2022-03-14 10:36:35,115] {processor.py:171} INFO - Processing /opt/anaconda3/lib/python3.9/site-packages/airflow/example_dags/example_sla_dag.py took 0.110 seconds
[2022-03-14 10:38:28,904] {processor.py:163} INFO - Started process (PID=77799) to work on /opt/anaconda3/lib/python3.9/site-packages/airflow/example_dags/example_sla_dag.py
[2022-03-14 10:38:28,910] {processor.py:642} INFO - Processing file /opt/anaconda3/lib/python3.9/site-packages/airflow/example_dags/example_sla_dag.py for tasks to queue
[2022-03-14 10:38:28,911] {logging_mixin.py:109} INFO - [2022-03-14 10:38:28,911] {dagbag.py:500} INFO - Filling up the DagBag from /opt/anaconda3/lib/python3.9/site-packages/airflow/example_dags/example_sla_dag.py
[2022-03-14 10:38:28,973] {processor.py:654} INFO - DAG(s) dict_keys(['example_sla_dag']) retrieved from /opt/anaconda3/lib/python3.9/site-packages/airflow/example_dags/example_sla_dag.py
[2022-03-14 10:38:28,991] {logging_mixin.py:109} INFO - [2022-03-14 10:38:28,991] {dag.py:2398} INFO - Sync 1 DAGs
[2022-03-14 10:38:29,003] {logging_mixin.py:109} INFO - [2022-03-14 10:38:29,003] {dag.py:2937} INFO - Setting next_dagrun for example_sla_dag to 2022-03-14T15:36:00+00:00
[2022-03-14 10:38:29,013] {processor.py:171} INFO - Processing /opt/anaconda3/lib/python3.9/site-packages/airflow/example_dags/example_sla_dag.py took 0.110 seconds
[2022-03-14 10:41:33,381] {processor.py:163} INFO - Started process (PID=77918) to work on /opt/anaconda3/lib/python3.9/site-packages/airflow/example_dags/example_sla_dag.py
[2022-03-14 10:41:33,384] {processor.py:642} INFO - Processing file /opt/anaconda3/lib/python3.9/site-packages/airflow/example_dags/example_sla_dag.py for tasks to queue
[2022-03-14 10:41:33,385] {logging_mixin.py:109} INFO - [2022-03-14 10:41:33,385] {dagbag.py:500} INFO - Filling up the DagBag from /opt/anaconda3/lib/python3.9/site-packages/airflow/example_dags/example_sla_dag.py
[2022-03-14 10:41:33,447] {processor.py:654} INFO - DAG(s) dict_keys(['example_sla_dag']) retrieved from /opt/anaconda3/lib/python3.9/site-packages/airflow/example_dags/example_sla_dag.py
[2022-03-14 10:41:33,466] {logging_mixin.py:109} INFO - [2022-03-14 10:41:33,466] {dag.py:2398} INFO - Sync 1 DAGs
[2022-03-14 10:41:33,479] {logging_mixin.py:109} INFO - [2022-03-14 10:41:33,479] {dag.py:2937} INFO - Setting next_dagrun for example_sla_dag to 2022-03-14T15:38:00+00:00
[2022-03-14 10:41:33,497] {processor.py:171} INFO - Processing /opt/anaconda3/lib/python3.9/site-packages/airflow/example_dags/example_sla_dag.py took 0.116 seconds
[2022-03-14 10:43:59,349] {processor.py:163} INFO - Started process (PID=78021) to work on /opt/anaconda3/lib/python3.9/site-packages/airflow/example_dags/example_sla_dag.py
[2022-03-14 10:43:59,350] {processor.py:642} INFO - Processing file /opt/anaconda3/lib/python3.9/site-packages/airflow/example_dags/example_sla_dag.py for tasks to queue
[2022-03-14 10:43:59,351] {logging_mixin.py:109} INFO - [2022-03-14 10:43:59,351] {dagbag.py:500} INFO - Filling up the DagBag from /opt/anaconda3/lib/python3.9/site-packages/airflow/example_dags/example_sla_dag.py
[2022-03-14 10:43:59,448] {processor.py:654} INFO - DAG(s) dict_keys(['example_sla_dag']) retrieved from /opt/anaconda3/lib/python3.9/site-packages/airflow/example_dags/example_sla_dag.py
[2022-03-14 10:43:59,477] {logging_mixin.py:109} INFO - [2022-03-14 10:43:59,477] {dag.py:2398} INFO - Sync 1 DAGs
[2022-03-14 10:43:59,495] {logging_mixin.py:109} INFO - [2022-03-14 10:43:59,495] {dag.py:2937} INFO - Setting next_dagrun for example_sla_dag to 2022-03-14T15:40:00+00:00
[2022-03-14 10:43:59,518] {processor.py:171} INFO - Processing /opt/anaconda3/lib/python3.9/site-packages/airflow/example_dags/example_sla_dag.py took 0.171 seconds
[2022-03-14 10:45:48,868] {processor.py:163} INFO - Started process (PID=78084) to work on /opt/anaconda3/lib/python3.9/site-packages/airflow/example_dags/example_sla_dag.py
[2022-03-14 10:45:48,875] {processor.py:642} INFO - Processing file /opt/anaconda3/lib/python3.9/site-packages/airflow/example_dags/example_sla_dag.py for tasks to queue
[2022-03-14 10:45:48,876] {logging_mixin.py:109} INFO - [2022-03-14 10:45:48,876] {dagbag.py:500} INFO - Filling up the DagBag from /opt/anaconda3/lib/python3.9/site-packages/airflow/example_dags/example_sla_dag.py
[2022-03-14 10:45:48,944] {processor.py:654} INFO - DAG(s) dict_keys(['example_sla_dag']) retrieved from /opt/anaconda3/lib/python3.9/site-packages/airflow/example_dags/example_sla_dag.py
[2022-03-14 10:45:48,963] {logging_mixin.py:109} INFO - [2022-03-14 10:45:48,963] {dag.py:2398} INFO - Sync 1 DAGs
[2022-03-14 10:45:48,978] {logging_mixin.py:109} INFO - [2022-03-14 10:45:48,978] {dag.py:2937} INFO - Setting next_dagrun for example_sla_dag to 2022-03-14T15:42:00+00:00
[2022-03-14 10:45:48,998] {processor.py:171} INFO - Processing /opt/anaconda3/lib/python3.9/site-packages/airflow/example_dags/example_sla_dag.py took 0.130 seconds
[2022-03-14 10:48:07,635] {processor.py:163} INFO - Started process (PID=78679) to work on /opt/anaconda3/lib/python3.9/site-packages/airflow/example_dags/example_sla_dag.py
[2022-03-14 10:48:07,642] {processor.py:642} INFO - Processing file /opt/anaconda3/lib/python3.9/site-packages/airflow/example_dags/example_sla_dag.py for tasks to queue
[2022-03-14 10:48:07,642] {logging_mixin.py:109} INFO - [2022-03-14 10:48:07,642] {dagbag.py:500} INFO - Filling up the DagBag from /opt/anaconda3/lib/python3.9/site-packages/airflow/example_dags/example_sla_dag.py
[2022-03-14 10:48:07,711] {processor.py:654} INFO - DAG(s) dict_keys(['example_sla_dag']) retrieved from /opt/anaconda3/lib/python3.9/site-packages/airflow/example_dags/example_sla_dag.py
[2022-03-14 10:48:07,735] {logging_mixin.py:109} INFO - [2022-03-14 10:48:07,735] {dag.py:2398} INFO - Sync 1 DAGs
[2022-03-14 10:48:07,749] {logging_mixin.py:109} INFO - [2022-03-14 10:48:07,749] {dag.py:2937} INFO - Setting next_dagrun for example_sla_dag to 2022-03-14T15:46:00+00:00
[2022-03-14 10:48:07,765] {processor.py:171} INFO - Processing /opt/anaconda3/lib/python3.9/site-packages/airflow/example_dags/example_sla_dag.py took 0.130 seconds
[2022-03-14 10:50:22,664] {processor.py:163} INFO - Started process (PID=78847) to work on /opt/anaconda3/lib/python3.9/site-packages/airflow/example_dags/example_sla_dag.py
[2022-03-14 10:50:22,670] {processor.py:642} INFO - Processing file /opt/anaconda3/lib/python3.9/site-packages/airflow/example_dags/example_sla_dag.py for tasks to queue
[2022-03-14 10:50:22,671] {logging_mixin.py:109} INFO - [2022-03-14 10:50:22,671] {dagbag.py:500} INFO - Filling up the DagBag from /opt/anaconda3/lib/python3.9/site-packages/airflow/example_dags/example_sla_dag.py
[2022-03-14 10:50:22,736] {processor.py:654} INFO - DAG(s) dict_keys(['example_sla_dag']) retrieved from /opt/anaconda3/lib/python3.9/site-packages/airflow/example_dags/example_sla_dag.py
[2022-03-14 10:50:22,755] {logging_mixin.py:109} INFO - [2022-03-14 10:50:22,755] {dag.py:2398} INFO - Sync 1 DAGs
[2022-03-14 10:50:22,768] {logging_mixin.py:109} INFO - [2022-03-14 10:50:22,768] {dag.py:2937} INFO - Setting next_dagrun for example_sla_dag to 2022-03-14T15:48:00+00:00
[2022-03-14 10:50:22,780] {processor.py:171} INFO - Processing /opt/anaconda3/lib/python3.9/site-packages/airflow/example_dags/example_sla_dag.py took 0.117 seconds
[2022-03-14 10:51:38,676] {processor.py:163} INFO - Started process (PID=78899) to work on /opt/anaconda3/lib/python3.9/site-packages/airflow/example_dags/example_sla_dag.py
[2022-03-14 10:51:38,682] {processor.py:642} INFO - Processing file /opt/anaconda3/lib/python3.9/site-packages/airflow/example_dags/example_sla_dag.py for tasks to queue
[2022-03-14 10:51:38,683] {logging_mixin.py:109} INFO - [2022-03-14 10:51:38,683] {dagbag.py:500} INFO - Filling up the DagBag from /opt/anaconda3/lib/python3.9/site-packages/airflow/example_dags/example_sla_dag.py
[2022-03-14 10:51:38,744] {processor.py:654} INFO - DAG(s) dict_keys(['example_sla_dag']) retrieved from /opt/anaconda3/lib/python3.9/site-packages/airflow/example_dags/example_sla_dag.py
[2022-03-14 10:51:38,762] {logging_mixin.py:109} INFO - [2022-03-14 10:51:38,762] {dag.py:2398} INFO - Sync 1 DAGs
[2022-03-14 10:51:38,774] {logging_mixin.py:109} INFO - [2022-03-14 10:51:38,774] {dag.py:2937} INFO - Setting next_dagrun for example_sla_dag to 2022-03-14T15:48:00+00:00
[2022-03-14 10:51:38,786] {processor.py:171} INFO - Processing /opt/anaconda3/lib/python3.9/site-packages/airflow/example_dags/example_sla_dag.py took 0.111 seconds
[2022-03-14 10:53:44,361] {processor.py:163} INFO - Started process (PID=78979) to work on /opt/anaconda3/lib/python3.9/site-packages/airflow/example_dags/example_sla_dag.py
[2022-03-14 10:53:44,367] {processor.py:642} INFO - Processing file /opt/anaconda3/lib/python3.9/site-packages/airflow/example_dags/example_sla_dag.py for tasks to queue
[2022-03-14 10:53:44,368] {logging_mixin.py:109} INFO - [2022-03-14 10:53:44,368] {dagbag.py:500} INFO - Filling up the DagBag from /opt/anaconda3/lib/python3.9/site-packages/airflow/example_dags/example_sla_dag.py
[2022-03-14 10:53:44,432] {processor.py:654} INFO - DAG(s) dict_keys(['example_sla_dag']) retrieved from /opt/anaconda3/lib/python3.9/site-packages/airflow/example_dags/example_sla_dag.py
[2022-03-14 10:53:44,452] {logging_mixin.py:109} INFO - [2022-03-14 10:53:44,452] {dag.py:2398} INFO - Sync 1 DAGs
[2022-03-14 10:53:44,466] {logging_mixin.py:109} INFO - [2022-03-14 10:53:44,466] {dag.py:2937} INFO - Setting next_dagrun for example_sla_dag to 2022-03-14T15:50:00+00:00
[2022-03-14 10:53:44,481] {processor.py:171} INFO - Processing /opt/anaconda3/lib/python3.9/site-packages/airflow/example_dags/example_sla_dag.py took 0.121 seconds
[2022-03-14 10:56:26,212] {processor.py:163} INFO - Started process (PID=79092) to work on /opt/anaconda3/lib/python3.9/site-packages/airflow/example_dags/example_sla_dag.py
[2022-03-14 10:56:26,216] {processor.py:642} INFO - Processing file /opt/anaconda3/lib/python3.9/site-packages/airflow/example_dags/example_sla_dag.py for tasks to queue
[2022-03-14 10:56:26,217] {logging_mixin.py:109} INFO - [2022-03-14 10:56:26,217] {dagbag.py:500} INFO - Filling up the DagBag from /opt/anaconda3/lib/python3.9/site-packages/airflow/example_dags/example_sla_dag.py
[2022-03-14 10:56:26,280] {processor.py:654} INFO - DAG(s) dict_keys(['example_sla_dag']) retrieved from /opt/anaconda3/lib/python3.9/site-packages/airflow/example_dags/example_sla_dag.py
[2022-03-14 10:56:26,299] {logging_mixin.py:109} INFO - [2022-03-14 10:56:26,299] {dag.py:2398} INFO - Sync 1 DAGs
[2022-03-14 10:56:26,319] {logging_mixin.py:109} INFO - [2022-03-14 10:56:26,319] {dag.py:2937} INFO - Setting next_dagrun for example_sla_dag to 2022-03-14T15:54:00+00:00
[2022-03-14 10:56:26,331] {processor.py:171} INFO - Processing /opt/anaconda3/lib/python3.9/site-packages/airflow/example_dags/example_sla_dag.py took 0.120 seconds
[2022-03-14 10:59:08,533] {processor.py:163} INFO - Started process (PID=79248) to work on /opt/anaconda3/lib/python3.9/site-packages/airflow/example_dags/example_sla_dag.py
[2022-03-14 10:59:08,539] {processor.py:642} INFO - Processing file /opt/anaconda3/lib/python3.9/site-packages/airflow/example_dags/example_sla_dag.py for tasks to queue
[2022-03-14 10:59:08,539] {logging_mixin.py:109} INFO - [2022-03-14 10:59:08,539] {dagbag.py:500} INFO - Filling up the DagBag from /opt/anaconda3/lib/python3.9/site-packages/airflow/example_dags/example_sla_dag.py
[2022-03-14 10:59:08,599] {processor.py:654} INFO - DAG(s) dict_keys(['example_sla_dag']) retrieved from /opt/anaconda3/lib/python3.9/site-packages/airflow/example_dags/example_sla_dag.py
[2022-03-14 10:59:08,619] {logging_mixin.py:109} INFO - [2022-03-14 10:59:08,619] {dag.py:2398} INFO - Sync 1 DAGs
[2022-03-14 10:59:08,632] {logging_mixin.py:109} INFO - [2022-03-14 10:59:08,632] {dag.py:2937} INFO - Setting next_dagrun for example_sla_dag to 2022-03-14T15:56:00+00:00
[2022-03-14 10:59:08,643] {processor.py:171} INFO - Processing /opt/anaconda3/lib/python3.9/site-packages/airflow/example_dags/example_sla_dag.py took 0.111 seconds
[2022-03-14 11:02:01,980] {processor.py:163} INFO - Started process (PID=79352) to work on /opt/anaconda3/lib/python3.9/site-packages/airflow/example_dags/example_sla_dag.py
[2022-03-14 11:02:01,980] {processor.py:642} INFO - Processing file /opt/anaconda3/lib/python3.9/site-packages/airflow/example_dags/example_sla_dag.py for tasks to queue
[2022-03-14 11:02:01,981] {logging_mixin.py:109} INFO - [2022-03-14 11:02:01,981] {dagbag.py:500} INFO - Filling up the DagBag from /opt/anaconda3/lib/python3.9/site-packages/airflow/example_dags/example_sla_dag.py
[2022-03-14 11:02:02,040] {processor.py:654} INFO - DAG(s) dict_keys(['example_sla_dag']) retrieved from /opt/anaconda3/lib/python3.9/site-packages/airflow/example_dags/example_sla_dag.py
[2022-03-14 11:02:02,058] {logging_mixin.py:109} INFO - [2022-03-14 11:02:02,058] {dag.py:2398} INFO - Sync 1 DAGs
[2022-03-14 11:02:02,071] {logging_mixin.py:109} INFO - [2022-03-14 11:02:02,071] {dag.py:2937} INFO - Setting next_dagrun for example_sla_dag to 2022-03-14T16:00:00+00:00
[2022-03-14 11:02:02,086] {processor.py:171} INFO - Processing /opt/anaconda3/lib/python3.9/site-packages/airflow/example_dags/example_sla_dag.py took 0.107 seconds
[2022-03-14 11:03:50,027] {processor.py:163} INFO - Started process (PID=79463) to work on /opt/anaconda3/lib/python3.9/site-packages/airflow/example_dags/example_sla_dag.py
[2022-03-14 11:03:50,028] {processor.py:642} INFO - Processing file /opt/anaconda3/lib/python3.9/site-packages/airflow/example_dags/example_sla_dag.py for tasks to queue
[2022-03-14 11:03:50,028] {logging_mixin.py:109} INFO - [2022-03-14 11:03:50,028] {dagbag.py:500} INFO - Filling up the DagBag from /opt/anaconda3/lib/python3.9/site-packages/airflow/example_dags/example_sla_dag.py
[2022-03-14 11:03:50,085] {processor.py:654} INFO - DAG(s) dict_keys(['example_sla_dag']) retrieved from /opt/anaconda3/lib/python3.9/site-packages/airflow/example_dags/example_sla_dag.py
[2022-03-14 11:03:50,103] {logging_mixin.py:109} INFO - [2022-03-14 11:03:50,103] {dag.py:2398} INFO - Sync 1 DAGs
[2022-03-14 11:03:50,115] {logging_mixin.py:109} INFO - [2022-03-14 11:03:50,115] {dag.py:2937} INFO - Setting next_dagrun for example_sla_dag to 2022-03-14T16:00:00+00:00
[2022-03-14 11:03:50,124] {processor.py:171} INFO - Processing /opt/anaconda3/lib/python3.9/site-packages/airflow/example_dags/example_sla_dag.py took 0.097 seconds
[2022-03-14 11:05:47,951] {processor.py:163} INFO - Started process (PID=79570) to work on /opt/anaconda3/lib/python3.9/site-packages/airflow/example_dags/example_sla_dag.py
[2022-03-14 11:05:47,951] {processor.py:642} INFO - Processing file /opt/anaconda3/lib/python3.9/site-packages/airflow/example_dags/example_sla_dag.py for tasks to queue
[2022-03-14 11:05:47,952] {logging_mixin.py:109} INFO - [2022-03-14 11:05:47,952] {dagbag.py:500} INFO - Filling up the DagBag from /opt/anaconda3/lib/python3.9/site-packages/airflow/example_dags/example_sla_dag.py
[2022-03-14 11:05:48,013] {processor.py:654} INFO - DAG(s) dict_keys(['example_sla_dag']) retrieved from /opt/anaconda3/lib/python3.9/site-packages/airflow/example_dags/example_sla_dag.py
[2022-03-14 11:05:48,033] {logging_mixin.py:109} INFO - [2022-03-14 11:05:48,033] {dag.py:2398} INFO - Sync 1 DAGs
[2022-03-14 11:05:48,054] {logging_mixin.py:109} INFO - [2022-03-14 11:05:48,054] {dag.py:2937} INFO - Setting next_dagrun for example_sla_dag to 2022-03-14T16:02:00+00:00
[2022-03-14 11:05:48,071] {processor.py:171} INFO - Processing /opt/anaconda3/lib/python3.9/site-packages/airflow/example_dags/example_sla_dag.py took 0.121 seconds
[2022-03-14 11:08:31,893] {processor.py:163} INFO - Started process (PID=79765) to work on /opt/anaconda3/lib/python3.9/site-packages/airflow/example_dags/example_sla_dag.py
[2022-03-14 11:08:31,893] {processor.py:642} INFO - Processing file /opt/anaconda3/lib/python3.9/site-packages/airflow/example_dags/example_sla_dag.py for tasks to queue
[2022-03-14 11:08:31,894] {logging_mixin.py:109} INFO - [2022-03-14 11:08:31,894] {dagbag.py:500} INFO - Filling up the DagBag from /opt/anaconda3/lib/python3.9/site-packages/airflow/example_dags/example_sla_dag.py
[2022-03-14 11:08:31,953] {processor.py:654} INFO - DAG(s) dict_keys(['example_sla_dag']) retrieved from /opt/anaconda3/lib/python3.9/site-packages/airflow/example_dags/example_sla_dag.py
[2022-03-14 11:08:31,971] {logging_mixin.py:109} INFO - [2022-03-14 11:08:31,971] {dag.py:2398} INFO - Sync 1 DAGs
[2022-03-14 11:08:31,984] {logging_mixin.py:109} INFO - [2022-03-14 11:08:31,984] {dag.py:2937} INFO - Setting next_dagrun for example_sla_dag to 2022-03-14T16:06:00+00:00
[2022-03-14 11:08:31,999] {processor.py:171} INFO - Processing /opt/anaconda3/lib/python3.9/site-packages/airflow/example_dags/example_sla_dag.py took 0.107 seconds
[2022-03-14 11:10:24,055] {processor.py:163} INFO - Started process (PID=79856) to work on /opt/anaconda3/lib/python3.9/site-packages/airflow/example_dags/example_sla_dag.py
[2022-03-14 11:10:24,055] {processor.py:642} INFO - Processing file /opt/anaconda3/lib/python3.9/site-packages/airflow/example_dags/example_sla_dag.py for tasks to queue
[2022-03-14 11:10:24,056] {logging_mixin.py:109} INFO - [2022-03-14 11:10:24,056] {dagbag.py:500} INFO - Filling up the DagBag from /opt/anaconda3/lib/python3.9/site-packages/airflow/example_dags/example_sla_dag.py
[2022-03-14 11:10:24,122] {processor.py:654} INFO - DAG(s) dict_keys(['example_sla_dag']) retrieved from /opt/anaconda3/lib/python3.9/site-packages/airflow/example_dags/example_sla_dag.py
[2022-03-14 11:10:24,144] {logging_mixin.py:109} INFO - [2022-03-14 11:10:24,144] {dag.py:2398} INFO - Sync 1 DAGs
[2022-03-14 11:10:24,159] {logging_mixin.py:109} INFO - [2022-03-14 11:10:24,158] {dag.py:2937} INFO - Setting next_dagrun for example_sla_dag to 2022-03-14T16:08:00+00:00
[2022-03-14 11:10:24,172] {processor.py:171} INFO - Processing /opt/anaconda3/lib/python3.9/site-packages/airflow/example_dags/example_sla_dag.py took 0.118 seconds
[2022-03-14 11:11:30,659] {processor.py:163} INFO - Started process (PID=79906) to work on /opt/anaconda3/lib/python3.9/site-packages/airflow/example_dags/example_sla_dag.py
[2022-03-14 11:11:30,662] {processor.py:642} INFO - Processing file /opt/anaconda3/lib/python3.9/site-packages/airflow/example_dags/example_sla_dag.py for tasks to queue
[2022-03-14 11:11:30,663] {logging_mixin.py:109} INFO - [2022-03-14 11:11:30,663] {dagbag.py:500} INFO - Filling up the DagBag from /opt/anaconda3/lib/python3.9/site-packages/airflow/example_dags/example_sla_dag.py
[2022-03-14 11:11:30,725] {processor.py:654} INFO - DAG(s) dict_keys(['example_sla_dag']) retrieved from /opt/anaconda3/lib/python3.9/site-packages/airflow/example_dags/example_sla_dag.py
[2022-03-14 11:11:30,744] {logging_mixin.py:109} INFO - [2022-03-14 11:11:30,744] {dag.py:2398} INFO - Sync 1 DAGs
[2022-03-14 11:11:30,756] {logging_mixin.py:109} INFO - [2022-03-14 11:11:30,756] {dag.py:2937} INFO - Setting next_dagrun for example_sla_dag to 2022-03-14T16:08:00+00:00
[2022-03-14 11:11:30,767] {processor.py:171} INFO - Processing /opt/anaconda3/lib/python3.9/site-packages/airflow/example_dags/example_sla_dag.py took 0.109 seconds
[2022-03-14 11:13:04,560] {processor.py:163} INFO - Started process (PID=79950) to work on /opt/anaconda3/lib/python3.9/site-packages/airflow/example_dags/example_sla_dag.py
[2022-03-14 11:13:04,560] {processor.py:642} INFO - Processing file /opt/anaconda3/lib/python3.9/site-packages/airflow/example_dags/example_sla_dag.py for tasks to queue
[2022-03-14 11:13:04,561] {logging_mixin.py:109} INFO - [2022-03-14 11:13:04,561] {dagbag.py:500} INFO - Filling up the DagBag from /opt/anaconda3/lib/python3.9/site-packages/airflow/example_dags/example_sla_dag.py
[2022-03-14 11:13:04,623] {processor.py:654} INFO - DAG(s) dict_keys(['example_sla_dag']) retrieved from /opt/anaconda3/lib/python3.9/site-packages/airflow/example_dags/example_sla_dag.py
[2022-03-14 11:13:04,642] {logging_mixin.py:109} INFO - [2022-03-14 11:13:04,642] {dag.py:2398} INFO - Sync 1 DAGs
[2022-03-14 11:13:04,655] {logging_mixin.py:109} INFO - [2022-03-14 11:13:04,654] {dag.py:2937} INFO - Setting next_dagrun for example_sla_dag to 2022-03-14T16:10:00+00:00
[2022-03-14 11:13:04,671] {processor.py:171} INFO - Processing /opt/anaconda3/lib/python3.9/site-packages/airflow/example_dags/example_sla_dag.py took 0.112 seconds
[2022-03-14 11:15:26,432] {processor.py:163} INFO - Started process (PID=80046) to work on /opt/anaconda3/lib/python3.9/site-packages/airflow/example_dags/example_sla_dag.py
[2022-03-14 11:15:26,432] {processor.py:642} INFO - Processing file /opt/anaconda3/lib/python3.9/site-packages/airflow/example_dags/example_sla_dag.py for tasks to queue
[2022-03-14 11:15:26,432] {logging_mixin.py:109} INFO - [2022-03-14 11:15:26,432] {dagbag.py:500} INFO - Filling up the DagBag from /opt/anaconda3/lib/python3.9/site-packages/airflow/example_dags/example_sla_dag.py
[2022-03-14 11:15:26,494] {processor.py:654} INFO - DAG(s) dict_keys(['example_sla_dag']) retrieved from /opt/anaconda3/lib/python3.9/site-packages/airflow/example_dags/example_sla_dag.py
[2022-03-14 11:15:26,512] {logging_mixin.py:109} INFO - [2022-03-14 11:15:26,512] {dag.py:2398} INFO - Sync 1 DAGs
[2022-03-14 11:15:26,524] {logging_mixin.py:109} INFO - [2022-03-14 11:15:26,524] {dag.py:2937} INFO - Setting next_dagrun for example_sla_dag to 2022-03-14T16:12:00+00:00
[2022-03-14 11:15:26,540] {processor.py:171} INFO - Processing /opt/anaconda3/lib/python3.9/site-packages/airflow/example_dags/example_sla_dag.py took 0.109 seconds
[2022-03-14 11:17:31,230] {processor.py:163} INFO - Started process (PID=80145) to work on /opt/anaconda3/lib/python3.9/site-packages/airflow/example_dags/example_sla_dag.py
[2022-03-14 11:17:31,236] {processor.py:642} INFO - Processing file /opt/anaconda3/lib/python3.9/site-packages/airflow/example_dags/example_sla_dag.py for tasks to queue
[2022-03-14 11:17:31,237] {logging_mixin.py:109} INFO - [2022-03-14 11:17:31,237] {dagbag.py:500} INFO - Filling up the DagBag from /opt/anaconda3/lib/python3.9/site-packages/airflow/example_dags/example_sla_dag.py
[2022-03-14 11:17:31,300] {processor.py:654} INFO - DAG(s) dict_keys(['example_sla_dag']) retrieved from /opt/anaconda3/lib/python3.9/site-packages/airflow/example_dags/example_sla_dag.py
[2022-03-14 11:17:31,319] {logging_mixin.py:109} INFO - [2022-03-14 11:17:31,319] {dag.py:2398} INFO - Sync 1 DAGs
[2022-03-14 11:17:31,332] {logging_mixin.py:109} INFO - [2022-03-14 11:17:31,332] {dag.py:2937} INFO - Setting next_dagrun for example_sla_dag to 2022-03-14T16:14:00+00:00
[2022-03-14 11:17:31,345] {processor.py:171} INFO - Processing /opt/anaconda3/lib/python3.9/site-packages/airflow/example_dags/example_sla_dag.py took 0.116 seconds
[2022-03-14 11:20:18,244] {processor.py:163} INFO - Started process (PID=80331) to work on /opt/anaconda3/lib/python3.9/site-packages/airflow/example_dags/example_sla_dag.py
[2022-03-14 11:20:18,250] {processor.py:642} INFO - Processing file /opt/anaconda3/lib/python3.9/site-packages/airflow/example_dags/example_sla_dag.py for tasks to queue
[2022-03-14 11:20:18,251] {logging_mixin.py:109} INFO - [2022-03-14 11:20:18,251] {dagbag.py:500} INFO - Filling up the DagBag from /opt/anaconda3/lib/python3.9/site-packages/airflow/example_dags/example_sla_dag.py
[2022-03-14 11:20:18,314] {processor.py:654} INFO - DAG(s) dict_keys(['example_sla_dag']) retrieved from /opt/anaconda3/lib/python3.9/site-packages/airflow/example_dags/example_sla_dag.py
[2022-03-14 11:20:18,333] {logging_mixin.py:109} INFO - [2022-03-14 11:20:18,333] {dag.py:2398} INFO - Sync 1 DAGs
[2022-03-14 11:20:18,346] {logging_mixin.py:109} INFO - [2022-03-14 11:20:18,346] {dag.py:2937} INFO - Setting next_dagrun for example_sla_dag to 2022-03-14T16:18:00+00:00
[2022-03-14 11:20:18,364] {processor.py:171} INFO - Processing /opt/anaconda3/lib/python3.9/site-packages/airflow/example_dags/example_sla_dag.py took 0.121 seconds
[2022-03-14 11:22:56,950] {processor.py:163} INFO - Started process (PID=80428) to work on /opt/anaconda3/lib/python3.9/site-packages/airflow/example_dags/example_sla_dag.py
[2022-03-14 11:22:56,950] {processor.py:642} INFO - Processing file /opt/anaconda3/lib/python3.9/site-packages/airflow/example_dags/example_sla_dag.py for tasks to queue
[2022-03-14 11:22:56,951] {logging_mixin.py:109} INFO - [2022-03-14 11:22:56,951] {dagbag.py:500} INFO - Filling up the DagBag from /opt/anaconda3/lib/python3.9/site-packages/airflow/example_dags/example_sla_dag.py
[2022-03-14 11:22:57,014] {processor.py:654} INFO - DAG(s) dict_keys(['example_sla_dag']) retrieved from /opt/anaconda3/lib/python3.9/site-packages/airflow/example_dags/example_sla_dag.py
[2022-03-14 11:22:57,034] {logging_mixin.py:109} INFO - [2022-03-14 11:22:57,034] {dag.py:2398} INFO - Sync 1 DAGs
[2022-03-14 11:22:57,046] {logging_mixin.py:109} INFO - [2022-03-14 11:22:57,046] {dag.py:2937} INFO - Setting next_dagrun for example_sla_dag to 2022-03-14T16:20:00+00:00
[2022-03-14 11:22:57,062] {processor.py:171} INFO - Processing /opt/anaconda3/lib/python3.9/site-packages/airflow/example_dags/example_sla_dag.py took 0.113 seconds
[2022-03-14 11:25:36,312] {processor.py:163} INFO - Started process (PID=80535) to work on /opt/anaconda3/lib/python3.9/site-packages/airflow/example_dags/example_sla_dag.py
[2022-03-14 11:25:36,312] {processor.py:642} INFO - Processing file /opt/anaconda3/lib/python3.9/site-packages/airflow/example_dags/example_sla_dag.py for tasks to queue
[2022-03-14 11:25:36,313] {logging_mixin.py:109} INFO - [2022-03-14 11:25:36,313] {dagbag.py:500} INFO - Filling up the DagBag from /opt/anaconda3/lib/python3.9/site-packages/airflow/example_dags/example_sla_dag.py
[2022-03-14 11:25:36,372] {processor.py:654} INFO - DAG(s) dict_keys(['example_sla_dag']) retrieved from /opt/anaconda3/lib/python3.9/site-packages/airflow/example_dags/example_sla_dag.py
[2022-03-14 11:25:36,390] {logging_mixin.py:109} INFO - [2022-03-14 11:25:36,390] {dag.py:2398} INFO - Sync 1 DAGs
[2022-03-14 11:25:36,402] {logging_mixin.py:109} INFO - [2022-03-14 11:25:36,402] {dag.py:2937} INFO - Setting next_dagrun for example_sla_dag to 2022-03-14T16:22:00+00:00
[2022-03-14 11:25:36,418] {processor.py:171} INFO - Processing /opt/anaconda3/lib/python3.9/site-packages/airflow/example_dags/example_sla_dag.py took 0.107 seconds
[2022-03-14 11:28:13,095] {processor.py:163} INFO - Started process (PID=80646) to work on /opt/anaconda3/lib/python3.9/site-packages/airflow/example_dags/example_sla_dag.py
[2022-03-14 11:28:13,096] {processor.py:642} INFO - Processing file /opt/anaconda3/lib/python3.9/site-packages/airflow/example_dags/example_sla_dag.py for tasks to queue
[2022-03-14 11:28:13,097] {logging_mixin.py:109} INFO - [2022-03-14 11:28:13,097] {dagbag.py:500} INFO - Filling up the DagBag from /opt/anaconda3/lib/python3.9/site-packages/airflow/example_dags/example_sla_dag.py
[2022-03-14 11:28:13,160] {processor.py:654} INFO - DAG(s) dict_keys(['example_sla_dag']) retrieved from /opt/anaconda3/lib/python3.9/site-packages/airflow/example_dags/example_sla_dag.py
[2022-03-14 11:28:13,179] {logging_mixin.py:109} INFO - [2022-03-14 11:28:13,179] {dag.py:2398} INFO - Sync 1 DAGs
[2022-03-14 11:28:13,191] {logging_mixin.py:109} INFO - [2022-03-14 11:28:13,191] {dag.py:2937} INFO - Setting next_dagrun for example_sla_dag to 2022-03-14T16:26:00+00:00
[2022-03-14 11:28:13,206] {processor.py:171} INFO - Processing /opt/anaconda3/lib/python3.9/site-packages/airflow/example_dags/example_sla_dag.py took 0.111 seconds
[2022-03-14 11:30:49,406] {processor.py:163} INFO - Started process (PID=80840) to work on /opt/anaconda3/lib/python3.9/site-packages/airflow/example_dags/example_sla_dag.py
[2022-03-14 11:30:49,406] {processor.py:642} INFO - Processing file /opt/anaconda3/lib/python3.9/site-packages/airflow/example_dags/example_sla_dag.py for tasks to queue
[2022-03-14 11:30:49,407] {logging_mixin.py:109} INFO - [2022-03-14 11:30:49,407] {dagbag.py:500} INFO - Filling up the DagBag from /opt/anaconda3/lib/python3.9/site-packages/airflow/example_dags/example_sla_dag.py
[2022-03-14 11:30:49,468] {processor.py:654} INFO - DAG(s) dict_keys(['example_sla_dag']) retrieved from /opt/anaconda3/lib/python3.9/site-packages/airflow/example_dags/example_sla_dag.py
[2022-03-14 11:30:49,486] {logging_mixin.py:109} INFO - [2022-03-14 11:30:49,486] {dag.py:2398} INFO - Sync 1 DAGs
[2022-03-14 11:30:49,498] {logging_mixin.py:109} INFO - [2022-03-14 11:30:49,498] {dag.py:2937} INFO - Setting next_dagrun for example_sla_dag to 2022-03-14T16:28:00+00:00
[2022-03-14 11:30:49,514] {processor.py:171} INFO - Processing /opt/anaconda3/lib/python3.9/site-packages/airflow/example_dags/example_sla_dag.py took 0.108 seconds
[2022-03-14 11:33:26,051] {processor.py:163} INFO - Started process (PID=80915) to work on /opt/anaconda3/lib/python3.9/site-packages/airflow/example_dags/example_sla_dag.py
[2022-03-14 11:33:26,052] {processor.py:642} INFO - Processing file /opt/anaconda3/lib/python3.9/site-packages/airflow/example_dags/example_sla_dag.py for tasks to queue
[2022-03-14 11:33:26,052] {logging_mixin.py:109} INFO - [2022-03-14 11:33:26,052] {dagbag.py:500} INFO - Filling up the DagBag from /opt/anaconda3/lib/python3.9/site-packages/airflow/example_dags/example_sla_dag.py
[2022-03-14 11:33:26,113] {processor.py:654} INFO - DAG(s) dict_keys(['example_sla_dag']) retrieved from /opt/anaconda3/lib/python3.9/site-packages/airflow/example_dags/example_sla_dag.py
[2022-03-14 11:33:26,131] {logging_mixin.py:109} INFO - [2022-03-14 11:33:26,131] {dag.py:2398} INFO - Sync 1 DAGs
[2022-03-14 11:33:26,144] {logging_mixin.py:109} INFO - [2022-03-14 11:33:26,144] {dag.py:2937} INFO - Setting next_dagrun for example_sla_dag to 2022-03-14T16:30:00+00:00
[2022-03-14 11:33:26,160] {processor.py:171} INFO - Processing /opt/anaconda3/lib/python3.9/site-packages/airflow/example_dags/example_sla_dag.py took 0.109 seconds
[2022-03-14 11:35:52,479] {processor.py:163} INFO - Started process (PID=80985) to work on /opt/anaconda3/lib/python3.9/site-packages/airflow/example_dags/example_sla_dag.py
[2022-03-14 11:35:52,479] {processor.py:642} INFO - Processing file /opt/anaconda3/lib/python3.9/site-packages/airflow/example_dags/example_sla_dag.py for tasks to queue
[2022-03-14 11:35:52,480] {logging_mixin.py:109} INFO - [2022-03-14 11:35:52,480] {dagbag.py:500} INFO - Filling up the DagBag from /opt/anaconda3/lib/python3.9/site-packages/airflow/example_dags/example_sla_dag.py
[2022-03-14 11:35:52,542] {processor.py:654} INFO - DAG(s) dict_keys(['example_sla_dag']) retrieved from /opt/anaconda3/lib/python3.9/site-packages/airflow/example_dags/example_sla_dag.py
[2022-03-14 11:35:52,561] {logging_mixin.py:109} INFO - [2022-03-14 11:35:52,561] {dag.py:2398} INFO - Sync 1 DAGs
[2022-03-14 11:35:52,574] {logging_mixin.py:109} INFO - [2022-03-14 11:35:52,574] {dag.py:2937} INFO - Setting next_dagrun for example_sla_dag to 2022-03-14T16:32:00+00:00
[2022-03-14 11:35:52,587] {processor.py:171} INFO - Processing /opt/anaconda3/lib/python3.9/site-packages/airflow/example_dags/example_sla_dag.py took 0.109 seconds
[2022-03-14 11:38:26,229] {processor.py:163} INFO - Started process (PID=81162) to work on /opt/anaconda3/lib/python3.9/site-packages/airflow/example_dags/example_sla_dag.py
[2022-03-14 11:38:26,232] {processor.py:642} INFO - Processing file /opt/anaconda3/lib/python3.9/site-packages/airflow/example_dags/example_sla_dag.py for tasks to queue
[2022-03-14 11:38:26,232] {logging_mixin.py:109} INFO - [2022-03-14 11:38:26,232] {dagbag.py:500} INFO - Filling up the DagBag from /opt/anaconda3/lib/python3.9/site-packages/airflow/example_dags/example_sla_dag.py
[2022-03-14 11:38:26,305] {processor.py:654} INFO - DAG(s) dict_keys(['example_sla_dag']) retrieved from /opt/anaconda3/lib/python3.9/site-packages/airflow/example_dags/example_sla_dag.py
[2022-03-14 11:38:26,328] {logging_mixin.py:109} INFO - [2022-03-14 11:38:26,328] {dag.py:2398} INFO - Sync 1 DAGs
[2022-03-14 11:38:26,341] {logging_mixin.py:109} INFO - [2022-03-14 11:38:26,341] {dag.py:2937} INFO - Setting next_dagrun for example_sla_dag to 2022-03-14T16:36:00+00:00
[2022-03-14 11:38:26,352] {processor.py:171} INFO - Processing /opt/anaconda3/lib/python3.9/site-packages/airflow/example_dags/example_sla_dag.py took 0.123 seconds
[2022-03-14 11:40:58,601] {processor.py:163} INFO - Started process (PID=81356) to work on /opt/anaconda3/lib/python3.9/site-packages/airflow/example_dags/example_sla_dag.py
[2022-03-14 11:40:58,604] {processor.py:642} INFO - Processing file /opt/anaconda3/lib/python3.9/site-packages/airflow/example_dags/example_sla_dag.py for tasks to queue
[2022-03-14 11:40:58,605] {logging_mixin.py:109} INFO - [2022-03-14 11:40:58,605] {dagbag.py:500} INFO - Filling up the DagBag from /opt/anaconda3/lib/python3.9/site-packages/airflow/example_dags/example_sla_dag.py
[2022-03-14 11:40:58,668] {processor.py:654} INFO - DAG(s) dict_keys(['example_sla_dag']) retrieved from /opt/anaconda3/lib/python3.9/site-packages/airflow/example_dags/example_sla_dag.py
[2022-03-14 11:40:58,686] {logging_mixin.py:109} INFO - [2022-03-14 11:40:58,686] {dag.py:2398} INFO - Sync 1 DAGs
[2022-03-14 11:40:58,699] {logging_mixin.py:109} INFO - [2022-03-14 11:40:58,699] {dag.py:2937} INFO - Setting next_dagrun for example_sla_dag to 2022-03-14T16:38:00+00:00
[2022-03-14 11:40:58,711] {processor.py:171} INFO - Processing /opt/anaconda3/lib/python3.9/site-packages/airflow/example_dags/example_sla_dag.py took 0.110 seconds
[2022-03-14 11:43:19,833] {processor.py:163} INFO - Started process (PID=81433) to work on /opt/anaconda3/lib/python3.9/site-packages/airflow/example_dags/example_sla_dag.py
[2022-03-14 11:43:19,834] {processor.py:642} INFO - Processing file /opt/anaconda3/lib/python3.9/site-packages/airflow/example_dags/example_sla_dag.py for tasks to queue
[2022-03-14 11:43:19,834] {logging_mixin.py:109} INFO - [2022-03-14 11:43:19,834] {dagbag.py:500} INFO - Filling up the DagBag from /opt/anaconda3/lib/python3.9/site-packages/airflow/example_dags/example_sla_dag.py
[2022-03-14 11:43:19,898] {processor.py:654} INFO - DAG(s) dict_keys(['example_sla_dag']) retrieved from /opt/anaconda3/lib/python3.9/site-packages/airflow/example_dags/example_sla_dag.py
[2022-03-14 11:43:19,916] {logging_mixin.py:109} INFO - [2022-03-14 11:43:19,916] {dag.py:2398} INFO - Sync 1 DAGs
[2022-03-14 11:43:19,928] {logging_mixin.py:109} INFO - [2022-03-14 11:43:19,928] {dag.py:2937} INFO - Setting next_dagrun for example_sla_dag to 2022-03-14T16:40:00+00:00
[2022-03-14 11:43:19,942] {processor.py:171} INFO - Processing /opt/anaconda3/lib/python3.9/site-packages/airflow/example_dags/example_sla_dag.py took 0.109 seconds
[2022-03-14 11:45:54,381] {processor.py:163} INFO - Started process (PID=81559) to work on /opt/anaconda3/lib/python3.9/site-packages/airflow/example_dags/example_sla_dag.py
[2022-03-14 11:45:54,382] {processor.py:642} INFO - Processing file /opt/anaconda3/lib/python3.9/site-packages/airflow/example_dags/example_sla_dag.py for tasks to queue
[2022-03-14 11:45:54,382] {logging_mixin.py:109} INFO - [2022-03-14 11:45:54,382] {dagbag.py:500} INFO - Filling up the DagBag from /opt/anaconda3/lib/python3.9/site-packages/airflow/example_dags/example_sla_dag.py
[2022-03-14 11:45:54,473] {processor.py:654} INFO - DAG(s) dict_keys(['example_sla_dag']) retrieved from /opt/anaconda3/lib/python3.9/site-packages/airflow/example_dags/example_sla_dag.py
[2022-03-14 11:45:54,491] {logging_mixin.py:109} INFO - [2022-03-14 11:45:54,491] {dag.py:2398} INFO - Sync 1 DAGs
[2022-03-14 11:45:54,503] {logging_mixin.py:109} INFO - [2022-03-14 11:45:54,503] {dag.py:2937} INFO - Setting next_dagrun for example_sla_dag to 2022-03-14T16:42:00+00:00
[2022-03-14 11:45:54,514] {processor.py:171} INFO - Processing /opt/anaconda3/lib/python3.9/site-packages/airflow/example_dags/example_sla_dag.py took 0.134 seconds
[2022-03-14 11:48:27,761] {processor.py:163} INFO - Started process (PID=81704) to work on /opt/anaconda3/lib/python3.9/site-packages/airflow/example_dags/example_sla_dag.py
[2022-03-14 11:48:27,761] {processor.py:642} INFO - Processing file /opt/anaconda3/lib/python3.9/site-packages/airflow/example_dags/example_sla_dag.py for tasks to queue
[2022-03-14 11:48:27,762] {logging_mixin.py:109} INFO - [2022-03-14 11:48:27,762] {dagbag.py:500} INFO - Filling up the DagBag from /opt/anaconda3/lib/python3.9/site-packages/airflow/example_dags/example_sla_dag.py
[2022-03-14 11:48:27,816] {processor.py:654} INFO - DAG(s) dict_keys(['example_sla_dag']) retrieved from /opt/anaconda3/lib/python3.9/site-packages/airflow/example_dags/example_sla_dag.py
[2022-03-14 11:48:27,832] {logging_mixin.py:109} INFO - [2022-03-14 11:48:27,832] {dag.py:2398} INFO - Sync 1 DAGs
[2022-03-14 11:48:27,842] {logging_mixin.py:109} INFO - [2022-03-14 11:48:27,842] {dag.py:2937} INFO - Setting next_dagrun for example_sla_dag to 2022-03-14T16:46:00+00:00
[2022-03-14 11:48:27,853] {processor.py:171} INFO - Processing /opt/anaconda3/lib/python3.9/site-packages/airflow/example_dags/example_sla_dag.py took 0.093 seconds
[2022-03-14 11:50:59,820] {processor.py:163} INFO - Started process (PID=81809) to work on /opt/anaconda3/lib/python3.9/site-packages/airflow/example_dags/example_sla_dag.py
[2022-03-14 11:50:59,820] {processor.py:642} INFO - Processing file /opt/anaconda3/lib/python3.9/site-packages/airflow/example_dags/example_sla_dag.py for tasks to queue
[2022-03-14 11:50:59,821] {logging_mixin.py:109} INFO - [2022-03-14 11:50:59,821] {dagbag.py:500} INFO - Filling up the DagBag from /opt/anaconda3/lib/python3.9/site-packages/airflow/example_dags/example_sla_dag.py
[2022-03-14 11:50:59,883] {processor.py:654} INFO - DAG(s) dict_keys(['example_sla_dag']) retrieved from /opt/anaconda3/lib/python3.9/site-packages/airflow/example_dags/example_sla_dag.py
[2022-03-14 11:50:59,900] {logging_mixin.py:109} INFO - [2022-03-14 11:50:59,900] {dag.py:2398} INFO - Sync 1 DAGs
[2022-03-14 11:50:59,913] {logging_mixin.py:109} INFO - [2022-03-14 11:50:59,912] {dag.py:2937} INFO - Setting next_dagrun for example_sla_dag to 2022-03-14T16:48:00+00:00
[2022-03-14 11:50:59,929] {processor.py:171} INFO - Processing /opt/anaconda3/lib/python3.9/site-packages/airflow/example_dags/example_sla_dag.py took 0.109 seconds
[2022-03-14 11:53:35,283] {processor.py:163} INFO - Started process (PID=81917) to work on /opt/anaconda3/lib/python3.9/site-packages/airflow/example_dags/example_sla_dag.py
[2022-03-14 11:53:35,283] {processor.py:642} INFO - Processing file /opt/anaconda3/lib/python3.9/site-packages/airflow/example_dags/example_sla_dag.py for tasks to queue
[2022-03-14 11:53:35,283] {logging_mixin.py:109} INFO - [2022-03-14 11:53:35,283] {dagbag.py:500} INFO - Filling up the DagBag from /opt/anaconda3/lib/python3.9/site-packages/airflow/example_dags/example_sla_dag.py
[2022-03-14 11:53:35,344] {processor.py:654} INFO - DAG(s) dict_keys(['example_sla_dag']) retrieved from /opt/anaconda3/lib/python3.9/site-packages/airflow/example_dags/example_sla_dag.py
[2022-03-14 11:53:35,363] {logging_mixin.py:109} INFO - [2022-03-14 11:53:35,362] {dag.py:2398} INFO - Sync 1 DAGs
[2022-03-14 11:53:35,377] {logging_mixin.py:109} INFO - [2022-03-14 11:53:35,377] {dag.py:2937} INFO - Setting next_dagrun for example_sla_dag to 2022-03-14T16:50:00+00:00
[2022-03-14 11:53:35,393] {processor.py:171} INFO - Processing /opt/anaconda3/lib/python3.9/site-packages/airflow/example_dags/example_sla_dag.py took 0.111 seconds
[2022-03-14 11:56:08,689] {processor.py:163} INFO - Started process (PID=82012) to work on /opt/anaconda3/lib/python3.9/site-packages/airflow/example_dags/example_sla_dag.py
[2022-03-14 11:56:08,690] {processor.py:642} INFO - Processing file /opt/anaconda3/lib/python3.9/site-packages/airflow/example_dags/example_sla_dag.py for tasks to queue
[2022-03-14 11:56:08,690] {logging_mixin.py:109} INFO - [2022-03-14 11:56:08,690] {dagbag.py:500} INFO - Filling up the DagBag from /opt/anaconda3/lib/python3.9/site-packages/airflow/example_dags/example_sla_dag.py
[2022-03-14 11:56:08,750] {processor.py:654} INFO - DAG(s) dict_keys(['example_sla_dag']) retrieved from /opt/anaconda3/lib/python3.9/site-packages/airflow/example_dags/example_sla_dag.py
[2022-03-14 11:56:08,770] {logging_mixin.py:109} INFO - [2022-03-14 11:56:08,770] {dag.py:2398} INFO - Sync 1 DAGs
[2022-03-14 11:56:08,782] {logging_mixin.py:109} INFO - [2022-03-14 11:56:08,782] {dag.py:2937} INFO - Setting next_dagrun for example_sla_dag to 2022-03-14T16:54:00+00:00
[2022-03-14 11:56:08,798] {processor.py:171} INFO - Processing /opt/anaconda3/lib/python3.9/site-packages/airflow/example_dags/example_sla_dag.py took 0.109 seconds
[2022-03-14 11:58:41,816] {processor.py:163} INFO - Started process (PID=82182) to work on /opt/anaconda3/lib/python3.9/site-packages/airflow/example_dags/example_sla_dag.py
[2022-03-14 11:58:41,819] {processor.py:642} INFO - Processing file /opt/anaconda3/lib/python3.9/site-packages/airflow/example_dags/example_sla_dag.py for tasks to queue
[2022-03-14 11:58:41,820] {logging_mixin.py:109} INFO - [2022-03-14 11:58:41,820] {dagbag.py:500} INFO - Filling up the DagBag from /opt/anaconda3/lib/python3.9/site-packages/airflow/example_dags/example_sla_dag.py
[2022-03-14 11:58:41,881] {processor.py:654} INFO - DAG(s) dict_keys(['example_sla_dag']) retrieved from /opt/anaconda3/lib/python3.9/site-packages/airflow/example_dags/example_sla_dag.py
[2022-03-14 11:58:41,900] {logging_mixin.py:109} INFO - [2022-03-14 11:58:41,900] {dag.py:2398} INFO - Sync 1 DAGs
[2022-03-14 11:58:41,913] {logging_mixin.py:109} INFO - [2022-03-14 11:58:41,913] {dag.py:2937} INFO - Setting next_dagrun for example_sla_dag to 2022-03-14T16:56:00+00:00
[2022-03-14 11:58:41,925] {processor.py:171} INFO - Processing /opt/anaconda3/lib/python3.9/site-packages/airflow/example_dags/example_sla_dag.py took 0.109 seconds
[2022-03-14 12:01:17,476] {processor.py:163} INFO - Started process (PID=82264) to work on /opt/anaconda3/lib/python3.9/site-packages/airflow/example_dags/example_sla_dag.py
[2022-03-14 12:01:17,482] {processor.py:642} INFO - Processing file /opt/anaconda3/lib/python3.9/site-packages/airflow/example_dags/example_sla_dag.py for tasks to queue
[2022-03-14 12:01:17,483] {logging_mixin.py:109} INFO - [2022-03-14 12:01:17,483] {dagbag.py:500} INFO - Filling up the DagBag from /opt/anaconda3/lib/python3.9/site-packages/airflow/example_dags/example_sla_dag.py
[2022-03-14 12:01:17,546] {processor.py:654} INFO - DAG(s) dict_keys(['example_sla_dag']) retrieved from /opt/anaconda3/lib/python3.9/site-packages/airflow/example_dags/example_sla_dag.py
[2022-03-14 12:01:17,564] {logging_mixin.py:109} INFO - [2022-03-14 12:01:17,564] {dag.py:2398} INFO - Sync 1 DAGs
[2022-03-14 12:01:17,576] {logging_mixin.py:109} INFO - [2022-03-14 12:01:17,575] {dag.py:2937} INFO - Setting next_dagrun for example_sla_dag to 2022-03-14T16:58:00+00:00
[2022-03-14 12:01:17,589] {processor.py:171} INFO - Processing /opt/anaconda3/lib/python3.9/site-packages/airflow/example_dags/example_sla_dag.py took 0.113 seconds
[2022-03-14 12:03:48,028] {processor.py:163} INFO - Started process (PID=82369) to work on /opt/anaconda3/lib/python3.9/site-packages/airflow/example_dags/example_sla_dag.py
[2022-03-14 12:03:48,029] {processor.py:642} INFO - Processing file /opt/anaconda3/lib/python3.9/site-packages/airflow/example_dags/example_sla_dag.py for tasks to queue
[2022-03-14 12:03:48,029] {logging_mixin.py:109} INFO - [2022-03-14 12:03:48,029] {dagbag.py:500} INFO - Filling up the DagBag from /opt/anaconda3/lib/python3.9/site-packages/airflow/example_dags/example_sla_dag.py
[2022-03-14 12:03:48,088] {processor.py:654} INFO - DAG(s) dict_keys(['example_sla_dag']) retrieved from /opt/anaconda3/lib/python3.9/site-packages/airflow/example_dags/example_sla_dag.py
[2022-03-14 12:03:48,105] {logging_mixin.py:109} INFO - [2022-03-14 12:03:48,105] {dag.py:2398} INFO - Sync 1 DAGs
[2022-03-14 12:03:48,117] {logging_mixin.py:109} INFO - [2022-03-14 12:03:48,117] {dag.py:2937} INFO - Setting next_dagrun for example_sla_dag to 2022-03-14T17:00:00+00:00
[2022-03-14 12:03:48,133] {processor.py:171} INFO - Processing /opt/anaconda3/lib/python3.9/site-packages/airflow/example_dags/example_sla_dag.py took 0.105 seconds
[2022-03-14 12:06:59,826] {processor.py:163} INFO - Started process (PID=82503) to work on /opt/anaconda3/lib/python3.9/site-packages/airflow/example_dags/example_sla_dag.py
[2022-03-14 12:06:59,827] {processor.py:642} INFO - Processing file /opt/anaconda3/lib/python3.9/site-packages/airflow/example_dags/example_sla_dag.py for tasks to queue
[2022-03-14 12:06:59,828] {logging_mixin.py:109} INFO - [2022-03-14 12:06:59,828] {dagbag.py:500} INFO - Filling up the DagBag from /opt/anaconda3/lib/python3.9/site-packages/airflow/example_dags/example_sla_dag.py
[2022-03-14 12:06:59,882] {processor.py:654} INFO - DAG(s) dict_keys(['example_sla_dag']) retrieved from /opt/anaconda3/lib/python3.9/site-packages/airflow/example_dags/example_sla_dag.py
[2022-03-14 12:06:59,899] {logging_mixin.py:109} INFO - [2022-03-14 12:06:59,899] {dag.py:2398} INFO - Sync 1 DAGs
[2022-03-14 12:06:59,910] {logging_mixin.py:109} INFO - [2022-03-14 12:06:59,910] {dag.py:2937} INFO - Setting next_dagrun for example_sla_dag to 2022-03-14T17:04:00+00:00
[2022-03-14 12:06:59,920] {processor.py:171} INFO - Processing /opt/anaconda3/lib/python3.9/site-packages/airflow/example_dags/example_sla_dag.py took 0.094 seconds
