[2022-03-14 09:08:19,596] {processor.py:163} INFO - Started process (PID=73944) to work on /opt/anaconda3/lib/python3.9/site-packages/airflow/example_dags/example_kubernetes_executor.py
[2022-03-14 09:08:19,596] {processor.py:642} INFO - Processing file /opt/anaconda3/lib/python3.9/site-packages/airflow/example_dags/example_kubernetes_executor.py for tasks to queue
[2022-03-14 09:08:19,597] {logging_mixin.py:109} INFO - [2022-03-14 09:08:19,597] {dagbag.py:500} INFO - Filling up the DagBag from /opt/anaconda3/lib/python3.9/site-packages/airflow/example_dags/example_kubernetes_executor.py
[2022-03-14 09:08:19,632] {logging_mixin.py:109} INFO - [2022-03-14 09:08:19,632] {example_kubernetes_executor.py:39} WARNING - The example_kubernetes_executor example DAG requires the kubernetes provider. Please install it with: pip install apache-airflow[cncf.kubernetes]
[2022-03-14 09:08:19,667] {processor.py:656} WARNING - No viable dags retrieved from /opt/anaconda3/lib/python3.9/site-packages/airflow/example_dags/example_kubernetes_executor.py
[2022-03-14 09:08:19,670] {processor.py:171} INFO - Processing /opt/anaconda3/lib/python3.9/site-packages/airflow/example_dags/example_kubernetes_executor.py took 0.075 seconds
[2022-03-14 09:37:36,176] {processor.py:163} INFO - Started process (PID=74816) to work on /opt/anaconda3/lib/python3.9/site-packages/airflow/example_dags/example_kubernetes_executor.py
[2022-03-14 09:37:36,178] {processor.py:642} INFO - Processing file /opt/anaconda3/lib/python3.9/site-packages/airflow/example_dags/example_kubernetes_executor.py for tasks to queue
[2022-03-14 09:37:36,179] {logging_mixin.py:109} INFO - [2022-03-14 09:37:36,179] {dagbag.py:500} INFO - Filling up the DagBag from /opt/anaconda3/lib/python3.9/site-packages/airflow/example_dags/example_kubernetes_executor.py
[2022-03-14 09:37:36,206] {logging_mixin.py:109} INFO - [2022-03-14 09:37:36,206] {example_kubernetes_executor.py:39} WARNING - The example_kubernetes_executor example DAG requires the kubernetes provider. Please install it with: pip install apache-airflow[cncf.kubernetes]
[2022-03-14 09:37:36,233] {processor.py:656} WARNING - No viable dags retrieved from /opt/anaconda3/lib/python3.9/site-packages/airflow/example_dags/example_kubernetes_executor.py
[2022-03-14 09:37:36,234] {processor.py:171} INFO - Processing /opt/anaconda3/lib/python3.9/site-packages/airflow/example_dags/example_kubernetes_executor.py took 0.059 seconds
[2022-03-14 09:40:10,271] {processor.py:163} INFO - Started process (PID=75075) to work on /opt/anaconda3/lib/python3.9/site-packages/airflow/example_dags/example_kubernetes_executor.py
[2022-03-14 09:40:10,277] {processor.py:642} INFO - Processing file /opt/anaconda3/lib/python3.9/site-packages/airflow/example_dags/example_kubernetes_executor.py for tasks to queue
[2022-03-14 09:40:10,278] {logging_mixin.py:109} INFO - [2022-03-14 09:40:10,278] {dagbag.py:500} INFO - Filling up the DagBag from /opt/anaconda3/lib/python3.9/site-packages/airflow/example_dags/example_kubernetes_executor.py
[2022-03-14 09:40:10,305] {logging_mixin.py:109} INFO - [2022-03-14 09:40:10,305] {example_kubernetes_executor.py:39} WARNING - The example_kubernetes_executor example DAG requires the kubernetes provider. Please install it with: pip install apache-airflow[cncf.kubernetes]
[2022-03-14 09:40:10,334] {processor.py:656} WARNING - No viable dags retrieved from /opt/anaconda3/lib/python3.9/site-packages/airflow/example_dags/example_kubernetes_executor.py
[2022-03-14 09:40:10,335] {processor.py:171} INFO - Processing /opt/anaconda3/lib/python3.9/site-packages/airflow/example_dags/example_kubernetes_executor.py took 0.065 seconds
[2022-03-14 09:42:39,686] {processor.py:163} INFO - Started process (PID=75196) to work on /opt/anaconda3/lib/python3.9/site-packages/airflow/example_dags/example_kubernetes_executor.py
[2022-03-14 09:42:39,689] {processor.py:642} INFO - Processing file /opt/anaconda3/lib/python3.9/site-packages/airflow/example_dags/example_kubernetes_executor.py for tasks to queue
[2022-03-14 09:42:39,689] {logging_mixin.py:109} INFO - [2022-03-14 09:42:39,689] {dagbag.py:500} INFO - Filling up the DagBag from /opt/anaconda3/lib/python3.9/site-packages/airflow/example_dags/example_kubernetes_executor.py
[2022-03-14 09:42:39,715] {logging_mixin.py:109} INFO - [2022-03-14 09:42:39,715] {example_kubernetes_executor.py:39} WARNING - The example_kubernetes_executor example DAG requires the kubernetes provider. Please install it with: pip install apache-airflow[cncf.kubernetes]
[2022-03-14 09:42:39,741] {processor.py:656} WARNING - No viable dags retrieved from /opt/anaconda3/lib/python3.9/site-packages/airflow/example_dags/example_kubernetes_executor.py
[2022-03-14 09:42:39,743] {processor.py:171} INFO - Processing /opt/anaconda3/lib/python3.9/site-packages/airflow/example_dags/example_kubernetes_executor.py took 0.057 seconds
[2022-03-14 09:45:18,114] {processor.py:163} INFO - Started process (PID=75291) to work on /opt/anaconda3/lib/python3.9/site-packages/airflow/example_dags/example_kubernetes_executor.py
[2022-03-14 09:45:18,115] {processor.py:642} INFO - Processing file /opt/anaconda3/lib/python3.9/site-packages/airflow/example_dags/example_kubernetes_executor.py for tasks to queue
[2022-03-14 09:45:18,115] {logging_mixin.py:109} INFO - [2022-03-14 09:45:18,115] {dagbag.py:500} INFO - Filling up the DagBag from /opt/anaconda3/lib/python3.9/site-packages/airflow/example_dags/example_kubernetes_executor.py
[2022-03-14 09:45:18,145] {logging_mixin.py:109} INFO - [2022-03-14 09:45:18,145] {example_kubernetes_executor.py:39} WARNING - The example_kubernetes_executor example DAG requires the kubernetes provider. Please install it with: pip install apache-airflow[cncf.kubernetes]
[2022-03-14 09:45:18,170] {processor.py:656} WARNING - No viable dags retrieved from /opt/anaconda3/lib/python3.9/site-packages/airflow/example_dags/example_kubernetes_executor.py
[2022-03-14 09:45:18,172] {processor.py:171} INFO - Processing /opt/anaconda3/lib/python3.9/site-packages/airflow/example_dags/example_kubernetes_executor.py took 0.058 seconds
[2022-03-14 09:47:48,814] {processor.py:163} INFO - Started process (PID=75375) to work on /opt/anaconda3/lib/python3.9/site-packages/airflow/example_dags/example_kubernetes_executor.py
[2022-03-14 09:47:48,817] {processor.py:642} INFO - Processing file /opt/anaconda3/lib/python3.9/site-packages/airflow/example_dags/example_kubernetes_executor.py for tasks to queue
[2022-03-14 09:47:48,818] {logging_mixin.py:109} INFO - [2022-03-14 09:47:48,817] {dagbag.py:500} INFO - Filling up the DagBag from /opt/anaconda3/lib/python3.9/site-packages/airflow/example_dags/example_kubernetes_executor.py
[2022-03-14 09:47:48,849] {logging_mixin.py:109} INFO - [2022-03-14 09:47:48,849] {example_kubernetes_executor.py:39} WARNING - The example_kubernetes_executor example DAG requires the kubernetes provider. Please install it with: pip install apache-airflow[cncf.kubernetes]
[2022-03-14 09:47:48,873] {processor.py:656} WARNING - No viable dags retrieved from /opt/anaconda3/lib/python3.9/site-packages/airflow/example_dags/example_kubernetes_executor.py
[2022-03-14 09:47:48,874] {processor.py:171} INFO - Processing /opt/anaconda3/lib/python3.9/site-packages/airflow/example_dags/example_kubernetes_executor.py took 0.061 seconds
[2022-03-14 09:50:18,443] {processor.py:163} INFO - Started process (PID=75549) to work on /opt/anaconda3/lib/python3.9/site-packages/airflow/example_dags/example_kubernetes_executor.py
[2022-03-14 09:50:18,449] {processor.py:642} INFO - Processing file /opt/anaconda3/lib/python3.9/site-packages/airflow/example_dags/example_kubernetes_executor.py for tasks to queue
[2022-03-14 09:50:18,450] {logging_mixin.py:109} INFO - [2022-03-14 09:50:18,450] {dagbag.py:500} INFO - Filling up the DagBag from /opt/anaconda3/lib/python3.9/site-packages/airflow/example_dags/example_kubernetes_executor.py
[2022-03-14 09:50:18,477] {logging_mixin.py:109} INFO - [2022-03-14 09:50:18,477] {example_kubernetes_executor.py:39} WARNING - The example_kubernetes_executor example DAG requires the kubernetes provider. Please install it with: pip install apache-airflow[cncf.kubernetes]
[2022-03-14 09:50:18,502] {processor.py:656} WARNING - No viable dags retrieved from /opt/anaconda3/lib/python3.9/site-packages/airflow/example_dags/example_kubernetes_executor.py
[2022-03-14 09:50:18,504] {processor.py:171} INFO - Processing /opt/anaconda3/lib/python3.9/site-packages/airflow/example_dags/example_kubernetes_executor.py took 0.062 seconds
[2022-03-14 09:52:46,432] {processor.py:163} INFO - Started process (PID=75651) to work on /opt/anaconda3/lib/python3.9/site-packages/airflow/example_dags/example_kubernetes_executor.py
[2022-03-14 09:52:46,438] {processor.py:642} INFO - Processing file /opt/anaconda3/lib/python3.9/site-packages/airflow/example_dags/example_kubernetes_executor.py for tasks to queue
[2022-03-14 09:52:46,439] {logging_mixin.py:109} INFO - [2022-03-14 09:52:46,439] {dagbag.py:500} INFO - Filling up the DagBag from /opt/anaconda3/lib/python3.9/site-packages/airflow/example_dags/example_kubernetes_executor.py
[2022-03-14 09:52:46,468] {logging_mixin.py:109} INFO - [2022-03-14 09:52:46,468] {example_kubernetes_executor.py:39} WARNING - The example_kubernetes_executor example DAG requires the kubernetes provider. Please install it with: pip install apache-airflow[cncf.kubernetes]
[2022-03-14 09:52:46,496] {processor.py:656} WARNING - No viable dags retrieved from /opt/anaconda3/lib/python3.9/site-packages/airflow/example_dags/example_kubernetes_executor.py
[2022-03-14 09:52:46,498] {processor.py:171} INFO - Processing /opt/anaconda3/lib/python3.9/site-packages/airflow/example_dags/example_kubernetes_executor.py took 0.067 seconds
[2022-03-14 09:54:32,743] {processor.py:163} INFO - Started process (PID=75732) to work on /opt/anaconda3/lib/python3.9/site-packages/airflow/example_dags/example_kubernetes_executor.py
[2022-03-14 09:54:32,744] {processor.py:642} INFO - Processing file /opt/anaconda3/lib/python3.9/site-packages/airflow/example_dags/example_kubernetes_executor.py for tasks to queue
[2022-03-14 09:54:32,744] {logging_mixin.py:109} INFO - [2022-03-14 09:54:32,744] {dagbag.py:500} INFO - Filling up the DagBag from /opt/anaconda3/lib/python3.9/site-packages/airflow/example_dags/example_kubernetes_executor.py
[2022-03-14 09:54:32,773] {logging_mixin.py:109} INFO - [2022-03-14 09:54:32,773] {example_kubernetes_executor.py:39} WARNING - The example_kubernetes_executor example DAG requires the kubernetes provider. Please install it with: pip install apache-airflow[cncf.kubernetes]
[2022-03-14 09:54:32,800] {processor.py:656} WARNING - No viable dags retrieved from /opt/anaconda3/lib/python3.9/site-packages/airflow/example_dags/example_kubernetes_executor.py
[2022-03-14 09:54:32,802] {processor.py:171} INFO - Processing /opt/anaconda3/lib/python3.9/site-packages/airflow/example_dags/example_kubernetes_executor.py took 0.059 seconds
[2022-03-14 09:57:10,173] {processor.py:163} INFO - Started process (PID=75803) to work on /opt/anaconda3/lib/python3.9/site-packages/airflow/example_dags/example_kubernetes_executor.py
[2022-03-14 09:57:10,174] {processor.py:642} INFO - Processing file /opt/anaconda3/lib/python3.9/site-packages/airflow/example_dags/example_kubernetes_executor.py for tasks to queue
[2022-03-14 09:57:10,175] {logging_mixin.py:109} INFO - [2022-03-14 09:57:10,175] {dagbag.py:500} INFO - Filling up the DagBag from /opt/anaconda3/lib/python3.9/site-packages/airflow/example_dags/example_kubernetes_executor.py
[2022-03-14 09:57:10,205] {logging_mixin.py:109} INFO - [2022-03-14 09:57:10,205] {example_kubernetes_executor.py:39} WARNING - The example_kubernetes_executor example DAG requires the kubernetes provider. Please install it with: pip install apache-airflow[cncf.kubernetes]
[2022-03-14 09:57:10,229] {processor.py:656} WARNING - No viable dags retrieved from /opt/anaconda3/lib/python3.9/site-packages/airflow/example_dags/example_kubernetes_executor.py
[2022-03-14 09:57:10,231] {processor.py:171} INFO - Processing /opt/anaconda3/lib/python3.9/site-packages/airflow/example_dags/example_kubernetes_executor.py took 0.058 seconds
[2022-03-14 10:00:08,189] {processor.py:163} INFO - Started process (PID=75985) to work on /opt/anaconda3/lib/python3.9/site-packages/airflow/example_dags/example_kubernetes_executor.py
[2022-03-14 10:00:08,190] {processor.py:642} INFO - Processing file /opt/anaconda3/lib/python3.9/site-packages/airflow/example_dags/example_kubernetes_executor.py for tasks to queue
[2022-03-14 10:00:08,190] {logging_mixin.py:109} INFO - [2022-03-14 10:00:08,190] {dagbag.py:500} INFO - Filling up the DagBag from /opt/anaconda3/lib/python3.9/site-packages/airflow/example_dags/example_kubernetes_executor.py
[2022-03-14 10:00:08,216] {logging_mixin.py:109} INFO - [2022-03-14 10:00:08,216] {example_kubernetes_executor.py:39} WARNING - The example_kubernetes_executor example DAG requires the kubernetes provider. Please install it with: pip install apache-airflow[cncf.kubernetes]
[2022-03-14 10:00:08,242] {processor.py:656} WARNING - No viable dags retrieved from /opt/anaconda3/lib/python3.9/site-packages/airflow/example_dags/example_kubernetes_executor.py
[2022-03-14 10:00:08,244] {processor.py:171} INFO - Processing /opt/anaconda3/lib/python3.9/site-packages/airflow/example_dags/example_kubernetes_executor.py took 0.055 seconds
[2022-03-14 10:02:39,972] {processor.py:163} INFO - Started process (PID=76084) to work on /opt/anaconda3/lib/python3.9/site-packages/airflow/example_dags/example_kubernetes_executor.py
[2022-03-14 10:02:39,973] {processor.py:642} INFO - Processing file /opt/anaconda3/lib/python3.9/site-packages/airflow/example_dags/example_kubernetes_executor.py for tasks to queue
[2022-03-14 10:02:39,973] {logging_mixin.py:109} INFO - [2022-03-14 10:02:39,973] {dagbag.py:500} INFO - Filling up the DagBag from /opt/anaconda3/lib/python3.9/site-packages/airflow/example_dags/example_kubernetes_executor.py
[2022-03-14 10:02:39,999] {logging_mixin.py:109} INFO - [2022-03-14 10:02:39,999] {example_kubernetes_executor.py:39} WARNING - The example_kubernetes_executor example DAG requires the kubernetes provider. Please install it with: pip install apache-airflow[cncf.kubernetes]
[2022-03-14 10:02:40,027] {processor.py:656} WARNING - No viable dags retrieved from /opt/anaconda3/lib/python3.9/site-packages/airflow/example_dags/example_kubernetes_executor.py
[2022-03-14 10:02:40,028] {processor.py:171} INFO - Processing /opt/anaconda3/lib/python3.9/site-packages/airflow/example_dags/example_kubernetes_executor.py took 0.057 seconds
[2022-03-14 10:06:54,338] {processor.py:163} INFO - Started process (PID=76221) to work on /opt/anaconda3/lib/python3.9/site-packages/airflow/example_dags/example_kubernetes_executor.py
[2022-03-14 10:06:54,339] {processor.py:642} INFO - Processing file /opt/anaconda3/lib/python3.9/site-packages/airflow/example_dags/example_kubernetes_executor.py for tasks to queue
[2022-03-14 10:06:54,339] {logging_mixin.py:109} INFO - [2022-03-14 10:06:54,339] {dagbag.py:500} INFO - Filling up the DagBag from /opt/anaconda3/lib/python3.9/site-packages/airflow/example_dags/example_kubernetes_executor.py
[2022-03-14 10:06:54,366] {logging_mixin.py:109} INFO - [2022-03-14 10:06:54,365] {example_kubernetes_executor.py:39} WARNING - The example_kubernetes_executor example DAG requires the kubernetes provider. Please install it with: pip install apache-airflow[cncf.kubernetes]
[2022-03-14 10:06:54,390] {processor.py:656} WARNING - No viable dags retrieved from /opt/anaconda3/lib/python3.9/site-packages/airflow/example_dags/example_kubernetes_executor.py
[2022-03-14 10:06:54,392] {processor.py:171} INFO - Processing /opt/anaconda3/lib/python3.9/site-packages/airflow/example_dags/example_kubernetes_executor.py took 0.055 seconds
[2022-03-14 10:09:28,564] {processor.py:163} INFO - Started process (PID=76510) to work on /opt/anaconda3/lib/python3.9/site-packages/airflow/example_dags/example_kubernetes_executor.py
[2022-03-14 10:09:28,570] {processor.py:642} INFO - Processing file /opt/anaconda3/lib/python3.9/site-packages/airflow/example_dags/example_kubernetes_executor.py for tasks to queue
[2022-03-14 10:09:28,571] {logging_mixin.py:109} INFO - [2022-03-14 10:09:28,571] {dagbag.py:500} INFO - Filling up the DagBag from /opt/anaconda3/lib/python3.9/site-packages/airflow/example_dags/example_kubernetes_executor.py
[2022-03-14 10:09:28,600] {logging_mixin.py:109} INFO - [2022-03-14 10:09:28,600] {example_kubernetes_executor.py:39} WARNING - The example_kubernetes_executor example DAG requires the kubernetes provider. Please install it with: pip install apache-airflow[cncf.kubernetes]
[2022-03-14 10:09:28,628] {processor.py:656} WARNING - No viable dags retrieved from /opt/anaconda3/lib/python3.9/site-packages/airflow/example_dags/example_kubernetes_executor.py
[2022-03-14 10:09:28,629] {processor.py:171} INFO - Processing /opt/anaconda3/lib/python3.9/site-packages/airflow/example_dags/example_kubernetes_executor.py took 0.066 seconds
[2022-03-14 10:12:46,187] {processor.py:163} INFO - Started process (PID=76671) to work on /opt/anaconda3/lib/python3.9/site-packages/airflow/example_dags/example_kubernetes_executor.py
[2022-03-14 10:12:46,188] {processor.py:642} INFO - Processing file /opt/anaconda3/lib/python3.9/site-packages/airflow/example_dags/example_kubernetes_executor.py for tasks to queue
[2022-03-14 10:12:46,189] {logging_mixin.py:109} INFO - [2022-03-14 10:12:46,189] {dagbag.py:500} INFO - Filling up the DagBag from /opt/anaconda3/lib/python3.9/site-packages/airflow/example_dags/example_kubernetes_executor.py
[2022-03-14 10:12:46,219] {logging_mixin.py:109} INFO - [2022-03-14 10:12:46,219] {example_kubernetes_executor.py:39} WARNING - The example_kubernetes_executor example DAG requires the kubernetes provider. Please install it with: pip install apache-airflow[cncf.kubernetes]
[2022-03-14 10:12:46,244] {processor.py:656} WARNING - No viable dags retrieved from /opt/anaconda3/lib/python3.9/site-packages/airflow/example_dags/example_kubernetes_executor.py
[2022-03-14 10:12:46,245] {processor.py:171} INFO - Processing /opt/anaconda3/lib/python3.9/site-packages/airflow/example_dags/example_kubernetes_executor.py took 0.059 seconds
[2022-03-14 10:14:52,130] {processor.py:163} INFO - Started process (PID=76742) to work on /opt/anaconda3/lib/python3.9/site-packages/airflow/example_dags/example_kubernetes_executor.py
[2022-03-14 10:14:52,136] {processor.py:642} INFO - Processing file /opt/anaconda3/lib/python3.9/site-packages/airflow/example_dags/example_kubernetes_executor.py for tasks to queue
[2022-03-14 10:14:52,137] {logging_mixin.py:109} INFO - [2022-03-14 10:14:52,136] {dagbag.py:500} INFO - Filling up the DagBag from /opt/anaconda3/lib/python3.9/site-packages/airflow/example_dags/example_kubernetes_executor.py
[2022-03-14 10:14:52,164] {logging_mixin.py:109} INFO - [2022-03-14 10:14:52,164] {example_kubernetes_executor.py:39} WARNING - The example_kubernetes_executor example DAG requires the kubernetes provider. Please install it with: pip install apache-airflow[cncf.kubernetes]
[2022-03-14 10:14:52,191] {processor.py:656} WARNING - No viable dags retrieved from /opt/anaconda3/lib/python3.9/site-packages/airflow/example_dags/example_kubernetes_executor.py
[2022-03-14 10:14:52,193] {processor.py:171} INFO - Processing /opt/anaconda3/lib/python3.9/site-packages/airflow/example_dags/example_kubernetes_executor.py took 0.064 seconds
[2022-03-14 10:17:27,845] {processor.py:163} INFO - Started process (PID=76817) to work on /opt/anaconda3/lib/python3.9/site-packages/airflow/example_dags/example_kubernetes_executor.py
[2022-03-14 10:17:27,851] {processor.py:642} INFO - Processing file /opt/anaconda3/lib/python3.9/site-packages/airflow/example_dags/example_kubernetes_executor.py for tasks to queue
[2022-03-14 10:17:27,852] {logging_mixin.py:109} INFO - [2022-03-14 10:17:27,852] {dagbag.py:500} INFO - Filling up the DagBag from /opt/anaconda3/lib/python3.9/site-packages/airflow/example_dags/example_kubernetes_executor.py
[2022-03-14 10:17:27,879] {logging_mixin.py:109} INFO - [2022-03-14 10:17:27,879] {example_kubernetes_executor.py:39} WARNING - The example_kubernetes_executor example DAG requires the kubernetes provider. Please install it with: pip install apache-airflow[cncf.kubernetes]
[2022-03-14 10:17:27,904] {processor.py:656} WARNING - No viable dags retrieved from /opt/anaconda3/lib/python3.9/site-packages/airflow/example_dags/example_kubernetes_executor.py
[2022-03-14 10:17:27,906] {processor.py:171} INFO - Processing /opt/anaconda3/lib/python3.9/site-packages/airflow/example_dags/example_kubernetes_executor.py took 0.061 seconds
[2022-03-14 10:21:38,731] {processor.py:163} INFO - Started process (PID=77011) to work on /opt/anaconda3/lib/python3.9/site-packages/airflow/example_dags/example_kubernetes_executor.py
[2022-03-14 10:21:38,732] {processor.py:642} INFO - Processing file /opt/anaconda3/lib/python3.9/site-packages/airflow/example_dags/example_kubernetes_executor.py for tasks to queue
[2022-03-14 10:21:38,733] {logging_mixin.py:109} INFO - [2022-03-14 10:21:38,733] {dagbag.py:500} INFO - Filling up the DagBag from /opt/anaconda3/lib/python3.9/site-packages/airflow/example_dags/example_kubernetes_executor.py
[2022-03-14 10:21:38,767] {logging_mixin.py:109} INFO - [2022-03-14 10:21:38,767] {example_kubernetes_executor.py:39} WARNING - The example_kubernetes_executor example DAG requires the kubernetes provider. Please install it with: pip install apache-airflow[cncf.kubernetes]
[2022-03-14 10:21:38,793] {processor.py:656} WARNING - No viable dags retrieved from /opt/anaconda3/lib/python3.9/site-packages/airflow/example_dags/example_kubernetes_executor.py
[2022-03-14 10:21:38,794] {processor.py:171} INFO - Processing /opt/anaconda3/lib/python3.9/site-packages/airflow/example_dags/example_kubernetes_executor.py took 0.064 seconds
[2022-03-14 10:25:39,863] {processor.py:163} INFO - Started process (PID=77178) to work on /opt/anaconda3/lib/python3.9/site-packages/airflow/example_dags/example_kubernetes_executor.py
[2022-03-14 10:25:39,865] {processor.py:642} INFO - Processing file /opt/anaconda3/lib/python3.9/site-packages/airflow/example_dags/example_kubernetes_executor.py for tasks to queue
[2022-03-14 10:25:39,866] {logging_mixin.py:109} INFO - [2022-03-14 10:25:39,866] {dagbag.py:500} INFO - Filling up the DagBag from /opt/anaconda3/lib/python3.9/site-packages/airflow/example_dags/example_kubernetes_executor.py
[2022-03-14 10:25:39,900] {logging_mixin.py:109} INFO - [2022-03-14 10:25:39,900] {example_kubernetes_executor.py:39} WARNING - The example_kubernetes_executor example DAG requires the kubernetes provider. Please install it with: pip install apache-airflow[cncf.kubernetes]
[2022-03-14 10:25:39,925] {processor.py:656} WARNING - No viable dags retrieved from /opt/anaconda3/lib/python3.9/site-packages/airflow/example_dags/example_kubernetes_executor.py
[2022-03-14 10:25:39,927] {processor.py:171} INFO - Processing /opt/anaconda3/lib/python3.9/site-packages/airflow/example_dags/example_kubernetes_executor.py took 0.065 seconds
[2022-03-14 10:29:31,099] {processor.py:163} INFO - Started process (PID=77451) to work on /opt/anaconda3/lib/python3.9/site-packages/airflow/example_dags/example_kubernetes_executor.py
[2022-03-14 10:29:31,105] {processor.py:642} INFO - Processing file /opt/anaconda3/lib/python3.9/site-packages/airflow/example_dags/example_kubernetes_executor.py for tasks to queue
[2022-03-14 10:29:31,106] {logging_mixin.py:109} INFO - [2022-03-14 10:29:31,106] {dagbag.py:500} INFO - Filling up the DagBag from /opt/anaconda3/lib/python3.9/site-packages/airflow/example_dags/example_kubernetes_executor.py
[2022-03-14 10:29:31,132] {logging_mixin.py:109} INFO - [2022-03-14 10:29:31,132] {example_kubernetes_executor.py:39} WARNING - The example_kubernetes_executor example DAG requires the kubernetes provider. Please install it with: pip install apache-airflow[cncf.kubernetes]
[2022-03-14 10:29:31,157] {processor.py:656} WARNING - No viable dags retrieved from /opt/anaconda3/lib/python3.9/site-packages/airflow/example_dags/example_kubernetes_executor.py
[2022-03-14 10:29:31,158] {processor.py:171} INFO - Processing /opt/anaconda3/lib/python3.9/site-packages/airflow/example_dags/example_kubernetes_executor.py took 0.060 seconds
[2022-03-14 10:32:06,904] {processor.py:163} INFO - Started process (PID=77523) to work on /opt/anaconda3/lib/python3.9/site-packages/airflow/example_dags/example_kubernetes_executor.py
[2022-03-14 10:32:06,905] {processor.py:642} INFO - Processing file /opt/anaconda3/lib/python3.9/site-packages/airflow/example_dags/example_kubernetes_executor.py for tasks to queue
[2022-03-14 10:32:06,906] {logging_mixin.py:109} INFO - [2022-03-14 10:32:06,906] {dagbag.py:500} INFO - Filling up the DagBag from /opt/anaconda3/lib/python3.9/site-packages/airflow/example_dags/example_kubernetes_executor.py
[2022-03-14 10:32:06,987] {logging_mixin.py:109} INFO - [2022-03-14 10:32:06,987] {example_kubernetes_executor.py:39} WARNING - The example_kubernetes_executor example DAG requires the kubernetes provider. Please install it with: pip install apache-airflow[cncf.kubernetes]
[2022-03-14 10:32:07,024] {processor.py:656} WARNING - No viable dags retrieved from /opt/anaconda3/lib/python3.9/site-packages/airflow/example_dags/example_kubernetes_executor.py
[2022-03-14 10:32:07,027] {processor.py:171} INFO - Processing /opt/anaconda3/lib/python3.9/site-packages/airflow/example_dags/example_kubernetes_executor.py took 0.125 seconds
[2022-03-14 10:36:59,505] {processor.py:163} INFO - Started process (PID=77665) to work on /opt/anaconda3/lib/python3.9/site-packages/airflow/example_dags/example_kubernetes_executor.py
[2022-03-14 10:36:59,507] {processor.py:642} INFO - Processing file /opt/anaconda3/lib/python3.9/site-packages/airflow/example_dags/example_kubernetes_executor.py for tasks to queue
[2022-03-14 10:36:59,508] {logging_mixin.py:109} INFO - [2022-03-14 10:36:59,508] {dagbag.py:500} INFO - Filling up the DagBag from /opt/anaconda3/lib/python3.9/site-packages/airflow/example_dags/example_kubernetes_executor.py
[2022-03-14 10:36:59,538] {logging_mixin.py:109} INFO - [2022-03-14 10:36:59,538] {example_kubernetes_executor.py:39} WARNING - The example_kubernetes_executor example DAG requires the kubernetes provider. Please install it with: pip install apache-airflow[cncf.kubernetes]
[2022-03-14 10:36:59,565] {processor.py:656} WARNING - No viable dags retrieved from /opt/anaconda3/lib/python3.9/site-packages/airflow/example_dags/example_kubernetes_executor.py
[2022-03-14 10:36:59,568] {processor.py:171} INFO - Processing /opt/anaconda3/lib/python3.9/site-packages/airflow/example_dags/example_kubernetes_executor.py took 0.064 seconds
[2022-03-14 10:39:43,343] {processor.py:163} INFO - Started process (PID=77849) to work on /opt/anaconda3/lib/python3.9/site-packages/airflow/example_dags/example_kubernetes_executor.py
[2022-03-14 10:39:43,345] {processor.py:642} INFO - Processing file /opt/anaconda3/lib/python3.9/site-packages/airflow/example_dags/example_kubernetes_executor.py for tasks to queue
[2022-03-14 10:39:43,346] {logging_mixin.py:109} INFO - [2022-03-14 10:39:43,346] {dagbag.py:500} INFO - Filling up the DagBag from /opt/anaconda3/lib/python3.9/site-packages/airflow/example_dags/example_kubernetes_executor.py
[2022-03-14 10:39:43,371] {logging_mixin.py:109} INFO - [2022-03-14 10:39:43,371] {example_kubernetes_executor.py:39} WARNING - The example_kubernetes_executor example DAG requires the kubernetes provider. Please install it with: pip install apache-airflow[cncf.kubernetes]
[2022-03-14 10:39:43,396] {processor.py:656} WARNING - No viable dags retrieved from /opt/anaconda3/lib/python3.9/site-packages/airflow/example_dags/example_kubernetes_executor.py
[2022-03-14 10:39:43,397] {processor.py:171} INFO - Processing /opt/anaconda3/lib/python3.9/site-packages/airflow/example_dags/example_kubernetes_executor.py took 0.055 seconds
[2022-03-14 10:41:58,135] {processor.py:163} INFO - Started process (PID=77928) to work on /opt/anaconda3/lib/python3.9/site-packages/airflow/example_dags/example_kubernetes_executor.py
[2022-03-14 10:41:58,135] {processor.py:642} INFO - Processing file /opt/anaconda3/lib/python3.9/site-packages/airflow/example_dags/example_kubernetes_executor.py for tasks to queue
[2022-03-14 10:41:58,136] {logging_mixin.py:109} INFO - [2022-03-14 10:41:58,136] {dagbag.py:500} INFO - Filling up the DagBag from /opt/anaconda3/lib/python3.9/site-packages/airflow/example_dags/example_kubernetes_executor.py
[2022-03-14 10:41:58,160] {logging_mixin.py:109} INFO - [2022-03-14 10:41:58,160] {example_kubernetes_executor.py:39} WARNING - The example_kubernetes_executor example DAG requires the kubernetes provider. Please install it with: pip install apache-airflow[cncf.kubernetes]
[2022-03-14 10:41:58,185] {processor.py:656} WARNING - No viable dags retrieved from /opt/anaconda3/lib/python3.9/site-packages/airflow/example_dags/example_kubernetes_executor.py
[2022-03-14 10:41:58,187] {processor.py:171} INFO - Processing /opt/anaconda3/lib/python3.9/site-packages/airflow/example_dags/example_kubernetes_executor.py took 0.053 seconds
[2022-03-14 10:44:24,796] {processor.py:163} INFO - Started process (PID=78040) to work on /opt/anaconda3/lib/python3.9/site-packages/airflow/example_dags/example_kubernetes_executor.py
[2022-03-14 10:44:24,802] {processor.py:642} INFO - Processing file /opt/anaconda3/lib/python3.9/site-packages/airflow/example_dags/example_kubernetes_executor.py for tasks to queue
[2022-03-14 10:44:24,803] {logging_mixin.py:109} INFO - [2022-03-14 10:44:24,803] {dagbag.py:500} INFO - Filling up the DagBag from /opt/anaconda3/lib/python3.9/site-packages/airflow/example_dags/example_kubernetes_executor.py
[2022-03-14 10:44:24,829] {logging_mixin.py:109} INFO - [2022-03-14 10:44:24,829] {example_kubernetes_executor.py:39} WARNING - The example_kubernetes_executor example DAG requires the kubernetes provider. Please install it with: pip install apache-airflow[cncf.kubernetes]
[2022-03-14 10:44:24,855] {processor.py:656} WARNING - No viable dags retrieved from /opt/anaconda3/lib/python3.9/site-packages/airflow/example_dags/example_kubernetes_executor.py
[2022-03-14 10:44:24,857] {processor.py:171} INFO - Processing /opt/anaconda3/lib/python3.9/site-packages/airflow/example_dags/example_kubernetes_executor.py took 0.061 seconds
[2022-03-14 10:48:34,343] {processor.py:163} INFO - Started process (PID=78759) to work on /opt/anaconda3/lib/python3.9/site-packages/airflow/example_dags/example_kubernetes_executor.py
[2022-03-14 10:48:34,349] {processor.py:642} INFO - Processing file /opt/anaconda3/lib/python3.9/site-packages/airflow/example_dags/example_kubernetes_executor.py for tasks to queue
[2022-03-14 10:48:34,350] {logging_mixin.py:109} INFO - [2022-03-14 10:48:34,350] {dagbag.py:500} INFO - Filling up the DagBag from /opt/anaconda3/lib/python3.9/site-packages/airflow/example_dags/example_kubernetes_executor.py
[2022-03-14 10:48:34,376] {logging_mixin.py:109} INFO - [2022-03-14 10:48:34,376] {example_kubernetes_executor.py:39} WARNING - The example_kubernetes_executor example DAG requires the kubernetes provider. Please install it with: pip install apache-airflow[cncf.kubernetes]
[2022-03-14 10:48:34,404] {processor.py:656} WARNING - No viable dags retrieved from /opt/anaconda3/lib/python3.9/site-packages/airflow/example_dags/example_kubernetes_executor.py
[2022-03-14 10:48:34,405] {processor.py:171} INFO - Processing /opt/anaconda3/lib/python3.9/site-packages/airflow/example_dags/example_kubernetes_executor.py took 0.063 seconds
[2022-03-14 10:52:02,612] {processor.py:163} INFO - Started process (PID=78909) to work on /opt/anaconda3/lib/python3.9/site-packages/airflow/example_dags/example_kubernetes_executor.py
[2022-03-14 10:52:02,613] {processor.py:642} INFO - Processing file /opt/anaconda3/lib/python3.9/site-packages/airflow/example_dags/example_kubernetes_executor.py for tasks to queue
[2022-03-14 10:52:02,613] {logging_mixin.py:109} INFO - [2022-03-14 10:52:02,613] {dagbag.py:500} INFO - Filling up the DagBag from /opt/anaconda3/lib/python3.9/site-packages/airflow/example_dags/example_kubernetes_executor.py
[2022-03-14 10:52:02,639] {logging_mixin.py:109} INFO - [2022-03-14 10:52:02,639] {example_kubernetes_executor.py:39} WARNING - The example_kubernetes_executor example DAG requires the kubernetes provider. Please install it with: pip install apache-airflow[cncf.kubernetes]
[2022-03-14 10:52:02,663] {processor.py:656} WARNING - No viable dags retrieved from /opt/anaconda3/lib/python3.9/site-packages/airflow/example_dags/example_kubernetes_executor.py
[2022-03-14 10:52:02,665] {processor.py:171} INFO - Processing /opt/anaconda3/lib/python3.9/site-packages/airflow/example_dags/example_kubernetes_executor.py took 0.053 seconds
[2022-03-14 10:55:00,065] {processor.py:163} INFO - Started process (PID=79019) to work on /opt/anaconda3/lib/python3.9/site-packages/airflow/example_dags/example_kubernetes_executor.py
[2022-03-14 10:55:00,071] {processor.py:642} INFO - Processing file /opt/anaconda3/lib/python3.9/site-packages/airflow/example_dags/example_kubernetes_executor.py for tasks to queue
[2022-03-14 10:55:00,072] {logging_mixin.py:109} INFO - [2022-03-14 10:55:00,072] {dagbag.py:500} INFO - Filling up the DagBag from /opt/anaconda3/lib/python3.9/site-packages/airflow/example_dags/example_kubernetes_executor.py
[2022-03-14 10:55:00,098] {logging_mixin.py:109} INFO - [2022-03-14 10:55:00,098] {example_kubernetes_executor.py:39} WARNING - The example_kubernetes_executor example DAG requires the kubernetes provider. Please install it with: pip install apache-airflow[cncf.kubernetes]
[2022-03-14 10:55:00,122] {processor.py:656} WARNING - No viable dags retrieved from /opt/anaconda3/lib/python3.9/site-packages/airflow/example_dags/example_kubernetes_executor.py
[2022-03-14 10:55:00,124] {processor.py:171} INFO - Processing /opt/anaconda3/lib/python3.9/site-packages/airflow/example_dags/example_kubernetes_executor.py took 0.059 seconds
[2022-03-14 10:57:40,408] {processor.py:163} INFO - Started process (PID=79138) to work on /opt/anaconda3/lib/python3.9/site-packages/airflow/example_dags/example_kubernetes_executor.py
[2022-03-14 10:57:40,411] {processor.py:642} INFO - Processing file /opt/anaconda3/lib/python3.9/site-packages/airflow/example_dags/example_kubernetes_executor.py for tasks to queue
[2022-03-14 10:57:40,411] {logging_mixin.py:109} INFO - [2022-03-14 10:57:40,411] {dagbag.py:500} INFO - Filling up the DagBag from /opt/anaconda3/lib/python3.9/site-packages/airflow/example_dags/example_kubernetes_executor.py
[2022-03-14 10:57:40,471] {logging_mixin.py:109} INFO - [2022-03-14 10:57:40,471] {example_kubernetes_executor.py:39} WARNING - The example_kubernetes_executor example DAG requires the kubernetes provider. Please install it with: pip install apache-airflow[cncf.kubernetes]
[2022-03-14 10:57:40,512] {processor.py:656} WARNING - No viable dags retrieved from /opt/anaconda3/lib/python3.9/site-packages/airflow/example_dags/example_kubernetes_executor.py
[2022-03-14 10:57:40,513] {processor.py:171} INFO - Processing /opt/anaconda3/lib/python3.9/site-packages/airflow/example_dags/example_kubernetes_executor.py took 0.106 seconds
[2022-03-14 10:59:34,082] {processor.py:163} INFO - Started process (PID=79258) to work on /opt/anaconda3/lib/python3.9/site-packages/airflow/example_dags/example_kubernetes_executor.py
[2022-03-14 10:59:34,083] {processor.py:642} INFO - Processing file /opt/anaconda3/lib/python3.9/site-packages/airflow/example_dags/example_kubernetes_executor.py for tasks to queue
[2022-03-14 10:59:34,083] {logging_mixin.py:109} INFO - [2022-03-14 10:59:34,083] {dagbag.py:500} INFO - Filling up the DagBag from /opt/anaconda3/lib/python3.9/site-packages/airflow/example_dags/example_kubernetes_executor.py
[2022-03-14 10:59:34,112] {logging_mixin.py:109} INFO - [2022-03-14 10:59:34,112] {example_kubernetes_executor.py:39} WARNING - The example_kubernetes_executor example DAG requires the kubernetes provider. Please install it with: pip install apache-airflow[cncf.kubernetes]
[2022-03-14 10:59:34,139] {processor.py:656} WARNING - No viable dags retrieved from /opt/anaconda3/lib/python3.9/site-packages/airflow/example_dags/example_kubernetes_executor.py
[2022-03-14 10:59:34,140] {processor.py:171} INFO - Processing /opt/anaconda3/lib/python3.9/site-packages/airflow/example_dags/example_kubernetes_executor.py took 0.059 seconds
[2022-03-14 11:04:14,910] {processor.py:163} INFO - Started process (PID=79484) to work on /opt/anaconda3/lib/python3.9/site-packages/airflow/example_dags/example_kubernetes_executor.py
[2022-03-14 11:04:14,911] {processor.py:642} INFO - Processing file /opt/anaconda3/lib/python3.9/site-packages/airflow/example_dags/example_kubernetes_executor.py for tasks to queue
[2022-03-14 11:04:14,912] {logging_mixin.py:109} INFO - [2022-03-14 11:04:14,912] {dagbag.py:500} INFO - Filling up the DagBag from /opt/anaconda3/lib/python3.9/site-packages/airflow/example_dags/example_kubernetes_executor.py
[2022-03-14 11:04:14,952] {logging_mixin.py:109} INFO - [2022-03-14 11:04:14,952] {example_kubernetes_executor.py:39} WARNING - The example_kubernetes_executor example DAG requires the kubernetes provider. Please install it with: pip install apache-airflow[cncf.kubernetes]
[2022-03-14 11:04:14,975] {processor.py:656} WARNING - No viable dags retrieved from /opt/anaconda3/lib/python3.9/site-packages/airflow/example_dags/example_kubernetes_executor.py
[2022-03-14 11:04:14,977] {processor.py:171} INFO - Processing /opt/anaconda3/lib/python3.9/site-packages/airflow/example_dags/example_kubernetes_executor.py took 0.067 seconds
[2022-03-14 11:07:05,572] {processor.py:163} INFO - Started process (PID=79611) to work on /opt/anaconda3/lib/python3.9/site-packages/airflow/example_dags/example_kubernetes_executor.py
[2022-03-14 11:07:05,572] {processor.py:642} INFO - Processing file /opt/anaconda3/lib/python3.9/site-packages/airflow/example_dags/example_kubernetes_executor.py for tasks to queue
[2022-03-14 11:07:05,573] {logging_mixin.py:109} INFO - [2022-03-14 11:07:05,573] {dagbag.py:500} INFO - Filling up the DagBag from /opt/anaconda3/lib/python3.9/site-packages/airflow/example_dags/example_kubernetes_executor.py
[2022-03-14 11:07:05,598] {logging_mixin.py:109} INFO - [2022-03-14 11:07:05,598] {example_kubernetes_executor.py:39} WARNING - The example_kubernetes_executor example DAG requires the kubernetes provider. Please install it with: pip install apache-airflow[cncf.kubernetes]
[2022-03-14 11:07:05,623] {processor.py:656} WARNING - No viable dags retrieved from /opt/anaconda3/lib/python3.9/site-packages/airflow/example_dags/example_kubernetes_executor.py
[2022-03-14 11:07:05,625] {processor.py:171} INFO - Processing /opt/anaconda3/lib/python3.9/site-packages/airflow/example_dags/example_kubernetes_executor.py took 0.054 seconds
[2022-03-14 11:11:57,376] {processor.py:163} INFO - Started process (PID=79918) to work on /opt/anaconda3/lib/python3.9/site-packages/airflow/example_dags/example_kubernetes_executor.py
[2022-03-14 11:11:57,382] {processor.py:642} INFO - Processing file /opt/anaconda3/lib/python3.9/site-packages/airflow/example_dags/example_kubernetes_executor.py for tasks to queue
[2022-03-14 11:11:57,383] {logging_mixin.py:109} INFO - [2022-03-14 11:11:57,383] {dagbag.py:500} INFO - Filling up the DagBag from /opt/anaconda3/lib/python3.9/site-packages/airflow/example_dags/example_kubernetes_executor.py
[2022-03-14 11:11:57,413] {logging_mixin.py:109} INFO - [2022-03-14 11:11:57,413] {example_kubernetes_executor.py:39} WARNING - The example_kubernetes_executor example DAG requires the kubernetes provider. Please install it with: pip install apache-airflow[cncf.kubernetes]
[2022-03-14 11:11:57,442] {processor.py:656} WARNING - No viable dags retrieved from /opt/anaconda3/lib/python3.9/site-packages/airflow/example_dags/example_kubernetes_executor.py
[2022-03-14 11:11:57,444] {processor.py:171} INFO - Processing /opt/anaconda3/lib/python3.9/site-packages/airflow/example_dags/example_kubernetes_executor.py took 0.069 seconds
[2022-03-14 11:13:29,236] {processor.py:163} INFO - Started process (PID=79962) to work on /opt/anaconda3/lib/python3.9/site-packages/airflow/example_dags/example_kubernetes_executor.py
[2022-03-14 11:13:29,237] {processor.py:642} INFO - Processing file /opt/anaconda3/lib/python3.9/site-packages/airflow/example_dags/example_kubernetes_executor.py for tasks to queue
[2022-03-14 11:13:29,237] {logging_mixin.py:109} INFO - [2022-03-14 11:13:29,237] {dagbag.py:500} INFO - Filling up the DagBag from /opt/anaconda3/lib/python3.9/site-packages/airflow/example_dags/example_kubernetes_executor.py
[2022-03-14 11:13:29,263] {logging_mixin.py:109} INFO - [2022-03-14 11:13:29,263] {example_kubernetes_executor.py:39} WARNING - The example_kubernetes_executor example DAG requires the kubernetes provider. Please install it with: pip install apache-airflow[cncf.kubernetes]
[2022-03-14 11:13:29,289] {processor.py:656} WARNING - No viable dags retrieved from /opt/anaconda3/lib/python3.9/site-packages/airflow/example_dags/example_kubernetes_executor.py
[2022-03-14 11:13:29,291] {processor.py:171} INFO - Processing /opt/anaconda3/lib/python3.9/site-packages/airflow/example_dags/example_kubernetes_executor.py took 0.055 seconds
[2022-03-14 11:15:51,286] {processor.py:163} INFO - Started process (PID=80059) to work on /opt/anaconda3/lib/python3.9/site-packages/airflow/example_dags/example_kubernetes_executor.py
[2022-03-14 11:15:51,292] {processor.py:642} INFO - Processing file /opt/anaconda3/lib/python3.9/site-packages/airflow/example_dags/example_kubernetes_executor.py for tasks to queue
[2022-03-14 11:15:51,294] {logging_mixin.py:109} INFO - [2022-03-14 11:15:51,294] {dagbag.py:500} INFO - Filling up the DagBag from /opt/anaconda3/lib/python3.9/site-packages/airflow/example_dags/example_kubernetes_executor.py
[2022-03-14 11:15:51,329] {logging_mixin.py:109} INFO - [2022-03-14 11:15:51,329] {example_kubernetes_executor.py:39} WARNING - The example_kubernetes_executor example DAG requires the kubernetes provider. Please install it with: pip install apache-airflow[cncf.kubernetes]
[2022-03-14 11:15:51,368] {processor.py:656} WARNING - No viable dags retrieved from /opt/anaconda3/lib/python3.9/site-packages/airflow/example_dags/example_kubernetes_executor.py
[2022-03-14 11:15:51,370] {processor.py:171} INFO - Processing /opt/anaconda3/lib/python3.9/site-packages/airflow/example_dags/example_kubernetes_executor.py took 0.085 seconds
[2022-03-14 11:17:56,105] {processor.py:163} INFO - Started process (PID=80185) to work on /opt/anaconda3/lib/python3.9/site-packages/airflow/example_dags/example_kubernetes_executor.py
[2022-03-14 11:17:56,111] {processor.py:642} INFO - Processing file /opt/anaconda3/lib/python3.9/site-packages/airflow/example_dags/example_kubernetes_executor.py for tasks to queue
[2022-03-14 11:17:56,112] {logging_mixin.py:109} INFO - [2022-03-14 11:17:56,112] {dagbag.py:500} INFO - Filling up the DagBag from /opt/anaconda3/lib/python3.9/site-packages/airflow/example_dags/example_kubernetes_executor.py
[2022-03-14 11:17:56,139] {logging_mixin.py:109} INFO - [2022-03-14 11:17:56,139] {example_kubernetes_executor.py:39} WARNING - The example_kubernetes_executor example DAG requires the kubernetes provider. Please install it with: pip install apache-airflow[cncf.kubernetes]
[2022-03-14 11:17:56,163] {processor.py:656} WARNING - No viable dags retrieved from /opt/anaconda3/lib/python3.9/site-packages/airflow/example_dags/example_kubernetes_executor.py
[2022-03-14 11:17:56,165] {processor.py:171} INFO - Processing /opt/anaconda3/lib/python3.9/site-packages/airflow/example_dags/example_kubernetes_executor.py took 0.060 seconds
[2022-03-14 11:20:42,682] {processor.py:163} INFO - Started process (PID=80341) to work on /opt/anaconda3/lib/python3.9/site-packages/airflow/example_dags/example_kubernetes_executor.py
[2022-03-14 11:20:42,684] {processor.py:642} INFO - Processing file /opt/anaconda3/lib/python3.9/site-packages/airflow/example_dags/example_kubernetes_executor.py for tasks to queue
[2022-03-14 11:20:42,685] {logging_mixin.py:109} INFO - [2022-03-14 11:20:42,685] {dagbag.py:500} INFO - Filling up the DagBag from /opt/anaconda3/lib/python3.9/site-packages/airflow/example_dags/example_kubernetes_executor.py
[2022-03-14 11:20:42,709] {logging_mixin.py:109} INFO - [2022-03-14 11:20:42,709] {example_kubernetes_executor.py:39} WARNING - The example_kubernetes_executor example DAG requires the kubernetes provider. Please install it with: pip install apache-airflow[cncf.kubernetes]
[2022-03-14 11:20:42,735] {processor.py:656} WARNING - No viable dags retrieved from /opt/anaconda3/lib/python3.9/site-packages/airflow/example_dags/example_kubernetes_executor.py
[2022-03-14 11:20:42,737] {processor.py:171} INFO - Processing /opt/anaconda3/lib/python3.9/site-packages/airflow/example_dags/example_kubernetes_executor.py took 0.056 seconds
[2022-03-14 11:23:21,449] {processor.py:163} INFO - Started process (PID=80447) to work on /opt/anaconda3/lib/python3.9/site-packages/airflow/example_dags/example_kubernetes_executor.py
[2022-03-14 11:23:21,450] {processor.py:642} INFO - Processing file /opt/anaconda3/lib/python3.9/site-packages/airflow/example_dags/example_kubernetes_executor.py for tasks to queue
[2022-03-14 11:23:21,450] {logging_mixin.py:109} INFO - [2022-03-14 11:23:21,450] {dagbag.py:500} INFO - Filling up the DagBag from /opt/anaconda3/lib/python3.9/site-packages/airflow/example_dags/example_kubernetes_executor.py
[2022-03-14 11:23:21,479] {logging_mixin.py:109} INFO - [2022-03-14 11:23:21,479] {example_kubernetes_executor.py:39} WARNING - The example_kubernetes_executor example DAG requires the kubernetes provider. Please install it with: pip install apache-airflow[cncf.kubernetes]
[2022-03-14 11:23:21,506] {processor.py:656} WARNING - No viable dags retrieved from /opt/anaconda3/lib/python3.9/site-packages/airflow/example_dags/example_kubernetes_executor.py
[2022-03-14 11:23:21,508] {processor.py:171} INFO - Processing /opt/anaconda3/lib/python3.9/site-packages/airflow/example_dags/example_kubernetes_executor.py took 0.060 seconds
[2022-03-14 11:26:01,233] {processor.py:163} INFO - Started process (PID=80549) to work on /opt/anaconda3/lib/python3.9/site-packages/airflow/example_dags/example_kubernetes_executor.py
[2022-03-14 11:26:01,239] {processor.py:642} INFO - Processing file /opt/anaconda3/lib/python3.9/site-packages/airflow/example_dags/example_kubernetes_executor.py for tasks to queue
[2022-03-14 11:26:01,240] {logging_mixin.py:109} INFO - [2022-03-14 11:26:01,240] {dagbag.py:500} INFO - Filling up the DagBag from /opt/anaconda3/lib/python3.9/site-packages/airflow/example_dags/example_kubernetes_executor.py
[2022-03-14 11:26:01,269] {logging_mixin.py:109} INFO - [2022-03-14 11:26:01,269] {example_kubernetes_executor.py:39} WARNING - The example_kubernetes_executor example DAG requires the kubernetes provider. Please install it with: pip install apache-airflow[cncf.kubernetes]
[2022-03-14 11:26:01,295] {processor.py:656} WARNING - No viable dags retrieved from /opt/anaconda3/lib/python3.9/site-packages/airflow/example_dags/example_kubernetes_executor.py
[2022-03-14 11:26:01,297] {processor.py:171} INFO - Processing /opt/anaconda3/lib/python3.9/site-packages/airflow/example_dags/example_kubernetes_executor.py took 0.065 seconds
[2022-03-14 11:28:38,134] {processor.py:163} INFO - Started process (PID=80726) to work on /opt/anaconda3/lib/python3.9/site-packages/airflow/example_dags/example_kubernetes_executor.py
[2022-03-14 11:28:38,141] {processor.py:642} INFO - Processing file /opt/anaconda3/lib/python3.9/site-packages/airflow/example_dags/example_kubernetes_executor.py for tasks to queue
[2022-03-14 11:28:38,141] {logging_mixin.py:109} INFO - [2022-03-14 11:28:38,141] {dagbag.py:500} INFO - Filling up the DagBag from /opt/anaconda3/lib/python3.9/site-packages/airflow/example_dags/example_kubernetes_executor.py
[2022-03-14 11:28:38,172] {logging_mixin.py:109} INFO - [2022-03-14 11:28:38,172] {example_kubernetes_executor.py:39} WARNING - The example_kubernetes_executor example DAG requires the kubernetes provider. Please install it with: pip install apache-airflow[cncf.kubernetes]
[2022-03-14 11:28:38,199] {processor.py:656} WARNING - No viable dags retrieved from /opt/anaconda3/lib/python3.9/site-packages/airflow/example_dags/example_kubernetes_executor.py
[2022-03-14 11:28:38,201] {processor.py:171} INFO - Processing /opt/anaconda3/lib/python3.9/site-packages/airflow/example_dags/example_kubernetes_executor.py took 0.067 seconds
[2022-03-14 11:31:14,080] {processor.py:163} INFO - Started process (PID=80851) to work on /opt/anaconda3/lib/python3.9/site-packages/airflow/example_dags/example_kubernetes_executor.py
[2022-03-14 11:31:14,080] {processor.py:642} INFO - Processing file /opt/anaconda3/lib/python3.9/site-packages/airflow/example_dags/example_kubernetes_executor.py for tasks to queue
[2022-03-14 11:31:14,081] {logging_mixin.py:109} INFO - [2022-03-14 11:31:14,081] {dagbag.py:500} INFO - Filling up the DagBag from /opt/anaconda3/lib/python3.9/site-packages/airflow/example_dags/example_kubernetes_executor.py
[2022-03-14 11:31:14,106] {logging_mixin.py:109} INFO - [2022-03-14 11:31:14,105] {example_kubernetes_executor.py:39} WARNING - The example_kubernetes_executor example DAG requires the kubernetes provider. Please install it with: pip install apache-airflow[cncf.kubernetes]
[2022-03-14 11:31:14,130] {processor.py:656} WARNING - No viable dags retrieved from /opt/anaconda3/lib/python3.9/site-packages/airflow/example_dags/example_kubernetes_executor.py
[2022-03-14 11:31:14,131] {processor.py:171} INFO - Processing /opt/anaconda3/lib/python3.9/site-packages/airflow/example_dags/example_kubernetes_executor.py took 0.052 seconds
[2022-03-14 11:33:47,964] {processor.py:163} INFO - Started process (PID=80926) to work on /opt/anaconda3/lib/python3.9/site-packages/airflow/example_dags/example_kubernetes_executor.py
[2022-03-14 11:33:47,964] {processor.py:642} INFO - Processing file /opt/anaconda3/lib/python3.9/site-packages/airflow/example_dags/example_kubernetes_executor.py for tasks to queue
[2022-03-14 11:33:47,965] {logging_mixin.py:109} INFO - [2022-03-14 11:33:47,965] {dagbag.py:500} INFO - Filling up the DagBag from /opt/anaconda3/lib/python3.9/site-packages/airflow/example_dags/example_kubernetes_executor.py
[2022-03-14 11:33:47,989] {logging_mixin.py:109} INFO - [2022-03-14 11:33:47,989] {example_kubernetes_executor.py:39} WARNING - The example_kubernetes_executor example DAG requires the kubernetes provider. Please install it with: pip install apache-airflow[cncf.kubernetes]
[2022-03-14 11:33:48,015] {processor.py:656} WARNING - No viable dags retrieved from /opt/anaconda3/lib/python3.9/site-packages/airflow/example_dags/example_kubernetes_executor.py
[2022-03-14 11:33:48,016] {processor.py:171} INFO - Processing /opt/anaconda3/lib/python3.9/site-packages/airflow/example_dags/example_kubernetes_executor.py took 0.053 seconds
[2022-03-14 11:36:16,806] {processor.py:163} INFO - Started process (PID=80995) to work on /opt/anaconda3/lib/python3.9/site-packages/airflow/example_dags/example_kubernetes_executor.py
[2022-03-14 11:36:16,812] {processor.py:642} INFO - Processing file /opt/anaconda3/lib/python3.9/site-packages/airflow/example_dags/example_kubernetes_executor.py for tasks to queue
[2022-03-14 11:36:16,813] {logging_mixin.py:109} INFO - [2022-03-14 11:36:16,812] {dagbag.py:500} INFO - Filling up the DagBag from /opt/anaconda3/lib/python3.9/site-packages/airflow/example_dags/example_kubernetes_executor.py
[2022-03-14 11:36:16,840] {logging_mixin.py:109} INFO - [2022-03-14 11:36:16,840] {example_kubernetes_executor.py:39} WARNING - The example_kubernetes_executor example DAG requires the kubernetes provider. Please install it with: pip install apache-airflow[cncf.kubernetes]
[2022-03-14 11:36:16,865] {processor.py:656} WARNING - No viable dags retrieved from /opt/anaconda3/lib/python3.9/site-packages/airflow/example_dags/example_kubernetes_executor.py
[2022-03-14 11:36:16,866] {processor.py:171} INFO - Processing /opt/anaconda3/lib/python3.9/site-packages/airflow/example_dags/example_kubernetes_executor.py took 0.061 seconds
[2022-03-14 11:38:50,801] {processor.py:163} INFO - Started process (PID=81217) to work on /opt/anaconda3/lib/python3.9/site-packages/airflow/example_dags/example_kubernetes_executor.py
[2022-03-14 11:38:50,802] {processor.py:642} INFO - Processing file /opt/anaconda3/lib/python3.9/site-packages/airflow/example_dags/example_kubernetes_executor.py for tasks to queue
[2022-03-14 11:38:50,802] {logging_mixin.py:109} INFO - [2022-03-14 11:38:50,802] {dagbag.py:500} INFO - Filling up the DagBag from /opt/anaconda3/lib/python3.9/site-packages/airflow/example_dags/example_kubernetes_executor.py
[2022-03-14 11:38:50,837] {logging_mixin.py:109} INFO - [2022-03-14 11:38:50,837] {example_kubernetes_executor.py:39} WARNING - The example_kubernetes_executor example DAG requires the kubernetes provider. Please install it with: pip install apache-airflow[cncf.kubernetes]
[2022-03-14 11:38:50,864] {processor.py:656} WARNING - No viable dags retrieved from /opt/anaconda3/lib/python3.9/site-packages/airflow/example_dags/example_kubernetes_executor.py
[2022-03-14 11:38:50,866] {processor.py:171} INFO - Processing /opt/anaconda3/lib/python3.9/site-packages/airflow/example_dags/example_kubernetes_executor.py took 0.066 seconds
[2022-03-14 11:41:21,646] {processor.py:163} INFO - Started process (PID=81366) to work on /opt/anaconda3/lib/python3.9/site-packages/airflow/example_dags/example_kubernetes_executor.py
[2022-03-14 11:41:21,652] {processor.py:642} INFO - Processing file /opt/anaconda3/lib/python3.9/site-packages/airflow/example_dags/example_kubernetes_executor.py for tasks to queue
[2022-03-14 11:41:21,653] {logging_mixin.py:109} INFO - [2022-03-14 11:41:21,653] {dagbag.py:500} INFO - Filling up the DagBag from /opt/anaconda3/lib/python3.9/site-packages/airflow/example_dags/example_kubernetes_executor.py
[2022-03-14 11:41:21,683] {logging_mixin.py:109} INFO - [2022-03-14 11:41:21,683] {example_kubernetes_executor.py:39} WARNING - The example_kubernetes_executor example DAG requires the kubernetes provider. Please install it with: pip install apache-airflow[cncf.kubernetes]
[2022-03-14 11:41:21,707] {processor.py:656} WARNING - No viable dags retrieved from /opt/anaconda3/lib/python3.9/site-packages/airflow/example_dags/example_kubernetes_executor.py
[2022-03-14 11:41:21,708] {processor.py:171} INFO - Processing /opt/anaconda3/lib/python3.9/site-packages/airflow/example_dags/example_kubernetes_executor.py took 0.063 seconds
[2022-03-14 11:43:45,101] {processor.py:163} INFO - Started process (PID=81452) to work on /opt/anaconda3/lib/python3.9/site-packages/airflow/example_dags/example_kubernetes_executor.py
[2022-03-14 11:43:45,104] {processor.py:642} INFO - Processing file /opt/anaconda3/lib/python3.9/site-packages/airflow/example_dags/example_kubernetes_executor.py for tasks to queue
[2022-03-14 11:43:45,105] {logging_mixin.py:109} INFO - [2022-03-14 11:43:45,105] {dagbag.py:500} INFO - Filling up the DagBag from /opt/anaconda3/lib/python3.9/site-packages/airflow/example_dags/example_kubernetes_executor.py
[2022-03-14 11:43:45,135] {logging_mixin.py:109} INFO - [2022-03-14 11:43:45,135] {example_kubernetes_executor.py:39} WARNING - The example_kubernetes_executor example DAG requires the kubernetes provider. Please install it with: pip install apache-airflow[cncf.kubernetes]
[2022-03-14 11:43:45,158] {processor.py:656} WARNING - No viable dags retrieved from /opt/anaconda3/lib/python3.9/site-packages/airflow/example_dags/example_kubernetes_executor.py
[2022-03-14 11:43:45,160] {processor.py:171} INFO - Processing /opt/anaconda3/lib/python3.9/site-packages/airflow/example_dags/example_kubernetes_executor.py took 0.059 seconds
[2022-03-14 11:46:18,644] {processor.py:163} INFO - Started process (PID=81575) to work on /opt/anaconda3/lib/python3.9/site-packages/airflow/example_dags/example_kubernetes_executor.py
[2022-03-14 11:46:18,646] {processor.py:642} INFO - Processing file /opt/anaconda3/lib/python3.9/site-packages/airflow/example_dags/example_kubernetes_executor.py for tasks to queue
[2022-03-14 11:46:18,647] {logging_mixin.py:109} INFO - [2022-03-14 11:46:18,647] {dagbag.py:500} INFO - Filling up the DagBag from /opt/anaconda3/lib/python3.9/site-packages/airflow/example_dags/example_kubernetes_executor.py
[2022-03-14 11:46:18,675] {logging_mixin.py:109} INFO - [2022-03-14 11:46:18,675] {example_kubernetes_executor.py:39} WARNING - The example_kubernetes_executor example DAG requires the kubernetes provider. Please install it with: pip install apache-airflow[cncf.kubernetes]
[2022-03-14 11:46:18,700] {processor.py:656} WARNING - No viable dags retrieved from /opt/anaconda3/lib/python3.9/site-packages/airflow/example_dags/example_kubernetes_executor.py
[2022-03-14 11:46:18,702] {processor.py:171} INFO - Processing /opt/anaconda3/lib/python3.9/site-packages/airflow/example_dags/example_kubernetes_executor.py took 0.059 seconds
[2022-03-14 11:48:52,211] {processor.py:163} INFO - Started process (PID=81718) to work on /opt/anaconda3/lib/python3.9/site-packages/airflow/example_dags/example_kubernetes_executor.py
[2022-03-14 11:48:52,212] {processor.py:642} INFO - Processing file /opt/anaconda3/lib/python3.9/site-packages/airflow/example_dags/example_kubernetes_executor.py for tasks to queue
[2022-03-14 11:48:52,212] {logging_mixin.py:109} INFO - [2022-03-14 11:48:52,212] {dagbag.py:500} INFO - Filling up the DagBag from /opt/anaconda3/lib/python3.9/site-packages/airflow/example_dags/example_kubernetes_executor.py
[2022-03-14 11:48:52,241] {logging_mixin.py:109} INFO - [2022-03-14 11:48:52,241] {example_kubernetes_executor.py:39} WARNING - The example_kubernetes_executor example DAG requires the kubernetes provider. Please install it with: pip install apache-airflow[cncf.kubernetes]
[2022-03-14 11:48:52,265] {processor.py:656} WARNING - No viable dags retrieved from /opt/anaconda3/lib/python3.9/site-packages/airflow/example_dags/example_kubernetes_executor.py
[2022-03-14 11:48:52,267] {processor.py:171} INFO - Processing /opt/anaconda3/lib/python3.9/site-packages/airflow/example_dags/example_kubernetes_executor.py took 0.056 seconds
[2022-03-14 11:51:24,313] {processor.py:163} INFO - Started process (PID=81819) to work on /opt/anaconda3/lib/python3.9/site-packages/airflow/example_dags/example_kubernetes_executor.py
[2022-03-14 11:51:24,313] {processor.py:642} INFO - Processing file /opt/anaconda3/lib/python3.9/site-packages/airflow/example_dags/example_kubernetes_executor.py for tasks to queue
[2022-03-14 11:51:24,314] {logging_mixin.py:109} INFO - [2022-03-14 11:51:24,314] {dagbag.py:500} INFO - Filling up the DagBag from /opt/anaconda3/lib/python3.9/site-packages/airflow/example_dags/example_kubernetes_executor.py
[2022-03-14 11:51:24,338] {logging_mixin.py:109} INFO - [2022-03-14 11:51:24,338] {example_kubernetes_executor.py:39} WARNING - The example_kubernetes_executor example DAG requires the kubernetes provider. Please install it with: pip install apache-airflow[cncf.kubernetes]
[2022-03-14 11:51:24,363] {processor.py:656} WARNING - No viable dags retrieved from /opt/anaconda3/lib/python3.9/site-packages/airflow/example_dags/example_kubernetes_executor.py
[2022-03-14 11:51:24,364] {processor.py:171} INFO - Processing /opt/anaconda3/lib/python3.9/site-packages/airflow/example_dags/example_kubernetes_executor.py took 0.052 seconds
[2022-03-14 11:53:59,661] {processor.py:163} INFO - Started process (PID=81930) to work on /opt/anaconda3/lib/python3.9/site-packages/airflow/example_dags/example_kubernetes_executor.py
[2022-03-14 11:53:59,661] {processor.py:642} INFO - Processing file /opt/anaconda3/lib/python3.9/site-packages/airflow/example_dags/example_kubernetes_executor.py for tasks to queue
[2022-03-14 11:53:59,662] {logging_mixin.py:109} INFO - [2022-03-14 11:53:59,662] {dagbag.py:500} INFO - Filling up the DagBag from /opt/anaconda3/lib/python3.9/site-packages/airflow/example_dags/example_kubernetes_executor.py
[2022-03-14 11:53:59,687] {logging_mixin.py:109} INFO - [2022-03-14 11:53:59,687] {example_kubernetes_executor.py:39} WARNING - The example_kubernetes_executor example DAG requires the kubernetes provider. Please install it with: pip install apache-airflow[cncf.kubernetes]
[2022-03-14 11:53:59,712] {processor.py:656} WARNING - No viable dags retrieved from /opt/anaconda3/lib/python3.9/site-packages/airflow/example_dags/example_kubernetes_executor.py
[2022-03-14 11:53:59,713] {processor.py:171} INFO - Processing /opt/anaconda3/lib/python3.9/site-packages/airflow/example_dags/example_kubernetes_executor.py took 0.053 seconds
[2022-03-14 11:56:32,479] {processor.py:163} INFO - Started process (PID=82027) to work on /opt/anaconda3/lib/python3.9/site-packages/airflow/example_dags/example_kubernetes_executor.py
[2022-03-14 11:56:32,479] {processor.py:642} INFO - Processing file /opt/anaconda3/lib/python3.9/site-packages/airflow/example_dags/example_kubernetes_executor.py for tasks to queue
[2022-03-14 11:56:32,479] {logging_mixin.py:109} INFO - [2022-03-14 11:56:32,479] {dagbag.py:500} INFO - Filling up the DagBag from /opt/anaconda3/lib/python3.9/site-packages/airflow/example_dags/example_kubernetes_executor.py
[2022-03-14 11:56:32,507] {logging_mixin.py:109} INFO - [2022-03-14 11:56:32,507] {example_kubernetes_executor.py:39} WARNING - The example_kubernetes_executor example DAG requires the kubernetes provider. Please install it with: pip install apache-airflow[cncf.kubernetes]
[2022-03-14 11:56:32,530] {processor.py:656} WARNING - No viable dags retrieved from /opt/anaconda3/lib/python3.9/site-packages/airflow/example_dags/example_kubernetes_executor.py
[2022-03-14 11:56:32,532] {processor.py:171} INFO - Processing /opt/anaconda3/lib/python3.9/site-packages/airflow/example_dags/example_kubernetes_executor.py took 0.054 seconds
[2022-03-14 11:59:06,673] {processor.py:163} INFO - Started process (PID=82192) to work on /opt/anaconda3/lib/python3.9/site-packages/airflow/example_dags/example_kubernetes_executor.py
[2022-03-14 11:59:06,679] {processor.py:642} INFO - Processing file /opt/anaconda3/lib/python3.9/site-packages/airflow/example_dags/example_kubernetes_executor.py for tasks to queue
[2022-03-14 11:59:06,680] {logging_mixin.py:109} INFO - [2022-03-14 11:59:06,679] {dagbag.py:500} INFO - Filling up the DagBag from /opt/anaconda3/lib/python3.9/site-packages/airflow/example_dags/example_kubernetes_executor.py
[2022-03-14 11:59:06,705] {logging_mixin.py:109} INFO - [2022-03-14 11:59:06,705] {example_kubernetes_executor.py:39} WARNING - The example_kubernetes_executor example DAG requires the kubernetes provider. Please install it with: pip install apache-airflow[cncf.kubernetes]
[2022-03-14 11:59:06,730] {processor.py:656} WARNING - No viable dags retrieved from /opt/anaconda3/lib/python3.9/site-packages/airflow/example_dags/example_kubernetes_executor.py
[2022-03-14 11:59:06,732] {processor.py:171} INFO - Processing /opt/anaconda3/lib/python3.9/site-packages/airflow/example_dags/example_kubernetes_executor.py took 0.059 seconds
[2022-03-14 12:01:41,613] {processor.py:163} INFO - Started process (PID=82281) to work on /opt/anaconda3/lib/python3.9/site-packages/airflow/example_dags/example_kubernetes_executor.py
[2022-03-14 12:01:41,619] {processor.py:642} INFO - Processing file /opt/anaconda3/lib/python3.9/site-packages/airflow/example_dags/example_kubernetes_executor.py for tasks to queue
[2022-03-14 12:01:41,619] {logging_mixin.py:109} INFO - [2022-03-14 12:01:41,619] {dagbag.py:500} INFO - Filling up the DagBag from /opt/anaconda3/lib/python3.9/site-packages/airflow/example_dags/example_kubernetes_executor.py
[2022-03-14 12:01:41,645] {logging_mixin.py:109} INFO - [2022-03-14 12:01:41,645] {example_kubernetes_executor.py:39} WARNING - The example_kubernetes_executor example DAG requires the kubernetes provider. Please install it with: pip install apache-airflow[cncf.kubernetes]
[2022-03-14 12:01:41,669] {processor.py:656} WARNING - No viable dags retrieved from /opt/anaconda3/lib/python3.9/site-packages/airflow/example_dags/example_kubernetes_executor.py
[2022-03-14 12:01:41,671] {processor.py:171} INFO - Processing /opt/anaconda3/lib/python3.9/site-packages/airflow/example_dags/example_kubernetes_executor.py took 0.059 seconds
[2022-03-14 12:04:11,066] {processor.py:163} INFO - Started process (PID=82380) to work on /opt/anaconda3/lib/python3.9/site-packages/airflow/example_dags/example_kubernetes_executor.py
[2022-03-14 12:04:11,067] {processor.py:642} INFO - Processing file /opt/anaconda3/lib/python3.9/site-packages/airflow/example_dags/example_kubernetes_executor.py for tasks to queue
[2022-03-14 12:04:11,067] {logging_mixin.py:109} INFO - [2022-03-14 12:04:11,067] {dagbag.py:500} INFO - Filling up the DagBag from /opt/anaconda3/lib/python3.9/site-packages/airflow/example_dags/example_kubernetes_executor.py
[2022-03-14 12:04:11,092] {logging_mixin.py:109} INFO - [2022-03-14 12:04:11,092] {example_kubernetes_executor.py:39} WARNING - The example_kubernetes_executor example DAG requires the kubernetes provider. Please install it with: pip install apache-airflow[cncf.kubernetes]
[2022-03-14 12:04:11,117] {processor.py:656} WARNING - No viable dags retrieved from /opt/anaconda3/lib/python3.9/site-packages/airflow/example_dags/example_kubernetes_executor.py
[2022-03-14 12:04:11,118] {processor.py:171} INFO - Processing /opt/anaconda3/lib/python3.9/site-packages/airflow/example_dags/example_kubernetes_executor.py took 0.053 seconds
[2022-03-14 12:07:23,239] {processor.py:163} INFO - Started process (PID=82515) to work on /opt/anaconda3/lib/python3.9/site-packages/airflow/example_dags/example_kubernetes_executor.py
[2022-03-14 12:07:23,241] {processor.py:642} INFO - Processing file /opt/anaconda3/lib/python3.9/site-packages/airflow/example_dags/example_kubernetes_executor.py for tasks to queue
[2022-03-14 12:07:23,242] {logging_mixin.py:109} INFO - [2022-03-14 12:07:23,242] {dagbag.py:500} INFO - Filling up the DagBag from /opt/anaconda3/lib/python3.9/site-packages/airflow/example_dags/example_kubernetes_executor.py
[2022-03-14 12:07:23,268] {logging_mixin.py:109} INFO - [2022-03-14 12:07:23,268] {example_kubernetes_executor.py:39} WARNING - The example_kubernetes_executor example DAG requires the kubernetes provider. Please install it with: pip install apache-airflow[cncf.kubernetes]
[2022-03-14 12:07:23,294] {processor.py:656} WARNING - No viable dags retrieved from /opt/anaconda3/lib/python3.9/site-packages/airflow/example_dags/example_kubernetes_executor.py
[2022-03-14 12:07:23,296] {processor.py:171} INFO - Processing /opt/anaconda3/lib/python3.9/site-packages/airflow/example_dags/example_kubernetes_executor.py took 0.058 seconds
