[2022-03-14 09:08:50,001] {processor.py:163} INFO - Started process (PID=74079) to work on /opt/anaconda3/lib/python3.9/site-packages/airflow/example_dags/example_bash_operator.py
[2022-03-14 09:08:50,002] {processor.py:642} INFO - Processing file /opt/anaconda3/lib/python3.9/site-packages/airflow/example_dags/example_bash_operator.py for tasks to queue
[2022-03-14 09:08:50,002] {logging_mixin.py:109} INFO - [2022-03-14 09:08:50,002] {dagbag.py:500} INFO - Filling up the DagBag from /opt/anaconda3/lib/python3.9/site-packages/airflow/example_dags/example_bash_operator.py
[2022-03-14 09:08:50,047] {processor.py:654} INFO - DAG(s) dict_keys(['example_bash_operator']) retrieved from /opt/anaconda3/lib/python3.9/site-packages/airflow/example_dags/example_bash_operator.py
[2022-03-14 09:08:50,067] {logging_mixin.py:109} INFO - [2022-03-14 09:08:50,066] {dag.py:2398} INFO - Sync 1 DAGs
[2022-03-14 09:08:50,077] {logging_mixin.py:109} INFO - [2022-03-14 09:08:50,077] {dag.py:2937} INFO - Setting next_dagrun for example_bash_operator to 2022-03-13 00:00:00+00:00
[2022-03-14 09:08:50,087] {processor.py:171} INFO - Processing /opt/anaconda3/lib/python3.9/site-packages/airflow/example_dags/example_bash_operator.py took 0.087 seconds
[2022-03-14 09:38:05,075] {processor.py:163} INFO - Started process (PID=74828) to work on /opt/anaconda3/lib/python3.9/site-packages/airflow/example_dags/example_bash_operator.py
[2022-03-14 09:38:05,077] {processor.py:642} INFO - Processing file /opt/anaconda3/lib/python3.9/site-packages/airflow/example_dags/example_bash_operator.py for tasks to queue
[2022-03-14 09:38:05,078] {logging_mixin.py:109} INFO - [2022-03-14 09:38:05,077] {dagbag.py:500} INFO - Filling up the DagBag from /opt/anaconda3/lib/python3.9/site-packages/airflow/example_dags/example_bash_operator.py
[2022-03-14 09:38:05,124] {processor.py:654} INFO - DAG(s) dict_keys(['example_bash_operator']) retrieved from /opt/anaconda3/lib/python3.9/site-packages/airflow/example_dags/example_bash_operator.py
[2022-03-14 09:38:05,144] {logging_mixin.py:109} INFO - [2022-03-14 09:38:05,144] {dag.py:2398} INFO - Sync 1 DAGs
[2022-03-14 09:38:05,155] {logging_mixin.py:109} INFO - [2022-03-14 09:38:05,154] {dag.py:2937} INFO - Setting next_dagrun for example_bash_operator to 2022-03-13 00:00:00+00:00
[2022-03-14 09:38:05,165] {processor.py:171} INFO - Processing /opt/anaconda3/lib/python3.9/site-packages/airflow/example_dags/example_bash_operator.py took 0.091 seconds
[2022-03-14 09:40:38,744] {processor.py:163} INFO - Started process (PID=75090) to work on /opt/anaconda3/lib/python3.9/site-packages/airflow/example_dags/example_bash_operator.py
[2022-03-14 09:40:38,750] {processor.py:642} INFO - Processing file /opt/anaconda3/lib/python3.9/site-packages/airflow/example_dags/example_bash_operator.py for tasks to queue
[2022-03-14 09:40:38,751] {logging_mixin.py:109} INFO - [2022-03-14 09:40:38,751] {dagbag.py:500} INFO - Filling up the DagBag from /opt/anaconda3/lib/python3.9/site-packages/airflow/example_dags/example_bash_operator.py
[2022-03-14 09:40:38,834] {processor.py:654} INFO - DAG(s) dict_keys(['example_bash_operator']) retrieved from /opt/anaconda3/lib/python3.9/site-packages/airflow/example_dags/example_bash_operator.py
[2022-03-14 09:40:38,854] {logging_mixin.py:109} INFO - [2022-03-14 09:40:38,854] {dag.py:2398} INFO - Sync 1 DAGs
[2022-03-14 09:40:38,866] {logging_mixin.py:109} INFO - [2022-03-14 09:40:38,866] {dag.py:2937} INFO - Setting next_dagrun for example_bash_operator to 2022-03-13 00:00:00+00:00
[2022-03-14 09:40:38,876] {processor.py:171} INFO - Processing /opt/anaconda3/lib/python3.9/site-packages/airflow/example_dags/example_bash_operator.py took 0.133 seconds
[2022-03-14 09:43:08,205] {processor.py:163} INFO - Started process (PID=75208) to work on /opt/anaconda3/lib/python3.9/site-packages/airflow/example_dags/example_bash_operator.py
[2022-03-14 09:43:08,205] {processor.py:642} INFO - Processing file /opt/anaconda3/lib/python3.9/site-packages/airflow/example_dags/example_bash_operator.py for tasks to queue
[2022-03-14 09:43:08,206] {logging_mixin.py:109} INFO - [2022-03-14 09:43:08,206] {dagbag.py:500} INFO - Filling up the DagBag from /opt/anaconda3/lib/python3.9/site-packages/airflow/example_dags/example_bash_operator.py
[2022-03-14 09:43:08,250] {processor.py:654} INFO - DAG(s) dict_keys(['example_bash_operator']) retrieved from /opt/anaconda3/lib/python3.9/site-packages/airflow/example_dags/example_bash_operator.py
[2022-03-14 09:43:08,269] {logging_mixin.py:109} INFO - [2022-03-14 09:43:08,269] {dag.py:2398} INFO - Sync 1 DAGs
[2022-03-14 09:43:08,279] {logging_mixin.py:109} INFO - [2022-03-14 09:43:08,279] {dag.py:2937} INFO - Setting next_dagrun for example_bash_operator to 2022-03-13 00:00:00+00:00
[2022-03-14 09:43:08,293] {processor.py:171} INFO - Processing /opt/anaconda3/lib/python3.9/site-packages/airflow/example_dags/example_bash_operator.py took 0.089 seconds
[2022-03-14 09:45:46,353] {processor.py:163} INFO - Started process (PID=75303) to work on /opt/anaconda3/lib/python3.9/site-packages/airflow/example_dags/example_bash_operator.py
[2022-03-14 09:45:46,360] {processor.py:642} INFO - Processing file /opt/anaconda3/lib/python3.9/site-packages/airflow/example_dags/example_bash_operator.py for tasks to queue
[2022-03-14 09:45:46,360] {logging_mixin.py:109} INFO - [2022-03-14 09:45:46,360] {dagbag.py:500} INFO - Filling up the DagBag from /opt/anaconda3/lib/python3.9/site-packages/airflow/example_dags/example_bash_operator.py
[2022-03-14 09:45:46,408] {processor.py:654} INFO - DAG(s) dict_keys(['example_bash_operator']) retrieved from /opt/anaconda3/lib/python3.9/site-packages/airflow/example_dags/example_bash_operator.py
[2022-03-14 09:45:46,428] {logging_mixin.py:109} INFO - [2022-03-14 09:45:46,427] {dag.py:2398} INFO - Sync 1 DAGs
[2022-03-14 09:45:46,438] {logging_mixin.py:109} INFO - [2022-03-14 09:45:46,438] {dag.py:2937} INFO - Setting next_dagrun for example_bash_operator to 2022-03-13 00:00:00+00:00
[2022-03-14 09:45:46,450] {processor.py:171} INFO - Processing /opt/anaconda3/lib/python3.9/site-packages/airflow/example_dags/example_bash_operator.py took 0.097 seconds
[2022-03-14 09:48:17,321] {processor.py:163} INFO - Started process (PID=75387) to work on /opt/anaconda3/lib/python3.9/site-packages/airflow/example_dags/example_bash_operator.py
[2022-03-14 09:48:17,327] {processor.py:642} INFO - Processing file /opt/anaconda3/lib/python3.9/site-packages/airflow/example_dags/example_bash_operator.py for tasks to queue
[2022-03-14 09:48:17,328] {logging_mixin.py:109} INFO - [2022-03-14 09:48:17,328] {dagbag.py:500} INFO - Filling up the DagBag from /opt/anaconda3/lib/python3.9/site-packages/airflow/example_dags/example_bash_operator.py
[2022-03-14 09:48:17,377] {processor.py:654} INFO - DAG(s) dict_keys(['example_bash_operator']) retrieved from /opt/anaconda3/lib/python3.9/site-packages/airflow/example_dags/example_bash_operator.py
[2022-03-14 09:48:17,397] {logging_mixin.py:109} INFO - [2022-03-14 09:48:17,397] {dag.py:2398} INFO - Sync 1 DAGs
[2022-03-14 09:48:17,409] {logging_mixin.py:109} INFO - [2022-03-14 09:48:17,409] {dag.py:2937} INFO - Setting next_dagrun for example_bash_operator to 2022-03-13 00:00:00+00:00
[2022-03-14 09:48:17,419] {processor.py:171} INFO - Processing /opt/anaconda3/lib/python3.9/site-packages/airflow/example_dags/example_bash_operator.py took 0.099 seconds
[2022-03-14 09:50:46,647] {processor.py:163} INFO - Started process (PID=75563) to work on /opt/anaconda3/lib/python3.9/site-packages/airflow/example_dags/example_bash_operator.py
[2022-03-14 09:50:46,653] {processor.py:642} INFO - Processing file /opt/anaconda3/lib/python3.9/site-packages/airflow/example_dags/example_bash_operator.py for tasks to queue
[2022-03-14 09:50:46,654] {logging_mixin.py:109} INFO - [2022-03-14 09:50:46,654] {dagbag.py:500} INFO - Filling up the DagBag from /opt/anaconda3/lib/python3.9/site-packages/airflow/example_dags/example_bash_operator.py
[2022-03-14 09:50:46,703] {processor.py:654} INFO - DAG(s) dict_keys(['example_bash_operator']) retrieved from /opt/anaconda3/lib/python3.9/site-packages/airflow/example_dags/example_bash_operator.py
[2022-03-14 09:50:46,722] {logging_mixin.py:109} INFO - [2022-03-14 09:50:46,721] {dag.py:2398} INFO - Sync 1 DAGs
[2022-03-14 09:50:46,732] {logging_mixin.py:109} INFO - [2022-03-14 09:50:46,732] {dag.py:2937} INFO - Setting next_dagrun for example_bash_operator to 2022-03-13 00:00:00+00:00
[2022-03-14 09:50:46,743] {processor.py:171} INFO - Processing /opt/anaconda3/lib/python3.9/site-packages/airflow/example_dags/example_bash_operator.py took 0.096 seconds
[2022-03-14 09:53:15,488] {processor.py:163} INFO - Started process (PID=75692) to work on /opt/anaconda3/lib/python3.9/site-packages/airflow/example_dags/example_bash_operator.py
[2022-03-14 09:53:15,489] {processor.py:642} INFO - Processing file /opt/anaconda3/lib/python3.9/site-packages/airflow/example_dags/example_bash_operator.py for tasks to queue
[2022-03-14 09:53:15,489] {logging_mixin.py:109} INFO - [2022-03-14 09:53:15,489] {dagbag.py:500} INFO - Filling up the DagBag from /opt/anaconda3/lib/python3.9/site-packages/airflow/example_dags/example_bash_operator.py
[2022-03-14 09:53:15,530] {processor.py:654} INFO - DAG(s) dict_keys(['example_bash_operator']) retrieved from /opt/anaconda3/lib/python3.9/site-packages/airflow/example_dags/example_bash_operator.py
[2022-03-14 09:53:15,548] {logging_mixin.py:109} INFO - [2022-03-14 09:53:15,548] {dag.py:2398} INFO - Sync 1 DAGs
[2022-03-14 09:53:15,558] {logging_mixin.py:109} INFO - [2022-03-14 09:53:15,558] {dag.py:2937} INFO - Setting next_dagrun for example_bash_operator to 2022-03-13 00:00:00+00:00
[2022-03-14 09:53:15,567] {processor.py:171} INFO - Processing /opt/anaconda3/lib/python3.9/site-packages/airflow/example_dags/example_bash_operator.py took 0.080 seconds
[2022-03-14 09:55:52,568] {processor.py:163} INFO - Started process (PID=75768) to work on /opt/anaconda3/lib/python3.9/site-packages/airflow/example_dags/example_bash_operator.py
[2022-03-14 09:55:52,574] {processor.py:642} INFO - Processing file /opt/anaconda3/lib/python3.9/site-packages/airflow/example_dags/example_bash_operator.py for tasks to queue
[2022-03-14 09:55:52,574] {logging_mixin.py:109} INFO - [2022-03-14 09:55:52,574] {dagbag.py:500} INFO - Filling up the DagBag from /opt/anaconda3/lib/python3.9/site-packages/airflow/example_dags/example_bash_operator.py
[2022-03-14 09:55:52,623] {processor.py:654} INFO - DAG(s) dict_keys(['example_bash_operator']) retrieved from /opt/anaconda3/lib/python3.9/site-packages/airflow/example_dags/example_bash_operator.py
[2022-03-14 09:55:52,645] {logging_mixin.py:109} INFO - [2022-03-14 09:55:52,644] {dag.py:2398} INFO - Sync 1 DAGs
[2022-03-14 09:55:52,657] {logging_mixin.py:109} INFO - [2022-03-14 09:55:52,657] {dag.py:2937} INFO - Setting next_dagrun for example_bash_operator to 2022-03-13 00:00:00+00:00
[2022-03-14 09:55:52,670] {processor.py:171} INFO - Processing /opt/anaconda3/lib/python3.9/site-packages/airflow/example_dags/example_bash_operator.py took 0.103 seconds
[2022-03-14 10:00:36,595] {processor.py:163} INFO - Started process (PID=75999) to work on /opt/anaconda3/lib/python3.9/site-packages/airflow/example_dags/example_bash_operator.py
[2022-03-14 10:00:36,601] {processor.py:642} INFO - Processing file /opt/anaconda3/lib/python3.9/site-packages/airflow/example_dags/example_bash_operator.py for tasks to queue
[2022-03-14 10:00:36,602] {logging_mixin.py:109} INFO - [2022-03-14 10:00:36,602] {dagbag.py:500} INFO - Filling up the DagBag from /opt/anaconda3/lib/python3.9/site-packages/airflow/example_dags/example_bash_operator.py
[2022-03-14 10:00:36,646] {processor.py:654} INFO - DAG(s) dict_keys(['example_bash_operator']) retrieved from /opt/anaconda3/lib/python3.9/site-packages/airflow/example_dags/example_bash_operator.py
[2022-03-14 10:00:36,666] {logging_mixin.py:109} INFO - [2022-03-14 10:00:36,665] {dag.py:2398} INFO - Sync 1 DAGs
[2022-03-14 10:00:36,676] {logging_mixin.py:109} INFO - [2022-03-14 10:00:36,676] {dag.py:2937} INFO - Setting next_dagrun for example_bash_operator to 2022-03-13 00:00:00+00:00
[2022-03-14 10:00:36,685] {processor.py:171} INFO - Processing /opt/anaconda3/lib/python3.9/site-packages/airflow/example_dags/example_bash_operator.py took 0.091 seconds
[2022-03-14 10:03:08,040] {processor.py:163} INFO - Started process (PID=76097) to work on /opt/anaconda3/lib/python3.9/site-packages/airflow/example_dags/example_bash_operator.py
[2022-03-14 10:03:08,040] {processor.py:642} INFO - Processing file /opt/anaconda3/lib/python3.9/site-packages/airflow/example_dags/example_bash_operator.py for tasks to queue
[2022-03-14 10:03:08,041] {logging_mixin.py:109} INFO - [2022-03-14 10:03:08,041] {dagbag.py:500} INFO - Filling up the DagBag from /opt/anaconda3/lib/python3.9/site-packages/airflow/example_dags/example_bash_operator.py
[2022-03-14 10:03:08,085] {processor.py:654} INFO - DAG(s) dict_keys(['example_bash_operator']) retrieved from /opt/anaconda3/lib/python3.9/site-packages/airflow/example_dags/example_bash_operator.py
[2022-03-14 10:03:08,104] {logging_mixin.py:109} INFO - [2022-03-14 10:03:08,103] {dag.py:2398} INFO - Sync 1 DAGs
[2022-03-14 10:03:08,114] {logging_mixin.py:109} INFO - [2022-03-14 10:03:08,114] {dag.py:2937} INFO - Setting next_dagrun for example_bash_operator to 2022-03-13 00:00:00+00:00
[2022-03-14 10:03:08,129] {processor.py:171} INFO - Processing /opt/anaconda3/lib/python3.9/site-packages/airflow/example_dags/example_bash_operator.py took 0.089 seconds
[2022-03-14 10:07:22,235] {processor.py:163} INFO - Started process (PID=76233) to work on /opt/anaconda3/lib/python3.9/site-packages/airflow/example_dags/example_bash_operator.py
[2022-03-14 10:07:22,250] {processor.py:642} INFO - Processing file /opt/anaconda3/lib/python3.9/site-packages/airflow/example_dags/example_bash_operator.py for tasks to queue
[2022-03-14 10:07:22,251] {logging_mixin.py:109} INFO - [2022-03-14 10:07:22,251] {dagbag.py:500} INFO - Filling up the DagBag from /opt/anaconda3/lib/python3.9/site-packages/airflow/example_dags/example_bash_operator.py
[2022-03-14 10:07:22,302] {processor.py:654} INFO - DAG(s) dict_keys(['example_bash_operator']) retrieved from /opt/anaconda3/lib/python3.9/site-packages/airflow/example_dags/example_bash_operator.py
[2022-03-14 10:07:22,323] {logging_mixin.py:109} INFO - [2022-03-14 10:07:22,323] {dag.py:2398} INFO - Sync 1 DAGs
[2022-03-14 10:07:22,334] {logging_mixin.py:109} INFO - [2022-03-14 10:07:22,334] {dag.py:2937} INFO - Setting next_dagrun for example_bash_operator to 2022-03-13 00:00:00+00:00
[2022-03-14 10:07:22,346] {processor.py:171} INFO - Processing /opt/anaconda3/lib/python3.9/site-packages/airflow/example_dags/example_bash_operator.py took 0.112 seconds
[2022-03-14 10:09:56,448] {processor.py:163} INFO - Started process (PID=76551) to work on /opt/anaconda3/lib/python3.9/site-packages/airflow/example_dags/example_bash_operator.py
[2022-03-14 10:09:56,455] {processor.py:642} INFO - Processing file /opt/anaconda3/lib/python3.9/site-packages/airflow/example_dags/example_bash_operator.py for tasks to queue
[2022-03-14 10:09:56,456] {logging_mixin.py:109} INFO - [2022-03-14 10:09:56,456] {dagbag.py:500} INFO - Filling up the DagBag from /opt/anaconda3/lib/python3.9/site-packages/airflow/example_dags/example_bash_operator.py
[2022-03-14 10:09:56,508] {processor.py:654} INFO - DAG(s) dict_keys(['example_bash_operator']) retrieved from /opt/anaconda3/lib/python3.9/site-packages/airflow/example_dags/example_bash_operator.py
[2022-03-14 10:09:56,526] {logging_mixin.py:109} INFO - [2022-03-14 10:09:56,526] {dag.py:2398} INFO - Sync 1 DAGs
[2022-03-14 10:09:56,536] {logging_mixin.py:109} INFO - [2022-03-14 10:09:56,536] {dag.py:2937} INFO - Setting next_dagrun for example_bash_operator to 2022-03-13 00:00:00+00:00
[2022-03-14 10:09:56,547] {processor.py:171} INFO - Processing /opt/anaconda3/lib/python3.9/site-packages/airflow/example_dags/example_bash_operator.py took 0.099 seconds
[2022-03-14 10:13:14,857] {processor.py:163} INFO - Started process (PID=76693) to work on /opt/anaconda3/lib/python3.9/site-packages/airflow/example_dags/example_bash_operator.py
[2022-03-14 10:13:14,863] {processor.py:642} INFO - Processing file /opt/anaconda3/lib/python3.9/site-packages/airflow/example_dags/example_bash_operator.py for tasks to queue
[2022-03-14 10:13:14,864] {logging_mixin.py:109} INFO - [2022-03-14 10:13:14,864] {dagbag.py:500} INFO - Filling up the DagBag from /opt/anaconda3/lib/python3.9/site-packages/airflow/example_dags/example_bash_operator.py
[2022-03-14 10:13:14,914] {processor.py:654} INFO - DAG(s) dict_keys(['example_bash_operator']) retrieved from /opt/anaconda3/lib/python3.9/site-packages/airflow/example_dags/example_bash_operator.py
[2022-03-14 10:13:14,932] {logging_mixin.py:109} INFO - [2022-03-14 10:13:14,932] {dag.py:2398} INFO - Sync 1 DAGs
[2022-03-14 10:13:14,943] {logging_mixin.py:109} INFO - [2022-03-14 10:13:14,943] {dag.py:2937} INFO - Setting next_dagrun for example_bash_operator to 2022-03-13 00:00:00+00:00
[2022-03-14 10:13:14,954] {processor.py:171} INFO - Processing /opt/anaconda3/lib/python3.9/site-packages/airflow/example_dags/example_bash_operator.py took 0.098 seconds
[2022-03-14 10:15:20,715] {processor.py:163} INFO - Started process (PID=76755) to work on /opt/anaconda3/lib/python3.9/site-packages/airflow/example_dags/example_bash_operator.py
[2022-03-14 10:15:20,721] {processor.py:642} INFO - Processing file /opt/anaconda3/lib/python3.9/site-packages/airflow/example_dags/example_bash_operator.py for tasks to queue
[2022-03-14 10:15:20,722] {logging_mixin.py:109} INFO - [2022-03-14 10:15:20,722] {dagbag.py:500} INFO - Filling up the DagBag from /opt/anaconda3/lib/python3.9/site-packages/airflow/example_dags/example_bash_operator.py
[2022-03-14 10:15:20,770] {processor.py:654} INFO - DAG(s) dict_keys(['example_bash_operator']) retrieved from /opt/anaconda3/lib/python3.9/site-packages/airflow/example_dags/example_bash_operator.py
[2022-03-14 10:15:20,790] {logging_mixin.py:109} INFO - [2022-03-14 10:15:20,790] {dag.py:2398} INFO - Sync 1 DAGs
[2022-03-14 10:15:20,800] {logging_mixin.py:109} INFO - [2022-03-14 10:15:20,800] {dag.py:2937} INFO - Setting next_dagrun for example_bash_operator to 2022-03-13 00:00:00+00:00
[2022-03-14 10:15:20,811] {processor.py:171} INFO - Processing /opt/anaconda3/lib/python3.9/site-packages/airflow/example_dags/example_bash_operator.py took 0.097 seconds
[2022-03-14 10:17:55,989] {processor.py:163} INFO - Started process (PID=76831) to work on /opt/anaconda3/lib/python3.9/site-packages/airflow/example_dags/example_bash_operator.py
[2022-03-14 10:17:55,992] {processor.py:642} INFO - Processing file /opt/anaconda3/lib/python3.9/site-packages/airflow/example_dags/example_bash_operator.py for tasks to queue
[2022-03-14 10:17:55,993] {logging_mixin.py:109} INFO - [2022-03-14 10:17:55,993] {dagbag.py:500} INFO - Filling up the DagBag from /opt/anaconda3/lib/python3.9/site-packages/airflow/example_dags/example_bash_operator.py
[2022-03-14 10:17:56,039] {processor.py:654} INFO - DAG(s) dict_keys(['example_bash_operator']) retrieved from /opt/anaconda3/lib/python3.9/site-packages/airflow/example_dags/example_bash_operator.py
[2022-03-14 10:17:56,058] {logging_mixin.py:109} INFO - [2022-03-14 10:17:56,057] {dag.py:2398} INFO - Sync 1 DAGs
[2022-03-14 10:17:56,068] {logging_mixin.py:109} INFO - [2022-03-14 10:17:56,068] {dag.py:2937} INFO - Setting next_dagrun for example_bash_operator to 2022-03-13 00:00:00+00:00
[2022-03-14 10:17:56,079] {processor.py:171} INFO - Processing /opt/anaconda3/lib/python3.9/site-packages/airflow/example_dags/example_bash_operator.py took 0.090 seconds
[2022-03-14 10:22:06,986] {processor.py:163} INFO - Started process (PID=77026) to work on /opt/anaconda3/lib/python3.9/site-packages/airflow/example_dags/example_bash_operator.py
[2022-03-14 10:22:06,988] {processor.py:642} INFO - Processing file /opt/anaconda3/lib/python3.9/site-packages/airflow/example_dags/example_bash_operator.py for tasks to queue
[2022-03-14 10:22:06,989] {logging_mixin.py:109} INFO - [2022-03-14 10:22:06,989] {dagbag.py:500} INFO - Filling up the DagBag from /opt/anaconda3/lib/python3.9/site-packages/airflow/example_dags/example_bash_operator.py
[2022-03-14 10:22:07,036] {processor.py:654} INFO - DAG(s) dict_keys(['example_bash_operator']) retrieved from /opt/anaconda3/lib/python3.9/site-packages/airflow/example_dags/example_bash_operator.py
[2022-03-14 10:22:07,055] {logging_mixin.py:109} INFO - [2022-03-14 10:22:07,055] {dag.py:2398} INFO - Sync 1 DAGs
[2022-03-14 10:22:07,065] {logging_mixin.py:109} INFO - [2022-03-14 10:22:07,065] {dag.py:2937} INFO - Setting next_dagrun for example_bash_operator to 2022-03-13 00:00:00+00:00
[2022-03-14 10:22:07,077] {processor.py:171} INFO - Processing /opt/anaconda3/lib/python3.9/site-packages/airflow/example_dags/example_bash_operator.py took 0.092 seconds
[2022-03-14 10:29:59,758] {processor.py:163} INFO - Started process (PID=77465) to work on /opt/anaconda3/lib/python3.9/site-packages/airflow/example_dags/example_bash_operator.py
[2022-03-14 10:29:59,760] {processor.py:642} INFO - Processing file /opt/anaconda3/lib/python3.9/site-packages/airflow/example_dags/example_bash_operator.py for tasks to queue
[2022-03-14 10:29:59,761] {logging_mixin.py:109} INFO - [2022-03-14 10:29:59,761] {dagbag.py:500} INFO - Filling up the DagBag from /opt/anaconda3/lib/python3.9/site-packages/airflow/example_dags/example_bash_operator.py
[2022-03-14 10:29:59,802] {processor.py:654} INFO - DAG(s) dict_keys(['example_bash_operator']) retrieved from /opt/anaconda3/lib/python3.9/site-packages/airflow/example_dags/example_bash_operator.py
[2022-03-14 10:29:59,819] {logging_mixin.py:109} INFO - [2022-03-14 10:29:59,819] {dag.py:2398} INFO - Sync 1 DAGs
[2022-03-14 10:29:59,829] {logging_mixin.py:109} INFO - [2022-03-14 10:29:59,829] {dag.py:2937} INFO - Setting next_dagrun for example_bash_operator to 2022-03-13 00:00:00+00:00
[2022-03-14 10:29:59,840] {processor.py:171} INFO - Processing /opt/anaconda3/lib/python3.9/site-packages/airflow/example_dags/example_bash_operator.py took 0.082 seconds
[2022-03-14 10:32:35,634] {processor.py:163} INFO - Started process (PID=77541) to work on /opt/anaconda3/lib/python3.9/site-packages/airflow/example_dags/example_bash_operator.py
[2022-03-14 10:32:35,634] {processor.py:642} INFO - Processing file /opt/anaconda3/lib/python3.9/site-packages/airflow/example_dags/example_bash_operator.py for tasks to queue
[2022-03-14 10:32:35,635] {logging_mixin.py:109} INFO - [2022-03-14 10:32:35,635] {dagbag.py:500} INFO - Filling up the DagBag from /opt/anaconda3/lib/python3.9/site-packages/airflow/example_dags/example_bash_operator.py
[2022-03-14 10:32:35,681] {processor.py:654} INFO - DAG(s) dict_keys(['example_bash_operator']) retrieved from /opt/anaconda3/lib/python3.9/site-packages/airflow/example_dags/example_bash_operator.py
[2022-03-14 10:32:35,701] {logging_mixin.py:109} INFO - [2022-03-14 10:32:35,701] {dag.py:2398} INFO - Sync 1 DAGs
[2022-03-14 10:32:35,712] {logging_mixin.py:109} INFO - [2022-03-14 10:32:35,712] {dag.py:2937} INFO - Setting next_dagrun for example_bash_operator to 2022-03-13 00:00:00+00:00
[2022-03-14 10:32:35,723] {processor.py:171} INFO - Processing /opt/anaconda3/lib/python3.9/site-packages/airflow/example_dags/example_bash_operator.py took 0.090 seconds
[2022-03-14 10:37:28,342] {processor.py:163} INFO - Started process (PID=77677) to work on /opt/anaconda3/lib/python3.9/site-packages/airflow/example_dags/example_bash_operator.py
[2022-03-14 10:37:28,343] {processor.py:642} INFO - Processing file /opt/anaconda3/lib/python3.9/site-packages/airflow/example_dags/example_bash_operator.py for tasks to queue
[2022-03-14 10:37:28,343] {logging_mixin.py:109} INFO - [2022-03-14 10:37:28,343] {dagbag.py:500} INFO - Filling up the DagBag from /opt/anaconda3/lib/python3.9/site-packages/airflow/example_dags/example_bash_operator.py
[2022-03-14 10:37:28,395] {processor.py:654} INFO - DAG(s) dict_keys(['example_bash_operator']) retrieved from /opt/anaconda3/lib/python3.9/site-packages/airflow/example_dags/example_bash_operator.py
[2022-03-14 10:37:28,415] {logging_mixin.py:109} INFO - [2022-03-14 10:37:28,415] {dag.py:2398} INFO - Sync 1 DAGs
[2022-03-14 10:37:28,426] {logging_mixin.py:109} INFO - [2022-03-14 10:37:28,425] {dag.py:2937} INFO - Setting next_dagrun for example_bash_operator to 2022-03-13 00:00:00+00:00
[2022-03-14 10:37:28,437] {processor.py:171} INFO - Processing /opt/anaconda3/lib/python3.9/site-packages/airflow/example_dags/example_bash_operator.py took 0.096 seconds
[2022-03-14 10:40:11,729] {processor.py:163} INFO - Started process (PID=77861) to work on /opt/anaconda3/lib/python3.9/site-packages/airflow/example_dags/example_bash_operator.py
[2022-03-14 10:40:11,735] {processor.py:642} INFO - Processing file /opt/anaconda3/lib/python3.9/site-packages/airflow/example_dags/example_bash_operator.py for tasks to queue
[2022-03-14 10:40:11,735] {logging_mixin.py:109} INFO - [2022-03-14 10:40:11,735] {dagbag.py:500} INFO - Filling up the DagBag from /opt/anaconda3/lib/python3.9/site-packages/airflow/example_dags/example_bash_operator.py
[2022-03-14 10:40:11,780] {processor.py:654} INFO - DAG(s) dict_keys(['example_bash_operator']) retrieved from /opt/anaconda3/lib/python3.9/site-packages/airflow/example_dags/example_bash_operator.py
[2022-03-14 10:40:11,800] {logging_mixin.py:109} INFO - [2022-03-14 10:40:11,800] {dag.py:2398} INFO - Sync 1 DAGs
[2022-03-14 10:40:11,810] {logging_mixin.py:109} INFO - [2022-03-14 10:40:11,810] {dag.py:2937} INFO - Setting next_dagrun for example_bash_operator to 2022-03-13 00:00:00+00:00
[2022-03-14 10:40:11,819] {processor.py:171} INFO - Processing /opt/anaconda3/lib/python3.9/site-packages/airflow/example_dags/example_bash_operator.py took 0.092 seconds
[2022-03-14 10:42:26,466] {processor.py:163} INFO - Started process (PID=77940) to work on /opt/anaconda3/lib/python3.9/site-packages/airflow/example_dags/example_bash_operator.py
[2022-03-14 10:42:26,472] {processor.py:642} INFO - Processing file /opt/anaconda3/lib/python3.9/site-packages/airflow/example_dags/example_bash_operator.py for tasks to queue
[2022-03-14 10:42:26,473] {logging_mixin.py:109} INFO - [2022-03-14 10:42:26,473] {dagbag.py:500} INFO - Filling up the DagBag from /opt/anaconda3/lib/python3.9/site-packages/airflow/example_dags/example_bash_operator.py
[2022-03-14 10:42:26,515] {processor.py:654} INFO - DAG(s) dict_keys(['example_bash_operator']) retrieved from /opt/anaconda3/lib/python3.9/site-packages/airflow/example_dags/example_bash_operator.py
[2022-03-14 10:42:26,534] {logging_mixin.py:109} INFO - [2022-03-14 10:42:26,534] {dag.py:2398} INFO - Sync 1 DAGs
[2022-03-14 10:42:26,544] {logging_mixin.py:109} INFO - [2022-03-14 10:42:26,544] {dag.py:2937} INFO - Setting next_dagrun for example_bash_operator to 2022-03-13 00:00:00+00:00
[2022-03-14 10:42:26,556] {processor.py:171} INFO - Processing /opt/anaconda3/lib/python3.9/site-packages/airflow/example_dags/example_bash_operator.py took 0.090 seconds
[2022-03-14 10:44:52,612] {processor.py:163} INFO - Started process (PID=78055) to work on /opt/anaconda3/lib/python3.9/site-packages/airflow/example_dags/example_bash_operator.py
[2022-03-14 10:44:52,618] {processor.py:642} INFO - Processing file /opt/anaconda3/lib/python3.9/site-packages/airflow/example_dags/example_bash_operator.py for tasks to queue
[2022-03-14 10:44:52,618] {logging_mixin.py:109} INFO - [2022-03-14 10:44:52,618] {dagbag.py:500} INFO - Filling up the DagBag from /opt/anaconda3/lib/python3.9/site-packages/airflow/example_dags/example_bash_operator.py
[2022-03-14 10:44:52,668] {processor.py:654} INFO - DAG(s) dict_keys(['example_bash_operator']) retrieved from /opt/anaconda3/lib/python3.9/site-packages/airflow/example_dags/example_bash_operator.py
[2022-03-14 10:44:52,688] {logging_mixin.py:109} INFO - [2022-03-14 10:44:52,688] {dag.py:2398} INFO - Sync 1 DAGs
[2022-03-14 10:44:52,700] {logging_mixin.py:109} INFO - [2022-03-14 10:44:52,699] {dag.py:2937} INFO - Setting next_dagrun for example_bash_operator to 2022-03-13 00:00:00+00:00
[2022-03-14 10:44:52,714] {processor.py:171} INFO - Processing /opt/anaconda3/lib/python3.9/site-packages/airflow/example_dags/example_bash_operator.py took 0.103 seconds
[2022-03-14 10:49:02,960] {processor.py:163} INFO - Started process (PID=78771) to work on /opt/anaconda3/lib/python3.9/site-packages/airflow/example_dags/example_bash_operator.py
[2022-03-14 10:49:02,967] {processor.py:642} INFO - Processing file /opt/anaconda3/lib/python3.9/site-packages/airflow/example_dags/example_bash_operator.py for tasks to queue
[2022-03-14 10:49:02,967] {logging_mixin.py:109} INFO - [2022-03-14 10:49:02,967] {dagbag.py:500} INFO - Filling up the DagBag from /opt/anaconda3/lib/python3.9/site-packages/airflow/example_dags/example_bash_operator.py
[2022-03-14 10:49:03,012] {processor.py:654} INFO - DAG(s) dict_keys(['example_bash_operator']) retrieved from /opt/anaconda3/lib/python3.9/site-packages/airflow/example_dags/example_bash_operator.py
[2022-03-14 10:49:03,033] {logging_mixin.py:109} INFO - [2022-03-14 10:49:03,032] {dag.py:2398} INFO - Sync 1 DAGs
[2022-03-14 10:49:03,043] {logging_mixin.py:109} INFO - [2022-03-14 10:49:03,043] {dag.py:2937} INFO - Setting next_dagrun for example_bash_operator to 2022-03-13 00:00:00+00:00
[2022-03-14 10:49:03,055] {processor.py:171} INFO - Processing /opt/anaconda3/lib/python3.9/site-packages/airflow/example_dags/example_bash_operator.py took 0.095 seconds
[2022-03-14 10:52:30,318] {processor.py:163} INFO - Started process (PID=78921) to work on /opt/anaconda3/lib/python3.9/site-packages/airflow/example_dags/example_bash_operator.py
[2022-03-14 10:52:30,320] {processor.py:642} INFO - Processing file /opt/anaconda3/lib/python3.9/site-packages/airflow/example_dags/example_bash_operator.py for tasks to queue
[2022-03-14 10:52:30,321] {logging_mixin.py:109} INFO - [2022-03-14 10:52:30,321] {dagbag.py:500} INFO - Filling up the DagBag from /opt/anaconda3/lib/python3.9/site-packages/airflow/example_dags/example_bash_operator.py
[2022-03-14 10:52:30,367] {processor.py:654} INFO - DAG(s) dict_keys(['example_bash_operator']) retrieved from /opt/anaconda3/lib/python3.9/site-packages/airflow/example_dags/example_bash_operator.py
[2022-03-14 10:52:30,387] {logging_mixin.py:109} INFO - [2022-03-14 10:52:30,387] {dag.py:2398} INFO - Sync 1 DAGs
[2022-03-14 10:52:30,398] {logging_mixin.py:109} INFO - [2022-03-14 10:52:30,398] {dag.py:2937} INFO - Setting next_dagrun for example_bash_operator to 2022-03-13 00:00:00+00:00
[2022-03-14 10:52:30,408] {processor.py:171} INFO - Processing /opt/anaconda3/lib/python3.9/site-packages/airflow/example_dags/example_bash_operator.py took 0.091 seconds
[2022-03-14 10:55:28,021] {processor.py:163} INFO - Started process (PID=79032) to work on /opt/anaconda3/lib/python3.9/site-packages/airflow/example_dags/example_bash_operator.py
[2022-03-14 10:55:28,022] {processor.py:642} INFO - Processing file /opt/anaconda3/lib/python3.9/site-packages/airflow/example_dags/example_bash_operator.py for tasks to queue
[2022-03-14 10:55:28,022] {logging_mixin.py:109} INFO - [2022-03-14 10:55:28,022] {dagbag.py:500} INFO - Filling up the DagBag from /opt/anaconda3/lib/python3.9/site-packages/airflow/example_dags/example_bash_operator.py
[2022-03-14 10:55:28,069] {processor.py:654} INFO - DAG(s) dict_keys(['example_bash_operator']) retrieved from /opt/anaconda3/lib/python3.9/site-packages/airflow/example_dags/example_bash_operator.py
[2022-03-14 10:55:28,089] {logging_mixin.py:109} INFO - [2022-03-14 10:55:28,089] {dag.py:2398} INFO - Sync 1 DAGs
[2022-03-14 10:55:28,100] {logging_mixin.py:109} INFO - [2022-03-14 10:55:28,100] {dag.py:2937} INFO - Setting next_dagrun for example_bash_operator to 2022-03-13 00:00:00+00:00
[2022-03-14 10:55:28,112] {processor.py:171} INFO - Processing /opt/anaconda3/lib/python3.9/site-packages/airflow/example_dags/example_bash_operator.py took 0.092 seconds
[2022-03-14 10:58:10,962] {processor.py:163} INFO - Started process (PID=79151) to work on /opt/anaconda3/lib/python3.9/site-packages/airflow/example_dags/example_bash_operator.py
[2022-03-14 10:58:10,963] {processor.py:642} INFO - Processing file /opt/anaconda3/lib/python3.9/site-packages/airflow/example_dags/example_bash_operator.py for tasks to queue
[2022-03-14 10:58:10,964] {logging_mixin.py:109} INFO - [2022-03-14 10:58:10,964] {dagbag.py:500} INFO - Filling up the DagBag from /opt/anaconda3/lib/python3.9/site-packages/airflow/example_dags/example_bash_operator.py
[2022-03-14 10:58:11,013] {processor.py:654} INFO - DAG(s) dict_keys(['example_bash_operator']) retrieved from /opt/anaconda3/lib/python3.9/site-packages/airflow/example_dags/example_bash_operator.py
[2022-03-14 10:58:11,033] {logging_mixin.py:109} INFO - [2022-03-14 10:58:11,032] {dag.py:2398} INFO - Sync 1 DAGs
[2022-03-14 10:58:11,044] {logging_mixin.py:109} INFO - [2022-03-14 10:58:11,044] {dag.py:2937} INFO - Setting next_dagrun for example_bash_operator to 2022-03-13 00:00:00+00:00
[2022-03-14 10:58:11,057] {processor.py:171} INFO - Processing /opt/anaconda3/lib/python3.9/site-packages/airflow/example_dags/example_bash_operator.py took 0.095 seconds
[2022-03-14 11:04:43,763] {processor.py:163} INFO - Started process (PID=79509) to work on /opt/anaconda3/lib/python3.9/site-packages/airflow/example_dags/example_bash_operator.py
[2022-03-14 11:04:43,764] {processor.py:642} INFO - Processing file /opt/anaconda3/lib/python3.9/site-packages/airflow/example_dags/example_bash_operator.py for tasks to queue
[2022-03-14 11:04:43,765] {logging_mixin.py:109} INFO - [2022-03-14 11:04:43,764] {dagbag.py:500} INFO - Filling up the DagBag from /opt/anaconda3/lib/python3.9/site-packages/airflow/example_dags/example_bash_operator.py
[2022-03-14 11:04:43,810] {processor.py:654} INFO - DAG(s) dict_keys(['example_bash_operator']) retrieved from /opt/anaconda3/lib/python3.9/site-packages/airflow/example_dags/example_bash_operator.py
[2022-03-14 11:04:43,829] {logging_mixin.py:109} INFO - [2022-03-14 11:04:43,829] {dag.py:2398} INFO - Sync 1 DAGs
[2022-03-14 11:04:43,840] {logging_mixin.py:109} INFO - [2022-03-14 11:04:43,839] {dag.py:2937} INFO - Setting next_dagrun for example_bash_operator to 2022-03-13 00:00:00+00:00
[2022-03-14 11:04:43,849] {processor.py:171} INFO - Processing /opt/anaconda3/lib/python3.9/site-packages/airflow/example_dags/example_bash_operator.py took 0.086 seconds
[2022-03-14 11:07:33,582] {processor.py:163} INFO - Started process (PID=79622) to work on /opt/anaconda3/lib/python3.9/site-packages/airflow/example_dags/example_bash_operator.py
[2022-03-14 11:07:33,582] {processor.py:642} INFO - Processing file /opt/anaconda3/lib/python3.9/site-packages/airflow/example_dags/example_bash_operator.py for tasks to queue
[2022-03-14 11:07:33,583] {logging_mixin.py:109} INFO - [2022-03-14 11:07:33,583] {dagbag.py:500} INFO - Filling up the DagBag from /opt/anaconda3/lib/python3.9/site-packages/airflow/example_dags/example_bash_operator.py
[2022-03-14 11:07:33,626] {processor.py:654} INFO - DAG(s) dict_keys(['example_bash_operator']) retrieved from /opt/anaconda3/lib/python3.9/site-packages/airflow/example_dags/example_bash_operator.py
[2022-03-14 11:07:33,646] {logging_mixin.py:109} INFO - [2022-03-14 11:07:33,646] {dag.py:2398} INFO - Sync 1 DAGs
[2022-03-14 11:07:33,657] {logging_mixin.py:109} INFO - [2022-03-14 11:07:33,657] {dag.py:2937} INFO - Setting next_dagrun for example_bash_operator to 2022-03-13 00:00:00+00:00
[2022-03-14 11:07:33,671] {processor.py:171} INFO - Processing /opt/anaconda3/lib/python3.9/site-packages/airflow/example_dags/example_bash_operator.py took 0.090 seconds
[2022-03-14 11:16:20,499] {processor.py:163} INFO - Started process (PID=80081) to work on /opt/anaconda3/lib/python3.9/site-packages/airflow/example_dags/example_bash_operator.py
[2022-03-14 11:16:20,502] {processor.py:642} INFO - Processing file /opt/anaconda3/lib/python3.9/site-packages/airflow/example_dags/example_bash_operator.py for tasks to queue
[2022-03-14 11:16:20,502] {logging_mixin.py:109} INFO - [2022-03-14 11:16:20,502] {dagbag.py:500} INFO - Filling up the DagBag from /opt/anaconda3/lib/python3.9/site-packages/airflow/example_dags/example_bash_operator.py
[2022-03-14 11:16:20,548] {processor.py:654} INFO - DAG(s) dict_keys(['example_bash_operator']) retrieved from /opt/anaconda3/lib/python3.9/site-packages/airflow/example_dags/example_bash_operator.py
[2022-03-14 11:16:20,567] {logging_mixin.py:109} INFO - [2022-03-14 11:16:20,567] {dag.py:2398} INFO - Sync 1 DAGs
[2022-03-14 11:16:20,578] {logging_mixin.py:109} INFO - [2022-03-14 11:16:20,577] {dag.py:2937} INFO - Setting next_dagrun for example_bash_operator to 2022-03-13 00:00:00+00:00
[2022-03-14 11:16:20,589] {processor.py:171} INFO - Processing /opt/anaconda3/lib/python3.9/site-packages/airflow/example_dags/example_bash_operator.py took 0.091 seconds
[2022-03-14 11:19:17,284] {processor.py:163} INFO - Started process (PID=80292) to work on /opt/anaconda3/lib/python3.9/site-packages/airflow/example_dags/example_bash_operator.py
[2022-03-14 11:19:17,290] {processor.py:642} INFO - Processing file /opt/anaconda3/lib/python3.9/site-packages/airflow/example_dags/example_bash_operator.py for tasks to queue
[2022-03-14 11:19:17,291] {logging_mixin.py:109} INFO - [2022-03-14 11:19:17,291] {dagbag.py:500} INFO - Filling up the DagBag from /opt/anaconda3/lib/python3.9/site-packages/airflow/example_dags/example_bash_operator.py
[2022-03-14 11:19:17,336] {processor.py:654} INFO - DAG(s) dict_keys(['example_bash_operator']) retrieved from /opt/anaconda3/lib/python3.9/site-packages/airflow/example_dags/example_bash_operator.py
[2022-03-14 11:19:17,355] {logging_mixin.py:109} INFO - [2022-03-14 11:19:17,354] {dag.py:2398} INFO - Sync 1 DAGs
[2022-03-14 11:19:17,365] {logging_mixin.py:109} INFO - [2022-03-14 11:19:17,365] {dag.py:2937} INFO - Setting next_dagrun for example_bash_operator to 2022-03-13 00:00:00+00:00
[2022-03-14 11:19:17,376] {processor.py:171} INFO - Processing /opt/anaconda3/lib/python3.9/site-packages/airflow/example_dags/example_bash_operator.py took 0.093 seconds
[2022-03-14 11:22:04,720] {processor.py:163} INFO - Started process (PID=80393) to work on /opt/anaconda3/lib/python3.9/site-packages/airflow/example_dags/example_bash_operator.py
[2022-03-14 11:22:04,722] {processor.py:642} INFO - Processing file /opt/anaconda3/lib/python3.9/site-packages/airflow/example_dags/example_bash_operator.py for tasks to queue
[2022-03-14 11:22:04,723] {logging_mixin.py:109} INFO - [2022-03-14 11:22:04,723] {dagbag.py:500} INFO - Filling up the DagBag from /opt/anaconda3/lib/python3.9/site-packages/airflow/example_dags/example_bash_operator.py
[2022-03-14 11:22:04,768] {processor.py:654} INFO - DAG(s) dict_keys(['example_bash_operator']) retrieved from /opt/anaconda3/lib/python3.9/site-packages/airflow/example_dags/example_bash_operator.py
[2022-03-14 11:22:04,787] {logging_mixin.py:109} INFO - [2022-03-14 11:22:04,787] {dag.py:2398} INFO - Sync 1 DAGs
[2022-03-14 11:22:04,798] {logging_mixin.py:109} INFO - [2022-03-14 11:22:04,798] {dag.py:2937} INFO - Setting next_dagrun for example_bash_operator to 2022-03-13 00:00:00+00:00
[2022-03-14 11:22:04,809] {processor.py:171} INFO - Processing /opt/anaconda3/lib/python3.9/site-packages/airflow/example_dags/example_bash_operator.py took 0.090 seconds
[2022-03-14 11:24:39,191] {processor.py:163} INFO - Started process (PID=80493) to work on /opt/anaconda3/lib/python3.9/site-packages/airflow/example_dags/example_bash_operator.py
[2022-03-14 11:24:39,191] {processor.py:642} INFO - Processing file /opt/anaconda3/lib/python3.9/site-packages/airflow/example_dags/example_bash_operator.py for tasks to queue
[2022-03-14 11:24:39,192] {logging_mixin.py:109} INFO - [2022-03-14 11:24:39,192] {dagbag.py:500} INFO - Filling up the DagBag from /opt/anaconda3/lib/python3.9/site-packages/airflow/example_dags/example_bash_operator.py
[2022-03-14 11:24:39,241] {processor.py:654} INFO - DAG(s) dict_keys(['example_bash_operator']) retrieved from /opt/anaconda3/lib/python3.9/site-packages/airflow/example_dags/example_bash_operator.py
[2022-03-14 11:24:39,261] {logging_mixin.py:109} INFO - [2022-03-14 11:24:39,261] {dag.py:2398} INFO - Sync 1 DAGs
[2022-03-14 11:24:39,272] {logging_mixin.py:109} INFO - [2022-03-14 11:24:39,272] {dag.py:2937} INFO - Setting next_dagrun for example_bash_operator to 2022-03-13 00:00:00+00:00
[2022-03-14 11:24:39,281] {processor.py:171} INFO - Processing /opt/anaconda3/lib/python3.9/site-packages/airflow/example_dags/example_bash_operator.py took 0.091 seconds
[2022-03-14 11:27:20,052] {processor.py:163} INFO - Started process (PID=80610) to work on /opt/anaconda3/lib/python3.9/site-packages/airflow/example_dags/example_bash_operator.py
[2022-03-14 11:27:20,053] {processor.py:642} INFO - Processing file /opt/anaconda3/lib/python3.9/site-packages/airflow/example_dags/example_bash_operator.py for tasks to queue
[2022-03-14 11:27:20,053] {logging_mixin.py:109} INFO - [2022-03-14 11:27:20,053] {dagbag.py:500} INFO - Filling up the DagBag from /opt/anaconda3/lib/python3.9/site-packages/airflow/example_dags/example_bash_operator.py
[2022-03-14 11:27:20,100] {processor.py:654} INFO - DAG(s) dict_keys(['example_bash_operator']) retrieved from /opt/anaconda3/lib/python3.9/site-packages/airflow/example_dags/example_bash_operator.py
[2022-03-14 11:27:20,119] {logging_mixin.py:109} INFO - [2022-03-14 11:27:20,119] {dag.py:2398} INFO - Sync 1 DAGs
[2022-03-14 11:27:20,131] {logging_mixin.py:109} INFO - [2022-03-14 11:27:20,131] {dag.py:2937} INFO - Setting next_dagrun for example_bash_operator to 2022-03-13 00:00:00+00:00
[2022-03-14 11:27:20,147] {processor.py:171} INFO - Processing /opt/anaconda3/lib/python3.9/site-packages/airflow/example_dags/example_bash_operator.py took 0.095 seconds
[2022-03-14 11:29:57,267] {processor.py:163} INFO - Started process (PID=80807) to work on /opt/anaconda3/lib/python3.9/site-packages/airflow/example_dags/example_bash_operator.py
[2022-03-14 11:29:57,268] {processor.py:642} INFO - Processing file /opt/anaconda3/lib/python3.9/site-packages/airflow/example_dags/example_bash_operator.py for tasks to queue
[2022-03-14 11:29:57,268] {logging_mixin.py:109} INFO - [2022-03-14 11:29:57,268] {dagbag.py:500} INFO - Filling up the DagBag from /opt/anaconda3/lib/python3.9/site-packages/airflow/example_dags/example_bash_operator.py
[2022-03-14 11:29:57,313] {processor.py:654} INFO - DAG(s) dict_keys(['example_bash_operator']) retrieved from /opt/anaconda3/lib/python3.9/site-packages/airflow/example_dags/example_bash_operator.py
[2022-03-14 11:29:57,333] {logging_mixin.py:109} INFO - [2022-03-14 11:29:57,333] {dag.py:2398} INFO - Sync 1 DAGs
[2022-03-14 11:29:57,344] {logging_mixin.py:109} INFO - [2022-03-14 11:29:57,344] {dag.py:2937} INFO - Setting next_dagrun for example_bash_operator to 2022-03-13 00:00:00+00:00
[2022-03-14 11:29:57,356] {processor.py:171} INFO - Processing /opt/anaconda3/lib/python3.9/site-packages/airflow/example_dags/example_bash_operator.py took 0.089 seconds
[2022-03-14 11:32:31,617] {processor.py:163} INFO - Started process (PID=80888) to work on /opt/anaconda3/lib/python3.9/site-packages/airflow/example_dags/example_bash_operator.py
[2022-03-14 11:32:31,617] {processor.py:642} INFO - Processing file /opt/anaconda3/lib/python3.9/site-packages/airflow/example_dags/example_bash_operator.py for tasks to queue
[2022-03-14 11:32:31,618] {logging_mixin.py:109} INFO - [2022-03-14 11:32:31,618] {dagbag.py:500} INFO - Filling up the DagBag from /opt/anaconda3/lib/python3.9/site-packages/airflow/example_dags/example_bash_operator.py
[2022-03-14 11:32:31,662] {processor.py:654} INFO - DAG(s) dict_keys(['example_bash_operator']) retrieved from /opt/anaconda3/lib/python3.9/site-packages/airflow/example_dags/example_bash_operator.py
[2022-03-14 11:32:31,683] {logging_mixin.py:109} INFO - [2022-03-14 11:32:31,683] {dag.py:2398} INFO - Sync 1 DAGs
[2022-03-14 11:32:31,694] {logging_mixin.py:109} INFO - [2022-03-14 11:32:31,694] {dag.py:2937} INFO - Setting next_dagrun for example_bash_operator to 2022-03-13 00:00:00+00:00
[2022-03-14 11:32:31,705] {processor.py:171} INFO - Processing /opt/anaconda3/lib/python3.9/site-packages/airflow/example_dags/example_bash_operator.py took 0.088 seconds
[2022-03-14 11:35:01,265] {processor.py:163} INFO - Started process (PID=80961) to work on /opt/anaconda3/lib/python3.9/site-packages/airflow/example_dags/example_bash_operator.py
[2022-03-14 11:35:01,268] {processor.py:642} INFO - Processing file /opt/anaconda3/lib/python3.9/site-packages/airflow/example_dags/example_bash_operator.py for tasks to queue
[2022-03-14 11:35:01,269] {logging_mixin.py:109} INFO - [2022-03-14 11:35:01,268] {dagbag.py:500} INFO - Filling up the DagBag from /opt/anaconda3/lib/python3.9/site-packages/airflow/example_dags/example_bash_operator.py
[2022-03-14 11:35:01,317] {processor.py:654} INFO - DAG(s) dict_keys(['example_bash_operator']) retrieved from /opt/anaconda3/lib/python3.9/site-packages/airflow/example_dags/example_bash_operator.py
[2022-03-14 11:35:01,337] {logging_mixin.py:109} INFO - [2022-03-14 11:35:01,336] {dag.py:2398} INFO - Sync 1 DAGs
[2022-03-14 11:35:01,347] {logging_mixin.py:109} INFO - [2022-03-14 11:35:01,347] {dag.py:2937} INFO - Setting next_dagrun for example_bash_operator to 2022-03-13 00:00:00+00:00
[2022-03-14 11:35:01,358] {processor.py:171} INFO - Processing /opt/anaconda3/lib/python3.9/site-packages/airflow/example_dags/example_bash_operator.py took 0.093 seconds
[2022-03-14 11:37:33,576] {processor.py:163} INFO - Started process (PID=81060) to work on /opt/anaconda3/lib/python3.9/site-packages/airflow/example_dags/example_bash_operator.py
[2022-03-14 11:37:33,579] {processor.py:642} INFO - Processing file /opt/anaconda3/lib/python3.9/site-packages/airflow/example_dags/example_bash_operator.py for tasks to queue
[2022-03-14 11:37:33,580] {logging_mixin.py:109} INFO - [2022-03-14 11:37:33,579] {dagbag.py:500} INFO - Filling up the DagBag from /opt/anaconda3/lib/python3.9/site-packages/airflow/example_dags/example_bash_operator.py
[2022-03-14 11:37:33,624] {processor.py:654} INFO - DAG(s) dict_keys(['example_bash_operator']) retrieved from /opt/anaconda3/lib/python3.9/site-packages/airflow/example_dags/example_bash_operator.py
[2022-03-14 11:37:33,643] {logging_mixin.py:109} INFO - [2022-03-14 11:37:33,643] {dag.py:2398} INFO - Sync 1 DAGs
[2022-03-14 11:37:33,654] {logging_mixin.py:109} INFO - [2022-03-14 11:37:33,654] {dag.py:2937} INFO - Setting next_dagrun for example_bash_operator to 2022-03-13 00:00:00+00:00
[2022-03-14 11:37:33,666] {processor.py:171} INFO - Processing /opt/anaconda3/lib/python3.9/site-packages/airflow/example_dags/example_bash_operator.py took 0.090 seconds
[2022-03-14 11:40:07,201] {processor.py:163} INFO - Started process (PID=81331) to work on /opt/anaconda3/lib/python3.9/site-packages/airflow/example_dags/example_bash_operator.py
[2022-03-14 11:40:07,202] {processor.py:642} INFO - Processing file /opt/anaconda3/lib/python3.9/site-packages/airflow/example_dags/example_bash_operator.py for tasks to queue
[2022-03-14 11:40:07,202] {logging_mixin.py:109} INFO - [2022-03-14 11:40:07,202] {dagbag.py:500} INFO - Filling up the DagBag from /opt/anaconda3/lib/python3.9/site-packages/airflow/example_dags/example_bash_operator.py
[2022-03-14 11:40:07,247] {processor.py:654} INFO - DAG(s) dict_keys(['example_bash_operator']) retrieved from /opt/anaconda3/lib/python3.9/site-packages/airflow/example_dags/example_bash_operator.py
[2022-03-14 11:40:07,267] {logging_mixin.py:109} INFO - [2022-03-14 11:40:07,266] {dag.py:2398} INFO - Sync 1 DAGs
[2022-03-14 11:40:07,277] {logging_mixin.py:109} INFO - [2022-03-14 11:40:07,277] {dag.py:2937} INFO - Setting next_dagrun for example_bash_operator to 2022-03-13 00:00:00+00:00
[2022-03-14 11:40:07,287] {processor.py:171} INFO - Processing /opt/anaconda3/lib/python3.9/site-packages/airflow/example_dags/example_bash_operator.py took 0.086 seconds
[2022-03-14 11:42:30,903] {processor.py:163} INFO - Started process (PID=81396) to work on /opt/anaconda3/lib/python3.9/site-packages/airflow/example_dags/example_bash_operator.py
[2022-03-14 11:42:30,909] {processor.py:642} INFO - Processing file /opt/anaconda3/lib/python3.9/site-packages/airflow/example_dags/example_bash_operator.py for tasks to queue
[2022-03-14 11:42:30,910] {logging_mixin.py:109} INFO - [2022-03-14 11:42:30,910] {dagbag.py:500} INFO - Filling up the DagBag from /opt/anaconda3/lib/python3.9/site-packages/airflow/example_dags/example_bash_operator.py
[2022-03-14 11:42:30,959] {processor.py:654} INFO - DAG(s) dict_keys(['example_bash_operator']) retrieved from /opt/anaconda3/lib/python3.9/site-packages/airflow/example_dags/example_bash_operator.py
[2022-03-14 11:42:30,980] {logging_mixin.py:109} INFO - [2022-03-14 11:42:30,979] {dag.py:2398} INFO - Sync 1 DAGs
[2022-03-14 11:42:30,990] {logging_mixin.py:109} INFO - [2022-03-14 11:42:30,989] {dag.py:2937} INFO - Setting next_dagrun for example_bash_operator to 2022-03-13 00:00:00+00:00
[2022-03-14 11:42:31,000] {processor.py:171} INFO - Processing /opt/anaconda3/lib/python3.9/site-packages/airflow/example_dags/example_bash_operator.py took 0.097 seconds
[2022-03-14 11:45:02,128] {processor.py:163} INFO - Started process (PID=81504) to work on /opt/anaconda3/lib/python3.9/site-packages/airflow/example_dags/example_bash_operator.py
[2022-03-14 11:45:02,129] {processor.py:642} INFO - Processing file /opt/anaconda3/lib/python3.9/site-packages/airflow/example_dags/example_bash_operator.py for tasks to queue
[2022-03-14 11:45:02,130] {logging_mixin.py:109} INFO - [2022-03-14 11:45:02,130] {dagbag.py:500} INFO - Filling up the DagBag from /opt/anaconda3/lib/python3.9/site-packages/airflow/example_dags/example_bash_operator.py
[2022-03-14 11:45:02,176] {processor.py:654} INFO - DAG(s) dict_keys(['example_bash_operator']) retrieved from /opt/anaconda3/lib/python3.9/site-packages/airflow/example_dags/example_bash_operator.py
[2022-03-14 11:45:02,196] {logging_mixin.py:109} INFO - [2022-03-14 11:45:02,195] {dag.py:2398} INFO - Sync 1 DAGs
[2022-03-14 11:45:02,206] {logging_mixin.py:109} INFO - [2022-03-14 11:45:02,206] {dag.py:2937} INFO - Setting next_dagrun for example_bash_operator to 2022-03-13 00:00:00+00:00
[2022-03-14 11:45:02,217] {processor.py:171} INFO - Processing /opt/anaconda3/lib/python3.9/site-packages/airflow/example_dags/example_bash_operator.py took 0.090 seconds
[2022-03-14 11:47:35,260] {processor.py:163} INFO - Started process (PID=81615) to work on /opt/anaconda3/lib/python3.9/site-packages/airflow/example_dags/example_bash_operator.py
[2022-03-14 11:47:35,261] {processor.py:642} INFO - Processing file /opt/anaconda3/lib/python3.9/site-packages/airflow/example_dags/example_bash_operator.py for tasks to queue
[2022-03-14 11:47:35,262] {logging_mixin.py:109} INFO - [2022-03-14 11:47:35,262] {dagbag.py:500} INFO - Filling up the DagBag from /opt/anaconda3/lib/python3.9/site-packages/airflow/example_dags/example_bash_operator.py
[2022-03-14 11:47:35,341] {processor.py:654} INFO - DAG(s) dict_keys(['example_bash_operator']) retrieved from /opt/anaconda3/lib/python3.9/site-packages/airflow/example_dags/example_bash_operator.py
[2022-03-14 11:47:35,360] {logging_mixin.py:109} INFO - [2022-03-14 11:47:35,360] {dag.py:2398} INFO - Sync 1 DAGs
[2022-03-14 11:47:35,371] {logging_mixin.py:109} INFO - [2022-03-14 11:47:35,371] {dag.py:2937} INFO - Setting next_dagrun for example_bash_operator to 2022-03-13 00:00:00+00:00
[2022-03-14 11:47:35,383] {processor.py:171} INFO - Processing /opt/anaconda3/lib/python3.9/site-packages/airflow/example_dags/example_bash_operator.py took 0.124 seconds
[2022-03-14 11:50:08,129] {processor.py:163} INFO - Started process (PID=81765) to work on /opt/anaconda3/lib/python3.9/site-packages/airflow/example_dags/example_bash_operator.py
[2022-03-14 11:50:08,129] {processor.py:642} INFO - Processing file /opt/anaconda3/lib/python3.9/site-packages/airflow/example_dags/example_bash_operator.py for tasks to queue
[2022-03-14 11:50:08,130] {logging_mixin.py:109} INFO - [2022-03-14 11:50:08,130] {dagbag.py:500} INFO - Filling up the DagBag from /opt/anaconda3/lib/python3.9/site-packages/airflow/example_dags/example_bash_operator.py
[2022-03-14 11:50:08,174] {processor.py:654} INFO - DAG(s) dict_keys(['example_bash_operator']) retrieved from /opt/anaconda3/lib/python3.9/site-packages/airflow/example_dags/example_bash_operator.py
[2022-03-14 11:50:08,193] {logging_mixin.py:109} INFO - [2022-03-14 11:50:08,193] {dag.py:2398} INFO - Sync 1 DAGs
[2022-03-14 11:50:08,203] {logging_mixin.py:109} INFO - [2022-03-14 11:50:08,203] {dag.py:2937} INFO - Setting next_dagrun for example_bash_operator to 2022-03-13 00:00:00+00:00
[2022-03-14 11:50:08,218] {processor.py:171} INFO - Processing /opt/anaconda3/lib/python3.9/site-packages/airflow/example_dags/example_bash_operator.py took 0.090 seconds
[2022-03-14 11:52:42,539] {processor.py:163} INFO - Started process (PID=81866) to work on /opt/anaconda3/lib/python3.9/site-packages/airflow/example_dags/example_bash_operator.py
[2022-03-14 11:52:42,540] {processor.py:642} INFO - Processing file /opt/anaconda3/lib/python3.9/site-packages/airflow/example_dags/example_bash_operator.py for tasks to queue
[2022-03-14 11:52:42,540] {logging_mixin.py:109} INFO - [2022-03-14 11:52:42,540] {dagbag.py:500} INFO - Filling up the DagBag from /opt/anaconda3/lib/python3.9/site-packages/airflow/example_dags/example_bash_operator.py
[2022-03-14 11:52:42,584] {processor.py:654} INFO - DAG(s) dict_keys(['example_bash_operator']) retrieved from /opt/anaconda3/lib/python3.9/site-packages/airflow/example_dags/example_bash_operator.py
[2022-03-14 11:52:42,603] {logging_mixin.py:109} INFO - [2022-03-14 11:52:42,603] {dag.py:2398} INFO - Sync 1 DAGs
[2022-03-14 11:52:42,613] {logging_mixin.py:109} INFO - [2022-03-14 11:52:42,613] {dag.py:2937} INFO - Setting next_dagrun for example_bash_operator to 2022-03-13 00:00:00+00:00
[2022-03-14 11:52:42,624] {processor.py:171} INFO - Processing /opt/anaconda3/lib/python3.9/site-packages/airflow/example_dags/example_bash_operator.py took 0.086 seconds
[2022-03-14 11:55:15,874] {processor.py:163} INFO - Started process (PID=81982) to work on /opt/anaconda3/lib/python3.9/site-packages/airflow/example_dags/example_bash_operator.py
[2022-03-14 11:55:15,874] {processor.py:642} INFO - Processing file /opt/anaconda3/lib/python3.9/site-packages/airflow/example_dags/example_bash_operator.py for tasks to queue
[2022-03-14 11:55:15,875] {logging_mixin.py:109} INFO - [2022-03-14 11:55:15,875] {dagbag.py:500} INFO - Filling up the DagBag from /opt/anaconda3/lib/python3.9/site-packages/airflow/example_dags/example_bash_operator.py
[2022-03-14 11:55:15,920] {processor.py:654} INFO - DAG(s) dict_keys(['example_bash_operator']) retrieved from /opt/anaconda3/lib/python3.9/site-packages/airflow/example_dags/example_bash_operator.py
[2022-03-14 11:55:15,939] {logging_mixin.py:109} INFO - [2022-03-14 11:55:15,939] {dag.py:2398} INFO - Sync 1 DAGs
[2022-03-14 11:55:15,950] {logging_mixin.py:109} INFO - [2022-03-14 11:55:15,950] {dag.py:2937} INFO - Setting next_dagrun for example_bash_operator to 2022-03-13 00:00:00+00:00
[2022-03-14 11:55:15,965] {processor.py:171} INFO - Processing /opt/anaconda3/lib/python3.9/site-packages/airflow/example_dags/example_bash_operator.py took 0.091 seconds
[2022-03-14 11:57:50,147] {processor.py:163} INFO - Started process (PID=82077) to work on /opt/anaconda3/lib/python3.9/site-packages/airflow/example_dags/example_bash_operator.py
[2022-03-14 11:57:50,153] {processor.py:642} INFO - Processing file /opt/anaconda3/lib/python3.9/site-packages/airflow/example_dags/example_bash_operator.py for tasks to queue
[2022-03-14 11:57:50,154] {logging_mixin.py:109} INFO - [2022-03-14 11:57:50,154] {dagbag.py:500} INFO - Filling up the DagBag from /opt/anaconda3/lib/python3.9/site-packages/airflow/example_dags/example_bash_operator.py
[2022-03-14 11:57:50,200] {processor.py:654} INFO - DAG(s) dict_keys(['example_bash_operator']) retrieved from /opt/anaconda3/lib/python3.9/site-packages/airflow/example_dags/example_bash_operator.py
[2022-03-14 11:57:50,219] {logging_mixin.py:109} INFO - [2022-03-14 11:57:50,219] {dag.py:2398} INFO - Sync 1 DAGs
[2022-03-14 11:57:50,230] {logging_mixin.py:109} INFO - [2022-03-14 11:57:50,230] {dag.py:2937} INFO - Setting next_dagrun for example_bash_operator to 2022-03-13 00:00:00+00:00
[2022-03-14 11:57:50,243] {processor.py:171} INFO - Processing /opt/anaconda3/lib/python3.9/site-packages/airflow/example_dags/example_bash_operator.py took 0.097 seconds
[2022-03-14 12:00:25,904] {processor.py:163} INFO - Started process (PID=82230) to work on /opt/anaconda3/lib/python3.9/site-packages/airflow/example_dags/example_bash_operator.py
[2022-03-14 12:00:25,910] {processor.py:642} INFO - Processing file /opt/anaconda3/lib/python3.9/site-packages/airflow/example_dags/example_bash_operator.py for tasks to queue
[2022-03-14 12:00:25,911] {logging_mixin.py:109} INFO - [2022-03-14 12:00:25,911] {dagbag.py:500} INFO - Filling up the DagBag from /opt/anaconda3/lib/python3.9/site-packages/airflow/example_dags/example_bash_operator.py
[2022-03-14 12:00:25,961] {processor.py:654} INFO - DAG(s) dict_keys(['example_bash_operator']) retrieved from /opt/anaconda3/lib/python3.9/site-packages/airflow/example_dags/example_bash_operator.py
[2022-03-14 12:00:25,983] {logging_mixin.py:109} INFO - [2022-03-14 12:00:25,983] {dag.py:2398} INFO - Sync 1 DAGs
[2022-03-14 12:00:25,996] {logging_mixin.py:109} INFO - [2022-03-14 12:00:25,996] {dag.py:2937} INFO - Setting next_dagrun for example_bash_operator to 2022-03-13 00:00:00+00:00
[2022-03-14 12:00:26,007] {processor.py:171} INFO - Processing /opt/anaconda3/lib/python3.9/site-packages/airflow/example_dags/example_bash_operator.py took 0.104 seconds
[2022-03-14 12:02:56,523] {processor.py:163} INFO - Started process (PID=82345) to work on /opt/anaconda3/lib/python3.9/site-packages/airflow/example_dags/example_bash_operator.py
[2022-03-14 12:02:56,523] {processor.py:642} INFO - Processing file /opt/anaconda3/lib/python3.9/site-packages/airflow/example_dags/example_bash_operator.py for tasks to queue
[2022-03-14 12:02:56,524] {logging_mixin.py:109} INFO - [2022-03-14 12:02:56,524] {dagbag.py:500} INFO - Filling up the DagBag from /opt/anaconda3/lib/python3.9/site-packages/airflow/example_dags/example_bash_operator.py
[2022-03-14 12:02:56,568] {processor.py:654} INFO - DAG(s) dict_keys(['example_bash_operator']) retrieved from /opt/anaconda3/lib/python3.9/site-packages/airflow/example_dags/example_bash_operator.py
[2022-03-14 12:02:56,588] {logging_mixin.py:109} INFO - [2022-03-14 12:02:56,588] {dag.py:2398} INFO - Sync 1 DAGs
[2022-03-14 12:02:56,598] {logging_mixin.py:109} INFO - [2022-03-14 12:02:56,598] {dag.py:2937} INFO - Setting next_dagrun for example_bash_operator to 2022-03-13 00:00:00+00:00
[2022-03-14 12:02:56,615] {processor.py:171} INFO - Processing /opt/anaconda3/lib/python3.9/site-packages/airflow/example_dags/example_bash_operator.py took 0.093 seconds
[2022-03-14 12:05:28,347] {processor.py:163} INFO - Started process (PID=82446) to work on /opt/anaconda3/lib/python3.9/site-packages/airflow/example_dags/example_bash_operator.py
[2022-03-14 12:05:28,353] {processor.py:642} INFO - Processing file /opt/anaconda3/lib/python3.9/site-packages/airflow/example_dags/example_bash_operator.py for tasks to queue
[2022-03-14 12:05:28,354] {logging_mixin.py:109} INFO - [2022-03-14 12:05:28,354] {dagbag.py:500} INFO - Filling up the DagBag from /opt/anaconda3/lib/python3.9/site-packages/airflow/example_dags/example_bash_operator.py
[2022-03-14 12:05:28,401] {processor.py:654} INFO - DAG(s) dict_keys(['example_bash_operator']) retrieved from /opt/anaconda3/lib/python3.9/site-packages/airflow/example_dags/example_bash_operator.py
[2022-03-14 12:05:28,420] {logging_mixin.py:109} INFO - [2022-03-14 12:05:28,420] {dag.py:2398} INFO - Sync 1 DAGs
[2022-03-14 12:05:28,430] {logging_mixin.py:109} INFO - [2022-03-14 12:05:28,430] {dag.py:2937} INFO - Setting next_dagrun for example_bash_operator to 2022-03-13 00:00:00+00:00
[2022-03-14 12:05:28,442] {processor.py:171} INFO - Processing /opt/anaconda3/lib/python3.9/site-packages/airflow/example_dags/example_bash_operator.py took 0.096 seconds
[2022-03-14 12:07:51,054] {processor.py:163} INFO - Started process (PID=82528) to work on /opt/anaconda3/lib/python3.9/site-packages/airflow/example_dags/example_bash_operator.py
[2022-03-14 12:07:51,054] {processor.py:642} INFO - Processing file /opt/anaconda3/lib/python3.9/site-packages/airflow/example_dags/example_bash_operator.py for tasks to queue
[2022-03-14 12:07:51,055] {logging_mixin.py:109} INFO - [2022-03-14 12:07:51,055] {dagbag.py:500} INFO - Filling up the DagBag from /opt/anaconda3/lib/python3.9/site-packages/airflow/example_dags/example_bash_operator.py
[2022-03-14 12:07:51,101] {processor.py:654} INFO - DAG(s) dict_keys(['example_bash_operator']) retrieved from /opt/anaconda3/lib/python3.9/site-packages/airflow/example_dags/example_bash_operator.py
[2022-03-14 12:07:51,121] {logging_mixin.py:109} INFO - [2022-03-14 12:07:51,121] {dag.py:2398} INFO - Sync 1 DAGs
[2022-03-14 12:07:51,131] {logging_mixin.py:109} INFO - [2022-03-14 12:07:51,131] {dag.py:2937} INFO - Setting next_dagrun for example_bash_operator to 2022-03-13 00:00:00+00:00
[2022-03-14 12:07:51,146] {processor.py:171} INFO - Processing /opt/anaconda3/lib/python3.9/site-packages/airflow/example_dags/example_bash_operator.py took 0.093 seconds
