[2022-03-14 09:08:36,898] {processor.py:163} INFO - Started process (PID=74046) to work on /opt/anaconda3/lib/python3.9/site-packages/airflow/example_dags/example_branch_operator.py
[2022-03-14 09:08:36,899] {processor.py:642} INFO - Processing file /opt/anaconda3/lib/python3.9/site-packages/airflow/example_dags/example_branch_operator.py for tasks to queue
[2022-03-14 09:08:36,899] {logging_mixin.py:109} INFO - [2022-03-14 09:08:36,899] {dagbag.py:500} INFO - Filling up the DagBag from /opt/anaconda3/lib/python3.9/site-packages/airflow/example_dags/example_branch_operator.py
[2022-03-14 09:08:36,981] {processor.py:654} INFO - DAG(s) dict_keys(['example_branch_operator']) retrieved from /opt/anaconda3/lib/python3.9/site-packages/airflow/example_dags/example_branch_operator.py
[2022-03-14 09:08:37,001] {logging_mixin.py:109} INFO - [2022-03-14 09:08:37,001] {dag.py:2398} INFO - Sync 1 DAGs
[2022-03-14 09:08:37,011] {logging_mixin.py:109} INFO - [2022-03-14 09:08:37,011] {dag.py:2937} INFO - Setting next_dagrun for example_branch_operator to 2022-03-13 00:00:00+00:00
[2022-03-14 09:08:37,022] {processor.py:171} INFO - Processing /opt/anaconda3/lib/python3.9/site-packages/airflow/example_dags/example_branch_operator.py took 0.124 seconds
[2022-03-14 09:37:52,630] {processor.py:163} INFO - Started process (PID=74822) to work on /opt/anaconda3/lib/python3.9/site-packages/airflow/example_dags/example_branch_operator.py
[2022-03-14 09:37:52,631] {processor.py:642} INFO - Processing file /opt/anaconda3/lib/python3.9/site-packages/airflow/example_dags/example_branch_operator.py for tasks to queue
[2022-03-14 09:37:52,631] {logging_mixin.py:109} INFO - [2022-03-14 09:37:52,631] {dagbag.py:500} INFO - Filling up the DagBag from /opt/anaconda3/lib/python3.9/site-packages/airflow/example_dags/example_branch_operator.py
[2022-03-14 09:37:52,692] {processor.py:654} INFO - DAG(s) dict_keys(['example_branch_operator']) retrieved from /opt/anaconda3/lib/python3.9/site-packages/airflow/example_dags/example_branch_operator.py
[2022-03-14 09:37:52,713] {logging_mixin.py:109} INFO - [2022-03-14 09:37:52,713] {dag.py:2398} INFO - Sync 1 DAGs
[2022-03-14 09:37:52,725] {logging_mixin.py:109} INFO - [2022-03-14 09:37:52,724] {dag.py:2937} INFO - Setting next_dagrun for example_branch_operator to 2022-03-13 00:00:00+00:00
[2022-03-14 09:37:52,736] {processor.py:171} INFO - Processing /opt/anaconda3/lib/python3.9/site-packages/airflow/example_dags/example_branch_operator.py took 0.107 seconds
[2022-03-14 09:40:26,439] {processor.py:163} INFO - Started process (PID=75084) to work on /opt/anaconda3/lib/python3.9/site-packages/airflow/example_dags/example_branch_operator.py
[2022-03-14 09:40:26,446] {processor.py:642} INFO - Processing file /opt/anaconda3/lib/python3.9/site-packages/airflow/example_dags/example_branch_operator.py for tasks to queue
[2022-03-14 09:40:26,446] {logging_mixin.py:109} INFO - [2022-03-14 09:40:26,446] {dagbag.py:500} INFO - Filling up the DagBag from /opt/anaconda3/lib/python3.9/site-packages/airflow/example_dags/example_branch_operator.py
[2022-03-14 09:40:26,512] {processor.py:654} INFO - DAG(s) dict_keys(['example_branch_operator']) retrieved from /opt/anaconda3/lib/python3.9/site-packages/airflow/example_dags/example_branch_operator.py
[2022-03-14 09:40:26,532] {logging_mixin.py:109} INFO - [2022-03-14 09:40:26,532] {dag.py:2398} INFO - Sync 1 DAGs
[2022-03-14 09:40:26,543] {logging_mixin.py:109} INFO - [2022-03-14 09:40:26,543] {dag.py:2937} INFO - Setting next_dagrun for example_branch_operator to 2022-03-13 00:00:00+00:00
[2022-03-14 09:40:26,556] {processor.py:171} INFO - Processing /opt/anaconda3/lib/python3.9/site-packages/airflow/example_dags/example_branch_operator.py took 0.117 seconds
[2022-03-14 09:42:55,784] {processor.py:163} INFO - Started process (PID=75203) to work on /opt/anaconda3/lib/python3.9/site-packages/airflow/example_dags/example_branch_operator.py
[2022-03-14 09:42:55,790] {processor.py:642} INFO - Processing file /opt/anaconda3/lib/python3.9/site-packages/airflow/example_dags/example_branch_operator.py for tasks to queue
[2022-03-14 09:42:55,791] {logging_mixin.py:109} INFO - [2022-03-14 09:42:55,791] {dagbag.py:500} INFO - Filling up the DagBag from /opt/anaconda3/lib/python3.9/site-packages/airflow/example_dags/example_branch_operator.py
[2022-03-14 09:42:55,849] {processor.py:654} INFO - DAG(s) dict_keys(['example_branch_operator']) retrieved from /opt/anaconda3/lib/python3.9/site-packages/airflow/example_dags/example_branch_operator.py
[2022-03-14 09:42:55,869] {logging_mixin.py:109} INFO - [2022-03-14 09:42:55,869] {dag.py:2398} INFO - Sync 1 DAGs
[2022-03-14 09:42:55,880] {logging_mixin.py:109} INFO - [2022-03-14 09:42:55,880] {dag.py:2937} INFO - Setting next_dagrun for example_branch_operator to 2022-03-13 00:00:00+00:00
[2022-03-14 09:42:55,892] {processor.py:171} INFO - Processing /opt/anaconda3/lib/python3.9/site-packages/airflow/example_dags/example_branch_operator.py took 0.109 seconds
[2022-03-14 09:45:34,089] {processor.py:163} INFO - Started process (PID=75297) to work on /opt/anaconda3/lib/python3.9/site-packages/airflow/example_dags/example_branch_operator.py
[2022-03-14 09:45:34,095] {processor.py:642} INFO - Processing file /opt/anaconda3/lib/python3.9/site-packages/airflow/example_dags/example_branch_operator.py for tasks to queue
[2022-03-14 09:45:34,096] {logging_mixin.py:109} INFO - [2022-03-14 09:45:34,096] {dagbag.py:500} INFO - Filling up the DagBag from /opt/anaconda3/lib/python3.9/site-packages/airflow/example_dags/example_branch_operator.py
[2022-03-14 09:45:34,156] {processor.py:654} INFO - DAG(s) dict_keys(['example_branch_operator']) retrieved from /opt/anaconda3/lib/python3.9/site-packages/airflow/example_dags/example_branch_operator.py
[2022-03-14 09:45:34,177] {logging_mixin.py:109} INFO - [2022-03-14 09:45:34,177] {dag.py:2398} INFO - Sync 1 DAGs
[2022-03-14 09:45:34,187] {logging_mixin.py:109} INFO - [2022-03-14 09:45:34,187] {dag.py:2937} INFO - Setting next_dagrun for example_branch_operator to 2022-03-13 00:00:00+00:00
[2022-03-14 09:45:34,200] {processor.py:171} INFO - Processing /opt/anaconda3/lib/python3.9/site-packages/airflow/example_dags/example_branch_operator.py took 0.112 seconds
[2022-03-14 09:48:04,906] {processor.py:163} INFO - Started process (PID=75381) to work on /opt/anaconda3/lib/python3.9/site-packages/airflow/example_dags/example_branch_operator.py
[2022-03-14 09:48:04,913] {processor.py:642} INFO - Processing file /opt/anaconda3/lib/python3.9/site-packages/airflow/example_dags/example_branch_operator.py for tasks to queue
[2022-03-14 09:48:04,913] {logging_mixin.py:109} INFO - [2022-03-14 09:48:04,913] {dagbag.py:500} INFO - Filling up the DagBag from /opt/anaconda3/lib/python3.9/site-packages/airflow/example_dags/example_branch_operator.py
[2022-03-14 09:48:04,976] {processor.py:654} INFO - DAG(s) dict_keys(['example_branch_operator']) retrieved from /opt/anaconda3/lib/python3.9/site-packages/airflow/example_dags/example_branch_operator.py
[2022-03-14 09:48:04,996] {logging_mixin.py:109} INFO - [2022-03-14 09:48:04,996] {dag.py:2398} INFO - Sync 1 DAGs
[2022-03-14 09:48:05,007] {logging_mixin.py:109} INFO - [2022-03-14 09:48:05,006] {dag.py:2937} INFO - Setting next_dagrun for example_branch_operator to 2022-03-13 00:00:00+00:00
[2022-03-14 09:48:05,019] {processor.py:171} INFO - Processing /opt/anaconda3/lib/python3.9/site-packages/airflow/example_dags/example_branch_operator.py took 0.113 seconds
[2022-03-14 09:50:34,604] {processor.py:163} INFO - Started process (PID=75556) to work on /opt/anaconda3/lib/python3.9/site-packages/airflow/example_dags/example_branch_operator.py
[2022-03-14 09:50:34,610] {processor.py:642} INFO - Processing file /opt/anaconda3/lib/python3.9/site-packages/airflow/example_dags/example_branch_operator.py for tasks to queue
[2022-03-14 09:50:34,611] {logging_mixin.py:109} INFO - [2022-03-14 09:50:34,611] {dagbag.py:500} INFO - Filling up the DagBag from /opt/anaconda3/lib/python3.9/site-packages/airflow/example_dags/example_branch_operator.py
[2022-03-14 09:50:34,670] {processor.py:654} INFO - DAG(s) dict_keys(['example_branch_operator']) retrieved from /opt/anaconda3/lib/python3.9/site-packages/airflow/example_dags/example_branch_operator.py
[2022-03-14 09:50:34,690] {logging_mixin.py:109} INFO - [2022-03-14 09:50:34,690] {dag.py:2398} INFO - Sync 1 DAGs
[2022-03-14 09:50:34,703] {logging_mixin.py:109} INFO - [2022-03-14 09:50:34,703] {dag.py:2937} INFO - Setting next_dagrun for example_branch_operator to 2022-03-13 00:00:00+00:00
[2022-03-14 09:50:34,716] {processor.py:171} INFO - Processing /opt/anaconda3/lib/python3.9/site-packages/airflow/example_dags/example_branch_operator.py took 0.113 seconds
[2022-03-14 09:53:02,494] {processor.py:163} INFO - Started process (PID=75670) to work on /opt/anaconda3/lib/python3.9/site-packages/airflow/example_dags/example_branch_operator.py
[2022-03-14 09:53:02,495] {processor.py:642} INFO - Processing file /opt/anaconda3/lib/python3.9/site-packages/airflow/example_dags/example_branch_operator.py for tasks to queue
[2022-03-14 09:53:02,495] {logging_mixin.py:109} INFO - [2022-03-14 09:53:02,495] {dagbag.py:500} INFO - Filling up the DagBag from /opt/anaconda3/lib/python3.9/site-packages/airflow/example_dags/example_branch_operator.py
[2022-03-14 09:53:02,556] {processor.py:654} INFO - DAG(s) dict_keys(['example_branch_operator']) retrieved from /opt/anaconda3/lib/python3.9/site-packages/airflow/example_dags/example_branch_operator.py
[2022-03-14 09:53:02,578] {logging_mixin.py:109} INFO - [2022-03-14 09:53:02,578] {dag.py:2398} INFO - Sync 1 DAGs
[2022-03-14 09:53:02,590] {logging_mixin.py:109} INFO - [2022-03-14 09:53:02,590] {dag.py:2937} INFO - Setting next_dagrun for example_branch_operator to 2022-03-13 00:00:00+00:00
[2022-03-14 09:53:02,611] {processor.py:171} INFO - Processing /opt/anaconda3/lib/python3.9/site-packages/airflow/example_dags/example_branch_operator.py took 0.117 seconds
[2022-03-14 09:55:40,728] {processor.py:163} INFO - Started process (PID=75763) to work on /opt/anaconda3/lib/python3.9/site-packages/airflow/example_dags/example_branch_operator.py
[2022-03-14 09:55:40,729] {processor.py:642} INFO - Processing file /opt/anaconda3/lib/python3.9/site-packages/airflow/example_dags/example_branch_operator.py for tasks to queue
[2022-03-14 09:55:40,730] {logging_mixin.py:109} INFO - [2022-03-14 09:55:40,730] {dagbag.py:500} INFO - Filling up the DagBag from /opt/anaconda3/lib/python3.9/site-packages/airflow/example_dags/example_branch_operator.py
[2022-03-14 09:55:40,794] {processor.py:654} INFO - DAG(s) dict_keys(['example_branch_operator']) retrieved from /opt/anaconda3/lib/python3.9/site-packages/airflow/example_dags/example_branch_operator.py
[2022-03-14 09:55:40,814] {logging_mixin.py:109} INFO - [2022-03-14 09:55:40,814] {dag.py:2398} INFO - Sync 1 DAGs
[2022-03-14 09:55:40,826] {logging_mixin.py:109} INFO - [2022-03-14 09:55:40,826] {dag.py:2937} INFO - Setting next_dagrun for example_branch_operator to 2022-03-13 00:00:00+00:00
[2022-03-14 09:55:40,842] {processor.py:171} INFO - Processing /opt/anaconda3/lib/python3.9/site-packages/airflow/example_dags/example_branch_operator.py took 0.114 seconds
[2022-03-14 10:00:24,117] {processor.py:163} INFO - Started process (PID=75993) to work on /opt/anaconda3/lib/python3.9/site-packages/airflow/example_dags/example_branch_operator.py
[2022-03-14 10:00:24,123] {processor.py:642} INFO - Processing file /opt/anaconda3/lib/python3.9/site-packages/airflow/example_dags/example_branch_operator.py for tasks to queue
[2022-03-14 10:00:24,124] {logging_mixin.py:109} INFO - [2022-03-14 10:00:24,124] {dagbag.py:500} INFO - Filling up the DagBag from /opt/anaconda3/lib/python3.9/site-packages/airflow/example_dags/example_branch_operator.py
[2022-03-14 10:00:24,183] {processor.py:654} INFO - DAG(s) dict_keys(['example_branch_operator']) retrieved from /opt/anaconda3/lib/python3.9/site-packages/airflow/example_dags/example_branch_operator.py
[2022-03-14 10:00:24,202] {logging_mixin.py:109} INFO - [2022-03-14 10:00:24,202] {dag.py:2398} INFO - Sync 1 DAGs
[2022-03-14 10:00:24,213] {logging_mixin.py:109} INFO - [2022-03-14 10:00:24,213] {dag.py:2937} INFO - Setting next_dagrun for example_branch_operator to 2022-03-13 00:00:00+00:00
[2022-03-14 10:00:24,225] {processor.py:171} INFO - Processing /opt/anaconda3/lib/python3.9/site-packages/airflow/example_dags/example_branch_operator.py took 0.109 seconds
[2022-03-14 10:02:55,666] {processor.py:163} INFO - Started process (PID=76090) to work on /opt/anaconda3/lib/python3.9/site-packages/airflow/example_dags/example_branch_operator.py
[2022-03-14 10:02:55,667] {processor.py:642} INFO - Processing file /opt/anaconda3/lib/python3.9/site-packages/airflow/example_dags/example_branch_operator.py for tasks to queue
[2022-03-14 10:02:55,667] {logging_mixin.py:109} INFO - [2022-03-14 10:02:55,667] {dagbag.py:500} INFO - Filling up the DagBag from /opt/anaconda3/lib/python3.9/site-packages/airflow/example_dags/example_branch_operator.py
[2022-03-14 10:02:55,726] {processor.py:654} INFO - DAG(s) dict_keys(['example_branch_operator']) retrieved from /opt/anaconda3/lib/python3.9/site-packages/airflow/example_dags/example_branch_operator.py
[2022-03-14 10:02:55,746] {logging_mixin.py:109} INFO - [2022-03-14 10:02:55,746] {dag.py:2398} INFO - Sync 1 DAGs
[2022-03-14 10:02:55,757] {logging_mixin.py:109} INFO - [2022-03-14 10:02:55,757] {dag.py:2937} INFO - Setting next_dagrun for example_branch_operator to 2022-03-13 00:00:00+00:00
[2022-03-14 10:02:55,769] {processor.py:171} INFO - Processing /opt/anaconda3/lib/python3.9/site-packages/airflow/example_dags/example_branch_operator.py took 0.103 seconds
[2022-03-14 10:07:09,780] {processor.py:163} INFO - Started process (PID=76228) to work on /opt/anaconda3/lib/python3.9/site-packages/airflow/example_dags/example_branch_operator.py
[2022-03-14 10:07:09,781] {processor.py:642} INFO - Processing file /opt/anaconda3/lib/python3.9/site-packages/airflow/example_dags/example_branch_operator.py for tasks to queue
[2022-03-14 10:07:09,782] {logging_mixin.py:109} INFO - [2022-03-14 10:07:09,782] {dagbag.py:500} INFO - Filling up the DagBag from /opt/anaconda3/lib/python3.9/site-packages/airflow/example_dags/example_branch_operator.py
[2022-03-14 10:07:09,845] {processor.py:654} INFO - DAG(s) dict_keys(['example_branch_operator']) retrieved from /opt/anaconda3/lib/python3.9/site-packages/airflow/example_dags/example_branch_operator.py
[2022-03-14 10:07:09,877] {logging_mixin.py:109} INFO - [2022-03-14 10:07:09,877] {dag.py:2398} INFO - Sync 1 DAGs
[2022-03-14 10:07:09,890] {logging_mixin.py:109} INFO - [2022-03-14 10:07:09,890] {dag.py:2937} INFO - Setting next_dagrun for example_branch_operator to 2022-03-13 00:00:00+00:00
[2022-03-14 10:07:09,907] {processor.py:171} INFO - Processing /opt/anaconda3/lib/python3.9/site-packages/airflow/example_dags/example_branch_operator.py took 0.127 seconds
[2022-03-14 10:09:44,287] {processor.py:163} INFO - Started process (PID=76545) to work on /opt/anaconda3/lib/python3.9/site-packages/airflow/example_dags/example_branch_operator.py
[2022-03-14 10:09:44,293] {processor.py:642} INFO - Processing file /opt/anaconda3/lib/python3.9/site-packages/airflow/example_dags/example_branch_operator.py for tasks to queue
[2022-03-14 10:09:44,294] {logging_mixin.py:109} INFO - [2022-03-14 10:09:44,294] {dagbag.py:500} INFO - Filling up the DagBag from /opt/anaconda3/lib/python3.9/site-packages/airflow/example_dags/example_branch_operator.py
[2022-03-14 10:09:44,354] {processor.py:654} INFO - DAG(s) dict_keys(['example_branch_operator']) retrieved from /opt/anaconda3/lib/python3.9/site-packages/airflow/example_dags/example_branch_operator.py
[2022-03-14 10:09:44,374] {logging_mixin.py:109} INFO - [2022-03-14 10:09:44,374] {dag.py:2398} INFO - Sync 1 DAGs
[2022-03-14 10:09:44,384] {logging_mixin.py:109} INFO - [2022-03-14 10:09:44,384] {dag.py:2937} INFO - Setting next_dagrun for example_branch_operator to 2022-03-13 00:00:00+00:00
[2022-03-14 10:09:44,396] {processor.py:171} INFO - Processing /opt/anaconda3/lib/python3.9/site-packages/airflow/example_dags/example_branch_operator.py took 0.110 seconds
[2022-03-14 10:13:02,238] {processor.py:163} INFO - Started process (PID=76683) to work on /opt/anaconda3/lib/python3.9/site-packages/airflow/example_dags/example_branch_operator.py
[2022-03-14 10:13:02,238] {processor.py:642} INFO - Processing file /opt/anaconda3/lib/python3.9/site-packages/airflow/example_dags/example_branch_operator.py for tasks to queue
[2022-03-14 10:13:02,239] {logging_mixin.py:109} INFO - [2022-03-14 10:13:02,239] {dagbag.py:500} INFO - Filling up the DagBag from /opt/anaconda3/lib/python3.9/site-packages/airflow/example_dags/example_branch_operator.py
[2022-03-14 10:13:02,299] {processor.py:654} INFO - DAG(s) dict_keys(['example_branch_operator']) retrieved from /opt/anaconda3/lib/python3.9/site-packages/airflow/example_dags/example_branch_operator.py
[2022-03-14 10:13:02,321] {logging_mixin.py:109} INFO - [2022-03-14 10:13:02,320] {dag.py:2398} INFO - Sync 1 DAGs
[2022-03-14 10:13:02,331] {logging_mixin.py:109} INFO - [2022-03-14 10:13:02,331] {dag.py:2937} INFO - Setting next_dagrun for example_branch_operator to 2022-03-13 00:00:00+00:00
[2022-03-14 10:13:02,343] {processor.py:171} INFO - Processing /opt/anaconda3/lib/python3.9/site-packages/airflow/example_dags/example_branch_operator.py took 0.106 seconds
[2022-03-14 10:15:08,271] {processor.py:163} INFO - Started process (PID=76748) to work on /opt/anaconda3/lib/python3.9/site-packages/airflow/example_dags/example_branch_operator.py
[2022-03-14 10:15:08,274] {processor.py:642} INFO - Processing file /opt/anaconda3/lib/python3.9/site-packages/airflow/example_dags/example_branch_operator.py for tasks to queue
[2022-03-14 10:15:08,274] {logging_mixin.py:109} INFO - [2022-03-14 10:15:08,274] {dagbag.py:500} INFO - Filling up the DagBag from /opt/anaconda3/lib/python3.9/site-packages/airflow/example_dags/example_branch_operator.py
[2022-03-14 10:15:08,334] {processor.py:654} INFO - DAG(s) dict_keys(['example_branch_operator']) retrieved from /opt/anaconda3/lib/python3.9/site-packages/airflow/example_dags/example_branch_operator.py
[2022-03-14 10:15:08,354] {logging_mixin.py:109} INFO - [2022-03-14 10:15:08,354] {dag.py:2398} INFO - Sync 1 DAGs
[2022-03-14 10:15:08,366] {logging_mixin.py:109} INFO - [2022-03-14 10:15:08,366] {dag.py:2937} INFO - Setting next_dagrun for example_branch_operator to 2022-03-13 00:00:00+00:00
[2022-03-14 10:15:08,379] {processor.py:171} INFO - Processing /opt/anaconda3/lib/python3.9/site-packages/airflow/example_dags/example_branch_operator.py took 0.109 seconds
[2022-03-14 10:17:43,731] {processor.py:163} INFO - Started process (PID=76824) to work on /opt/anaconda3/lib/python3.9/site-packages/airflow/example_dags/example_branch_operator.py
[2022-03-14 10:17:43,734] {processor.py:642} INFO - Processing file /opt/anaconda3/lib/python3.9/site-packages/airflow/example_dags/example_branch_operator.py for tasks to queue
[2022-03-14 10:17:43,734] {logging_mixin.py:109} INFO - [2022-03-14 10:17:43,734] {dagbag.py:500} INFO - Filling up the DagBag from /opt/anaconda3/lib/python3.9/site-packages/airflow/example_dags/example_branch_operator.py
[2022-03-14 10:17:43,794] {processor.py:654} INFO - DAG(s) dict_keys(['example_branch_operator']) retrieved from /opt/anaconda3/lib/python3.9/site-packages/airflow/example_dags/example_branch_operator.py
[2022-03-14 10:17:43,814] {logging_mixin.py:109} INFO - [2022-03-14 10:17:43,813] {dag.py:2398} INFO - Sync 1 DAGs
[2022-03-14 10:17:43,824] {logging_mixin.py:109} INFO - [2022-03-14 10:17:43,824] {dag.py:2937} INFO - Setting next_dagrun for example_branch_operator to 2022-03-13 00:00:00+00:00
[2022-03-14 10:17:43,836] {processor.py:171} INFO - Processing /opt/anaconda3/lib/python3.9/site-packages/airflow/example_dags/example_branch_operator.py took 0.105 seconds
[2022-03-14 10:21:54,561] {processor.py:163} INFO - Started process (PID=77021) to work on /opt/anaconda3/lib/python3.9/site-packages/airflow/example_dags/example_branch_operator.py
[2022-03-14 10:21:54,567] {processor.py:642} INFO - Processing file /opt/anaconda3/lib/python3.9/site-packages/airflow/example_dags/example_branch_operator.py for tasks to queue
[2022-03-14 10:21:54,568] {logging_mixin.py:109} INFO - [2022-03-14 10:21:54,568] {dagbag.py:500} INFO - Filling up the DagBag from /opt/anaconda3/lib/python3.9/site-packages/airflow/example_dags/example_branch_operator.py
[2022-03-14 10:21:54,629] {processor.py:654} INFO - DAG(s) dict_keys(['example_branch_operator']) retrieved from /opt/anaconda3/lib/python3.9/site-packages/airflow/example_dags/example_branch_operator.py
[2022-03-14 10:21:54,649] {logging_mixin.py:109} INFO - [2022-03-14 10:21:54,649] {dag.py:2398} INFO - Sync 1 DAGs
[2022-03-14 10:21:54,660] {logging_mixin.py:109} INFO - [2022-03-14 10:21:54,660] {dag.py:2937} INFO - Setting next_dagrun for example_branch_operator to 2022-03-13 00:00:00+00:00
[2022-03-14 10:21:54,673] {processor.py:171} INFO - Processing /opt/anaconda3/lib/python3.9/site-packages/airflow/example_dags/example_branch_operator.py took 0.113 seconds
[2022-03-14 10:29:47,698] {processor.py:163} INFO - Started process (PID=77460) to work on /opt/anaconda3/lib/python3.9/site-packages/airflow/example_dags/example_branch_operator.py
[2022-03-14 10:29:47,704] {processor.py:642} INFO - Processing file /opt/anaconda3/lib/python3.9/site-packages/airflow/example_dags/example_branch_operator.py for tasks to queue
[2022-03-14 10:29:47,705] {logging_mixin.py:109} INFO - [2022-03-14 10:29:47,705] {dagbag.py:500} INFO - Filling up the DagBag from /opt/anaconda3/lib/python3.9/site-packages/airflow/example_dags/example_branch_operator.py
[2022-03-14 10:29:47,764] {processor.py:654} INFO - DAG(s) dict_keys(['example_branch_operator']) retrieved from /opt/anaconda3/lib/python3.9/site-packages/airflow/example_dags/example_branch_operator.py
[2022-03-14 10:29:47,784] {logging_mixin.py:109} INFO - [2022-03-14 10:29:47,784] {dag.py:2398} INFO - Sync 1 DAGs
[2022-03-14 10:29:47,795] {logging_mixin.py:109} INFO - [2022-03-14 10:29:47,795] {dag.py:2937} INFO - Setting next_dagrun for example_branch_operator to 2022-03-13 00:00:00+00:00
[2022-03-14 10:29:47,808] {processor.py:171} INFO - Processing /opt/anaconda3/lib/python3.9/site-packages/airflow/example_dags/example_branch_operator.py took 0.111 seconds
[2022-03-14 10:32:22,675] {processor.py:163} INFO - Started process (PID=77536) to work on /opt/anaconda3/lib/python3.9/site-packages/airflow/example_dags/example_branch_operator.py
[2022-03-14 10:32:22,676] {processor.py:642} INFO - Processing file /opt/anaconda3/lib/python3.9/site-packages/airflow/example_dags/example_branch_operator.py for tasks to queue
[2022-03-14 10:32:22,676] {logging_mixin.py:109} INFO - [2022-03-14 10:32:22,676] {dagbag.py:500} INFO - Filling up the DagBag from /opt/anaconda3/lib/python3.9/site-packages/airflow/example_dags/example_branch_operator.py
[2022-03-14 10:32:22,735] {processor.py:654} INFO - DAG(s) dict_keys(['example_branch_operator']) retrieved from /opt/anaconda3/lib/python3.9/site-packages/airflow/example_dags/example_branch_operator.py
[2022-03-14 10:32:22,756] {logging_mixin.py:109} INFO - [2022-03-14 10:32:22,755] {dag.py:2398} INFO - Sync 1 DAGs
[2022-03-14 10:32:22,770] {logging_mixin.py:109} INFO - [2022-03-14 10:32:22,770] {dag.py:2937} INFO - Setting next_dagrun for example_branch_operator to 2022-03-13 00:00:00+00:00
[2022-03-14 10:32:22,782] {processor.py:171} INFO - Processing /opt/anaconda3/lib/python3.9/site-packages/airflow/example_dags/example_branch_operator.py took 0.107 seconds
[2022-03-14 10:37:15,863] {processor.py:163} INFO - Started process (PID=77672) to work on /opt/anaconda3/lib/python3.9/site-packages/airflow/example_dags/example_branch_operator.py
[2022-03-14 10:37:15,870] {processor.py:642} INFO - Processing file /opt/anaconda3/lib/python3.9/site-packages/airflow/example_dags/example_branch_operator.py for tasks to queue
[2022-03-14 10:37:15,871] {logging_mixin.py:109} INFO - [2022-03-14 10:37:15,871] {dagbag.py:500} INFO - Filling up the DagBag from /opt/anaconda3/lib/python3.9/site-packages/airflow/example_dags/example_branch_operator.py
[2022-03-14 10:37:15,951] {processor.py:654} INFO - DAG(s) dict_keys(['example_branch_operator']) retrieved from /opt/anaconda3/lib/python3.9/site-packages/airflow/example_dags/example_branch_operator.py
[2022-03-14 10:37:15,990] {logging_mixin.py:109} INFO - [2022-03-14 10:37:15,989] {dag.py:2398} INFO - Sync 1 DAGs
[2022-03-14 10:37:16,004] {logging_mixin.py:109} INFO - [2022-03-14 10:37:16,004] {dag.py:2937} INFO - Setting next_dagrun for example_branch_operator to 2022-03-13 00:00:00+00:00
[2022-03-14 10:37:16,018] {processor.py:171} INFO - Processing /opt/anaconda3/lib/python3.9/site-packages/airflow/example_dags/example_branch_operator.py took 0.156 seconds
[2022-03-14 10:39:59,398] {processor.py:163} INFO - Started process (PID=77856) to work on /opt/anaconda3/lib/python3.9/site-packages/airflow/example_dags/example_branch_operator.py
[2022-03-14 10:39:59,404] {processor.py:642} INFO - Processing file /opt/anaconda3/lib/python3.9/site-packages/airflow/example_dags/example_branch_operator.py for tasks to queue
[2022-03-14 10:39:59,404] {logging_mixin.py:109} INFO - [2022-03-14 10:39:59,404] {dagbag.py:500} INFO - Filling up the DagBag from /opt/anaconda3/lib/python3.9/site-packages/airflow/example_dags/example_branch_operator.py
[2022-03-14 10:39:59,465] {processor.py:654} INFO - DAG(s) dict_keys(['example_branch_operator']) retrieved from /opt/anaconda3/lib/python3.9/site-packages/airflow/example_dags/example_branch_operator.py
[2022-03-14 10:39:59,486] {logging_mixin.py:109} INFO - [2022-03-14 10:39:59,486] {dag.py:2398} INFO - Sync 1 DAGs
[2022-03-14 10:39:59,497] {logging_mixin.py:109} INFO - [2022-03-14 10:39:59,497] {dag.py:2937} INFO - Setting next_dagrun for example_branch_operator to 2022-03-13 00:00:00+00:00
[2022-03-14 10:39:59,510] {processor.py:171} INFO - Processing /opt/anaconda3/lib/python3.9/site-packages/airflow/example_dags/example_branch_operator.py took 0.113 seconds
[2022-03-14 10:42:14,185] {processor.py:163} INFO - Started process (PID=77935) to work on /opt/anaconda3/lib/python3.9/site-packages/airflow/example_dags/example_branch_operator.py
[2022-03-14 10:42:14,188] {processor.py:642} INFO - Processing file /opt/anaconda3/lib/python3.9/site-packages/airflow/example_dags/example_branch_operator.py for tasks to queue
[2022-03-14 10:42:14,188] {logging_mixin.py:109} INFO - [2022-03-14 10:42:14,188] {dagbag.py:500} INFO - Filling up the DagBag from /opt/anaconda3/lib/python3.9/site-packages/airflow/example_dags/example_branch_operator.py
[2022-03-14 10:42:14,248] {processor.py:654} INFO - DAG(s) dict_keys(['example_branch_operator']) retrieved from /opt/anaconda3/lib/python3.9/site-packages/airflow/example_dags/example_branch_operator.py
[2022-03-14 10:42:14,267] {logging_mixin.py:109} INFO - [2022-03-14 10:42:14,267] {dag.py:2398} INFO - Sync 1 DAGs
[2022-03-14 10:42:14,278] {logging_mixin.py:109} INFO - [2022-03-14 10:42:14,278] {dag.py:2937} INFO - Setting next_dagrun for example_branch_operator to 2022-03-13 00:00:00+00:00
[2022-03-14 10:42:14,289] {processor.py:171} INFO - Processing /opt/anaconda3/lib/python3.9/site-packages/airflow/example_dags/example_branch_operator.py took 0.105 seconds
[2022-03-14 10:44:40,436] {processor.py:163} INFO - Started process (PID=78046) to work on /opt/anaconda3/lib/python3.9/site-packages/airflow/example_dags/example_branch_operator.py
[2022-03-14 10:44:40,442] {processor.py:642} INFO - Processing file /opt/anaconda3/lib/python3.9/site-packages/airflow/example_dags/example_branch_operator.py for tasks to queue
[2022-03-14 10:44:40,443] {logging_mixin.py:109} INFO - [2022-03-14 10:44:40,443] {dagbag.py:500} INFO - Filling up the DagBag from /opt/anaconda3/lib/python3.9/site-packages/airflow/example_dags/example_branch_operator.py
[2022-03-14 10:44:40,506] {processor.py:654} INFO - DAG(s) dict_keys(['example_branch_operator']) retrieved from /opt/anaconda3/lib/python3.9/site-packages/airflow/example_dags/example_branch_operator.py
[2022-03-14 10:44:40,525] {logging_mixin.py:109} INFO - [2022-03-14 10:44:40,525] {dag.py:2398} INFO - Sync 1 DAGs
[2022-03-14 10:44:40,536] {logging_mixin.py:109} INFO - [2022-03-14 10:44:40,536] {dag.py:2937} INFO - Setting next_dagrun for example_branch_operator to 2022-03-13 00:00:00+00:00
[2022-03-14 10:44:40,547] {processor.py:171} INFO - Processing /opt/anaconda3/lib/python3.9/site-packages/airflow/example_dags/example_branch_operator.py took 0.112 seconds
[2022-03-14 10:48:50,419] {processor.py:163} INFO - Started process (PID=78766) to work on /opt/anaconda3/lib/python3.9/site-packages/airflow/example_dags/example_branch_operator.py
[2022-03-14 10:48:50,420] {processor.py:642} INFO - Processing file /opt/anaconda3/lib/python3.9/site-packages/airflow/example_dags/example_branch_operator.py for tasks to queue
[2022-03-14 10:48:50,420] {logging_mixin.py:109} INFO - [2022-03-14 10:48:50,420] {dagbag.py:500} INFO - Filling up the DagBag from /opt/anaconda3/lib/python3.9/site-packages/airflow/example_dags/example_branch_operator.py
[2022-03-14 10:48:50,478] {processor.py:654} INFO - DAG(s) dict_keys(['example_branch_operator']) retrieved from /opt/anaconda3/lib/python3.9/site-packages/airflow/example_dags/example_branch_operator.py
[2022-03-14 10:48:50,498] {logging_mixin.py:109} INFO - [2022-03-14 10:48:50,498] {dag.py:2398} INFO - Sync 1 DAGs
[2022-03-14 10:48:50,509] {logging_mixin.py:109} INFO - [2022-03-14 10:48:50,508] {dag.py:2937} INFO - Setting next_dagrun for example_branch_operator to 2022-03-13 00:00:00+00:00
[2022-03-14 10:48:50,521] {processor.py:171} INFO - Processing /opt/anaconda3/lib/python3.9/site-packages/airflow/example_dags/example_branch_operator.py took 0.103 seconds
[2022-03-14 10:52:17,971] {processor.py:163} INFO - Started process (PID=78916) to work on /opt/anaconda3/lib/python3.9/site-packages/airflow/example_dags/example_branch_operator.py
[2022-03-14 10:52:17,977] {processor.py:642} INFO - Processing file /opt/anaconda3/lib/python3.9/site-packages/airflow/example_dags/example_branch_operator.py for tasks to queue
[2022-03-14 10:52:17,978] {logging_mixin.py:109} INFO - [2022-03-14 10:52:17,978] {dagbag.py:500} INFO - Filling up the DagBag from /opt/anaconda3/lib/python3.9/site-packages/airflow/example_dags/example_branch_operator.py
[2022-03-14 10:52:18,038] {processor.py:654} INFO - DAG(s) dict_keys(['example_branch_operator']) retrieved from /opt/anaconda3/lib/python3.9/site-packages/airflow/example_dags/example_branch_operator.py
[2022-03-14 10:52:18,060] {logging_mixin.py:109} INFO - [2022-03-14 10:52:18,060] {dag.py:2398} INFO - Sync 1 DAGs
[2022-03-14 10:52:18,071] {logging_mixin.py:109} INFO - [2022-03-14 10:52:18,071] {dag.py:2937} INFO - Setting next_dagrun for example_branch_operator to 2022-03-13 00:00:00+00:00
[2022-03-14 10:52:18,084] {processor.py:171} INFO - Processing /opt/anaconda3/lib/python3.9/site-packages/airflow/example_dags/example_branch_operator.py took 0.113 seconds
[2022-03-14 10:55:15,780] {processor.py:163} INFO - Started process (PID=79027) to work on /opt/anaconda3/lib/python3.9/site-packages/airflow/example_dags/example_branch_operator.py
[2022-03-14 10:55:15,786] {processor.py:642} INFO - Processing file /opt/anaconda3/lib/python3.9/site-packages/airflow/example_dags/example_branch_operator.py for tasks to queue
[2022-03-14 10:55:15,787] {logging_mixin.py:109} INFO - [2022-03-14 10:55:15,787] {dagbag.py:500} INFO - Filling up the DagBag from /opt/anaconda3/lib/python3.9/site-packages/airflow/example_dags/example_branch_operator.py
[2022-03-14 10:55:15,844] {processor.py:654} INFO - DAG(s) dict_keys(['example_branch_operator']) retrieved from /opt/anaconda3/lib/python3.9/site-packages/airflow/example_dags/example_branch_operator.py
[2022-03-14 10:55:15,863] {logging_mixin.py:109} INFO - [2022-03-14 10:55:15,863] {dag.py:2398} INFO - Sync 1 DAGs
[2022-03-14 10:55:15,874] {logging_mixin.py:109} INFO - [2022-03-14 10:55:15,874] {dag.py:2937} INFO - Setting next_dagrun for example_branch_operator to 2022-03-13 00:00:00+00:00
[2022-03-14 10:55:15,886] {processor.py:171} INFO - Processing /opt/anaconda3/lib/python3.9/site-packages/airflow/example_dags/example_branch_operator.py took 0.106 seconds
[2022-03-14 10:57:58,240] {processor.py:163} INFO - Started process (PID=79146) to work on /opt/anaconda3/lib/python3.9/site-packages/airflow/example_dags/example_branch_operator.py
[2022-03-14 10:57:58,242] {processor.py:642} INFO - Processing file /opt/anaconda3/lib/python3.9/site-packages/airflow/example_dags/example_branch_operator.py for tasks to queue
[2022-03-14 10:57:58,243] {logging_mixin.py:109} INFO - [2022-03-14 10:57:58,243] {dagbag.py:500} INFO - Filling up the DagBag from /opt/anaconda3/lib/python3.9/site-packages/airflow/example_dags/example_branch_operator.py
[2022-03-14 10:57:58,302] {processor.py:654} INFO - DAG(s) dict_keys(['example_branch_operator']) retrieved from /opt/anaconda3/lib/python3.9/site-packages/airflow/example_dags/example_branch_operator.py
[2022-03-14 10:57:58,322] {logging_mixin.py:109} INFO - [2022-03-14 10:57:58,322] {dag.py:2398} INFO - Sync 1 DAGs
[2022-03-14 10:57:58,333] {logging_mixin.py:109} INFO - [2022-03-14 10:57:58,332] {dag.py:2937} INFO - Setting next_dagrun for example_branch_operator to 2022-03-13 00:00:00+00:00
[2022-03-14 10:57:58,345] {processor.py:171} INFO - Processing /opt/anaconda3/lib/python3.9/site-packages/airflow/example_dags/example_branch_operator.py took 0.105 seconds
[2022-03-14 11:00:39,649] {processor.py:163} INFO - Started process (PID=79298) to work on /opt/anaconda3/lib/python3.9/site-packages/airflow/example_dags/example_branch_operator.py
[2022-03-14 11:00:39,649] {processor.py:642} INFO - Processing file /opt/anaconda3/lib/python3.9/site-packages/airflow/example_dags/example_branch_operator.py for tasks to queue
[2022-03-14 11:00:39,649] {logging_mixin.py:109} INFO - [2022-03-14 11:00:39,649] {dagbag.py:500} INFO - Filling up the DagBag from /opt/anaconda3/lib/python3.9/site-packages/airflow/example_dags/example_branch_operator.py
[2022-03-14 11:00:39,709] {processor.py:654} INFO - DAG(s) dict_keys(['example_branch_operator']) retrieved from /opt/anaconda3/lib/python3.9/site-packages/airflow/example_dags/example_branch_operator.py
[2022-03-14 11:00:39,729] {logging_mixin.py:109} INFO - [2022-03-14 11:00:39,728] {dag.py:2398} INFO - Sync 1 DAGs
[2022-03-14 11:00:39,739] {logging_mixin.py:109} INFO - [2022-03-14 11:00:39,739] {dag.py:2937} INFO - Setting next_dagrun for example_branch_operator to 2022-03-13 00:00:00+00:00
[2022-03-14 11:00:39,751] {processor.py:171} INFO - Processing /opt/anaconda3/lib/python3.9/site-packages/airflow/example_dags/example_branch_operator.py took 0.103 seconds
[2022-03-14 11:04:31,305] {processor.py:163} INFO - Started process (PID=79500) to work on /opt/anaconda3/lib/python3.9/site-packages/airflow/example_dags/example_branch_operator.py
[2022-03-14 11:04:31,311] {processor.py:642} INFO - Processing file /opt/anaconda3/lib/python3.9/site-packages/airflow/example_dags/example_branch_operator.py for tasks to queue
[2022-03-14 11:04:31,312] {logging_mixin.py:109} INFO - [2022-03-14 11:04:31,312] {dagbag.py:500} INFO - Filling up the DagBag from /opt/anaconda3/lib/python3.9/site-packages/airflow/example_dags/example_branch_operator.py
[2022-03-14 11:04:31,371] {processor.py:654} INFO - DAG(s) dict_keys(['example_branch_operator']) retrieved from /opt/anaconda3/lib/python3.9/site-packages/airflow/example_dags/example_branch_operator.py
[2022-03-14 11:04:31,393] {logging_mixin.py:109} INFO - [2022-03-14 11:04:31,392] {dag.py:2398} INFO - Sync 1 DAGs
[2022-03-14 11:04:31,404] {logging_mixin.py:109} INFO - [2022-03-14 11:04:31,404] {dag.py:2937} INFO - Setting next_dagrun for example_branch_operator to 2022-03-13 00:00:00+00:00
[2022-03-14 11:04:31,417] {processor.py:171} INFO - Processing /opt/anaconda3/lib/python3.9/site-packages/airflow/example_dags/example_branch_operator.py took 0.113 seconds
[2022-03-14 11:07:21,402] {processor.py:163} INFO - Started process (PID=79617) to work on /opt/anaconda3/lib/python3.9/site-packages/airflow/example_dags/example_branch_operator.py
[2022-03-14 11:07:21,403] {processor.py:642} INFO - Processing file /opt/anaconda3/lib/python3.9/site-packages/airflow/example_dags/example_branch_operator.py for tasks to queue
[2022-03-14 11:07:21,403] {logging_mixin.py:109} INFO - [2022-03-14 11:07:21,403] {dagbag.py:500} INFO - Filling up the DagBag from /opt/anaconda3/lib/python3.9/site-packages/airflow/example_dags/example_branch_operator.py
[2022-03-14 11:07:21,465] {processor.py:654} INFO - DAG(s) dict_keys(['example_branch_operator']) retrieved from /opt/anaconda3/lib/python3.9/site-packages/airflow/example_dags/example_branch_operator.py
[2022-03-14 11:07:21,485] {logging_mixin.py:109} INFO - [2022-03-14 11:07:21,485] {dag.py:2398} INFO - Sync 1 DAGs
[2022-03-14 11:07:21,497] {logging_mixin.py:109} INFO - [2022-03-14 11:07:21,497] {dag.py:2937} INFO - Setting next_dagrun for example_branch_operator to 2022-03-13 00:00:00+00:00
[2022-03-14 11:07:21,511] {processor.py:171} INFO - Processing /opt/anaconda3/lib/python3.9/site-packages/airflow/example_dags/example_branch_operator.py took 0.109 seconds
[2022-03-14 11:16:08,058] {processor.py:163} INFO - Started process (PID=80066) to work on /opt/anaconda3/lib/python3.9/site-packages/airflow/example_dags/example_branch_operator.py
[2022-03-14 11:16:08,064] {processor.py:642} INFO - Processing file /opt/anaconda3/lib/python3.9/site-packages/airflow/example_dags/example_branch_operator.py for tasks to queue
[2022-03-14 11:16:08,064] {logging_mixin.py:109} INFO - [2022-03-14 11:16:08,064] {dagbag.py:500} INFO - Filling up the DagBag from /opt/anaconda3/lib/python3.9/site-packages/airflow/example_dags/example_branch_operator.py
[2022-03-14 11:16:08,125] {processor.py:654} INFO - DAG(s) dict_keys(['example_branch_operator']) retrieved from /opt/anaconda3/lib/python3.9/site-packages/airflow/example_dags/example_branch_operator.py
[2022-03-14 11:16:08,145] {logging_mixin.py:109} INFO - [2022-03-14 11:16:08,144] {dag.py:2398} INFO - Sync 1 DAGs
[2022-03-14 11:16:08,155] {logging_mixin.py:109} INFO - [2022-03-14 11:16:08,155] {dag.py:2937} INFO - Setting next_dagrun for example_branch_operator to 2022-03-13 00:00:00+00:00
[2022-03-14 11:16:08,168] {processor.py:171} INFO - Processing /opt/anaconda3/lib/python3.9/site-packages/airflow/example_dags/example_branch_operator.py took 0.111 seconds
[2022-03-14 11:19:05,124] {processor.py:163} INFO - Started process (PID=80284) to work on /opt/anaconda3/lib/python3.9/site-packages/airflow/example_dags/example_branch_operator.py
[2022-03-14 11:19:05,125] {processor.py:642} INFO - Processing file /opt/anaconda3/lib/python3.9/site-packages/airflow/example_dags/example_branch_operator.py for tasks to queue
[2022-03-14 11:19:05,126] {logging_mixin.py:109} INFO - [2022-03-14 11:19:05,126] {dagbag.py:500} INFO - Filling up the DagBag from /opt/anaconda3/lib/python3.9/site-packages/airflow/example_dags/example_branch_operator.py
[2022-03-14 11:19:05,189] {processor.py:654} INFO - DAG(s) dict_keys(['example_branch_operator']) retrieved from /opt/anaconda3/lib/python3.9/site-packages/airflow/example_dags/example_branch_operator.py
[2022-03-14 11:19:05,210] {logging_mixin.py:109} INFO - [2022-03-14 11:19:05,210] {dag.py:2398} INFO - Sync 1 DAGs
[2022-03-14 11:19:05,221] {logging_mixin.py:109} INFO - [2022-03-14 11:19:05,220] {dag.py:2937} INFO - Setting next_dagrun for example_branch_operator to 2022-03-13 00:00:00+00:00
[2022-03-14 11:19:05,233] {processor.py:171} INFO - Processing /opt/anaconda3/lib/python3.9/site-packages/airflow/example_dags/example_branch_operator.py took 0.109 seconds
[2022-03-14 11:21:52,349] {processor.py:163} INFO - Started process (PID=80388) to work on /opt/anaconda3/lib/python3.9/site-packages/airflow/example_dags/example_branch_operator.py
[2022-03-14 11:21:52,355] {processor.py:642} INFO - Processing file /opt/anaconda3/lib/python3.9/site-packages/airflow/example_dags/example_branch_operator.py for tasks to queue
[2022-03-14 11:21:52,355] {logging_mixin.py:109} INFO - [2022-03-14 11:21:52,355] {dagbag.py:500} INFO - Filling up the DagBag from /opt/anaconda3/lib/python3.9/site-packages/airflow/example_dags/example_branch_operator.py
[2022-03-14 11:21:52,416] {processor.py:654} INFO - DAG(s) dict_keys(['example_branch_operator']) retrieved from /opt/anaconda3/lib/python3.9/site-packages/airflow/example_dags/example_branch_operator.py
[2022-03-14 11:21:52,435] {logging_mixin.py:109} INFO - [2022-03-14 11:21:52,435] {dag.py:2398} INFO - Sync 1 DAGs
[2022-03-14 11:21:52,445] {logging_mixin.py:109} INFO - [2022-03-14 11:21:52,445] {dag.py:2937} INFO - Setting next_dagrun for example_branch_operator to 2022-03-13 00:00:00+00:00
[2022-03-14 11:21:52,458] {processor.py:171} INFO - Processing /opt/anaconda3/lib/python3.9/site-packages/airflow/example_dags/example_branch_operator.py took 0.110 seconds
[2022-03-14 11:24:26,389] {processor.py:163} INFO - Started process (PID=80488) to work on /opt/anaconda3/lib/python3.9/site-packages/airflow/example_dags/example_branch_operator.py
[2022-03-14 11:24:26,389] {processor.py:642} INFO - Processing file /opt/anaconda3/lib/python3.9/site-packages/airflow/example_dags/example_branch_operator.py for tasks to queue
[2022-03-14 11:24:26,390] {logging_mixin.py:109} INFO - [2022-03-14 11:24:26,390] {dagbag.py:500} INFO - Filling up the DagBag from /opt/anaconda3/lib/python3.9/site-packages/airflow/example_dags/example_branch_operator.py
[2022-03-14 11:24:26,448] {processor.py:654} INFO - DAG(s) dict_keys(['example_branch_operator']) retrieved from /opt/anaconda3/lib/python3.9/site-packages/airflow/example_dags/example_branch_operator.py
[2022-03-14 11:24:26,468] {logging_mixin.py:109} INFO - [2022-03-14 11:24:26,467] {dag.py:2398} INFO - Sync 1 DAGs
[2022-03-14 11:24:26,479] {logging_mixin.py:109} INFO - [2022-03-14 11:24:26,479] {dag.py:2937} INFO - Setting next_dagrun for example_branch_operator to 2022-03-13 00:00:00+00:00
[2022-03-14 11:24:26,494] {processor.py:171} INFO - Processing /opt/anaconda3/lib/python3.9/site-packages/airflow/example_dags/example_branch_operator.py took 0.106 seconds
[2022-03-14 11:27:07,660] {processor.py:163} INFO - Started process (PID=80605) to work on /opt/anaconda3/lib/python3.9/site-packages/airflow/example_dags/example_branch_operator.py
[2022-03-14 11:27:07,663] {processor.py:642} INFO - Processing file /opt/anaconda3/lib/python3.9/site-packages/airflow/example_dags/example_branch_operator.py for tasks to queue
[2022-03-14 11:27:07,663] {logging_mixin.py:109} INFO - [2022-03-14 11:27:07,663] {dagbag.py:500} INFO - Filling up the DagBag from /opt/anaconda3/lib/python3.9/site-packages/airflow/example_dags/example_branch_operator.py
[2022-03-14 11:27:07,723] {processor.py:654} INFO - DAG(s) dict_keys(['example_branch_operator']) retrieved from /opt/anaconda3/lib/python3.9/site-packages/airflow/example_dags/example_branch_operator.py
[2022-03-14 11:27:07,742] {logging_mixin.py:109} INFO - [2022-03-14 11:27:07,742] {dag.py:2398} INFO - Sync 1 DAGs
[2022-03-14 11:27:07,754] {logging_mixin.py:109} INFO - [2022-03-14 11:27:07,753] {dag.py:2937} INFO - Setting next_dagrun for example_branch_operator to 2022-03-13 00:00:00+00:00
[2022-03-14 11:27:07,765] {processor.py:171} INFO - Processing /opt/anaconda3/lib/python3.9/site-packages/airflow/example_dags/example_branch_operator.py took 0.105 seconds
[2022-03-14 11:29:44,677] {processor.py:163} INFO - Started process (PID=80801) to work on /opt/anaconda3/lib/python3.9/site-packages/airflow/example_dags/example_branch_operator.py
[2022-03-14 11:29:44,683] {processor.py:642} INFO - Processing file /opt/anaconda3/lib/python3.9/site-packages/airflow/example_dags/example_branch_operator.py for tasks to queue
[2022-03-14 11:29:44,684] {logging_mixin.py:109} INFO - [2022-03-14 11:29:44,684] {dagbag.py:500} INFO - Filling up the DagBag from /opt/anaconda3/lib/python3.9/site-packages/airflow/example_dags/example_branch_operator.py
[2022-03-14 11:29:44,762] {processor.py:654} INFO - DAG(s) dict_keys(['example_branch_operator']) retrieved from /opt/anaconda3/lib/python3.9/site-packages/airflow/example_dags/example_branch_operator.py
[2022-03-14 11:29:44,783] {logging_mixin.py:109} INFO - [2022-03-14 11:29:44,782] {dag.py:2398} INFO - Sync 1 DAGs
[2022-03-14 11:29:44,793] {logging_mixin.py:109} INFO - [2022-03-14 11:29:44,793] {dag.py:2937} INFO - Setting next_dagrun for example_branch_operator to 2022-03-13 00:00:00+00:00
[2022-03-14 11:29:44,806] {processor.py:171} INFO - Processing /opt/anaconda3/lib/python3.9/site-packages/airflow/example_dags/example_branch_operator.py took 0.129 seconds
[2022-03-14 11:32:18,907] {processor.py:163} INFO - Started process (PID=80883) to work on /opt/anaconda3/lib/python3.9/site-packages/airflow/example_dags/example_branch_operator.py
[2022-03-14 11:32:18,907] {processor.py:642} INFO - Processing file /opt/anaconda3/lib/python3.9/site-packages/airflow/example_dags/example_branch_operator.py for tasks to queue
[2022-03-14 11:32:18,908] {logging_mixin.py:109} INFO - [2022-03-14 11:32:18,908] {dagbag.py:500} INFO - Filling up the DagBag from /opt/anaconda3/lib/python3.9/site-packages/airflow/example_dags/example_branch_operator.py
[2022-03-14 11:32:18,966] {processor.py:654} INFO - DAG(s) dict_keys(['example_branch_operator']) retrieved from /opt/anaconda3/lib/python3.9/site-packages/airflow/example_dags/example_branch_operator.py
[2022-03-14 11:32:18,987] {logging_mixin.py:109} INFO - [2022-03-14 11:32:18,986] {dag.py:2398} INFO - Sync 1 DAGs
[2022-03-14 11:32:18,997] {logging_mixin.py:109} INFO - [2022-03-14 11:32:18,997] {dag.py:2937} INFO - Setting next_dagrun for example_branch_operator to 2022-03-13 00:00:00+00:00
[2022-03-14 11:32:19,007] {processor.py:171} INFO - Processing /opt/anaconda3/lib/python3.9/site-packages/airflow/example_dags/example_branch_operator.py took 0.101 seconds
[2022-03-14 11:34:49,067] {processor.py:163} INFO - Started process (PID=80956) to work on /opt/anaconda3/lib/python3.9/site-packages/airflow/example_dags/example_branch_operator.py
[2022-03-14 11:34:49,068] {processor.py:642} INFO - Processing file /opt/anaconda3/lib/python3.9/site-packages/airflow/example_dags/example_branch_operator.py for tasks to queue
[2022-03-14 11:34:49,068] {logging_mixin.py:109} INFO - [2022-03-14 11:34:49,068] {dagbag.py:500} INFO - Filling up the DagBag from /opt/anaconda3/lib/python3.9/site-packages/airflow/example_dags/example_branch_operator.py
[2022-03-14 11:34:49,127] {processor.py:654} INFO - DAG(s) dict_keys(['example_branch_operator']) retrieved from /opt/anaconda3/lib/python3.9/site-packages/airflow/example_dags/example_branch_operator.py
[2022-03-14 11:34:49,146] {logging_mixin.py:109} INFO - [2022-03-14 11:34:49,146] {dag.py:2398} INFO - Sync 1 DAGs
[2022-03-14 11:34:49,156] {logging_mixin.py:109} INFO - [2022-03-14 11:34:49,156] {dag.py:2937} INFO - Setting next_dagrun for example_branch_operator to 2022-03-13 00:00:00+00:00
[2022-03-14 11:34:49,170] {processor.py:171} INFO - Processing /opt/anaconda3/lib/python3.9/site-packages/airflow/example_dags/example_branch_operator.py took 0.103 seconds
[2022-03-14 11:37:21,406] {processor.py:163} INFO - Started process (PID=81053) to work on /opt/anaconda3/lib/python3.9/site-packages/airflow/example_dags/example_branch_operator.py
[2022-03-14 11:37:21,407] {processor.py:642} INFO - Processing file /opt/anaconda3/lib/python3.9/site-packages/airflow/example_dags/example_branch_operator.py for tasks to queue
[2022-03-14 11:37:21,407] {logging_mixin.py:109} INFO - [2022-03-14 11:37:21,407] {dagbag.py:500} INFO - Filling up the DagBag from /opt/anaconda3/lib/python3.9/site-packages/airflow/example_dags/example_branch_operator.py
[2022-03-14 11:37:21,459] {processor.py:654} INFO - DAG(s) dict_keys(['example_branch_operator']) retrieved from /opt/anaconda3/lib/python3.9/site-packages/airflow/example_dags/example_branch_operator.py
[2022-03-14 11:37:21,477] {logging_mixin.py:109} INFO - [2022-03-14 11:37:21,477] {dag.py:2398} INFO - Sync 1 DAGs
[2022-03-14 11:37:21,487] {logging_mixin.py:109} INFO - [2022-03-14 11:37:21,487] {dag.py:2937} INFO - Setting next_dagrun for example_branch_operator to 2022-03-13 00:00:00+00:00
[2022-03-14 11:37:21,496] {processor.py:171} INFO - Processing /opt/anaconda3/lib/python3.9/site-packages/airflow/example_dags/example_branch_operator.py took 0.091 seconds
[2022-03-14 11:39:55,277] {processor.py:163} INFO - Started process (PID=81325) to work on /opt/anaconda3/lib/python3.9/site-packages/airflow/example_dags/example_branch_operator.py
[2022-03-14 11:39:55,277] {processor.py:642} INFO - Processing file /opt/anaconda3/lib/python3.9/site-packages/airflow/example_dags/example_branch_operator.py for tasks to queue
[2022-03-14 11:39:55,278] {logging_mixin.py:109} INFO - [2022-03-14 11:39:55,278] {dagbag.py:500} INFO - Filling up the DagBag from /opt/anaconda3/lib/python3.9/site-packages/airflow/example_dags/example_branch_operator.py
[2022-03-14 11:39:55,331] {processor.py:654} INFO - DAG(s) dict_keys(['example_branch_operator']) retrieved from /opt/anaconda3/lib/python3.9/site-packages/airflow/example_dags/example_branch_operator.py
[2022-03-14 11:39:55,350] {logging_mixin.py:109} INFO - [2022-03-14 11:39:55,349] {dag.py:2398} INFO - Sync 1 DAGs
[2022-03-14 11:39:55,360] {logging_mixin.py:109} INFO - [2022-03-14 11:39:55,359] {dag.py:2937} INFO - Setting next_dagrun for example_branch_operator to 2022-03-13 00:00:00+00:00
[2022-03-14 11:39:55,373] {processor.py:171} INFO - Processing /opt/anaconda3/lib/python3.9/site-packages/airflow/example_dags/example_branch_operator.py took 0.097 seconds
[2022-03-14 11:42:19,701] {processor.py:163} INFO - Started process (PID=81391) to work on /opt/anaconda3/lib/python3.9/site-packages/airflow/example_dags/example_branch_operator.py
[2022-03-14 11:42:19,707] {processor.py:642} INFO - Processing file /opt/anaconda3/lib/python3.9/site-packages/airflow/example_dags/example_branch_operator.py for tasks to queue
[2022-03-14 11:42:19,708] {logging_mixin.py:109} INFO - [2022-03-14 11:42:19,708] {dagbag.py:500} INFO - Filling up the DagBag from /opt/anaconda3/lib/python3.9/site-packages/airflow/example_dags/example_branch_operator.py
[2022-03-14 11:42:19,768] {processor.py:654} INFO - DAG(s) dict_keys(['example_branch_operator']) retrieved from /opt/anaconda3/lib/python3.9/site-packages/airflow/example_dags/example_branch_operator.py
[2022-03-14 11:42:19,787] {logging_mixin.py:109} INFO - [2022-03-14 11:42:19,787] {dag.py:2398} INFO - Sync 1 DAGs
[2022-03-14 11:42:19,797] {logging_mixin.py:109} INFO - [2022-03-14 11:42:19,797] {dag.py:2937} INFO - Setting next_dagrun for example_branch_operator to 2022-03-13 00:00:00+00:00
[2022-03-14 11:42:19,810] {processor.py:171} INFO - Processing /opt/anaconda3/lib/python3.9/site-packages/airflow/example_dags/example_branch_operator.py took 0.109 seconds
[2022-03-14 11:44:50,193] {processor.py:163} INFO - Started process (PID=81498) to work on /opt/anaconda3/lib/python3.9/site-packages/airflow/example_dags/example_branch_operator.py
[2022-03-14 11:44:50,199] {processor.py:642} INFO - Processing file /opt/anaconda3/lib/python3.9/site-packages/airflow/example_dags/example_branch_operator.py for tasks to queue
[2022-03-14 11:44:50,200] {logging_mixin.py:109} INFO - [2022-03-14 11:44:50,200] {dagbag.py:500} INFO - Filling up the DagBag from /opt/anaconda3/lib/python3.9/site-packages/airflow/example_dags/example_branch_operator.py
[2022-03-14 11:44:50,260] {processor.py:654} INFO - DAG(s) dict_keys(['example_branch_operator']) retrieved from /opt/anaconda3/lib/python3.9/site-packages/airflow/example_dags/example_branch_operator.py
[2022-03-14 11:44:50,280] {logging_mixin.py:109} INFO - [2022-03-14 11:44:50,280] {dag.py:2398} INFO - Sync 1 DAGs
[2022-03-14 11:44:50,291] {logging_mixin.py:109} INFO - [2022-03-14 11:44:50,291] {dag.py:2937} INFO - Setting next_dagrun for example_branch_operator to 2022-03-13 00:00:00+00:00
[2022-03-14 11:44:50,302] {processor.py:171} INFO - Processing /opt/anaconda3/lib/python3.9/site-packages/airflow/example_dags/example_branch_operator.py took 0.109 seconds
[2022-03-14 11:47:22,845] {processor.py:163} INFO - Started process (PID=81610) to work on /opt/anaconda3/lib/python3.9/site-packages/airflow/example_dags/example_branch_operator.py
[2022-03-14 11:47:22,848] {processor.py:642} INFO - Processing file /opt/anaconda3/lib/python3.9/site-packages/airflow/example_dags/example_branch_operator.py for tasks to queue
[2022-03-14 11:47:22,848] {logging_mixin.py:109} INFO - [2022-03-14 11:47:22,848] {dagbag.py:500} INFO - Filling up the DagBag from /opt/anaconda3/lib/python3.9/site-packages/airflow/example_dags/example_branch_operator.py
[2022-03-14 11:47:22,908] {processor.py:654} INFO - DAG(s) dict_keys(['example_branch_operator']) retrieved from /opt/anaconda3/lib/python3.9/site-packages/airflow/example_dags/example_branch_operator.py
[2022-03-14 11:47:22,928] {logging_mixin.py:109} INFO - [2022-03-14 11:47:22,928] {dag.py:2398} INFO - Sync 1 DAGs
[2022-03-14 11:47:22,938] {logging_mixin.py:109} INFO - [2022-03-14 11:47:22,938] {dag.py:2937} INFO - Setting next_dagrun for example_branch_operator to 2022-03-13 00:00:00+00:00
[2022-03-14 11:47:22,951] {processor.py:171} INFO - Processing /opt/anaconda3/lib/python3.9/site-packages/airflow/example_dags/example_branch_operator.py took 0.107 seconds
[2022-03-14 11:49:56,046] {processor.py:163} INFO - Started process (PID=81757) to work on /opt/anaconda3/lib/python3.9/site-packages/airflow/example_dags/example_branch_operator.py
[2022-03-14 11:49:56,047] {processor.py:642} INFO - Processing file /opt/anaconda3/lib/python3.9/site-packages/airflow/example_dags/example_branch_operator.py for tasks to queue
[2022-03-14 11:49:56,047] {logging_mixin.py:109} INFO - [2022-03-14 11:49:56,047] {dagbag.py:500} INFO - Filling up the DagBag from /opt/anaconda3/lib/python3.9/site-packages/airflow/example_dags/example_branch_operator.py
[2022-03-14 11:49:56,106] {processor.py:654} INFO - DAG(s) dict_keys(['example_branch_operator']) retrieved from /opt/anaconda3/lib/python3.9/site-packages/airflow/example_dags/example_branch_operator.py
[2022-03-14 11:49:56,126] {logging_mixin.py:109} INFO - [2022-03-14 11:49:56,126] {dag.py:2398} INFO - Sync 1 DAGs
[2022-03-14 11:49:56,136] {logging_mixin.py:109} INFO - [2022-03-14 11:49:56,136] {dag.py:2937} INFO - Setting next_dagrun for example_branch_operator to 2022-03-13 00:00:00+00:00
[2022-03-14 11:49:56,146] {processor.py:171} INFO - Processing /opt/anaconda3/lib/python3.9/site-packages/airflow/example_dags/example_branch_operator.py took 0.100 seconds
[2022-03-14 11:52:30,424] {processor.py:163} INFO - Started process (PID=81860) to work on /opt/anaconda3/lib/python3.9/site-packages/airflow/example_dags/example_branch_operator.py
[2022-03-14 11:52:30,424] {processor.py:642} INFO - Processing file /opt/anaconda3/lib/python3.9/site-packages/airflow/example_dags/example_branch_operator.py for tasks to queue
[2022-03-14 11:52:30,425] {logging_mixin.py:109} INFO - [2022-03-14 11:52:30,425] {dagbag.py:500} INFO - Filling up the DagBag from /opt/anaconda3/lib/python3.9/site-packages/airflow/example_dags/example_branch_operator.py
[2022-03-14 11:52:30,487] {processor.py:654} INFO - DAG(s) dict_keys(['example_branch_operator']) retrieved from /opt/anaconda3/lib/python3.9/site-packages/airflow/example_dags/example_branch_operator.py
[2022-03-14 11:52:30,507] {logging_mixin.py:109} INFO - [2022-03-14 11:52:30,507] {dag.py:2398} INFO - Sync 1 DAGs
[2022-03-14 11:52:30,518] {logging_mixin.py:109} INFO - [2022-03-14 11:52:30,518] {dag.py:2937} INFO - Setting next_dagrun for example_branch_operator to 2022-03-13 00:00:00+00:00
[2022-03-14 11:52:30,530] {processor.py:171} INFO - Processing /opt/anaconda3/lib/python3.9/site-packages/airflow/example_dags/example_branch_operator.py took 0.107 seconds
[2022-03-14 11:55:03,601] {processor.py:163} INFO - Started process (PID=81960) to work on /opt/anaconda3/lib/python3.9/site-packages/airflow/example_dags/example_branch_operator.py
[2022-03-14 11:55:03,601] {processor.py:642} INFO - Processing file /opt/anaconda3/lib/python3.9/site-packages/airflow/example_dags/example_branch_operator.py for tasks to queue
[2022-03-14 11:55:03,602] {logging_mixin.py:109} INFO - [2022-03-14 11:55:03,602] {dagbag.py:500} INFO - Filling up the DagBag from /opt/anaconda3/lib/python3.9/site-packages/airflow/example_dags/example_branch_operator.py
[2022-03-14 11:55:03,659] {processor.py:654} INFO - DAG(s) dict_keys(['example_branch_operator']) retrieved from /opt/anaconda3/lib/python3.9/site-packages/airflow/example_dags/example_branch_operator.py
[2022-03-14 11:55:03,682] {logging_mixin.py:109} INFO - [2022-03-14 11:55:03,682] {dag.py:2398} INFO - Sync 1 DAGs
[2022-03-14 11:55:03,694] {logging_mixin.py:109} INFO - [2022-03-14 11:55:03,693] {dag.py:2937} INFO - Setting next_dagrun for example_branch_operator to 2022-03-13 00:00:00+00:00
[2022-03-14 11:55:03,706] {processor.py:171} INFO - Processing /opt/anaconda3/lib/python3.9/site-packages/airflow/example_dags/example_branch_operator.py took 0.106 seconds
[2022-03-14 11:57:37,924] {processor.py:163} INFO - Started process (PID=82071) to work on /opt/anaconda3/lib/python3.9/site-packages/airflow/example_dags/example_branch_operator.py
[2022-03-14 11:57:37,931] {processor.py:642} INFO - Processing file /opt/anaconda3/lib/python3.9/site-packages/airflow/example_dags/example_branch_operator.py for tasks to queue
[2022-03-14 11:57:37,931] {logging_mixin.py:109} INFO - [2022-03-14 11:57:37,931] {dagbag.py:500} INFO - Filling up the DagBag from /opt/anaconda3/lib/python3.9/site-packages/airflow/example_dags/example_branch_operator.py
[2022-03-14 11:57:38,013] {processor.py:654} INFO - DAG(s) dict_keys(['example_branch_operator']) retrieved from /opt/anaconda3/lib/python3.9/site-packages/airflow/example_dags/example_branch_operator.py
[2022-03-14 11:57:38,040] {logging_mixin.py:109} INFO - [2022-03-14 11:57:38,040] {dag.py:2398} INFO - Sync 1 DAGs
[2022-03-14 11:57:38,052] {logging_mixin.py:109} INFO - [2022-03-14 11:57:38,052] {dag.py:2937} INFO - Setting next_dagrun for example_branch_operator to 2022-03-13 00:00:00+00:00
[2022-03-14 11:57:38,068] {processor.py:171} INFO - Processing /opt/anaconda3/lib/python3.9/site-packages/airflow/example_dags/example_branch_operator.py took 0.144 seconds
[2022-03-14 12:00:13,403] {processor.py:163} INFO - Started process (PID=82225) to work on /opt/anaconda3/lib/python3.9/site-packages/airflow/example_dags/example_branch_operator.py
[2022-03-14 12:00:13,410] {processor.py:642} INFO - Processing file /opt/anaconda3/lib/python3.9/site-packages/airflow/example_dags/example_branch_operator.py for tasks to queue
[2022-03-14 12:00:13,410] {logging_mixin.py:109} INFO - [2022-03-14 12:00:13,410] {dagbag.py:500} INFO - Filling up the DagBag from /opt/anaconda3/lib/python3.9/site-packages/airflow/example_dags/example_branch_operator.py
[2022-03-14 12:00:13,490] {processor.py:654} INFO - DAG(s) dict_keys(['example_branch_operator']) retrieved from /opt/anaconda3/lib/python3.9/site-packages/airflow/example_dags/example_branch_operator.py
[2022-03-14 12:00:13,516] {logging_mixin.py:109} INFO - [2022-03-14 12:00:13,516] {dag.py:2398} INFO - Sync 1 DAGs
[2022-03-14 12:00:13,530] {logging_mixin.py:109} INFO - [2022-03-14 12:00:13,530] {dag.py:2937} INFO - Setting next_dagrun for example_branch_operator to 2022-03-13 00:00:00+00:00
[2022-03-14 12:00:13,553] {processor.py:171} INFO - Processing /opt/anaconda3/lib/python3.9/site-packages/airflow/example_dags/example_branch_operator.py took 0.150 seconds
[2022-03-14 12:02:44,262] {processor.py:163} INFO - Started process (PID=82322) to work on /opt/anaconda3/lib/python3.9/site-packages/airflow/example_dags/example_branch_operator.py
[2022-03-14 12:02:44,262] {processor.py:642} INFO - Processing file /opt/anaconda3/lib/python3.9/site-packages/airflow/example_dags/example_branch_operator.py for tasks to queue
[2022-03-14 12:02:44,263] {logging_mixin.py:109} INFO - [2022-03-14 12:02:44,263] {dagbag.py:500} INFO - Filling up the DagBag from /opt/anaconda3/lib/python3.9/site-packages/airflow/example_dags/example_branch_operator.py
[2022-03-14 12:02:44,321] {processor.py:654} INFO - DAG(s) dict_keys(['example_branch_operator']) retrieved from /opt/anaconda3/lib/python3.9/site-packages/airflow/example_dags/example_branch_operator.py
[2022-03-14 12:02:44,341] {logging_mixin.py:109} INFO - [2022-03-14 12:02:44,341] {dag.py:2398} INFO - Sync 1 DAGs
[2022-03-14 12:02:44,352] {logging_mixin.py:109} INFO - [2022-03-14 12:02:44,352] {dag.py:2937} INFO - Setting next_dagrun for example_branch_operator to 2022-03-13 00:00:00+00:00
[2022-03-14 12:02:44,368] {processor.py:171} INFO - Processing /opt/anaconda3/lib/python3.9/site-packages/airflow/example_dags/example_branch_operator.py took 0.106 seconds
[2022-03-14 12:05:15,802] {processor.py:163} INFO - Started process (PID=82440) to work on /opt/anaconda3/lib/python3.9/site-packages/airflow/example_dags/example_branch_operator.py
[2022-03-14 12:05:15,804] {processor.py:642} INFO - Processing file /opt/anaconda3/lib/python3.9/site-packages/airflow/example_dags/example_branch_operator.py for tasks to queue
[2022-03-14 12:05:15,805] {logging_mixin.py:109} INFO - [2022-03-14 12:05:15,805] {dagbag.py:500} INFO - Filling up the DagBag from /opt/anaconda3/lib/python3.9/site-packages/airflow/example_dags/example_branch_operator.py
[2022-03-14 12:05:15,867] {processor.py:654} INFO - DAG(s) dict_keys(['example_branch_operator']) retrieved from /opt/anaconda3/lib/python3.9/site-packages/airflow/example_dags/example_branch_operator.py
[2022-03-14 12:05:15,887] {logging_mixin.py:109} INFO - [2022-03-14 12:05:15,887] {dag.py:2398} INFO - Sync 1 DAGs
[2022-03-14 12:05:15,898] {logging_mixin.py:109} INFO - [2022-03-14 12:05:15,898] {dag.py:2937} INFO - Setting next_dagrun for example_branch_operator to 2022-03-13 00:00:00+00:00
[2022-03-14 12:05:15,909] {processor.py:171} INFO - Processing /opt/anaconda3/lib/python3.9/site-packages/airflow/example_dags/example_branch_operator.py took 0.107 seconds
[2022-03-14 12:07:38,952] {processor.py:163} INFO - Started process (PID=82522) to work on /opt/anaconda3/lib/python3.9/site-packages/airflow/example_dags/example_branch_operator.py
[2022-03-14 12:07:38,952] {processor.py:642} INFO - Processing file /opt/anaconda3/lib/python3.9/site-packages/airflow/example_dags/example_branch_operator.py for tasks to queue
[2022-03-14 12:07:38,953] {logging_mixin.py:109} INFO - [2022-03-14 12:07:38,953] {dagbag.py:500} INFO - Filling up the DagBag from /opt/anaconda3/lib/python3.9/site-packages/airflow/example_dags/example_branch_operator.py
[2022-03-14 12:07:39,012] {processor.py:654} INFO - DAG(s) dict_keys(['example_branch_operator']) retrieved from /opt/anaconda3/lib/python3.9/site-packages/airflow/example_dags/example_branch_operator.py
[2022-03-14 12:07:39,032] {logging_mixin.py:109} INFO - [2022-03-14 12:07:39,032] {dag.py:2398} INFO - Sync 1 DAGs
[2022-03-14 12:07:39,042] {logging_mixin.py:109} INFO - [2022-03-14 12:07:39,042] {dag.py:2937} INFO - Setting next_dagrun for example_branch_operator to 2022-03-13 00:00:00+00:00
[2022-03-14 12:07:39,054] {processor.py:171} INFO - Processing /opt/anaconda3/lib/python3.9/site-packages/airflow/example_dags/example_branch_operator.py took 0.103 seconds
