[2022-03-14 09:07:49,319] {processor.py:163} INFO - Started process (PID=73923) to work on /opt/anaconda3/lib/python3.9/site-packages/airflow/example_dags/example_task_group.py
[2022-03-14 09:07:49,320] {processor.py:642} INFO - Processing file /opt/anaconda3/lib/python3.9/site-packages/airflow/example_dags/example_task_group.py for tasks to queue
[2022-03-14 09:07:49,320] {logging_mixin.py:109} INFO - [2022-03-14 09:07:49,320] {dagbag.py:500} INFO - Filling up the DagBag from /opt/anaconda3/lib/python3.9/site-packages/airflow/example_dags/example_task_group.py
[2022-03-14 09:07:49,365] {processor.py:654} INFO - DAG(s) dict_keys(['example_task_group']) retrieved from /opt/anaconda3/lib/python3.9/site-packages/airflow/example_dags/example_task_group.py
[2022-03-14 09:07:49,388] {logging_mixin.py:109} INFO - [2022-03-14 09:07:49,388] {dag.py:2398} INFO - Sync 1 DAGs
[2022-03-14 09:07:49,397] {logging_mixin.py:109} INFO - [2022-03-14 09:07:49,397] {dag.py:2937} INFO - Setting next_dagrun for example_task_group to 2022-03-13T14:07:49.397219+00:00
[2022-03-14 09:07:49,405] {processor.py:171} INFO - Processing /opt/anaconda3/lib/python3.9/site-packages/airflow/example_dags/example_task_group.py took 0.087 seconds
[2022-03-14 09:37:03,065] {processor.py:163} INFO - Started process (PID=74798) to work on /opt/anaconda3/lib/python3.9/site-packages/airflow/example_dags/example_task_group.py
[2022-03-14 09:37:03,066] {processor.py:642} INFO - Processing file /opt/anaconda3/lib/python3.9/site-packages/airflow/example_dags/example_task_group.py for tasks to queue
[2022-03-14 09:37:03,067] {logging_mixin.py:109} INFO - [2022-03-14 09:37:03,067] {dagbag.py:500} INFO - Filling up the DagBag from /opt/anaconda3/lib/python3.9/site-packages/airflow/example_dags/example_task_group.py
[2022-03-14 09:37:03,107] {processor.py:654} INFO - DAG(s) dict_keys(['example_task_group']) retrieved from /opt/anaconda3/lib/python3.9/site-packages/airflow/example_dags/example_task_group.py
[2022-03-14 09:37:03,126] {logging_mixin.py:109} INFO - [2022-03-14 09:37:03,125] {dag.py:2398} INFO - Sync 1 DAGs
[2022-03-14 09:37:03,134] {logging_mixin.py:109} INFO - [2022-03-14 09:37:03,134] {dag.py:2937} INFO - Setting next_dagrun for example_task_group to 2022-03-13T14:37:03.133949+00:00
[2022-03-14 09:37:03,145] {processor.py:171} INFO - Processing /opt/anaconda3/lib/python3.9/site-packages/airflow/example_dags/example_task_group.py took 0.080 seconds
[2022-03-14 09:38:51,362] {processor.py:163} INFO - Started process (PID=74951) to work on /opt/anaconda3/lib/python3.9/site-packages/airflow/example_dags/example_task_group.py
[2022-03-14 09:38:51,369] {processor.py:642} INFO - Processing file /opt/anaconda3/lib/python3.9/site-packages/airflow/example_dags/example_task_group.py for tasks to queue
[2022-03-14 09:38:51,369] {logging_mixin.py:109} INFO - [2022-03-14 09:38:51,369] {dagbag.py:500} INFO - Filling up the DagBag from /opt/anaconda3/lib/python3.9/site-packages/airflow/example_dags/example_task_group.py
[2022-03-14 09:38:51,417] {processor.py:654} INFO - DAG(s) dict_keys(['example_task_group']) retrieved from /opt/anaconda3/lib/python3.9/site-packages/airflow/example_dags/example_task_group.py
[2022-03-14 09:38:51,436] {logging_mixin.py:109} INFO - [2022-03-14 09:38:51,436] {dag.py:2398} INFO - Sync 1 DAGs
[2022-03-14 09:38:51,446] {logging_mixin.py:109} INFO - [2022-03-14 09:38:51,446] {dag.py:2937} INFO - Setting next_dagrun for example_task_group to 2022-03-13T14:38:51.446669+00:00
[2022-03-14 09:38:51,458] {processor.py:171} INFO - Processing /opt/anaconda3/lib/python3.9/site-packages/airflow/example_dags/example_task_group.py took 0.096 seconds
[2022-03-14 09:40:07,057] {processor.py:163} INFO - Started process (PID=75074) to work on /opt/anaconda3/lib/python3.9/site-packages/airflow/example_dags/example_task_group.py
[2022-03-14 09:40:07,063] {processor.py:642} INFO - Processing file /opt/anaconda3/lib/python3.9/site-packages/airflow/example_dags/example_task_group.py for tasks to queue
[2022-03-14 09:40:07,064] {logging_mixin.py:109} INFO - [2022-03-14 09:40:07,064] {dagbag.py:500} INFO - Filling up the DagBag from /opt/anaconda3/lib/python3.9/site-packages/airflow/example_dags/example_task_group.py
[2022-03-14 09:40:07,113] {processor.py:654} INFO - DAG(s) dict_keys(['example_task_group']) retrieved from /opt/anaconda3/lib/python3.9/site-packages/airflow/example_dags/example_task_group.py
[2022-03-14 09:40:07,137] {logging_mixin.py:109} INFO - [2022-03-14 09:40:07,136] {dag.py:2398} INFO - Sync 1 DAGs
[2022-03-14 09:40:07,149] {logging_mixin.py:109} INFO - [2022-03-14 09:40:07,149] {dag.py:2937} INFO - Setting next_dagrun for example_task_group to 2022-03-13T14:40:07.148922+00:00
[2022-03-14 09:40:07,160] {processor.py:171} INFO - Processing /opt/anaconda3/lib/python3.9/site-packages/airflow/example_dags/example_task_group.py took 0.104 seconds
[2022-03-14 09:41:25,301] {processor.py:163} INFO - Started process (PID=75138) to work on /opt/anaconda3/lib/python3.9/site-packages/airflow/example_dags/example_task_group.py
[2022-03-14 09:41:25,303] {processor.py:642} INFO - Processing file /opt/anaconda3/lib/python3.9/site-packages/airflow/example_dags/example_task_group.py for tasks to queue
[2022-03-14 09:41:25,304] {logging_mixin.py:109} INFO - [2022-03-14 09:41:25,304] {dagbag.py:500} INFO - Filling up the DagBag from /opt/anaconda3/lib/python3.9/site-packages/airflow/example_dags/example_task_group.py
[2022-03-14 09:41:25,350] {processor.py:654} INFO - DAG(s) dict_keys(['example_task_group']) retrieved from /opt/anaconda3/lib/python3.9/site-packages/airflow/example_dags/example_task_group.py
[2022-03-14 09:41:25,370] {logging_mixin.py:109} INFO - [2022-03-14 09:41:25,370] {dag.py:2398} INFO - Sync 1 DAGs
[2022-03-14 09:41:25,379] {logging_mixin.py:109} INFO - [2022-03-14 09:41:25,379] {dag.py:2937} INFO - Setting next_dagrun for example_task_group to 2022-03-13T14:41:25.379518+00:00
[2022-03-14 09:41:25,391] {processor.py:171} INFO - Processing /opt/anaconda3/lib/python3.9/site-packages/airflow/example_dags/example_task_group.py took 0.091 seconds
[2022-03-14 09:43:55,755] {processor.py:163} INFO - Started process (PID=75242) to work on /opt/anaconda3/lib/python3.9/site-packages/airflow/example_dags/example_task_group.py
[2022-03-14 09:43:55,761] {processor.py:642} INFO - Processing file /opt/anaconda3/lib/python3.9/site-packages/airflow/example_dags/example_task_group.py for tasks to queue
[2022-03-14 09:43:55,761] {logging_mixin.py:109} INFO - [2022-03-14 09:43:55,761] {dagbag.py:500} INFO - Filling up the DagBag from /opt/anaconda3/lib/python3.9/site-packages/airflow/example_dags/example_task_group.py
[2022-03-14 09:43:55,814] {processor.py:654} INFO - DAG(s) dict_keys(['example_task_group']) retrieved from /opt/anaconda3/lib/python3.9/site-packages/airflow/example_dags/example_task_group.py
[2022-03-14 09:43:55,835] {logging_mixin.py:109} INFO - [2022-03-14 09:43:55,835] {dag.py:2398} INFO - Sync 1 DAGs
[2022-03-14 09:43:55,847] {logging_mixin.py:109} INFO - [2022-03-14 09:43:55,846] {dag.py:2937} INFO - Setting next_dagrun for example_task_group to 2022-03-13T14:43:55.846763+00:00
[2022-03-14 09:43:55,860] {processor.py:171} INFO - Processing /opt/anaconda3/lib/python3.9/site-packages/airflow/example_dags/example_task_group.py took 0.105 seconds
[2022-03-14 09:45:15,057] {processor.py:163} INFO - Started process (PID=75289) to work on /opt/anaconda3/lib/python3.9/site-packages/airflow/example_dags/example_task_group.py
[2022-03-14 09:45:15,058] {processor.py:642} INFO - Processing file /opt/anaconda3/lib/python3.9/site-packages/airflow/example_dags/example_task_group.py for tasks to queue
[2022-03-14 09:45:15,058] {logging_mixin.py:109} INFO - [2022-03-14 09:45:15,058] {dagbag.py:500} INFO - Filling up the DagBag from /opt/anaconda3/lib/python3.9/site-packages/airflow/example_dags/example_task_group.py
[2022-03-14 09:45:15,106] {processor.py:654} INFO - DAG(s) dict_keys(['example_task_group']) retrieved from /opt/anaconda3/lib/python3.9/site-packages/airflow/example_dags/example_task_group.py
[2022-03-14 09:45:15,125] {logging_mixin.py:109} INFO - [2022-03-14 09:45:15,125] {dag.py:2398} INFO - Sync 1 DAGs
[2022-03-14 09:45:15,134] {logging_mixin.py:109} INFO - [2022-03-14 09:45:15,134] {dag.py:2937} INFO - Setting next_dagrun for example_task_group to 2022-03-13T14:45:15.134727+00:00
[2022-03-14 09:45:15,146] {processor.py:171} INFO - Processing /opt/anaconda3/lib/python3.9/site-packages/airflow/example_dags/example_task_group.py took 0.089 seconds
[2022-03-14 09:46:34,201] {processor.py:163} INFO - Started process (PID=75327) to work on /opt/anaconda3/lib/python3.9/site-packages/airflow/example_dags/example_task_group.py
[2022-03-14 09:46:34,207] {processor.py:642} INFO - Processing file /opt/anaconda3/lib/python3.9/site-packages/airflow/example_dags/example_task_group.py for tasks to queue
[2022-03-14 09:46:34,207] {logging_mixin.py:109} INFO - [2022-03-14 09:46:34,207] {dagbag.py:500} INFO - Filling up the DagBag from /opt/anaconda3/lib/python3.9/site-packages/airflow/example_dags/example_task_group.py
[2022-03-14 09:46:34,254] {processor.py:654} INFO - DAG(s) dict_keys(['example_task_group']) retrieved from /opt/anaconda3/lib/python3.9/site-packages/airflow/example_dags/example_task_group.py
[2022-03-14 09:46:34,274] {logging_mixin.py:109} INFO - [2022-03-14 09:46:34,274] {dag.py:2398} INFO - Sync 1 DAGs
[2022-03-14 09:46:34,283] {logging_mixin.py:109} INFO - [2022-03-14 09:46:34,283] {dag.py:2937} INFO - Setting next_dagrun for example_task_group to 2022-03-13T14:46:34.283193+00:00
[2022-03-14 09:46:34,293] {processor.py:171} INFO - Processing /opt/anaconda3/lib/python3.9/site-packages/airflow/example_dags/example_task_group.py took 0.093 seconds
[2022-03-14 09:49:03,117] {processor.py:163} INFO - Started process (PID=75473) to work on /opt/anaconda3/lib/python3.9/site-packages/airflow/example_dags/example_task_group.py
[2022-03-14 09:49:03,117] {processor.py:642} INFO - Processing file /opt/anaconda3/lib/python3.9/site-packages/airflow/example_dags/example_task_group.py for tasks to queue
[2022-03-14 09:49:03,118] {logging_mixin.py:109} INFO - [2022-03-14 09:49:03,118] {dagbag.py:500} INFO - Filling up the DagBag from /opt/anaconda3/lib/python3.9/site-packages/airflow/example_dags/example_task_group.py
[2022-03-14 09:49:03,162] {processor.py:654} INFO - DAG(s) dict_keys(['example_task_group']) retrieved from /opt/anaconda3/lib/python3.9/site-packages/airflow/example_dags/example_task_group.py
[2022-03-14 09:49:03,180] {logging_mixin.py:109} INFO - [2022-03-14 09:49:03,180] {dag.py:2398} INFO - Sync 1 DAGs
[2022-03-14 09:49:03,190] {logging_mixin.py:109} INFO - [2022-03-14 09:49:03,190] {dag.py:2937} INFO - Setting next_dagrun for example_task_group to 2022-03-13T14:49:03.190380+00:00
[2022-03-14 09:49:03,199] {processor.py:171} INFO - Processing /opt/anaconda3/lib/python3.9/site-packages/airflow/example_dags/example_task_group.py took 0.083 seconds
[2022-03-14 09:51:31,933] {processor.py:163} INFO - Started process (PID=75582) to work on /opt/anaconda3/lib/python3.9/site-packages/airflow/example_dags/example_task_group.py
[2022-03-14 09:51:31,939] {processor.py:642} INFO - Processing file /opt/anaconda3/lib/python3.9/site-packages/airflow/example_dags/example_task_group.py for tasks to queue
[2022-03-14 09:51:31,940] {logging_mixin.py:109} INFO - [2022-03-14 09:51:31,940] {dagbag.py:500} INFO - Filling up the DagBag from /opt/anaconda3/lib/python3.9/site-packages/airflow/example_dags/example_task_group.py
[2022-03-14 09:51:31,988] {processor.py:654} INFO - DAG(s) dict_keys(['example_task_group']) retrieved from /opt/anaconda3/lib/python3.9/site-packages/airflow/example_dags/example_task_group.py
[2022-03-14 09:51:32,008] {logging_mixin.py:109} INFO - [2022-03-14 09:51:32,007] {dag.py:2398} INFO - Sync 1 DAGs
[2022-03-14 09:51:32,016] {logging_mixin.py:109} INFO - [2022-03-14 09:51:32,016] {dag.py:2937} INFO - Setting next_dagrun for example_task_group to 2022-03-13T14:51:32.016521+00:00
[2022-03-14 09:51:32,027] {processor.py:171} INFO - Processing /opt/anaconda3/lib/python3.9/site-packages/airflow/example_dags/example_task_group.py took 0.095 seconds
[2022-03-14 09:54:00,539] {processor.py:163} INFO - Started process (PID=75712) to work on /opt/anaconda3/lib/python3.9/site-packages/airflow/example_dags/example_task_group.py
[2022-03-14 09:54:00,545] {processor.py:642} INFO - Processing file /opt/anaconda3/lib/python3.9/site-packages/airflow/example_dags/example_task_group.py for tasks to queue
[2022-03-14 09:54:00,546] {logging_mixin.py:109} INFO - [2022-03-14 09:54:00,546] {dagbag.py:500} INFO - Filling up the DagBag from /opt/anaconda3/lib/python3.9/site-packages/airflow/example_dags/example_task_group.py
[2022-03-14 09:54:00,588] {processor.py:654} INFO - DAG(s) dict_keys(['example_task_group']) retrieved from /opt/anaconda3/lib/python3.9/site-packages/airflow/example_dags/example_task_group.py
[2022-03-14 09:54:00,608] {logging_mixin.py:109} INFO - [2022-03-14 09:54:00,607] {dag.py:2398} INFO - Sync 1 DAGs
[2022-03-14 09:54:00,617] {logging_mixin.py:109} INFO - [2022-03-14 09:54:00,617] {dag.py:2937} INFO - Setting next_dagrun for example_task_group to 2022-03-13T14:54:00.617256+00:00
[2022-03-14 09:54:00,628] {processor.py:171} INFO - Processing /opt/anaconda3/lib/python3.9/site-packages/airflow/example_dags/example_task_group.py took 0.090 seconds
[2022-03-14 09:55:20,007] {processor.py:163} INFO - Started process (PID=75754) to work on /opt/anaconda3/lib/python3.9/site-packages/airflow/example_dags/example_task_group.py
[2022-03-14 09:55:20,008] {processor.py:642} INFO - Processing file /opt/anaconda3/lib/python3.9/site-packages/airflow/example_dags/example_task_group.py for tasks to queue
[2022-03-14 09:55:20,008] {logging_mixin.py:109} INFO - [2022-03-14 09:55:20,008] {dagbag.py:500} INFO - Filling up the DagBag from /opt/anaconda3/lib/python3.9/site-packages/airflow/example_dags/example_task_group.py
[2022-03-14 09:55:20,050] {processor.py:654} INFO - DAG(s) dict_keys(['example_task_group']) retrieved from /opt/anaconda3/lib/python3.9/site-packages/airflow/example_dags/example_task_group.py
[2022-03-14 09:55:20,070] {logging_mixin.py:109} INFO - [2022-03-14 09:55:20,070] {dag.py:2398} INFO - Sync 1 DAGs
[2022-03-14 09:55:20,079] {logging_mixin.py:109} INFO - [2022-03-14 09:55:20,079] {dag.py:2937} INFO - Setting next_dagrun for example_task_group to 2022-03-13T14:55:20.079306+00:00
[2022-03-14 09:55:20,091] {processor.py:171} INFO - Processing /opt/anaconda3/lib/python3.9/site-packages/airflow/example_dags/example_task_group.py took 0.084 seconds
[2022-03-14 09:56:39,127] {processor.py:163} INFO - Started process (PID=75790) to work on /opt/anaconda3/lib/python3.9/site-packages/airflow/example_dags/example_task_group.py
[2022-03-14 09:56:39,133] {processor.py:642} INFO - Processing file /opt/anaconda3/lib/python3.9/site-packages/airflow/example_dags/example_task_group.py for tasks to queue
[2022-03-14 09:56:39,134] {logging_mixin.py:109} INFO - [2022-03-14 09:56:39,134] {dagbag.py:500} INFO - Filling up the DagBag from /opt/anaconda3/lib/python3.9/site-packages/airflow/example_dags/example_task_group.py
[2022-03-14 09:56:39,181] {processor.py:654} INFO - DAG(s) dict_keys(['example_task_group']) retrieved from /opt/anaconda3/lib/python3.9/site-packages/airflow/example_dags/example_task_group.py
[2022-03-14 09:56:39,202] {logging_mixin.py:109} INFO - [2022-03-14 09:56:39,202] {dag.py:2398} INFO - Sync 1 DAGs
[2022-03-14 09:56:39,212] {logging_mixin.py:109} INFO - [2022-03-14 09:56:39,212] {dag.py:2937} INFO - Setting next_dagrun for example_task_group to 2022-03-13T14:56:39.212032+00:00
[2022-03-14 09:56:39,224] {processor.py:171} INFO - Processing /opt/anaconda3/lib/python3.9/site-packages/airflow/example_dags/example_task_group.py took 0.098 seconds
[2022-03-14 09:59:36,647] {processor.py:163} INFO - Started process (PID=75956) to work on /opt/anaconda3/lib/python3.9/site-packages/airflow/example_dags/example_task_group.py
[2022-03-14 09:59:36,649] {processor.py:642} INFO - Processing file /opt/anaconda3/lib/python3.9/site-packages/airflow/example_dags/example_task_group.py for tasks to queue
[2022-03-14 09:59:36,650] {logging_mixin.py:109} INFO - [2022-03-14 09:59:36,650] {dagbag.py:500} INFO - Filling up the DagBag from /opt/anaconda3/lib/python3.9/site-packages/airflow/example_dags/example_task_group.py
[2022-03-14 09:59:36,693] {processor.py:654} INFO - DAG(s) dict_keys(['example_task_group']) retrieved from /opt/anaconda3/lib/python3.9/site-packages/airflow/example_dags/example_task_group.py
[2022-03-14 09:59:36,712] {logging_mixin.py:109} INFO - [2022-03-14 09:59:36,712] {dag.py:2398} INFO - Sync 1 DAGs
[2022-03-14 09:59:36,721] {logging_mixin.py:109} INFO - [2022-03-14 09:59:36,721] {dag.py:2937} INFO - Setting next_dagrun for example_task_group to 2022-03-13T14:59:36.721364+00:00
[2022-03-14 09:59:36,733] {processor.py:171} INFO - Processing /opt/anaconda3/lib/python3.9/site-packages/airflow/example_dags/example_task_group.py took 0.086 seconds
[2022-03-14 10:02:08,974] {processor.py:163} INFO - Started process (PID=76070) to work on /opt/anaconda3/lib/python3.9/site-packages/airflow/example_dags/example_task_group.py
[2022-03-14 10:02:08,975] {processor.py:642} INFO - Processing file /opt/anaconda3/lib/python3.9/site-packages/airflow/example_dags/example_task_group.py for tasks to queue
[2022-03-14 10:02:08,975] {logging_mixin.py:109} INFO - [2022-03-14 10:02:08,975] {dagbag.py:500} INFO - Filling up the DagBag from /opt/anaconda3/lib/python3.9/site-packages/airflow/example_dags/example_task_group.py
[2022-03-14 10:02:09,018] {processor.py:654} INFO - DAG(s) dict_keys(['example_task_group']) retrieved from /opt/anaconda3/lib/python3.9/site-packages/airflow/example_dags/example_task_group.py
[2022-03-14 10:02:09,038] {logging_mixin.py:109} INFO - [2022-03-14 10:02:09,037] {dag.py:2398} INFO - Sync 1 DAGs
[2022-03-14 10:02:09,046] {logging_mixin.py:109} INFO - [2022-03-14 10:02:09,046] {dag.py:2937} INFO - Setting next_dagrun for example_task_group to 2022-03-13T15:02:09.046459+00:00
[2022-03-14 10:02:09,061] {processor.py:171} INFO - Processing /opt/anaconda3/lib/python3.9/site-packages/airflow/example_dags/example_task_group.py took 0.088 seconds
[2022-03-14 10:03:56,600] {processor.py:163} INFO - Started process (PID=76117) to work on /opt/anaconda3/lib/python3.9/site-packages/airflow/example_dags/example_task_group.py
[2022-03-14 10:03:56,601] {processor.py:642} INFO - Processing file /opt/anaconda3/lib/python3.9/site-packages/airflow/example_dags/example_task_group.py for tasks to queue
[2022-03-14 10:03:56,601] {logging_mixin.py:109} INFO - [2022-03-14 10:03:56,601] {dagbag.py:500} INFO - Filling up the DagBag from /opt/anaconda3/lib/python3.9/site-packages/airflow/example_dags/example_task_group.py
[2022-03-14 10:03:56,646] {processor.py:654} INFO - DAG(s) dict_keys(['example_task_group']) retrieved from /opt/anaconda3/lib/python3.9/site-packages/airflow/example_dags/example_task_group.py
[2022-03-14 10:03:56,665] {logging_mixin.py:109} INFO - [2022-03-14 10:03:56,665] {dag.py:2398} INFO - Sync 1 DAGs
[2022-03-14 10:03:56,674] {logging_mixin.py:109} INFO - [2022-03-14 10:03:56,674] {dag.py:2937} INFO - Setting next_dagrun for example_task_group to 2022-03-13T15:03:56.673904+00:00
[2022-03-14 10:03:56,688] {processor.py:171} INFO - Processing /opt/anaconda3/lib/python3.9/site-packages/airflow/example_dags/example_task_group.py took 0.088 seconds
[2022-03-14 10:06:24,113] {processor.py:163} INFO - Started process (PID=76208) to work on /opt/anaconda3/lib/python3.9/site-packages/airflow/example_dags/example_task_group.py
[2022-03-14 10:06:24,119] {processor.py:642} INFO - Processing file /opt/anaconda3/lib/python3.9/site-packages/airflow/example_dags/example_task_group.py for tasks to queue
[2022-03-14 10:06:24,120] {logging_mixin.py:109} INFO - [2022-03-14 10:06:24,120] {dagbag.py:500} INFO - Filling up the DagBag from /opt/anaconda3/lib/python3.9/site-packages/airflow/example_dags/example_task_group.py
[2022-03-14 10:06:24,164] {processor.py:654} INFO - DAG(s) dict_keys(['example_task_group']) retrieved from /opt/anaconda3/lib/python3.9/site-packages/airflow/example_dags/example_task_group.py
[2022-03-14 10:06:24,183] {logging_mixin.py:109} INFO - [2022-03-14 10:06:24,183] {dag.py:2398} INFO - Sync 1 DAGs
[2022-03-14 10:06:24,192] {logging_mixin.py:109} INFO - [2022-03-14 10:06:24,192] {dag.py:2937} INFO - Setting next_dagrun for example_task_group to 2022-03-13T15:06:24.192558+00:00
[2022-03-14 10:06:24,204] {processor.py:171} INFO - Processing /opt/anaconda3/lib/python3.9/site-packages/airflow/example_dags/example_task_group.py took 0.091 seconds
[2022-03-14 10:08:11,150] {processor.py:163} INFO - Started process (PID=76255) to work on /opt/anaconda3/lib/python3.9/site-packages/airflow/example_dags/example_task_group.py
[2022-03-14 10:08:11,156] {processor.py:642} INFO - Processing file /opt/anaconda3/lib/python3.9/site-packages/airflow/example_dags/example_task_group.py for tasks to queue
[2022-03-14 10:08:11,157] {logging_mixin.py:109} INFO - [2022-03-14 10:08:11,156] {dagbag.py:500} INFO - Filling up the DagBag from /opt/anaconda3/lib/python3.9/site-packages/airflow/example_dags/example_task_group.py
[2022-03-14 10:08:11,204] {processor.py:654} INFO - DAG(s) dict_keys(['example_task_group']) retrieved from /opt/anaconda3/lib/python3.9/site-packages/airflow/example_dags/example_task_group.py
[2022-03-14 10:08:11,226] {logging_mixin.py:109} INFO - [2022-03-14 10:08:11,225] {dag.py:2398} INFO - Sync 1 DAGs
[2022-03-14 10:08:11,236] {logging_mixin.py:109} INFO - [2022-03-14 10:08:11,236] {dag.py:2937} INFO - Setting next_dagrun for example_task_group to 2022-03-13T15:08:11.235979+00:00
[2022-03-14 10:08:11,248] {processor.py:171} INFO - Processing /opt/anaconda3/lib/python3.9/site-packages/airflow/example_dags/example_task_group.py took 0.099 seconds
[2022-03-14 10:12:15,316] {processor.py:163} INFO - Started process (PID=76645) to work on /opt/anaconda3/lib/python3.9/site-packages/airflow/example_dags/example_task_group.py
[2022-03-14 10:12:15,318] {processor.py:642} INFO - Processing file /opt/anaconda3/lib/python3.9/site-packages/airflow/example_dags/example_task_group.py for tasks to queue
[2022-03-14 10:12:15,319] {logging_mixin.py:109} INFO - [2022-03-14 10:12:15,319] {dagbag.py:500} INFO - Filling up the DagBag from /opt/anaconda3/lib/python3.9/site-packages/airflow/example_dags/example_task_group.py
[2022-03-14 10:12:15,365] {processor.py:654} INFO - DAG(s) dict_keys(['example_task_group']) retrieved from /opt/anaconda3/lib/python3.9/site-packages/airflow/example_dags/example_task_group.py
[2022-03-14 10:12:15,387] {logging_mixin.py:109} INFO - [2022-03-14 10:12:15,387] {dag.py:2398} INFO - Sync 1 DAGs
[2022-03-14 10:12:15,398] {logging_mixin.py:109} INFO - [2022-03-14 10:12:15,398] {dag.py:2937} INFO - Setting next_dagrun for example_task_group to 2022-03-13T15:12:15.397961+00:00
[2022-03-14 10:12:15,409] {processor.py:171} INFO - Processing /opt/anaconda3/lib/python3.9/site-packages/airflow/example_dags/example_task_group.py took 0.094 seconds
[2022-03-14 10:14:19,190] {processor.py:163} INFO - Started process (PID=76724) to work on /opt/anaconda3/lib/python3.9/site-packages/airflow/example_dags/example_task_group.py
[2022-03-14 10:14:19,191] {processor.py:642} INFO - Processing file /opt/anaconda3/lib/python3.9/site-packages/airflow/example_dags/example_task_group.py for tasks to queue
[2022-03-14 10:14:19,191] {logging_mixin.py:109} INFO - [2022-03-14 10:14:19,191] {dagbag.py:500} INFO - Filling up the DagBag from /opt/anaconda3/lib/python3.9/site-packages/airflow/example_dags/example_task_group.py
[2022-03-14 10:14:19,239] {processor.py:654} INFO - DAG(s) dict_keys(['example_task_group']) retrieved from /opt/anaconda3/lib/python3.9/site-packages/airflow/example_dags/example_task_group.py
[2022-03-14 10:14:19,260] {logging_mixin.py:109} INFO - [2022-03-14 10:14:19,260] {dag.py:2398} INFO - Sync 1 DAGs
[2022-03-14 10:14:19,270] {logging_mixin.py:109} INFO - [2022-03-14 10:14:19,270] {dag.py:2937} INFO - Setting next_dagrun for example_task_group to 2022-03-13T15:14:19.270157+00:00
[2022-03-14 10:14:19,281] {processor.py:171} INFO - Processing /opt/anaconda3/lib/python3.9/site-packages/airflow/example_dags/example_task_group.py took 0.092 seconds
[2022-03-14 10:16:10,176] {processor.py:163} INFO - Started process (PID=76780) to work on /opt/anaconda3/lib/python3.9/site-packages/airflow/example_dags/example_task_group.py
[2022-03-14 10:16:10,182] {processor.py:642} INFO - Processing file /opt/anaconda3/lib/python3.9/site-packages/airflow/example_dags/example_task_group.py for tasks to queue
[2022-03-14 10:16:10,183] {logging_mixin.py:109} INFO - [2022-03-14 10:16:10,183] {dagbag.py:500} INFO - Filling up the DagBag from /opt/anaconda3/lib/python3.9/site-packages/airflow/example_dags/example_task_group.py
[2022-03-14 10:16:10,228] {processor.py:654} INFO - DAG(s) dict_keys(['example_task_group']) retrieved from /opt/anaconda3/lib/python3.9/site-packages/airflow/example_dags/example_task_group.py
[2022-03-14 10:16:10,248] {logging_mixin.py:109} INFO - [2022-03-14 10:16:10,248] {dag.py:2398} INFO - Sync 1 DAGs
[2022-03-14 10:16:10,258] {logging_mixin.py:109} INFO - [2022-03-14 10:16:10,258] {dag.py:2937} INFO - Setting next_dagrun for example_task_group to 2022-03-13T15:16:10.258591+00:00
[2022-03-14 10:16:10,269] {processor.py:171} INFO - Processing /opt/anaconda3/lib/python3.9/site-packages/airflow/example_dags/example_task_group.py took 0.093 seconds
[2022-03-14 10:18:45,309] {processor.py:163} INFO - Started process (PID=76921) to work on /opt/anaconda3/lib/python3.9/site-packages/airflow/example_dags/example_task_group.py
[2022-03-14 10:18:45,315] {processor.py:642} INFO - Processing file /opt/anaconda3/lib/python3.9/site-packages/airflow/example_dags/example_task_group.py for tasks to queue
[2022-03-14 10:18:45,316] {logging_mixin.py:109} INFO - [2022-03-14 10:18:45,315] {dagbag.py:500} INFO - Filling up the DagBag from /opt/anaconda3/lib/python3.9/site-packages/airflow/example_dags/example_task_group.py
[2022-03-14 10:18:45,365] {processor.py:654} INFO - DAG(s) dict_keys(['example_task_group']) retrieved from /opt/anaconda3/lib/python3.9/site-packages/airflow/example_dags/example_task_group.py
[2022-03-14 10:18:45,386] {logging_mixin.py:109} INFO - [2022-03-14 10:18:45,386] {dag.py:2398} INFO - Sync 1 DAGs
[2022-03-14 10:18:45,396] {logging_mixin.py:109} INFO - [2022-03-14 10:18:45,396] {dag.py:2937} INFO - Setting next_dagrun for example_task_group to 2022-03-13T15:18:45.396660+00:00
[2022-03-14 10:18:45,407] {processor.py:171} INFO - Processing /opt/anaconda3/lib/python3.9/site-packages/airflow/example_dags/example_task_group.py took 0.099 seconds
[2022-03-14 10:21:08,216] {processor.py:163} INFO - Started process (PID=76989) to work on /opt/anaconda3/lib/python3.9/site-packages/airflow/example_dags/example_task_group.py
[2022-03-14 10:21:08,217] {processor.py:642} INFO - Processing file /opt/anaconda3/lib/python3.9/site-packages/airflow/example_dags/example_task_group.py for tasks to queue
[2022-03-14 10:21:08,218] {logging_mixin.py:109} INFO - [2022-03-14 10:21:08,217] {dagbag.py:500} INFO - Filling up the DagBag from /opt/anaconda3/lib/python3.9/site-packages/airflow/example_dags/example_task_group.py
[2022-03-14 10:21:08,259] {processor.py:654} INFO - DAG(s) dict_keys(['example_task_group']) retrieved from /opt/anaconda3/lib/python3.9/site-packages/airflow/example_dags/example_task_group.py
[2022-03-14 10:21:08,279] {logging_mixin.py:109} INFO - [2022-03-14 10:21:08,278] {dag.py:2398} INFO - Sync 1 DAGs
[2022-03-14 10:21:08,287] {logging_mixin.py:109} INFO - [2022-03-14 10:21:08,287] {dag.py:2937} INFO - Setting next_dagrun for example_task_group to 2022-03-13T15:21:08.287206+00:00
[2022-03-14 10:21:08,297] {processor.py:171} INFO - Processing /opt/anaconda3/lib/python3.9/site-packages/airflow/example_dags/example_task_group.py took 0.081 seconds
[2022-03-14 10:22:57,552] {processor.py:163} INFO - Started process (PID=77049) to work on /opt/anaconda3/lib/python3.9/site-packages/airflow/example_dags/example_task_group.py
[2022-03-14 10:22:57,552] {processor.py:642} INFO - Processing file /opt/anaconda3/lib/python3.9/site-packages/airflow/example_dags/example_task_group.py for tasks to queue
[2022-03-14 10:22:57,552] {logging_mixin.py:109} INFO - [2022-03-14 10:22:57,552] {dagbag.py:500} INFO - Filling up the DagBag from /opt/anaconda3/lib/python3.9/site-packages/airflow/example_dags/example_task_group.py
[2022-03-14 10:22:57,602] {processor.py:654} INFO - DAG(s) dict_keys(['example_task_group']) retrieved from /opt/anaconda3/lib/python3.9/site-packages/airflow/example_dags/example_task_group.py
[2022-03-14 10:22:57,622] {logging_mixin.py:109} INFO - [2022-03-14 10:22:57,622] {dag.py:2398} INFO - Sync 1 DAGs
[2022-03-14 10:22:57,631] {logging_mixin.py:109} INFO - [2022-03-14 10:22:57,631] {dag.py:2937} INFO - Setting next_dagrun for example_task_group to 2022-03-13T15:22:57.631208+00:00
[2022-03-14 10:22:57,642] {processor.py:171} INFO - Processing /opt/anaconda3/lib/python3.9/site-packages/airflow/example_dags/example_task_group.py took 0.091 seconds
[2022-03-14 10:25:07,928] {processor.py:163} INFO - Started process (PID=77150) to work on /opt/anaconda3/lib/python3.9/site-packages/airflow/example_dags/example_task_group.py
[2022-03-14 10:25:07,935] {processor.py:642} INFO - Processing file /opt/anaconda3/lib/python3.9/site-packages/airflow/example_dags/example_task_group.py for tasks to queue
[2022-03-14 10:25:07,935] {logging_mixin.py:109} INFO - [2022-03-14 10:25:07,935] {dagbag.py:500} INFO - Filling up the DagBag from /opt/anaconda3/lib/python3.9/site-packages/airflow/example_dags/example_task_group.py
[2022-03-14 10:25:07,984] {processor.py:654} INFO - DAG(s) dict_keys(['example_task_group']) retrieved from /opt/anaconda3/lib/python3.9/site-packages/airflow/example_dags/example_task_group.py
[2022-03-14 10:25:08,005] {logging_mixin.py:109} INFO - [2022-03-14 10:25:08,005] {dag.py:2398} INFO - Sync 1 DAGs
[2022-03-14 10:25:08,014] {logging_mixin.py:109} INFO - [2022-03-14 10:25:08,014] {dag.py:2937} INFO - Setting next_dagrun for example_task_group to 2022-03-13T15:25:08.014112+00:00
[2022-03-14 10:25:08,023] {processor.py:171} INFO - Processing /opt/anaconda3/lib/python3.9/site-packages/airflow/example_dags/example_task_group.py took 0.095 seconds
[2022-03-14 10:27:30,376] {processor.py:163} INFO - Started process (PID=77293) to work on /opt/anaconda3/lib/python3.9/site-packages/airflow/example_dags/example_task_group.py
[2022-03-14 10:27:30,382] {processor.py:642} INFO - Processing file /opt/anaconda3/lib/python3.9/site-packages/airflow/example_dags/example_task_group.py for tasks to queue
[2022-03-14 10:27:30,383] {logging_mixin.py:109} INFO - [2022-03-14 10:27:30,383] {dagbag.py:500} INFO - Filling up the DagBag from /opt/anaconda3/lib/python3.9/site-packages/airflow/example_dags/example_task_group.py
[2022-03-14 10:27:30,427] {processor.py:654} INFO - DAG(s) dict_keys(['example_task_group']) retrieved from /opt/anaconda3/lib/python3.9/site-packages/airflow/example_dags/example_task_group.py
[2022-03-14 10:27:30,447] {logging_mixin.py:109} INFO - [2022-03-14 10:27:30,447] {dag.py:2398} INFO - Sync 1 DAGs
[2022-03-14 10:27:30,456] {logging_mixin.py:109} INFO - [2022-03-14 10:27:30,456] {dag.py:2937} INFO - Setting next_dagrun for example_task_group to 2022-03-13T15:27:30.456232+00:00
[2022-03-14 10:27:30,468] {processor.py:171} INFO - Processing /opt/anaconda3/lib/python3.9/site-packages/airflow/example_dags/example_task_group.py took 0.093 seconds
[2022-03-14 10:28:59,968] {processor.py:163} INFO - Started process (PID=77437) to work on /opt/anaconda3/lib/python3.9/site-packages/airflow/example_dags/example_task_group.py
[2022-03-14 10:28:59,974] {processor.py:642} INFO - Processing file /opt/anaconda3/lib/python3.9/site-packages/airflow/example_dags/example_task_group.py for tasks to queue
[2022-03-14 10:28:59,975] {logging_mixin.py:109} INFO - [2022-03-14 10:28:59,975] {dagbag.py:500} INFO - Filling up the DagBag from /opt/anaconda3/lib/python3.9/site-packages/airflow/example_dags/example_task_group.py
[2022-03-14 10:29:00,021] {processor.py:654} INFO - DAG(s) dict_keys(['example_task_group']) retrieved from /opt/anaconda3/lib/python3.9/site-packages/airflow/example_dags/example_task_group.py
[2022-03-14 10:29:00,041] {logging_mixin.py:109} INFO - [2022-03-14 10:29:00,041] {dag.py:2398} INFO - Sync 1 DAGs
[2022-03-14 10:29:00,050] {logging_mixin.py:109} INFO - [2022-03-14 10:29:00,050] {dag.py:2937} INFO - Setting next_dagrun for example_task_group to 2022-03-13T15:29:00.050545+00:00
[2022-03-14 10:29:00,062] {processor.py:171} INFO - Processing /opt/anaconda3/lib/python3.9/site-packages/airflow/example_dags/example_task_group.py took 0.095 seconds
[2022-03-14 10:30:48,568] {processor.py:163} INFO - Started process (PID=77487) to work on /opt/anaconda3/lib/python3.9/site-packages/airflow/example_dags/example_task_group.py
[2022-03-14 10:30:48,569] {processor.py:642} INFO - Processing file /opt/anaconda3/lib/python3.9/site-packages/airflow/example_dags/example_task_group.py for tasks to queue
[2022-03-14 10:30:48,569] {logging_mixin.py:109} INFO - [2022-03-14 10:30:48,569] {dagbag.py:500} INFO - Filling up the DagBag from /opt/anaconda3/lib/python3.9/site-packages/airflow/example_dags/example_task_group.py
[2022-03-14 10:30:48,612] {processor.py:654} INFO - DAG(s) dict_keys(['example_task_group']) retrieved from /opt/anaconda3/lib/python3.9/site-packages/airflow/example_dags/example_task_group.py
[2022-03-14 10:30:48,633] {logging_mixin.py:109} INFO - [2022-03-14 10:30:48,632] {dag.py:2398} INFO - Sync 1 DAGs
[2022-03-14 10:30:48,641] {logging_mixin.py:109} INFO - [2022-03-14 10:30:48,641] {dag.py:2937} INFO - Setting next_dagrun for example_task_group to 2022-03-13T15:30:48.641583+00:00
[2022-03-14 10:30:48,655] {processor.py:171} INFO - Processing /opt/anaconda3/lib/python3.9/site-packages/airflow/example_dags/example_task_group.py took 0.088 seconds
[2022-03-14 10:36:25,559] {processor.py:163} INFO - Started process (PID=77626) to work on /opt/anaconda3/lib/python3.9/site-packages/airflow/example_dags/example_task_group.py
[2022-03-14 10:36:25,560] {processor.py:642} INFO - Processing file /opt/anaconda3/lib/python3.9/site-packages/airflow/example_dags/example_task_group.py for tasks to queue
[2022-03-14 10:36:25,560] {logging_mixin.py:109} INFO - [2022-03-14 10:36:25,560] {dagbag.py:500} INFO - Filling up the DagBag from /opt/anaconda3/lib/python3.9/site-packages/airflow/example_dags/example_task_group.py
[2022-03-14 10:36:25,601] {processor.py:654} INFO - DAG(s) dict_keys(['example_task_group']) retrieved from /opt/anaconda3/lib/python3.9/site-packages/airflow/example_dags/example_task_group.py
[2022-03-14 10:36:25,619] {logging_mixin.py:109} INFO - [2022-03-14 10:36:25,619] {dag.py:2398} INFO - Sync 1 DAGs
[2022-03-14 10:36:25,628] {logging_mixin.py:109} INFO - [2022-03-14 10:36:25,627] {dag.py:2937} INFO - Setting next_dagrun for example_task_group to 2022-03-13T15:36:25.627793+00:00
[2022-03-14 10:36:25,637] {processor.py:171} INFO - Processing /opt/anaconda3/lib/python3.9/site-packages/airflow/example_dags/example_task_group.py took 0.079 seconds
[2022-03-14 10:38:23,040] {processor.py:163} INFO - Started process (PID=77743) to work on /opt/anaconda3/lib/python3.9/site-packages/airflow/example_dags/example_task_group.py
[2022-03-14 10:38:23,041] {processor.py:642} INFO - Processing file /opt/anaconda3/lib/python3.9/site-packages/airflow/example_dags/example_task_group.py for tasks to queue
[2022-03-14 10:38:23,042] {logging_mixin.py:109} INFO - [2022-03-14 10:38:23,042] {dagbag.py:500} INFO - Filling up the DagBag from /opt/anaconda3/lib/python3.9/site-packages/airflow/example_dags/example_task_group.py
[2022-03-14 10:38:23,090] {processor.py:654} INFO - DAG(s) dict_keys(['example_task_group']) retrieved from /opt/anaconda3/lib/python3.9/site-packages/airflow/example_dags/example_task_group.py
[2022-03-14 10:38:23,111] {logging_mixin.py:109} INFO - [2022-03-14 10:38:23,111] {dag.py:2398} INFO - Sync 1 DAGs
[2022-03-14 10:38:23,122] {logging_mixin.py:109} INFO - [2022-03-14 10:38:23,122] {dag.py:2937} INFO - Setting next_dagrun for example_task_group to 2022-03-13T15:38:23.122319+00:00
[2022-03-14 10:38:23,134] {processor.py:171} INFO - Processing /opt/anaconda3/lib/python3.9/site-packages/airflow/example_dags/example_task_group.py took 0.095 seconds
[2022-03-14 10:41:27,086] {processor.py:163} INFO - Started process (PID=77915) to work on /opt/anaconda3/lib/python3.9/site-packages/airflow/example_dags/example_task_group.py
[2022-03-14 10:41:27,089] {processor.py:642} INFO - Processing file /opt/anaconda3/lib/python3.9/site-packages/airflow/example_dags/example_task_group.py for tasks to queue
[2022-03-14 10:41:27,090] {logging_mixin.py:109} INFO - [2022-03-14 10:41:27,090] {dagbag.py:500} INFO - Filling up the DagBag from /opt/anaconda3/lib/python3.9/site-packages/airflow/example_dags/example_task_group.py
[2022-03-14 10:41:27,133] {processor.py:654} INFO - DAG(s) dict_keys(['example_task_group']) retrieved from /opt/anaconda3/lib/python3.9/site-packages/airflow/example_dags/example_task_group.py
[2022-03-14 10:41:27,153] {logging_mixin.py:109} INFO - [2022-03-14 10:41:27,152] {dag.py:2398} INFO - Sync 1 DAGs
[2022-03-14 10:41:27,162] {logging_mixin.py:109} INFO - [2022-03-14 10:41:27,161] {dag.py:2937} INFO - Setting next_dagrun for example_task_group to 2022-03-13T15:41:27.161808+00:00
[2022-03-14 10:41:27,173] {processor.py:171} INFO - Processing /opt/anaconda3/lib/python3.9/site-packages/airflow/example_dags/example_task_group.py took 0.087 seconds
[2022-03-14 10:43:52,549] {processor.py:163} INFO - Started process (PID=78017) to work on /opt/anaconda3/lib/python3.9/site-packages/airflow/example_dags/example_task_group.py
[2022-03-14 10:43:52,550] {processor.py:642} INFO - Processing file /opt/anaconda3/lib/python3.9/site-packages/airflow/example_dags/example_task_group.py for tasks to queue
[2022-03-14 10:43:52,550] {logging_mixin.py:109} INFO - [2022-03-14 10:43:52,550] {dagbag.py:500} INFO - Filling up the DagBag from /opt/anaconda3/lib/python3.9/site-packages/airflow/example_dags/example_task_group.py
[2022-03-14 10:43:52,596] {processor.py:654} INFO - DAG(s) dict_keys(['example_task_group']) retrieved from /opt/anaconda3/lib/python3.9/site-packages/airflow/example_dags/example_task_group.py
[2022-03-14 10:43:52,616] {logging_mixin.py:109} INFO - [2022-03-14 10:43:52,616] {dag.py:2398} INFO - Sync 1 DAGs
[2022-03-14 10:43:52,625] {logging_mixin.py:109} INFO - [2022-03-14 10:43:52,625] {dag.py:2937} INFO - Setting next_dagrun for example_task_group to 2022-03-13T15:43:52.625422+00:00
[2022-03-14 10:43:52,637] {processor.py:171} INFO - Processing /opt/anaconda3/lib/python3.9/site-packages/airflow/example_dags/example_task_group.py took 0.088 seconds
[2022-03-14 10:45:42,695] {processor.py:163} INFO - Started process (PID=78078) to work on /opt/anaconda3/lib/python3.9/site-packages/airflow/example_dags/example_task_group.py
[2022-03-14 10:45:42,701] {processor.py:642} INFO - Processing file /opt/anaconda3/lib/python3.9/site-packages/airflow/example_dags/example_task_group.py for tasks to queue
[2022-03-14 10:45:42,702] {logging_mixin.py:109} INFO - [2022-03-14 10:45:42,702] {dagbag.py:500} INFO - Filling up the DagBag from /opt/anaconda3/lib/python3.9/site-packages/airflow/example_dags/example_task_group.py
[2022-03-14 10:45:42,751] {processor.py:654} INFO - DAG(s) dict_keys(['example_task_group']) retrieved from /opt/anaconda3/lib/python3.9/site-packages/airflow/example_dags/example_task_group.py
[2022-03-14 10:45:42,770] {logging_mixin.py:109} INFO - [2022-03-14 10:45:42,770] {dag.py:2398} INFO - Sync 1 DAGs
[2022-03-14 10:45:42,779] {logging_mixin.py:109} INFO - [2022-03-14 10:45:42,779] {dag.py:2937} INFO - Setting next_dagrun for example_task_group to 2022-03-13T15:45:42.779144+00:00
[2022-03-14 10:45:42,790] {processor.py:171} INFO - Processing /opt/anaconda3/lib/python3.9/site-packages/airflow/example_dags/example_task_group.py took 0.095 seconds
[2022-03-14 10:48:01,432] {processor.py:163} INFO - Started process (PID=78676) to work on /opt/anaconda3/lib/python3.9/site-packages/airflow/example_dags/example_task_group.py
[2022-03-14 10:48:01,435] {processor.py:642} INFO - Processing file /opt/anaconda3/lib/python3.9/site-packages/airflow/example_dags/example_task_group.py for tasks to queue
[2022-03-14 10:48:01,435] {logging_mixin.py:109} INFO - [2022-03-14 10:48:01,435] {dagbag.py:500} INFO - Filling up the DagBag from /opt/anaconda3/lib/python3.9/site-packages/airflow/example_dags/example_task_group.py
[2022-03-14 10:48:01,480] {processor.py:654} INFO - DAG(s) dict_keys(['example_task_group']) retrieved from /opt/anaconda3/lib/python3.9/site-packages/airflow/example_dags/example_task_group.py
[2022-03-14 10:48:01,499] {logging_mixin.py:109} INFO - [2022-03-14 10:48:01,498] {dag.py:2398} INFO - Sync 1 DAGs
[2022-03-14 10:48:01,507] {logging_mixin.py:109} INFO - [2022-03-14 10:48:01,507] {dag.py:2937} INFO - Setting next_dagrun for example_task_group to 2022-03-13T15:48:01.507639+00:00
[2022-03-14 10:48:01,519] {processor.py:171} INFO - Processing /opt/anaconda3/lib/python3.9/site-packages/airflow/example_dags/example_task_group.py took 0.087 seconds
[2022-03-14 10:50:16,311] {processor.py:163} INFO - Started process (PID=78843) to work on /opt/anaconda3/lib/python3.9/site-packages/airflow/example_dags/example_task_group.py
[2022-03-14 10:50:16,311] {processor.py:642} INFO - Processing file /opt/anaconda3/lib/python3.9/site-packages/airflow/example_dags/example_task_group.py for tasks to queue
[2022-03-14 10:50:16,312] {logging_mixin.py:109} INFO - [2022-03-14 10:50:16,312] {dagbag.py:500} INFO - Filling up the DagBag from /opt/anaconda3/lib/python3.9/site-packages/airflow/example_dags/example_task_group.py
[2022-03-14 10:50:16,361] {processor.py:654} INFO - DAG(s) dict_keys(['example_task_group']) retrieved from /opt/anaconda3/lib/python3.9/site-packages/airflow/example_dags/example_task_group.py
[2022-03-14 10:50:16,383] {logging_mixin.py:109} INFO - [2022-03-14 10:50:16,382] {dag.py:2398} INFO - Sync 1 DAGs
[2022-03-14 10:50:16,394] {logging_mixin.py:109} INFO - [2022-03-14 10:50:16,394] {dag.py:2937} INFO - Setting next_dagrun for example_task_group to 2022-03-13T15:50:16.394428+00:00
[2022-03-14 10:50:16,411] {processor.py:171} INFO - Processing /opt/anaconda3/lib/python3.9/site-packages/airflow/example_dags/example_task_group.py took 0.102 seconds
[2022-03-14 10:51:32,676] {processor.py:163} INFO - Started process (PID=78896) to work on /opt/anaconda3/lib/python3.9/site-packages/airflow/example_dags/example_task_group.py
[2022-03-14 10:51:32,682] {processor.py:642} INFO - Processing file /opt/anaconda3/lib/python3.9/site-packages/airflow/example_dags/example_task_group.py for tasks to queue
[2022-03-14 10:51:32,682] {logging_mixin.py:109} INFO - [2022-03-14 10:51:32,682] {dagbag.py:500} INFO - Filling up the DagBag from /opt/anaconda3/lib/python3.9/site-packages/airflow/example_dags/example_task_group.py
[2022-03-14 10:51:32,728] {processor.py:654} INFO - DAG(s) dict_keys(['example_task_group']) retrieved from /opt/anaconda3/lib/python3.9/site-packages/airflow/example_dags/example_task_group.py
[2022-03-14 10:51:32,748] {logging_mixin.py:109} INFO - [2022-03-14 10:51:32,747] {dag.py:2398} INFO - Sync 1 DAGs
[2022-03-14 10:51:32,757] {logging_mixin.py:109} INFO - [2022-03-14 10:51:32,757] {dag.py:2937} INFO - Setting next_dagrun for example_task_group to 2022-03-13T15:51:32.757588+00:00
[2022-03-14 10:51:32,769] {processor.py:171} INFO - Processing /opt/anaconda3/lib/python3.9/site-packages/airflow/example_dags/example_task_group.py took 0.094 seconds
[2022-03-14 10:53:37,941] {processor.py:163} INFO - Started process (PID=78976) to work on /opt/anaconda3/lib/python3.9/site-packages/airflow/example_dags/example_task_group.py
[2022-03-14 10:53:37,947] {processor.py:642} INFO - Processing file /opt/anaconda3/lib/python3.9/site-packages/airflow/example_dags/example_task_group.py for tasks to queue
[2022-03-14 10:53:37,948] {logging_mixin.py:109} INFO - [2022-03-14 10:53:37,948] {dagbag.py:500} INFO - Filling up the DagBag from /opt/anaconda3/lib/python3.9/site-packages/airflow/example_dags/example_task_group.py
[2022-03-14 10:53:37,994] {processor.py:654} INFO - DAG(s) dict_keys(['example_task_group']) retrieved from /opt/anaconda3/lib/python3.9/site-packages/airflow/example_dags/example_task_group.py
[2022-03-14 10:53:38,014] {logging_mixin.py:109} INFO - [2022-03-14 10:53:38,013] {dag.py:2398} INFO - Sync 1 DAGs
[2022-03-14 10:53:38,023] {logging_mixin.py:109} INFO - [2022-03-14 10:53:38,023] {dag.py:2937} INFO - Setting next_dagrun for example_task_group to 2022-03-13T15:53:38.023349+00:00
[2022-03-14 10:53:38,034] {processor.py:171} INFO - Processing /opt/anaconda3/lib/python3.9/site-packages/airflow/example_dags/example_task_group.py took 0.094 seconds
[2022-03-14 10:56:19,846] {processor.py:163} INFO - Started process (PID=79076) to work on /opt/anaconda3/lib/python3.9/site-packages/airflow/example_dags/example_task_group.py
[2022-03-14 10:56:19,847] {processor.py:642} INFO - Processing file /opt/anaconda3/lib/python3.9/site-packages/airflow/example_dags/example_task_group.py for tasks to queue
[2022-03-14 10:56:19,847] {logging_mixin.py:109} INFO - [2022-03-14 10:56:19,847] {dagbag.py:500} INFO - Filling up the DagBag from /opt/anaconda3/lib/python3.9/site-packages/airflow/example_dags/example_task_group.py
[2022-03-14 10:56:19,899] {processor.py:654} INFO - DAG(s) dict_keys(['example_task_group']) retrieved from /opt/anaconda3/lib/python3.9/site-packages/airflow/example_dags/example_task_group.py
[2022-03-14 10:56:19,919] {logging_mixin.py:109} INFO - [2022-03-14 10:56:19,918] {dag.py:2398} INFO - Sync 1 DAGs
[2022-03-14 10:56:19,929] {logging_mixin.py:109} INFO - [2022-03-14 10:56:19,929] {dag.py:2937} INFO - Setting next_dagrun for example_task_group to 2022-03-13T15:56:19.929335+00:00
[2022-03-14 10:56:19,941] {processor.py:171} INFO - Processing /opt/anaconda3/lib/python3.9/site-packages/airflow/example_dags/example_task_group.py took 0.095 seconds
[2022-03-14 10:59:02,252] {processor.py:163} INFO - Started process (PID=79244) to work on /opt/anaconda3/lib/python3.9/site-packages/airflow/example_dags/example_task_group.py
[2022-03-14 10:59:02,258] {processor.py:642} INFO - Processing file /opt/anaconda3/lib/python3.9/site-packages/airflow/example_dags/example_task_group.py for tasks to queue
[2022-03-14 10:59:02,259] {logging_mixin.py:109} INFO - [2022-03-14 10:59:02,259] {dagbag.py:500} INFO - Filling up the DagBag from /opt/anaconda3/lib/python3.9/site-packages/airflow/example_dags/example_task_group.py
[2022-03-14 10:59:02,306] {processor.py:654} INFO - DAG(s) dict_keys(['example_task_group']) retrieved from /opt/anaconda3/lib/python3.9/site-packages/airflow/example_dags/example_task_group.py
[2022-03-14 10:59:02,328] {logging_mixin.py:109} INFO - [2022-03-14 10:59:02,327] {dag.py:2398} INFO - Sync 1 DAGs
[2022-03-14 10:59:02,340] {logging_mixin.py:109} INFO - [2022-03-14 10:59:02,340] {dag.py:2937} INFO - Setting next_dagrun for example_task_group to 2022-03-13T15:59:02.340355+00:00
[2022-03-14 10:59:02,353] {processor.py:171} INFO - Processing /opt/anaconda3/lib/python3.9/site-packages/airflow/example_dags/example_task_group.py took 0.101 seconds
[2022-03-14 11:00:24,287] {processor.py:163} INFO - Started process (PID=79278) to work on /opt/anaconda3/lib/python3.9/site-packages/airflow/example_dags/example_task_group.py
[2022-03-14 11:00:24,288] {processor.py:642} INFO - Processing file /opt/anaconda3/lib/python3.9/site-packages/airflow/example_dags/example_task_group.py for tasks to queue
[2022-03-14 11:00:24,288] {logging_mixin.py:109} INFO - [2022-03-14 11:00:24,288] {dagbag.py:500} INFO - Filling up the DagBag from /opt/anaconda3/lib/python3.9/site-packages/airflow/example_dags/example_task_group.py
[2022-03-14 11:00:24,331] {processor.py:654} INFO - DAG(s) dict_keys(['example_task_group']) retrieved from /opt/anaconda3/lib/python3.9/site-packages/airflow/example_dags/example_task_group.py
[2022-03-14 11:00:24,351] {logging_mixin.py:109} INFO - [2022-03-14 11:00:24,351] {dag.py:2398} INFO - Sync 1 DAGs
[2022-03-14 11:00:24,360] {logging_mixin.py:109} INFO - [2022-03-14 11:00:24,360] {dag.py:2937} INFO - Setting next_dagrun for example_task_group to 2022-03-13T16:00:24.360238+00:00
[2022-03-14 11:00:24,375] {processor.py:171} INFO - Processing /opt/anaconda3/lib/python3.9/site-packages/airflow/example_dags/example_task_group.py took 0.088 seconds
[2022-03-14 11:01:55,743] {processor.py:163} INFO - Started process (PID=79350) to work on /opt/anaconda3/lib/python3.9/site-packages/airflow/example_dags/example_task_group.py
[2022-03-14 11:01:55,743] {processor.py:642} INFO - Processing file /opt/anaconda3/lib/python3.9/site-packages/airflow/example_dags/example_task_group.py for tasks to queue
[2022-03-14 11:01:55,744] {logging_mixin.py:109} INFO - [2022-03-14 11:01:55,744] {dagbag.py:500} INFO - Filling up the DagBag from /opt/anaconda3/lib/python3.9/site-packages/airflow/example_dags/example_task_group.py
[2022-03-14 11:01:55,787] {processor.py:654} INFO - DAG(s) dict_keys(['example_task_group']) retrieved from /opt/anaconda3/lib/python3.9/site-packages/airflow/example_dags/example_task_group.py
[2022-03-14 11:01:55,806] {logging_mixin.py:109} INFO - [2022-03-14 11:01:55,806] {dag.py:2398} INFO - Sync 1 DAGs
[2022-03-14 11:01:55,815] {logging_mixin.py:109} INFO - [2022-03-14 11:01:55,815] {dag.py:2937} INFO - Setting next_dagrun for example_task_group to 2022-03-13T16:01:55.815528+00:00
[2022-03-14 11:01:55,830] {processor.py:171} INFO - Processing /opt/anaconda3/lib/python3.9/site-packages/airflow/example_dags/example_task_group.py took 0.087 seconds
[2022-03-14 11:03:44,597] {processor.py:163} INFO - Started process (PID=79461) to work on /opt/anaconda3/lib/python3.9/site-packages/airflow/example_dags/example_task_group.py
[2022-03-14 11:03:44,598] {processor.py:642} INFO - Processing file /opt/anaconda3/lib/python3.9/site-packages/airflow/example_dags/example_task_group.py for tasks to queue
[2022-03-14 11:03:44,598] {logging_mixin.py:109} INFO - [2022-03-14 11:03:44,598] {dagbag.py:500} INFO - Filling up the DagBag from /opt/anaconda3/lib/python3.9/site-packages/airflow/example_dags/example_task_group.py
[2022-03-14 11:03:44,642] {processor.py:654} INFO - DAG(s) dict_keys(['example_task_group']) retrieved from /opt/anaconda3/lib/python3.9/site-packages/airflow/example_dags/example_task_group.py
[2022-03-14 11:03:44,661] {logging_mixin.py:109} INFO - [2022-03-14 11:03:44,661] {dag.py:2398} INFO - Sync 1 DAGs
[2022-03-14 11:03:44,670] {logging_mixin.py:109} INFO - [2022-03-14 11:03:44,670] {dag.py:2937} INFO - Setting next_dagrun for example_task_group to 2022-03-13T16:03:44.670291+00:00
[2022-03-14 11:03:44,680] {processor.py:171} INFO - Processing /opt/anaconda3/lib/python3.9/site-packages/airflow/example_dags/example_task_group.py took 0.083 seconds
[2022-03-14 11:05:41,864] {processor.py:163} INFO - Started process (PID=79567) to work on /opt/anaconda3/lib/python3.9/site-packages/airflow/example_dags/example_task_group.py
[2022-03-14 11:05:41,864] {processor.py:642} INFO - Processing file /opt/anaconda3/lib/python3.9/site-packages/airflow/example_dags/example_task_group.py for tasks to queue
[2022-03-14 11:05:41,865] {logging_mixin.py:109} INFO - [2022-03-14 11:05:41,865] {dagbag.py:500} INFO - Filling up the DagBag from /opt/anaconda3/lib/python3.9/site-packages/airflow/example_dags/example_task_group.py
[2022-03-14 11:05:41,910] {processor.py:654} INFO - DAG(s) dict_keys(['example_task_group']) retrieved from /opt/anaconda3/lib/python3.9/site-packages/airflow/example_dags/example_task_group.py
[2022-03-14 11:05:41,930] {logging_mixin.py:109} INFO - [2022-03-14 11:05:41,930] {dag.py:2398} INFO - Sync 1 DAGs
[2022-03-14 11:05:41,939] {logging_mixin.py:109} INFO - [2022-03-14 11:05:41,939] {dag.py:2937} INFO - Setting next_dagrun for example_task_group to 2022-03-13T16:05:41.939613+00:00
[2022-03-14 11:05:41,955] {processor.py:171} INFO - Processing /opt/anaconda3/lib/python3.9/site-packages/airflow/example_dags/example_task_group.py took 0.092 seconds
[2022-03-14 11:08:25,790] {processor.py:163} INFO - Started process (PID=79722) to work on /opt/anaconda3/lib/python3.9/site-packages/airflow/example_dags/example_task_group.py
[2022-03-14 11:08:25,790] {processor.py:642} INFO - Processing file /opt/anaconda3/lib/python3.9/site-packages/airflow/example_dags/example_task_group.py for tasks to queue
[2022-03-14 11:08:25,790] {logging_mixin.py:109} INFO - [2022-03-14 11:08:25,790] {dagbag.py:500} INFO - Filling up the DagBag from /opt/anaconda3/lib/python3.9/site-packages/airflow/example_dags/example_task_group.py
[2022-03-14 11:08:25,882] {processor.py:654} INFO - DAG(s) dict_keys(['example_task_group']) retrieved from /opt/anaconda3/lib/python3.9/site-packages/airflow/example_dags/example_task_group.py
[2022-03-14 11:08:25,904] {logging_mixin.py:109} INFO - [2022-03-14 11:08:25,903] {dag.py:2398} INFO - Sync 1 DAGs
[2022-03-14 11:08:25,914] {logging_mixin.py:109} INFO - [2022-03-14 11:08:25,914] {dag.py:2937} INFO - Setting next_dagrun for example_task_group to 2022-03-13T16:08:25.913877+00:00
[2022-03-14 11:08:25,924] {processor.py:171} INFO - Processing /opt/anaconda3/lib/python3.9/site-packages/airflow/example_dags/example_task_group.py took 0.135 seconds
[2022-03-14 11:10:17,707] {processor.py:163} INFO - Started process (PID=79847) to work on /opt/anaconda3/lib/python3.9/site-packages/airflow/example_dags/example_task_group.py
[2022-03-14 11:10:17,707] {processor.py:642} INFO - Processing file /opt/anaconda3/lib/python3.9/site-packages/airflow/example_dags/example_task_group.py for tasks to queue
[2022-03-14 11:10:17,708] {logging_mixin.py:109} INFO - [2022-03-14 11:10:17,708] {dagbag.py:500} INFO - Filling up the DagBag from /opt/anaconda3/lib/python3.9/site-packages/airflow/example_dags/example_task_group.py
[2022-03-14 11:10:17,752] {processor.py:654} INFO - DAG(s) dict_keys(['example_task_group']) retrieved from /opt/anaconda3/lib/python3.9/site-packages/airflow/example_dags/example_task_group.py
[2022-03-14 11:10:17,771] {logging_mixin.py:109} INFO - [2022-03-14 11:10:17,771] {dag.py:2398} INFO - Sync 1 DAGs
[2022-03-14 11:10:17,781] {logging_mixin.py:109} INFO - [2022-03-14 11:10:17,780] {dag.py:2937} INFO - Setting next_dagrun for example_task_group to 2022-03-13T16:10:17.780816+00:00
[2022-03-14 11:10:17,796] {processor.py:171} INFO - Processing /opt/anaconda3/lib/python3.9/site-packages/airflow/example_dags/example_task_group.py took 0.089 seconds
[2022-03-14 11:11:22,698] {processor.py:163} INFO - Started process (PID=79902) to work on /opt/anaconda3/lib/python3.9/site-packages/airflow/example_dags/example_task_group.py
[2022-03-14 11:11:22,704] {processor.py:642} INFO - Processing file /opt/anaconda3/lib/python3.9/site-packages/airflow/example_dags/example_task_group.py for tasks to queue
[2022-03-14 11:11:22,705] {logging_mixin.py:109} INFO - [2022-03-14 11:11:22,705] {dagbag.py:500} INFO - Filling up the DagBag from /opt/anaconda3/lib/python3.9/site-packages/airflow/example_dags/example_task_group.py
[2022-03-14 11:11:22,751] {processor.py:654} INFO - DAG(s) dict_keys(['example_task_group']) retrieved from /opt/anaconda3/lib/python3.9/site-packages/airflow/example_dags/example_task_group.py
[2022-03-14 11:11:22,772] {logging_mixin.py:109} INFO - [2022-03-14 11:11:22,772] {dag.py:2398} INFO - Sync 1 DAGs
[2022-03-14 11:11:22,782] {logging_mixin.py:109} INFO - [2022-03-14 11:11:22,782] {dag.py:2937} INFO - Setting next_dagrun for example_task_group to 2022-03-13T16:11:22.782059+00:00
[2022-03-14 11:11:22,794] {processor.py:171} INFO - Processing /opt/anaconda3/lib/python3.9/site-packages/airflow/example_dags/example_task_group.py took 0.097 seconds
[2022-03-14 11:12:58,086] {processor.py:163} INFO - Started process (PID=79947) to work on /opt/anaconda3/lib/python3.9/site-packages/airflow/example_dags/example_task_group.py
[2022-03-14 11:12:58,086] {processor.py:642} INFO - Processing file /opt/anaconda3/lib/python3.9/site-packages/airflow/example_dags/example_task_group.py for tasks to queue
[2022-03-14 11:12:58,087] {logging_mixin.py:109} INFO - [2022-03-14 11:12:58,087] {dagbag.py:500} INFO - Filling up the DagBag from /opt/anaconda3/lib/python3.9/site-packages/airflow/example_dags/example_task_group.py
[2022-03-14 11:12:58,129] {processor.py:654} INFO - DAG(s) dict_keys(['example_task_group']) retrieved from /opt/anaconda3/lib/python3.9/site-packages/airflow/example_dags/example_task_group.py
[2022-03-14 11:12:58,148] {logging_mixin.py:109} INFO - [2022-03-14 11:12:58,148] {dag.py:2398} INFO - Sync 1 DAGs
[2022-03-14 11:12:58,157] {logging_mixin.py:109} INFO - [2022-03-14 11:12:58,157] {dag.py:2937} INFO - Setting next_dagrun for example_task_group to 2022-03-13T16:12:58.157534+00:00
[2022-03-14 11:12:58,172] {processor.py:171} INFO - Processing /opt/anaconda3/lib/python3.9/site-packages/airflow/example_dags/example_task_group.py took 0.087 seconds
[2022-03-14 11:15:18,073] {processor.py:163} INFO - Started process (PID=80041) to work on /opt/anaconda3/lib/python3.9/site-packages/airflow/example_dags/example_task_group.py
[2022-03-14 11:15:18,073] {processor.py:642} INFO - Processing file /opt/anaconda3/lib/python3.9/site-packages/airflow/example_dags/example_task_group.py for tasks to queue
[2022-03-14 11:15:18,073] {logging_mixin.py:109} INFO - [2022-03-14 11:15:18,073] {dagbag.py:500} INFO - Filling up the DagBag from /opt/anaconda3/lib/python3.9/site-packages/airflow/example_dags/example_task_group.py
[2022-03-14 11:15:18,120] {processor.py:654} INFO - DAG(s) dict_keys(['example_task_group']) retrieved from /opt/anaconda3/lib/python3.9/site-packages/airflow/example_dags/example_task_group.py
[2022-03-14 11:15:18,140] {logging_mixin.py:109} INFO - [2022-03-14 11:15:18,140] {dag.py:2398} INFO - Sync 1 DAGs
[2022-03-14 11:15:18,150] {logging_mixin.py:109} INFO - [2022-03-14 11:15:18,150] {dag.py:2937} INFO - Setting next_dagrun for example_task_group to 2022-03-13T16:15:18.150496+00:00
[2022-03-14 11:15:18,165] {processor.py:171} INFO - Processing /opt/anaconda3/lib/python3.9/site-packages/airflow/example_dags/example_task_group.py took 0.093 seconds
[2022-03-14 11:17:24,670] {processor.py:163} INFO - Started process (PID=80142) to work on /opt/anaconda3/lib/python3.9/site-packages/airflow/example_dags/example_task_group.py
[2022-03-14 11:17:24,671] {processor.py:642} INFO - Processing file /opt/anaconda3/lib/python3.9/site-packages/airflow/example_dags/example_task_group.py for tasks to queue
[2022-03-14 11:17:24,672] {logging_mixin.py:109} INFO - [2022-03-14 11:17:24,672] {dagbag.py:500} INFO - Filling up the DagBag from /opt/anaconda3/lib/python3.9/site-packages/airflow/example_dags/example_task_group.py
[2022-03-14 11:17:24,724] {processor.py:654} INFO - DAG(s) dict_keys(['example_task_group']) retrieved from /opt/anaconda3/lib/python3.9/site-packages/airflow/example_dags/example_task_group.py
[2022-03-14 11:17:24,744] {logging_mixin.py:109} INFO - [2022-03-14 11:17:24,744] {dag.py:2398} INFO - Sync 1 DAGs
[2022-03-14 11:17:24,753] {logging_mixin.py:109} INFO - [2022-03-14 11:17:24,753] {dag.py:2937} INFO - Setting next_dagrun for example_task_group to 2022-03-13T16:17:24.753191+00:00
[2022-03-14 11:17:24,764] {processor.py:171} INFO - Processing /opt/anaconda3/lib/python3.9/site-packages/airflow/example_dags/example_task_group.py took 0.094 seconds
[2022-03-14 11:18:48,517] {processor.py:163} INFO - Started process (PID=80278) to work on /opt/anaconda3/lib/python3.9/site-packages/airflow/example_dags/example_task_group.py
[2022-03-14 11:18:48,518] {processor.py:642} INFO - Processing file /opt/anaconda3/lib/python3.9/site-packages/airflow/example_dags/example_task_group.py for tasks to queue
[2022-03-14 11:18:48,519] {logging_mixin.py:109} INFO - [2022-03-14 11:18:48,519] {dagbag.py:500} INFO - Filling up the DagBag from /opt/anaconda3/lib/python3.9/site-packages/airflow/example_dags/example_task_group.py
[2022-03-14 11:18:48,564] {processor.py:654} INFO - DAG(s) dict_keys(['example_task_group']) retrieved from /opt/anaconda3/lib/python3.9/site-packages/airflow/example_dags/example_task_group.py
[2022-03-14 11:18:48,585] {logging_mixin.py:109} INFO - [2022-03-14 11:18:48,584] {dag.py:2398} INFO - Sync 1 DAGs
[2022-03-14 11:18:48,594] {logging_mixin.py:109} INFO - [2022-03-14 11:18:48,594] {dag.py:2937} INFO - Setting next_dagrun for example_task_group to 2022-03-13T16:18:48.593902+00:00
[2022-03-14 11:18:48,606] {processor.py:171} INFO - Processing /opt/anaconda3/lib/python3.9/site-packages/airflow/example_dags/example_task_group.py took 0.089 seconds
[2022-03-14 11:21:36,417] {processor.py:163} INFO - Started process (PID=80382) to work on /opt/anaconda3/lib/python3.9/site-packages/airflow/example_dags/example_task_group.py
[2022-03-14 11:21:36,423] {processor.py:642} INFO - Processing file /opt/anaconda3/lib/python3.9/site-packages/airflow/example_dags/example_task_group.py for tasks to queue
[2022-03-14 11:21:36,424] {logging_mixin.py:109} INFO - [2022-03-14 11:21:36,424] {dagbag.py:500} INFO - Filling up the DagBag from /opt/anaconda3/lib/python3.9/site-packages/airflow/example_dags/example_task_group.py
[2022-03-14 11:21:36,468] {processor.py:654} INFO - DAG(s) dict_keys(['example_task_group']) retrieved from /opt/anaconda3/lib/python3.9/site-packages/airflow/example_dags/example_task_group.py
[2022-03-14 11:21:36,488] {logging_mixin.py:109} INFO - [2022-03-14 11:21:36,488] {dag.py:2398} INFO - Sync 1 DAGs
[2022-03-14 11:21:36,498] {logging_mixin.py:109} INFO - [2022-03-14 11:21:36,498] {dag.py:2937} INFO - Setting next_dagrun for example_task_group to 2022-03-13T16:21:36.498201+00:00
[2022-03-14 11:21:36,510] {processor.py:171} INFO - Processing /opt/anaconda3/lib/python3.9/site-packages/airflow/example_dags/example_task_group.py took 0.094 seconds
[2022-03-14 11:24:10,145] {processor.py:163} INFO - Started process (PID=80481) to work on /opt/anaconda3/lib/python3.9/site-packages/airflow/example_dags/example_task_group.py
[2022-03-14 11:24:10,145] {processor.py:642} INFO - Processing file /opt/anaconda3/lib/python3.9/site-packages/airflow/example_dags/example_task_group.py for tasks to queue
[2022-03-14 11:24:10,146] {logging_mixin.py:109} INFO - [2022-03-14 11:24:10,146] {dagbag.py:500} INFO - Filling up the DagBag from /opt/anaconda3/lib/python3.9/site-packages/airflow/example_dags/example_task_group.py
[2022-03-14 11:24:10,189] {processor.py:654} INFO - DAG(s) dict_keys(['example_task_group']) retrieved from /opt/anaconda3/lib/python3.9/site-packages/airflow/example_dags/example_task_group.py
[2022-03-14 11:24:10,208] {logging_mixin.py:109} INFO - [2022-03-14 11:24:10,207] {dag.py:2398} INFO - Sync 1 DAGs
[2022-03-14 11:24:10,216] {logging_mixin.py:109} INFO - [2022-03-14 11:24:10,216] {dag.py:2937} INFO - Setting next_dagrun for example_task_group to 2022-03-13T16:24:10.216386+00:00
[2022-03-14 11:24:10,231] {processor.py:171} INFO - Processing /opt/anaconda3/lib/python3.9/site-packages/airflow/example_dags/example_task_group.py took 0.086 seconds
[2022-03-14 11:25:30,206] {processor.py:163} INFO - Started process (PID=80519) to work on /opt/anaconda3/lib/python3.9/site-packages/airflow/example_dags/example_task_group.py
[2022-03-14 11:25:30,207] {processor.py:642} INFO - Processing file /opt/anaconda3/lib/python3.9/site-packages/airflow/example_dags/example_task_group.py for tasks to queue
[2022-03-14 11:25:30,208] {logging_mixin.py:109} INFO - [2022-03-14 11:25:30,208] {dagbag.py:500} INFO - Filling up the DagBag from /opt/anaconda3/lib/python3.9/site-packages/airflow/example_dags/example_task_group.py
[2022-03-14 11:25:30,262] {processor.py:654} INFO - DAG(s) dict_keys(['example_task_group']) retrieved from /opt/anaconda3/lib/python3.9/site-packages/airflow/example_dags/example_task_group.py
[2022-03-14 11:25:30,285] {logging_mixin.py:109} INFO - [2022-03-14 11:25:30,284] {dag.py:2398} INFO - Sync 1 DAGs
[2022-03-14 11:25:30,295] {logging_mixin.py:109} INFO - [2022-03-14 11:25:30,295] {dag.py:2937} INFO - Setting next_dagrun for example_task_group to 2022-03-13T16:25:30.295734+00:00
[2022-03-14 11:25:30,309] {processor.py:171} INFO - Processing /opt/anaconda3/lib/python3.9/site-packages/airflow/example_dags/example_task_group.py took 0.104 seconds
[2022-03-14 11:26:51,316] {processor.py:163} INFO - Started process (PID=80598) to work on /opt/anaconda3/lib/python3.9/site-packages/airflow/example_dags/example_task_group.py
[2022-03-14 11:26:51,317] {processor.py:642} INFO - Processing file /opt/anaconda3/lib/python3.9/site-packages/airflow/example_dags/example_task_group.py for tasks to queue
[2022-03-14 11:26:51,318] {logging_mixin.py:109} INFO - [2022-03-14 11:26:51,317] {dagbag.py:500} INFO - Filling up the DagBag from /opt/anaconda3/lib/python3.9/site-packages/airflow/example_dags/example_task_group.py
[2022-03-14 11:26:51,359] {processor.py:654} INFO - DAG(s) dict_keys(['example_task_group']) retrieved from /opt/anaconda3/lib/python3.9/site-packages/airflow/example_dags/example_task_group.py
[2022-03-14 11:26:51,377] {logging_mixin.py:109} INFO - [2022-03-14 11:26:51,377] {dag.py:2398} INFO - Sync 1 DAGs
[2022-03-14 11:26:51,386] {logging_mixin.py:109} INFO - [2022-03-14 11:26:51,386] {dag.py:2937} INFO - Setting next_dagrun for example_task_group to 2022-03-13T16:26:51.386300+00:00
[2022-03-14 11:26:51,398] {processor.py:171} INFO - Processing /opt/anaconda3/lib/python3.9/site-packages/airflow/example_dags/example_task_group.py took 0.082 seconds
[2022-03-14 11:29:28,714] {processor.py:163} INFO - Started process (PID=80777) to work on /opt/anaconda3/lib/python3.9/site-packages/airflow/example_dags/example_task_group.py
[2022-03-14 11:29:28,720] {processor.py:642} INFO - Processing file /opt/anaconda3/lib/python3.9/site-packages/airflow/example_dags/example_task_group.py for tasks to queue
[2022-03-14 11:29:28,721] {logging_mixin.py:109} INFO - [2022-03-14 11:29:28,721] {dagbag.py:500} INFO - Filling up the DagBag from /opt/anaconda3/lib/python3.9/site-packages/airflow/example_dags/example_task_group.py
[2022-03-14 11:29:28,766] {processor.py:654} INFO - DAG(s) dict_keys(['example_task_group']) retrieved from /opt/anaconda3/lib/python3.9/site-packages/airflow/example_dags/example_task_group.py
[2022-03-14 11:29:28,785] {logging_mixin.py:109} INFO - [2022-03-14 11:29:28,785] {dag.py:2398} INFO - Sync 1 DAGs
[2022-03-14 11:29:28,794] {logging_mixin.py:109} INFO - [2022-03-14 11:29:28,794] {dag.py:2937} INFO - Setting next_dagrun for example_task_group to 2022-03-13T16:29:28.794300+00:00
[2022-03-14 11:29:28,807] {processor.py:171} INFO - Processing /opt/anaconda3/lib/python3.9/site-packages/airflow/example_dags/example_task_group.py took 0.094 seconds
[2022-03-14 11:32:02,616] {processor.py:163} INFO - Started process (PID=80874) to work on /opt/anaconda3/lib/python3.9/site-packages/airflow/example_dags/example_task_group.py
[2022-03-14 11:32:02,617] {processor.py:642} INFO - Processing file /opt/anaconda3/lib/python3.9/site-packages/airflow/example_dags/example_task_group.py for tasks to queue
[2022-03-14 11:32:02,617] {logging_mixin.py:109} INFO - [2022-03-14 11:32:02,617] {dagbag.py:500} INFO - Filling up the DagBag from /opt/anaconda3/lib/python3.9/site-packages/airflow/example_dags/example_task_group.py
[2022-03-14 11:32:02,661] {processor.py:654} INFO - DAG(s) dict_keys(['example_task_group']) retrieved from /opt/anaconda3/lib/python3.9/site-packages/airflow/example_dags/example_task_group.py
[2022-03-14 11:32:02,682] {logging_mixin.py:109} INFO - [2022-03-14 11:32:02,681] {dag.py:2398} INFO - Sync 1 DAGs
[2022-03-14 11:32:02,691] {logging_mixin.py:109} INFO - [2022-03-14 11:32:02,691] {dag.py:2937} INFO - Setting next_dagrun for example_task_group to 2022-03-13T16:32:02.690905+00:00
[2022-03-14 11:32:02,702] {processor.py:171} INFO - Processing /opt/anaconda3/lib/python3.9/site-packages/airflow/example_dags/example_task_group.py took 0.087 seconds
[2022-03-14 11:33:20,097] {processor.py:163} INFO - Started process (PID=80913) to work on /opt/anaconda3/lib/python3.9/site-packages/airflow/example_dags/example_task_group.py
[2022-03-14 11:33:20,097] {processor.py:642} INFO - Processing file /opt/anaconda3/lib/python3.9/site-packages/airflow/example_dags/example_task_group.py for tasks to queue
[2022-03-14 11:33:20,098] {logging_mixin.py:109} INFO - [2022-03-14 11:33:20,098] {dagbag.py:500} INFO - Filling up the DagBag from /opt/anaconda3/lib/python3.9/site-packages/airflow/example_dags/example_task_group.py
[2022-03-14 11:33:20,141] {processor.py:654} INFO - DAG(s) dict_keys(['example_task_group']) retrieved from /opt/anaconda3/lib/python3.9/site-packages/airflow/example_dags/example_task_group.py
[2022-03-14 11:33:20,160] {logging_mixin.py:109} INFO - [2022-03-14 11:33:20,160] {dag.py:2398} INFO - Sync 1 DAGs
[2022-03-14 11:33:20,169] {logging_mixin.py:109} INFO - [2022-03-14 11:33:20,169] {dag.py:2937} INFO - Setting next_dagrun for example_task_group to 2022-03-13T16:33:20.169303+00:00
[2022-03-14 11:33:20,184] {processor.py:171} INFO - Processing /opt/anaconda3/lib/python3.9/site-packages/airflow/example_dags/example_task_group.py took 0.088 seconds
[2022-03-14 11:35:46,286] {processor.py:163} INFO - Started process (PID=80982) to work on /opt/anaconda3/lib/python3.9/site-packages/airflow/example_dags/example_task_group.py
[2022-03-14 11:35:46,287] {processor.py:642} INFO - Processing file /opt/anaconda3/lib/python3.9/site-packages/airflow/example_dags/example_task_group.py for tasks to queue
[2022-03-14 11:35:46,287] {logging_mixin.py:109} INFO - [2022-03-14 11:35:46,287] {dagbag.py:500} INFO - Filling up the DagBag from /opt/anaconda3/lib/python3.9/site-packages/airflow/example_dags/example_task_group.py
[2022-03-14 11:35:46,335] {processor.py:654} INFO - DAG(s) dict_keys(['example_task_group']) retrieved from /opt/anaconda3/lib/python3.9/site-packages/airflow/example_dags/example_task_group.py
[2022-03-14 11:35:46,354] {logging_mixin.py:109} INFO - [2022-03-14 11:35:46,353] {dag.py:2398} INFO - Sync 1 DAGs
[2022-03-14 11:35:46,362] {logging_mixin.py:109} INFO - [2022-03-14 11:35:46,362] {dag.py:2937} INFO - Setting next_dagrun for example_task_group to 2022-03-13T16:35:46.362586+00:00
[2022-03-14 11:35:46,374] {processor.py:171} INFO - Processing /opt/anaconda3/lib/python3.9/site-packages/airflow/example_dags/example_task_group.py took 0.088 seconds
[2022-03-14 11:37:05,842] {processor.py:163} INFO - Started process (PID=81045) to work on /opt/anaconda3/lib/python3.9/site-packages/airflow/example_dags/example_task_group.py
[2022-03-14 11:37:05,843] {processor.py:642} INFO - Processing file /opt/anaconda3/lib/python3.9/site-packages/airflow/example_dags/example_task_group.py for tasks to queue
[2022-03-14 11:37:05,844] {logging_mixin.py:109} INFO - [2022-03-14 11:37:05,844] {dagbag.py:500} INFO - Filling up the DagBag from /opt/anaconda3/lib/python3.9/site-packages/airflow/example_dags/example_task_group.py
[2022-03-14 11:37:05,890] {processor.py:654} INFO - DAG(s) dict_keys(['example_task_group']) retrieved from /opt/anaconda3/lib/python3.9/site-packages/airflow/example_dags/example_task_group.py
[2022-03-14 11:37:05,910] {logging_mixin.py:109} INFO - [2022-03-14 11:37:05,910] {dag.py:2398} INFO - Sync 1 DAGs
[2022-03-14 11:37:05,920] {logging_mixin.py:109} INFO - [2022-03-14 11:37:05,919] {dag.py:2937} INFO - Setting next_dagrun for example_task_group to 2022-03-13T16:37:05.919788+00:00
[2022-03-14 11:37:05,931] {processor.py:171} INFO - Processing /opt/anaconda3/lib/python3.9/site-packages/airflow/example_dags/example_task_group.py took 0.090 seconds
[2022-03-14 11:39:39,713] {processor.py:163} INFO - Started process (PID=81240) to work on /opt/anaconda3/lib/python3.9/site-packages/airflow/example_dags/example_task_group.py
[2022-03-14 11:39:39,718] {processor.py:642} INFO - Processing file /opt/anaconda3/lib/python3.9/site-packages/airflow/example_dags/example_task_group.py for tasks to queue
[2022-03-14 11:39:39,719] {logging_mixin.py:109} INFO - [2022-03-14 11:39:39,719] {dagbag.py:500} INFO - Filling up the DagBag from /opt/anaconda3/lib/python3.9/site-packages/airflow/example_dags/example_task_group.py
[2022-03-14 11:39:39,768] {processor.py:654} INFO - DAG(s) dict_keys(['example_task_group']) retrieved from /opt/anaconda3/lib/python3.9/site-packages/airflow/example_dags/example_task_group.py
[2022-03-14 11:39:39,788] {logging_mixin.py:109} INFO - [2022-03-14 11:39:39,788] {dag.py:2398} INFO - Sync 1 DAGs
[2022-03-14 11:39:39,797] {logging_mixin.py:109} INFO - [2022-03-14 11:39:39,797] {dag.py:2937} INFO - Setting next_dagrun for example_task_group to 2022-03-13T16:39:39.796942+00:00
[2022-03-14 11:39:39,809] {processor.py:171} INFO - Processing /opt/anaconda3/lib/python3.9/site-packages/airflow/example_dags/example_task_group.py took 0.097 seconds
[2022-03-14 11:42:05,125] {processor.py:163} INFO - Started process (PID=81384) to work on /opt/anaconda3/lib/python3.9/site-packages/airflow/example_dags/example_task_group.py
[2022-03-14 11:42:05,131] {processor.py:642} INFO - Processing file /opt/anaconda3/lib/python3.9/site-packages/airflow/example_dags/example_task_group.py for tasks to queue
[2022-03-14 11:42:05,131] {logging_mixin.py:109} INFO - [2022-03-14 11:42:05,131] {dagbag.py:500} INFO - Filling up the DagBag from /opt/anaconda3/lib/python3.9/site-packages/airflow/example_dags/example_task_group.py
[2022-03-14 11:42:05,180] {processor.py:654} INFO - DAG(s) dict_keys(['example_task_group']) retrieved from /opt/anaconda3/lib/python3.9/site-packages/airflow/example_dags/example_task_group.py
[2022-03-14 11:42:05,200] {logging_mixin.py:109} INFO - [2022-03-14 11:42:05,199] {dag.py:2398} INFO - Sync 1 DAGs
[2022-03-14 11:42:05,208] {logging_mixin.py:109} INFO - [2022-03-14 11:42:05,208] {dag.py:2937} INFO - Setting next_dagrun for example_task_group to 2022-03-13T16:42:05.208584+00:00
[2022-03-14 11:42:05,219] {processor.py:171} INFO - Processing /opt/anaconda3/lib/python3.9/site-packages/airflow/example_dags/example_task_group.py took 0.095 seconds
[2022-03-14 11:44:34,839] {processor.py:163} INFO - Started process (PID=81491) to work on /opt/anaconda3/lib/python3.9/site-packages/airflow/example_dags/example_task_group.py
[2022-03-14 11:44:34,846] {processor.py:642} INFO - Processing file /opt/anaconda3/lib/python3.9/site-packages/airflow/example_dags/example_task_group.py for tasks to queue
[2022-03-14 11:44:34,846] {logging_mixin.py:109} INFO - [2022-03-14 11:44:34,846] {dagbag.py:500} INFO - Filling up the DagBag from /opt/anaconda3/lib/python3.9/site-packages/airflow/example_dags/example_task_group.py
[2022-03-14 11:44:34,893] {processor.py:654} INFO - DAG(s) dict_keys(['example_task_group']) retrieved from /opt/anaconda3/lib/python3.9/site-packages/airflow/example_dags/example_task_group.py
[2022-03-14 11:44:34,913] {logging_mixin.py:109} INFO - [2022-03-14 11:44:34,912] {dag.py:2398} INFO - Sync 1 DAGs
[2022-03-14 11:44:34,921] {logging_mixin.py:109} INFO - [2022-03-14 11:44:34,921] {dag.py:2937} INFO - Setting next_dagrun for example_task_group to 2022-03-13T16:44:34.921683+00:00
[2022-03-14 11:44:34,933] {processor.py:171} INFO - Processing /opt/anaconda3/lib/python3.9/site-packages/airflow/example_dags/example_task_group.py took 0.094 seconds
[2022-03-14 11:47:06,996] {processor.py:163} INFO - Started process (PID=81603) to work on /opt/anaconda3/lib/python3.9/site-packages/airflow/example_dags/example_task_group.py
[2022-03-14 11:47:06,997] {processor.py:642} INFO - Processing file /opt/anaconda3/lib/python3.9/site-packages/airflow/example_dags/example_task_group.py for tasks to queue
[2022-03-14 11:47:06,998] {logging_mixin.py:109} INFO - [2022-03-14 11:47:06,998] {dagbag.py:500} INFO - Filling up the DagBag from /opt/anaconda3/lib/python3.9/site-packages/airflow/example_dags/example_task_group.py
[2022-03-14 11:47:07,044] {processor.py:654} INFO - DAG(s) dict_keys(['example_task_group']) retrieved from /opt/anaconda3/lib/python3.9/site-packages/airflow/example_dags/example_task_group.py
[2022-03-14 11:47:07,063] {logging_mixin.py:109} INFO - [2022-03-14 11:47:07,063] {dag.py:2398} INFO - Sync 1 DAGs
[2022-03-14 11:47:07,072] {logging_mixin.py:109} INFO - [2022-03-14 11:47:07,072] {dag.py:2937} INFO - Setting next_dagrun for example_task_group to 2022-03-13T16:47:07.072421+00:00
[2022-03-14 11:47:07,082] {processor.py:171} INFO - Processing /opt/anaconda3/lib/python3.9/site-packages/airflow/example_dags/example_task_group.py took 0.086 seconds
[2022-03-14 11:49:40,603] {processor.py:163} INFO - Started process (PID=81742) to work on /opt/anaconda3/lib/python3.9/site-packages/airflow/example_dags/example_task_group.py
[2022-03-14 11:49:40,604] {processor.py:642} INFO - Processing file /opt/anaconda3/lib/python3.9/site-packages/airflow/example_dags/example_task_group.py for tasks to queue
[2022-03-14 11:49:40,604] {logging_mixin.py:109} INFO - [2022-03-14 11:49:40,604] {dagbag.py:500} INFO - Filling up the DagBag from /opt/anaconda3/lib/python3.9/site-packages/airflow/example_dags/example_task_group.py
[2022-03-14 11:49:40,647] {processor.py:654} INFO - DAG(s) dict_keys(['example_task_group']) retrieved from /opt/anaconda3/lib/python3.9/site-packages/airflow/example_dags/example_task_group.py
[2022-03-14 11:49:40,667] {logging_mixin.py:109} INFO - [2022-03-14 11:49:40,667] {dag.py:2398} INFO - Sync 1 DAGs
[2022-03-14 11:49:40,676] {logging_mixin.py:109} INFO - [2022-03-14 11:49:40,676] {dag.py:2937} INFO - Setting next_dagrun for example_task_group to 2022-03-13T16:49:40.675947+00:00
[2022-03-14 11:49:40,690] {processor.py:171} INFO - Processing /opt/anaconda3/lib/python3.9/site-packages/airflow/example_dags/example_task_group.py took 0.087 seconds
[2022-03-14 11:52:14,882] {processor.py:163} INFO - Started process (PID=81853) to work on /opt/anaconda3/lib/python3.9/site-packages/airflow/example_dags/example_task_group.py
[2022-03-14 11:52:14,883] {processor.py:642} INFO - Processing file /opt/anaconda3/lib/python3.9/site-packages/airflow/example_dags/example_task_group.py for tasks to queue
[2022-03-14 11:52:14,884] {logging_mixin.py:109} INFO - [2022-03-14 11:52:14,884] {dagbag.py:500} INFO - Filling up the DagBag from /opt/anaconda3/lib/python3.9/site-packages/airflow/example_dags/example_task_group.py
[2022-03-14 11:52:14,929] {processor.py:654} INFO - DAG(s) dict_keys(['example_task_group']) retrieved from /opt/anaconda3/lib/python3.9/site-packages/airflow/example_dags/example_task_group.py
[2022-03-14 11:52:14,949] {logging_mixin.py:109} INFO - [2022-03-14 11:52:14,949] {dag.py:2398} INFO - Sync 1 DAGs
[2022-03-14 11:52:14,959] {logging_mixin.py:109} INFO - [2022-03-14 11:52:14,959] {dag.py:2937} INFO - Setting next_dagrun for example_task_group to 2022-03-13T16:52:14.959385+00:00
[2022-03-14 11:52:14,974] {processor.py:171} INFO - Processing /opt/anaconda3/lib/python3.9/site-packages/airflow/example_dags/example_task_group.py took 0.092 seconds
[2022-03-14 11:54:48,011] {processor.py:163} INFO - Started process (PID=81953) to work on /opt/anaconda3/lib/python3.9/site-packages/airflow/example_dags/example_task_group.py
[2022-03-14 11:54:48,011] {processor.py:642} INFO - Processing file /opt/anaconda3/lib/python3.9/site-packages/airflow/example_dags/example_task_group.py for tasks to queue
[2022-03-14 11:54:48,012] {logging_mixin.py:109} INFO - [2022-03-14 11:54:48,012] {dagbag.py:500} INFO - Filling up the DagBag from /opt/anaconda3/lib/python3.9/site-packages/airflow/example_dags/example_task_group.py
[2022-03-14 11:54:48,055] {processor.py:654} INFO - DAG(s) dict_keys(['example_task_group']) retrieved from /opt/anaconda3/lib/python3.9/site-packages/airflow/example_dags/example_task_group.py
[2022-03-14 11:54:48,074] {logging_mixin.py:109} INFO - [2022-03-14 11:54:48,074] {dag.py:2398} INFO - Sync 1 DAGs
[2022-03-14 11:54:48,084] {logging_mixin.py:109} INFO - [2022-03-14 11:54:48,083] {dag.py:2937} INFO - Setting next_dagrun for example_task_group to 2022-03-13T16:54:48.083772+00:00
[2022-03-14 11:54:48,098] {processor.py:171} INFO - Processing /opt/anaconda3/lib/python3.9/site-packages/airflow/example_dags/example_task_group.py took 0.087 seconds
[2022-03-14 11:57:21,719] {processor.py:163} INFO - Started process (PID=82065) to work on /opt/anaconda3/lib/python3.9/site-packages/airflow/example_dags/example_task_group.py
[2022-03-14 11:57:21,720] {processor.py:642} INFO - Processing file /opt/anaconda3/lib/python3.9/site-packages/airflow/example_dags/example_task_group.py for tasks to queue
[2022-03-14 11:57:21,720] {logging_mixin.py:109} INFO - [2022-03-14 11:57:21,720] {dagbag.py:500} INFO - Filling up the DagBag from /opt/anaconda3/lib/python3.9/site-packages/airflow/example_dags/example_task_group.py
[2022-03-14 11:57:21,765] {processor.py:654} INFO - DAG(s) dict_keys(['example_task_group']) retrieved from /opt/anaconda3/lib/python3.9/site-packages/airflow/example_dags/example_task_group.py
[2022-03-14 11:57:21,786] {logging_mixin.py:109} INFO - [2022-03-14 11:57:21,785] {dag.py:2398} INFO - Sync 1 DAGs
[2022-03-14 11:57:21,795] {logging_mixin.py:109} INFO - [2022-03-14 11:57:21,795] {dag.py:2937} INFO - Setting next_dagrun for example_task_group to 2022-03-13T16:57:21.795383+00:00
[2022-03-14 11:57:21,807] {processor.py:171} INFO - Processing /opt/anaconda3/lib/python3.9/site-packages/airflow/example_dags/example_task_group.py took 0.089 seconds
[2022-03-14 11:59:57,012] {processor.py:163} INFO - Started process (PID=82216) to work on /opt/anaconda3/lib/python3.9/site-packages/airflow/example_dags/example_task_group.py
[2022-03-14 11:59:57,014] {processor.py:642} INFO - Processing file /opt/anaconda3/lib/python3.9/site-packages/airflow/example_dags/example_task_group.py for tasks to queue
[2022-03-14 11:59:57,015] {logging_mixin.py:109} INFO - [2022-03-14 11:59:57,015] {dagbag.py:500} INFO - Filling up the DagBag from /opt/anaconda3/lib/python3.9/site-packages/airflow/example_dags/example_task_group.py
[2022-03-14 11:59:57,061] {processor.py:654} INFO - DAG(s) dict_keys(['example_task_group']) retrieved from /opt/anaconda3/lib/python3.9/site-packages/airflow/example_dags/example_task_group.py
[2022-03-14 11:59:57,081] {logging_mixin.py:109} INFO - [2022-03-14 11:59:57,080] {dag.py:2398} INFO - Sync 1 DAGs
[2022-03-14 11:59:57,090] {logging_mixin.py:109} INFO - [2022-03-14 11:59:57,090] {dag.py:2937} INFO - Setting next_dagrun for example_task_group to 2022-03-13T16:59:57.090077+00:00
[2022-03-14 11:59:57,101] {processor.py:171} INFO - Processing /opt/anaconda3/lib/python3.9/site-packages/airflow/example_dags/example_task_group.py took 0.090 seconds
[2022-03-14 12:02:28,877] {processor.py:163} INFO - Started process (PID=82313) to work on /opt/anaconda3/lib/python3.9/site-packages/airflow/example_dags/example_task_group.py
[2022-03-14 12:02:28,880] {processor.py:642} INFO - Processing file /opt/anaconda3/lib/python3.9/site-packages/airflow/example_dags/example_task_group.py for tasks to queue
[2022-03-14 12:02:28,880] {logging_mixin.py:109} INFO - [2022-03-14 12:02:28,880] {dagbag.py:500} INFO - Filling up the DagBag from /opt/anaconda3/lib/python3.9/site-packages/airflow/example_dags/example_task_group.py
[2022-03-14 12:02:28,928] {processor.py:654} INFO - DAG(s) dict_keys(['example_task_group']) retrieved from /opt/anaconda3/lib/python3.9/site-packages/airflow/example_dags/example_task_group.py
[2022-03-14 12:02:28,948] {logging_mixin.py:109} INFO - [2022-03-14 12:02:28,948] {dag.py:2398} INFO - Sync 1 DAGs
[2022-03-14 12:02:28,957] {logging_mixin.py:109} INFO - [2022-03-14 12:02:28,957] {dag.py:2937} INFO - Setting next_dagrun for example_task_group to 2022-03-13T17:02:28.957312+00:00
[2022-03-14 12:02:28,968] {processor.py:171} INFO - Processing /opt/anaconda3/lib/python3.9/site-packages/airflow/example_dags/example_task_group.py took 0.092 seconds
[2022-03-14 12:04:59,899] {processor.py:163} INFO - Started process (PID=82424) to work on /opt/anaconda3/lib/python3.9/site-packages/airflow/example_dags/example_task_group.py
[2022-03-14 12:04:59,899] {processor.py:642} INFO - Processing file /opt/anaconda3/lib/python3.9/site-packages/airflow/example_dags/example_task_group.py for tasks to queue
[2022-03-14 12:04:59,900] {logging_mixin.py:109} INFO - [2022-03-14 12:04:59,900] {dagbag.py:500} INFO - Filling up the DagBag from /opt/anaconda3/lib/python3.9/site-packages/airflow/example_dags/example_task_group.py
[2022-03-14 12:04:59,947] {processor.py:654} INFO - DAG(s) dict_keys(['example_task_group']) retrieved from /opt/anaconda3/lib/python3.9/site-packages/airflow/example_dags/example_task_group.py
[2022-03-14 12:04:59,967] {logging_mixin.py:109} INFO - [2022-03-14 12:04:59,967] {dag.py:2398} INFO - Sync 1 DAGs
[2022-03-14 12:04:59,976] {logging_mixin.py:109} INFO - [2022-03-14 12:04:59,976] {dag.py:2937} INFO - Setting next_dagrun for example_task_group to 2022-03-13T17:04:59.976621+00:00
[2022-03-14 12:04:59,989] {processor.py:171} INFO - Processing /opt/anaconda3/lib/python3.9/site-packages/airflow/example_dags/example_task_group.py took 0.091 seconds
[2022-03-14 12:06:53,959] {processor.py:163} INFO - Started process (PID=82501) to work on /opt/anaconda3/lib/python3.9/site-packages/airflow/example_dags/example_task_group.py
[2022-03-14 12:06:53,960] {processor.py:642} INFO - Processing file /opt/anaconda3/lib/python3.9/site-packages/airflow/example_dags/example_task_group.py for tasks to queue
[2022-03-14 12:06:53,960] {logging_mixin.py:109} INFO - [2022-03-14 12:06:53,960] {dagbag.py:500} INFO - Filling up the DagBag from /opt/anaconda3/lib/python3.9/site-packages/airflow/example_dags/example_task_group.py
[2022-03-14 12:06:54,003] {processor.py:654} INFO - DAG(s) dict_keys(['example_task_group']) retrieved from /opt/anaconda3/lib/python3.9/site-packages/airflow/example_dags/example_task_group.py
[2022-03-14 12:06:54,023] {logging_mixin.py:109} INFO - [2022-03-14 12:06:54,023] {dag.py:2398} INFO - Sync 1 DAGs
[2022-03-14 12:06:54,032] {logging_mixin.py:109} INFO - [2022-03-14 12:06:54,032] {dag.py:2937} INFO - Setting next_dagrun for example_task_group to 2022-03-13T17:06:54.032227+00:00
[2022-03-14 12:06:54,043] {processor.py:171} INFO - Processing /opt/anaconda3/lib/python3.9/site-packages/airflow/example_dags/example_task_group.py took 0.084 seconds
[2022-03-14 12:08:41,251] {processor.py:163} INFO - Started process (PID=82657) to work on /opt/anaconda3/lib/python3.9/site-packages/airflow/example_dags/example_task_group.py
[2022-03-14 12:08:41,252] {processor.py:642} INFO - Processing file /opt/anaconda3/lib/python3.9/site-packages/airflow/example_dags/example_task_group.py for tasks to queue
[2022-03-14 12:08:41,252] {logging_mixin.py:109} INFO - [2022-03-14 12:08:41,252] {dagbag.py:500} INFO - Filling up the DagBag from /opt/anaconda3/lib/python3.9/site-packages/airflow/example_dags/example_task_group.py
[2022-03-14 12:08:41,297] {processor.py:654} INFO - DAG(s) dict_keys(['example_task_group']) retrieved from /opt/anaconda3/lib/python3.9/site-packages/airflow/example_dags/example_task_group.py
[2022-03-14 12:08:41,317] {logging_mixin.py:109} INFO - [2022-03-14 12:08:41,317] {dag.py:2398} INFO - Sync 1 DAGs
[2022-03-14 12:08:41,327] {logging_mixin.py:109} INFO - [2022-03-14 12:08:41,327] {dag.py:2937} INFO - Setting next_dagrun for example_task_group to 2022-03-13T17:08:41.326903+00:00
[2022-03-14 12:08:41,342] {processor.py:171} INFO - Processing /opt/anaconda3/lib/python3.9/site-packages/airflow/example_dags/example_task_group.py took 0.091 seconds
