[2022-03-14 09:08:16,319] {processor.py:163} INFO - Started process (PID=73943) to work on /opt/anaconda3/lib/python3.9/site-packages/airflow/example_dags/example_latest_only.py
[2022-03-14 09:08:16,320] {processor.py:642} INFO - Processing file /opt/anaconda3/lib/python3.9/site-packages/airflow/example_dags/example_latest_only.py for tasks to queue
[2022-03-14 09:08:16,320] {logging_mixin.py:109} INFO - [2022-03-14 09:08:16,320] {dagbag.py:500} INFO - Filling up the DagBag from /opt/anaconda3/lib/python3.9/site-packages/airflow/example_dags/example_latest_only.py
[2022-03-14 09:08:16,360] {processor.py:654} INFO - DAG(s) dict_keys(['latest_only']) retrieved from /opt/anaconda3/lib/python3.9/site-packages/airflow/example_dags/example_latest_only.py
[2022-03-14 09:08:16,378] {logging_mixin.py:109} INFO - [2022-03-14 09:08:16,377] {dag.py:2398} INFO - Sync 1 DAGs
[2022-03-14 09:08:16,387] {logging_mixin.py:109} INFO - [2022-03-14 09:08:16,387] {dag.py:2937} INFO - Setting next_dagrun for latest_only to 2022-03-14T10:08:16.387421+00:00
[2022-03-14 09:08:16,397] {processor.py:171} INFO - Processing /opt/anaconda3/lib/python3.9/site-packages/airflow/example_dags/example_latest_only.py took 0.079 seconds
[2022-03-14 09:37:33,490] {processor.py:163} INFO - Started process (PID=74812) to work on /opt/anaconda3/lib/python3.9/site-packages/airflow/example_dags/example_latest_only.py
[2022-03-14 09:37:33,491] {processor.py:642} INFO - Processing file /opt/anaconda3/lib/python3.9/site-packages/airflow/example_dags/example_latest_only.py for tasks to queue
[2022-03-14 09:37:33,491] {logging_mixin.py:109} INFO - [2022-03-14 09:37:33,491] {dagbag.py:500} INFO - Filling up the DagBag from /opt/anaconda3/lib/python3.9/site-packages/airflow/example_dags/example_latest_only.py
[2022-03-14 09:37:33,536] {processor.py:654} INFO - DAG(s) dict_keys(['latest_only']) retrieved from /opt/anaconda3/lib/python3.9/site-packages/airflow/example_dags/example_latest_only.py
[2022-03-14 09:37:33,556] {logging_mixin.py:109} INFO - [2022-03-14 09:37:33,556] {dag.py:2398} INFO - Sync 1 DAGs
[2022-03-14 09:37:33,566] {logging_mixin.py:109} INFO - [2022-03-14 09:37:33,566] {dag.py:2937} INFO - Setting next_dagrun for latest_only to 2022-03-14T10:37:33.566572+00:00
[2022-03-14 09:37:33,577] {processor.py:171} INFO - Processing /opt/anaconda3/lib/python3.9/site-packages/airflow/example_dags/example_latest_only.py took 0.087 seconds
[2022-03-14 09:39:20,344] {processor.py:163} INFO - Started process (PID=74972) to work on /opt/anaconda3/lib/python3.9/site-packages/airflow/example_dags/example_latest_only.py
[2022-03-14 09:39:20,345] {processor.py:642} INFO - Processing file /opt/anaconda3/lib/python3.9/site-packages/airflow/example_dags/example_latest_only.py for tasks to queue
[2022-03-14 09:39:20,346] {logging_mixin.py:109} INFO - [2022-03-14 09:39:20,346] {dagbag.py:500} INFO - Filling up the DagBag from /opt/anaconda3/lib/python3.9/site-packages/airflow/example_dags/example_latest_only.py
[2022-03-14 09:39:20,390] {processor.py:654} INFO - DAG(s) dict_keys(['latest_only']) retrieved from /opt/anaconda3/lib/python3.9/site-packages/airflow/example_dags/example_latest_only.py
[2022-03-14 09:39:20,409] {logging_mixin.py:109} INFO - [2022-03-14 09:39:20,408] {dag.py:2398} INFO - Sync 1 DAGs
[2022-03-14 09:39:20,418] {logging_mixin.py:109} INFO - [2022-03-14 09:39:20,418] {dag.py:2937} INFO - Setting next_dagrun for latest_only to 2022-03-14T10:39:20.418118+00:00
[2022-03-14 09:39:20,429] {processor.py:171} INFO - Processing /opt/anaconda3/lib/python3.9/site-packages/airflow/example_dags/example_latest_only.py took 0.085 seconds
[2022-03-14 09:41:53,371] {processor.py:163} INFO - Started process (PID=75151) to work on /opt/anaconda3/lib/python3.9/site-packages/airflow/example_dags/example_latest_only.py
[2022-03-14 09:41:53,378] {processor.py:642} INFO - Processing file /opt/anaconda3/lib/python3.9/site-packages/airflow/example_dags/example_latest_only.py for tasks to queue
[2022-03-14 09:41:53,379] {logging_mixin.py:109} INFO - [2022-03-14 09:41:53,379] {dagbag.py:500} INFO - Filling up the DagBag from /opt/anaconda3/lib/python3.9/site-packages/airflow/example_dags/example_latest_only.py
[2022-03-14 09:41:53,423] {processor.py:654} INFO - DAG(s) dict_keys(['latest_only']) retrieved from /opt/anaconda3/lib/python3.9/site-packages/airflow/example_dags/example_latest_only.py
[2022-03-14 09:41:53,442] {logging_mixin.py:109} INFO - [2022-03-14 09:41:53,441] {dag.py:2398} INFO - Sync 1 DAGs
[2022-03-14 09:41:53,451] {logging_mixin.py:109} INFO - [2022-03-14 09:41:53,451] {dag.py:2937} INFO - Setting next_dagrun for latest_only to 2022-03-14T10:41:53.451298+00:00
[2022-03-14 09:41:53,462] {processor.py:171} INFO - Processing /opt/anaconda3/lib/python3.9/site-packages/airflow/example_dags/example_latest_only.py took 0.091 seconds
[2022-03-14 09:44:25,875] {processor.py:163} INFO - Started process (PID=75261) to work on /opt/anaconda3/lib/python3.9/site-packages/airflow/example_dags/example_latest_only.py
[2022-03-14 09:44:25,876] {processor.py:642} INFO - Processing file /opt/anaconda3/lib/python3.9/site-packages/airflow/example_dags/example_latest_only.py for tasks to queue
[2022-03-14 09:44:25,877] {logging_mixin.py:109} INFO - [2022-03-14 09:44:25,877] {dagbag.py:500} INFO - Filling up the DagBag from /opt/anaconda3/lib/python3.9/site-packages/airflow/example_dags/example_latest_only.py
[2022-03-14 09:44:25,939] {processor.py:654} INFO - DAG(s) dict_keys(['latest_only']) retrieved from /opt/anaconda3/lib/python3.9/site-packages/airflow/example_dags/example_latest_only.py
[2022-03-14 09:44:25,962] {logging_mixin.py:109} INFO - [2022-03-14 09:44:25,962] {dag.py:2398} INFO - Sync 1 DAGs
[2022-03-14 09:44:25,974] {logging_mixin.py:109} INFO - [2022-03-14 09:44:25,974] {dag.py:2937} INFO - Setting next_dagrun for latest_only to 2022-03-14T10:44:25.974243+00:00
[2022-03-14 09:44:25,995] {processor.py:171} INFO - Processing /opt/anaconda3/lib/python3.9/site-packages/airflow/example_dags/example_latest_only.py took 0.122 seconds
[2022-03-14 09:47:02,691] {processor.py:163} INFO - Started process (PID=75342) to work on /opt/anaconda3/lib/python3.9/site-packages/airflow/example_dags/example_latest_only.py
[2022-03-14 09:47:02,692] {processor.py:642} INFO - Processing file /opt/anaconda3/lib/python3.9/site-packages/airflow/example_dags/example_latest_only.py for tasks to queue
[2022-03-14 09:47:02,692] {logging_mixin.py:109} INFO - [2022-03-14 09:47:02,692] {dagbag.py:500} INFO - Filling up the DagBag from /opt/anaconda3/lib/python3.9/site-packages/airflow/example_dags/example_latest_only.py
[2022-03-14 09:47:02,734] {processor.py:654} INFO - DAG(s) dict_keys(['latest_only']) retrieved from /opt/anaconda3/lib/python3.9/site-packages/airflow/example_dags/example_latest_only.py
[2022-03-14 09:47:02,752] {logging_mixin.py:109} INFO - [2022-03-14 09:47:02,752] {dag.py:2398} INFO - Sync 1 DAGs
[2022-03-14 09:47:02,761] {logging_mixin.py:109} INFO - [2022-03-14 09:47:02,761] {dag.py:2937} INFO - Setting next_dagrun for latest_only to 2022-03-14T10:47:02.761691+00:00
[2022-03-14 09:47:02,792] {processor.py:171} INFO - Processing /opt/anaconda3/lib/python3.9/site-packages/airflow/example_dags/example_latest_only.py took 0.101 seconds
[2022-03-14 09:49:31,273] {processor.py:163} INFO - Started process (PID=75485) to work on /opt/anaconda3/lib/python3.9/site-packages/airflow/example_dags/example_latest_only.py
[2022-03-14 09:49:31,279] {processor.py:642} INFO - Processing file /opt/anaconda3/lib/python3.9/site-packages/airflow/example_dags/example_latest_only.py for tasks to queue
[2022-03-14 09:49:31,280] {logging_mixin.py:109} INFO - [2022-03-14 09:49:31,280] {dagbag.py:500} INFO - Filling up the DagBag from /opt/anaconda3/lib/python3.9/site-packages/airflow/example_dags/example_latest_only.py
[2022-03-14 09:49:31,323] {processor.py:654} INFO - DAG(s) dict_keys(['latest_only']) retrieved from /opt/anaconda3/lib/python3.9/site-packages/airflow/example_dags/example_latest_only.py
[2022-03-14 09:49:31,343] {logging_mixin.py:109} INFO - [2022-03-14 09:49:31,343] {dag.py:2398} INFO - Sync 1 DAGs
[2022-03-14 09:49:31,353] {logging_mixin.py:109} INFO - [2022-03-14 09:49:31,352] {dag.py:2937} INFO - Setting next_dagrun for latest_only to 2022-03-14T10:49:31.352789+00:00
[2022-03-14 09:49:31,364] {processor.py:171} INFO - Processing /opt/anaconda3/lib/python3.9/site-packages/airflow/example_dags/example_latest_only.py took 0.091 seconds
[2022-03-14 09:51:59,194] {processor.py:163} INFO - Started process (PID=75594) to work on /opt/anaconda3/lib/python3.9/site-packages/airflow/example_dags/example_latest_only.py
[2022-03-14 09:51:59,201] {processor.py:642} INFO - Processing file /opt/anaconda3/lib/python3.9/site-packages/airflow/example_dags/example_latest_only.py for tasks to queue
[2022-03-14 09:51:59,202] {logging_mixin.py:109} INFO - [2022-03-14 09:51:59,202] {dagbag.py:500} INFO - Filling up the DagBag from /opt/anaconda3/lib/python3.9/site-packages/airflow/example_dags/example_latest_only.py
[2022-03-14 09:51:59,245] {processor.py:654} INFO - DAG(s) dict_keys(['latest_only']) retrieved from /opt/anaconda3/lib/python3.9/site-packages/airflow/example_dags/example_latest_only.py
[2022-03-14 09:51:59,264] {logging_mixin.py:109} INFO - [2022-03-14 09:51:59,263] {dag.py:2398} INFO - Sync 1 DAGs
[2022-03-14 09:51:59,272] {logging_mixin.py:109} INFO - [2022-03-14 09:51:59,272] {dag.py:2937} INFO - Setting next_dagrun for latest_only to 2022-03-14T10:51:59.272663+00:00
[2022-03-14 09:51:59,283] {processor.py:171} INFO - Processing /opt/anaconda3/lib/python3.9/site-packages/airflow/example_dags/example_latest_only.py took 0.089 seconds
[2022-03-14 09:54:29,673] {processor.py:163} INFO - Started process (PID=75731) to work on /opt/anaconda3/lib/python3.9/site-packages/airflow/example_dags/example_latest_only.py
[2022-03-14 09:54:29,675] {processor.py:642} INFO - Processing file /opt/anaconda3/lib/python3.9/site-packages/airflow/example_dags/example_latest_only.py for tasks to queue
[2022-03-14 09:54:29,676] {logging_mixin.py:109} INFO - [2022-03-14 09:54:29,676] {dagbag.py:500} INFO - Filling up the DagBag from /opt/anaconda3/lib/python3.9/site-packages/airflow/example_dags/example_latest_only.py
[2022-03-14 09:54:29,719] {processor.py:654} INFO - DAG(s) dict_keys(['latest_only']) retrieved from /opt/anaconda3/lib/python3.9/site-packages/airflow/example_dags/example_latest_only.py
[2022-03-14 09:54:29,737] {logging_mixin.py:109} INFO - [2022-03-14 09:54:29,737] {dag.py:2398} INFO - Sync 1 DAGs
[2022-03-14 09:54:29,746] {logging_mixin.py:109} INFO - [2022-03-14 09:54:29,746] {dag.py:2937} INFO - Setting next_dagrun for latest_only to 2022-03-14T10:54:29.746147+00:00
[2022-03-14 09:54:29,758] {processor.py:171} INFO - Processing /opt/anaconda3/lib/python3.9/site-packages/airflow/example_dags/example_latest_only.py took 0.085 seconds
[2022-03-14 09:57:06,936] {processor.py:163} INFO - Started process (PID=75801) to work on /opt/anaconda3/lib/python3.9/site-packages/airflow/example_dags/example_latest_only.py
[2022-03-14 09:57:06,937] {processor.py:642} INFO - Processing file /opt/anaconda3/lib/python3.9/site-packages/airflow/example_dags/example_latest_only.py for tasks to queue
[2022-03-14 09:57:06,938] {logging_mixin.py:109} INFO - [2022-03-14 09:57:06,938] {dagbag.py:500} INFO - Filling up the DagBag from /opt/anaconda3/lib/python3.9/site-packages/airflow/example_dags/example_latest_only.py
[2022-03-14 09:57:06,980] {processor.py:654} INFO - DAG(s) dict_keys(['latest_only']) retrieved from /opt/anaconda3/lib/python3.9/site-packages/airflow/example_dags/example_latest_only.py
[2022-03-14 09:57:06,999] {logging_mixin.py:109} INFO - [2022-03-14 09:57:06,999] {dag.py:2398} INFO - Sync 1 DAGs
[2022-03-14 09:57:07,008] {logging_mixin.py:109} INFO - [2022-03-14 09:57:07,008] {dag.py:2937} INFO - Setting next_dagrun for latest_only to 2022-03-14T10:57:07.008213+00:00
[2022-03-14 09:57:07,019] {processor.py:171} INFO - Processing /opt/anaconda3/lib/python3.9/site-packages/airflow/example_dags/example_latest_only.py took 0.083 seconds
[2022-03-14 10:00:05,057] {processor.py:163} INFO - Started process (PID=75971) to work on /opt/anaconda3/lib/python3.9/site-packages/airflow/example_dags/example_latest_only.py
[2022-03-14 10:00:05,057] {processor.py:642} INFO - Processing file /opt/anaconda3/lib/python3.9/site-packages/airflow/example_dags/example_latest_only.py for tasks to queue
[2022-03-14 10:00:05,058] {logging_mixin.py:109} INFO - [2022-03-14 10:00:05,058] {dagbag.py:500} INFO - Filling up the DagBag from /opt/anaconda3/lib/python3.9/site-packages/airflow/example_dags/example_latest_only.py
[2022-03-14 10:00:05,102] {processor.py:654} INFO - DAG(s) dict_keys(['latest_only']) retrieved from /opt/anaconda3/lib/python3.9/site-packages/airflow/example_dags/example_latest_only.py
[2022-03-14 10:00:05,125] {logging_mixin.py:109} INFO - [2022-03-14 10:00:05,124] {dag.py:2398} INFO - Sync 1 DAGs
[2022-03-14 10:00:05,137] {logging_mixin.py:109} INFO - [2022-03-14 10:00:05,137] {dag.py:2937} INFO - Setting next_dagrun for latest_only to 2022-03-14T11:00:05.136861+00:00
[2022-03-14 10:00:05,148] {processor.py:171} INFO - Processing /opt/anaconda3/lib/python3.9/site-packages/airflow/example_dags/example_latest_only.py took 0.092 seconds
[2022-03-14 10:02:36,873] {processor.py:163} INFO - Started process (PID=76081) to work on /opt/anaconda3/lib/python3.9/site-packages/airflow/example_dags/example_latest_only.py
[2022-03-14 10:02:36,873] {processor.py:642} INFO - Processing file /opt/anaconda3/lib/python3.9/site-packages/airflow/example_dags/example_latest_only.py for tasks to queue
[2022-03-14 10:02:36,874] {logging_mixin.py:109} INFO - [2022-03-14 10:02:36,874] {dagbag.py:500} INFO - Filling up the DagBag from /opt/anaconda3/lib/python3.9/site-packages/airflow/example_dags/example_latest_only.py
[2022-03-14 10:02:36,914] {processor.py:654} INFO - DAG(s) dict_keys(['latest_only']) retrieved from /opt/anaconda3/lib/python3.9/site-packages/airflow/example_dags/example_latest_only.py
[2022-03-14 10:02:36,932] {logging_mixin.py:109} INFO - [2022-03-14 10:02:36,932] {dag.py:2398} INFO - Sync 1 DAGs
[2022-03-14 10:02:36,941] {logging_mixin.py:109} INFO - [2022-03-14 10:02:36,941] {dag.py:2937} INFO - Setting next_dagrun for latest_only to 2022-03-14T11:02:36.941385+00:00
[2022-03-14 10:02:36,957] {processor.py:171} INFO - Processing /opt/anaconda3/lib/python3.9/site-packages/airflow/example_dags/example_latest_only.py took 0.085 seconds
[2022-03-14 10:04:24,346] {processor.py:163} INFO - Started process (PID=76129) to work on /opt/anaconda3/lib/python3.9/site-packages/airflow/example_dags/example_latest_only.py
[2022-03-14 10:04:24,346] {processor.py:642} INFO - Processing file /opt/anaconda3/lib/python3.9/site-packages/airflow/example_dags/example_latest_only.py for tasks to queue
[2022-03-14 10:04:24,347] {logging_mixin.py:109} INFO - [2022-03-14 10:04:24,347] {dagbag.py:500} INFO - Filling up the DagBag from /opt/anaconda3/lib/python3.9/site-packages/airflow/example_dags/example_latest_only.py
[2022-03-14 10:04:24,387] {processor.py:654} INFO - DAG(s) dict_keys(['latest_only']) retrieved from /opt/anaconda3/lib/python3.9/site-packages/airflow/example_dags/example_latest_only.py
[2022-03-14 10:04:24,407] {logging_mixin.py:109} INFO - [2022-03-14 10:04:24,407] {dag.py:2398} INFO - Sync 1 DAGs
[2022-03-14 10:04:24,416] {logging_mixin.py:109} INFO - [2022-03-14 10:04:24,416] {dag.py:2937} INFO - Setting next_dagrun for latest_only to 2022-03-14T11:04:24.416508+00:00
[2022-03-14 10:04:24,431] {processor.py:171} INFO - Processing /opt/anaconda3/lib/python3.9/site-packages/airflow/example_dags/example_latest_only.py took 0.085 seconds
[2022-03-14 10:06:51,385] {processor.py:163} INFO - Started process (PID=76220) to work on /opt/anaconda3/lib/python3.9/site-packages/airflow/example_dags/example_latest_only.py
[2022-03-14 10:06:51,386] {processor.py:642} INFO - Processing file /opt/anaconda3/lib/python3.9/site-packages/airflow/example_dags/example_latest_only.py for tasks to queue
[2022-03-14 10:06:51,387] {logging_mixin.py:109} INFO - [2022-03-14 10:06:51,386] {dagbag.py:500} INFO - Filling up the DagBag from /opt/anaconda3/lib/python3.9/site-packages/airflow/example_dags/example_latest_only.py
[2022-03-14 10:06:51,429] {processor.py:654} INFO - DAG(s) dict_keys(['latest_only']) retrieved from /opt/anaconda3/lib/python3.9/site-packages/airflow/example_dags/example_latest_only.py
[2022-03-14 10:06:51,449] {logging_mixin.py:109} INFO - [2022-03-14 10:06:51,449] {dag.py:2398} INFO - Sync 1 DAGs
[2022-03-14 10:06:51,460] {logging_mixin.py:109} INFO - [2022-03-14 10:06:51,460] {dag.py:2937} INFO - Setting next_dagrun for latest_only to 2022-03-14T11:06:51.459870+00:00
[2022-03-14 10:06:51,469] {processor.py:171} INFO - Processing /opt/anaconda3/lib/python3.9/site-packages/airflow/example_dags/example_latest_only.py took 0.084 seconds
[2022-03-14 10:08:39,598] {processor.py:163} INFO - Started process (PID=76373) to work on /opt/anaconda3/lib/python3.9/site-packages/airflow/example_dags/example_latest_only.py
[2022-03-14 10:08:39,604] {processor.py:642} INFO - Processing file /opt/anaconda3/lib/python3.9/site-packages/airflow/example_dags/example_latest_only.py for tasks to queue
[2022-03-14 10:08:39,604] {logging_mixin.py:109} INFO - [2022-03-14 10:08:39,604] {dagbag.py:500} INFO - Filling up the DagBag from /opt/anaconda3/lib/python3.9/site-packages/airflow/example_dags/example_latest_only.py
[2022-03-14 10:08:39,646] {processor.py:654} INFO - DAG(s) dict_keys(['latest_only']) retrieved from /opt/anaconda3/lib/python3.9/site-packages/airflow/example_dags/example_latest_only.py
[2022-03-14 10:08:39,665] {logging_mixin.py:109} INFO - [2022-03-14 10:08:39,664] {dag.py:2398} INFO - Sync 1 DAGs
[2022-03-14 10:08:39,673] {logging_mixin.py:109} INFO - [2022-03-14 10:08:39,673] {dag.py:2937} INFO - Setting next_dagrun for latest_only to 2022-03-14T11:08:39.673723+00:00
[2022-03-14 10:08:39,685] {processor.py:171} INFO - Processing /opt/anaconda3/lib/python3.9/site-packages/airflow/example_dags/example_latest_only.py took 0.088 seconds
[2022-03-14 10:12:43,139] {processor.py:163} INFO - Started process (PID=76670) to work on /opt/anaconda3/lib/python3.9/site-packages/airflow/example_dags/example_latest_only.py
[2022-03-14 10:12:43,145] {processor.py:642} INFO - Processing file /opt/anaconda3/lib/python3.9/site-packages/airflow/example_dags/example_latest_only.py for tasks to queue
[2022-03-14 10:12:43,146] {logging_mixin.py:109} INFO - [2022-03-14 10:12:43,146] {dagbag.py:500} INFO - Filling up the DagBag from /opt/anaconda3/lib/python3.9/site-packages/airflow/example_dags/example_latest_only.py
[2022-03-14 10:12:43,188] {processor.py:654} INFO - DAG(s) dict_keys(['latest_only']) retrieved from /opt/anaconda3/lib/python3.9/site-packages/airflow/example_dags/example_latest_only.py
[2022-03-14 10:12:43,207] {logging_mixin.py:109} INFO - [2022-03-14 10:12:43,207] {dag.py:2398} INFO - Sync 1 DAGs
[2022-03-14 10:12:43,216] {logging_mixin.py:109} INFO - [2022-03-14 10:12:43,216] {dag.py:2937} INFO - Setting next_dagrun for latest_only to 2022-03-14T11:12:43.216309+00:00
[2022-03-14 10:12:43,227] {processor.py:171} INFO - Processing /opt/anaconda3/lib/python3.9/site-packages/airflow/example_dags/example_latest_only.py took 0.089 seconds
[2022-03-14 10:14:48,953] {processor.py:163} INFO - Started process (PID=76740) to work on /opt/anaconda3/lib/python3.9/site-packages/airflow/example_dags/example_latest_only.py
[2022-03-14 10:14:48,960] {processor.py:642} INFO - Processing file /opt/anaconda3/lib/python3.9/site-packages/airflow/example_dags/example_latest_only.py for tasks to queue
[2022-03-14 10:14:48,962] {logging_mixin.py:109} INFO - [2022-03-14 10:14:48,962] {dagbag.py:500} INFO - Filling up the DagBag from /opt/anaconda3/lib/python3.9/site-packages/airflow/example_dags/example_latest_only.py
[2022-03-14 10:14:49,007] {processor.py:654} INFO - DAG(s) dict_keys(['latest_only']) retrieved from /opt/anaconda3/lib/python3.9/site-packages/airflow/example_dags/example_latest_only.py
[2022-03-14 10:14:49,025] {logging_mixin.py:109} INFO - [2022-03-14 10:14:49,025] {dag.py:2398} INFO - Sync 1 DAGs
[2022-03-14 10:14:49,035] {logging_mixin.py:109} INFO - [2022-03-14 10:14:49,035] {dag.py:2937} INFO - Setting next_dagrun for latest_only to 2022-03-14T11:14:49.035120+00:00
[2022-03-14 10:14:49,046] {processor.py:171} INFO - Processing /opt/anaconda3/lib/python3.9/site-packages/airflow/example_dags/example_latest_only.py took 0.094 seconds
[2022-03-14 10:16:37,883] {processor.py:163} INFO - Started process (PID=76791) to work on /opt/anaconda3/lib/python3.9/site-packages/airflow/example_dags/example_latest_only.py
[2022-03-14 10:16:37,889] {processor.py:642} INFO - Processing file /opt/anaconda3/lib/python3.9/site-packages/airflow/example_dags/example_latest_only.py for tasks to queue
[2022-03-14 10:16:37,890] {logging_mixin.py:109} INFO - [2022-03-14 10:16:37,890] {dagbag.py:500} INFO - Filling up the DagBag from /opt/anaconda3/lib/python3.9/site-packages/airflow/example_dags/example_latest_only.py
[2022-03-14 10:16:37,935] {processor.py:654} INFO - DAG(s) dict_keys(['latest_only']) retrieved from /opt/anaconda3/lib/python3.9/site-packages/airflow/example_dags/example_latest_only.py
[2022-03-14 10:16:37,953] {logging_mixin.py:109} INFO - [2022-03-14 10:16:37,953] {dag.py:2398} INFO - Sync 1 DAGs
[2022-03-14 10:16:37,962] {logging_mixin.py:109} INFO - [2022-03-14 10:16:37,962] {dag.py:2937} INFO - Setting next_dagrun for latest_only to 2022-03-14T11:16:37.962090+00:00
[2022-03-14 10:16:37,971] {processor.py:171} INFO - Processing /opt/anaconda3/lib/python3.9/site-packages/airflow/example_dags/example_latest_only.py took 0.089 seconds
[2022-03-14 10:19:13,003] {processor.py:163} INFO - Started process (PID=76933) to work on /opt/anaconda3/lib/python3.9/site-packages/airflow/example_dags/example_latest_only.py
[2022-03-14 10:19:13,010] {processor.py:642} INFO - Processing file /opt/anaconda3/lib/python3.9/site-packages/airflow/example_dags/example_latest_only.py for tasks to queue
[2022-03-14 10:19:13,011] {logging_mixin.py:109} INFO - [2022-03-14 10:19:13,011] {dagbag.py:500} INFO - Filling up the DagBag from /opt/anaconda3/lib/python3.9/site-packages/airflow/example_dags/example_latest_only.py
[2022-03-14 10:19:13,056] {processor.py:654} INFO - DAG(s) dict_keys(['latest_only']) retrieved from /opt/anaconda3/lib/python3.9/site-packages/airflow/example_dags/example_latest_only.py
[2022-03-14 10:19:13,075] {logging_mixin.py:109} INFO - [2022-03-14 10:19:13,074] {dag.py:2398} INFO - Sync 1 DAGs
[2022-03-14 10:19:13,084] {logging_mixin.py:109} INFO - [2022-03-14 10:19:13,084] {dag.py:2937} INFO - Setting next_dagrun for latest_only to 2022-03-14T11:19:13.084350+00:00
[2022-03-14 10:19:13,096] {processor.py:171} INFO - Processing /opt/anaconda3/lib/python3.9/site-packages/airflow/example_dags/example_latest_only.py took 0.093 seconds
[2022-03-14 10:21:35,659] {processor.py:163} INFO - Started process (PID=77010) to work on /opt/anaconda3/lib/python3.9/site-packages/airflow/example_dags/example_latest_only.py
[2022-03-14 10:21:35,661] {processor.py:642} INFO - Processing file /opt/anaconda3/lib/python3.9/site-packages/airflow/example_dags/example_latest_only.py for tasks to queue
[2022-03-14 10:21:35,662] {logging_mixin.py:109} INFO - [2022-03-14 10:21:35,662] {dagbag.py:500} INFO - Filling up the DagBag from /opt/anaconda3/lib/python3.9/site-packages/airflow/example_dags/example_latest_only.py
[2022-03-14 10:21:35,708] {processor.py:654} INFO - DAG(s) dict_keys(['latest_only']) retrieved from /opt/anaconda3/lib/python3.9/site-packages/airflow/example_dags/example_latest_only.py
[2022-03-14 10:21:35,727] {logging_mixin.py:109} INFO - [2022-03-14 10:21:35,727] {dag.py:2398} INFO - Sync 1 DAGs
[2022-03-14 10:21:35,737] {logging_mixin.py:109} INFO - [2022-03-14 10:21:35,737] {dag.py:2937} INFO - Setting next_dagrun for latest_only to 2022-03-14T11:21:35.737621+00:00
[2022-03-14 10:21:35,749] {processor.py:171} INFO - Processing /opt/anaconda3/lib/python3.9/site-packages/airflow/example_dags/example_latest_only.py took 0.091 seconds
[2022-03-14 10:23:25,374] {processor.py:163} INFO - Started process (PID=77061) to work on /opt/anaconda3/lib/python3.9/site-packages/airflow/example_dags/example_latest_only.py
[2022-03-14 10:23:25,375] {processor.py:642} INFO - Processing file /opt/anaconda3/lib/python3.9/site-packages/airflow/example_dags/example_latest_only.py for tasks to queue
[2022-03-14 10:23:25,375] {logging_mixin.py:109} INFO - [2022-03-14 10:23:25,375] {dagbag.py:500} INFO - Filling up the DagBag from /opt/anaconda3/lib/python3.9/site-packages/airflow/example_dags/example_latest_only.py
[2022-03-14 10:23:25,417] {processor.py:654} INFO - DAG(s) dict_keys(['latest_only']) retrieved from /opt/anaconda3/lib/python3.9/site-packages/airflow/example_dags/example_latest_only.py
[2022-03-14 10:23:25,436] {logging_mixin.py:109} INFO - [2022-03-14 10:23:25,436] {dag.py:2398} INFO - Sync 1 DAGs
[2022-03-14 10:23:25,445] {logging_mixin.py:109} INFO - [2022-03-14 10:23:25,445] {dag.py:2937} INFO - Setting next_dagrun for latest_only to 2022-03-14T11:23:25.444946+00:00
[2022-03-14 10:23:25,460] {processor.py:171} INFO - Processing /opt/anaconda3/lib/python3.9/site-packages/airflow/example_dags/example_latest_only.py took 0.086 seconds
[2022-03-14 10:25:36,148] {processor.py:163} INFO - Started process (PID=77177) to work on /opt/anaconda3/lib/python3.9/site-packages/airflow/example_dags/example_latest_only.py
[2022-03-14 10:25:36,149] {processor.py:642} INFO - Processing file /opt/anaconda3/lib/python3.9/site-packages/airflow/example_dags/example_latest_only.py for tasks to queue
[2022-03-14 10:25:36,150] {logging_mixin.py:109} INFO - [2022-03-14 10:25:36,150] {dagbag.py:500} INFO - Filling up the DagBag from /opt/anaconda3/lib/python3.9/site-packages/airflow/example_dags/example_latest_only.py
[2022-03-14 10:25:36,197] {processor.py:654} INFO - DAG(s) dict_keys(['latest_only']) retrieved from /opt/anaconda3/lib/python3.9/site-packages/airflow/example_dags/example_latest_only.py
[2022-03-14 10:25:36,216] {logging_mixin.py:109} INFO - [2022-03-14 10:25:36,216] {dag.py:2398} INFO - Sync 1 DAGs
[2022-03-14 10:25:36,226] {logging_mixin.py:109} INFO - [2022-03-14 10:25:36,226] {dag.py:2937} INFO - Setting next_dagrun for latest_only to 2022-03-14T11:25:36.225901+00:00
[2022-03-14 10:25:36,238] {processor.py:171} INFO - Processing /opt/anaconda3/lib/python3.9/site-packages/airflow/example_dags/example_latest_only.py took 0.090 seconds
[2022-03-14 10:29:28,002] {processor.py:163} INFO - Started process (PID=77450) to work on /opt/anaconda3/lib/python3.9/site-packages/airflow/example_dags/example_latest_only.py
[2022-03-14 10:29:28,008] {processor.py:642} INFO - Processing file /opt/anaconda3/lib/python3.9/site-packages/airflow/example_dags/example_latest_only.py for tasks to queue
[2022-03-14 10:29:28,009] {logging_mixin.py:109} INFO - [2022-03-14 10:29:28,009] {dagbag.py:500} INFO - Filling up the DagBag from /opt/anaconda3/lib/python3.9/site-packages/airflow/example_dags/example_latest_only.py
[2022-03-14 10:29:28,055] {processor.py:654} INFO - DAG(s) dict_keys(['latest_only']) retrieved from /opt/anaconda3/lib/python3.9/site-packages/airflow/example_dags/example_latest_only.py
[2022-03-14 10:29:28,075] {logging_mixin.py:109} INFO - [2022-03-14 10:29:28,075] {dag.py:2398} INFO - Sync 1 DAGs
[2022-03-14 10:29:28,084] {logging_mixin.py:109} INFO - [2022-03-14 10:29:28,084] {dag.py:2937} INFO - Setting next_dagrun for latest_only to 2022-03-14T11:29:28.084351+00:00
[2022-03-14 10:29:28,096] {processor.py:171} INFO - Processing /opt/anaconda3/lib/python3.9/site-packages/airflow/example_dags/example_latest_only.py took 0.094 seconds
[2022-03-14 10:31:16,169] {processor.py:163} INFO - Started process (PID=77500) to work on /opt/anaconda3/lib/python3.9/site-packages/airflow/example_dags/example_latest_only.py
[2022-03-14 10:31:16,170] {processor.py:642} INFO - Processing file /opt/anaconda3/lib/python3.9/site-packages/airflow/example_dags/example_latest_only.py for tasks to queue
[2022-03-14 10:31:16,170] {logging_mixin.py:109} INFO - [2022-03-14 10:31:16,170] {dagbag.py:500} INFO - Filling up the DagBag from /opt/anaconda3/lib/python3.9/site-packages/airflow/example_dags/example_latest_only.py
[2022-03-14 10:31:16,212] {processor.py:654} INFO - DAG(s) dict_keys(['latest_only']) retrieved from /opt/anaconda3/lib/python3.9/site-packages/airflow/example_dags/example_latest_only.py
[2022-03-14 10:31:16,231] {logging_mixin.py:109} INFO - [2022-03-14 10:31:16,231] {dag.py:2398} INFO - Sync 1 DAGs
[2022-03-14 10:31:16,240] {logging_mixin.py:109} INFO - [2022-03-14 10:31:16,240] {dag.py:2937} INFO - Setting next_dagrun for latest_only to 2022-03-14T11:31:16.240274+00:00
[2022-03-14 10:31:16,255] {processor.py:171} INFO - Processing /opt/anaconda3/lib/python3.9/site-packages/airflow/example_dags/example_latest_only.py took 0.086 seconds
[2022-03-14 10:36:57,360] {processor.py:163} INFO - Started process (PID=77664) to work on /opt/anaconda3/lib/python3.9/site-packages/airflow/example_dags/example_latest_only.py
[2022-03-14 10:36:57,361] {processor.py:642} INFO - Processing file /opt/anaconda3/lib/python3.9/site-packages/airflow/example_dags/example_latest_only.py for tasks to queue
[2022-03-14 10:36:57,361] {logging_mixin.py:109} INFO - [2022-03-14 10:36:57,361] {dagbag.py:500} INFO - Filling up the DagBag from /opt/anaconda3/lib/python3.9/site-packages/airflow/example_dags/example_latest_only.py
[2022-03-14 10:36:57,400] {processor.py:654} INFO - DAG(s) dict_keys(['latest_only']) retrieved from /opt/anaconda3/lib/python3.9/site-packages/airflow/example_dags/example_latest_only.py
[2022-03-14 10:36:57,416] {logging_mixin.py:109} INFO - [2022-03-14 10:36:57,415] {dag.py:2398} INFO - Sync 1 DAGs
[2022-03-14 10:36:57,425] {logging_mixin.py:109} INFO - [2022-03-14 10:36:57,425] {dag.py:2937} INFO - Setting next_dagrun for latest_only to 2022-03-14T11:36:57.425126+00:00
[2022-03-14 10:36:57,435] {processor.py:171} INFO - Processing /opt/anaconda3/lib/python3.9/site-packages/airflow/example_dags/example_latest_only.py took 0.076 seconds
[2022-03-14 10:38:50,972] {processor.py:163} INFO - Started process (PID=77823) to work on /opt/anaconda3/lib/python3.9/site-packages/airflow/example_dags/example_latest_only.py
[2022-03-14 10:38:50,973] {processor.py:642} INFO - Processing file /opt/anaconda3/lib/python3.9/site-packages/airflow/example_dags/example_latest_only.py for tasks to queue
[2022-03-14 10:38:50,974] {logging_mixin.py:109} INFO - [2022-03-14 10:38:50,974] {dagbag.py:500} INFO - Filling up the DagBag from /opt/anaconda3/lib/python3.9/site-packages/airflow/example_dags/example_latest_only.py
[2022-03-14 10:38:51,017] {processor.py:654} INFO - DAG(s) dict_keys(['latest_only']) retrieved from /opt/anaconda3/lib/python3.9/site-packages/airflow/example_dags/example_latest_only.py
[2022-03-14 10:38:51,036] {logging_mixin.py:109} INFO - [2022-03-14 10:38:51,036] {dag.py:2398} INFO - Sync 1 DAGs
[2022-03-14 10:38:51,047] {logging_mixin.py:109} INFO - [2022-03-14 10:38:51,046] {dag.py:2937} INFO - Setting next_dagrun for latest_only to 2022-03-14T11:38:51.046674+00:00
[2022-03-14 10:38:51,057] {processor.py:171} INFO - Processing /opt/anaconda3/lib/python3.9/site-packages/airflow/example_dags/example_latest_only.py took 0.085 seconds
[2022-03-14 10:41:55,052] {processor.py:163} INFO - Started process (PID=77927) to work on /opt/anaconda3/lib/python3.9/site-packages/airflow/example_dags/example_latest_only.py
[2022-03-14 10:41:55,058] {processor.py:642} INFO - Processing file /opt/anaconda3/lib/python3.9/site-packages/airflow/example_dags/example_latest_only.py for tasks to queue
[2022-03-14 10:41:55,059] {logging_mixin.py:109} INFO - [2022-03-14 10:41:55,059] {dagbag.py:500} INFO - Filling up the DagBag from /opt/anaconda3/lib/python3.9/site-packages/airflow/example_dags/example_latest_only.py
[2022-03-14 10:41:55,101] {processor.py:654} INFO - DAG(s) dict_keys(['latest_only']) retrieved from /opt/anaconda3/lib/python3.9/site-packages/airflow/example_dags/example_latest_only.py
[2022-03-14 10:41:55,120] {logging_mixin.py:109} INFO - [2022-03-14 10:41:55,120] {dag.py:2398} INFO - Sync 1 DAGs
[2022-03-14 10:41:55,129] {logging_mixin.py:109} INFO - [2022-03-14 10:41:55,129] {dag.py:2937} INFO - Setting next_dagrun for latest_only to 2022-03-14T11:41:55.129635+00:00
[2022-03-14 10:41:55,140] {processor.py:171} INFO - Processing /opt/anaconda3/lib/python3.9/site-packages/airflow/example_dags/example_latest_only.py took 0.089 seconds
[2022-03-14 10:44:21,805] {processor.py:163} INFO - Started process (PID=78038) to work on /opt/anaconda3/lib/python3.9/site-packages/airflow/example_dags/example_latest_only.py
[2022-03-14 10:44:21,811] {processor.py:642} INFO - Processing file /opt/anaconda3/lib/python3.9/site-packages/airflow/example_dags/example_latest_only.py for tasks to queue
[2022-03-14 10:44:21,812] {logging_mixin.py:109} INFO - [2022-03-14 10:44:21,811] {dagbag.py:500} INFO - Filling up the DagBag from /opt/anaconda3/lib/python3.9/site-packages/airflow/example_dags/example_latest_only.py
[2022-03-14 10:44:21,855] {processor.py:654} INFO - DAG(s) dict_keys(['latest_only']) retrieved from /opt/anaconda3/lib/python3.9/site-packages/airflow/example_dags/example_latest_only.py
[2022-03-14 10:44:21,874] {logging_mixin.py:109} INFO - [2022-03-14 10:44:21,874] {dag.py:2398} INFO - Sync 1 DAGs
[2022-03-14 10:44:21,883] {logging_mixin.py:109} INFO - [2022-03-14 10:44:21,883] {dag.py:2937} INFO - Setting next_dagrun for latest_only to 2022-03-14T11:44:21.883404+00:00
[2022-03-14 10:44:21,896] {processor.py:171} INFO - Processing /opt/anaconda3/lib/python3.9/site-packages/airflow/example_dags/example_latest_only.py took 0.092 seconds
[2022-03-14 10:46:10,738] {processor.py:163} INFO - Started process (PID=78093) to work on /opt/anaconda3/lib/python3.9/site-packages/airflow/example_dags/example_latest_only.py
[2022-03-14 10:46:10,743] {processor.py:642} INFO - Processing file /opt/anaconda3/lib/python3.9/site-packages/airflow/example_dags/example_latest_only.py for tasks to queue
[2022-03-14 10:46:10,744] {logging_mixin.py:109} INFO - [2022-03-14 10:46:10,744] {dagbag.py:500} INFO - Filling up the DagBag from /opt/anaconda3/lib/python3.9/site-packages/airflow/example_dags/example_latest_only.py
[2022-03-14 10:46:10,786] {processor.py:654} INFO - DAG(s) dict_keys(['latest_only']) retrieved from /opt/anaconda3/lib/python3.9/site-packages/airflow/example_dags/example_latest_only.py
[2022-03-14 10:46:10,807] {logging_mixin.py:109} INFO - [2022-03-14 10:46:10,806] {dag.py:2398} INFO - Sync 1 DAGs
[2022-03-14 10:46:10,815] {logging_mixin.py:109} INFO - [2022-03-14 10:46:10,815] {dag.py:2937} INFO - Setting next_dagrun for latest_only to 2022-03-14T11:46:10.815467+00:00
[2022-03-14 10:46:10,825] {processor.py:171} INFO - Processing /opt/anaconda3/lib/python3.9/site-packages/airflow/example_dags/example_latest_only.py took 0.087 seconds
[2022-03-14 10:48:29,573] {processor.py:163} INFO - Started process (PID=78753) to work on /opt/anaconda3/lib/python3.9/site-packages/airflow/example_dags/example_latest_only.py
[2022-03-14 10:48:29,579] {processor.py:642} INFO - Processing file /opt/anaconda3/lib/python3.9/site-packages/airflow/example_dags/example_latest_only.py for tasks to queue
[2022-03-14 10:48:29,580] {logging_mixin.py:109} INFO - [2022-03-14 10:48:29,579] {dagbag.py:500} INFO - Filling up the DagBag from /opt/anaconda3/lib/python3.9/site-packages/airflow/example_dags/example_latest_only.py
[2022-03-14 10:48:29,623] {processor.py:654} INFO - DAG(s) dict_keys(['latest_only']) retrieved from /opt/anaconda3/lib/python3.9/site-packages/airflow/example_dags/example_latest_only.py
[2022-03-14 10:48:29,642] {logging_mixin.py:109} INFO - [2022-03-14 10:48:29,642] {dag.py:2398} INFO - Sync 1 DAGs
[2022-03-14 10:48:29,651] {logging_mixin.py:109} INFO - [2022-03-14 10:48:29,651] {dag.py:2937} INFO - Setting next_dagrun for latest_only to 2022-03-14T11:48:29.651248+00:00
[2022-03-14 10:48:29,663] {processor.py:171} INFO - Processing /opt/anaconda3/lib/python3.9/site-packages/airflow/example_dags/example_latest_only.py took 0.091 seconds
[2022-03-14 10:51:59,691] {processor.py:163} INFO - Started process (PID=78908) to work on /opt/anaconda3/lib/python3.9/site-packages/airflow/example_dags/example_latest_only.py
[2022-03-14 10:51:59,697] {processor.py:642} INFO - Processing file /opt/anaconda3/lib/python3.9/site-packages/airflow/example_dags/example_latest_only.py for tasks to queue
[2022-03-14 10:51:59,697] {logging_mixin.py:109} INFO - [2022-03-14 10:51:59,697] {dagbag.py:500} INFO - Filling up the DagBag from /opt/anaconda3/lib/python3.9/site-packages/airflow/example_dags/example_latest_only.py
[2022-03-14 10:51:59,739] {processor.py:654} INFO - DAG(s) dict_keys(['latest_only']) retrieved from /opt/anaconda3/lib/python3.9/site-packages/airflow/example_dags/example_latest_only.py
[2022-03-14 10:51:59,757] {logging_mixin.py:109} INFO - [2022-03-14 10:51:59,757] {dag.py:2398} INFO - Sync 1 DAGs
[2022-03-14 10:51:59,767] {logging_mixin.py:109} INFO - [2022-03-14 10:51:59,767] {dag.py:2937} INFO - Setting next_dagrun for latest_only to 2022-03-14T11:51:59.766896+00:00
[2022-03-14 10:51:59,778] {processor.py:171} INFO - Processing /opt/anaconda3/lib/python3.9/site-packages/airflow/example_dags/example_latest_only.py took 0.088 seconds
[2022-03-14 10:54:06,254] {processor.py:163} INFO - Started process (PID=78989) to work on /opt/anaconda3/lib/python3.9/site-packages/airflow/example_dags/example_latest_only.py
[2022-03-14 10:54:06,260] {processor.py:642} INFO - Processing file /opt/anaconda3/lib/python3.9/site-packages/airflow/example_dags/example_latest_only.py for tasks to queue
[2022-03-14 10:54:06,261] {logging_mixin.py:109} INFO - [2022-03-14 10:54:06,260] {dagbag.py:500} INFO - Filling up the DagBag from /opt/anaconda3/lib/python3.9/site-packages/airflow/example_dags/example_latest_only.py
[2022-03-14 10:54:06,305] {processor.py:654} INFO - DAG(s) dict_keys(['latest_only']) retrieved from /opt/anaconda3/lib/python3.9/site-packages/airflow/example_dags/example_latest_only.py
[2022-03-14 10:54:06,323] {logging_mixin.py:109} INFO - [2022-03-14 10:54:06,323] {dag.py:2398} INFO - Sync 1 DAGs
[2022-03-14 10:54:06,333] {logging_mixin.py:109} INFO - [2022-03-14 10:54:06,333] {dag.py:2937} INFO - Setting next_dagrun for latest_only to 2022-03-14T11:54:06.333482+00:00
[2022-03-14 10:54:06,345] {processor.py:171} INFO - Processing /opt/anaconda3/lib/python3.9/site-packages/airflow/example_dags/example_latest_only.py took 0.092 seconds
[2022-03-14 10:56:48,057] {processor.py:163} INFO - Started process (PID=79103) to work on /opt/anaconda3/lib/python3.9/site-packages/airflow/example_dags/example_latest_only.py
[2022-03-14 10:56:48,058] {processor.py:642} INFO - Processing file /opt/anaconda3/lib/python3.9/site-packages/airflow/example_dags/example_latest_only.py for tasks to queue
[2022-03-14 10:56:48,059] {logging_mixin.py:109} INFO - [2022-03-14 10:56:48,059] {dagbag.py:500} INFO - Filling up the DagBag from /opt/anaconda3/lib/python3.9/site-packages/airflow/example_dags/example_latest_only.py
[2022-03-14 10:56:48,101] {processor.py:654} INFO - DAG(s) dict_keys(['latest_only']) retrieved from /opt/anaconda3/lib/python3.9/site-packages/airflow/example_dags/example_latest_only.py
[2022-03-14 10:56:48,118] {logging_mixin.py:109} INFO - [2022-03-14 10:56:48,118] {dag.py:2398} INFO - Sync 1 DAGs
[2022-03-14 10:56:48,126] {logging_mixin.py:109} INFO - [2022-03-14 10:56:48,126] {dag.py:2937} INFO - Setting next_dagrun for latest_only to 2022-03-14T11:56:48.126499+00:00
[2022-03-14 10:56:48,135] {processor.py:171} INFO - Processing /opt/anaconda3/lib/python3.9/site-packages/airflow/example_dags/example_latest_only.py took 0.078 seconds
[2022-03-14 10:59:30,726] {processor.py:163} INFO - Started process (PID=79257) to work on /opt/anaconda3/lib/python3.9/site-packages/airflow/example_dags/example_latest_only.py
[2022-03-14 10:59:30,732] {processor.py:642} INFO - Processing file /opt/anaconda3/lib/python3.9/site-packages/airflow/example_dags/example_latest_only.py for tasks to queue
[2022-03-14 10:59:30,733] {logging_mixin.py:109} INFO - [2022-03-14 10:59:30,733] {dagbag.py:500} INFO - Filling up the DagBag from /opt/anaconda3/lib/python3.9/site-packages/airflow/example_dags/example_latest_only.py
[2022-03-14 10:59:30,774] {processor.py:654} INFO - DAG(s) dict_keys(['latest_only']) retrieved from /opt/anaconda3/lib/python3.9/site-packages/airflow/example_dags/example_latest_only.py
[2022-03-14 10:59:30,792] {logging_mixin.py:109} INFO - [2022-03-14 10:59:30,792] {dag.py:2398} INFO - Sync 1 DAGs
[2022-03-14 10:59:30,802] {logging_mixin.py:109} INFO - [2022-03-14 10:59:30,802] {dag.py:2937} INFO - Setting next_dagrun for latest_only to 2022-03-14T11:59:30.802410+00:00
[2022-03-14 10:59:30,813] {processor.py:171} INFO - Processing /opt/anaconda3/lib/python3.9/site-packages/airflow/example_dags/example_latest_only.py took 0.088 seconds
[2022-03-14 11:04:11,704] {processor.py:163} INFO - Started process (PID=79474) to work on /opt/anaconda3/lib/python3.9/site-packages/airflow/example_dags/example_latest_only.py
[2022-03-14 11:04:11,704] {processor.py:642} INFO - Processing file /opt/anaconda3/lib/python3.9/site-packages/airflow/example_dags/example_latest_only.py for tasks to queue
[2022-03-14 11:04:11,705] {logging_mixin.py:109} INFO - [2022-03-14 11:04:11,705] {dagbag.py:500} INFO - Filling up the DagBag from /opt/anaconda3/lib/python3.9/site-packages/airflow/example_dags/example_latest_only.py
[2022-03-14 11:04:11,743] {processor.py:654} INFO - DAG(s) dict_keys(['latest_only']) retrieved from /opt/anaconda3/lib/python3.9/site-packages/airflow/example_dags/example_latest_only.py
[2022-03-14 11:04:11,760] {logging_mixin.py:109} INFO - [2022-03-14 11:04:11,760] {dag.py:2398} INFO - Sync 1 DAGs
[2022-03-14 11:04:11,769] {logging_mixin.py:109} INFO - [2022-03-14 11:04:11,769] {dag.py:2937} INFO - Setting next_dagrun for latest_only to 2022-03-14T12:04:11.769510+00:00
[2022-03-14 11:04:11,779] {processor.py:171} INFO - Processing /opt/anaconda3/lib/python3.9/site-packages/airflow/example_dags/example_latest_only.py took 0.075 seconds
[2022-03-14 11:06:09,455] {processor.py:163} INFO - Started process (PID=79579) to work on /opt/anaconda3/lib/python3.9/site-packages/airflow/example_dags/example_latest_only.py
[2022-03-14 11:06:09,455] {processor.py:642} INFO - Processing file /opt/anaconda3/lib/python3.9/site-packages/airflow/example_dags/example_latest_only.py for tasks to queue
[2022-03-14 11:06:09,456] {logging_mixin.py:109} INFO - [2022-03-14 11:06:09,456] {dagbag.py:500} INFO - Filling up the DagBag from /opt/anaconda3/lib/python3.9/site-packages/airflow/example_dags/example_latest_only.py
[2022-03-14 11:06:09,497] {processor.py:654} INFO - DAG(s) dict_keys(['latest_only']) retrieved from /opt/anaconda3/lib/python3.9/site-packages/airflow/example_dags/example_latest_only.py
[2022-03-14 11:06:09,516] {logging_mixin.py:109} INFO - [2022-03-14 11:06:09,515] {dag.py:2398} INFO - Sync 1 DAGs
[2022-03-14 11:06:09,525] {logging_mixin.py:109} INFO - [2022-03-14 11:06:09,525] {dag.py:2937} INFO - Setting next_dagrun for latest_only to 2022-03-14T12:06:09.525622+00:00
[2022-03-14 11:06:09,540] {processor.py:171} INFO - Processing /opt/anaconda3/lib/python3.9/site-packages/airflow/example_dags/example_latest_only.py took 0.086 seconds
[2022-03-14 11:08:53,606] {processor.py:163} INFO - Started process (PID=79781) to work on /opt/anaconda3/lib/python3.9/site-packages/airflow/example_dags/example_latest_only.py
[2022-03-14 11:08:53,606] {processor.py:642} INFO - Processing file /opt/anaconda3/lib/python3.9/site-packages/airflow/example_dags/example_latest_only.py for tasks to queue
[2022-03-14 11:08:53,607] {logging_mixin.py:109} INFO - [2022-03-14 11:08:53,607] {dagbag.py:500} INFO - Filling up the DagBag from /opt/anaconda3/lib/python3.9/site-packages/airflow/example_dags/example_latest_only.py
[2022-03-14 11:08:53,650] {processor.py:654} INFO - DAG(s) dict_keys(['latest_only']) retrieved from /opt/anaconda3/lib/python3.9/site-packages/airflow/example_dags/example_latest_only.py
[2022-03-14 11:08:53,669] {logging_mixin.py:109} INFO - [2022-03-14 11:08:53,669] {dag.py:2398} INFO - Sync 1 DAGs
[2022-03-14 11:08:53,679] {logging_mixin.py:109} INFO - [2022-03-14 11:08:53,678] {dag.py:2937} INFO - Setting next_dagrun for latest_only to 2022-03-14T12:08:53.678765+00:00
[2022-03-14 11:08:53,689] {processor.py:171} INFO - Processing /opt/anaconda3/lib/python3.9/site-packages/airflow/example_dags/example_latest_only.py took 0.084 seconds
[2022-03-14 11:11:53,850] {processor.py:163} INFO - Started process (PID=79916) to work on /opt/anaconda3/lib/python3.9/site-packages/airflow/example_dags/example_latest_only.py
[2022-03-14 11:11:53,856] {processor.py:642} INFO - Processing file /opt/anaconda3/lib/python3.9/site-packages/airflow/example_dags/example_latest_only.py for tasks to queue
[2022-03-14 11:11:53,857] {logging_mixin.py:109} INFO - [2022-03-14 11:11:53,857] {dagbag.py:500} INFO - Filling up the DagBag from /opt/anaconda3/lib/python3.9/site-packages/airflow/example_dags/example_latest_only.py
[2022-03-14 11:11:53,898] {processor.py:654} INFO - DAG(s) dict_keys(['latest_only']) retrieved from /opt/anaconda3/lib/python3.9/site-packages/airflow/example_dags/example_latest_only.py
[2022-03-14 11:11:53,916] {logging_mixin.py:109} INFO - [2022-03-14 11:11:53,916] {dag.py:2398} INFO - Sync 1 DAGs
[2022-03-14 11:11:53,925] {logging_mixin.py:109} INFO - [2022-03-14 11:11:53,925] {dag.py:2937} INFO - Setting next_dagrun for latest_only to 2022-03-14T12:11:53.925337+00:00
[2022-03-14 11:11:53,937] {processor.py:171} INFO - Processing /opt/anaconda3/lib/python3.9/site-packages/airflow/example_dags/example_latest_only.py took 0.087 seconds
[2022-03-14 11:13:26,173] {processor.py:163} INFO - Started process (PID=79961) to work on /opt/anaconda3/lib/python3.9/site-packages/airflow/example_dags/example_latest_only.py
[2022-03-14 11:13:26,173] {processor.py:642} INFO - Processing file /opt/anaconda3/lib/python3.9/site-packages/airflow/example_dags/example_latest_only.py for tasks to queue
[2022-03-14 11:13:26,174] {logging_mixin.py:109} INFO - [2022-03-14 11:13:26,174] {dagbag.py:500} INFO - Filling up the DagBag from /opt/anaconda3/lib/python3.9/site-packages/airflow/example_dags/example_latest_only.py
[2022-03-14 11:13:26,215] {processor.py:654} INFO - DAG(s) dict_keys(['latest_only']) retrieved from /opt/anaconda3/lib/python3.9/site-packages/airflow/example_dags/example_latest_only.py
[2022-03-14 11:13:26,233] {logging_mixin.py:109} INFO - [2022-03-14 11:13:26,233] {dag.py:2398} INFO - Sync 1 DAGs
[2022-03-14 11:13:26,243] {logging_mixin.py:109} INFO - [2022-03-14 11:13:26,242] {dag.py:2937} INFO - Setting next_dagrun for latest_only to 2022-03-14T12:13:26.242828+00:00
[2022-03-14 11:13:26,258] {processor.py:171} INFO - Processing /opt/anaconda3/lib/python3.9/site-packages/airflow/example_dags/example_latest_only.py took 0.086 seconds
[2022-03-14 11:15:47,871] {processor.py:163} INFO - Started process (PID=80058) to work on /opt/anaconda3/lib/python3.9/site-packages/airflow/example_dags/example_latest_only.py
[2022-03-14 11:15:47,873] {processor.py:642} INFO - Processing file /opt/anaconda3/lib/python3.9/site-packages/airflow/example_dags/example_latest_only.py for tasks to queue
[2022-03-14 11:15:47,874] {logging_mixin.py:109} INFO - [2022-03-14 11:15:47,874] {dagbag.py:500} INFO - Filling up the DagBag from /opt/anaconda3/lib/python3.9/site-packages/airflow/example_dags/example_latest_only.py
[2022-03-14 11:15:47,924] {processor.py:654} INFO - DAG(s) dict_keys(['latest_only']) retrieved from /opt/anaconda3/lib/python3.9/site-packages/airflow/example_dags/example_latest_only.py
[2022-03-14 11:15:47,945] {logging_mixin.py:109} INFO - [2022-03-14 11:15:47,945] {dag.py:2398} INFO - Sync 1 DAGs
[2022-03-14 11:15:47,954] {logging_mixin.py:109} INFO - [2022-03-14 11:15:47,954] {dag.py:2937} INFO - Setting next_dagrun for latest_only to 2022-03-14T12:15:47.954492+00:00
[2022-03-14 11:15:47,971] {processor.py:171} INFO - Processing /opt/anaconda3/lib/python3.9/site-packages/airflow/example_dags/example_latest_only.py took 0.100 seconds
[2022-03-14 11:17:53,114] {processor.py:163} INFO - Started process (PID=80183) to work on /opt/anaconda3/lib/python3.9/site-packages/airflow/example_dags/example_latest_only.py
[2022-03-14 11:17:53,121] {processor.py:642} INFO - Processing file /opt/anaconda3/lib/python3.9/site-packages/airflow/example_dags/example_latest_only.py for tasks to queue
[2022-03-14 11:17:53,121] {logging_mixin.py:109} INFO - [2022-03-14 11:17:53,121] {dagbag.py:500} INFO - Filling up the DagBag from /opt/anaconda3/lib/python3.9/site-packages/airflow/example_dags/example_latest_only.py
[2022-03-14 11:17:53,165] {processor.py:654} INFO - DAG(s) dict_keys(['latest_only']) retrieved from /opt/anaconda3/lib/python3.9/site-packages/airflow/example_dags/example_latest_only.py
[2022-03-14 11:17:53,185] {logging_mixin.py:109} INFO - [2022-03-14 11:17:53,184] {dag.py:2398} INFO - Sync 1 DAGs
[2022-03-14 11:17:53,193] {logging_mixin.py:109} INFO - [2022-03-14 11:17:53,193] {dag.py:2937} INFO - Setting next_dagrun for latest_only to 2022-03-14T12:17:53.193711+00:00
[2022-03-14 11:17:53,204] {processor.py:171} INFO - Processing /opt/anaconda3/lib/python3.9/site-packages/airflow/example_dags/example_latest_only.py took 0.090 seconds
[2022-03-14 11:20:39,721] {processor.py:163} INFO - Started process (PID=80340) to work on /opt/anaconda3/lib/python3.9/site-packages/airflow/example_dags/example_latest_only.py
[2022-03-14 11:20:39,727] {processor.py:642} INFO - Processing file /opt/anaconda3/lib/python3.9/site-packages/airflow/example_dags/example_latest_only.py for tasks to queue
[2022-03-14 11:20:39,728] {logging_mixin.py:109} INFO - [2022-03-14 11:20:39,728] {dagbag.py:500} INFO - Filling up the DagBag from /opt/anaconda3/lib/python3.9/site-packages/airflow/example_dags/example_latest_only.py
[2022-03-14 11:20:39,769] {processor.py:654} INFO - DAG(s) dict_keys(['latest_only']) retrieved from /opt/anaconda3/lib/python3.9/site-packages/airflow/example_dags/example_latest_only.py
[2022-03-14 11:20:39,787] {logging_mixin.py:109} INFO - [2022-03-14 11:20:39,787] {dag.py:2398} INFO - Sync 1 DAGs
[2022-03-14 11:20:39,796] {logging_mixin.py:109} INFO - [2022-03-14 11:20:39,796] {dag.py:2937} INFO - Setting next_dagrun for latest_only to 2022-03-14T12:20:39.796284+00:00
[2022-03-14 11:20:39,808] {processor.py:171} INFO - Processing /opt/anaconda3/lib/python3.9/site-packages/airflow/example_dags/example_latest_only.py took 0.088 seconds
[2022-03-14 11:23:18,370] {processor.py:163} INFO - Started process (PID=80439) to work on /opt/anaconda3/lib/python3.9/site-packages/airflow/example_dags/example_latest_only.py
[2022-03-14 11:23:18,371] {processor.py:642} INFO - Processing file /opt/anaconda3/lib/python3.9/site-packages/airflow/example_dags/example_latest_only.py for tasks to queue
[2022-03-14 11:23:18,371] {logging_mixin.py:109} INFO - [2022-03-14 11:23:18,371] {dagbag.py:500} INFO - Filling up the DagBag from /opt/anaconda3/lib/python3.9/site-packages/airflow/example_dags/example_latest_only.py
[2022-03-14 11:23:18,417] {processor.py:654} INFO - DAG(s) dict_keys(['latest_only']) retrieved from /opt/anaconda3/lib/python3.9/site-packages/airflow/example_dags/example_latest_only.py
[2022-03-14 11:23:18,436] {logging_mixin.py:109} INFO - [2022-03-14 11:23:18,436] {dag.py:2398} INFO - Sync 1 DAGs
[2022-03-14 11:23:18,445] {logging_mixin.py:109} INFO - [2022-03-14 11:23:18,445] {dag.py:2937} INFO - Setting next_dagrun for latest_only to 2022-03-14T12:23:18.445388+00:00
[2022-03-14 11:23:18,457] {processor.py:171} INFO - Processing /opt/anaconda3/lib/python3.9/site-packages/airflow/example_dags/example_latest_only.py took 0.087 seconds
[2022-03-14 11:25:57,984] {processor.py:163} INFO - Started process (PID=80548) to work on /opt/anaconda3/lib/python3.9/site-packages/airflow/example_dags/example_latest_only.py
[2022-03-14 11:25:57,990] {processor.py:642} INFO - Processing file /opt/anaconda3/lib/python3.9/site-packages/airflow/example_dags/example_latest_only.py for tasks to queue
[2022-03-14 11:25:57,990] {logging_mixin.py:109} INFO - [2022-03-14 11:25:57,990] {dagbag.py:500} INFO - Filling up the DagBag from /opt/anaconda3/lib/python3.9/site-packages/airflow/example_dags/example_latest_only.py
[2022-03-14 11:25:58,033] {processor.py:654} INFO - DAG(s) dict_keys(['latest_only']) retrieved from /opt/anaconda3/lib/python3.9/site-packages/airflow/example_dags/example_latest_only.py
[2022-03-14 11:25:58,051] {logging_mixin.py:109} INFO - [2022-03-14 11:25:58,051] {dag.py:2398} INFO - Sync 1 DAGs
[2022-03-14 11:25:58,060] {logging_mixin.py:109} INFO - [2022-03-14 11:25:58,060] {dag.py:2937} INFO - Setting next_dagrun for latest_only to 2022-03-14T12:25:58.060327+00:00
[2022-03-14 11:25:58,072] {processor.py:171} INFO - Processing /opt/anaconda3/lib/python3.9/site-packages/airflow/example_dags/example_latest_only.py took 0.089 seconds
[2022-03-14 11:28:35,095] {processor.py:163} INFO - Started process (PID=80724) to work on /opt/anaconda3/lib/python3.9/site-packages/airflow/example_dags/example_latest_only.py
[2022-03-14 11:28:35,101] {processor.py:642} INFO - Processing file /opt/anaconda3/lib/python3.9/site-packages/airflow/example_dags/example_latest_only.py for tasks to queue
[2022-03-14 11:28:35,102] {logging_mixin.py:109} INFO - [2022-03-14 11:28:35,102] {dagbag.py:500} INFO - Filling up the DagBag from /opt/anaconda3/lib/python3.9/site-packages/airflow/example_dags/example_latest_only.py
[2022-03-14 11:28:35,146] {processor.py:654} INFO - DAG(s) dict_keys(['latest_only']) retrieved from /opt/anaconda3/lib/python3.9/site-packages/airflow/example_dags/example_latest_only.py
[2022-03-14 11:28:35,165] {logging_mixin.py:109} INFO - [2022-03-14 11:28:35,165] {dag.py:2398} INFO - Sync 1 DAGs
[2022-03-14 11:28:35,175] {logging_mixin.py:109} INFO - [2022-03-14 11:28:35,175] {dag.py:2937} INFO - Setting next_dagrun for latest_only to 2022-03-14T12:28:35.175049+00:00
[2022-03-14 11:28:35,186] {processor.py:171} INFO - Processing /opt/anaconda3/lib/python3.9/site-packages/airflow/example_dags/example_latest_only.py took 0.092 seconds
[2022-03-14 11:31:10,884] {processor.py:163} INFO - Started process (PID=80850) to work on /opt/anaconda3/lib/python3.9/site-packages/airflow/example_dags/example_latest_only.py
[2022-03-14 11:31:10,884] {processor.py:642} INFO - Processing file /opt/anaconda3/lib/python3.9/site-packages/airflow/example_dags/example_latest_only.py for tasks to queue
[2022-03-14 11:31:10,885] {logging_mixin.py:109} INFO - [2022-03-14 11:31:10,885] {dagbag.py:500} INFO - Filling up the DagBag from /opt/anaconda3/lib/python3.9/site-packages/airflow/example_dags/example_latest_only.py
[2022-03-14 11:31:10,925] {processor.py:654} INFO - DAG(s) dict_keys(['latest_only']) retrieved from /opt/anaconda3/lib/python3.9/site-packages/airflow/example_dags/example_latest_only.py
[2022-03-14 11:31:10,944] {logging_mixin.py:109} INFO - [2022-03-14 11:31:10,944] {dag.py:2398} INFO - Sync 1 DAGs
[2022-03-14 11:31:10,954] {logging_mixin.py:109} INFO - [2022-03-14 11:31:10,954] {dag.py:2937} INFO - Setting next_dagrun for latest_only to 2022-03-14T12:31:10.953883+00:00
[2022-03-14 11:31:10,963] {processor.py:171} INFO - Processing /opt/anaconda3/lib/python3.9/site-packages/airflow/example_dags/example_latest_only.py took 0.080 seconds
[2022-03-14 11:33:44,991] {processor.py:163} INFO - Started process (PID=80924) to work on /opt/anaconda3/lib/python3.9/site-packages/airflow/example_dags/example_latest_only.py
[2022-03-14 11:33:44,992] {processor.py:642} INFO - Processing file /opt/anaconda3/lib/python3.9/site-packages/airflow/example_dags/example_latest_only.py for tasks to queue
[2022-03-14 11:33:44,992] {logging_mixin.py:109} INFO - [2022-03-14 11:33:44,992] {dagbag.py:500} INFO - Filling up the DagBag from /opt/anaconda3/lib/python3.9/site-packages/airflow/example_dags/example_latest_only.py
[2022-03-14 11:33:45,033] {processor.py:654} INFO - DAG(s) dict_keys(['latest_only']) retrieved from /opt/anaconda3/lib/python3.9/site-packages/airflow/example_dags/example_latest_only.py
[2022-03-14 11:33:45,052] {logging_mixin.py:109} INFO - [2022-03-14 11:33:45,051] {dag.py:2398} INFO - Sync 1 DAGs
[2022-03-14 11:33:45,060] {logging_mixin.py:109} INFO - [2022-03-14 11:33:45,060] {dag.py:2937} INFO - Setting next_dagrun for latest_only to 2022-03-14T12:33:45.060614+00:00
[2022-03-14 11:33:45,072] {processor.py:171} INFO - Processing /opt/anaconda3/lib/python3.9/site-packages/airflow/example_dags/example_latest_only.py took 0.081 seconds
[2022-03-14 11:36:13,788] {processor.py:163} INFO - Started process (PID=80994) to work on /opt/anaconda3/lib/python3.9/site-packages/airflow/example_dags/example_latest_only.py
[2022-03-14 11:36:13,794] {processor.py:642} INFO - Processing file /opt/anaconda3/lib/python3.9/site-packages/airflow/example_dags/example_latest_only.py for tasks to queue
[2022-03-14 11:36:13,795] {logging_mixin.py:109} INFO - [2022-03-14 11:36:13,795] {dagbag.py:500} INFO - Filling up the DagBag from /opt/anaconda3/lib/python3.9/site-packages/airflow/example_dags/example_latest_only.py
[2022-03-14 11:36:13,840] {processor.py:654} INFO - DAG(s) dict_keys(['latest_only']) retrieved from /opt/anaconda3/lib/python3.9/site-packages/airflow/example_dags/example_latest_only.py
[2022-03-14 11:36:13,860] {logging_mixin.py:109} INFO - [2022-03-14 11:36:13,860] {dag.py:2398} INFO - Sync 1 DAGs
[2022-03-14 11:36:13,871] {logging_mixin.py:109} INFO - [2022-03-14 11:36:13,871] {dag.py:2937} INFO - Setting next_dagrun for latest_only to 2022-03-14T12:36:13.871181+00:00
[2022-03-14 11:36:13,887] {processor.py:171} INFO - Processing /opt/anaconda3/lib/python3.9/site-packages/airflow/example_dags/example_latest_only.py took 0.100 seconds
[2022-03-14 11:38:47,771] {processor.py:163} INFO - Started process (PID=81214) to work on /opt/anaconda3/lib/python3.9/site-packages/airflow/example_dags/example_latest_only.py
[2022-03-14 11:38:47,771] {processor.py:642} INFO - Processing file /opt/anaconda3/lib/python3.9/site-packages/airflow/example_dags/example_latest_only.py for tasks to queue
[2022-03-14 11:38:47,772] {logging_mixin.py:109} INFO - [2022-03-14 11:38:47,772] {dagbag.py:500} INFO - Filling up the DagBag from /opt/anaconda3/lib/python3.9/site-packages/airflow/example_dags/example_latest_only.py
[2022-03-14 11:38:47,811] {processor.py:654} INFO - DAG(s) dict_keys(['latest_only']) retrieved from /opt/anaconda3/lib/python3.9/site-packages/airflow/example_dags/example_latest_only.py
[2022-03-14 11:38:47,830] {logging_mixin.py:109} INFO - [2022-03-14 11:38:47,829] {dag.py:2398} INFO - Sync 1 DAGs
[2022-03-14 11:38:47,840] {logging_mixin.py:109} INFO - [2022-03-14 11:38:47,840] {dag.py:2937} INFO - Setting next_dagrun for latest_only to 2022-03-14T12:38:47.839930+00:00
[2022-03-14 11:38:47,851] {processor.py:171} INFO - Processing /opt/anaconda3/lib/python3.9/site-packages/airflow/example_dags/example_latest_only.py took 0.081 seconds
[2022-03-14 11:41:19,581] {processor.py:163} INFO - Started process (PID=81365) to work on /opt/anaconda3/lib/python3.9/site-packages/airflow/example_dags/example_latest_only.py
[2022-03-14 11:41:19,582] {processor.py:642} INFO - Processing file /opt/anaconda3/lib/python3.9/site-packages/airflow/example_dags/example_latest_only.py for tasks to queue
[2022-03-14 11:41:19,583] {logging_mixin.py:109} INFO - [2022-03-14 11:41:19,583] {dagbag.py:500} INFO - Filling up the DagBag from /opt/anaconda3/lib/python3.9/site-packages/airflow/example_dags/example_latest_only.py
[2022-03-14 11:41:19,626] {processor.py:654} INFO - DAG(s) dict_keys(['latest_only']) retrieved from /opt/anaconda3/lib/python3.9/site-packages/airflow/example_dags/example_latest_only.py
[2022-03-14 11:41:19,645] {logging_mixin.py:109} INFO - [2022-03-14 11:41:19,644] {dag.py:2398} INFO - Sync 1 DAGs
[2022-03-14 11:41:19,653] {logging_mixin.py:109} INFO - [2022-03-14 11:41:19,653] {dag.py:2937} INFO - Setting next_dagrun for latest_only to 2022-03-14T12:41:19.653727+00:00
[2022-03-14 11:41:19,663] {processor.py:171} INFO - Processing /opt/anaconda3/lib/python3.9/site-packages/airflow/example_dags/example_latest_only.py took 0.083 seconds
[2022-03-14 11:43:41,702] {processor.py:163} INFO - Started process (PID=81451) to work on /opt/anaconda3/lib/python3.9/site-packages/airflow/example_dags/example_latest_only.py
[2022-03-14 11:43:41,703] {processor.py:642} INFO - Processing file /opt/anaconda3/lib/python3.9/site-packages/airflow/example_dags/example_latest_only.py for tasks to queue
[2022-03-14 11:43:41,703] {logging_mixin.py:109} INFO - [2022-03-14 11:43:41,703] {dagbag.py:500} INFO - Filling up the DagBag from /opt/anaconda3/lib/python3.9/site-packages/airflow/example_dags/example_latest_only.py
[2022-03-14 11:43:41,746] {processor.py:654} INFO - DAG(s) dict_keys(['latest_only']) retrieved from /opt/anaconda3/lib/python3.9/site-packages/airflow/example_dags/example_latest_only.py
[2022-03-14 11:43:41,764] {logging_mixin.py:109} INFO - [2022-03-14 11:43:41,764] {dag.py:2398} INFO - Sync 1 DAGs
[2022-03-14 11:43:41,773] {logging_mixin.py:109} INFO - [2022-03-14 11:43:41,773] {dag.py:2937} INFO - Setting next_dagrun for latest_only to 2022-03-14T12:43:41.773545+00:00
[2022-03-14 11:43:41,805] {processor.py:171} INFO - Processing /opt/anaconda3/lib/python3.9/site-packages/airflow/example_dags/example_latest_only.py took 0.104 seconds
[2022-03-14 11:46:15,672] {processor.py:163} INFO - Started process (PID=81574) to work on /opt/anaconda3/lib/python3.9/site-packages/airflow/example_dags/example_latest_only.py
[2022-03-14 11:46:15,673] {processor.py:642} INFO - Processing file /opt/anaconda3/lib/python3.9/site-packages/airflow/example_dags/example_latest_only.py for tasks to queue
[2022-03-14 11:46:15,674] {logging_mixin.py:109} INFO - [2022-03-14 11:46:15,673] {dagbag.py:500} INFO - Filling up the DagBag from /opt/anaconda3/lib/python3.9/site-packages/airflow/example_dags/example_latest_only.py
[2022-03-14 11:46:15,716] {processor.py:654} INFO - DAG(s) dict_keys(['latest_only']) retrieved from /opt/anaconda3/lib/python3.9/site-packages/airflow/example_dags/example_latest_only.py
[2022-03-14 11:46:15,734] {logging_mixin.py:109} INFO - [2022-03-14 11:46:15,734] {dag.py:2398} INFO - Sync 1 DAGs
[2022-03-14 11:46:15,743] {logging_mixin.py:109} INFO - [2022-03-14 11:46:15,743] {dag.py:2937} INFO - Setting next_dagrun for latest_only to 2022-03-14T12:46:15.743095+00:00
[2022-03-14 11:46:15,756] {processor.py:171} INFO - Processing /opt/anaconda3/lib/python3.9/site-packages/airflow/example_dags/example_latest_only.py took 0.084 seconds
[2022-03-14 11:48:49,214] {processor.py:163} INFO - Started process (PID=81716) to work on /opt/anaconda3/lib/python3.9/site-packages/airflow/example_dags/example_latest_only.py
[2022-03-14 11:48:49,215] {processor.py:642} INFO - Processing file /opt/anaconda3/lib/python3.9/site-packages/airflow/example_dags/example_latest_only.py for tasks to queue
[2022-03-14 11:48:49,215] {logging_mixin.py:109} INFO - [2022-03-14 11:48:49,215] {dagbag.py:500} INFO - Filling up the DagBag from /opt/anaconda3/lib/python3.9/site-packages/airflow/example_dags/example_latest_only.py
[2022-03-14 11:48:49,258] {processor.py:654} INFO - DAG(s) dict_keys(['latest_only']) retrieved from /opt/anaconda3/lib/python3.9/site-packages/airflow/example_dags/example_latest_only.py
[2022-03-14 11:48:49,276] {logging_mixin.py:109} INFO - [2022-03-14 11:48:49,276] {dag.py:2398} INFO - Sync 1 DAGs
[2022-03-14 11:48:49,285] {logging_mixin.py:109} INFO - [2022-03-14 11:48:49,285] {dag.py:2937} INFO - Setting next_dagrun for latest_only to 2022-03-14T12:48:49.285565+00:00
[2022-03-14 11:48:49,295] {processor.py:171} INFO - Processing /opt/anaconda3/lib/python3.9/site-packages/airflow/example_dags/example_latest_only.py took 0.081 seconds
[2022-03-14 11:51:21,247] {processor.py:163} INFO - Started process (PID=81818) to work on /opt/anaconda3/lib/python3.9/site-packages/airflow/example_dags/example_latest_only.py
[2022-03-14 11:51:21,247] {processor.py:642} INFO - Processing file /opt/anaconda3/lib/python3.9/site-packages/airflow/example_dags/example_latest_only.py for tasks to queue
[2022-03-14 11:51:21,248] {logging_mixin.py:109} INFO - [2022-03-14 11:51:21,247] {dagbag.py:500} INFO - Filling up the DagBag from /opt/anaconda3/lib/python3.9/site-packages/airflow/example_dags/example_latest_only.py
[2022-03-14 11:51:21,293] {processor.py:654} INFO - DAG(s) dict_keys(['latest_only']) retrieved from /opt/anaconda3/lib/python3.9/site-packages/airflow/example_dags/example_latest_only.py
[2022-03-14 11:51:21,311] {logging_mixin.py:109} INFO - [2022-03-14 11:51:21,311] {dag.py:2398} INFO - Sync 1 DAGs
[2022-03-14 11:51:21,320] {logging_mixin.py:109} INFO - [2022-03-14 11:51:21,320] {dag.py:2937} INFO - Setting next_dagrun for latest_only to 2022-03-14T12:51:21.320394+00:00
[2022-03-14 11:51:21,336] {processor.py:171} INFO - Processing /opt/anaconda3/lib/python3.9/site-packages/airflow/example_dags/example_latest_only.py took 0.090 seconds
[2022-03-14 11:53:56,663] {processor.py:163} INFO - Started process (PID=81928) to work on /opt/anaconda3/lib/python3.9/site-packages/airflow/example_dags/example_latest_only.py
[2022-03-14 11:53:56,663] {processor.py:642} INFO - Processing file /opt/anaconda3/lib/python3.9/site-packages/airflow/example_dags/example_latest_only.py for tasks to queue
[2022-03-14 11:53:56,664] {logging_mixin.py:109} INFO - [2022-03-14 11:53:56,664] {dagbag.py:500} INFO - Filling up the DagBag from /opt/anaconda3/lib/python3.9/site-packages/airflow/example_dags/example_latest_only.py
[2022-03-14 11:53:56,703] {processor.py:654} INFO - DAG(s) dict_keys(['latest_only']) retrieved from /opt/anaconda3/lib/python3.9/site-packages/airflow/example_dags/example_latest_only.py
[2022-03-14 11:53:56,723] {logging_mixin.py:109} INFO - [2022-03-14 11:53:56,723] {dag.py:2398} INFO - Sync 1 DAGs
[2022-03-14 11:53:56,732] {logging_mixin.py:109} INFO - [2022-03-14 11:53:56,732] {dag.py:2937} INFO - Setting next_dagrun for latest_only to 2022-03-14T12:53:56.732364+00:00
[2022-03-14 11:53:56,747] {processor.py:171} INFO - Processing /opt/anaconda3/lib/python3.9/site-packages/airflow/example_dags/example_latest_only.py took 0.085 seconds
[2022-03-14 11:56:29,481] {processor.py:163} INFO - Started process (PID=82025) to work on /opt/anaconda3/lib/python3.9/site-packages/airflow/example_dags/example_latest_only.py
[2022-03-14 11:56:29,481] {processor.py:642} INFO - Processing file /opt/anaconda3/lib/python3.9/site-packages/airflow/example_dags/example_latest_only.py for tasks to queue
[2022-03-14 11:56:29,482] {logging_mixin.py:109} INFO - [2022-03-14 11:56:29,482] {dagbag.py:500} INFO - Filling up the DagBag from /opt/anaconda3/lib/python3.9/site-packages/airflow/example_dags/example_latest_only.py
[2022-03-14 11:56:29,521] {processor.py:654} INFO - DAG(s) dict_keys(['latest_only']) retrieved from /opt/anaconda3/lib/python3.9/site-packages/airflow/example_dags/example_latest_only.py
[2022-03-14 11:56:29,538] {logging_mixin.py:109} INFO - [2022-03-14 11:56:29,538] {dag.py:2398} INFO - Sync 1 DAGs
[2022-03-14 11:56:29,547] {logging_mixin.py:109} INFO - [2022-03-14 11:56:29,547] {dag.py:2937} INFO - Setting next_dagrun for latest_only to 2022-03-14T12:56:29.547291+00:00
[2022-03-14 11:56:29,557] {processor.py:171} INFO - Processing /opt/anaconda3/lib/python3.9/site-packages/airflow/example_dags/example_latest_only.py took 0.076 seconds
[2022-03-14 11:59:03,731] {processor.py:163} INFO - Started process (PID=82191) to work on /opt/anaconda3/lib/python3.9/site-packages/airflow/example_dags/example_latest_only.py
[2022-03-14 11:59:03,732] {processor.py:642} INFO - Processing file /opt/anaconda3/lib/python3.9/site-packages/airflow/example_dags/example_latest_only.py for tasks to queue
[2022-03-14 11:59:03,733] {logging_mixin.py:109} INFO - [2022-03-14 11:59:03,732] {dagbag.py:500} INFO - Filling up the DagBag from /opt/anaconda3/lib/python3.9/site-packages/airflow/example_dags/example_latest_only.py
[2022-03-14 11:59:03,772] {processor.py:654} INFO - DAG(s) dict_keys(['latest_only']) retrieved from /opt/anaconda3/lib/python3.9/site-packages/airflow/example_dags/example_latest_only.py
[2022-03-14 11:59:03,791] {logging_mixin.py:109} INFO - [2022-03-14 11:59:03,791] {dag.py:2398} INFO - Sync 1 DAGs
[2022-03-14 11:59:03,800] {logging_mixin.py:109} INFO - [2022-03-14 11:59:03,800] {dag.py:2937} INFO - Setting next_dagrun for latest_only to 2022-03-14T12:59:03.800025+00:00
[2022-03-14 11:59:03,812] {processor.py:171} INFO - Processing /opt/anaconda3/lib/python3.9/site-packages/airflow/example_dags/example_latest_only.py took 0.081 seconds
[2022-03-14 12:01:38,592] {processor.py:163} INFO - Started process (PID=82278) to work on /opt/anaconda3/lib/python3.9/site-packages/airflow/example_dags/example_latest_only.py
[2022-03-14 12:01:38,598] {processor.py:642} INFO - Processing file /opt/anaconda3/lib/python3.9/site-packages/airflow/example_dags/example_latest_only.py for tasks to queue
[2022-03-14 12:01:38,599] {logging_mixin.py:109} INFO - [2022-03-14 12:01:38,599] {dagbag.py:500} INFO - Filling up the DagBag from /opt/anaconda3/lib/python3.9/site-packages/airflow/example_dags/example_latest_only.py
[2022-03-14 12:01:38,644] {processor.py:654} INFO - DAG(s) dict_keys(['latest_only']) retrieved from /opt/anaconda3/lib/python3.9/site-packages/airflow/example_dags/example_latest_only.py
[2022-03-14 12:01:38,664] {logging_mixin.py:109} INFO - [2022-03-14 12:01:38,663] {dag.py:2398} INFO - Sync 1 DAGs
[2022-03-14 12:01:38,674] {logging_mixin.py:109} INFO - [2022-03-14 12:01:38,673] {dag.py:2937} INFO - Setting next_dagrun for latest_only to 2022-03-14T13:01:38.673767+00:00
[2022-03-14 12:01:38,683] {processor.py:171} INFO - Processing /opt/anaconda3/lib/python3.9/site-packages/airflow/example_dags/example_latest_only.py took 0.092 seconds
[2022-03-14 12:04:08,034] {processor.py:163} INFO - Started process (PID=82378) to work on /opt/anaconda3/lib/python3.9/site-packages/airflow/example_dags/example_latest_only.py
[2022-03-14 12:04:08,034] {processor.py:642} INFO - Processing file /opt/anaconda3/lib/python3.9/site-packages/airflow/example_dags/example_latest_only.py for tasks to queue
[2022-03-14 12:04:08,035] {logging_mixin.py:109} INFO - [2022-03-14 12:04:08,034] {dagbag.py:500} INFO - Filling up the DagBag from /opt/anaconda3/lib/python3.9/site-packages/airflow/example_dags/example_latest_only.py
[2022-03-14 12:04:08,076] {processor.py:654} INFO - DAG(s) dict_keys(['latest_only']) retrieved from /opt/anaconda3/lib/python3.9/site-packages/airflow/example_dags/example_latest_only.py
[2022-03-14 12:04:08,095] {logging_mixin.py:109} INFO - [2022-03-14 12:04:08,095] {dag.py:2398} INFO - Sync 1 DAGs
[2022-03-14 12:04:08,105] {logging_mixin.py:109} INFO - [2022-03-14 12:04:08,105] {dag.py:2937} INFO - Setting next_dagrun for latest_only to 2022-03-14T13:04:08.104780+00:00
[2022-03-14 12:04:08,120] {processor.py:171} INFO - Processing /opt/anaconda3/lib/python3.9/site-packages/airflow/example_dags/example_latest_only.py took 0.087 seconds
[2022-03-14 12:07:20,241] {processor.py:163} INFO - Started process (PID=82513) to work on /opt/anaconda3/lib/python3.9/site-packages/airflow/example_dags/example_latest_only.py
[2022-03-14 12:07:20,247] {processor.py:642} INFO - Processing file /opt/anaconda3/lib/python3.9/site-packages/airflow/example_dags/example_latest_only.py for tasks to queue
[2022-03-14 12:07:20,248] {logging_mixin.py:109} INFO - [2022-03-14 12:07:20,248] {dagbag.py:500} INFO - Filling up the DagBag from /opt/anaconda3/lib/python3.9/site-packages/airflow/example_dags/example_latest_only.py
[2022-03-14 12:07:20,290] {processor.py:654} INFO - DAG(s) dict_keys(['latest_only']) retrieved from /opt/anaconda3/lib/python3.9/site-packages/airflow/example_dags/example_latest_only.py
[2022-03-14 12:07:20,308] {logging_mixin.py:109} INFO - [2022-03-14 12:07:20,308] {dag.py:2398} INFO - Sync 1 DAGs
[2022-03-14 12:07:20,318] {logging_mixin.py:109} INFO - [2022-03-14 12:07:20,318] {dag.py:2937} INFO - Setting next_dagrun for latest_only to 2022-03-14T13:07:20.317891+00:00
[2022-03-14 12:07:20,329] {processor.py:171} INFO - Processing /opt/anaconda3/lib/python3.9/site-packages/airflow/example_dags/example_latest_only.py took 0.089 seconds
