[2022-03-14 09:08:10,485] {processor.py:163} INFO - Started process (PID=73940) to work on /opt/anaconda3/lib/python3.9/site-packages/airflow/example_dags/example_nested_branch_dag.py
[2022-03-14 09:08:10,485] {processor.py:642} INFO - Processing file /opt/anaconda3/lib/python3.9/site-packages/airflow/example_dags/example_nested_branch_dag.py for tasks to queue
[2022-03-14 09:08:10,486] {logging_mixin.py:109} INFO - [2022-03-14 09:08:10,486] {dagbag.py:500} INFO - Filling up the DagBag from /opt/anaconda3/lib/python3.9/site-packages/airflow/example_dags/example_nested_branch_dag.py
[2022-03-14 09:08:10,546] {processor.py:654} INFO - DAG(s) dict_keys(['example_nested_branch_dag']) retrieved from /opt/anaconda3/lib/python3.9/site-packages/airflow/example_dags/example_nested_branch_dag.py
[2022-03-14 09:08:10,565] {logging_mixin.py:109} INFO - [2022-03-14 09:08:10,565] {dag.py:2398} INFO - Sync 1 DAGs
[2022-03-14 09:08:10,576] {logging_mixin.py:109} INFO - [2022-03-14 09:08:10,576] {dag.py:2937} INFO - Setting next_dagrun for example_nested_branch_dag to 2022-03-13 00:00:00+00:00
[2022-03-14 09:08:10,587] {processor.py:171} INFO - Processing /opt/anaconda3/lib/python3.9/site-packages/airflow/example_dags/example_nested_branch_dag.py took 0.103 seconds
[2022-03-14 09:37:25,338] {processor.py:163} INFO - Started process (PID=74809) to work on /opt/anaconda3/lib/python3.9/site-packages/airflow/example_dags/example_nested_branch_dag.py
[2022-03-14 09:37:25,340] {processor.py:642} INFO - Processing file /opt/anaconda3/lib/python3.9/site-packages/airflow/example_dags/example_nested_branch_dag.py for tasks to queue
[2022-03-14 09:37:25,340] {logging_mixin.py:109} INFO - [2022-03-14 09:37:25,340] {dagbag.py:500} INFO - Filling up the DagBag from /opt/anaconda3/lib/python3.9/site-packages/airflow/example_dags/example_nested_branch_dag.py
[2022-03-14 09:37:25,401] {processor.py:654} INFO - DAG(s) dict_keys(['example_nested_branch_dag']) retrieved from /opt/anaconda3/lib/python3.9/site-packages/airflow/example_dags/example_nested_branch_dag.py
[2022-03-14 09:37:25,420] {logging_mixin.py:109} INFO - [2022-03-14 09:37:25,420] {dag.py:2398} INFO - Sync 1 DAGs
[2022-03-14 09:37:25,433] {logging_mixin.py:109} INFO - [2022-03-14 09:37:25,433] {dag.py:2937} INFO - Setting next_dagrun for example_nested_branch_dag to 2022-03-13 00:00:00+00:00
[2022-03-14 09:37:25,443] {processor.py:171} INFO - Processing /opt/anaconda3/lib/python3.9/site-packages/airflow/example_dags/example_nested_branch_dag.py took 0.105 seconds
[2022-03-14 09:39:13,793] {processor.py:163} INFO - Started process (PID=74969) to work on /opt/anaconda3/lib/python3.9/site-packages/airflow/example_dags/example_nested_branch_dag.py
[2022-03-14 09:39:13,799] {processor.py:642} INFO - Processing file /opt/anaconda3/lib/python3.9/site-packages/airflow/example_dags/example_nested_branch_dag.py for tasks to queue
[2022-03-14 09:39:13,800] {logging_mixin.py:109} INFO - [2022-03-14 09:39:13,800] {dagbag.py:500} INFO - Filling up the DagBag from /opt/anaconda3/lib/python3.9/site-packages/airflow/example_dags/example_nested_branch_dag.py
[2022-03-14 09:39:13,859] {processor.py:654} INFO - DAG(s) dict_keys(['example_nested_branch_dag']) retrieved from /opt/anaconda3/lib/python3.9/site-packages/airflow/example_dags/example_nested_branch_dag.py
[2022-03-14 09:39:13,879] {logging_mixin.py:109} INFO - [2022-03-14 09:39:13,878] {dag.py:2398} INFO - Sync 1 DAGs
[2022-03-14 09:39:13,891] {logging_mixin.py:109} INFO - [2022-03-14 09:39:13,891] {dag.py:2937} INFO - Setting next_dagrun for example_nested_branch_dag to 2022-03-13 00:00:00+00:00
[2022-03-14 09:39:13,904] {processor.py:171} INFO - Processing /opt/anaconda3/lib/python3.9/site-packages/airflow/example_dags/example_nested_branch_dag.py took 0.112 seconds
[2022-03-14 09:41:47,299] {processor.py:163} INFO - Started process (PID=75148) to work on /opt/anaconda3/lib/python3.9/site-packages/airflow/example_dags/example_nested_branch_dag.py
[2022-03-14 09:41:47,301] {processor.py:642} INFO - Processing file /opt/anaconda3/lib/python3.9/site-packages/airflow/example_dags/example_nested_branch_dag.py for tasks to queue
[2022-03-14 09:41:47,301] {logging_mixin.py:109} INFO - [2022-03-14 09:41:47,301] {dagbag.py:500} INFO - Filling up the DagBag from /opt/anaconda3/lib/python3.9/site-packages/airflow/example_dags/example_nested_branch_dag.py
[2022-03-14 09:41:47,358] {processor.py:654} INFO - DAG(s) dict_keys(['example_nested_branch_dag']) retrieved from /opt/anaconda3/lib/python3.9/site-packages/airflow/example_dags/example_nested_branch_dag.py
[2022-03-14 09:41:47,377] {logging_mixin.py:109} INFO - [2022-03-14 09:41:47,376] {dag.py:2398} INFO - Sync 1 DAGs
[2022-03-14 09:41:47,387] {logging_mixin.py:109} INFO - [2022-03-14 09:41:47,387] {dag.py:2937} INFO - Setting next_dagrun for example_nested_branch_dag to 2022-03-13 00:00:00+00:00
[2022-03-14 09:41:47,400] {processor.py:171} INFO - Processing /opt/anaconda3/lib/python3.9/site-packages/airflow/example_dags/example_nested_branch_dag.py took 0.102 seconds
[2022-03-14 09:44:19,225] {processor.py:163} INFO - Started process (PID=75259) to work on /opt/anaconda3/lib/python3.9/site-packages/airflow/example_dags/example_nested_branch_dag.py
[2022-03-14 09:44:19,228] {processor.py:642} INFO - Processing file /opt/anaconda3/lib/python3.9/site-packages/airflow/example_dags/example_nested_branch_dag.py for tasks to queue
[2022-03-14 09:44:19,228] {logging_mixin.py:109} INFO - [2022-03-14 09:44:19,228] {dagbag.py:500} INFO - Filling up the DagBag from /opt/anaconda3/lib/python3.9/site-packages/airflow/example_dags/example_nested_branch_dag.py
[2022-03-14 09:44:19,330] {processor.py:654} INFO - DAG(s) dict_keys(['example_nested_branch_dag']) retrieved from /opt/anaconda3/lib/python3.9/site-packages/airflow/example_dags/example_nested_branch_dag.py
[2022-03-14 09:44:19,357] {logging_mixin.py:109} INFO - [2022-03-14 09:44:19,357] {dag.py:2398} INFO - Sync 1 DAGs
[2022-03-14 09:44:19,371] {logging_mixin.py:109} INFO - [2022-03-14 09:44:19,371] {dag.py:2937} INFO - Setting next_dagrun for example_nested_branch_dag to 2022-03-13 00:00:00+00:00
[2022-03-14 09:44:19,400] {processor.py:171} INFO - Processing /opt/anaconda3/lib/python3.9/site-packages/airflow/example_dags/example_nested_branch_dag.py took 0.176 seconds
[2022-03-14 09:46:56,277] {processor.py:163} INFO - Started process (PID=75337) to work on /opt/anaconda3/lib/python3.9/site-packages/airflow/example_dags/example_nested_branch_dag.py
[2022-03-14 09:46:56,278] {processor.py:642} INFO - Processing file /opt/anaconda3/lib/python3.9/site-packages/airflow/example_dags/example_nested_branch_dag.py for tasks to queue
[2022-03-14 09:46:56,279] {logging_mixin.py:109} INFO - [2022-03-14 09:46:56,279] {dagbag.py:500} INFO - Filling up the DagBag from /opt/anaconda3/lib/python3.9/site-packages/airflow/example_dags/example_nested_branch_dag.py
[2022-03-14 09:46:56,347] {processor.py:654} INFO - DAG(s) dict_keys(['example_nested_branch_dag']) retrieved from /opt/anaconda3/lib/python3.9/site-packages/airflow/example_dags/example_nested_branch_dag.py
[2022-03-14 09:46:56,368] {logging_mixin.py:109} INFO - [2022-03-14 09:46:56,367] {dag.py:2398} INFO - Sync 1 DAGs
[2022-03-14 09:46:56,385] {logging_mixin.py:109} INFO - [2022-03-14 09:46:56,385] {dag.py:2937} INFO - Setting next_dagrun for example_nested_branch_dag to 2022-03-13 00:00:00+00:00
[2022-03-14 09:46:56,400] {processor.py:171} INFO - Processing /opt/anaconda3/lib/python3.9/site-packages/airflow/example_dags/example_nested_branch_dag.py took 0.123 seconds
[2022-03-14 09:49:25,182] {processor.py:163} INFO - Started process (PID=75482) to work on /opt/anaconda3/lib/python3.9/site-packages/airflow/example_dags/example_nested_branch_dag.py
[2022-03-14 09:49:25,182] {processor.py:642} INFO - Processing file /opt/anaconda3/lib/python3.9/site-packages/airflow/example_dags/example_nested_branch_dag.py for tasks to queue
[2022-03-14 09:49:25,183] {logging_mixin.py:109} INFO - [2022-03-14 09:49:25,183] {dagbag.py:500} INFO - Filling up the DagBag from /opt/anaconda3/lib/python3.9/site-packages/airflow/example_dags/example_nested_branch_dag.py
[2022-03-14 09:49:25,242] {processor.py:654} INFO - DAG(s) dict_keys(['example_nested_branch_dag']) retrieved from /opt/anaconda3/lib/python3.9/site-packages/airflow/example_dags/example_nested_branch_dag.py
[2022-03-14 09:49:25,262] {logging_mixin.py:109} INFO - [2022-03-14 09:49:25,262] {dag.py:2398} INFO - Sync 1 DAGs
[2022-03-14 09:49:25,272] {logging_mixin.py:109} INFO - [2022-03-14 09:49:25,272] {dag.py:2937} INFO - Setting next_dagrun for example_nested_branch_dag to 2022-03-13 00:00:00+00:00
[2022-03-14 09:49:25,284] {processor.py:171} INFO - Processing /opt/anaconda3/lib/python3.9/site-packages/airflow/example_dags/example_nested_branch_dag.py took 0.103 seconds
[2022-03-14 09:51:53,138] {processor.py:163} INFO - Started process (PID=75591) to work on /opt/anaconda3/lib/python3.9/site-packages/airflow/example_dags/example_nested_branch_dag.py
[2022-03-14 09:51:53,144] {processor.py:642} INFO - Processing file /opt/anaconda3/lib/python3.9/site-packages/airflow/example_dags/example_nested_branch_dag.py for tasks to queue
[2022-03-14 09:51:53,144] {logging_mixin.py:109} INFO - [2022-03-14 09:51:53,144] {dagbag.py:500} INFO - Filling up the DagBag from /opt/anaconda3/lib/python3.9/site-packages/airflow/example_dags/example_nested_branch_dag.py
[2022-03-14 09:51:53,203] {processor.py:654} INFO - DAG(s) dict_keys(['example_nested_branch_dag']) retrieved from /opt/anaconda3/lib/python3.9/site-packages/airflow/example_dags/example_nested_branch_dag.py
[2022-03-14 09:51:53,222] {logging_mixin.py:109} INFO - [2022-03-14 09:51:53,222] {dag.py:2398} INFO - Sync 1 DAGs
[2022-03-14 09:51:53,232] {logging_mixin.py:109} INFO - [2022-03-14 09:51:53,232] {dag.py:2937} INFO - Setting next_dagrun for example_nested_branch_dag to 2022-03-13 00:00:00+00:00
[2022-03-14 09:51:53,245] {processor.py:171} INFO - Processing /opt/anaconda3/lib/python3.9/site-packages/airflow/example_dags/example_nested_branch_dag.py took 0.108 seconds
[2022-03-14 09:54:23,407] {processor.py:163} INFO - Started process (PID=75725) to work on /opt/anaconda3/lib/python3.9/site-packages/airflow/example_dags/example_nested_branch_dag.py
[2022-03-14 09:54:23,409] {processor.py:642} INFO - Processing file /opt/anaconda3/lib/python3.9/site-packages/airflow/example_dags/example_nested_branch_dag.py for tasks to queue
[2022-03-14 09:54:23,410] {logging_mixin.py:109} INFO - [2022-03-14 09:54:23,410] {dagbag.py:500} INFO - Filling up the DagBag from /opt/anaconda3/lib/python3.9/site-packages/airflow/example_dags/example_nested_branch_dag.py
[2022-03-14 09:54:23,475] {processor.py:654} INFO - DAG(s) dict_keys(['example_nested_branch_dag']) retrieved from /opt/anaconda3/lib/python3.9/site-packages/airflow/example_dags/example_nested_branch_dag.py
[2022-03-14 09:54:23,498] {logging_mixin.py:109} INFO - [2022-03-14 09:54:23,497] {dag.py:2398} INFO - Sync 1 DAGs
[2022-03-14 09:54:23,510] {logging_mixin.py:109} INFO - [2022-03-14 09:54:23,510] {dag.py:2937} INFO - Setting next_dagrun for example_nested_branch_dag to 2022-03-13 00:00:00+00:00
[2022-03-14 09:54:23,527] {processor.py:171} INFO - Processing /opt/anaconda3/lib/python3.9/site-packages/airflow/example_dags/example_nested_branch_dag.py took 0.121 seconds
[2022-03-14 09:57:00,758] {processor.py:163} INFO - Started process (PID=75799) to work on /opt/anaconda3/lib/python3.9/site-packages/airflow/example_dags/example_nested_branch_dag.py
[2022-03-14 09:57:00,759] {processor.py:642} INFO - Processing file /opt/anaconda3/lib/python3.9/site-packages/airflow/example_dags/example_nested_branch_dag.py for tasks to queue
[2022-03-14 09:57:00,759] {logging_mixin.py:109} INFO - [2022-03-14 09:57:00,759] {dagbag.py:500} INFO - Filling up the DagBag from /opt/anaconda3/lib/python3.9/site-packages/airflow/example_dags/example_nested_branch_dag.py
[2022-03-14 09:57:00,813] {processor.py:654} INFO - DAG(s) dict_keys(['example_nested_branch_dag']) retrieved from /opt/anaconda3/lib/python3.9/site-packages/airflow/example_dags/example_nested_branch_dag.py
[2022-03-14 09:57:00,830] {logging_mixin.py:109} INFO - [2022-03-14 09:57:00,830] {dag.py:2398} INFO - Sync 1 DAGs
[2022-03-14 09:57:00,840] {logging_mixin.py:109} INFO - [2022-03-14 09:57:00,840] {dag.py:2937} INFO - Setting next_dagrun for example_nested_branch_dag to 2022-03-13 00:00:00+00:00
[2022-03-14 09:57:00,852] {processor.py:171} INFO - Processing /opt/anaconda3/lib/python3.9/site-packages/airflow/example_dags/example_nested_branch_dag.py took 0.094 seconds
[2022-03-14 09:59:58,472] {processor.py:163} INFO - Started process (PID=75969) to work on /opt/anaconda3/lib/python3.9/site-packages/airflow/example_dags/example_nested_branch_dag.py
[2022-03-14 09:59:58,478] {processor.py:642} INFO - Processing file /opt/anaconda3/lib/python3.9/site-packages/airflow/example_dags/example_nested_branch_dag.py for tasks to queue
[2022-03-14 09:59:58,479] {logging_mixin.py:109} INFO - [2022-03-14 09:59:58,479] {dagbag.py:500} INFO - Filling up the DagBag from /opt/anaconda3/lib/python3.9/site-packages/airflow/example_dags/example_nested_branch_dag.py
[2022-03-14 09:59:58,543] {processor.py:654} INFO - DAG(s) dict_keys(['example_nested_branch_dag']) retrieved from /opt/anaconda3/lib/python3.9/site-packages/airflow/example_dags/example_nested_branch_dag.py
[2022-03-14 09:59:58,564] {logging_mixin.py:109} INFO - [2022-03-14 09:59:58,564] {dag.py:2398} INFO - Sync 1 DAGs
[2022-03-14 09:59:58,574] {logging_mixin.py:109} INFO - [2022-03-14 09:59:58,574] {dag.py:2937} INFO - Setting next_dagrun for example_nested_branch_dag to 2022-03-13 00:00:00+00:00
[2022-03-14 09:59:58,590] {processor.py:171} INFO - Processing /opt/anaconda3/lib/python3.9/site-packages/airflow/example_dags/example_nested_branch_dag.py took 0.119 seconds
[2022-03-14 10:02:30,735] {processor.py:163} INFO - Started process (PID=76079) to work on /opt/anaconda3/lib/python3.9/site-packages/airflow/example_dags/example_nested_branch_dag.py
[2022-03-14 10:02:30,736] {processor.py:642} INFO - Processing file /opt/anaconda3/lib/python3.9/site-packages/airflow/example_dags/example_nested_branch_dag.py for tasks to queue
[2022-03-14 10:02:30,736] {logging_mixin.py:109} INFO - [2022-03-14 10:02:30,736] {dagbag.py:500} INFO - Filling up the DagBag from /opt/anaconda3/lib/python3.9/site-packages/airflow/example_dags/example_nested_branch_dag.py
[2022-03-14 10:02:30,793] {processor.py:654} INFO - DAG(s) dict_keys(['example_nested_branch_dag']) retrieved from /opt/anaconda3/lib/python3.9/site-packages/airflow/example_dags/example_nested_branch_dag.py
[2022-03-14 10:02:30,812] {logging_mixin.py:109} INFO - [2022-03-14 10:02:30,812] {dag.py:2398} INFO - Sync 1 DAGs
[2022-03-14 10:02:30,822] {logging_mixin.py:109} INFO - [2022-03-14 10:02:30,822] {dag.py:2937} INFO - Setting next_dagrun for example_nested_branch_dag to 2022-03-13 00:00:00+00:00
[2022-03-14 10:02:30,834] {processor.py:171} INFO - Processing /opt/anaconda3/lib/python3.9/site-packages/airflow/example_dags/example_nested_branch_dag.py took 0.099 seconds
[2022-03-14 10:04:18,240] {processor.py:163} INFO - Started process (PID=76127) to work on /opt/anaconda3/lib/python3.9/site-packages/airflow/example_dags/example_nested_branch_dag.py
[2022-03-14 10:04:18,241] {processor.py:642} INFO - Processing file /opt/anaconda3/lib/python3.9/site-packages/airflow/example_dags/example_nested_branch_dag.py for tasks to queue
[2022-03-14 10:04:18,241] {logging_mixin.py:109} INFO - [2022-03-14 10:04:18,241] {dagbag.py:500} INFO - Filling up the DagBag from /opt/anaconda3/lib/python3.9/site-packages/airflow/example_dags/example_nested_branch_dag.py
[2022-03-14 10:04:18,302] {processor.py:654} INFO - DAG(s) dict_keys(['example_nested_branch_dag']) retrieved from /opt/anaconda3/lib/python3.9/site-packages/airflow/example_dags/example_nested_branch_dag.py
[2022-03-14 10:04:18,323] {logging_mixin.py:109} INFO - [2022-03-14 10:04:18,322] {dag.py:2398} INFO - Sync 1 DAGs
[2022-03-14 10:04:18,334] {logging_mixin.py:109} INFO - [2022-03-14 10:04:18,334] {dag.py:2937} INFO - Setting next_dagrun for example_nested_branch_dag to 2022-03-13 00:00:00+00:00
[2022-03-14 10:04:18,349] {processor.py:171} INFO - Processing /opt/anaconda3/lib/python3.9/site-packages/airflow/example_dags/example_nested_branch_dag.py took 0.109 seconds
[2022-03-14 10:06:45,402] {processor.py:163} INFO - Started process (PID=76217) to work on /opt/anaconda3/lib/python3.9/site-packages/airflow/example_dags/example_nested_branch_dag.py
[2022-03-14 10:06:45,409] {processor.py:642} INFO - Processing file /opt/anaconda3/lib/python3.9/site-packages/airflow/example_dags/example_nested_branch_dag.py for tasks to queue
[2022-03-14 10:06:45,409] {logging_mixin.py:109} INFO - [2022-03-14 10:06:45,409] {dagbag.py:500} INFO - Filling up the DagBag from /opt/anaconda3/lib/python3.9/site-packages/airflow/example_dags/example_nested_branch_dag.py
[2022-03-14 10:06:45,468] {processor.py:654} INFO - DAG(s) dict_keys(['example_nested_branch_dag']) retrieved from /opt/anaconda3/lib/python3.9/site-packages/airflow/example_dags/example_nested_branch_dag.py
[2022-03-14 10:06:45,488] {logging_mixin.py:109} INFO - [2022-03-14 10:06:45,488] {dag.py:2398} INFO - Sync 1 DAGs
[2022-03-14 10:06:45,498] {logging_mixin.py:109} INFO - [2022-03-14 10:06:45,498] {dag.py:2937} INFO - Setting next_dagrun for example_nested_branch_dag to 2022-03-13 00:00:00+00:00
[2022-03-14 10:06:45,510] {processor.py:171} INFO - Processing /opt/anaconda3/lib/python3.9/site-packages/airflow/example_dags/example_nested_branch_dag.py took 0.108 seconds
[2022-03-14 10:08:33,460] {processor.py:163} INFO - Started process (PID=76368) to work on /opt/anaconda3/lib/python3.9/site-packages/airflow/example_dags/example_nested_branch_dag.py
[2022-03-14 10:08:33,461] {processor.py:642} INFO - Processing file /opt/anaconda3/lib/python3.9/site-packages/airflow/example_dags/example_nested_branch_dag.py for tasks to queue
[2022-03-14 10:08:33,462] {logging_mixin.py:109} INFO - [2022-03-14 10:08:33,462] {dagbag.py:500} INFO - Filling up the DagBag from /opt/anaconda3/lib/python3.9/site-packages/airflow/example_dags/example_nested_branch_dag.py
[2022-03-14 10:08:33,524] {processor.py:654} INFO - DAG(s) dict_keys(['example_nested_branch_dag']) retrieved from /opt/anaconda3/lib/python3.9/site-packages/airflow/example_dags/example_nested_branch_dag.py
[2022-03-14 10:08:33,544] {logging_mixin.py:109} INFO - [2022-03-14 10:08:33,544] {dag.py:2398} INFO - Sync 1 DAGs
[2022-03-14 10:08:33,557] {logging_mixin.py:109} INFO - [2022-03-14 10:08:33,557] {dag.py:2937} INFO - Setting next_dagrun for example_nested_branch_dag to 2022-03-13 00:00:00+00:00
[2022-03-14 10:08:33,569] {processor.py:171} INFO - Processing /opt/anaconda3/lib/python3.9/site-packages/airflow/example_dags/example_nested_branch_dag.py took 0.109 seconds
[2022-03-14 10:12:36,964] {processor.py:163} INFO - Started process (PID=76667) to work on /opt/anaconda3/lib/python3.9/site-packages/airflow/example_dags/example_nested_branch_dag.py
[2022-03-14 10:12:36,970] {processor.py:642} INFO - Processing file /opt/anaconda3/lib/python3.9/site-packages/airflow/example_dags/example_nested_branch_dag.py for tasks to queue
[2022-03-14 10:12:36,971] {logging_mixin.py:109} INFO - [2022-03-14 10:12:36,971] {dagbag.py:500} INFO - Filling up the DagBag from /opt/anaconda3/lib/python3.9/site-packages/airflow/example_dags/example_nested_branch_dag.py
[2022-03-14 10:12:37,033] {processor.py:654} INFO - DAG(s) dict_keys(['example_nested_branch_dag']) retrieved from /opt/anaconda3/lib/python3.9/site-packages/airflow/example_dags/example_nested_branch_dag.py
[2022-03-14 10:12:37,052] {logging_mixin.py:109} INFO - [2022-03-14 10:12:37,052] {dag.py:2398} INFO - Sync 1 DAGs
[2022-03-14 10:12:37,065] {logging_mixin.py:109} INFO - [2022-03-14 10:12:37,065] {dag.py:2937} INFO - Setting next_dagrun for example_nested_branch_dag to 2022-03-13 00:00:00+00:00
[2022-03-14 10:12:37,076] {processor.py:171} INFO - Processing /opt/anaconda3/lib/python3.9/site-packages/airflow/example_dags/example_nested_branch_dag.py took 0.113 seconds
[2022-03-14 10:14:42,732] {processor.py:163} INFO - Started process (PID=76735) to work on /opt/anaconda3/lib/python3.9/site-packages/airflow/example_dags/example_nested_branch_dag.py
[2022-03-14 10:14:42,738] {processor.py:642} INFO - Processing file /opt/anaconda3/lib/python3.9/site-packages/airflow/example_dags/example_nested_branch_dag.py for tasks to queue
[2022-03-14 10:14:42,739] {logging_mixin.py:109} INFO - [2022-03-14 10:14:42,739] {dagbag.py:500} INFO - Filling up the DagBag from /opt/anaconda3/lib/python3.9/site-packages/airflow/example_dags/example_nested_branch_dag.py
[2022-03-14 10:14:42,803] {processor.py:654} INFO - DAG(s) dict_keys(['example_nested_branch_dag']) retrieved from /opt/anaconda3/lib/python3.9/site-packages/airflow/example_dags/example_nested_branch_dag.py
[2022-03-14 10:14:42,823] {logging_mixin.py:109} INFO - [2022-03-14 10:14:42,823] {dag.py:2398} INFO - Sync 1 DAGs
[2022-03-14 10:14:42,835] {logging_mixin.py:109} INFO - [2022-03-14 10:14:42,835] {dag.py:2937} INFO - Setting next_dagrun for example_nested_branch_dag to 2022-03-13 00:00:00+00:00
[2022-03-14 10:14:42,848] {processor.py:171} INFO - Processing /opt/anaconda3/lib/python3.9/site-packages/airflow/example_dags/example_nested_branch_dag.py took 0.116 seconds
[2022-03-14 10:16:31,774] {processor.py:163} INFO - Started process (PID=76789) to work on /opt/anaconda3/lib/python3.9/site-packages/airflow/example_dags/example_nested_branch_dag.py
[2022-03-14 10:16:31,780] {processor.py:642} INFO - Processing file /opt/anaconda3/lib/python3.9/site-packages/airflow/example_dags/example_nested_branch_dag.py for tasks to queue
[2022-03-14 10:16:31,781] {logging_mixin.py:109} INFO - [2022-03-14 10:16:31,781] {dagbag.py:500} INFO - Filling up the DagBag from /opt/anaconda3/lib/python3.9/site-packages/airflow/example_dags/example_nested_branch_dag.py
[2022-03-14 10:16:31,842] {processor.py:654} INFO - DAG(s) dict_keys(['example_nested_branch_dag']) retrieved from /opt/anaconda3/lib/python3.9/site-packages/airflow/example_dags/example_nested_branch_dag.py
[2022-03-14 10:16:31,863] {logging_mixin.py:109} INFO - [2022-03-14 10:16:31,863] {dag.py:2398} INFO - Sync 1 DAGs
[2022-03-14 10:16:31,874] {logging_mixin.py:109} INFO - [2022-03-14 10:16:31,874] {dag.py:2937} INFO - Setting next_dagrun for example_nested_branch_dag to 2022-03-13 00:00:00+00:00
[2022-03-14 10:16:31,887] {processor.py:171} INFO - Processing /opt/anaconda3/lib/python3.9/site-packages/airflow/example_dags/example_nested_branch_dag.py took 0.114 seconds
[2022-03-14 10:19:06,913] {processor.py:163} INFO - Started process (PID=76930) to work on /opt/anaconda3/lib/python3.9/site-packages/airflow/example_dags/example_nested_branch_dag.py
[2022-03-14 10:19:06,919] {processor.py:642} INFO - Processing file /opt/anaconda3/lib/python3.9/site-packages/airflow/example_dags/example_nested_branch_dag.py for tasks to queue
[2022-03-14 10:19:06,920] {logging_mixin.py:109} INFO - [2022-03-14 10:19:06,920] {dagbag.py:500} INFO - Filling up the DagBag from /opt/anaconda3/lib/python3.9/site-packages/airflow/example_dags/example_nested_branch_dag.py
[2022-03-14 10:19:06,980] {processor.py:654} INFO - DAG(s) dict_keys(['example_nested_branch_dag']) retrieved from /opt/anaconda3/lib/python3.9/site-packages/airflow/example_dags/example_nested_branch_dag.py
[2022-03-14 10:19:07,000] {logging_mixin.py:109} INFO - [2022-03-14 10:19:07,000] {dag.py:2398} INFO - Sync 1 DAGs
[2022-03-14 10:19:07,012] {logging_mixin.py:109} INFO - [2022-03-14 10:19:07,012] {dag.py:2937} INFO - Setting next_dagrun for example_nested_branch_dag to 2022-03-13 00:00:00+00:00
[2022-03-14 10:19:07,025] {processor.py:171} INFO - Processing /opt/anaconda3/lib/python3.9/site-packages/airflow/example_dags/example_nested_branch_dag.py took 0.113 seconds
[2022-03-14 10:21:29,479] {processor.py:163} INFO - Started process (PID=77007) to work on /opt/anaconda3/lib/python3.9/site-packages/airflow/example_dags/example_nested_branch_dag.py
[2022-03-14 10:21:29,480] {processor.py:642} INFO - Processing file /opt/anaconda3/lib/python3.9/site-packages/airflow/example_dags/example_nested_branch_dag.py for tasks to queue
[2022-03-14 10:21:29,480] {logging_mixin.py:109} INFO - [2022-03-14 10:21:29,480] {dagbag.py:500} INFO - Filling up the DagBag from /opt/anaconda3/lib/python3.9/site-packages/airflow/example_dags/example_nested_branch_dag.py
[2022-03-14 10:21:29,539] {processor.py:654} INFO - DAG(s) dict_keys(['example_nested_branch_dag']) retrieved from /opt/anaconda3/lib/python3.9/site-packages/airflow/example_dags/example_nested_branch_dag.py
[2022-03-14 10:21:29,558] {logging_mixin.py:109} INFO - [2022-03-14 10:21:29,558] {dag.py:2398} INFO - Sync 1 DAGs
[2022-03-14 10:21:29,569] {logging_mixin.py:109} INFO - [2022-03-14 10:21:29,569] {dag.py:2937} INFO - Setting next_dagrun for example_nested_branch_dag to 2022-03-13 00:00:00+00:00
[2022-03-14 10:21:29,581] {processor.py:171} INFO - Processing /opt/anaconda3/lib/python3.9/site-packages/airflow/example_dags/example_nested_branch_dag.py took 0.103 seconds
[2022-03-14 10:23:19,297] {processor.py:163} INFO - Started process (PID=77058) to work on /opt/anaconda3/lib/python3.9/site-packages/airflow/example_dags/example_nested_branch_dag.py
[2022-03-14 10:23:19,298] {processor.py:642} INFO - Processing file /opt/anaconda3/lib/python3.9/site-packages/airflow/example_dags/example_nested_branch_dag.py for tasks to queue
[2022-03-14 10:23:19,298] {logging_mixin.py:109} INFO - [2022-03-14 10:23:19,298] {dagbag.py:500} INFO - Filling up the DagBag from /opt/anaconda3/lib/python3.9/site-packages/airflow/example_dags/example_nested_branch_dag.py
[2022-03-14 10:23:19,356] {processor.py:654} INFO - DAG(s) dict_keys(['example_nested_branch_dag']) retrieved from /opt/anaconda3/lib/python3.9/site-packages/airflow/example_dags/example_nested_branch_dag.py
[2022-03-14 10:23:19,375] {logging_mixin.py:109} INFO - [2022-03-14 10:23:19,375] {dag.py:2398} INFO - Sync 1 DAGs
[2022-03-14 10:23:19,385] {logging_mixin.py:109} INFO - [2022-03-14 10:23:19,385] {dag.py:2937} INFO - Setting next_dagrun for example_nested_branch_dag to 2022-03-13 00:00:00+00:00
[2022-03-14 10:23:19,401] {processor.py:171} INFO - Processing /opt/anaconda3/lib/python3.9/site-packages/airflow/example_dags/example_nested_branch_dag.py took 0.104 seconds
[2022-03-14 10:25:29,870] {processor.py:163} INFO - Started process (PID=77161) to work on /opt/anaconda3/lib/python3.9/site-packages/airflow/example_dags/example_nested_branch_dag.py
[2022-03-14 10:25:29,876] {processor.py:642} INFO - Processing file /opt/anaconda3/lib/python3.9/site-packages/airflow/example_dags/example_nested_branch_dag.py for tasks to queue
[2022-03-14 10:25:29,877] {logging_mixin.py:109} INFO - [2022-03-14 10:25:29,877] {dagbag.py:500} INFO - Filling up the DagBag from /opt/anaconda3/lib/python3.9/site-packages/airflow/example_dags/example_nested_branch_dag.py
[2022-03-14 10:25:29,937] {processor.py:654} INFO - DAG(s) dict_keys(['example_nested_branch_dag']) retrieved from /opt/anaconda3/lib/python3.9/site-packages/airflow/example_dags/example_nested_branch_dag.py
[2022-03-14 10:25:29,956] {logging_mixin.py:109} INFO - [2022-03-14 10:25:29,956] {dag.py:2398} INFO - Sync 1 DAGs
[2022-03-14 10:25:29,966] {logging_mixin.py:109} INFO - [2022-03-14 10:25:29,966] {dag.py:2937} INFO - Setting next_dagrun for example_nested_branch_dag to 2022-03-13 00:00:00+00:00
[2022-03-14 10:25:29,979] {processor.py:171} INFO - Processing /opt/anaconda3/lib/python3.9/site-packages/airflow/example_dags/example_nested_branch_dag.py took 0.109 seconds
[2022-03-14 10:29:21,871] {processor.py:163} INFO - Started process (PID=77448) to work on /opt/anaconda3/lib/python3.9/site-packages/airflow/example_dags/example_nested_branch_dag.py
[2022-03-14 10:29:21,877] {processor.py:642} INFO - Processing file /opt/anaconda3/lib/python3.9/site-packages/airflow/example_dags/example_nested_branch_dag.py for tasks to queue
[2022-03-14 10:29:21,878] {logging_mixin.py:109} INFO - [2022-03-14 10:29:21,878] {dagbag.py:500} INFO - Filling up the DagBag from /opt/anaconda3/lib/python3.9/site-packages/airflow/example_dags/example_nested_branch_dag.py
[2022-03-14 10:29:21,939] {processor.py:654} INFO - DAG(s) dict_keys(['example_nested_branch_dag']) retrieved from /opt/anaconda3/lib/python3.9/site-packages/airflow/example_dags/example_nested_branch_dag.py
[2022-03-14 10:29:21,960] {logging_mixin.py:109} INFO - [2022-03-14 10:29:21,959] {dag.py:2398} INFO - Sync 1 DAGs
[2022-03-14 10:29:21,970] {logging_mixin.py:109} INFO - [2022-03-14 10:29:21,970] {dag.py:2937} INFO - Setting next_dagrun for example_nested_branch_dag to 2022-03-13 00:00:00+00:00
[2022-03-14 10:29:21,984] {processor.py:171} INFO - Processing /opt/anaconda3/lib/python3.9/site-packages/airflow/example_dags/example_nested_branch_dag.py took 0.114 seconds
[2022-03-14 10:31:10,088] {processor.py:163} INFO - Started process (PID=77497) to work on /opt/anaconda3/lib/python3.9/site-packages/airflow/example_dags/example_nested_branch_dag.py
[2022-03-14 10:31:10,089] {processor.py:642} INFO - Processing file /opt/anaconda3/lib/python3.9/site-packages/airflow/example_dags/example_nested_branch_dag.py for tasks to queue
[2022-03-14 10:31:10,089] {logging_mixin.py:109} INFO - [2022-03-14 10:31:10,089] {dagbag.py:500} INFO - Filling up the DagBag from /opt/anaconda3/lib/python3.9/site-packages/airflow/example_dags/example_nested_branch_dag.py
[2022-03-14 10:31:10,146] {processor.py:654} INFO - DAG(s) dict_keys(['example_nested_branch_dag']) retrieved from /opt/anaconda3/lib/python3.9/site-packages/airflow/example_dags/example_nested_branch_dag.py
[2022-03-14 10:31:10,166] {logging_mixin.py:109} INFO - [2022-03-14 10:31:10,166] {dag.py:2398} INFO - Sync 1 DAGs
[2022-03-14 10:31:10,177] {logging_mixin.py:109} INFO - [2022-03-14 10:31:10,177] {dag.py:2937} INFO - Setting next_dagrun for example_nested_branch_dag to 2022-03-13 00:00:00+00:00
[2022-03-14 10:31:10,194] {processor.py:171} INFO - Processing /opt/anaconda3/lib/python3.9/site-packages/airflow/example_dags/example_nested_branch_dag.py took 0.107 seconds
[2022-03-14 10:36:52,334] {processor.py:163} INFO - Started process (PID=77662) to work on /opt/anaconda3/lib/python3.9/site-packages/airflow/example_dags/example_nested_branch_dag.py
[2022-03-14 10:36:52,335] {processor.py:642} INFO - Processing file /opt/anaconda3/lib/python3.9/site-packages/airflow/example_dags/example_nested_branch_dag.py for tasks to queue
[2022-03-14 10:36:52,335] {logging_mixin.py:109} INFO - [2022-03-14 10:36:52,335] {dagbag.py:500} INFO - Filling up the DagBag from /opt/anaconda3/lib/python3.9/site-packages/airflow/example_dags/example_nested_branch_dag.py
[2022-03-14 10:36:52,396] {processor.py:654} INFO - DAG(s) dict_keys(['example_nested_branch_dag']) retrieved from /opt/anaconda3/lib/python3.9/site-packages/airflow/example_dags/example_nested_branch_dag.py
[2022-03-14 10:36:52,415] {logging_mixin.py:109} INFO - [2022-03-14 10:36:52,415] {dag.py:2398} INFO - Sync 1 DAGs
[2022-03-14 10:36:52,426] {logging_mixin.py:109} INFO - [2022-03-14 10:36:52,426] {dag.py:2937} INFO - Setting next_dagrun for example_nested_branch_dag to 2022-03-13 00:00:00+00:00
[2022-03-14 10:36:52,437] {processor.py:171} INFO - Processing /opt/anaconda3/lib/python3.9/site-packages/airflow/example_dags/example_nested_branch_dag.py took 0.104 seconds
[2022-03-14 10:38:44,508] {processor.py:163} INFO - Started process (PID=77818) to work on /opt/anaconda3/lib/python3.9/site-packages/airflow/example_dags/example_nested_branch_dag.py
[2022-03-14 10:38:44,511] {processor.py:642} INFO - Processing file /opt/anaconda3/lib/python3.9/site-packages/airflow/example_dags/example_nested_branch_dag.py for tasks to queue
[2022-03-14 10:38:44,511] {logging_mixin.py:109} INFO - [2022-03-14 10:38:44,511] {dagbag.py:500} INFO - Filling up the DagBag from /opt/anaconda3/lib/python3.9/site-packages/airflow/example_dags/example_nested_branch_dag.py
[2022-03-14 10:38:44,571] {processor.py:654} INFO - DAG(s) dict_keys(['example_nested_branch_dag']) retrieved from /opt/anaconda3/lib/python3.9/site-packages/airflow/example_dags/example_nested_branch_dag.py
[2022-03-14 10:38:44,591] {logging_mixin.py:109} INFO - [2022-03-14 10:38:44,591] {dag.py:2398} INFO - Sync 1 DAGs
[2022-03-14 10:38:44,602] {logging_mixin.py:109} INFO - [2022-03-14 10:38:44,601] {dag.py:2937} INFO - Setting next_dagrun for example_nested_branch_dag to 2022-03-13 00:00:00+00:00
[2022-03-14 10:38:44,614] {processor.py:171} INFO - Processing /opt/anaconda3/lib/python3.9/site-packages/airflow/example_dags/example_nested_branch_dag.py took 0.106 seconds
[2022-03-14 10:41:48,886] {processor.py:163} INFO - Started process (PID=77924) to work on /opt/anaconda3/lib/python3.9/site-packages/airflow/example_dags/example_nested_branch_dag.py
[2022-03-14 10:41:48,888] {processor.py:642} INFO - Processing file /opt/anaconda3/lib/python3.9/site-packages/airflow/example_dags/example_nested_branch_dag.py for tasks to queue
[2022-03-14 10:41:48,889] {logging_mixin.py:109} INFO - [2022-03-14 10:41:48,889] {dagbag.py:500} INFO - Filling up the DagBag from /opt/anaconda3/lib/python3.9/site-packages/airflow/example_dags/example_nested_branch_dag.py
[2022-03-14 10:41:48,950] {processor.py:654} INFO - DAG(s) dict_keys(['example_nested_branch_dag']) retrieved from /opt/anaconda3/lib/python3.9/site-packages/airflow/example_dags/example_nested_branch_dag.py
[2022-03-14 10:41:48,969] {logging_mixin.py:109} INFO - [2022-03-14 10:41:48,969] {dag.py:2398} INFO - Sync 1 DAGs
[2022-03-14 10:41:48,979] {logging_mixin.py:109} INFO - [2022-03-14 10:41:48,979] {dag.py:2937} INFO - Setting next_dagrun for example_nested_branch_dag to 2022-03-13 00:00:00+00:00
[2022-03-14 10:41:48,991] {processor.py:171} INFO - Processing /opt/anaconda3/lib/python3.9/site-packages/airflow/example_dags/example_nested_branch_dag.py took 0.105 seconds
[2022-03-14 10:44:15,663] {processor.py:163} INFO - Started process (PID=78036) to work on /opt/anaconda3/lib/python3.9/site-packages/airflow/example_dags/example_nested_branch_dag.py
[2022-03-14 10:44:15,669] {processor.py:642} INFO - Processing file /opt/anaconda3/lib/python3.9/site-packages/airflow/example_dags/example_nested_branch_dag.py for tasks to queue
[2022-03-14 10:44:15,670] {logging_mixin.py:109} INFO - [2022-03-14 10:44:15,670] {dagbag.py:500} INFO - Filling up the DagBag from /opt/anaconda3/lib/python3.9/site-packages/airflow/example_dags/example_nested_branch_dag.py
[2022-03-14 10:44:15,733] {processor.py:654} INFO - DAG(s) dict_keys(['example_nested_branch_dag']) retrieved from /opt/anaconda3/lib/python3.9/site-packages/airflow/example_dags/example_nested_branch_dag.py
[2022-03-14 10:44:15,753] {logging_mixin.py:109} INFO - [2022-03-14 10:44:15,753] {dag.py:2398} INFO - Sync 1 DAGs
[2022-03-14 10:44:15,763] {logging_mixin.py:109} INFO - [2022-03-14 10:44:15,763] {dag.py:2937} INFO - Setting next_dagrun for example_nested_branch_dag to 2022-03-13 00:00:00+00:00
[2022-03-14 10:44:15,776] {processor.py:171} INFO - Processing /opt/anaconda3/lib/python3.9/site-packages/airflow/example_dags/example_nested_branch_dag.py took 0.114 seconds
[2022-03-14 10:46:04,669] {processor.py:163} INFO - Started process (PID=78091) to work on /opt/anaconda3/lib/python3.9/site-packages/airflow/example_dags/example_nested_branch_dag.py
[2022-03-14 10:46:04,675] {processor.py:642} INFO - Processing file /opt/anaconda3/lib/python3.9/site-packages/airflow/example_dags/example_nested_branch_dag.py for tasks to queue
[2022-03-14 10:46:04,675] {logging_mixin.py:109} INFO - [2022-03-14 10:46:04,675] {dagbag.py:500} INFO - Filling up the DagBag from /opt/anaconda3/lib/python3.9/site-packages/airflow/example_dags/example_nested_branch_dag.py
[2022-03-14 10:46:04,735] {processor.py:654} INFO - DAG(s) dict_keys(['example_nested_branch_dag']) retrieved from /opt/anaconda3/lib/python3.9/site-packages/airflow/example_dags/example_nested_branch_dag.py
[2022-03-14 10:46:04,755] {logging_mixin.py:109} INFO - [2022-03-14 10:46:04,754] {dag.py:2398} INFO - Sync 1 DAGs
[2022-03-14 10:46:04,764] {logging_mixin.py:109} INFO - [2022-03-14 10:46:04,764] {dag.py:2937} INFO - Setting next_dagrun for example_nested_branch_dag to 2022-03-13 00:00:00+00:00
[2022-03-14 10:46:04,777] {processor.py:171} INFO - Processing /opt/anaconda3/lib/python3.9/site-packages/airflow/example_dags/example_nested_branch_dag.py took 0.109 seconds
[2022-03-14 10:48:23,178] {processor.py:163} INFO - Started process (PID=78715) to work on /opt/anaconda3/lib/python3.9/site-packages/airflow/example_dags/example_nested_branch_dag.py
[2022-03-14 10:48:23,179] {processor.py:642} INFO - Processing file /opt/anaconda3/lib/python3.9/site-packages/airflow/example_dags/example_nested_branch_dag.py for tasks to queue
[2022-03-14 10:48:23,180] {logging_mixin.py:109} INFO - [2022-03-14 10:48:23,179] {dagbag.py:500} INFO - Filling up the DagBag from /opt/anaconda3/lib/python3.9/site-packages/airflow/example_dags/example_nested_branch_dag.py
[2022-03-14 10:48:23,232] {processor.py:654} INFO - DAG(s) dict_keys(['example_nested_branch_dag']) retrieved from /opt/anaconda3/lib/python3.9/site-packages/airflow/example_dags/example_nested_branch_dag.py
[2022-03-14 10:48:23,249] {logging_mixin.py:109} INFO - [2022-03-14 10:48:23,249] {dag.py:2398} INFO - Sync 1 DAGs
[2022-03-14 10:48:23,258] {logging_mixin.py:109} INFO - [2022-03-14 10:48:23,258] {dag.py:2937} INFO - Setting next_dagrun for example_nested_branch_dag to 2022-03-13 00:00:00+00:00
[2022-03-14 10:48:23,269] {processor.py:171} INFO - Processing /opt/anaconda3/lib/python3.9/site-packages/airflow/example_dags/example_nested_branch_dag.py took 0.092 seconds
[2022-03-14 10:51:53,745] {processor.py:163} INFO - Started process (PID=78906) to work on /opt/anaconda3/lib/python3.9/site-packages/airflow/example_dags/example_nested_branch_dag.py
[2022-03-14 10:51:53,751] {processor.py:642} INFO - Processing file /opt/anaconda3/lib/python3.9/site-packages/airflow/example_dags/example_nested_branch_dag.py for tasks to queue
[2022-03-14 10:51:53,752] {logging_mixin.py:109} INFO - [2022-03-14 10:51:53,752] {dagbag.py:500} INFO - Filling up the DagBag from /opt/anaconda3/lib/python3.9/site-packages/airflow/example_dags/example_nested_branch_dag.py
[2022-03-14 10:51:53,810] {processor.py:654} INFO - DAG(s) dict_keys(['example_nested_branch_dag']) retrieved from /opt/anaconda3/lib/python3.9/site-packages/airflow/example_dags/example_nested_branch_dag.py
[2022-03-14 10:51:53,829] {logging_mixin.py:109} INFO - [2022-03-14 10:51:53,829] {dag.py:2398} INFO - Sync 1 DAGs
[2022-03-14 10:51:53,839] {logging_mixin.py:109} INFO - [2022-03-14 10:51:53,839] {dag.py:2937} INFO - Setting next_dagrun for example_nested_branch_dag to 2022-03-13 00:00:00+00:00
[2022-03-14 10:51:53,851] {processor.py:171} INFO - Processing /opt/anaconda3/lib/python3.9/site-packages/airflow/example_dags/example_nested_branch_dag.py took 0.106 seconds
[2022-03-14 10:54:00,198] {processor.py:163} INFO - Started process (PID=78986) to work on /opt/anaconda3/lib/python3.9/site-packages/airflow/example_dags/example_nested_branch_dag.py
[2022-03-14 10:54:00,205] {processor.py:642} INFO - Processing file /opt/anaconda3/lib/python3.9/site-packages/airflow/example_dags/example_nested_branch_dag.py for tasks to queue
[2022-03-14 10:54:00,206] {logging_mixin.py:109} INFO - [2022-03-14 10:54:00,206] {dagbag.py:500} INFO - Filling up the DagBag from /opt/anaconda3/lib/python3.9/site-packages/airflow/example_dags/example_nested_branch_dag.py
[2022-03-14 10:54:00,266] {processor.py:654} INFO - DAG(s) dict_keys(['example_nested_branch_dag']) retrieved from /opt/anaconda3/lib/python3.9/site-packages/airflow/example_dags/example_nested_branch_dag.py
[2022-03-14 10:54:00,287] {logging_mixin.py:109} INFO - [2022-03-14 10:54:00,287] {dag.py:2398} INFO - Sync 1 DAGs
[2022-03-14 10:54:00,297] {logging_mixin.py:109} INFO - [2022-03-14 10:54:00,297] {dag.py:2937} INFO - Setting next_dagrun for example_nested_branch_dag to 2022-03-13 00:00:00+00:00
[2022-03-14 10:54:00,310] {processor.py:171} INFO - Processing /opt/anaconda3/lib/python3.9/site-packages/airflow/example_dags/example_nested_branch_dag.py took 0.112 seconds
[2022-03-14 10:56:41,545] {processor.py:163} INFO - Started process (PID=79099) to work on /opt/anaconda3/lib/python3.9/site-packages/airflow/example_dags/example_nested_branch_dag.py
[2022-03-14 10:56:41,550] {processor.py:642} INFO - Processing file /opt/anaconda3/lib/python3.9/site-packages/airflow/example_dags/example_nested_branch_dag.py for tasks to queue
[2022-03-14 10:56:41,551] {logging_mixin.py:109} INFO - [2022-03-14 10:56:41,551] {dagbag.py:500} INFO - Filling up the DagBag from /opt/anaconda3/lib/python3.9/site-packages/airflow/example_dags/example_nested_branch_dag.py
[2022-03-14 10:56:41,644] {processor.py:654} INFO - DAG(s) dict_keys(['example_nested_branch_dag']) retrieved from /opt/anaconda3/lib/python3.9/site-packages/airflow/example_dags/example_nested_branch_dag.py
[2022-03-14 10:56:41,665] {logging_mixin.py:109} INFO - [2022-03-14 10:56:41,665] {dag.py:2398} INFO - Sync 1 DAGs
[2022-03-14 10:56:41,676] {logging_mixin.py:109} INFO - [2022-03-14 10:56:41,676] {dag.py:2937} INFO - Setting next_dagrun for example_nested_branch_dag to 2022-03-13 00:00:00+00:00
[2022-03-14 10:56:41,688] {processor.py:171} INFO - Processing /opt/anaconda3/lib/python3.9/site-packages/airflow/example_dags/example_nested_branch_dag.py took 0.144 seconds
[2022-03-14 10:59:24,410] {processor.py:163} INFO - Started process (PID=79255) to work on /opt/anaconda3/lib/python3.9/site-packages/airflow/example_dags/example_nested_branch_dag.py
[2022-03-14 10:59:24,410] {processor.py:642} INFO - Processing file /opt/anaconda3/lib/python3.9/site-packages/airflow/example_dags/example_nested_branch_dag.py for tasks to queue
[2022-03-14 10:59:24,411] {logging_mixin.py:109} INFO - [2022-03-14 10:59:24,411] {dagbag.py:500} INFO - Filling up the DagBag from /opt/anaconda3/lib/python3.9/site-packages/airflow/example_dags/example_nested_branch_dag.py
[2022-03-14 10:59:24,472] {processor.py:654} INFO - DAG(s) dict_keys(['example_nested_branch_dag']) retrieved from /opt/anaconda3/lib/python3.9/site-packages/airflow/example_dags/example_nested_branch_dag.py
[2022-03-14 10:59:24,492] {logging_mixin.py:109} INFO - [2022-03-14 10:59:24,491] {dag.py:2398} INFO - Sync 1 DAGs
[2022-03-14 10:59:24,503] {logging_mixin.py:109} INFO - [2022-03-14 10:59:24,503] {dag.py:2937} INFO - Setting next_dagrun for example_nested_branch_dag to 2022-03-13 00:00:00+00:00
[2022-03-14 10:59:24,515] {processor.py:171} INFO - Processing /opt/anaconda3/lib/python3.9/site-packages/airflow/example_dags/example_nested_branch_dag.py took 0.106 seconds
[2022-03-14 11:04:05,555] {processor.py:163} INFO - Started process (PID=79471) to work on /opt/anaconda3/lib/python3.9/site-packages/airflow/example_dags/example_nested_branch_dag.py
[2022-03-14 11:04:05,555] {processor.py:642} INFO - Processing file /opt/anaconda3/lib/python3.9/site-packages/airflow/example_dags/example_nested_branch_dag.py for tasks to queue
[2022-03-14 11:04:05,556] {logging_mixin.py:109} INFO - [2022-03-14 11:04:05,556] {dagbag.py:500} INFO - Filling up the DagBag from /opt/anaconda3/lib/python3.9/site-packages/airflow/example_dags/example_nested_branch_dag.py
[2022-03-14 11:04:05,614] {processor.py:654} INFO - DAG(s) dict_keys(['example_nested_branch_dag']) retrieved from /opt/anaconda3/lib/python3.9/site-packages/airflow/example_dags/example_nested_branch_dag.py
[2022-03-14 11:04:05,634] {logging_mixin.py:109} INFO - [2022-03-14 11:04:05,633] {dag.py:2398} INFO - Sync 1 DAGs
[2022-03-14 11:04:05,644] {logging_mixin.py:109} INFO - [2022-03-14 11:04:05,644] {dag.py:2937} INFO - Setting next_dagrun for example_nested_branch_dag to 2022-03-13 00:00:00+00:00
[2022-03-14 11:04:05,656] {processor.py:171} INFO - Processing /opt/anaconda3/lib/python3.9/site-packages/airflow/example_dags/example_nested_branch_dag.py took 0.102 seconds
[2022-03-14 11:06:03,437] {processor.py:163} INFO - Started process (PID=79576) to work on /opt/anaconda3/lib/python3.9/site-packages/airflow/example_dags/example_nested_branch_dag.py
[2022-03-14 11:06:03,437] {processor.py:642} INFO - Processing file /opt/anaconda3/lib/python3.9/site-packages/airflow/example_dags/example_nested_branch_dag.py for tasks to queue
[2022-03-14 11:06:03,438] {logging_mixin.py:109} INFO - [2022-03-14 11:06:03,438] {dagbag.py:500} INFO - Filling up the DagBag from /opt/anaconda3/lib/python3.9/site-packages/airflow/example_dags/example_nested_branch_dag.py
[2022-03-14 11:06:03,496] {processor.py:654} INFO - DAG(s) dict_keys(['example_nested_branch_dag']) retrieved from /opt/anaconda3/lib/python3.9/site-packages/airflow/example_dags/example_nested_branch_dag.py
[2022-03-14 11:06:03,516] {logging_mixin.py:109} INFO - [2022-03-14 11:06:03,516] {dag.py:2398} INFO - Sync 1 DAGs
[2022-03-14 11:06:03,527] {logging_mixin.py:109} INFO - [2022-03-14 11:06:03,527] {dag.py:2937} INFO - Setting next_dagrun for example_nested_branch_dag to 2022-03-13 00:00:00+00:00
[2022-03-14 11:06:03,543] {processor.py:171} INFO - Processing /opt/anaconda3/lib/python3.9/site-packages/airflow/example_dags/example_nested_branch_dag.py took 0.106 seconds
[2022-03-14 11:08:47,309] {processor.py:163} INFO - Started process (PID=79775) to work on /opt/anaconda3/lib/python3.9/site-packages/airflow/example_dags/example_nested_branch_dag.py
[2022-03-14 11:08:47,309] {processor.py:642} INFO - Processing file /opt/anaconda3/lib/python3.9/site-packages/airflow/example_dags/example_nested_branch_dag.py for tasks to queue
[2022-03-14 11:08:47,310] {logging_mixin.py:109} INFO - [2022-03-14 11:08:47,309] {dagbag.py:500} INFO - Filling up the DagBag from /opt/anaconda3/lib/python3.9/site-packages/airflow/example_dags/example_nested_branch_dag.py
[2022-03-14 11:08:47,372] {processor.py:654} INFO - DAG(s) dict_keys(['example_nested_branch_dag']) retrieved from /opt/anaconda3/lib/python3.9/site-packages/airflow/example_dags/example_nested_branch_dag.py
[2022-03-14 11:08:47,392] {logging_mixin.py:109} INFO - [2022-03-14 11:08:47,392] {dag.py:2398} INFO - Sync 1 DAGs
[2022-03-14 11:08:47,404] {logging_mixin.py:109} INFO - [2022-03-14 11:08:47,404] {dag.py:2937} INFO - Setting next_dagrun for example_nested_branch_dag to 2022-03-13 00:00:00+00:00
[2022-03-14 11:08:47,420] {processor.py:171} INFO - Processing /opt/anaconda3/lib/python3.9/site-packages/airflow/example_dags/example_nested_branch_dag.py took 0.112 seconds
[2022-03-14 11:11:47,402] {processor.py:163} INFO - Started process (PID=79914) to work on /opt/anaconda3/lib/python3.9/site-packages/airflow/example_dags/example_nested_branch_dag.py
[2022-03-14 11:11:47,409] {processor.py:642} INFO - Processing file /opt/anaconda3/lib/python3.9/site-packages/airflow/example_dags/example_nested_branch_dag.py for tasks to queue
[2022-03-14 11:11:47,410] {logging_mixin.py:109} INFO - [2022-03-14 11:11:47,409] {dagbag.py:500} INFO - Filling up the DagBag from /opt/anaconda3/lib/python3.9/site-packages/airflow/example_dags/example_nested_branch_dag.py
[2022-03-14 11:11:47,471] {processor.py:654} INFO - DAG(s) dict_keys(['example_nested_branch_dag']) retrieved from /opt/anaconda3/lib/python3.9/site-packages/airflow/example_dags/example_nested_branch_dag.py
[2022-03-14 11:11:47,491] {logging_mixin.py:109} INFO - [2022-03-14 11:11:47,491] {dag.py:2398} INFO - Sync 1 DAGs
[2022-03-14 11:11:47,501] {logging_mixin.py:109} INFO - [2022-03-14 11:11:47,501] {dag.py:2937} INFO - Setting next_dagrun for example_nested_branch_dag to 2022-03-13 00:00:00+00:00
[2022-03-14 11:11:47,515] {processor.py:171} INFO - Processing /opt/anaconda3/lib/python3.9/site-packages/airflow/example_dags/example_nested_branch_dag.py took 0.114 seconds
[2022-03-14 11:13:20,069] {processor.py:163} INFO - Started process (PID=79958) to work on /opt/anaconda3/lib/python3.9/site-packages/airflow/example_dags/example_nested_branch_dag.py
[2022-03-14 11:13:20,069] {processor.py:642} INFO - Processing file /opt/anaconda3/lib/python3.9/site-packages/airflow/example_dags/example_nested_branch_dag.py for tasks to queue
[2022-03-14 11:13:20,070] {logging_mixin.py:109} INFO - [2022-03-14 11:13:20,070] {dagbag.py:500} INFO - Filling up the DagBag from /opt/anaconda3/lib/python3.9/site-packages/airflow/example_dags/example_nested_branch_dag.py
[2022-03-14 11:13:20,131] {processor.py:654} INFO - DAG(s) dict_keys(['example_nested_branch_dag']) retrieved from /opt/anaconda3/lib/python3.9/site-packages/airflow/example_dags/example_nested_branch_dag.py
[2022-03-14 11:13:20,150] {logging_mixin.py:109} INFO - [2022-03-14 11:13:20,150] {dag.py:2398} INFO - Sync 1 DAGs
[2022-03-14 11:13:20,161] {logging_mixin.py:109} INFO - [2022-03-14 11:13:20,161] {dag.py:2937} INFO - Setting next_dagrun for example_nested_branch_dag to 2022-03-13 00:00:00+00:00
[2022-03-14 11:13:20,178] {processor.py:171} INFO - Processing /opt/anaconda3/lib/python3.9/site-packages/airflow/example_dags/example_nested_branch_dag.py took 0.110 seconds
[2022-03-14 11:15:41,671] {processor.py:163} INFO - Started process (PID=80052) to work on /opt/anaconda3/lib/python3.9/site-packages/airflow/example_dags/example_nested_branch_dag.py
[2022-03-14 11:15:41,671] {processor.py:642} INFO - Processing file /opt/anaconda3/lib/python3.9/site-packages/airflow/example_dags/example_nested_branch_dag.py for tasks to queue
[2022-03-14 11:15:41,672] {logging_mixin.py:109} INFO - [2022-03-14 11:15:41,672] {dagbag.py:500} INFO - Filling up the DagBag from /opt/anaconda3/lib/python3.9/site-packages/airflow/example_dags/example_nested_branch_dag.py
[2022-03-14 11:15:41,740] {processor.py:654} INFO - DAG(s) dict_keys(['example_nested_branch_dag']) retrieved from /opt/anaconda3/lib/python3.9/site-packages/airflow/example_dags/example_nested_branch_dag.py
[2022-03-14 11:15:41,760] {logging_mixin.py:109} INFO - [2022-03-14 11:15:41,760] {dag.py:2398} INFO - Sync 1 DAGs
[2022-03-14 11:15:41,771] {logging_mixin.py:109} INFO - [2022-03-14 11:15:41,771] {dag.py:2937} INFO - Setting next_dagrun for example_nested_branch_dag to 2022-03-13 00:00:00+00:00
[2022-03-14 11:15:41,783] {processor.py:171} INFO - Processing /opt/anaconda3/lib/python3.9/site-packages/airflow/example_dags/example_nested_branch_dag.py took 0.113 seconds
[2022-03-14 11:17:46,969] {processor.py:163} INFO - Started process (PID=80179) to work on /opt/anaconda3/lib/python3.9/site-packages/airflow/example_dags/example_nested_branch_dag.py
[2022-03-14 11:17:46,972] {processor.py:642} INFO - Processing file /opt/anaconda3/lib/python3.9/site-packages/airflow/example_dags/example_nested_branch_dag.py for tasks to queue
[2022-03-14 11:17:46,972] {logging_mixin.py:109} INFO - [2022-03-14 11:17:46,972] {dagbag.py:500} INFO - Filling up the DagBag from /opt/anaconda3/lib/python3.9/site-packages/airflow/example_dags/example_nested_branch_dag.py
[2022-03-14 11:17:47,034] {processor.py:654} INFO - DAG(s) dict_keys(['example_nested_branch_dag']) retrieved from /opt/anaconda3/lib/python3.9/site-packages/airflow/example_dags/example_nested_branch_dag.py
[2022-03-14 11:17:47,055] {logging_mixin.py:109} INFO - [2022-03-14 11:17:47,054] {dag.py:2398} INFO - Sync 1 DAGs
[2022-03-14 11:17:47,066] {logging_mixin.py:109} INFO - [2022-03-14 11:17:47,066] {dag.py:2937} INFO - Setting next_dagrun for example_nested_branch_dag to 2022-03-13 00:00:00+00:00
[2022-03-14 11:17:47,078] {processor.py:171} INFO - Processing /opt/anaconda3/lib/python3.9/site-packages/airflow/example_dags/example_nested_branch_dag.py took 0.109 seconds
[2022-03-14 11:20:33,743] {processor.py:163} INFO - Started process (PID=80337) to work on /opt/anaconda3/lib/python3.9/site-packages/airflow/example_dags/example_nested_branch_dag.py
[2022-03-14 11:20:33,749] {processor.py:642} INFO - Processing file /opt/anaconda3/lib/python3.9/site-packages/airflow/example_dags/example_nested_branch_dag.py for tasks to queue
[2022-03-14 11:20:33,750] {logging_mixin.py:109} INFO - [2022-03-14 11:20:33,750] {dagbag.py:500} INFO - Filling up the DagBag from /opt/anaconda3/lib/python3.9/site-packages/airflow/example_dags/example_nested_branch_dag.py
[2022-03-14 11:20:33,809] {processor.py:654} INFO - DAG(s) dict_keys(['example_nested_branch_dag']) retrieved from /opt/anaconda3/lib/python3.9/site-packages/airflow/example_dags/example_nested_branch_dag.py
[2022-03-14 11:20:33,828] {logging_mixin.py:109} INFO - [2022-03-14 11:20:33,828] {dag.py:2398} INFO - Sync 1 DAGs
[2022-03-14 11:20:33,838] {logging_mixin.py:109} INFO - [2022-03-14 11:20:33,838] {dag.py:2937} INFO - Setting next_dagrun for example_nested_branch_dag to 2022-03-13 00:00:00+00:00
[2022-03-14 11:20:33,850] {processor.py:171} INFO - Processing /opt/anaconda3/lib/python3.9/site-packages/airflow/example_dags/example_nested_branch_dag.py took 0.108 seconds
[2022-03-14 11:23:12,278] {processor.py:163} INFO - Started process (PID=80436) to work on /opt/anaconda3/lib/python3.9/site-packages/airflow/example_dags/example_nested_branch_dag.py
[2022-03-14 11:23:12,278] {processor.py:642} INFO - Processing file /opt/anaconda3/lib/python3.9/site-packages/airflow/example_dags/example_nested_branch_dag.py for tasks to queue
[2022-03-14 11:23:12,279] {logging_mixin.py:109} INFO - [2022-03-14 11:23:12,279] {dagbag.py:500} INFO - Filling up the DagBag from /opt/anaconda3/lib/python3.9/site-packages/airflow/example_dags/example_nested_branch_dag.py
[2022-03-14 11:23:12,338] {processor.py:654} INFO - DAG(s) dict_keys(['example_nested_branch_dag']) retrieved from /opt/anaconda3/lib/python3.9/site-packages/airflow/example_dags/example_nested_branch_dag.py
[2022-03-14 11:23:12,361] {logging_mixin.py:109} INFO - [2022-03-14 11:23:12,361] {dag.py:2398} INFO - Sync 1 DAGs
[2022-03-14 11:23:12,373] {logging_mixin.py:109} INFO - [2022-03-14 11:23:12,373] {dag.py:2937} INFO - Setting next_dagrun for example_nested_branch_dag to 2022-03-13 00:00:00+00:00
[2022-03-14 11:23:12,385] {processor.py:171} INFO - Processing /opt/anaconda3/lib/python3.9/site-packages/airflow/example_dags/example_nested_branch_dag.py took 0.107 seconds
[2022-03-14 11:25:51,563] {processor.py:163} INFO - Started process (PID=80545) to work on /opt/anaconda3/lib/python3.9/site-packages/airflow/example_dags/example_nested_branch_dag.py
[2022-03-14 11:25:51,569] {processor.py:642} INFO - Processing file /opt/anaconda3/lib/python3.9/site-packages/airflow/example_dags/example_nested_branch_dag.py for tasks to queue
[2022-03-14 11:25:51,570] {logging_mixin.py:109} INFO - [2022-03-14 11:25:51,570] {dagbag.py:500} INFO - Filling up the DagBag from /opt/anaconda3/lib/python3.9/site-packages/airflow/example_dags/example_nested_branch_dag.py
[2022-03-14 11:25:51,635] {processor.py:654} INFO - DAG(s) dict_keys(['example_nested_branch_dag']) retrieved from /opt/anaconda3/lib/python3.9/site-packages/airflow/example_dags/example_nested_branch_dag.py
[2022-03-14 11:25:51,671] {logging_mixin.py:109} INFO - [2022-03-14 11:25:51,671] {dag.py:2398} INFO - Sync 1 DAGs
[2022-03-14 11:25:51,687] {logging_mixin.py:109} INFO - [2022-03-14 11:25:51,686] {dag.py:2937} INFO - Setting next_dagrun for example_nested_branch_dag to 2022-03-13 00:00:00+00:00
[2022-03-14 11:25:51,704] {processor.py:171} INFO - Processing /opt/anaconda3/lib/python3.9/site-packages/airflow/example_dags/example_nested_branch_dag.py took 0.141 seconds
[2022-03-14 11:28:28,913] {processor.py:163} INFO - Started process (PID=80708) to work on /opt/anaconda3/lib/python3.9/site-packages/airflow/example_dags/example_nested_branch_dag.py
[2022-03-14 11:28:28,914] {processor.py:642} INFO - Processing file /opt/anaconda3/lib/python3.9/site-packages/airflow/example_dags/example_nested_branch_dag.py for tasks to queue
[2022-03-14 11:28:28,915] {logging_mixin.py:109} INFO - [2022-03-14 11:28:28,915] {dagbag.py:500} INFO - Filling up the DagBag from /opt/anaconda3/lib/python3.9/site-packages/airflow/example_dags/example_nested_branch_dag.py
[2022-03-14 11:28:28,991] {processor.py:654} INFO - DAG(s) dict_keys(['example_nested_branch_dag']) retrieved from /opt/anaconda3/lib/python3.9/site-packages/airflow/example_dags/example_nested_branch_dag.py
[2022-03-14 11:28:29,052] {logging_mixin.py:109} INFO - [2022-03-14 11:28:29,052] {dag.py:2398} INFO - Sync 1 DAGs
[2022-03-14 11:28:29,063] {logging_mixin.py:109} INFO - [2022-03-14 11:28:29,063] {dag.py:2937} INFO - Setting next_dagrun for example_nested_branch_dag to 2022-03-13 00:00:00+00:00
[2022-03-14 11:28:29,082] {processor.py:171} INFO - Processing /opt/anaconda3/lib/python3.9/site-packages/airflow/example_dags/example_nested_branch_dag.py took 0.169 seconds
[2022-03-14 11:31:04,617] {processor.py:163} INFO - Started process (PID=80846) to work on /opt/anaconda3/lib/python3.9/site-packages/airflow/example_dags/example_nested_branch_dag.py
[2022-03-14 11:31:04,618] {processor.py:642} INFO - Processing file /opt/anaconda3/lib/python3.9/site-packages/airflow/example_dags/example_nested_branch_dag.py for tasks to queue
[2022-03-14 11:31:04,624] {logging_mixin.py:109} INFO - [2022-03-14 11:31:04,624] {dagbag.py:500} INFO - Filling up the DagBag from /opt/anaconda3/lib/python3.9/site-packages/airflow/example_dags/example_nested_branch_dag.py
[2022-03-14 11:31:04,685] {processor.py:654} INFO - DAG(s) dict_keys(['example_nested_branch_dag']) retrieved from /opt/anaconda3/lib/python3.9/site-packages/airflow/example_dags/example_nested_branch_dag.py
[2022-03-14 11:31:04,705] {logging_mixin.py:109} INFO - [2022-03-14 11:31:04,705] {dag.py:2398} INFO - Sync 1 DAGs
[2022-03-14 11:31:04,724] {logging_mixin.py:109} INFO - [2022-03-14 11:31:04,724] {dag.py:2937} INFO - Setting next_dagrun for example_nested_branch_dag to 2022-03-13 00:00:00+00:00
[2022-03-14 11:31:04,759] {processor.py:171} INFO - Processing /opt/anaconda3/lib/python3.9/site-packages/airflow/example_dags/example_nested_branch_dag.py took 0.142 seconds
[2022-03-14 11:33:39,013] {processor.py:163} INFO - Started process (PID=80922) to work on /opt/anaconda3/lib/python3.9/site-packages/airflow/example_dags/example_nested_branch_dag.py
[2022-03-14 11:33:39,014] {processor.py:642} INFO - Processing file /opt/anaconda3/lib/python3.9/site-packages/airflow/example_dags/example_nested_branch_dag.py for tasks to queue
[2022-03-14 11:33:39,014] {logging_mixin.py:109} INFO - [2022-03-14 11:33:39,014] {dagbag.py:500} INFO - Filling up the DagBag from /opt/anaconda3/lib/python3.9/site-packages/airflow/example_dags/example_nested_branch_dag.py
[2022-03-14 11:33:39,072] {processor.py:654} INFO - DAG(s) dict_keys(['example_nested_branch_dag']) retrieved from /opt/anaconda3/lib/python3.9/site-packages/airflow/example_dags/example_nested_branch_dag.py
[2022-03-14 11:33:39,093] {logging_mixin.py:109} INFO - [2022-03-14 11:33:39,093] {dag.py:2398} INFO - Sync 1 DAGs
[2022-03-14 11:33:39,104] {logging_mixin.py:109} INFO - [2022-03-14 11:33:39,104] {dag.py:2937} INFO - Setting next_dagrun for example_nested_branch_dag to 2022-03-13 00:00:00+00:00
[2022-03-14 11:33:39,118] {processor.py:171} INFO - Processing /opt/anaconda3/lib/python3.9/site-packages/airflow/example_dags/example_nested_branch_dag.py took 0.105 seconds
[2022-03-14 11:36:07,614] {processor.py:163} INFO - Started process (PID=80992) to work on /opt/anaconda3/lib/python3.9/site-packages/airflow/example_dags/example_nested_branch_dag.py
[2022-03-14 11:36:07,621] {processor.py:642} INFO - Processing file /opt/anaconda3/lib/python3.9/site-packages/airflow/example_dags/example_nested_branch_dag.py for tasks to queue
[2022-03-14 11:36:07,621] {logging_mixin.py:109} INFO - [2022-03-14 11:36:07,621] {dagbag.py:500} INFO - Filling up the DagBag from /opt/anaconda3/lib/python3.9/site-packages/airflow/example_dags/example_nested_branch_dag.py
[2022-03-14 11:36:07,682] {processor.py:654} INFO - DAG(s) dict_keys(['example_nested_branch_dag']) retrieved from /opt/anaconda3/lib/python3.9/site-packages/airflow/example_dags/example_nested_branch_dag.py
[2022-03-14 11:36:07,702] {logging_mixin.py:109} INFO - [2022-03-14 11:36:07,702] {dag.py:2398} INFO - Sync 1 DAGs
[2022-03-14 11:36:07,713] {logging_mixin.py:109} INFO - [2022-03-14 11:36:07,713] {dag.py:2937} INFO - Setting next_dagrun for example_nested_branch_dag to 2022-03-13 00:00:00+00:00
[2022-03-14 11:36:07,726] {processor.py:171} INFO - Processing /opt/anaconda3/lib/python3.9/site-packages/airflow/example_dags/example_nested_branch_dag.py took 0.112 seconds
[2022-03-14 11:38:41,439] {processor.py:163} INFO - Started process (PID=81208) to work on /opt/anaconda3/lib/python3.9/site-packages/airflow/example_dags/example_nested_branch_dag.py
[2022-03-14 11:38:41,440] {processor.py:642} INFO - Processing file /opt/anaconda3/lib/python3.9/site-packages/airflow/example_dags/example_nested_branch_dag.py for tasks to queue
[2022-03-14 11:38:41,441] {logging_mixin.py:109} INFO - [2022-03-14 11:38:41,441] {dagbag.py:500} INFO - Filling up the DagBag from /opt/anaconda3/lib/python3.9/site-packages/airflow/example_dags/example_nested_branch_dag.py
[2022-03-14 11:38:41,500] {processor.py:654} INFO - DAG(s) dict_keys(['example_nested_branch_dag']) retrieved from /opt/anaconda3/lib/python3.9/site-packages/airflow/example_dags/example_nested_branch_dag.py
[2022-03-14 11:38:41,520] {logging_mixin.py:109} INFO - [2022-03-14 11:38:41,520] {dag.py:2398} INFO - Sync 1 DAGs
[2022-03-14 11:38:41,531] {logging_mixin.py:109} INFO - [2022-03-14 11:38:41,531] {dag.py:2937} INFO - Setting next_dagrun for example_nested_branch_dag to 2022-03-13 00:00:00+00:00
[2022-03-14 11:38:41,544] {processor.py:171} INFO - Processing /opt/anaconda3/lib/python3.9/site-packages/airflow/example_dags/example_nested_branch_dag.py took 0.106 seconds
[2022-03-14 11:41:13,629] {processor.py:163} INFO - Started process (PID=81362) to work on /opt/anaconda3/lib/python3.9/site-packages/airflow/example_dags/example_nested_branch_dag.py
[2022-03-14 11:41:13,630] {processor.py:642} INFO - Processing file /opt/anaconda3/lib/python3.9/site-packages/airflow/example_dags/example_nested_branch_dag.py for tasks to queue
[2022-03-14 11:41:13,631] {logging_mixin.py:109} INFO - [2022-03-14 11:41:13,631] {dagbag.py:500} INFO - Filling up the DagBag from /opt/anaconda3/lib/python3.9/site-packages/airflow/example_dags/example_nested_branch_dag.py
[2022-03-14 11:41:13,689] {processor.py:654} INFO - DAG(s) dict_keys(['example_nested_branch_dag']) retrieved from /opt/anaconda3/lib/python3.9/site-packages/airflow/example_dags/example_nested_branch_dag.py
[2022-03-14 11:41:13,708] {logging_mixin.py:109} INFO - [2022-03-14 11:41:13,708] {dag.py:2398} INFO - Sync 1 DAGs
[2022-03-14 11:41:13,718] {logging_mixin.py:109} INFO - [2022-03-14 11:41:13,718] {dag.py:2937} INFO - Setting next_dagrun for example_nested_branch_dag to 2022-03-13 00:00:00+00:00
[2022-03-14 11:41:13,730] {processor.py:171} INFO - Processing /opt/anaconda3/lib/python3.9/site-packages/airflow/example_dags/example_nested_branch_dag.py took 0.102 seconds
[2022-03-14 11:43:35,350] {processor.py:163} INFO - Started process (PID=81441) to work on /opt/anaconda3/lib/python3.9/site-packages/airflow/example_dags/example_nested_branch_dag.py
[2022-03-14 11:43:35,351] {processor.py:642} INFO - Processing file /opt/anaconda3/lib/python3.9/site-packages/airflow/example_dags/example_nested_branch_dag.py for tasks to queue
[2022-03-14 11:43:35,352] {logging_mixin.py:109} INFO - [2022-03-14 11:43:35,352] {dagbag.py:500} INFO - Filling up the DagBag from /opt/anaconda3/lib/python3.9/site-packages/airflow/example_dags/example_nested_branch_dag.py
[2022-03-14 11:43:35,412] {processor.py:654} INFO - DAG(s) dict_keys(['example_nested_branch_dag']) retrieved from /opt/anaconda3/lib/python3.9/site-packages/airflow/example_dags/example_nested_branch_dag.py
[2022-03-14 11:43:35,438] {logging_mixin.py:109} INFO - [2022-03-14 11:43:35,438] {dag.py:2398} INFO - Sync 1 DAGs
[2022-03-14 11:43:35,451] {logging_mixin.py:109} INFO - [2022-03-14 11:43:35,450] {dag.py:2937} INFO - Setting next_dagrun for example_nested_branch_dag to 2022-03-13 00:00:00+00:00
[2022-03-14 11:43:35,465] {processor.py:171} INFO - Processing /opt/anaconda3/lib/python3.9/site-packages/airflow/example_dags/example_nested_branch_dag.py took 0.115 seconds
[2022-03-14 11:46:09,689] {processor.py:163} INFO - Started process (PID=81570) to work on /opt/anaconda3/lib/python3.9/site-packages/airflow/example_dags/example_nested_branch_dag.py
[2022-03-14 11:46:09,692] {processor.py:642} INFO - Processing file /opt/anaconda3/lib/python3.9/site-packages/airflow/example_dags/example_nested_branch_dag.py for tasks to queue
[2022-03-14 11:46:09,692] {logging_mixin.py:109} INFO - [2022-03-14 11:46:09,692] {dagbag.py:500} INFO - Filling up the DagBag from /opt/anaconda3/lib/python3.9/site-packages/airflow/example_dags/example_nested_branch_dag.py
[2022-03-14 11:46:09,752] {processor.py:654} INFO - DAG(s) dict_keys(['example_nested_branch_dag']) retrieved from /opt/anaconda3/lib/python3.9/site-packages/airflow/example_dags/example_nested_branch_dag.py
[2022-03-14 11:46:09,771] {logging_mixin.py:109} INFO - [2022-03-14 11:46:09,771] {dag.py:2398} INFO - Sync 1 DAGs
[2022-03-14 11:46:09,781] {logging_mixin.py:109} INFO - [2022-03-14 11:46:09,781] {dag.py:2937} INFO - Setting next_dagrun for example_nested_branch_dag to 2022-03-13 00:00:00+00:00
[2022-03-14 11:46:09,794] {processor.py:171} INFO - Processing /opt/anaconda3/lib/python3.9/site-packages/airflow/example_dags/example_nested_branch_dag.py took 0.105 seconds
[2022-03-14 11:48:43,192] {processor.py:163} INFO - Started process (PID=81714) to work on /opt/anaconda3/lib/python3.9/site-packages/airflow/example_dags/example_nested_branch_dag.py
[2022-03-14 11:48:43,192] {processor.py:642} INFO - Processing file /opt/anaconda3/lib/python3.9/site-packages/airflow/example_dags/example_nested_branch_dag.py for tasks to queue
[2022-03-14 11:48:43,193] {logging_mixin.py:109} INFO - [2022-03-14 11:48:43,193] {dagbag.py:500} INFO - Filling up the DagBag from /opt/anaconda3/lib/python3.9/site-packages/airflow/example_dags/example_nested_branch_dag.py
[2022-03-14 11:48:43,251] {processor.py:654} INFO - DAG(s) dict_keys(['example_nested_branch_dag']) retrieved from /opt/anaconda3/lib/python3.9/site-packages/airflow/example_dags/example_nested_branch_dag.py
[2022-03-14 11:48:43,271] {logging_mixin.py:109} INFO - [2022-03-14 11:48:43,271] {dag.py:2398} INFO - Sync 1 DAGs
[2022-03-14 11:48:43,281] {logging_mixin.py:109} INFO - [2022-03-14 11:48:43,281] {dag.py:2937} INFO - Setting next_dagrun for example_nested_branch_dag to 2022-03-13 00:00:00+00:00
[2022-03-14 11:48:43,293] {processor.py:171} INFO - Processing /opt/anaconda3/lib/python3.9/site-packages/airflow/example_dags/example_nested_branch_dag.py took 0.102 seconds
[2022-03-14 11:51:15,066] {processor.py:163} INFO - Started process (PID=81815) to work on /opt/anaconda3/lib/python3.9/site-packages/airflow/example_dags/example_nested_branch_dag.py
[2022-03-14 11:51:15,066] {processor.py:642} INFO - Processing file /opt/anaconda3/lib/python3.9/site-packages/airflow/example_dags/example_nested_branch_dag.py for tasks to queue
[2022-03-14 11:51:15,067] {logging_mixin.py:109} INFO - [2022-03-14 11:51:15,067] {dagbag.py:500} INFO - Filling up the DagBag from /opt/anaconda3/lib/python3.9/site-packages/airflow/example_dags/example_nested_branch_dag.py
[2022-03-14 11:51:15,125] {processor.py:654} INFO - DAG(s) dict_keys(['example_nested_branch_dag']) retrieved from /opt/anaconda3/lib/python3.9/site-packages/airflow/example_dags/example_nested_branch_dag.py
[2022-03-14 11:51:15,147] {logging_mixin.py:109} INFO - [2022-03-14 11:51:15,146] {dag.py:2398} INFO - Sync 1 DAGs
[2022-03-14 11:51:15,158] {logging_mixin.py:109} INFO - [2022-03-14 11:51:15,158] {dag.py:2937} INFO - Setting next_dagrun for example_nested_branch_dag to 2022-03-13 00:00:00+00:00
[2022-03-14 11:51:15,170] {processor.py:171} INFO - Processing /opt/anaconda3/lib/python3.9/site-packages/airflow/example_dags/example_nested_branch_dag.py took 0.105 seconds
[2022-03-14 11:53:50,630] {processor.py:163} INFO - Started process (PID=81926) to work on /opt/anaconda3/lib/python3.9/site-packages/airflow/example_dags/example_nested_branch_dag.py
[2022-03-14 11:53:50,631] {processor.py:642} INFO - Processing file /opt/anaconda3/lib/python3.9/site-packages/airflow/example_dags/example_nested_branch_dag.py for tasks to queue
[2022-03-14 11:53:50,631] {logging_mixin.py:109} INFO - [2022-03-14 11:53:50,631] {dagbag.py:500} INFO - Filling up the DagBag from /opt/anaconda3/lib/python3.9/site-packages/airflow/example_dags/example_nested_branch_dag.py
[2022-03-14 11:53:50,690] {processor.py:654} INFO - DAG(s) dict_keys(['example_nested_branch_dag']) retrieved from /opt/anaconda3/lib/python3.9/site-packages/airflow/example_dags/example_nested_branch_dag.py
[2022-03-14 11:53:50,709] {logging_mixin.py:109} INFO - [2022-03-14 11:53:50,709] {dag.py:2398} INFO - Sync 1 DAGs
[2022-03-14 11:53:50,719] {logging_mixin.py:109} INFO - [2022-03-14 11:53:50,719] {dag.py:2937} INFO - Setting next_dagrun for example_nested_branch_dag to 2022-03-13 00:00:00+00:00
[2022-03-14 11:53:50,737] {processor.py:171} INFO - Processing /opt/anaconda3/lib/python3.9/site-packages/airflow/example_dags/example_nested_branch_dag.py took 0.107 seconds
[2022-03-14 11:56:23,650] {processor.py:163} INFO - Started process (PID=82022) to work on /opt/anaconda3/lib/python3.9/site-packages/airflow/example_dags/example_nested_branch_dag.py
[2022-03-14 11:56:23,650] {processor.py:642} INFO - Processing file /opt/anaconda3/lib/python3.9/site-packages/airflow/example_dags/example_nested_branch_dag.py for tasks to queue
[2022-03-14 11:56:23,651] {logging_mixin.py:109} INFO - [2022-03-14 11:56:23,651] {dagbag.py:500} INFO - Filling up the DagBag from /opt/anaconda3/lib/python3.9/site-packages/airflow/example_dags/example_nested_branch_dag.py
[2022-03-14 11:56:23,704] {processor.py:654} INFO - DAG(s) dict_keys(['example_nested_branch_dag']) retrieved from /opt/anaconda3/lib/python3.9/site-packages/airflow/example_dags/example_nested_branch_dag.py
[2022-03-14 11:56:23,721] {logging_mixin.py:109} INFO - [2022-03-14 11:56:23,721] {dag.py:2398} INFO - Sync 1 DAGs
[2022-03-14 11:56:23,731] {logging_mixin.py:109} INFO - [2022-03-14 11:56:23,731] {dag.py:2937} INFO - Setting next_dagrun for example_nested_branch_dag to 2022-03-13 00:00:00+00:00
[2022-03-14 11:56:23,742] {processor.py:171} INFO - Processing /opt/anaconda3/lib/python3.9/site-packages/airflow/example_dags/example_nested_branch_dag.py took 0.092 seconds
[2022-03-14 11:58:57,676] {processor.py:163} INFO - Started process (PID=82188) to work on /opt/anaconda3/lib/python3.9/site-packages/airflow/example_dags/example_nested_branch_dag.py
[2022-03-14 11:58:57,683] {processor.py:642} INFO - Processing file /opt/anaconda3/lib/python3.9/site-packages/airflow/example_dags/example_nested_branch_dag.py for tasks to queue
[2022-03-14 11:58:57,684] {logging_mixin.py:109} INFO - [2022-03-14 11:58:57,684] {dagbag.py:500} INFO - Filling up the DagBag from /opt/anaconda3/lib/python3.9/site-packages/airflow/example_dags/example_nested_branch_dag.py
[2022-03-14 11:58:57,744] {processor.py:654} INFO - DAG(s) dict_keys(['example_nested_branch_dag']) retrieved from /opt/anaconda3/lib/python3.9/site-packages/airflow/example_dags/example_nested_branch_dag.py
[2022-03-14 11:58:57,764] {logging_mixin.py:109} INFO - [2022-03-14 11:58:57,764] {dag.py:2398} INFO - Sync 1 DAGs
[2022-03-14 11:58:57,775] {logging_mixin.py:109} INFO - [2022-03-14 11:58:57,775] {dag.py:2937} INFO - Setting next_dagrun for example_nested_branch_dag to 2022-03-13 00:00:00+00:00
[2022-03-14 11:58:57,789] {processor.py:171} INFO - Processing /opt/anaconda3/lib/python3.9/site-packages/airflow/example_dags/example_nested_branch_dag.py took 0.114 seconds
[2022-03-14 12:01:32,602] {processor.py:163} INFO - Started process (PID=82276) to work on /opt/anaconda3/lib/python3.9/site-packages/airflow/example_dags/example_nested_branch_dag.py
[2022-03-14 12:01:32,608] {processor.py:642} INFO - Processing file /opt/anaconda3/lib/python3.9/site-packages/airflow/example_dags/example_nested_branch_dag.py for tasks to queue
[2022-03-14 12:01:32,609] {logging_mixin.py:109} INFO - [2022-03-14 12:01:32,609] {dagbag.py:500} INFO - Filling up the DagBag from /opt/anaconda3/lib/python3.9/site-packages/airflow/example_dags/example_nested_branch_dag.py
[2022-03-14 12:01:32,671] {processor.py:654} INFO - DAG(s) dict_keys(['example_nested_branch_dag']) retrieved from /opt/anaconda3/lib/python3.9/site-packages/airflow/example_dags/example_nested_branch_dag.py
[2022-03-14 12:01:32,690] {logging_mixin.py:109} INFO - [2022-03-14 12:01:32,689] {dag.py:2398} INFO - Sync 1 DAGs
[2022-03-14 12:01:32,700] {logging_mixin.py:109} INFO - [2022-03-14 12:01:32,700] {dag.py:2937} INFO - Setting next_dagrun for example_nested_branch_dag to 2022-03-13 00:00:00+00:00
[2022-03-14 12:01:32,712] {processor.py:171} INFO - Processing /opt/anaconda3/lib/python3.9/site-packages/airflow/example_dags/example_nested_branch_dag.py took 0.111 seconds
[2022-03-14 12:04:02,756] {processor.py:163} INFO - Started process (PID=82376) to work on /opt/anaconda3/lib/python3.9/site-packages/airflow/example_dags/example_nested_branch_dag.py
[2022-03-14 12:04:02,757] {processor.py:642} INFO - Processing file /opt/anaconda3/lib/python3.9/site-packages/airflow/example_dags/example_nested_branch_dag.py for tasks to queue
[2022-03-14 12:04:02,757] {logging_mixin.py:109} INFO - [2022-03-14 12:04:02,757] {dagbag.py:500} INFO - Filling up the DagBag from /opt/anaconda3/lib/python3.9/site-packages/airflow/example_dags/example_nested_branch_dag.py
[2022-03-14 12:04:02,816] {processor.py:654} INFO - DAG(s) dict_keys(['example_nested_branch_dag']) retrieved from /opt/anaconda3/lib/python3.9/site-packages/airflow/example_dags/example_nested_branch_dag.py
[2022-03-14 12:04:02,835] {logging_mixin.py:109} INFO - [2022-03-14 12:04:02,835] {dag.py:2398} INFO - Sync 1 DAGs
[2022-03-14 12:04:02,846] {logging_mixin.py:109} INFO - [2022-03-14 12:04:02,846] {dag.py:2937} INFO - Setting next_dagrun for example_nested_branch_dag to 2022-03-13 00:00:00+00:00
[2022-03-14 12:04:02,862] {processor.py:171} INFO - Processing /opt/anaconda3/lib/python3.9/site-packages/airflow/example_dags/example_nested_branch_dag.py took 0.106 seconds
[2022-03-14 12:07:14,145] {processor.py:163} INFO - Started process (PID=82511) to work on /opt/anaconda3/lib/python3.9/site-packages/airflow/example_dags/example_nested_branch_dag.py
[2022-03-14 12:07:14,151] {processor.py:642} INFO - Processing file /opt/anaconda3/lib/python3.9/site-packages/airflow/example_dags/example_nested_branch_dag.py for tasks to queue
[2022-03-14 12:07:14,152] {logging_mixin.py:109} INFO - [2022-03-14 12:07:14,152] {dagbag.py:500} INFO - Filling up the DagBag from /opt/anaconda3/lib/python3.9/site-packages/airflow/example_dags/example_nested_branch_dag.py
[2022-03-14 12:07:14,211] {processor.py:654} INFO - DAG(s) dict_keys(['example_nested_branch_dag']) retrieved from /opt/anaconda3/lib/python3.9/site-packages/airflow/example_dags/example_nested_branch_dag.py
[2022-03-14 12:07:14,231] {logging_mixin.py:109} INFO - [2022-03-14 12:07:14,231] {dag.py:2398} INFO - Sync 1 DAGs
[2022-03-14 12:07:14,243] {logging_mixin.py:109} INFO - [2022-03-14 12:07:14,243] {dag.py:2937} INFO - Setting next_dagrun for example_nested_branch_dag to 2022-03-13 00:00:00+00:00
[2022-03-14 12:07:14,256] {processor.py:171} INFO - Processing /opt/anaconda3/lib/python3.9/site-packages/airflow/example_dags/example_nested_branch_dag.py took 0.112 seconds
