[2022-03-14 09:07:58,497] {processor.py:163} INFO - Started process (PID=73928) to work on /opt/anaconda3/lib/python3.9/site-packages/airflow/example_dags/example_skip_dag.py
[2022-03-14 09:07:58,498] {processor.py:642} INFO - Processing file /opt/anaconda3/lib/python3.9/site-packages/airflow/example_dags/example_skip_dag.py for tasks to queue
[2022-03-14 09:07:58,498] {logging_mixin.py:109} INFO - [2022-03-14 09:07:58,498] {dagbag.py:500} INFO - Filling up the DagBag from /opt/anaconda3/lib/python3.9/site-packages/airflow/example_dags/example_skip_dag.py
[2022-03-14 09:07:58,544] {processor.py:654} INFO - DAG(s) dict_keys(['example_skip_dag']) retrieved from /opt/anaconda3/lib/python3.9/site-packages/airflow/example_dags/example_skip_dag.py
[2022-03-14 09:07:58,563] {logging_mixin.py:109} INFO - [2022-03-14 09:07:58,563] {dag.py:2398} INFO - Sync 1 DAGs
[2022-03-14 09:07:58,572] {logging_mixin.py:109} INFO - [2022-03-14 09:07:58,572] {dag.py:2937} INFO - Setting next_dagrun for example_skip_dag to 2022-03-13T14:07:58.572052+00:00
[2022-03-14 09:07:58,583] {processor.py:171} INFO - Processing /opt/anaconda3/lib/python3.9/site-packages/airflow/example_dags/example_skip_dag.py took 0.086 seconds
[2022-03-14 09:37:12,765] {processor.py:163} INFO - Started process (PID=74802) to work on /opt/anaconda3/lib/python3.9/site-packages/airflow/example_dags/example_skip_dag.py
[2022-03-14 09:37:12,768] {processor.py:642} INFO - Processing file /opt/anaconda3/lib/python3.9/site-packages/airflow/example_dags/example_skip_dag.py for tasks to queue
[2022-03-14 09:37:12,768] {logging_mixin.py:109} INFO - [2022-03-14 09:37:12,768] {dagbag.py:500} INFO - Filling up the DagBag from /opt/anaconda3/lib/python3.9/site-packages/airflow/example_dags/example_skip_dag.py
[2022-03-14 09:37:12,810] {processor.py:654} INFO - DAG(s) dict_keys(['example_skip_dag']) retrieved from /opt/anaconda3/lib/python3.9/site-packages/airflow/example_dags/example_skip_dag.py
[2022-03-14 09:37:12,831] {logging_mixin.py:109} INFO - [2022-03-14 09:37:12,830] {dag.py:2398} INFO - Sync 1 DAGs
[2022-03-14 09:37:12,840] {logging_mixin.py:109} INFO - [2022-03-14 09:37:12,840] {dag.py:2937} INFO - Setting next_dagrun for example_skip_dag to 2022-03-13T14:37:12.840337+00:00
[2022-03-14 09:37:12,853] {processor.py:171} INFO - Processing /opt/anaconda3/lib/python3.9/site-packages/airflow/example_dags/example_skip_dag.py took 0.089 seconds
[2022-03-14 09:39:00,929] {processor.py:163} INFO - Started process (PID=74958) to work on /opt/anaconda3/lib/python3.9/site-packages/airflow/example_dags/example_skip_dag.py
[2022-03-14 09:39:00,935] {processor.py:642} INFO - Processing file /opt/anaconda3/lib/python3.9/site-packages/airflow/example_dags/example_skip_dag.py for tasks to queue
[2022-03-14 09:39:00,936] {logging_mixin.py:109} INFO - [2022-03-14 09:39:00,936] {dagbag.py:500} INFO - Filling up the DagBag from /opt/anaconda3/lib/python3.9/site-packages/airflow/example_dags/example_skip_dag.py
[2022-03-14 09:39:00,980] {processor.py:654} INFO - DAG(s) dict_keys(['example_skip_dag']) retrieved from /opt/anaconda3/lib/python3.9/site-packages/airflow/example_dags/example_skip_dag.py
[2022-03-14 09:39:01,000] {logging_mixin.py:109} INFO - [2022-03-14 09:39:01,000] {dag.py:2398} INFO - Sync 1 DAGs
[2022-03-14 09:39:01,010] {logging_mixin.py:109} INFO - [2022-03-14 09:39:01,010] {dag.py:2937} INFO - Setting next_dagrun for example_skip_dag to 2022-03-13T14:39:01.010062+00:00
[2022-03-14 09:39:01,022] {processor.py:171} INFO - Processing /opt/anaconda3/lib/python3.9/site-packages/airflow/example_dags/example_skip_dag.py took 0.094 seconds
[2022-03-14 09:41:34,845] {processor.py:163} INFO - Started process (PID=75142) to work on /opt/anaconda3/lib/python3.9/site-packages/airflow/example_dags/example_skip_dag.py
[2022-03-14 09:41:34,851] {processor.py:642} INFO - Processing file /opt/anaconda3/lib/python3.9/site-packages/airflow/example_dags/example_skip_dag.py for tasks to queue
[2022-03-14 09:41:34,852] {logging_mixin.py:109} INFO - [2022-03-14 09:41:34,852] {dagbag.py:500} INFO - Filling up the DagBag from /opt/anaconda3/lib/python3.9/site-packages/airflow/example_dags/example_skip_dag.py
[2022-03-14 09:41:34,895] {processor.py:654} INFO - DAG(s) dict_keys(['example_skip_dag']) retrieved from /opt/anaconda3/lib/python3.9/site-packages/airflow/example_dags/example_skip_dag.py
[2022-03-14 09:41:34,917] {logging_mixin.py:109} INFO - [2022-03-14 09:41:34,917] {dag.py:2398} INFO - Sync 1 DAGs
[2022-03-14 09:41:34,927] {logging_mixin.py:109} INFO - [2022-03-14 09:41:34,927] {dag.py:2937} INFO - Setting next_dagrun for example_skip_dag to 2022-03-13T14:41:34.927541+00:00
[2022-03-14 09:41:34,937] {processor.py:171} INFO - Processing /opt/anaconda3/lib/python3.9/site-packages/airflow/example_dags/example_skip_dag.py took 0.093 seconds
[2022-03-14 09:44:05,724] {processor.py:163} INFO - Started process (PID=75246) to work on /opt/anaconda3/lib/python3.9/site-packages/airflow/example_dags/example_skip_dag.py
[2022-03-14 09:44:05,730] {processor.py:642} INFO - Processing file /opt/anaconda3/lib/python3.9/site-packages/airflow/example_dags/example_skip_dag.py for tasks to queue
[2022-03-14 09:44:05,731] {logging_mixin.py:109} INFO - [2022-03-14 09:44:05,731] {dagbag.py:500} INFO - Filling up the DagBag from /opt/anaconda3/lib/python3.9/site-packages/airflow/example_dags/example_skip_dag.py
[2022-03-14 09:44:05,774] {processor.py:654} INFO - DAG(s) dict_keys(['example_skip_dag']) retrieved from /opt/anaconda3/lib/python3.9/site-packages/airflow/example_dags/example_skip_dag.py
[2022-03-14 09:44:05,793] {logging_mixin.py:109} INFO - [2022-03-14 09:44:05,793] {dag.py:2398} INFO - Sync 1 DAGs
[2022-03-14 09:44:05,802] {logging_mixin.py:109} INFO - [2022-03-14 09:44:05,802] {dag.py:2937} INFO - Setting next_dagrun for example_skip_dag to 2022-03-13T14:44:05.802419+00:00
[2022-03-14 09:44:05,813] {processor.py:171} INFO - Processing /opt/anaconda3/lib/python3.9/site-packages/airflow/example_dags/example_skip_dag.py took 0.090 seconds
[2022-03-14 09:46:43,808] {processor.py:163} INFO - Started process (PID=75331) to work on /opt/anaconda3/lib/python3.9/site-packages/airflow/example_dags/example_skip_dag.py
[2022-03-14 09:46:43,815] {processor.py:642} INFO - Processing file /opt/anaconda3/lib/python3.9/site-packages/airflow/example_dags/example_skip_dag.py for tasks to queue
[2022-03-14 09:46:43,815] {logging_mixin.py:109} INFO - [2022-03-14 09:46:43,815] {dagbag.py:500} INFO - Filling up the DagBag from /opt/anaconda3/lib/python3.9/site-packages/airflow/example_dags/example_skip_dag.py
[2022-03-14 09:46:43,858] {processor.py:654} INFO - DAG(s) dict_keys(['example_skip_dag']) retrieved from /opt/anaconda3/lib/python3.9/site-packages/airflow/example_dags/example_skip_dag.py
[2022-03-14 09:46:43,877] {logging_mixin.py:109} INFO - [2022-03-14 09:46:43,877] {dag.py:2398} INFO - Sync 1 DAGs
[2022-03-14 09:46:43,886] {logging_mixin.py:109} INFO - [2022-03-14 09:46:43,886] {dag.py:2937} INFO - Setting next_dagrun for example_skip_dag to 2022-03-13T14:46:43.886739+00:00
[2022-03-14 09:46:43,898] {processor.py:171} INFO - Processing /opt/anaconda3/lib/python3.9/site-packages/airflow/example_dags/example_skip_dag.py took 0.091 seconds
[2022-03-14 09:49:12,284] {processor.py:163} INFO - Started process (PID=75477) to work on /opt/anaconda3/lib/python3.9/site-packages/airflow/example_dags/example_skip_dag.py
[2022-03-14 09:49:12,290] {processor.py:642} INFO - Processing file /opt/anaconda3/lib/python3.9/site-packages/airflow/example_dags/example_skip_dag.py for tasks to queue
[2022-03-14 09:49:12,290] {logging_mixin.py:109} INFO - [2022-03-14 09:49:12,290] {dagbag.py:500} INFO - Filling up the DagBag from /opt/anaconda3/lib/python3.9/site-packages/airflow/example_dags/example_skip_dag.py
[2022-03-14 09:49:12,336] {processor.py:654} INFO - DAG(s) dict_keys(['example_skip_dag']) retrieved from /opt/anaconda3/lib/python3.9/site-packages/airflow/example_dags/example_skip_dag.py
[2022-03-14 09:49:12,357] {logging_mixin.py:109} INFO - [2022-03-14 09:49:12,356] {dag.py:2398} INFO - Sync 1 DAGs
[2022-03-14 09:49:12,366] {logging_mixin.py:109} INFO - [2022-03-14 09:49:12,366] {dag.py:2937} INFO - Setting next_dagrun for example_skip_dag to 2022-03-13T14:49:12.366544+00:00
[2022-03-14 09:49:12,378] {processor.py:171} INFO - Processing /opt/anaconda3/lib/python3.9/site-packages/airflow/example_dags/example_skip_dag.py took 0.095 seconds
[2022-03-14 09:51:41,071] {processor.py:163} INFO - Started process (PID=75586) to work on /opt/anaconda3/lib/python3.9/site-packages/airflow/example_dags/example_skip_dag.py
[2022-03-14 09:51:41,077] {processor.py:642} INFO - Processing file /opt/anaconda3/lib/python3.9/site-packages/airflow/example_dags/example_skip_dag.py for tasks to queue
[2022-03-14 09:51:41,078] {logging_mixin.py:109} INFO - [2022-03-14 09:51:41,078] {dagbag.py:500} INFO - Filling up the DagBag from /opt/anaconda3/lib/python3.9/site-packages/airflow/example_dags/example_skip_dag.py
[2022-03-14 09:51:41,120] {processor.py:654} INFO - DAG(s) dict_keys(['example_skip_dag']) retrieved from /opt/anaconda3/lib/python3.9/site-packages/airflow/example_dags/example_skip_dag.py
[2022-03-14 09:51:41,140] {logging_mixin.py:109} INFO - [2022-03-14 09:51:41,139] {dag.py:2398} INFO - Sync 1 DAGs
[2022-03-14 09:51:41,148] {logging_mixin.py:109} INFO - [2022-03-14 09:51:41,148] {dag.py:2937} INFO - Setting next_dagrun for example_skip_dag to 2022-03-13T14:51:41.148405+00:00
[2022-03-14 09:51:41,159] {processor.py:171} INFO - Processing /opt/anaconda3/lib/python3.9/site-packages/airflow/example_dags/example_skip_dag.py took 0.089 seconds
[2022-03-14 09:54:10,303] {processor.py:163} INFO - Started process (PID=75717) to work on /opt/anaconda3/lib/python3.9/site-packages/airflow/example_dags/example_skip_dag.py
[2022-03-14 09:54:10,309] {processor.py:642} INFO - Processing file /opt/anaconda3/lib/python3.9/site-packages/airflow/example_dags/example_skip_dag.py for tasks to queue
[2022-03-14 09:54:10,310] {logging_mixin.py:109} INFO - [2022-03-14 09:54:10,310] {dagbag.py:500} INFO - Filling up the DagBag from /opt/anaconda3/lib/python3.9/site-packages/airflow/example_dags/example_skip_dag.py
[2022-03-14 09:54:10,352] {processor.py:654} INFO - DAG(s) dict_keys(['example_skip_dag']) retrieved from /opt/anaconda3/lib/python3.9/site-packages/airflow/example_dags/example_skip_dag.py
[2022-03-14 09:54:10,371] {logging_mixin.py:109} INFO - [2022-03-14 09:54:10,371] {dag.py:2398} INFO - Sync 1 DAGs
[2022-03-14 09:54:10,379] {logging_mixin.py:109} INFO - [2022-03-14 09:54:10,379] {dag.py:2937} INFO - Setting next_dagrun for example_skip_dag to 2022-03-13T14:54:10.379316+00:00
[2022-03-14 09:54:10,388] {processor.py:171} INFO - Processing /opt/anaconda3/lib/python3.9/site-packages/airflow/example_dags/example_skip_dag.py took 0.085 seconds
[2022-03-14 09:56:48,691] {processor.py:163} INFO - Started process (PID=75794) to work on /opt/anaconda3/lib/python3.9/site-packages/airflow/example_dags/example_skip_dag.py
[2022-03-14 09:56:48,692] {processor.py:642} INFO - Processing file /opt/anaconda3/lib/python3.9/site-packages/airflow/example_dags/example_skip_dag.py for tasks to queue
[2022-03-14 09:56:48,692] {logging_mixin.py:109} INFO - [2022-03-14 09:56:48,692] {dagbag.py:500} INFO - Filling up the DagBag from /opt/anaconda3/lib/python3.9/site-packages/airflow/example_dags/example_skip_dag.py
[2022-03-14 09:56:48,746] {processor.py:654} INFO - DAG(s) dict_keys(['example_skip_dag']) retrieved from /opt/anaconda3/lib/python3.9/site-packages/airflow/example_dags/example_skip_dag.py
[2022-03-14 09:56:48,772] {logging_mixin.py:109} INFO - [2022-03-14 09:56:48,772] {dag.py:2398} INFO - Sync 1 DAGs
[2022-03-14 09:56:48,789] {logging_mixin.py:109} INFO - [2022-03-14 09:56:48,789] {dag.py:2937} INFO - Setting next_dagrun for example_skip_dag to 2022-03-13T14:56:48.788872+00:00
[2022-03-14 09:56:48,807] {processor.py:171} INFO - Processing /opt/anaconda3/lib/python3.9/site-packages/airflow/example_dags/example_skip_dag.py took 0.117 seconds
[2022-03-14 09:59:45,739] {processor.py:163} INFO - Started process (PID=75963) to work on /opt/anaconda3/lib/python3.9/site-packages/airflow/example_dags/example_skip_dag.py
[2022-03-14 09:59:45,739] {processor.py:642} INFO - Processing file /opt/anaconda3/lib/python3.9/site-packages/airflow/example_dags/example_skip_dag.py for tasks to queue
[2022-03-14 09:59:45,740] {logging_mixin.py:109} INFO - [2022-03-14 09:59:45,740] {dagbag.py:500} INFO - Filling up the DagBag from /opt/anaconda3/lib/python3.9/site-packages/airflow/example_dags/example_skip_dag.py
[2022-03-14 09:59:45,780] {processor.py:654} INFO - DAG(s) dict_keys(['example_skip_dag']) retrieved from /opt/anaconda3/lib/python3.9/site-packages/airflow/example_dags/example_skip_dag.py
[2022-03-14 09:59:45,799] {logging_mixin.py:109} INFO - [2022-03-14 09:59:45,799] {dag.py:2398} INFO - Sync 1 DAGs
[2022-03-14 09:59:45,808] {logging_mixin.py:109} INFO - [2022-03-14 09:59:45,808] {dag.py:2937} INFO - Setting next_dagrun for example_skip_dag to 2022-03-13T14:59:45.808282+00:00
[2022-03-14 09:59:45,821] {processor.py:171} INFO - Processing /opt/anaconda3/lib/python3.9/site-packages/airflow/example_dags/example_skip_dag.py took 0.082 seconds
[2022-03-14 10:02:18,227] {processor.py:163} INFO - Started process (PID=76074) to work on /opt/anaconda3/lib/python3.9/site-packages/airflow/example_dags/example_skip_dag.py
[2022-03-14 10:02:18,227] {processor.py:642} INFO - Processing file /opt/anaconda3/lib/python3.9/site-packages/airflow/example_dags/example_skip_dag.py for tasks to queue
[2022-03-14 10:02:18,228] {logging_mixin.py:109} INFO - [2022-03-14 10:02:18,228] {dagbag.py:500} INFO - Filling up the DagBag from /opt/anaconda3/lib/python3.9/site-packages/airflow/example_dags/example_skip_dag.py
[2022-03-14 10:02:18,270] {processor.py:654} INFO - DAG(s) dict_keys(['example_skip_dag']) retrieved from /opt/anaconda3/lib/python3.9/site-packages/airflow/example_dags/example_skip_dag.py
[2022-03-14 10:02:18,289] {logging_mixin.py:109} INFO - [2022-03-14 10:02:18,288] {dag.py:2398} INFO - Sync 1 DAGs
[2022-03-14 10:02:18,297] {logging_mixin.py:109} INFO - [2022-03-14 10:02:18,297] {dag.py:2937} INFO - Setting next_dagrun for example_skip_dag to 2022-03-13T15:02:18.297517+00:00
[2022-03-14 10:02:18,312] {processor.py:171} INFO - Processing /opt/anaconda3/lib/python3.9/site-packages/airflow/example_dags/example_skip_dag.py took 0.086 seconds
[2022-03-14 10:04:06,001] {processor.py:163} INFO - Started process (PID=76121) to work on /opt/anaconda3/lib/python3.9/site-packages/airflow/example_dags/example_skip_dag.py
[2022-03-14 10:04:06,002] {processor.py:642} INFO - Processing file /opt/anaconda3/lib/python3.9/site-packages/airflow/example_dags/example_skip_dag.py for tasks to queue
[2022-03-14 10:04:06,002] {logging_mixin.py:109} INFO - [2022-03-14 10:04:06,002] {dagbag.py:500} INFO - Filling up the DagBag from /opt/anaconda3/lib/python3.9/site-packages/airflow/example_dags/example_skip_dag.py
[2022-03-14 10:04:06,043] {processor.py:654} INFO - DAG(s) dict_keys(['example_skip_dag']) retrieved from /opt/anaconda3/lib/python3.9/site-packages/airflow/example_dags/example_skip_dag.py
[2022-03-14 10:04:06,063] {logging_mixin.py:109} INFO - [2022-03-14 10:04:06,062] {dag.py:2398} INFO - Sync 1 DAGs
[2022-03-14 10:04:06,071] {logging_mixin.py:109} INFO - [2022-03-14 10:04:06,071] {dag.py:2937} INFO - Setting next_dagrun for example_skip_dag to 2022-03-13T15:04:06.071575+00:00
[2022-03-14 10:04:06,086] {processor.py:171} INFO - Processing /opt/anaconda3/lib/python3.9/site-packages/airflow/example_dags/example_skip_dag.py took 0.086 seconds
[2022-03-14 10:06:33,279] {processor.py:163} INFO - Started process (PID=76212) to work on /opt/anaconda3/lib/python3.9/site-packages/airflow/example_dags/example_skip_dag.py
[2022-03-14 10:06:33,285] {processor.py:642} INFO - Processing file /opt/anaconda3/lib/python3.9/site-packages/airflow/example_dags/example_skip_dag.py for tasks to queue
[2022-03-14 10:06:33,286] {logging_mixin.py:109} INFO - [2022-03-14 10:06:33,286] {dagbag.py:500} INFO - Filling up the DagBag from /opt/anaconda3/lib/python3.9/site-packages/airflow/example_dags/example_skip_dag.py
[2022-03-14 10:06:33,328] {processor.py:654} INFO - DAG(s) dict_keys(['example_skip_dag']) retrieved from /opt/anaconda3/lib/python3.9/site-packages/airflow/example_dags/example_skip_dag.py
[2022-03-14 10:06:33,347] {logging_mixin.py:109} INFO - [2022-03-14 10:06:33,347] {dag.py:2398} INFO - Sync 1 DAGs
[2022-03-14 10:06:33,355] {logging_mixin.py:109} INFO - [2022-03-14 10:06:33,355] {dag.py:2937} INFO - Setting next_dagrun for example_skip_dag to 2022-03-13T15:06:33.355727+00:00
[2022-03-14 10:06:33,366] {processor.py:171} INFO - Processing /opt/anaconda3/lib/python3.9/site-packages/airflow/example_dags/example_skip_dag.py took 0.088 seconds
[2022-03-14 10:08:20,491] {processor.py:163} INFO - Started process (PID=76275) to work on /opt/anaconda3/lib/python3.9/site-packages/airflow/example_dags/example_skip_dag.py
[2022-03-14 10:08:20,497] {processor.py:642} INFO - Processing file /opt/anaconda3/lib/python3.9/site-packages/airflow/example_dags/example_skip_dag.py for tasks to queue
[2022-03-14 10:08:20,498] {logging_mixin.py:109} INFO - [2022-03-14 10:08:20,498] {dagbag.py:500} INFO - Filling up the DagBag from /opt/anaconda3/lib/python3.9/site-packages/airflow/example_dags/example_skip_dag.py
[2022-03-14 10:08:20,543] {processor.py:654} INFO - DAG(s) dict_keys(['example_skip_dag']) retrieved from /opt/anaconda3/lib/python3.9/site-packages/airflow/example_dags/example_skip_dag.py
[2022-03-14 10:08:20,565] {logging_mixin.py:109} INFO - [2022-03-14 10:08:20,565] {dag.py:2398} INFO - Sync 1 DAGs
[2022-03-14 10:08:20,573] {logging_mixin.py:109} INFO - [2022-03-14 10:08:20,573] {dag.py:2937} INFO - Setting next_dagrun for example_skip_dag to 2022-03-13T15:08:20.573496+00:00
[2022-03-14 10:08:20,585] {processor.py:171} INFO - Processing /opt/anaconda3/lib/python3.9/site-packages/airflow/example_dags/example_skip_dag.py took 0.094 seconds
[2022-03-14 10:12:24,559] {processor.py:163} INFO - Started process (PID=76649) to work on /opt/anaconda3/lib/python3.9/site-packages/airflow/example_dags/example_skip_dag.py
[2022-03-14 10:12:24,565] {processor.py:642} INFO - Processing file /opt/anaconda3/lib/python3.9/site-packages/airflow/example_dags/example_skip_dag.py for tasks to queue
[2022-03-14 10:12:24,566] {logging_mixin.py:109} INFO - [2022-03-14 10:12:24,566] {dagbag.py:500} INFO - Filling up the DagBag from /opt/anaconda3/lib/python3.9/site-packages/airflow/example_dags/example_skip_dag.py
[2022-03-14 10:12:24,611] {processor.py:654} INFO - DAG(s) dict_keys(['example_skip_dag']) retrieved from /opt/anaconda3/lib/python3.9/site-packages/airflow/example_dags/example_skip_dag.py
[2022-03-14 10:12:24,629] {logging_mixin.py:109} INFO - [2022-03-14 10:12:24,629] {dag.py:2398} INFO - Sync 1 DAGs
[2022-03-14 10:12:24,638] {logging_mixin.py:109} INFO - [2022-03-14 10:12:24,638] {dag.py:2937} INFO - Setting next_dagrun for example_skip_dag to 2022-03-13T15:12:24.638057+00:00
[2022-03-14 10:12:24,649] {processor.py:171} INFO - Processing /opt/anaconda3/lib/python3.9/site-packages/airflow/example_dags/example_skip_dag.py took 0.091 seconds
[2022-03-14 10:14:29,139] {processor.py:163} INFO - Started process (PID=76728) to work on /opt/anaconda3/lib/python3.9/site-packages/airflow/example_dags/example_skip_dag.py
[2022-03-14 10:14:29,145] {processor.py:642} INFO - Processing file /opt/anaconda3/lib/python3.9/site-packages/airflow/example_dags/example_skip_dag.py for tasks to queue
[2022-03-14 10:14:29,146] {logging_mixin.py:109} INFO - [2022-03-14 10:14:29,146] {dagbag.py:500} INFO - Filling up the DagBag from /opt/anaconda3/lib/python3.9/site-packages/airflow/example_dags/example_skip_dag.py
[2022-03-14 10:14:29,188] {processor.py:654} INFO - DAG(s) dict_keys(['example_skip_dag']) retrieved from /opt/anaconda3/lib/python3.9/site-packages/airflow/example_dags/example_skip_dag.py
[2022-03-14 10:14:29,210] {logging_mixin.py:109} INFO - [2022-03-14 10:14:29,210] {dag.py:2398} INFO - Sync 1 DAGs
[2022-03-14 10:14:29,219] {logging_mixin.py:109} INFO - [2022-03-14 10:14:29,219] {dag.py:2937} INFO - Setting next_dagrun for example_skip_dag to 2022-03-13T15:14:29.219632+00:00
[2022-03-14 10:14:29,231] {processor.py:171} INFO - Processing /opt/anaconda3/lib/python3.9/site-packages/airflow/example_dags/example_skip_dag.py took 0.093 seconds
[2022-03-14 10:16:19,528] {processor.py:163} INFO - Started process (PID=76784) to work on /opt/anaconda3/lib/python3.9/site-packages/airflow/example_dags/example_skip_dag.py
[2022-03-14 10:16:19,535] {processor.py:642} INFO - Processing file /opt/anaconda3/lib/python3.9/site-packages/airflow/example_dags/example_skip_dag.py for tasks to queue
[2022-03-14 10:16:19,535] {logging_mixin.py:109} INFO - [2022-03-14 10:16:19,535] {dagbag.py:500} INFO - Filling up the DagBag from /opt/anaconda3/lib/python3.9/site-packages/airflow/example_dags/example_skip_dag.py
[2022-03-14 10:16:19,578] {processor.py:654} INFO - DAG(s) dict_keys(['example_skip_dag']) retrieved from /opt/anaconda3/lib/python3.9/site-packages/airflow/example_dags/example_skip_dag.py
[2022-03-14 10:16:19,596] {logging_mixin.py:109} INFO - [2022-03-14 10:16:19,596] {dag.py:2398} INFO - Sync 1 DAGs
[2022-03-14 10:16:19,605] {logging_mixin.py:109} INFO - [2022-03-14 10:16:19,605] {dag.py:2937} INFO - Setting next_dagrun for example_skip_dag to 2022-03-13T15:16:19.605341+00:00
[2022-03-14 10:16:19,617] {processor.py:171} INFO - Processing /opt/anaconda3/lib/python3.9/site-packages/airflow/example_dags/example_skip_dag.py took 0.089 seconds
[2022-03-14 10:18:54,590] {processor.py:163} INFO - Started process (PID=76925) to work on /opt/anaconda3/lib/python3.9/site-packages/airflow/example_dags/example_skip_dag.py
[2022-03-14 10:18:54,596] {processor.py:642} INFO - Processing file /opt/anaconda3/lib/python3.9/site-packages/airflow/example_dags/example_skip_dag.py for tasks to queue
[2022-03-14 10:18:54,597] {logging_mixin.py:109} INFO - [2022-03-14 10:18:54,597] {dagbag.py:500} INFO - Filling up the DagBag from /opt/anaconda3/lib/python3.9/site-packages/airflow/example_dags/example_skip_dag.py
[2022-03-14 10:18:54,639] {processor.py:654} INFO - DAG(s) dict_keys(['example_skip_dag']) retrieved from /opt/anaconda3/lib/python3.9/site-packages/airflow/example_dags/example_skip_dag.py
[2022-03-14 10:18:54,658] {logging_mixin.py:109} INFO - [2022-03-14 10:18:54,657] {dag.py:2398} INFO - Sync 1 DAGs
[2022-03-14 10:18:54,666] {logging_mixin.py:109} INFO - [2022-03-14 10:18:54,666] {dag.py:2937} INFO - Setting next_dagrun for example_skip_dag to 2022-03-13T15:18:54.666504+00:00
[2022-03-14 10:18:54,677] {processor.py:171} INFO - Processing /opt/anaconda3/lib/python3.9/site-packages/airflow/example_dags/example_skip_dag.py took 0.088 seconds
[2022-03-14 10:21:17,329] {processor.py:163} INFO - Started process (PID=76996) to work on /opt/anaconda3/lib/python3.9/site-packages/airflow/example_dags/example_skip_dag.py
[2022-03-14 10:21:17,330] {processor.py:642} INFO - Processing file /opt/anaconda3/lib/python3.9/site-packages/airflow/example_dags/example_skip_dag.py for tasks to queue
[2022-03-14 10:21:17,331] {logging_mixin.py:109} INFO - [2022-03-14 10:21:17,331] {dagbag.py:500} INFO - Filling up the DagBag from /opt/anaconda3/lib/python3.9/site-packages/airflow/example_dags/example_skip_dag.py
[2022-03-14 10:21:17,375] {processor.py:654} INFO - DAG(s) dict_keys(['example_skip_dag']) retrieved from /opt/anaconda3/lib/python3.9/site-packages/airflow/example_dags/example_skip_dag.py
[2022-03-14 10:21:17,395] {logging_mixin.py:109} INFO - [2022-03-14 10:21:17,395] {dag.py:2398} INFO - Sync 1 DAGs
[2022-03-14 10:21:17,404] {logging_mixin.py:109} INFO - [2022-03-14 10:21:17,404] {dag.py:2937} INFO - Setting next_dagrun for example_skip_dag to 2022-03-13T15:21:17.404176+00:00
[2022-03-14 10:21:17,413] {processor.py:171} INFO - Processing /opt/anaconda3/lib/python3.9/site-packages/airflow/example_dags/example_skip_dag.py took 0.085 seconds
[2022-03-14 10:23:06,939] {processor.py:163} INFO - Started process (PID=77053) to work on /opt/anaconda3/lib/python3.9/site-packages/airflow/example_dags/example_skip_dag.py
[2022-03-14 10:23:06,940] {processor.py:642} INFO - Processing file /opt/anaconda3/lib/python3.9/site-packages/airflow/example_dags/example_skip_dag.py for tasks to queue
[2022-03-14 10:23:06,941] {logging_mixin.py:109} INFO - [2022-03-14 10:23:06,941] {dagbag.py:500} INFO - Filling up the DagBag from /opt/anaconda3/lib/python3.9/site-packages/airflow/example_dags/example_skip_dag.py
[2022-03-14 10:23:06,985] {processor.py:654} INFO - DAG(s) dict_keys(['example_skip_dag']) retrieved from /opt/anaconda3/lib/python3.9/site-packages/airflow/example_dags/example_skip_dag.py
[2022-03-14 10:23:07,005] {logging_mixin.py:109} INFO - [2022-03-14 10:23:07,004] {dag.py:2398} INFO - Sync 1 DAGs
[2022-03-14 10:23:07,014] {logging_mixin.py:109} INFO - [2022-03-14 10:23:07,014] {dag.py:2937} INFO - Setting next_dagrun for example_skip_dag to 2022-03-13T15:23:07.014642+00:00
[2022-03-14 10:23:07,029] {processor.py:171} INFO - Processing /opt/anaconda3/lib/python3.9/site-packages/airflow/example_dags/example_skip_dag.py took 0.091 seconds
[2022-03-14 10:25:17,433] {processor.py:163} INFO - Started process (PID=77156) to work on /opt/anaconda3/lib/python3.9/site-packages/airflow/example_dags/example_skip_dag.py
[2022-03-14 10:25:17,435] {processor.py:642} INFO - Processing file /opt/anaconda3/lib/python3.9/site-packages/airflow/example_dags/example_skip_dag.py for tasks to queue
[2022-03-14 10:25:17,436] {logging_mixin.py:109} INFO - [2022-03-14 10:25:17,436] {dagbag.py:500} INFO - Filling up the DagBag from /opt/anaconda3/lib/python3.9/site-packages/airflow/example_dags/example_skip_dag.py
[2022-03-14 10:25:17,479] {processor.py:654} INFO - DAG(s) dict_keys(['example_skip_dag']) retrieved from /opt/anaconda3/lib/python3.9/site-packages/airflow/example_dags/example_skip_dag.py
[2022-03-14 10:25:17,500] {logging_mixin.py:109} INFO - [2022-03-14 10:25:17,499] {dag.py:2398} INFO - Sync 1 DAGs
[2022-03-14 10:25:17,511] {logging_mixin.py:109} INFO - [2022-03-14 10:25:17,511] {dag.py:2937} INFO - Setting next_dagrun for example_skip_dag to 2022-03-13T15:25:17.511594+00:00
[2022-03-14 10:25:17,522] {processor.py:171} INFO - Processing /opt/anaconda3/lib/python3.9/site-packages/airflow/example_dags/example_skip_dag.py took 0.090 seconds
[2022-03-14 10:27:39,688] {processor.py:163} INFO - Started process (PID=77297) to work on /opt/anaconda3/lib/python3.9/site-packages/airflow/example_dags/example_skip_dag.py
[2022-03-14 10:27:39,689] {processor.py:642} INFO - Processing file /opt/anaconda3/lib/python3.9/site-packages/airflow/example_dags/example_skip_dag.py for tasks to queue
[2022-03-14 10:27:39,690] {logging_mixin.py:109} INFO - [2022-03-14 10:27:39,690] {dagbag.py:500} INFO - Filling up the DagBag from /opt/anaconda3/lib/python3.9/site-packages/airflow/example_dags/example_skip_dag.py
[2022-03-14 10:27:39,730] {processor.py:654} INFO - DAG(s) dict_keys(['example_skip_dag']) retrieved from /opt/anaconda3/lib/python3.9/site-packages/airflow/example_dags/example_skip_dag.py
[2022-03-14 10:27:39,749] {logging_mixin.py:109} INFO - [2022-03-14 10:27:39,749] {dag.py:2398} INFO - Sync 1 DAGs
[2022-03-14 10:27:39,759] {logging_mixin.py:109} INFO - [2022-03-14 10:27:39,758] {dag.py:2937} INFO - Setting next_dagrun for example_skip_dag to 2022-03-13T15:27:39.758793+00:00
[2022-03-14 10:27:39,770] {processor.py:171} INFO - Processing /opt/anaconda3/lib/python3.9/site-packages/airflow/example_dags/example_skip_dag.py took 0.082 seconds
[2022-03-14 10:29:09,549] {processor.py:163} INFO - Started process (PID=77441) to work on /opt/anaconda3/lib/python3.9/site-packages/airflow/example_dags/example_skip_dag.py
[2022-03-14 10:29:09,555] {processor.py:642} INFO - Processing file /opt/anaconda3/lib/python3.9/site-packages/airflow/example_dags/example_skip_dag.py for tasks to queue
[2022-03-14 10:29:09,555] {logging_mixin.py:109} INFO - [2022-03-14 10:29:09,555] {dagbag.py:500} INFO - Filling up the DagBag from /opt/anaconda3/lib/python3.9/site-packages/airflow/example_dags/example_skip_dag.py
[2022-03-14 10:29:09,598] {processor.py:654} INFO - DAG(s) dict_keys(['example_skip_dag']) retrieved from /opt/anaconda3/lib/python3.9/site-packages/airflow/example_dags/example_skip_dag.py
[2022-03-14 10:29:09,618] {logging_mixin.py:109} INFO - [2022-03-14 10:29:09,618] {dag.py:2398} INFO - Sync 1 DAGs
[2022-03-14 10:29:09,628] {logging_mixin.py:109} INFO - [2022-03-14 10:29:09,628] {dag.py:2937} INFO - Setting next_dagrun for example_skip_dag to 2022-03-13T15:29:09.627841+00:00
[2022-03-14 10:29:09,640] {processor.py:171} INFO - Processing /opt/anaconda3/lib/python3.9/site-packages/airflow/example_dags/example_skip_dag.py took 0.092 seconds
[2022-03-14 10:30:57,626] {processor.py:163} INFO - Started process (PID=77491) to work on /opt/anaconda3/lib/python3.9/site-packages/airflow/example_dags/example_skip_dag.py
[2022-03-14 10:30:57,626] {processor.py:642} INFO - Processing file /opt/anaconda3/lib/python3.9/site-packages/airflow/example_dags/example_skip_dag.py for tasks to queue
[2022-03-14 10:30:57,627] {logging_mixin.py:109} INFO - [2022-03-14 10:30:57,627] {dagbag.py:500} INFO - Filling up the DagBag from /opt/anaconda3/lib/python3.9/site-packages/airflow/example_dags/example_skip_dag.py
[2022-03-14 10:30:57,668] {processor.py:654} INFO - DAG(s) dict_keys(['example_skip_dag']) retrieved from /opt/anaconda3/lib/python3.9/site-packages/airflow/example_dags/example_skip_dag.py
[2022-03-14 10:30:57,687] {logging_mixin.py:109} INFO - [2022-03-14 10:30:57,687] {dag.py:2398} INFO - Sync 1 DAGs
[2022-03-14 10:30:57,696] {logging_mixin.py:109} INFO - [2022-03-14 10:30:57,696] {dag.py:2937} INFO - Setting next_dagrun for example_skip_dag to 2022-03-13T15:30:57.696420+00:00
[2022-03-14 10:30:57,707] {processor.py:171} INFO - Processing /opt/anaconda3/lib/python3.9/site-packages/airflow/example_dags/example_skip_dag.py took 0.082 seconds
[2022-03-14 10:36:37,511] {processor.py:163} INFO - Started process (PID=77644) to work on /opt/anaconda3/lib/python3.9/site-packages/airflow/example_dags/example_skip_dag.py
[2022-03-14 10:36:37,512] {processor.py:642} INFO - Processing file /opt/anaconda3/lib/python3.9/site-packages/airflow/example_dags/example_skip_dag.py for tasks to queue
[2022-03-14 10:36:37,513] {logging_mixin.py:109} INFO - [2022-03-14 10:36:37,513] {dagbag.py:500} INFO - Filling up the DagBag from /opt/anaconda3/lib/python3.9/site-packages/airflow/example_dags/example_skip_dag.py
[2022-03-14 10:36:37,555] {processor.py:654} INFO - DAG(s) dict_keys(['example_skip_dag']) retrieved from /opt/anaconda3/lib/python3.9/site-packages/airflow/example_dags/example_skip_dag.py
[2022-03-14 10:36:37,576] {logging_mixin.py:109} INFO - [2022-03-14 10:36:37,576] {dag.py:2398} INFO - Sync 1 DAGs
[2022-03-14 10:36:37,587] {logging_mixin.py:109} INFO - [2022-03-14 10:36:37,586] {dag.py:2937} INFO - Setting next_dagrun for example_skip_dag to 2022-03-13T15:36:37.586754+00:00
[2022-03-14 10:36:37,597] {processor.py:171} INFO - Processing /opt/anaconda3/lib/python3.9/site-packages/airflow/example_dags/example_skip_dag.py took 0.087 seconds
[2022-03-14 10:38:31,935] {processor.py:163} INFO - Started process (PID=77810) to work on /opt/anaconda3/lib/python3.9/site-packages/airflow/example_dags/example_skip_dag.py
[2022-03-14 10:38:31,942] {processor.py:642} INFO - Processing file /opt/anaconda3/lib/python3.9/site-packages/airflow/example_dags/example_skip_dag.py for tasks to queue
[2022-03-14 10:38:31,943] {logging_mixin.py:109} INFO - [2022-03-14 10:38:31,942] {dagbag.py:500} INFO - Filling up the DagBag from /opt/anaconda3/lib/python3.9/site-packages/airflow/example_dags/example_skip_dag.py
[2022-03-14 10:38:31,987] {processor.py:654} INFO - DAG(s) dict_keys(['example_skip_dag']) retrieved from /opt/anaconda3/lib/python3.9/site-packages/airflow/example_dags/example_skip_dag.py
[2022-03-14 10:38:32,011] {logging_mixin.py:109} INFO - [2022-03-14 10:38:32,011] {dag.py:2398} INFO - Sync 1 DAGs
[2022-03-14 10:38:32,020] {logging_mixin.py:109} INFO - [2022-03-14 10:38:32,020] {dag.py:2937} INFO - Setting next_dagrun for example_skip_dag to 2022-03-13T15:38:32.019864+00:00
[2022-03-14 10:38:32,030] {processor.py:171} INFO - Processing /opt/anaconda3/lib/python3.9/site-packages/airflow/example_dags/example_skip_dag.py took 0.096 seconds
[2022-03-14 10:41:36,382] {processor.py:163} INFO - Started process (PID=77919) to work on /opt/anaconda3/lib/python3.9/site-packages/airflow/example_dags/example_skip_dag.py
[2022-03-14 10:41:36,388] {processor.py:642} INFO - Processing file /opt/anaconda3/lib/python3.9/site-packages/airflow/example_dags/example_skip_dag.py for tasks to queue
[2022-03-14 10:41:36,389] {logging_mixin.py:109} INFO - [2022-03-14 10:41:36,389] {dagbag.py:500} INFO - Filling up the DagBag from /opt/anaconda3/lib/python3.9/site-packages/airflow/example_dags/example_skip_dag.py
[2022-03-14 10:41:36,429] {processor.py:654} INFO - DAG(s) dict_keys(['example_skip_dag']) retrieved from /opt/anaconda3/lib/python3.9/site-packages/airflow/example_dags/example_skip_dag.py
[2022-03-14 10:41:36,448] {logging_mixin.py:109} INFO - [2022-03-14 10:41:36,448] {dag.py:2398} INFO - Sync 1 DAGs
[2022-03-14 10:41:36,457] {logging_mixin.py:109} INFO - [2022-03-14 10:41:36,457] {dag.py:2937} INFO - Setting next_dagrun for example_skip_dag to 2022-03-13T15:41:36.457182+00:00
[2022-03-14 10:41:36,469] {processor.py:171} INFO - Processing /opt/anaconda3/lib/python3.9/site-packages/airflow/example_dags/example_skip_dag.py took 0.087 seconds
[2022-03-14 10:44:02,677] {processor.py:163} INFO - Started process (PID=78023) to work on /opt/anaconda3/lib/python3.9/site-packages/airflow/example_dags/example_skip_dag.py
[2022-03-14 10:44:02,678] {processor.py:642} INFO - Processing file /opt/anaconda3/lib/python3.9/site-packages/airflow/example_dags/example_skip_dag.py for tasks to queue
[2022-03-14 10:44:02,679] {logging_mixin.py:109} INFO - [2022-03-14 10:44:02,678] {dagbag.py:500} INFO - Filling up the DagBag from /opt/anaconda3/lib/python3.9/site-packages/airflow/example_dags/example_skip_dag.py
[2022-03-14 10:44:02,721] {processor.py:654} INFO - DAG(s) dict_keys(['example_skip_dag']) retrieved from /opt/anaconda3/lib/python3.9/site-packages/airflow/example_dags/example_skip_dag.py
[2022-03-14 10:44:02,744] {logging_mixin.py:109} INFO - [2022-03-14 10:44:02,744] {dag.py:2398} INFO - Sync 1 DAGs
[2022-03-14 10:44:02,754] {logging_mixin.py:109} INFO - [2022-03-14 10:44:02,754] {dag.py:2937} INFO - Setting next_dagrun for example_skip_dag to 2022-03-13T15:44:02.754464+00:00
[2022-03-14 10:44:02,767] {processor.py:171} INFO - Processing /opt/anaconda3/lib/python3.9/site-packages/airflow/example_dags/example_skip_dag.py took 0.091 seconds
[2022-03-14 10:45:52,033] {processor.py:163} INFO - Started process (PID=78085) to work on /opt/anaconda3/lib/python3.9/site-packages/airflow/example_dags/example_skip_dag.py
[2022-03-14 10:45:52,034] {processor.py:642} INFO - Processing file /opt/anaconda3/lib/python3.9/site-packages/airflow/example_dags/example_skip_dag.py for tasks to queue
[2022-03-14 10:45:52,034] {logging_mixin.py:109} INFO - [2022-03-14 10:45:52,034] {dagbag.py:500} INFO - Filling up the DagBag from /opt/anaconda3/lib/python3.9/site-packages/airflow/example_dags/example_skip_dag.py
[2022-03-14 10:45:52,082] {processor.py:654} INFO - DAG(s) dict_keys(['example_skip_dag']) retrieved from /opt/anaconda3/lib/python3.9/site-packages/airflow/example_dags/example_skip_dag.py
[2022-03-14 10:45:52,101] {logging_mixin.py:109} INFO - [2022-03-14 10:45:52,100] {dag.py:2398} INFO - Sync 1 DAGs
[2022-03-14 10:45:52,109] {logging_mixin.py:109} INFO - [2022-03-14 10:45:52,109] {dag.py:2937} INFO - Setting next_dagrun for example_skip_dag to 2022-03-13T15:45:52.109614+00:00
[2022-03-14 10:45:52,121] {processor.py:171} INFO - Processing /opt/anaconda3/lib/python3.9/site-packages/airflow/example_dags/example_skip_dag.py took 0.088 seconds
[2022-03-14 10:48:10,817] {processor.py:163} INFO - Started process (PID=78680) to work on /opt/anaconda3/lib/python3.9/site-packages/airflow/example_dags/example_skip_dag.py
[2022-03-14 10:48:10,823] {processor.py:642} INFO - Processing file /opt/anaconda3/lib/python3.9/site-packages/airflow/example_dags/example_skip_dag.py for tasks to queue
[2022-03-14 10:48:10,824] {logging_mixin.py:109} INFO - [2022-03-14 10:48:10,824] {dagbag.py:500} INFO - Filling up the DagBag from /opt/anaconda3/lib/python3.9/site-packages/airflow/example_dags/example_skip_dag.py
[2022-03-14 10:48:10,865] {processor.py:654} INFO - DAG(s) dict_keys(['example_skip_dag']) retrieved from /opt/anaconda3/lib/python3.9/site-packages/airflow/example_dags/example_skip_dag.py
[2022-03-14 10:48:10,887] {logging_mixin.py:109} INFO - [2022-03-14 10:48:10,886] {dag.py:2398} INFO - Sync 1 DAGs
[2022-03-14 10:48:10,896] {logging_mixin.py:109} INFO - [2022-03-14 10:48:10,896] {dag.py:2937} INFO - Setting next_dagrun for example_skip_dag to 2022-03-13T15:48:10.896703+00:00
[2022-03-14 10:48:10,909] {processor.py:171} INFO - Processing /opt/anaconda3/lib/python3.9/site-packages/airflow/example_dags/example_skip_dag.py took 0.092 seconds
[2022-03-14 10:50:26,210] {processor.py:163} INFO - Started process (PID=78851) to work on /opt/anaconda3/lib/python3.9/site-packages/airflow/example_dags/example_skip_dag.py
[2022-03-14 10:50:26,213] {processor.py:642} INFO - Processing file /opt/anaconda3/lib/python3.9/site-packages/airflow/example_dags/example_skip_dag.py for tasks to queue
[2022-03-14 10:50:26,213] {logging_mixin.py:109} INFO - [2022-03-14 10:50:26,213] {dagbag.py:500} INFO - Filling up the DagBag from /opt/anaconda3/lib/python3.9/site-packages/airflow/example_dags/example_skip_dag.py
[2022-03-14 10:50:26,263] {processor.py:654} INFO - DAG(s) dict_keys(['example_skip_dag']) retrieved from /opt/anaconda3/lib/python3.9/site-packages/airflow/example_dags/example_skip_dag.py
[2022-03-14 10:50:26,284] {logging_mixin.py:109} INFO - [2022-03-14 10:50:26,283] {dag.py:2398} INFO - Sync 1 DAGs
[2022-03-14 10:50:26,294] {logging_mixin.py:109} INFO - [2022-03-14 10:50:26,294] {dag.py:2937} INFO - Setting next_dagrun for example_skip_dag to 2022-03-13T15:50:26.294140+00:00
[2022-03-14 10:50:26,308] {processor.py:171} INFO - Processing /opt/anaconda3/lib/python3.9/site-packages/airflow/example_dags/example_skip_dag.py took 0.098 seconds
[2022-03-14 10:51:41,726] {processor.py:163} INFO - Started process (PID=78900) to work on /opt/anaconda3/lib/python3.9/site-packages/airflow/example_dags/example_skip_dag.py
[2022-03-14 10:51:41,732] {processor.py:642} INFO - Processing file /opt/anaconda3/lib/python3.9/site-packages/airflow/example_dags/example_skip_dag.py for tasks to queue
[2022-03-14 10:51:41,732] {logging_mixin.py:109} INFO - [2022-03-14 10:51:41,732] {dagbag.py:500} INFO - Filling up the DagBag from /opt/anaconda3/lib/python3.9/site-packages/airflow/example_dags/example_skip_dag.py
[2022-03-14 10:51:41,775] {processor.py:654} INFO - DAG(s) dict_keys(['example_skip_dag']) retrieved from /opt/anaconda3/lib/python3.9/site-packages/airflow/example_dags/example_skip_dag.py
[2022-03-14 10:51:41,793] {logging_mixin.py:109} INFO - [2022-03-14 10:51:41,793] {dag.py:2398} INFO - Sync 1 DAGs
[2022-03-14 10:51:41,802] {logging_mixin.py:109} INFO - [2022-03-14 10:51:41,802] {dag.py:2937} INFO - Setting next_dagrun for example_skip_dag to 2022-03-13T15:51:41.802310+00:00
[2022-03-14 10:51:41,814] {processor.py:171} INFO - Processing /opt/anaconda3/lib/python3.9/site-packages/airflow/example_dags/example_skip_dag.py took 0.089 seconds
[2022-03-14 10:53:47,662] {processor.py:163} INFO - Started process (PID=78980) to work on /opt/anaconda3/lib/python3.9/site-packages/airflow/example_dags/example_skip_dag.py
[2022-03-14 10:53:47,663] {processor.py:642} INFO - Processing file /opt/anaconda3/lib/python3.9/site-packages/airflow/example_dags/example_skip_dag.py for tasks to queue
[2022-03-14 10:53:47,664] {logging_mixin.py:109} INFO - [2022-03-14 10:53:47,663] {dagbag.py:500} INFO - Filling up the DagBag from /opt/anaconda3/lib/python3.9/site-packages/airflow/example_dags/example_skip_dag.py
[2022-03-14 10:53:47,705] {processor.py:654} INFO - DAG(s) dict_keys(['example_skip_dag']) retrieved from /opt/anaconda3/lib/python3.9/site-packages/airflow/example_dags/example_skip_dag.py
[2022-03-14 10:53:47,723] {logging_mixin.py:109} INFO - [2022-03-14 10:53:47,723] {dag.py:2398} INFO - Sync 1 DAGs
[2022-03-14 10:53:47,733] {logging_mixin.py:109} INFO - [2022-03-14 10:53:47,733] {dag.py:2937} INFO - Setting next_dagrun for example_skip_dag to 2022-03-13T15:53:47.733682+00:00
[2022-03-14 10:53:47,743] {processor.py:171} INFO - Processing /opt/anaconda3/lib/python3.9/site-packages/airflow/example_dags/example_skip_dag.py took 0.081 seconds
[2022-03-14 10:56:29,338] {processor.py:163} INFO - Started process (PID=79094) to work on /opt/anaconda3/lib/python3.9/site-packages/airflow/example_dags/example_skip_dag.py
[2022-03-14 10:56:29,344] {processor.py:642} INFO - Processing file /opt/anaconda3/lib/python3.9/site-packages/airflow/example_dags/example_skip_dag.py for tasks to queue
[2022-03-14 10:56:29,344] {logging_mixin.py:109} INFO - [2022-03-14 10:56:29,344] {dagbag.py:500} INFO - Filling up the DagBag from /opt/anaconda3/lib/python3.9/site-packages/airflow/example_dags/example_skip_dag.py
[2022-03-14 10:56:29,384] {processor.py:654} INFO - DAG(s) dict_keys(['example_skip_dag']) retrieved from /opt/anaconda3/lib/python3.9/site-packages/airflow/example_dags/example_skip_dag.py
[2022-03-14 10:56:29,404] {logging_mixin.py:109} INFO - [2022-03-14 10:56:29,404] {dag.py:2398} INFO - Sync 1 DAGs
[2022-03-14 10:56:29,411] {logging_mixin.py:109} INFO - [2022-03-14 10:56:29,411] {dag.py:2937} INFO - Setting next_dagrun for example_skip_dag to 2022-03-13T15:56:29.411591+00:00
[2022-03-14 10:56:29,423] {processor.py:171} INFO - Processing /opt/anaconda3/lib/python3.9/site-packages/airflow/example_dags/example_skip_dag.py took 0.086 seconds
[2022-03-14 10:59:11,728] {processor.py:163} INFO - Started process (PID=79249) to work on /opt/anaconda3/lib/python3.9/site-packages/airflow/example_dags/example_skip_dag.py
[2022-03-14 10:59:11,734] {processor.py:642} INFO - Processing file /opt/anaconda3/lib/python3.9/site-packages/airflow/example_dags/example_skip_dag.py for tasks to queue
[2022-03-14 10:59:11,735] {logging_mixin.py:109} INFO - [2022-03-14 10:59:11,735] {dagbag.py:500} INFO - Filling up the DagBag from /opt/anaconda3/lib/python3.9/site-packages/airflow/example_dags/example_skip_dag.py
[2022-03-14 10:59:11,782] {processor.py:654} INFO - DAG(s) dict_keys(['example_skip_dag']) retrieved from /opt/anaconda3/lib/python3.9/site-packages/airflow/example_dags/example_skip_dag.py
[2022-03-14 10:59:11,803] {logging_mixin.py:109} INFO - [2022-03-14 10:59:11,803] {dag.py:2398} INFO - Sync 1 DAGs
[2022-03-14 10:59:11,812] {logging_mixin.py:109} INFO - [2022-03-14 10:59:11,812] {dag.py:2937} INFO - Setting next_dagrun for example_skip_dag to 2022-03-13T15:59:11.812357+00:00
[2022-03-14 10:59:11,821] {processor.py:171} INFO - Processing /opt/anaconda3/lib/python3.9/site-packages/airflow/example_dags/example_skip_dag.py took 0.094 seconds
[2022-03-14 11:02:05,132] {processor.py:163} INFO - Started process (PID=79362) to work on /opt/anaconda3/lib/python3.9/site-packages/airflow/example_dags/example_skip_dag.py
[2022-03-14 11:02:05,133] {processor.py:642} INFO - Processing file /opt/anaconda3/lib/python3.9/site-packages/airflow/example_dags/example_skip_dag.py for tasks to queue
[2022-03-14 11:02:05,134] {logging_mixin.py:109} INFO - [2022-03-14 11:02:05,134] {dagbag.py:500} INFO - Filling up the DagBag from /opt/anaconda3/lib/python3.9/site-packages/airflow/example_dags/example_skip_dag.py
[2022-03-14 11:02:05,173] {processor.py:654} INFO - DAG(s) dict_keys(['example_skip_dag']) retrieved from /opt/anaconda3/lib/python3.9/site-packages/airflow/example_dags/example_skip_dag.py
[2022-03-14 11:02:05,191] {logging_mixin.py:109} INFO - [2022-03-14 11:02:05,191] {dag.py:2398} INFO - Sync 1 DAGs
[2022-03-14 11:02:05,199] {logging_mixin.py:109} INFO - [2022-03-14 11:02:05,199] {dag.py:2937} INFO - Setting next_dagrun for example_skip_dag to 2022-03-13T16:02:05.199034+00:00
[2022-03-14 11:02:05,208] {processor.py:171} INFO - Processing /opt/anaconda3/lib/python3.9/site-packages/airflow/example_dags/example_skip_dag.py took 0.077 seconds
[2022-03-14 11:03:53,075] {processor.py:163} INFO - Started process (PID=79464) to work on /opt/anaconda3/lib/python3.9/site-packages/airflow/example_dags/example_skip_dag.py
[2022-03-14 11:03:53,075] {processor.py:642} INFO - Processing file /opt/anaconda3/lib/python3.9/site-packages/airflow/example_dags/example_skip_dag.py for tasks to queue
[2022-03-14 11:03:53,076] {logging_mixin.py:109} INFO - [2022-03-14 11:03:53,076] {dagbag.py:500} INFO - Filling up the DagBag from /opt/anaconda3/lib/python3.9/site-packages/airflow/example_dags/example_skip_dag.py
[2022-03-14 11:03:53,121] {processor.py:654} INFO - DAG(s) dict_keys(['example_skip_dag']) retrieved from /opt/anaconda3/lib/python3.9/site-packages/airflow/example_dags/example_skip_dag.py
[2022-03-14 11:03:53,140] {logging_mixin.py:109} INFO - [2022-03-14 11:03:53,140] {dag.py:2398} INFO - Sync 1 DAGs
[2022-03-14 11:03:53,151] {logging_mixin.py:109} INFO - [2022-03-14 11:03:53,151] {dag.py:2937} INFO - Setting next_dagrun for example_skip_dag to 2022-03-13T16:03:53.151114+00:00
[2022-03-14 11:03:53,160] {processor.py:171} INFO - Processing /opt/anaconda3/lib/python3.9/site-packages/airflow/example_dags/example_skip_dag.py took 0.087 seconds
[2022-03-14 11:05:51,043] {processor.py:163} INFO - Started process (PID=79571) to work on /opt/anaconda3/lib/python3.9/site-packages/airflow/example_dags/example_skip_dag.py
[2022-03-14 11:05:51,043] {processor.py:642} INFO - Processing file /opt/anaconda3/lib/python3.9/site-packages/airflow/example_dags/example_skip_dag.py for tasks to queue
[2022-03-14 11:05:51,044] {logging_mixin.py:109} INFO - [2022-03-14 11:05:51,044] {dagbag.py:500} INFO - Filling up the DagBag from /opt/anaconda3/lib/python3.9/site-packages/airflow/example_dags/example_skip_dag.py
[2022-03-14 11:05:51,086] {processor.py:654} INFO - DAG(s) dict_keys(['example_skip_dag']) retrieved from /opt/anaconda3/lib/python3.9/site-packages/airflow/example_dags/example_skip_dag.py
[2022-03-14 11:05:51,106] {logging_mixin.py:109} INFO - [2022-03-14 11:05:51,106] {dag.py:2398} INFO - Sync 1 DAGs
[2022-03-14 11:05:51,115] {logging_mixin.py:109} INFO - [2022-03-14 11:05:51,115] {dag.py:2937} INFO - Setting next_dagrun for example_skip_dag to 2022-03-13T16:05:51.115019+00:00
[2022-03-14 11:05:51,126] {processor.py:171} INFO - Processing /opt/anaconda3/lib/python3.9/site-packages/airflow/example_dags/example_skip_dag.py took 0.084 seconds
[2022-03-14 11:08:34,896] {processor.py:163} INFO - Started process (PID=79767) to work on /opt/anaconda3/lib/python3.9/site-packages/airflow/example_dags/example_skip_dag.py
[2022-03-14 11:08:34,896] {processor.py:642} INFO - Processing file /opt/anaconda3/lib/python3.9/site-packages/airflow/example_dags/example_skip_dag.py for tasks to queue
[2022-03-14 11:08:34,897] {logging_mixin.py:109} INFO - [2022-03-14 11:08:34,897] {dagbag.py:500} INFO - Filling up the DagBag from /opt/anaconda3/lib/python3.9/site-packages/airflow/example_dags/example_skip_dag.py
[2022-03-14 11:08:34,939] {processor.py:654} INFO - DAG(s) dict_keys(['example_skip_dag']) retrieved from /opt/anaconda3/lib/python3.9/site-packages/airflow/example_dags/example_skip_dag.py
[2022-03-14 11:08:34,958] {logging_mixin.py:109} INFO - [2022-03-14 11:08:34,958] {dag.py:2398} INFO - Sync 1 DAGs
[2022-03-14 11:08:34,968] {logging_mixin.py:109} INFO - [2022-03-14 11:08:34,968] {dag.py:2937} INFO - Setting next_dagrun for example_skip_dag to 2022-03-13T16:08:34.967855+00:00
[2022-03-14 11:08:34,982] {processor.py:171} INFO - Processing /opt/anaconda3/lib/python3.9/site-packages/airflow/example_dags/example_skip_dag.py took 0.088 seconds
[2022-03-14 11:10:27,212] {processor.py:163} INFO - Started process (PID=79866) to work on /opt/anaconda3/lib/python3.9/site-packages/airflow/example_dags/example_skip_dag.py
[2022-03-14 11:10:27,212] {processor.py:642} INFO - Processing file /opt/anaconda3/lib/python3.9/site-packages/airflow/example_dags/example_skip_dag.py for tasks to queue
[2022-03-14 11:10:27,213] {logging_mixin.py:109} INFO - [2022-03-14 11:10:27,212] {dagbag.py:500} INFO - Filling up the DagBag from /opt/anaconda3/lib/python3.9/site-packages/airflow/example_dags/example_skip_dag.py
[2022-03-14 11:10:27,258] {processor.py:654} INFO - DAG(s) dict_keys(['example_skip_dag']) retrieved from /opt/anaconda3/lib/python3.9/site-packages/airflow/example_dags/example_skip_dag.py
[2022-03-14 11:10:27,279] {logging_mixin.py:109} INFO - [2022-03-14 11:10:27,278] {dag.py:2398} INFO - Sync 1 DAGs
[2022-03-14 11:10:27,288] {logging_mixin.py:109} INFO - [2022-03-14 11:10:27,288] {dag.py:2937} INFO - Setting next_dagrun for example_skip_dag to 2022-03-13T16:10:27.288469+00:00
[2022-03-14 11:10:27,301] {processor.py:171} INFO - Processing /opt/anaconda3/lib/python3.9/site-packages/airflow/example_dags/example_skip_dag.py took 0.090 seconds
[2022-03-14 11:11:33,756] {processor.py:163} INFO - Started process (PID=79907) to work on /opt/anaconda3/lib/python3.9/site-packages/airflow/example_dags/example_skip_dag.py
[2022-03-14 11:11:33,757] {processor.py:642} INFO - Processing file /opt/anaconda3/lib/python3.9/site-packages/airflow/example_dags/example_skip_dag.py for tasks to queue
[2022-03-14 11:11:33,757] {logging_mixin.py:109} INFO - [2022-03-14 11:11:33,757] {dagbag.py:500} INFO - Filling up the DagBag from /opt/anaconda3/lib/python3.9/site-packages/airflow/example_dags/example_skip_dag.py
[2022-03-14 11:11:33,798] {processor.py:654} INFO - DAG(s) dict_keys(['example_skip_dag']) retrieved from /opt/anaconda3/lib/python3.9/site-packages/airflow/example_dags/example_skip_dag.py
[2022-03-14 11:11:33,818] {logging_mixin.py:109} INFO - [2022-03-14 11:11:33,817] {dag.py:2398} INFO - Sync 1 DAGs
[2022-03-14 11:11:33,826] {logging_mixin.py:109} INFO - [2022-03-14 11:11:33,826] {dag.py:2937} INFO - Setting next_dagrun for example_skip_dag to 2022-03-13T16:11:33.826718+00:00
[2022-03-14 11:11:33,839] {processor.py:171} INFO - Processing /opt/anaconda3/lib/python3.9/site-packages/airflow/example_dags/example_skip_dag.py took 0.083 seconds
[2022-03-14 11:13:07,643] {processor.py:163} INFO - Started process (PID=79953) to work on /opt/anaconda3/lib/python3.9/site-packages/airflow/example_dags/example_skip_dag.py
[2022-03-14 11:13:07,644] {processor.py:642} INFO - Processing file /opt/anaconda3/lib/python3.9/site-packages/airflow/example_dags/example_skip_dag.py for tasks to queue
[2022-03-14 11:13:07,644] {logging_mixin.py:109} INFO - [2022-03-14 11:13:07,644] {dagbag.py:500} INFO - Filling up the DagBag from /opt/anaconda3/lib/python3.9/site-packages/airflow/example_dags/example_skip_dag.py
[2022-03-14 11:13:07,685] {processor.py:654} INFO - DAG(s) dict_keys(['example_skip_dag']) retrieved from /opt/anaconda3/lib/python3.9/site-packages/airflow/example_dags/example_skip_dag.py
[2022-03-14 11:13:07,704] {logging_mixin.py:109} INFO - [2022-03-14 11:13:07,704] {dag.py:2398} INFO - Sync 1 DAGs
[2022-03-14 11:13:07,714] {logging_mixin.py:109} INFO - [2022-03-14 11:13:07,714] {dag.py:2937} INFO - Setting next_dagrun for example_skip_dag to 2022-03-13T16:13:07.713782+00:00
[2022-03-14 11:13:07,729] {processor.py:171} INFO - Processing /opt/anaconda3/lib/python3.9/site-packages/airflow/example_dags/example_skip_dag.py took 0.086 seconds
[2022-03-14 11:15:29,556] {processor.py:163} INFO - Started process (PID=80047) to work on /opt/anaconda3/lib/python3.9/site-packages/airflow/example_dags/example_skip_dag.py
[2022-03-14 11:15:29,556] {processor.py:642} INFO - Processing file /opt/anaconda3/lib/python3.9/site-packages/airflow/example_dags/example_skip_dag.py for tasks to queue
[2022-03-14 11:15:29,557] {logging_mixin.py:109} INFO - [2022-03-14 11:15:29,557] {dagbag.py:500} INFO - Filling up the DagBag from /opt/anaconda3/lib/python3.9/site-packages/airflow/example_dags/example_skip_dag.py
[2022-03-14 11:15:29,597] {processor.py:654} INFO - DAG(s) dict_keys(['example_skip_dag']) retrieved from /opt/anaconda3/lib/python3.9/site-packages/airflow/example_dags/example_skip_dag.py
[2022-03-14 11:15:29,618] {logging_mixin.py:109} INFO - [2022-03-14 11:15:29,618] {dag.py:2398} INFO - Sync 1 DAGs
[2022-03-14 11:15:29,628] {logging_mixin.py:109} INFO - [2022-03-14 11:15:29,628] {dag.py:2937} INFO - Setting next_dagrun for example_skip_dag to 2022-03-13T16:15:29.628222+00:00
[2022-03-14 11:15:29,645] {processor.py:171} INFO - Processing /opt/anaconda3/lib/python3.9/site-packages/airflow/example_dags/example_skip_dag.py took 0.090 seconds
[2022-03-14 11:17:34,408] {processor.py:163} INFO - Started process (PID=80147) to work on /opt/anaconda3/lib/python3.9/site-packages/airflow/example_dags/example_skip_dag.py
[2022-03-14 11:17:34,409] {processor.py:642} INFO - Processing file /opt/anaconda3/lib/python3.9/site-packages/airflow/example_dags/example_skip_dag.py for tasks to queue
[2022-03-14 11:17:34,409] {logging_mixin.py:109} INFO - [2022-03-14 11:17:34,409] {dagbag.py:500} INFO - Filling up the DagBag from /opt/anaconda3/lib/python3.9/site-packages/airflow/example_dags/example_skip_dag.py
[2022-03-14 11:17:34,450] {processor.py:654} INFO - DAG(s) dict_keys(['example_skip_dag']) retrieved from /opt/anaconda3/lib/python3.9/site-packages/airflow/example_dags/example_skip_dag.py
[2022-03-14 11:17:34,472] {logging_mixin.py:109} INFO - [2022-03-14 11:17:34,471] {dag.py:2398} INFO - Sync 1 DAGs
[2022-03-14 11:17:34,484] {logging_mixin.py:109} INFO - [2022-03-14 11:17:34,483] {dag.py:2937} INFO - Setting next_dagrun for example_skip_dag to 2022-03-13T16:17:34.483808+00:00
[2022-03-14 11:17:34,496] {processor.py:171} INFO - Processing /opt/anaconda3/lib/python3.9/site-packages/airflow/example_dags/example_skip_dag.py took 0.089 seconds
[2022-03-14 11:20:21,347] {processor.py:163} INFO - Started process (PID=80332) to work on /opt/anaconda3/lib/python3.9/site-packages/airflow/example_dags/example_skip_dag.py
[2022-03-14 11:20:21,353] {processor.py:642} INFO - Processing file /opt/anaconda3/lib/python3.9/site-packages/airflow/example_dags/example_skip_dag.py for tasks to queue
[2022-03-14 11:20:21,354] {logging_mixin.py:109} INFO - [2022-03-14 11:20:21,354] {dagbag.py:500} INFO - Filling up the DagBag from /opt/anaconda3/lib/python3.9/site-packages/airflow/example_dags/example_skip_dag.py
[2022-03-14 11:20:21,398] {processor.py:654} INFO - DAG(s) dict_keys(['example_skip_dag']) retrieved from /opt/anaconda3/lib/python3.9/site-packages/airflow/example_dags/example_skip_dag.py
[2022-03-14 11:20:21,419] {logging_mixin.py:109} INFO - [2022-03-14 11:20:21,419] {dag.py:2398} INFO - Sync 1 DAGs
[2022-03-14 11:20:21,429] {logging_mixin.py:109} INFO - [2022-03-14 11:20:21,429] {dag.py:2937} INFO - Setting next_dagrun for example_skip_dag to 2022-03-13T16:20:21.429399+00:00
[2022-03-14 11:20:21,441] {processor.py:171} INFO - Processing /opt/anaconda3/lib/python3.9/site-packages/airflow/example_dags/example_skip_dag.py took 0.094 seconds
[2022-03-14 11:23:00,159] {processor.py:163} INFO - Started process (PID=80429) to work on /opt/anaconda3/lib/python3.9/site-packages/airflow/example_dags/example_skip_dag.py
[2022-03-14 11:23:00,159] {processor.py:642} INFO - Processing file /opt/anaconda3/lib/python3.9/site-packages/airflow/example_dags/example_skip_dag.py for tasks to queue
[2022-03-14 11:23:00,160] {logging_mixin.py:109} INFO - [2022-03-14 11:23:00,160] {dagbag.py:500} INFO - Filling up the DagBag from /opt/anaconda3/lib/python3.9/site-packages/airflow/example_dags/example_skip_dag.py
[2022-03-14 11:23:00,202] {processor.py:654} INFO - DAG(s) dict_keys(['example_skip_dag']) retrieved from /opt/anaconda3/lib/python3.9/site-packages/airflow/example_dags/example_skip_dag.py
[2022-03-14 11:23:00,224] {logging_mixin.py:109} INFO - [2022-03-14 11:23:00,223] {dag.py:2398} INFO - Sync 1 DAGs
[2022-03-14 11:23:00,235] {logging_mixin.py:109} INFO - [2022-03-14 11:23:00,235] {dag.py:2937} INFO - Setting next_dagrun for example_skip_dag to 2022-03-13T16:23:00.234992+00:00
[2022-03-14 11:23:00,253] {processor.py:171} INFO - Processing /opt/anaconda3/lib/python3.9/site-packages/airflow/example_dags/example_skip_dag.py took 0.096 seconds
[2022-03-14 11:25:39,287] {processor.py:163} INFO - Started process (PID=80537) to work on /opt/anaconda3/lib/python3.9/site-packages/airflow/example_dags/example_skip_dag.py
[2022-03-14 11:25:39,287] {processor.py:642} INFO - Processing file /opt/anaconda3/lib/python3.9/site-packages/airflow/example_dags/example_skip_dag.py for tasks to queue
[2022-03-14 11:25:39,288] {logging_mixin.py:109} INFO - [2022-03-14 11:25:39,288] {dagbag.py:500} INFO - Filling up the DagBag from /opt/anaconda3/lib/python3.9/site-packages/airflow/example_dags/example_skip_dag.py
[2022-03-14 11:25:39,330] {processor.py:654} INFO - DAG(s) dict_keys(['example_skip_dag']) retrieved from /opt/anaconda3/lib/python3.9/site-packages/airflow/example_dags/example_skip_dag.py
[2022-03-14 11:25:39,349] {logging_mixin.py:109} INFO - [2022-03-14 11:25:39,349] {dag.py:2398} INFO - Sync 1 DAGs
[2022-03-14 11:25:39,358] {logging_mixin.py:109} INFO - [2022-03-14 11:25:39,358] {dag.py:2937} INFO - Setting next_dagrun for example_skip_dag to 2022-03-13T16:25:39.358214+00:00
[2022-03-14 11:25:39,371] {processor.py:171} INFO - Processing /opt/anaconda3/lib/python3.9/site-packages/airflow/example_dags/example_skip_dag.py took 0.085 seconds
[2022-03-14 11:28:16,272] {processor.py:163} INFO - Started process (PID=80647) to work on /opt/anaconda3/lib/python3.9/site-packages/airflow/example_dags/example_skip_dag.py
[2022-03-14 11:28:16,278] {processor.py:642} INFO - Processing file /opt/anaconda3/lib/python3.9/site-packages/airflow/example_dags/example_skip_dag.py for tasks to queue
[2022-03-14 11:28:16,279] {logging_mixin.py:109} INFO - [2022-03-14 11:28:16,279] {dagbag.py:500} INFO - Filling up the DagBag from /opt/anaconda3/lib/python3.9/site-packages/airflow/example_dags/example_skip_dag.py
[2022-03-14 11:28:16,323] {processor.py:654} INFO - DAG(s) dict_keys(['example_skip_dag']) retrieved from /opt/anaconda3/lib/python3.9/site-packages/airflow/example_dags/example_skip_dag.py
[2022-03-14 11:28:16,343] {logging_mixin.py:109} INFO - [2022-03-14 11:28:16,343] {dag.py:2398} INFO - Sync 1 DAGs
[2022-03-14 11:28:16,353] {logging_mixin.py:109} INFO - [2022-03-14 11:28:16,353] {dag.py:2937} INFO - Setting next_dagrun for example_skip_dag to 2022-03-13T16:28:16.353249+00:00
[2022-03-14 11:28:16,363] {processor.py:171} INFO - Processing /opt/anaconda3/lib/python3.9/site-packages/airflow/example_dags/example_skip_dag.py took 0.091 seconds
[2022-03-14 11:30:52,394] {processor.py:163} INFO - Started process (PID=80841) to work on /opt/anaconda3/lib/python3.9/site-packages/airflow/example_dags/example_skip_dag.py
[2022-03-14 11:30:52,395] {processor.py:642} INFO - Processing file /opt/anaconda3/lib/python3.9/site-packages/airflow/example_dags/example_skip_dag.py for tasks to queue
[2022-03-14 11:30:52,395] {logging_mixin.py:109} INFO - [2022-03-14 11:30:52,395] {dagbag.py:500} INFO - Filling up the DagBag from /opt/anaconda3/lib/python3.9/site-packages/airflow/example_dags/example_skip_dag.py
[2022-03-14 11:30:52,435] {processor.py:654} INFO - DAG(s) dict_keys(['example_skip_dag']) retrieved from /opt/anaconda3/lib/python3.9/site-packages/airflow/example_dags/example_skip_dag.py
[2022-03-14 11:30:52,455] {logging_mixin.py:109} INFO - [2022-03-14 11:30:52,455] {dag.py:2398} INFO - Sync 1 DAGs
[2022-03-14 11:30:52,464] {logging_mixin.py:109} INFO - [2022-03-14 11:30:52,463] {dag.py:2937} INFO - Setting next_dagrun for example_skip_dag to 2022-03-13T16:30:52.463838+00:00
[2022-03-14 11:30:52,479] {processor.py:171} INFO - Processing /opt/anaconda3/lib/python3.9/site-packages/airflow/example_dags/example_skip_dag.py took 0.085 seconds
[2022-03-14 11:33:29,105] {processor.py:163} INFO - Started process (PID=80917) to work on /opt/anaconda3/lib/python3.9/site-packages/airflow/example_dags/example_skip_dag.py
[2022-03-14 11:33:29,105] {processor.py:642} INFO - Processing file /opt/anaconda3/lib/python3.9/site-packages/airflow/example_dags/example_skip_dag.py for tasks to queue
[2022-03-14 11:33:29,106] {logging_mixin.py:109} INFO - [2022-03-14 11:33:29,106] {dagbag.py:500} INFO - Filling up the DagBag from /opt/anaconda3/lib/python3.9/site-packages/airflow/example_dags/example_skip_dag.py
[2022-03-14 11:33:29,146] {processor.py:654} INFO - DAG(s) dict_keys(['example_skip_dag']) retrieved from /opt/anaconda3/lib/python3.9/site-packages/airflow/example_dags/example_skip_dag.py
[2022-03-14 11:33:29,165] {logging_mixin.py:109} INFO - [2022-03-14 11:33:29,165] {dag.py:2398} INFO - Sync 1 DAGs
[2022-03-14 11:33:29,174] {logging_mixin.py:109} INFO - [2022-03-14 11:33:29,174] {dag.py:2937} INFO - Setting next_dagrun for example_skip_dag to 2022-03-13T16:33:29.174564+00:00
[2022-03-14 11:33:29,184] {processor.py:171} INFO - Processing /opt/anaconda3/lib/python3.9/site-packages/airflow/example_dags/example_skip_dag.py took 0.080 seconds
[2022-03-14 11:35:55,491] {processor.py:163} INFO - Started process (PID=80986) to work on /opt/anaconda3/lib/python3.9/site-packages/airflow/example_dags/example_skip_dag.py
[2022-03-14 11:35:55,497] {processor.py:642} INFO - Processing file /opt/anaconda3/lib/python3.9/site-packages/airflow/example_dags/example_skip_dag.py for tasks to queue
[2022-03-14 11:35:55,498] {logging_mixin.py:109} INFO - [2022-03-14 11:35:55,498] {dagbag.py:500} INFO - Filling up the DagBag from /opt/anaconda3/lib/python3.9/site-packages/airflow/example_dags/example_skip_dag.py
[2022-03-14 11:35:55,541] {processor.py:654} INFO - DAG(s) dict_keys(['example_skip_dag']) retrieved from /opt/anaconda3/lib/python3.9/site-packages/airflow/example_dags/example_skip_dag.py
[2022-03-14 11:35:55,559] {logging_mixin.py:109} INFO - [2022-03-14 11:35:55,559] {dag.py:2398} INFO - Sync 1 DAGs
[2022-03-14 11:35:55,568] {logging_mixin.py:109} INFO - [2022-03-14 11:35:55,568] {dag.py:2937} INFO - Setting next_dagrun for example_skip_dag to 2022-03-13T16:35:55.568571+00:00
[2022-03-14 11:35:55,579] {processor.py:171} INFO - Processing /opt/anaconda3/lib/python3.9/site-packages/airflow/example_dags/example_skip_dag.py took 0.089 seconds
[2022-03-14 11:38:29,317] {processor.py:163} INFO - Started process (PID=81192) to work on /opt/anaconda3/lib/python3.9/site-packages/airflow/example_dags/example_skip_dag.py
[2022-03-14 11:38:29,323] {processor.py:642} INFO - Processing file /opt/anaconda3/lib/python3.9/site-packages/airflow/example_dags/example_skip_dag.py for tasks to queue
[2022-03-14 11:38:29,324] {logging_mixin.py:109} INFO - [2022-03-14 11:38:29,324] {dagbag.py:500} INFO - Filling up the DagBag from /opt/anaconda3/lib/python3.9/site-packages/airflow/example_dags/example_skip_dag.py
[2022-03-14 11:38:29,366] {processor.py:654} INFO - DAG(s) dict_keys(['example_skip_dag']) retrieved from /opt/anaconda3/lib/python3.9/site-packages/airflow/example_dags/example_skip_dag.py
[2022-03-14 11:38:29,385] {logging_mixin.py:109} INFO - [2022-03-14 11:38:29,385] {dag.py:2398} INFO - Sync 1 DAGs
[2022-03-14 11:38:29,394] {logging_mixin.py:109} INFO - [2022-03-14 11:38:29,394] {dag.py:2937} INFO - Setting next_dagrun for example_skip_dag to 2022-03-13T16:38:29.394012+00:00
[2022-03-14 11:38:29,404] {processor.py:171} INFO - Processing /opt/anaconda3/lib/python3.9/site-packages/airflow/example_dags/example_skip_dag.py took 0.087 seconds
[2022-03-14 11:41:01,666] {processor.py:163} INFO - Started process (PID=81357) to work on /opt/anaconda3/lib/python3.9/site-packages/airflow/example_dags/example_skip_dag.py
[2022-03-14 11:41:01,666] {processor.py:642} INFO - Processing file /opt/anaconda3/lib/python3.9/site-packages/airflow/example_dags/example_skip_dag.py for tasks to queue
[2022-03-14 11:41:01,667] {logging_mixin.py:109} INFO - [2022-03-14 11:41:01,667] {dagbag.py:500} INFO - Filling up the DagBag from /opt/anaconda3/lib/python3.9/site-packages/airflow/example_dags/example_skip_dag.py
[2022-03-14 11:41:01,710] {processor.py:654} INFO - DAG(s) dict_keys(['example_skip_dag']) retrieved from /opt/anaconda3/lib/python3.9/site-packages/airflow/example_dags/example_skip_dag.py
[2022-03-14 11:41:01,729] {logging_mixin.py:109} INFO - [2022-03-14 11:41:01,729] {dag.py:2398} INFO - Sync 1 DAGs
[2022-03-14 11:41:01,740] {logging_mixin.py:109} INFO - [2022-03-14 11:41:01,740] {dag.py:2937} INFO - Setting next_dagrun for example_skip_dag to 2022-03-13T16:41:01.740718+00:00
[2022-03-14 11:41:01,753] {processor.py:171} INFO - Processing /opt/anaconda3/lib/python3.9/site-packages/airflow/example_dags/example_skip_dag.py took 0.088 seconds
[2022-03-14 11:43:22,856] {processor.py:163} INFO - Started process (PID=81434) to work on /opt/anaconda3/lib/python3.9/site-packages/airflow/example_dags/example_skip_dag.py
[2022-03-14 11:43:22,857] {processor.py:642} INFO - Processing file /opt/anaconda3/lib/python3.9/site-packages/airflow/example_dags/example_skip_dag.py for tasks to queue
[2022-03-14 11:43:22,857] {logging_mixin.py:109} INFO - [2022-03-14 11:43:22,857] {dagbag.py:500} INFO - Filling up the DagBag from /opt/anaconda3/lib/python3.9/site-packages/airflow/example_dags/example_skip_dag.py
[2022-03-14 11:43:22,900] {processor.py:654} INFO - DAG(s) dict_keys(['example_skip_dag']) retrieved from /opt/anaconda3/lib/python3.9/site-packages/airflow/example_dags/example_skip_dag.py
[2022-03-14 11:43:22,925] {logging_mixin.py:109} INFO - [2022-03-14 11:43:22,924] {dag.py:2398} INFO - Sync 1 DAGs
[2022-03-14 11:43:22,936] {logging_mixin.py:109} INFO - [2022-03-14 11:43:22,935] {dag.py:2937} INFO - Setting next_dagrun for example_skip_dag to 2022-03-13T16:43:22.935688+00:00
[2022-03-14 11:43:22,949] {processor.py:171} INFO - Processing /opt/anaconda3/lib/python3.9/site-packages/airflow/example_dags/example_skip_dag.py took 0.094 seconds
[2022-03-14 11:45:57,423] {processor.py:163} INFO - Started process (PID=81560) to work on /opt/anaconda3/lib/python3.9/site-packages/airflow/example_dags/example_skip_dag.py
[2022-03-14 11:45:57,424] {processor.py:642} INFO - Processing file /opt/anaconda3/lib/python3.9/site-packages/airflow/example_dags/example_skip_dag.py for tasks to queue
[2022-03-14 11:45:57,425] {logging_mixin.py:109} INFO - [2022-03-14 11:45:57,425] {dagbag.py:500} INFO - Filling up the DagBag from /opt/anaconda3/lib/python3.9/site-packages/airflow/example_dags/example_skip_dag.py
[2022-03-14 11:45:57,468] {processor.py:654} INFO - DAG(s) dict_keys(['example_skip_dag']) retrieved from /opt/anaconda3/lib/python3.9/site-packages/airflow/example_dags/example_skip_dag.py
[2022-03-14 11:45:57,487] {logging_mixin.py:109} INFO - [2022-03-14 11:45:57,486] {dag.py:2398} INFO - Sync 1 DAGs
[2022-03-14 11:45:57,495] {logging_mixin.py:109} INFO - [2022-03-14 11:45:57,495] {dag.py:2937} INFO - Setting next_dagrun for example_skip_dag to 2022-03-13T16:45:57.495452+00:00
[2022-03-14 11:45:57,505] {processor.py:171} INFO - Processing /opt/anaconda3/lib/python3.9/site-packages/airflow/example_dags/example_skip_dag.py took 0.082 seconds
[2022-03-14 11:48:30,725] {processor.py:163} INFO - Started process (PID=81708) to work on /opt/anaconda3/lib/python3.9/site-packages/airflow/example_dags/example_skip_dag.py
[2022-03-14 11:48:30,725] {processor.py:642} INFO - Processing file /opt/anaconda3/lib/python3.9/site-packages/airflow/example_dags/example_skip_dag.py for tasks to queue
[2022-03-14 11:48:30,726] {logging_mixin.py:109} INFO - [2022-03-14 11:48:30,726] {dagbag.py:500} INFO - Filling up the DagBag from /opt/anaconda3/lib/python3.9/site-packages/airflow/example_dags/example_skip_dag.py
[2022-03-14 11:48:30,775] {processor.py:654} INFO - DAG(s) dict_keys(['example_skip_dag']) retrieved from /opt/anaconda3/lib/python3.9/site-packages/airflow/example_dags/example_skip_dag.py
[2022-03-14 11:48:30,795] {logging_mixin.py:109} INFO - [2022-03-14 11:48:30,795] {dag.py:2398} INFO - Sync 1 DAGs
[2022-03-14 11:48:30,804] {logging_mixin.py:109} INFO - [2022-03-14 11:48:30,804] {dag.py:2937} INFO - Setting next_dagrun for example_skip_dag to 2022-03-13T16:48:30.804529+00:00
[2022-03-14 11:48:30,814] {processor.py:171} INFO - Processing /opt/anaconda3/lib/python3.9/site-packages/airflow/example_dags/example_skip_dag.py took 0.090 seconds
[2022-03-14 11:51:02,832] {processor.py:163} INFO - Started process (PID=81810) to work on /opt/anaconda3/lib/python3.9/site-packages/airflow/example_dags/example_skip_dag.py
[2022-03-14 11:51:02,832] {processor.py:642} INFO - Processing file /opt/anaconda3/lib/python3.9/site-packages/airflow/example_dags/example_skip_dag.py for tasks to queue
[2022-03-14 11:51:02,833] {logging_mixin.py:109} INFO - [2022-03-14 11:51:02,833] {dagbag.py:500} INFO - Filling up the DagBag from /opt/anaconda3/lib/python3.9/site-packages/airflow/example_dags/example_skip_dag.py
[2022-03-14 11:51:02,872] {processor.py:654} INFO - DAG(s) dict_keys(['example_skip_dag']) retrieved from /opt/anaconda3/lib/python3.9/site-packages/airflow/example_dags/example_skip_dag.py
[2022-03-14 11:51:02,891] {logging_mixin.py:109} INFO - [2022-03-14 11:51:02,891] {dag.py:2398} INFO - Sync 1 DAGs
[2022-03-14 11:51:02,900] {logging_mixin.py:109} INFO - [2022-03-14 11:51:02,900] {dag.py:2937} INFO - Setting next_dagrun for example_skip_dag to 2022-03-13T16:51:02.900431+00:00
[2022-03-14 11:51:02,915] {processor.py:171} INFO - Processing /opt/anaconda3/lib/python3.9/site-packages/airflow/example_dags/example_skip_dag.py took 0.084 seconds
[2022-03-14 11:53:38,404] {processor.py:163} INFO - Started process (PID=81920) to work on /opt/anaconda3/lib/python3.9/site-packages/airflow/example_dags/example_skip_dag.py
[2022-03-14 11:53:38,404] {processor.py:642} INFO - Processing file /opt/anaconda3/lib/python3.9/site-packages/airflow/example_dags/example_skip_dag.py for tasks to queue
[2022-03-14 11:53:38,405] {logging_mixin.py:109} INFO - [2022-03-14 11:53:38,405] {dagbag.py:500} INFO - Filling up the DagBag from /opt/anaconda3/lib/python3.9/site-packages/airflow/example_dags/example_skip_dag.py
[2022-03-14 11:53:38,446] {processor.py:654} INFO - DAG(s) dict_keys(['example_skip_dag']) retrieved from /opt/anaconda3/lib/python3.9/site-packages/airflow/example_dags/example_skip_dag.py
[2022-03-14 11:53:38,466] {logging_mixin.py:109} INFO - [2022-03-14 11:53:38,465] {dag.py:2398} INFO - Sync 1 DAGs
[2022-03-14 11:53:38,474] {logging_mixin.py:109} INFO - [2022-03-14 11:53:38,474] {dag.py:2937} INFO - Setting next_dagrun for example_skip_dag to 2022-03-13T16:53:38.474582+00:00
[2022-03-14 11:53:38,489] {processor.py:171} INFO - Processing /opt/anaconda3/lib/python3.9/site-packages/airflow/example_dags/example_skip_dag.py took 0.086 seconds
[2022-03-14 11:56:11,721] {processor.py:163} INFO - Started process (PID=82014) to work on /opt/anaconda3/lib/python3.9/site-packages/airflow/example_dags/example_skip_dag.py
[2022-03-14 11:56:11,722] {processor.py:642} INFO - Processing file /opt/anaconda3/lib/python3.9/site-packages/airflow/example_dags/example_skip_dag.py for tasks to queue
[2022-03-14 11:56:11,722] {logging_mixin.py:109} INFO - [2022-03-14 11:56:11,722] {dagbag.py:500} INFO - Filling up the DagBag from /opt/anaconda3/lib/python3.9/site-packages/airflow/example_dags/example_skip_dag.py
[2022-03-14 11:56:11,763] {processor.py:654} INFO - DAG(s) dict_keys(['example_skip_dag']) retrieved from /opt/anaconda3/lib/python3.9/site-packages/airflow/example_dags/example_skip_dag.py
[2022-03-14 11:56:11,781] {logging_mixin.py:109} INFO - [2022-03-14 11:56:11,781] {dag.py:2398} INFO - Sync 1 DAGs
[2022-03-14 11:56:11,790] {logging_mixin.py:109} INFO - [2022-03-14 11:56:11,790] {dag.py:2937} INFO - Setting next_dagrun for example_skip_dag to 2022-03-13T16:56:11.790717+00:00
[2022-03-14 11:56:11,807] {processor.py:171} INFO - Processing /opt/anaconda3/lib/python3.9/site-packages/airflow/example_dags/example_skip_dag.py took 0.086 seconds
[2022-03-14 11:58:44,982] {processor.py:163} INFO - Started process (PID=82183) to work on /opt/anaconda3/lib/python3.9/site-packages/airflow/example_dags/example_skip_dag.py
[2022-03-14 11:58:44,988] {processor.py:642} INFO - Processing file /opt/anaconda3/lib/python3.9/site-packages/airflow/example_dags/example_skip_dag.py for tasks to queue
[2022-03-14 11:58:44,989] {logging_mixin.py:109} INFO - [2022-03-14 11:58:44,989] {dagbag.py:500} INFO - Filling up the DagBag from /opt/anaconda3/lib/python3.9/site-packages/airflow/example_dags/example_skip_dag.py
[2022-03-14 11:58:45,032] {processor.py:654} INFO - DAG(s) dict_keys(['example_skip_dag']) retrieved from /opt/anaconda3/lib/python3.9/site-packages/airflow/example_dags/example_skip_dag.py
[2022-03-14 11:58:45,052] {logging_mixin.py:109} INFO - [2022-03-14 11:58:45,052] {dag.py:2398} INFO - Sync 1 DAGs
[2022-03-14 11:58:45,061] {logging_mixin.py:109} INFO - [2022-03-14 11:58:45,061] {dag.py:2937} INFO - Setting next_dagrun for example_skip_dag to 2022-03-13T16:58:45.061274+00:00
[2022-03-14 11:58:45,073] {processor.py:171} INFO - Processing /opt/anaconda3/lib/python3.9/site-packages/airflow/example_dags/example_skip_dag.py took 0.091 seconds
[2022-03-14 12:01:20,508] {processor.py:163} INFO - Started process (PID=82267) to work on /opt/anaconda3/lib/python3.9/site-packages/airflow/example_dags/example_skip_dag.py
[2022-03-14 12:01:20,515] {processor.py:642} INFO - Processing file /opt/anaconda3/lib/python3.9/site-packages/airflow/example_dags/example_skip_dag.py for tasks to queue
[2022-03-14 12:01:20,515] {logging_mixin.py:109} INFO - [2022-03-14 12:01:20,515] {dagbag.py:500} INFO - Filling up the DagBag from /opt/anaconda3/lib/python3.9/site-packages/airflow/example_dags/example_skip_dag.py
[2022-03-14 12:01:20,561] {processor.py:654} INFO - DAG(s) dict_keys(['example_skip_dag']) retrieved from /opt/anaconda3/lib/python3.9/site-packages/airflow/example_dags/example_skip_dag.py
[2022-03-14 12:01:20,580] {logging_mixin.py:109} INFO - [2022-03-14 12:01:20,579] {dag.py:2398} INFO - Sync 1 DAGs
[2022-03-14 12:01:20,588] {logging_mixin.py:109} INFO - [2022-03-14 12:01:20,588] {dag.py:2937} INFO - Setting next_dagrun for example_skip_dag to 2022-03-13T17:01:20.588435+00:00
[2022-03-14 12:01:20,599] {processor.py:171} INFO - Processing /opt/anaconda3/lib/python3.9/site-packages/airflow/example_dags/example_skip_dag.py took 0.092 seconds
[2022-03-14 12:03:51,030] {processor.py:163} INFO - Started process (PID=82371) to work on /opt/anaconda3/lib/python3.9/site-packages/airflow/example_dags/example_skip_dag.py
[2022-03-14 12:03:51,030] {processor.py:642} INFO - Processing file /opt/anaconda3/lib/python3.9/site-packages/airflow/example_dags/example_skip_dag.py for tasks to queue
[2022-03-14 12:03:51,031] {logging_mixin.py:109} INFO - [2022-03-14 12:03:51,031] {dagbag.py:500} INFO - Filling up the DagBag from /opt/anaconda3/lib/python3.9/site-packages/airflow/example_dags/example_skip_dag.py
[2022-03-14 12:03:51,071] {processor.py:654} INFO - DAG(s) dict_keys(['example_skip_dag']) retrieved from /opt/anaconda3/lib/python3.9/site-packages/airflow/example_dags/example_skip_dag.py
[2022-03-14 12:03:51,091] {logging_mixin.py:109} INFO - [2022-03-14 12:03:51,091] {dag.py:2398} INFO - Sync 1 DAGs
[2022-03-14 12:03:51,100] {logging_mixin.py:109} INFO - [2022-03-14 12:03:51,100] {dag.py:2937} INFO - Setting next_dagrun for example_skip_dag to 2022-03-13T17:03:51.100522+00:00
[2022-03-14 12:03:51,115] {processor.py:171} INFO - Processing /opt/anaconda3/lib/python3.9/site-packages/airflow/example_dags/example_skip_dag.py took 0.086 seconds
[2022-03-14 12:07:02,848] {processor.py:163} INFO - Started process (PID=82505) to work on /opt/anaconda3/lib/python3.9/site-packages/airflow/example_dags/example_skip_dag.py
[2022-03-14 12:07:02,854] {processor.py:642} INFO - Processing file /opt/anaconda3/lib/python3.9/site-packages/airflow/example_dags/example_skip_dag.py for tasks to queue
[2022-03-14 12:07:02,855] {logging_mixin.py:109} INFO - [2022-03-14 12:07:02,855] {dagbag.py:500} INFO - Filling up the DagBag from /opt/anaconda3/lib/python3.9/site-packages/airflow/example_dags/example_skip_dag.py
[2022-03-14 12:07:02,896] {processor.py:654} INFO - DAG(s) dict_keys(['example_skip_dag']) retrieved from /opt/anaconda3/lib/python3.9/site-packages/airflow/example_dags/example_skip_dag.py
[2022-03-14 12:07:02,915] {logging_mixin.py:109} INFO - [2022-03-14 12:07:02,915] {dag.py:2398} INFO - Sync 1 DAGs
[2022-03-14 12:07:02,924] {logging_mixin.py:109} INFO - [2022-03-14 12:07:02,924] {dag.py:2937} INFO - Setting next_dagrun for example_skip_dag to 2022-03-13T17:07:02.924382+00:00
[2022-03-14 12:07:02,936] {processor.py:171} INFO - Processing /opt/anaconda3/lib/python3.9/site-packages/airflow/example_dags/example_skip_dag.py took 0.089 seconds
