[2022-03-14 09:08:33,785] {processor.py:163} INFO - Started process (PID=74042) to work on /opt/anaconda3/lib/python3.9/site-packages/airflow/example_dags/example_branch_python_dop_operator_3.py
[2022-03-14 09:08:33,785] {processor.py:642} INFO - Processing file /opt/anaconda3/lib/python3.9/site-packages/airflow/example_dags/example_branch_python_dop_operator_3.py for tasks to queue
[2022-03-14 09:08:33,786] {logging_mixin.py:109} INFO - [2022-03-14 09:08:33,786] {dagbag.py:500} INFO - Filling up the DagBag from /opt/anaconda3/lib/python3.9/site-packages/airflow/example_dags/example_branch_python_dop_operator_3.py
[2022-03-14 09:08:33,846] {processor.py:654} INFO - DAG(s) dict_keys(['example_branch_dop_operator_v3']) retrieved from /opt/anaconda3/lib/python3.9/site-packages/airflow/example_dags/example_branch_python_dop_operator_3.py
[2022-03-14 09:08:33,862] {logging_mixin.py:109} INFO - [2022-03-14 09:08:33,862] {dag.py:2398} INFO - Sync 1 DAGs
[2022-03-14 09:08:33,875] {logging_mixin.py:109} INFO - [2022-03-14 09:08:33,875] {dag.py:2937} INFO - Setting next_dagrun for example_branch_dop_operator_v3 to 2022-03-14T14:07:00+00:00
[2022-03-14 09:08:33,883] {processor.py:171} INFO - Processing /opt/anaconda3/lib/python3.9/site-packages/airflow/example_dags/example_branch_python_dop_operator_3.py took 0.099 seconds
[2022-03-14 09:37:49,459] {processor.py:163} INFO - Started process (PID=74821) to work on /opt/anaconda3/lib/python3.9/site-packages/airflow/example_dags/example_branch_python_dop_operator_3.py
[2022-03-14 09:37:49,466] {processor.py:642} INFO - Processing file /opt/anaconda3/lib/python3.9/site-packages/airflow/example_dags/example_branch_python_dop_operator_3.py for tasks to queue
[2022-03-14 09:37:49,467] {logging_mixin.py:109} INFO - [2022-03-14 09:37:49,467] {dagbag.py:500} INFO - Filling up the DagBag from /opt/anaconda3/lib/python3.9/site-packages/airflow/example_dags/example_branch_python_dop_operator_3.py
[2022-03-14 09:37:49,530] {processor.py:654} INFO - DAG(s) dict_keys(['example_branch_dop_operator_v3']) retrieved from /opt/anaconda3/lib/python3.9/site-packages/airflow/example_dags/example_branch_python_dop_operator_3.py
[2022-03-14 09:37:49,550] {logging_mixin.py:109} INFO - [2022-03-14 09:37:49,550] {dag.py:2398} INFO - Sync 1 DAGs
[2022-03-14 09:37:49,565] {logging_mixin.py:109} INFO - [2022-03-14 09:37:49,565] {dag.py:2937} INFO - Setting next_dagrun for example_branch_dop_operator_v3 to 2022-03-14T14:36:00+00:00
[2022-03-14 09:37:49,580] {processor.py:171} INFO - Processing /opt/anaconda3/lib/python3.9/site-packages/airflow/example_dags/example_branch_python_dop_operator_3.py took 0.121 seconds
[2022-03-14 09:40:23,273] {processor.py:163} INFO - Started process (PID=75081) to work on /opt/anaconda3/lib/python3.9/site-packages/airflow/example_dags/example_branch_python_dop_operator_3.py
[2022-03-14 09:40:23,279] {processor.py:642} INFO - Processing file /opt/anaconda3/lib/python3.9/site-packages/airflow/example_dags/example_branch_python_dop_operator_3.py for tasks to queue
[2022-03-14 09:40:23,280] {logging_mixin.py:109} INFO - [2022-03-14 09:40:23,280] {dagbag.py:500} INFO - Filling up the DagBag from /opt/anaconda3/lib/python3.9/site-packages/airflow/example_dags/example_branch_python_dop_operator_3.py
[2022-03-14 09:40:23,344] {processor.py:654} INFO - DAG(s) dict_keys(['example_branch_dop_operator_v3']) retrieved from /opt/anaconda3/lib/python3.9/site-packages/airflow/example_dags/example_branch_python_dop_operator_3.py
[2022-03-14 09:40:23,365] {logging_mixin.py:109} INFO - [2022-03-14 09:40:23,364] {dag.py:2398} INFO - Sync 1 DAGs
[2022-03-14 09:40:23,380] {logging_mixin.py:109} INFO - [2022-03-14 09:40:23,380] {dag.py:2937} INFO - Setting next_dagrun for example_branch_dop_operator_v3 to 2022-03-14T14:39:00+00:00
[2022-03-14 09:40:23,397] {processor.py:171} INFO - Processing /opt/anaconda3/lib/python3.9/site-packages/airflow/example_dags/example_branch_python_dop_operator_3.py took 0.124 seconds
[2022-03-14 09:42:52,734] {processor.py:163} INFO - Started process (PID=75201) to work on /opt/anaconda3/lib/python3.9/site-packages/airflow/example_dags/example_branch_python_dop_operator_3.py
[2022-03-14 09:42:52,740] {processor.py:642} INFO - Processing file /opt/anaconda3/lib/python3.9/site-packages/airflow/example_dags/example_branch_python_dop_operator_3.py for tasks to queue
[2022-03-14 09:42:52,741] {logging_mixin.py:109} INFO - [2022-03-14 09:42:52,741] {dagbag.py:500} INFO - Filling up the DagBag from /opt/anaconda3/lib/python3.9/site-packages/airflow/example_dags/example_branch_python_dop_operator_3.py
[2022-03-14 09:42:52,800] {processor.py:654} INFO - DAG(s) dict_keys(['example_branch_dop_operator_v3']) retrieved from /opt/anaconda3/lib/python3.9/site-packages/airflow/example_dags/example_branch_python_dop_operator_3.py
[2022-03-14 09:42:52,818] {logging_mixin.py:109} INFO - [2022-03-14 09:42:52,818] {dag.py:2398} INFO - Sync 1 DAGs
[2022-03-14 09:42:52,832] {logging_mixin.py:109} INFO - [2022-03-14 09:42:52,832] {dag.py:2937} INFO - Setting next_dagrun for example_branch_dop_operator_v3 to 2022-03-14T14:41:00+00:00
[2022-03-14 09:42:52,843] {processor.py:171} INFO - Processing /opt/anaconda3/lib/python3.9/site-packages/airflow/example_dags/example_branch_python_dop_operator_3.py took 0.109 seconds
[2022-03-14 09:45:31,024] {processor.py:163} INFO - Started process (PID=75296) to work on /opt/anaconda3/lib/python3.9/site-packages/airflow/example_dags/example_branch_python_dop_operator_3.py
[2022-03-14 09:45:31,029] {processor.py:642} INFO - Processing file /opt/anaconda3/lib/python3.9/site-packages/airflow/example_dags/example_branch_python_dop_operator_3.py for tasks to queue
[2022-03-14 09:45:31,030] {logging_mixin.py:109} INFO - [2022-03-14 09:45:31,030] {dagbag.py:500} INFO - Filling up the DagBag from /opt/anaconda3/lib/python3.9/site-packages/airflow/example_dags/example_branch_python_dop_operator_3.py
[2022-03-14 09:45:31,091] {processor.py:654} INFO - DAG(s) dict_keys(['example_branch_dop_operator_v3']) retrieved from /opt/anaconda3/lib/python3.9/site-packages/airflow/example_dags/example_branch_python_dop_operator_3.py
[2022-03-14 09:45:31,109] {logging_mixin.py:109} INFO - [2022-03-14 09:45:31,109] {dag.py:2398} INFO - Sync 1 DAGs
[2022-03-14 09:45:31,124] {logging_mixin.py:109} INFO - [2022-03-14 09:45:31,124] {dag.py:2937} INFO - Setting next_dagrun for example_branch_dop_operator_v3 to 2022-03-14T14:44:00+00:00
[2022-03-14 09:45:31,136] {processor.py:171} INFO - Processing /opt/anaconda3/lib/python3.9/site-packages/airflow/example_dags/example_branch_python_dop_operator_3.py took 0.113 seconds
[2022-03-14 09:48:01,773] {processor.py:163} INFO - Started process (PID=75380) to work on /opt/anaconda3/lib/python3.9/site-packages/airflow/example_dags/example_branch_python_dop_operator_3.py
[2022-03-14 09:48:01,780] {processor.py:642} INFO - Processing file /opt/anaconda3/lib/python3.9/site-packages/airflow/example_dags/example_branch_python_dop_operator_3.py for tasks to queue
[2022-03-14 09:48:01,781] {logging_mixin.py:109} INFO - [2022-03-14 09:48:01,781] {dagbag.py:500} INFO - Filling up the DagBag from /opt/anaconda3/lib/python3.9/site-packages/airflow/example_dags/example_branch_python_dop_operator_3.py
[2022-03-14 09:48:01,844] {processor.py:654} INFO - DAG(s) dict_keys(['example_branch_dop_operator_v3']) retrieved from /opt/anaconda3/lib/python3.9/site-packages/airflow/example_dags/example_branch_python_dop_operator_3.py
[2022-03-14 09:48:01,864] {logging_mixin.py:109} INFO - [2022-03-14 09:48:01,864] {dag.py:2398} INFO - Sync 1 DAGs
[2022-03-14 09:48:01,879] {logging_mixin.py:109} INFO - [2022-03-14 09:48:01,878] {dag.py:2937} INFO - Setting next_dagrun for example_branch_dop_operator_v3 to 2022-03-14T14:47:00+00:00
[2022-03-14 09:48:01,891] {processor.py:171} INFO - Processing /opt/anaconda3/lib/python3.9/site-packages/airflow/example_dags/example_branch_python_dop_operator_3.py took 0.119 seconds
[2022-03-14 09:50:31,498] {processor.py:163} INFO - Started process (PID=75555) to work on /opt/anaconda3/lib/python3.9/site-packages/airflow/example_dags/example_branch_python_dop_operator_3.py
[2022-03-14 09:50:31,504] {processor.py:642} INFO - Processing file /opt/anaconda3/lib/python3.9/site-packages/airflow/example_dags/example_branch_python_dop_operator_3.py for tasks to queue
[2022-03-14 09:50:31,505] {logging_mixin.py:109} INFO - [2022-03-14 09:50:31,505] {dagbag.py:500} INFO - Filling up the DagBag from /opt/anaconda3/lib/python3.9/site-packages/airflow/example_dags/example_branch_python_dop_operator_3.py
[2022-03-14 09:50:31,573] {processor.py:654} INFO - DAG(s) dict_keys(['example_branch_dop_operator_v3']) retrieved from /opt/anaconda3/lib/python3.9/site-packages/airflow/example_dags/example_branch_python_dop_operator_3.py
[2022-03-14 09:50:31,594] {logging_mixin.py:109} INFO - [2022-03-14 09:50:31,594] {dag.py:2398} INFO - Sync 1 DAGs
[2022-03-14 09:50:31,610] {logging_mixin.py:109} INFO - [2022-03-14 09:50:31,610] {dag.py:2937} INFO - Setting next_dagrun for example_branch_dop_operator_v3 to 2022-03-14T14:49:00+00:00
[2022-03-14 09:50:31,627] {processor.py:171} INFO - Processing /opt/anaconda3/lib/python3.9/site-packages/airflow/example_dags/example_branch_python_dop_operator_3.py took 0.130 seconds
[2022-03-14 09:52:59,179] {processor.py:163} INFO - Started process (PID=75669) to work on /opt/anaconda3/lib/python3.9/site-packages/airflow/example_dags/example_branch_python_dop_operator_3.py
[2022-03-14 09:52:59,179] {processor.py:642} INFO - Processing file /opt/anaconda3/lib/python3.9/site-packages/airflow/example_dags/example_branch_python_dop_operator_3.py for tasks to queue
[2022-03-14 09:52:59,180] {logging_mixin.py:109} INFO - [2022-03-14 09:52:59,180] {dagbag.py:500} INFO - Filling up the DagBag from /opt/anaconda3/lib/python3.9/site-packages/airflow/example_dags/example_branch_python_dop_operator_3.py
[2022-03-14 09:52:59,232] {processor.py:654} INFO - DAG(s) dict_keys(['example_branch_dop_operator_v3']) retrieved from /opt/anaconda3/lib/python3.9/site-packages/airflow/example_dags/example_branch_python_dop_operator_3.py
[2022-03-14 09:52:59,249] {logging_mixin.py:109} INFO - [2022-03-14 09:52:59,249] {dag.py:2398} INFO - Sync 1 DAGs
[2022-03-14 09:52:59,263] {logging_mixin.py:109} INFO - [2022-03-14 09:52:59,263] {dag.py:2937} INFO - Setting next_dagrun for example_branch_dop_operator_v3 to 2022-03-14T14:51:00+00:00
[2022-03-14 09:52:59,273] {processor.py:171} INFO - Processing /opt/anaconda3/lib/python3.9/site-packages/airflow/example_dags/example_branch_python_dop_operator_3.py took 0.094 seconds
[2022-03-14 09:55:37,617] {processor.py:163} INFO - Started process (PID=75762) to work on /opt/anaconda3/lib/python3.9/site-packages/airflow/example_dags/example_branch_python_dop_operator_3.py
[2022-03-14 09:55:37,623] {processor.py:642} INFO - Processing file /opt/anaconda3/lib/python3.9/site-packages/airflow/example_dags/example_branch_python_dop_operator_3.py for tasks to queue
[2022-03-14 09:55:37,624] {logging_mixin.py:109} INFO - [2022-03-14 09:55:37,624] {dagbag.py:500} INFO - Filling up the DagBag from /opt/anaconda3/lib/python3.9/site-packages/airflow/example_dags/example_branch_python_dop_operator_3.py
[2022-03-14 09:55:37,684] {processor.py:654} INFO - DAG(s) dict_keys(['example_branch_dop_operator_v3']) retrieved from /opt/anaconda3/lib/python3.9/site-packages/airflow/example_dags/example_branch_python_dop_operator_3.py
[2022-03-14 09:55:37,702] {logging_mixin.py:109} INFO - [2022-03-14 09:55:37,702] {dag.py:2398} INFO - Sync 1 DAGs
[2022-03-14 09:55:37,716] {logging_mixin.py:109} INFO - [2022-03-14 09:55:37,716] {dag.py:2937} INFO - Setting next_dagrun for example_branch_dop_operator_v3 to 2022-03-14T14:54:00+00:00
[2022-03-14 09:55:37,728] {processor.py:171} INFO - Processing /opt/anaconda3/lib/python3.9/site-packages/airflow/example_dags/example_branch_python_dop_operator_3.py took 0.111 seconds
[2022-03-14 10:00:20,952] {processor.py:163} INFO - Started process (PID=75992) to work on /opt/anaconda3/lib/python3.9/site-packages/airflow/example_dags/example_branch_python_dop_operator_3.py
[2022-03-14 10:00:20,958] {processor.py:642} INFO - Processing file /opt/anaconda3/lib/python3.9/site-packages/airflow/example_dags/example_branch_python_dop_operator_3.py for tasks to queue
[2022-03-14 10:00:20,959] {logging_mixin.py:109} INFO - [2022-03-14 10:00:20,959] {dagbag.py:500} INFO - Filling up the DagBag from /opt/anaconda3/lib/python3.9/site-packages/airflow/example_dags/example_branch_python_dop_operator_3.py
[2022-03-14 10:00:21,019] {processor.py:654} INFO - DAG(s) dict_keys(['example_branch_dop_operator_v3']) retrieved from /opt/anaconda3/lib/python3.9/site-packages/airflow/example_dags/example_branch_python_dop_operator_3.py
[2022-03-14 10:00:21,038] {logging_mixin.py:109} INFO - [2022-03-14 10:00:21,038] {dag.py:2398} INFO - Sync 1 DAGs
[2022-03-14 10:00:21,053] {logging_mixin.py:109} INFO - [2022-03-14 10:00:21,053] {dag.py:2937} INFO - Setting next_dagrun for example_branch_dop_operator_v3 to 2022-03-14T14:59:00+00:00
[2022-03-14 10:00:21,065] {processor.py:171} INFO - Processing /opt/anaconda3/lib/python3.9/site-packages/airflow/example_dags/example_branch_python_dop_operator_3.py took 0.114 seconds
[2022-03-14 10:02:52,588] {processor.py:163} INFO - Started process (PID=76089) to work on /opt/anaconda3/lib/python3.9/site-packages/airflow/example_dags/example_branch_python_dop_operator_3.py
[2022-03-14 10:02:52,588] {processor.py:642} INFO - Processing file /opt/anaconda3/lib/python3.9/site-packages/airflow/example_dags/example_branch_python_dop_operator_3.py for tasks to queue
[2022-03-14 10:02:52,588] {logging_mixin.py:109} INFO - [2022-03-14 10:02:52,588] {dagbag.py:500} INFO - Filling up the DagBag from /opt/anaconda3/lib/python3.9/site-packages/airflow/example_dags/example_branch_python_dop_operator_3.py
[2022-03-14 10:02:52,648] {processor.py:654} INFO - DAG(s) dict_keys(['example_branch_dop_operator_v3']) retrieved from /opt/anaconda3/lib/python3.9/site-packages/airflow/example_dags/example_branch_python_dop_operator_3.py
[2022-03-14 10:02:52,666] {logging_mixin.py:109} INFO - [2022-03-14 10:02:52,666] {dag.py:2398} INFO - Sync 1 DAGs
[2022-03-14 10:02:52,680] {logging_mixin.py:109} INFO - [2022-03-14 10:02:52,680] {dag.py:2937} INFO - Setting next_dagrun for example_branch_dop_operator_v3 to 2022-03-14T15:01:00+00:00
[2022-03-14 10:02:52,694] {processor.py:171} INFO - Processing /opt/anaconda3/lib/python3.9/site-packages/airflow/example_dags/example_branch_python_dop_operator_3.py took 0.107 seconds
[2022-03-14 10:07:06,649] {processor.py:163} INFO - Started process (PID=76226) to work on /opt/anaconda3/lib/python3.9/site-packages/airflow/example_dags/example_branch_python_dop_operator_3.py
[2022-03-14 10:07:06,650] {processor.py:642} INFO - Processing file /opt/anaconda3/lib/python3.9/site-packages/airflow/example_dags/example_branch_python_dop_operator_3.py for tasks to queue
[2022-03-14 10:07:06,650] {logging_mixin.py:109} INFO - [2022-03-14 10:07:06,650] {dagbag.py:500} INFO - Filling up the DagBag from /opt/anaconda3/lib/python3.9/site-packages/airflow/example_dags/example_branch_python_dop_operator_3.py
[2022-03-14 10:07:06,714] {processor.py:654} INFO - DAG(s) dict_keys(['example_branch_dop_operator_v3']) retrieved from /opt/anaconda3/lib/python3.9/site-packages/airflow/example_dags/example_branch_python_dop_operator_3.py
[2022-03-14 10:07:06,734] {logging_mixin.py:109} INFO - [2022-03-14 10:07:06,733] {dag.py:2398} INFO - Sync 1 DAGs
[2022-03-14 10:07:06,749] {logging_mixin.py:109} INFO - [2022-03-14 10:07:06,749] {dag.py:2937} INFO - Setting next_dagrun for example_branch_dop_operator_v3 to 2022-03-14T15:06:00+00:00
[2022-03-14 10:07:06,761] {processor.py:171} INFO - Processing /opt/anaconda3/lib/python3.9/site-packages/airflow/example_dags/example_branch_python_dop_operator_3.py took 0.113 seconds
[2022-03-14 10:09:41,348] {processor.py:163} INFO - Started process (PID=76542) to work on /opt/anaconda3/lib/python3.9/site-packages/airflow/example_dags/example_branch_python_dop_operator_3.py
[2022-03-14 10:09:41,355] {processor.py:642} INFO - Processing file /opt/anaconda3/lib/python3.9/site-packages/airflow/example_dags/example_branch_python_dop_operator_3.py for tasks to queue
[2022-03-14 10:09:41,356] {logging_mixin.py:109} INFO - [2022-03-14 10:09:41,356] {dagbag.py:500} INFO - Filling up the DagBag from /opt/anaconda3/lib/python3.9/site-packages/airflow/example_dags/example_branch_python_dop_operator_3.py
[2022-03-14 10:09:41,419] {processor.py:654} INFO - DAG(s) dict_keys(['example_branch_dop_operator_v3']) retrieved from /opt/anaconda3/lib/python3.9/site-packages/airflow/example_dags/example_branch_python_dop_operator_3.py
[2022-03-14 10:09:41,438] {logging_mixin.py:109} INFO - [2022-03-14 10:09:41,438] {dag.py:2398} INFO - Sync 1 DAGs
[2022-03-14 10:09:41,453] {logging_mixin.py:109} INFO - [2022-03-14 10:09:41,452] {dag.py:2937} INFO - Setting next_dagrun for example_branch_dop_operator_v3 to 2022-03-14T15:08:00+00:00
[2022-03-14 10:09:41,464] {processor.py:171} INFO - Processing /opt/anaconda3/lib/python3.9/site-packages/airflow/example_dags/example_branch_python_dop_operator_3.py took 0.116 seconds
[2022-03-14 10:12:59,210] {processor.py:163} INFO - Started process (PID=76677) to work on /opt/anaconda3/lib/python3.9/site-packages/airflow/example_dags/example_branch_python_dop_operator_3.py
[2022-03-14 10:12:59,216] {processor.py:642} INFO - Processing file /opt/anaconda3/lib/python3.9/site-packages/airflow/example_dags/example_branch_python_dop_operator_3.py for tasks to queue
[2022-03-14 10:12:59,217] {logging_mixin.py:109} INFO - [2022-03-14 10:12:59,217] {dagbag.py:500} INFO - Filling up the DagBag from /opt/anaconda3/lib/python3.9/site-packages/airflow/example_dags/example_branch_python_dop_operator_3.py
[2022-03-14 10:12:59,277] {processor.py:654} INFO - DAG(s) dict_keys(['example_branch_dop_operator_v3']) retrieved from /opt/anaconda3/lib/python3.9/site-packages/airflow/example_dags/example_branch_python_dop_operator_3.py
[2022-03-14 10:12:59,295] {logging_mixin.py:109} INFO - [2022-03-14 10:12:59,295] {dag.py:2398} INFO - Sync 1 DAGs
[2022-03-14 10:12:59,310] {logging_mixin.py:109} INFO - [2022-03-14 10:12:59,310] {dag.py:2937} INFO - Setting next_dagrun for example_branch_dop_operator_v3 to 2022-03-14T15:11:00+00:00
[2022-03-14 10:12:59,323] {processor.py:171} INFO - Processing /opt/anaconda3/lib/python3.9/site-packages/airflow/example_dags/example_branch_python_dop_operator_3.py took 0.113 seconds
[2022-03-14 10:15:05,139] {processor.py:163} INFO - Started process (PID=76747) to work on /opt/anaconda3/lib/python3.9/site-packages/airflow/example_dags/example_branch_python_dop_operator_3.py
[2022-03-14 10:15:05,145] {processor.py:642} INFO - Processing file /opt/anaconda3/lib/python3.9/site-packages/airflow/example_dags/example_branch_python_dop_operator_3.py for tasks to queue
[2022-03-14 10:15:05,145] {logging_mixin.py:109} INFO - [2022-03-14 10:15:05,145] {dagbag.py:500} INFO - Filling up the DagBag from /opt/anaconda3/lib/python3.9/site-packages/airflow/example_dags/example_branch_python_dop_operator_3.py
[2022-03-14 10:15:05,207] {processor.py:654} INFO - DAG(s) dict_keys(['example_branch_dop_operator_v3']) retrieved from /opt/anaconda3/lib/python3.9/site-packages/airflow/example_dags/example_branch_python_dop_operator_3.py
[2022-03-14 10:15:05,227] {logging_mixin.py:109} INFO - [2022-03-14 10:15:05,227] {dag.py:2398} INFO - Sync 1 DAGs
[2022-03-14 10:15:05,243] {logging_mixin.py:109} INFO - [2022-03-14 10:15:05,242] {dag.py:2937} INFO - Setting next_dagrun for example_branch_dop_operator_v3 to 2022-03-14T15:14:00+00:00
[2022-03-14 10:15:05,253] {processor.py:171} INFO - Processing /opt/anaconda3/lib/python3.9/site-packages/airflow/example_dags/example_branch_python_dop_operator_3.py took 0.115 seconds
[2022-03-14 10:17:40,559] {processor.py:163} INFO - Started process (PID=76823) to work on /opt/anaconda3/lib/python3.9/site-packages/airflow/example_dags/example_branch_python_dop_operator_3.py
[2022-03-14 10:17:40,560] {processor.py:642} INFO - Processing file /opt/anaconda3/lib/python3.9/site-packages/airflow/example_dags/example_branch_python_dop_operator_3.py for tasks to queue
[2022-03-14 10:17:40,560] {logging_mixin.py:109} INFO - [2022-03-14 10:17:40,560] {dagbag.py:500} INFO - Filling up the DagBag from /opt/anaconda3/lib/python3.9/site-packages/airflow/example_dags/example_branch_python_dop_operator_3.py
[2022-03-14 10:17:40,629] {processor.py:654} INFO - DAG(s) dict_keys(['example_branch_dop_operator_v3']) retrieved from /opt/anaconda3/lib/python3.9/site-packages/airflow/example_dags/example_branch_python_dop_operator_3.py
[2022-03-14 10:17:40,651] {logging_mixin.py:109} INFO - [2022-03-14 10:17:40,651] {dag.py:2398} INFO - Sync 1 DAGs
[2022-03-14 10:17:40,670] {logging_mixin.py:109} INFO - [2022-03-14 10:17:40,670] {dag.py:2937} INFO - Setting next_dagrun for example_branch_dop_operator_v3 to 2022-03-14T15:16:00+00:00
[2022-03-14 10:17:40,727] {processor.py:171} INFO - Processing /opt/anaconda3/lib/python3.9/site-packages/airflow/example_dags/example_branch_python_dop_operator_3.py took 0.168 seconds
[2022-03-14 10:21:51,500] {processor.py:163} INFO - Started process (PID=77020) to work on /opt/anaconda3/lib/python3.9/site-packages/airflow/example_dags/example_branch_python_dop_operator_3.py
[2022-03-14 10:21:51,503] {processor.py:642} INFO - Processing file /opt/anaconda3/lib/python3.9/site-packages/airflow/example_dags/example_branch_python_dop_operator_3.py for tasks to queue
[2022-03-14 10:21:51,504] {logging_mixin.py:109} INFO - [2022-03-14 10:21:51,504] {dagbag.py:500} INFO - Filling up the DagBag from /opt/anaconda3/lib/python3.9/site-packages/airflow/example_dags/example_branch_python_dop_operator_3.py
[2022-03-14 10:21:51,563] {processor.py:654} INFO - DAG(s) dict_keys(['example_branch_dop_operator_v3']) retrieved from /opt/anaconda3/lib/python3.9/site-packages/airflow/example_dags/example_branch_python_dop_operator_3.py
[2022-03-14 10:21:51,583] {logging_mixin.py:109} INFO - [2022-03-14 10:21:51,583] {dag.py:2398} INFO - Sync 1 DAGs
[2022-03-14 10:21:51,598] {logging_mixin.py:109} INFO - [2022-03-14 10:21:51,597] {dag.py:2937} INFO - Setting next_dagrun for example_branch_dop_operator_v3 to 2022-03-14T15:20:00+00:00
[2022-03-14 10:21:51,609] {processor.py:171} INFO - Processing /opt/anaconda3/lib/python3.9/site-packages/airflow/example_dags/example_branch_python_dop_operator_3.py took 0.109 seconds
[2022-03-14 10:29:44,548] {processor.py:163} INFO - Started process (PID=77459) to work on /opt/anaconda3/lib/python3.9/site-packages/airflow/example_dags/example_branch_python_dop_operator_3.py
[2022-03-14 10:29:44,554] {processor.py:642} INFO - Processing file /opt/anaconda3/lib/python3.9/site-packages/airflow/example_dags/example_branch_python_dop_operator_3.py for tasks to queue
[2022-03-14 10:29:44,555] {logging_mixin.py:109} INFO - [2022-03-14 10:29:44,555] {dagbag.py:500} INFO - Filling up the DagBag from /opt/anaconda3/lib/python3.9/site-packages/airflow/example_dags/example_branch_python_dop_operator_3.py
[2022-03-14 10:29:44,614] {processor.py:654} INFO - DAG(s) dict_keys(['example_branch_dop_operator_v3']) retrieved from /opt/anaconda3/lib/python3.9/site-packages/airflow/example_dags/example_branch_python_dop_operator_3.py
[2022-03-14 10:29:44,632] {logging_mixin.py:109} INFO - [2022-03-14 10:29:44,632] {dag.py:2398} INFO - Sync 1 DAGs
[2022-03-14 10:29:44,647] {logging_mixin.py:109} INFO - [2022-03-14 10:29:44,647] {dag.py:2937} INFO - Setting next_dagrun for example_branch_dop_operator_v3 to 2022-03-14T15:28:00+00:00
[2022-03-14 10:29:44,659] {processor.py:171} INFO - Processing /opt/anaconda3/lib/python3.9/site-packages/airflow/example_dags/example_branch_python_dop_operator_3.py took 0.112 seconds
[2022-03-14 10:32:19,551] {processor.py:163} INFO - Started process (PID=77528) to work on /opt/anaconda3/lib/python3.9/site-packages/airflow/example_dags/example_branch_python_dop_operator_3.py
[2022-03-14 10:32:19,551] {processor.py:642} INFO - Processing file /opt/anaconda3/lib/python3.9/site-packages/airflow/example_dags/example_branch_python_dop_operator_3.py for tasks to queue
[2022-03-14 10:32:19,552] {logging_mixin.py:109} INFO - [2022-03-14 10:32:19,552] {dagbag.py:500} INFO - Filling up the DagBag from /opt/anaconda3/lib/python3.9/site-packages/airflow/example_dags/example_branch_python_dop_operator_3.py
[2022-03-14 10:32:19,611] {processor.py:654} INFO - DAG(s) dict_keys(['example_branch_dop_operator_v3']) retrieved from /opt/anaconda3/lib/python3.9/site-packages/airflow/example_dags/example_branch_python_dop_operator_3.py
[2022-03-14 10:32:19,632] {logging_mixin.py:109} INFO - [2022-03-14 10:32:19,632] {dag.py:2398} INFO - Sync 1 DAGs
[2022-03-14 10:32:19,651] {logging_mixin.py:109} INFO - [2022-03-14 10:32:19,651] {dag.py:2937} INFO - Setting next_dagrun for example_branch_dop_operator_v3 to 2022-03-14T15:31:00+00:00
[2022-03-14 10:32:19,662] {processor.py:171} INFO - Processing /opt/anaconda3/lib/python3.9/site-packages/airflow/example_dags/example_branch_python_dop_operator_3.py took 0.112 seconds
[2022-03-14 10:37:12,593] {processor.py:163} INFO - Started process (PID=77671) to work on /opt/anaconda3/lib/python3.9/site-packages/airflow/example_dags/example_branch_python_dop_operator_3.py
[2022-03-14 10:37:12,599] {processor.py:642} INFO - Processing file /opt/anaconda3/lib/python3.9/site-packages/airflow/example_dags/example_branch_python_dop_operator_3.py for tasks to queue
[2022-03-14 10:37:12,600] {logging_mixin.py:109} INFO - [2022-03-14 10:37:12,600] {dagbag.py:500} INFO - Filling up the DagBag from /opt/anaconda3/lib/python3.9/site-packages/airflow/example_dags/example_branch_python_dop_operator_3.py
[2022-03-14 10:37:12,664] {processor.py:654} INFO - DAG(s) dict_keys(['example_branch_dop_operator_v3']) retrieved from /opt/anaconda3/lib/python3.9/site-packages/airflow/example_dags/example_branch_python_dop_operator_3.py
[2022-03-14 10:37:12,683] {logging_mixin.py:109} INFO - [2022-03-14 10:37:12,683] {dag.py:2398} INFO - Sync 1 DAGs
[2022-03-14 10:37:12,698] {logging_mixin.py:109} INFO - [2022-03-14 10:37:12,698] {dag.py:2937} INFO - Setting next_dagrun for example_branch_dop_operator_v3 to 2022-03-14T15:36:00+00:00
[2022-03-14 10:37:12,712] {processor.py:171} INFO - Processing /opt/anaconda3/lib/python3.9/site-packages/airflow/example_dags/example_branch_python_dop_operator_3.py took 0.119 seconds
[2022-03-14 10:39:56,207] {processor.py:163} INFO - Started process (PID=77854) to work on /opt/anaconda3/lib/python3.9/site-packages/airflow/example_dags/example_branch_python_dop_operator_3.py
[2022-03-14 10:39:56,214] {processor.py:642} INFO - Processing file /opt/anaconda3/lib/python3.9/site-packages/airflow/example_dags/example_branch_python_dop_operator_3.py for tasks to queue
[2022-03-14 10:39:56,214] {logging_mixin.py:109} INFO - [2022-03-14 10:39:56,214] {dagbag.py:500} INFO - Filling up the DagBag from /opt/anaconda3/lib/python3.9/site-packages/airflow/example_dags/example_branch_python_dop_operator_3.py
[2022-03-14 10:39:56,272] {processor.py:654} INFO - DAG(s) dict_keys(['example_branch_dop_operator_v3']) retrieved from /opt/anaconda3/lib/python3.9/site-packages/airflow/example_dags/example_branch_python_dop_operator_3.py
[2022-03-14 10:39:56,292] {logging_mixin.py:109} INFO - [2022-03-14 10:39:56,292] {dag.py:2398} INFO - Sync 1 DAGs
[2022-03-14 10:39:56,306] {logging_mixin.py:109} INFO - [2022-03-14 10:39:56,305] {dag.py:2937} INFO - Setting next_dagrun for example_branch_dop_operator_v3 to 2022-03-14T15:38:00+00:00
[2022-03-14 10:39:56,317] {processor.py:171} INFO - Processing /opt/anaconda3/lib/python3.9/site-packages/airflow/example_dags/example_branch_python_dop_operator_3.py took 0.110 seconds
[2022-03-14 10:42:11,072] {processor.py:163} INFO - Started process (PID=77933) to work on /opt/anaconda3/lib/python3.9/site-packages/airflow/example_dags/example_branch_python_dop_operator_3.py
[2022-03-14 10:42:11,078] {processor.py:642} INFO - Processing file /opt/anaconda3/lib/python3.9/site-packages/airflow/example_dags/example_branch_python_dop_operator_3.py for tasks to queue
[2022-03-14 10:42:11,079] {logging_mixin.py:109} INFO - [2022-03-14 10:42:11,079] {dagbag.py:500} INFO - Filling up the DagBag from /opt/anaconda3/lib/python3.9/site-packages/airflow/example_dags/example_branch_python_dop_operator_3.py
[2022-03-14 10:42:11,137] {processor.py:654} INFO - DAG(s) dict_keys(['example_branch_dop_operator_v3']) retrieved from /opt/anaconda3/lib/python3.9/site-packages/airflow/example_dags/example_branch_python_dop_operator_3.py
[2022-03-14 10:42:11,155] {logging_mixin.py:109} INFO - [2022-03-14 10:42:11,155] {dag.py:2398} INFO - Sync 1 DAGs
[2022-03-14 10:42:11,170] {logging_mixin.py:109} INFO - [2022-03-14 10:42:11,170] {dag.py:2937} INFO - Setting next_dagrun for example_branch_dop_operator_v3 to 2022-03-14T15:41:00+00:00
[2022-03-14 10:42:11,181] {processor.py:171} INFO - Processing /opt/anaconda3/lib/python3.9/site-packages/airflow/example_dags/example_branch_python_dop_operator_3.py took 0.109 seconds
[2022-03-14 10:44:37,360] {processor.py:163} INFO - Started process (PID=78045) to work on /opt/anaconda3/lib/python3.9/site-packages/airflow/example_dags/example_branch_python_dop_operator_3.py
[2022-03-14 10:44:37,366] {processor.py:642} INFO - Processing file /opt/anaconda3/lib/python3.9/site-packages/airflow/example_dags/example_branch_python_dop_operator_3.py for tasks to queue
[2022-03-14 10:44:37,367] {logging_mixin.py:109} INFO - [2022-03-14 10:44:37,367] {dagbag.py:500} INFO - Filling up the DagBag from /opt/anaconda3/lib/python3.9/site-packages/airflow/example_dags/example_branch_python_dop_operator_3.py
[2022-03-14 10:44:37,431] {processor.py:654} INFO - DAG(s) dict_keys(['example_branch_dop_operator_v3']) retrieved from /opt/anaconda3/lib/python3.9/site-packages/airflow/example_dags/example_branch_python_dop_operator_3.py
[2022-03-14 10:44:37,449] {logging_mixin.py:109} INFO - [2022-03-14 10:44:37,449] {dag.py:2398} INFO - Sync 1 DAGs
[2022-03-14 10:44:37,463] {logging_mixin.py:109} INFO - [2022-03-14 10:44:37,463] {dag.py:2937} INFO - Setting next_dagrun for example_branch_dop_operator_v3 to 2022-03-14T15:43:00+00:00
[2022-03-14 10:44:37,475] {processor.py:171} INFO - Processing /opt/anaconda3/lib/python3.9/site-packages/airflow/example_dags/example_branch_python_dop_operator_3.py took 0.116 seconds
[2022-03-14 10:48:47,403] {processor.py:163} INFO - Started process (PID=78765) to work on /opt/anaconda3/lib/python3.9/site-packages/airflow/example_dags/example_branch_python_dop_operator_3.py
[2022-03-14 10:48:47,405] {processor.py:642} INFO - Processing file /opt/anaconda3/lib/python3.9/site-packages/airflow/example_dags/example_branch_python_dop_operator_3.py for tasks to queue
[2022-03-14 10:48:47,406] {logging_mixin.py:109} INFO - [2022-03-14 10:48:47,406] {dagbag.py:500} INFO - Filling up the DagBag from /opt/anaconda3/lib/python3.9/site-packages/airflow/example_dags/example_branch_python_dop_operator_3.py
[2022-03-14 10:48:47,462] {processor.py:654} INFO - DAG(s) dict_keys(['example_branch_dop_operator_v3']) retrieved from /opt/anaconda3/lib/python3.9/site-packages/airflow/example_dags/example_branch_python_dop_operator_3.py
[2022-03-14 10:48:47,480] {logging_mixin.py:109} INFO - [2022-03-14 10:48:47,480] {dag.py:2398} INFO - Sync 1 DAGs
[2022-03-14 10:48:47,494] {logging_mixin.py:109} INFO - [2022-03-14 10:48:47,494] {dag.py:2937} INFO - Setting next_dagrun for example_branch_dop_operator_v3 to 2022-03-14T15:47:00+00:00
[2022-03-14 10:48:47,506] {processor.py:171} INFO - Processing /opt/anaconda3/lib/python3.9/site-packages/airflow/example_dags/example_branch_python_dop_operator_3.py took 0.104 seconds
[2022-03-14 10:52:15,045] {processor.py:163} INFO - Started process (PID=78915) to work on /opt/anaconda3/lib/python3.9/site-packages/airflow/example_dags/example_branch_python_dop_operator_3.py
[2022-03-14 10:52:15,051] {processor.py:642} INFO - Processing file /opt/anaconda3/lib/python3.9/site-packages/airflow/example_dags/example_branch_python_dop_operator_3.py for tasks to queue
[2022-03-14 10:52:15,052] {logging_mixin.py:109} INFO - [2022-03-14 10:52:15,052] {dagbag.py:500} INFO - Filling up the DagBag from /opt/anaconda3/lib/python3.9/site-packages/airflow/example_dags/example_branch_python_dop_operator_3.py
[2022-03-14 10:52:15,110] {processor.py:654} INFO - DAG(s) dict_keys(['example_branch_dop_operator_v3']) retrieved from /opt/anaconda3/lib/python3.9/site-packages/airflow/example_dags/example_branch_python_dop_operator_3.py
[2022-03-14 10:52:15,128] {logging_mixin.py:109} INFO - [2022-03-14 10:52:15,128] {dag.py:2398} INFO - Sync 1 DAGs
[2022-03-14 10:52:15,142] {logging_mixin.py:109} INFO - [2022-03-14 10:52:15,142] {dag.py:2937} INFO - Setting next_dagrun for example_branch_dop_operator_v3 to 2022-03-14T15:51:00+00:00
[2022-03-14 10:52:15,153] {processor.py:171} INFO - Processing /opt/anaconda3/lib/python3.9/site-packages/airflow/example_dags/example_branch_python_dop_operator_3.py took 0.109 seconds
[2022-03-14 10:55:12,658] {processor.py:163} INFO - Started process (PID=79025) to work on /opt/anaconda3/lib/python3.9/site-packages/airflow/example_dags/example_branch_python_dop_operator_3.py
[2022-03-14 10:55:12,660] {processor.py:642} INFO - Processing file /opt/anaconda3/lib/python3.9/site-packages/airflow/example_dags/example_branch_python_dop_operator_3.py for tasks to queue
[2022-03-14 10:55:12,660] {logging_mixin.py:109} INFO - [2022-03-14 10:55:12,660] {dagbag.py:500} INFO - Filling up the DagBag from /opt/anaconda3/lib/python3.9/site-packages/airflow/example_dags/example_branch_python_dop_operator_3.py
[2022-03-14 10:55:12,726] {processor.py:654} INFO - DAG(s) dict_keys(['example_branch_dop_operator_v3']) retrieved from /opt/anaconda3/lib/python3.9/site-packages/airflow/example_dags/example_branch_python_dop_operator_3.py
[2022-03-14 10:55:12,746] {logging_mixin.py:109} INFO - [2022-03-14 10:55:12,746] {dag.py:2398} INFO - Sync 1 DAGs
[2022-03-14 10:55:12,761] {logging_mixin.py:109} INFO - [2022-03-14 10:55:12,761] {dag.py:2937} INFO - Setting next_dagrun for example_branch_dop_operator_v3 to 2022-03-14T15:54:00+00:00
[2022-03-14 10:55:12,776] {processor.py:171} INFO - Processing /opt/anaconda3/lib/python3.9/site-packages/airflow/example_dags/example_branch_python_dop_operator_3.py took 0.119 seconds
[2022-03-14 10:57:55,054] {processor.py:163} INFO - Started process (PID=79145) to work on /opt/anaconda3/lib/python3.9/site-packages/airflow/example_dags/example_branch_python_dop_operator_3.py
[2022-03-14 10:57:55,060] {processor.py:642} INFO - Processing file /opt/anaconda3/lib/python3.9/site-packages/airflow/example_dags/example_branch_python_dop_operator_3.py for tasks to queue
[2022-03-14 10:57:55,061] {logging_mixin.py:109} INFO - [2022-03-14 10:57:55,061] {dagbag.py:500} INFO - Filling up the DagBag from /opt/anaconda3/lib/python3.9/site-packages/airflow/example_dags/example_branch_python_dop_operator_3.py
[2022-03-14 10:57:55,118] {processor.py:654} INFO - DAG(s) dict_keys(['example_branch_dop_operator_v3']) retrieved from /opt/anaconda3/lib/python3.9/site-packages/airflow/example_dags/example_branch_python_dop_operator_3.py
[2022-03-14 10:57:55,137] {logging_mixin.py:109} INFO - [2022-03-14 10:57:55,137] {dag.py:2398} INFO - Sync 1 DAGs
[2022-03-14 10:57:55,151] {logging_mixin.py:109} INFO - [2022-03-14 10:57:55,151] {dag.py:2937} INFO - Setting next_dagrun for example_branch_dop_operator_v3 to 2022-03-14T15:56:00+00:00
[2022-03-14 10:57:55,161] {processor.py:171} INFO - Processing /opt/anaconda3/lib/python3.9/site-packages/airflow/example_dags/example_branch_python_dop_operator_3.py took 0.107 seconds
[2022-03-14 11:00:36,863] {processor.py:163} INFO - Started process (PID=79297) to work on /opt/anaconda3/lib/python3.9/site-packages/airflow/example_dags/example_branch_python_dop_operator_3.py
[2022-03-14 11:00:36,864] {processor.py:642} INFO - Processing file /opt/anaconda3/lib/python3.9/site-packages/airflow/example_dags/example_branch_python_dop_operator_3.py for tasks to queue
[2022-03-14 11:00:36,864] {logging_mixin.py:109} INFO - [2022-03-14 11:00:36,864] {dagbag.py:500} INFO - Filling up the DagBag from /opt/anaconda3/lib/python3.9/site-packages/airflow/example_dags/example_branch_python_dop_operator_3.py
[2022-03-14 11:00:36,923] {processor.py:654} INFO - DAG(s) dict_keys(['example_branch_dop_operator_v3']) retrieved from /opt/anaconda3/lib/python3.9/site-packages/airflow/example_dags/example_branch_python_dop_operator_3.py
[2022-03-14 11:00:36,941] {logging_mixin.py:109} INFO - [2022-03-14 11:00:36,941] {dag.py:2398} INFO - Sync 1 DAGs
[2022-03-14 11:00:36,961] {logging_mixin.py:109} INFO - [2022-03-14 11:00:36,961] {dag.py:2937} INFO - Setting next_dagrun for example_branch_dop_operator_v3 to 2022-03-14T15:59:00+00:00
[2022-03-14 11:00:36,972] {processor.py:171} INFO - Processing /opt/anaconda3/lib/python3.9/site-packages/airflow/example_dags/example_branch_python_dop_operator_3.py took 0.109 seconds
[2022-03-14 11:04:28,073] {processor.py:163} INFO - Started process (PID=79499) to work on /opt/anaconda3/lib/python3.9/site-packages/airflow/example_dags/example_branch_python_dop_operator_3.py
[2022-03-14 11:04:28,076] {processor.py:642} INFO - Processing file /opt/anaconda3/lib/python3.9/site-packages/airflow/example_dags/example_branch_python_dop_operator_3.py for tasks to queue
[2022-03-14 11:04:28,077] {logging_mixin.py:109} INFO - [2022-03-14 11:04:28,076] {dagbag.py:500} INFO - Filling up the DagBag from /opt/anaconda3/lib/python3.9/site-packages/airflow/example_dags/example_branch_python_dop_operator_3.py
[2022-03-14 11:04:28,136] {processor.py:654} INFO - DAG(s) dict_keys(['example_branch_dop_operator_v3']) retrieved from /opt/anaconda3/lib/python3.9/site-packages/airflow/example_dags/example_branch_python_dop_operator_3.py
[2022-03-14 11:04:28,154] {logging_mixin.py:109} INFO - [2022-03-14 11:04:28,154] {dag.py:2398} INFO - Sync 1 DAGs
[2022-03-14 11:04:28,168] {logging_mixin.py:109} INFO - [2022-03-14 11:04:28,168] {dag.py:2937} INFO - Setting next_dagrun for example_branch_dop_operator_v3 to 2022-03-14T16:03:00+00:00
[2022-03-14 11:04:28,180] {processor.py:171} INFO - Processing /opt/anaconda3/lib/python3.9/site-packages/airflow/example_dags/example_branch_python_dop_operator_3.py took 0.107 seconds
[2022-03-14 11:07:18,216] {processor.py:163} INFO - Started process (PID=79616) to work on /opt/anaconda3/lib/python3.9/site-packages/airflow/example_dags/example_branch_python_dop_operator_3.py
[2022-03-14 11:07:18,216] {processor.py:642} INFO - Processing file /opt/anaconda3/lib/python3.9/site-packages/airflow/example_dags/example_branch_python_dop_operator_3.py for tasks to queue
[2022-03-14 11:07:18,216] {logging_mixin.py:109} INFO - [2022-03-14 11:07:18,216] {dagbag.py:500} INFO - Filling up the DagBag from /opt/anaconda3/lib/python3.9/site-packages/airflow/example_dags/example_branch_python_dop_operator_3.py
[2022-03-14 11:07:18,278] {processor.py:654} INFO - DAG(s) dict_keys(['example_branch_dop_operator_v3']) retrieved from /opt/anaconda3/lib/python3.9/site-packages/airflow/example_dags/example_branch_python_dop_operator_3.py
[2022-03-14 11:07:18,297] {logging_mixin.py:109} INFO - [2022-03-14 11:07:18,297] {dag.py:2398} INFO - Sync 1 DAGs
[2022-03-14 11:07:18,312] {logging_mixin.py:109} INFO - [2022-03-14 11:07:18,312] {dag.py:2937} INFO - Setting next_dagrun for example_branch_dop_operator_v3 to 2022-03-14T16:06:00+00:00
[2022-03-14 11:07:18,327] {processor.py:171} INFO - Processing /opt/anaconda3/lib/python3.9/site-packages/airflow/example_dags/example_branch_python_dop_operator_3.py took 0.112 seconds
[2022-03-14 11:16:04,944] {processor.py:163} INFO - Started process (PID=80064) to work on /opt/anaconda3/lib/python3.9/site-packages/airflow/example_dags/example_branch_python_dop_operator_3.py
[2022-03-14 11:16:04,950] {processor.py:642} INFO - Processing file /opt/anaconda3/lib/python3.9/site-packages/airflow/example_dags/example_branch_python_dop_operator_3.py for tasks to queue
[2022-03-14 11:16:04,951] {logging_mixin.py:109} INFO - [2022-03-14 11:16:04,951] {dagbag.py:500} INFO - Filling up the DagBag from /opt/anaconda3/lib/python3.9/site-packages/airflow/example_dags/example_branch_python_dop_operator_3.py
[2022-03-14 11:16:05,014] {processor.py:654} INFO - DAG(s) dict_keys(['example_branch_dop_operator_v3']) retrieved from /opt/anaconda3/lib/python3.9/site-packages/airflow/example_dags/example_branch_python_dop_operator_3.py
[2022-03-14 11:16:05,035] {logging_mixin.py:109} INFO - [2022-03-14 11:16:05,035] {dag.py:2398} INFO - Sync 1 DAGs
[2022-03-14 11:16:05,053] {logging_mixin.py:109} INFO - [2022-03-14 11:16:05,053] {dag.py:2937} INFO - Setting next_dagrun for example_branch_dop_operator_v3 to 2022-03-14T16:15:00+00:00
[2022-03-14 11:16:05,065] {processor.py:171} INFO - Processing /opt/anaconda3/lib/python3.9/site-packages/airflow/example_dags/example_branch_python_dop_operator_3.py took 0.122 seconds
[2022-03-14 11:19:01,853] {processor.py:163} INFO - Started process (PID=80283) to work on /opt/anaconda3/lib/python3.9/site-packages/airflow/example_dags/example_branch_python_dop_operator_3.py
[2022-03-14 11:19:01,859] {processor.py:642} INFO - Processing file /opt/anaconda3/lib/python3.9/site-packages/airflow/example_dags/example_branch_python_dop_operator_3.py for tasks to queue
[2022-03-14 11:19:01,860] {logging_mixin.py:109} INFO - [2022-03-14 11:19:01,860] {dagbag.py:500} INFO - Filling up the DagBag from /opt/anaconda3/lib/python3.9/site-packages/airflow/example_dags/example_branch_python_dop_operator_3.py
[2022-03-14 11:19:01,921] {processor.py:654} INFO - DAG(s) dict_keys(['example_branch_dop_operator_v3']) retrieved from /opt/anaconda3/lib/python3.9/site-packages/airflow/example_dags/example_branch_python_dop_operator_3.py
[2022-03-14 11:19:01,941] {logging_mixin.py:109} INFO - [2022-03-14 11:19:01,941] {dag.py:2398} INFO - Sync 1 DAGs
[2022-03-14 11:19:01,956] {logging_mixin.py:109} INFO - [2022-03-14 11:19:01,956] {dag.py:2937} INFO - Setting next_dagrun for example_branch_dop_operator_v3 to 2022-03-14T16:18:00+00:00
[2022-03-14 11:19:01,971] {processor.py:171} INFO - Processing /opt/anaconda3/lib/python3.9/site-packages/airflow/example_dags/example_branch_python_dop_operator_3.py took 0.118 seconds
[2022-03-14 11:21:49,277] {processor.py:163} INFO - Started process (PID=80387) to work on /opt/anaconda3/lib/python3.9/site-packages/airflow/example_dags/example_branch_python_dop_operator_3.py
[2022-03-14 11:21:49,283] {processor.py:642} INFO - Processing file /opt/anaconda3/lib/python3.9/site-packages/airflow/example_dags/example_branch_python_dop_operator_3.py for tasks to queue
[2022-03-14 11:21:49,283] {logging_mixin.py:109} INFO - [2022-03-14 11:21:49,283] {dagbag.py:500} INFO - Filling up the DagBag from /opt/anaconda3/lib/python3.9/site-packages/airflow/example_dags/example_branch_python_dop_operator_3.py
[2022-03-14 11:21:49,341] {processor.py:654} INFO - DAG(s) dict_keys(['example_branch_dop_operator_v3']) retrieved from /opt/anaconda3/lib/python3.9/site-packages/airflow/example_dags/example_branch_python_dop_operator_3.py
[2022-03-14 11:21:49,359] {logging_mixin.py:109} INFO - [2022-03-14 11:21:49,359] {dag.py:2398} INFO - Sync 1 DAGs
[2022-03-14 11:21:49,374] {logging_mixin.py:109} INFO - [2022-03-14 11:21:49,373] {dag.py:2937} INFO - Setting next_dagrun for example_branch_dop_operator_v3 to 2022-03-14T16:20:00+00:00
[2022-03-14 11:21:49,385] {processor.py:171} INFO - Processing /opt/anaconda3/lib/python3.9/site-packages/airflow/example_dags/example_branch_python_dop_operator_3.py took 0.109 seconds
[2022-03-14 11:24:23,164] {processor.py:163} INFO - Started process (PID=80486) to work on /opt/anaconda3/lib/python3.9/site-packages/airflow/example_dags/example_branch_python_dop_operator_3.py
[2022-03-14 11:24:23,165] {processor.py:642} INFO - Processing file /opt/anaconda3/lib/python3.9/site-packages/airflow/example_dags/example_branch_python_dop_operator_3.py for tasks to queue
[2022-03-14 11:24:23,165] {logging_mixin.py:109} INFO - [2022-03-14 11:24:23,165] {dagbag.py:500} INFO - Filling up the DagBag from /opt/anaconda3/lib/python3.9/site-packages/airflow/example_dags/example_branch_python_dop_operator_3.py
[2022-03-14 11:24:23,226] {processor.py:654} INFO - DAG(s) dict_keys(['example_branch_dop_operator_v3']) retrieved from /opt/anaconda3/lib/python3.9/site-packages/airflow/example_dags/example_branch_python_dop_operator_3.py
[2022-03-14 11:24:23,246] {logging_mixin.py:109} INFO - [2022-03-14 11:24:23,246] {dag.py:2398} INFO - Sync 1 DAGs
[2022-03-14 11:24:23,259] {logging_mixin.py:109} INFO - [2022-03-14 11:24:23,259] {dag.py:2937} INFO - Setting next_dagrun for example_branch_dop_operator_v3 to 2022-03-14T16:23:00+00:00
[2022-03-14 11:24:23,275] {processor.py:171} INFO - Processing /opt/anaconda3/lib/python3.9/site-packages/airflow/example_dags/example_branch_python_dop_operator_3.py took 0.111 seconds
[2022-03-14 11:27:04,223] {processor.py:163} INFO - Started process (PID=80603) to work on /opt/anaconda3/lib/python3.9/site-packages/airflow/example_dags/example_branch_python_dop_operator_3.py
[2022-03-14 11:27:04,224] {processor.py:642} INFO - Processing file /opt/anaconda3/lib/python3.9/site-packages/airflow/example_dags/example_branch_python_dop_operator_3.py for tasks to queue
[2022-03-14 11:27:04,224] {logging_mixin.py:109} INFO - [2022-03-14 11:27:04,224] {dagbag.py:500} INFO - Filling up the DagBag from /opt/anaconda3/lib/python3.9/site-packages/airflow/example_dags/example_branch_python_dop_operator_3.py
[2022-03-14 11:27:04,300] {processor.py:654} INFO - DAG(s) dict_keys(['example_branch_dop_operator_v3']) retrieved from /opt/anaconda3/lib/python3.9/site-packages/airflow/example_dags/example_branch_python_dop_operator_3.py
[2022-03-14 11:27:04,326] {logging_mixin.py:109} INFO - [2022-03-14 11:27:04,326] {dag.py:2398} INFO - Sync 1 DAGs
[2022-03-14 11:27:04,358] {logging_mixin.py:109} INFO - [2022-03-14 11:27:04,358] {dag.py:2937} INFO - Setting next_dagrun for example_branch_dop_operator_v3 to 2022-03-14T16:26:00+00:00
[2022-03-14 11:27:04,374] {processor.py:171} INFO - Processing /opt/anaconda3/lib/python3.9/site-packages/airflow/example_dags/example_branch_python_dop_operator_3.py took 0.153 seconds
[2022-03-14 11:29:41,336] {processor.py:163} INFO - Started process (PID=80789) to work on /opt/anaconda3/lib/python3.9/site-packages/airflow/example_dags/example_branch_python_dop_operator_3.py
[2022-03-14 11:29:41,337] {processor.py:642} INFO - Processing file /opt/anaconda3/lib/python3.9/site-packages/airflow/example_dags/example_branch_python_dop_operator_3.py for tasks to queue
[2022-03-14 11:29:41,337] {logging_mixin.py:109} INFO - [2022-03-14 11:29:41,337] {dagbag.py:500} INFO - Filling up the DagBag from /opt/anaconda3/lib/python3.9/site-packages/airflow/example_dags/example_branch_python_dop_operator_3.py
[2022-03-14 11:29:41,400] {processor.py:654} INFO - DAG(s) dict_keys(['example_branch_dop_operator_v3']) retrieved from /opt/anaconda3/lib/python3.9/site-packages/airflow/example_dags/example_branch_python_dop_operator_3.py
[2022-03-14 11:29:41,419] {logging_mixin.py:109} INFO - [2022-03-14 11:29:41,419] {dag.py:2398} INFO - Sync 1 DAGs
[2022-03-14 11:29:41,434] {logging_mixin.py:109} INFO - [2022-03-14 11:29:41,433] {dag.py:2937} INFO - Setting next_dagrun for example_branch_dop_operator_v3 to 2022-03-14T16:28:00+00:00
[2022-03-14 11:29:41,443] {processor.py:171} INFO - Processing /opt/anaconda3/lib/python3.9/site-packages/airflow/example_dags/example_branch_python_dop_operator_3.py took 0.108 seconds
[2022-03-14 11:32:15,900] {processor.py:163} INFO - Started process (PID=80881) to work on /opt/anaconda3/lib/python3.9/site-packages/airflow/example_dags/example_branch_python_dop_operator_3.py
[2022-03-14 11:32:15,901] {processor.py:642} INFO - Processing file /opt/anaconda3/lib/python3.9/site-packages/airflow/example_dags/example_branch_python_dop_operator_3.py for tasks to queue
[2022-03-14 11:32:15,901] {logging_mixin.py:109} INFO - [2022-03-14 11:32:15,901] {dagbag.py:500} INFO - Filling up the DagBag from /opt/anaconda3/lib/python3.9/site-packages/airflow/example_dags/example_branch_python_dop_operator_3.py
[2022-03-14 11:32:15,959] {processor.py:654} INFO - DAG(s) dict_keys(['example_branch_dop_operator_v3']) retrieved from /opt/anaconda3/lib/python3.9/site-packages/airflow/example_dags/example_branch_python_dop_operator_3.py
[2022-03-14 11:32:15,977] {logging_mixin.py:109} INFO - [2022-03-14 11:32:15,977] {dag.py:2398} INFO - Sync 1 DAGs
[2022-03-14 11:32:15,991] {logging_mixin.py:109} INFO - [2022-03-14 11:32:15,991] {dag.py:2937} INFO - Setting next_dagrun for example_branch_dop_operator_v3 to 2022-03-14T16:31:00+00:00
[2022-03-14 11:32:16,002] {processor.py:171} INFO - Processing /opt/anaconda3/lib/python3.9/site-packages/airflow/example_dags/example_branch_python_dop_operator_3.py took 0.102 seconds
[2022-03-14 11:34:46,042] {processor.py:163} INFO - Started process (PID=80954) to work on /opt/anaconda3/lib/python3.9/site-packages/airflow/example_dags/example_branch_python_dop_operator_3.py
[2022-03-14 11:34:46,043] {processor.py:642} INFO - Processing file /opt/anaconda3/lib/python3.9/site-packages/airflow/example_dags/example_branch_python_dop_operator_3.py for tasks to queue
[2022-03-14 11:34:46,044] {logging_mixin.py:109} INFO - [2022-03-14 11:34:46,044] {dagbag.py:500} INFO - Filling up the DagBag from /opt/anaconda3/lib/python3.9/site-packages/airflow/example_dags/example_branch_python_dop_operator_3.py
[2022-03-14 11:34:46,104] {processor.py:654} INFO - DAG(s) dict_keys(['example_branch_dop_operator_v3']) retrieved from /opt/anaconda3/lib/python3.9/site-packages/airflow/example_dags/example_branch_python_dop_operator_3.py
[2022-03-14 11:34:46,122] {logging_mixin.py:109} INFO - [2022-03-14 11:34:46,121] {dag.py:2398} INFO - Sync 1 DAGs
[2022-03-14 11:34:46,136] {logging_mixin.py:109} INFO - [2022-03-14 11:34:46,135] {dag.py:2937} INFO - Setting next_dagrun for example_branch_dop_operator_v3 to 2022-03-14T16:33:00+00:00
[2022-03-14 11:34:46,149] {processor.py:171} INFO - Processing /opt/anaconda3/lib/python3.9/site-packages/airflow/example_dags/example_branch_python_dop_operator_3.py took 0.107 seconds
[2022-03-14 11:37:18,452] {processor.py:163} INFO - Started process (PID=81052) to work on /opt/anaconda3/lib/python3.9/site-packages/airflow/example_dags/example_branch_python_dop_operator_3.py
[2022-03-14 11:37:18,455] {processor.py:642} INFO - Processing file /opt/anaconda3/lib/python3.9/site-packages/airflow/example_dags/example_branch_python_dop_operator_3.py for tasks to queue
[2022-03-14 11:37:18,456] {logging_mixin.py:109} INFO - [2022-03-14 11:37:18,456] {dagbag.py:500} INFO - Filling up the DagBag from /opt/anaconda3/lib/python3.9/site-packages/airflow/example_dags/example_branch_python_dop_operator_3.py
[2022-03-14 11:37:18,514] {processor.py:654} INFO - DAG(s) dict_keys(['example_branch_dop_operator_v3']) retrieved from /opt/anaconda3/lib/python3.9/site-packages/airflow/example_dags/example_branch_python_dop_operator_3.py
[2022-03-14 11:37:18,532] {logging_mixin.py:109} INFO - [2022-03-14 11:37:18,532] {dag.py:2398} INFO - Sync 1 DAGs
[2022-03-14 11:37:18,545] {logging_mixin.py:109} INFO - [2022-03-14 11:37:18,545] {dag.py:2937} INFO - Setting next_dagrun for example_branch_dop_operator_v3 to 2022-03-14T16:36:00+00:00
[2022-03-14 11:37:18,557] {processor.py:171} INFO - Processing /opt/anaconda3/lib/python3.9/site-packages/airflow/example_dags/example_branch_python_dop_operator_3.py took 0.106 seconds
[2022-03-14 11:39:52,254] {processor.py:163} INFO - Started process (PID=81324) to work on /opt/anaconda3/lib/python3.9/site-packages/airflow/example_dags/example_branch_python_dop_operator_3.py
[2022-03-14 11:39:52,256] {processor.py:642} INFO - Processing file /opt/anaconda3/lib/python3.9/site-packages/airflow/example_dags/example_branch_python_dop_operator_3.py for tasks to queue
[2022-03-14 11:39:52,257] {logging_mixin.py:109} INFO - [2022-03-14 11:39:52,257] {dagbag.py:500} INFO - Filling up the DagBag from /opt/anaconda3/lib/python3.9/site-packages/airflow/example_dags/example_branch_python_dop_operator_3.py
[2022-03-14 11:39:52,320] {processor.py:654} INFO - DAG(s) dict_keys(['example_branch_dop_operator_v3']) retrieved from /opt/anaconda3/lib/python3.9/site-packages/airflow/example_dags/example_branch_python_dop_operator_3.py
[2022-03-14 11:39:52,337] {logging_mixin.py:109} INFO - [2022-03-14 11:39:52,337] {dag.py:2398} INFO - Sync 1 DAGs
[2022-03-14 11:39:52,351] {logging_mixin.py:109} INFO - [2022-03-14 11:39:52,351] {dag.py:2937} INFO - Setting next_dagrun for example_branch_dop_operator_v3 to 2022-03-14T16:38:00+00:00
[2022-03-14 11:39:52,362] {processor.py:171} INFO - Processing /opt/anaconda3/lib/python3.9/site-packages/airflow/example_dags/example_branch_python_dop_operator_3.py took 0.109 seconds
[2022-03-14 11:42:16,720] {processor.py:163} INFO - Started process (PID=81389) to work on /opt/anaconda3/lib/python3.9/site-packages/airflow/example_dags/example_branch_python_dop_operator_3.py
[2022-03-14 11:42:16,726] {processor.py:642} INFO - Processing file /opt/anaconda3/lib/python3.9/site-packages/airflow/example_dags/example_branch_python_dop_operator_3.py for tasks to queue
[2022-03-14 11:42:16,727] {logging_mixin.py:109} INFO - [2022-03-14 11:42:16,727] {dagbag.py:500} INFO - Filling up the DagBag from /opt/anaconda3/lib/python3.9/site-packages/airflow/example_dags/example_branch_python_dop_operator_3.py
[2022-03-14 11:42:16,788] {processor.py:654} INFO - DAG(s) dict_keys(['example_branch_dop_operator_v3']) retrieved from /opt/anaconda3/lib/python3.9/site-packages/airflow/example_dags/example_branch_python_dop_operator_3.py
[2022-03-14 11:42:16,806] {logging_mixin.py:109} INFO - [2022-03-14 11:42:16,806] {dag.py:2398} INFO - Sync 1 DAGs
[2022-03-14 11:42:16,820] {logging_mixin.py:109} INFO - [2022-03-14 11:42:16,820] {dag.py:2937} INFO - Setting next_dagrun for example_branch_dop_operator_v3 to 2022-03-14T16:41:00+00:00
[2022-03-14 11:42:16,832] {processor.py:171} INFO - Processing /opt/anaconda3/lib/python3.9/site-packages/airflow/example_dags/example_branch_python_dop_operator_3.py took 0.113 seconds
[2022-03-14 11:44:47,203] {processor.py:163} INFO - Started process (PID=81496) to work on /opt/anaconda3/lib/python3.9/site-packages/airflow/example_dags/example_branch_python_dop_operator_3.py
[2022-03-14 11:44:47,206] {processor.py:642} INFO - Processing file /opt/anaconda3/lib/python3.9/site-packages/airflow/example_dags/example_branch_python_dop_operator_3.py for tasks to queue
[2022-03-14 11:44:47,206] {logging_mixin.py:109} INFO - [2022-03-14 11:44:47,206] {dagbag.py:500} INFO - Filling up the DagBag from /opt/anaconda3/lib/python3.9/site-packages/airflow/example_dags/example_branch_python_dop_operator_3.py
[2022-03-14 11:44:47,266] {processor.py:654} INFO - DAG(s) dict_keys(['example_branch_dop_operator_v3']) retrieved from /opt/anaconda3/lib/python3.9/site-packages/airflow/example_dags/example_branch_python_dop_operator_3.py
[2022-03-14 11:44:47,284] {logging_mixin.py:109} INFO - [2022-03-14 11:44:47,284] {dag.py:2398} INFO - Sync 1 DAGs
[2022-03-14 11:44:47,298] {logging_mixin.py:109} INFO - [2022-03-14 11:44:47,298] {dag.py:2937} INFO - Setting next_dagrun for example_branch_dop_operator_v3 to 2022-03-14T16:43:00+00:00
[2022-03-14 11:44:47,308] {processor.py:171} INFO - Processing /opt/anaconda3/lib/python3.9/site-packages/airflow/example_dags/example_branch_python_dop_operator_3.py took 0.105 seconds
[2022-03-14 11:47:19,819] {processor.py:163} INFO - Started process (PID=81609) to work on /opt/anaconda3/lib/python3.9/site-packages/airflow/example_dags/example_branch_python_dop_operator_3.py
[2022-03-14 11:47:19,825] {processor.py:642} INFO - Processing file /opt/anaconda3/lib/python3.9/site-packages/airflow/example_dags/example_branch_python_dop_operator_3.py for tasks to queue
[2022-03-14 11:47:19,826] {logging_mixin.py:109} INFO - [2022-03-14 11:47:19,826] {dagbag.py:500} INFO - Filling up the DagBag from /opt/anaconda3/lib/python3.9/site-packages/airflow/example_dags/example_branch_python_dop_operator_3.py
[2022-03-14 11:47:19,886] {processor.py:654} INFO - DAG(s) dict_keys(['example_branch_dop_operator_v3']) retrieved from /opt/anaconda3/lib/python3.9/site-packages/airflow/example_dags/example_branch_python_dop_operator_3.py
[2022-03-14 11:47:19,904] {logging_mixin.py:109} INFO - [2022-03-14 11:47:19,904] {dag.py:2398} INFO - Sync 1 DAGs
[2022-03-14 11:47:19,918] {logging_mixin.py:109} INFO - [2022-03-14 11:47:19,918] {dag.py:2937} INFO - Setting next_dagrun for example_branch_dop_operator_v3 to 2022-03-14T16:46:00+00:00
[2022-03-14 11:47:19,928] {processor.py:171} INFO - Processing /opt/anaconda3/lib/python3.9/site-packages/airflow/example_dags/example_branch_python_dop_operator_3.py took 0.110 seconds
[2022-03-14 11:49:52,979] {processor.py:163} INFO - Started process (PID=81756) to work on /opt/anaconda3/lib/python3.9/site-packages/airflow/example_dags/example_branch_python_dop_operator_3.py
[2022-03-14 11:49:52,980] {processor.py:642} INFO - Processing file /opt/anaconda3/lib/python3.9/site-packages/airflow/example_dags/example_branch_python_dop_operator_3.py for tasks to queue
[2022-03-14 11:49:52,980] {logging_mixin.py:109} INFO - [2022-03-14 11:49:52,980] {dagbag.py:500} INFO - Filling up the DagBag from /opt/anaconda3/lib/python3.9/site-packages/airflow/example_dags/example_branch_python_dop_operator_3.py
[2022-03-14 11:49:53,039] {processor.py:654} INFO - DAG(s) dict_keys(['example_branch_dop_operator_v3']) retrieved from /opt/anaconda3/lib/python3.9/site-packages/airflow/example_dags/example_branch_python_dop_operator_3.py
[2022-03-14 11:49:53,057] {logging_mixin.py:109} INFO - [2022-03-14 11:49:53,057] {dag.py:2398} INFO - Sync 1 DAGs
[2022-03-14 11:49:53,071] {logging_mixin.py:109} INFO - [2022-03-14 11:49:53,071] {dag.py:2937} INFO - Setting next_dagrun for example_branch_dop_operator_v3 to 2022-03-14T16:48:00+00:00
[2022-03-14 11:49:53,086] {processor.py:171} INFO - Processing /opt/anaconda3/lib/python3.9/site-packages/airflow/example_dags/example_branch_python_dop_operator_3.py took 0.107 seconds
[2022-03-14 11:52:27,386] {processor.py:163} INFO - Started process (PID=81858) to work on /opt/anaconda3/lib/python3.9/site-packages/airflow/example_dags/example_branch_python_dop_operator_3.py
[2022-03-14 11:52:27,386] {processor.py:642} INFO - Processing file /opt/anaconda3/lib/python3.9/site-packages/airflow/example_dags/example_branch_python_dop_operator_3.py for tasks to queue
[2022-03-14 11:52:27,387] {logging_mixin.py:109} INFO - [2022-03-14 11:52:27,387] {dagbag.py:500} INFO - Filling up the DagBag from /opt/anaconda3/lib/python3.9/site-packages/airflow/example_dags/example_branch_python_dop_operator_3.py
[2022-03-14 11:52:27,445] {processor.py:654} INFO - DAG(s) dict_keys(['example_branch_dop_operator_v3']) retrieved from /opt/anaconda3/lib/python3.9/site-packages/airflow/example_dags/example_branch_python_dop_operator_3.py
[2022-03-14 11:52:27,463] {logging_mixin.py:109} INFO - [2022-03-14 11:52:27,463] {dag.py:2398} INFO - Sync 1 DAGs
[2022-03-14 11:52:27,477] {logging_mixin.py:109} INFO - [2022-03-14 11:52:27,477] {dag.py:2937} INFO - Setting next_dagrun for example_branch_dop_operator_v3 to 2022-03-14T16:51:00+00:00
[2022-03-14 11:52:27,492] {processor.py:171} INFO - Processing /opt/anaconda3/lib/python3.9/site-packages/airflow/example_dags/example_branch_python_dop_operator_3.py took 0.107 seconds
[2022-03-14 11:55:00,584] {processor.py:163} INFO - Started process (PID=81959) to work on /opt/anaconda3/lib/python3.9/site-packages/airflow/example_dags/example_branch_python_dop_operator_3.py
[2022-03-14 11:55:00,584] {processor.py:642} INFO - Processing file /opt/anaconda3/lib/python3.9/site-packages/airflow/example_dags/example_branch_python_dop_operator_3.py for tasks to queue
[2022-03-14 11:55:00,585] {logging_mixin.py:109} INFO - [2022-03-14 11:55:00,585] {dagbag.py:500} INFO - Filling up the DagBag from /opt/anaconda3/lib/python3.9/site-packages/airflow/example_dags/example_branch_python_dop_operator_3.py
[2022-03-14 11:55:00,645] {processor.py:654} INFO - DAG(s) dict_keys(['example_branch_dop_operator_v3']) retrieved from /opt/anaconda3/lib/python3.9/site-packages/airflow/example_dags/example_branch_python_dop_operator_3.py
[2022-03-14 11:55:00,663] {logging_mixin.py:109} INFO - [2022-03-14 11:55:00,663] {dag.py:2398} INFO - Sync 1 DAGs
[2022-03-14 11:55:00,677] {logging_mixin.py:109} INFO - [2022-03-14 11:55:00,677] {dag.py:2937} INFO - Setting next_dagrun for example_branch_dop_operator_v3 to 2022-03-14T16:54:00+00:00
[2022-03-14 11:55:00,689] {processor.py:171} INFO - Processing /opt/anaconda3/lib/python3.9/site-packages/airflow/example_dags/example_branch_python_dop_operator_3.py took 0.106 seconds
[2022-03-14 11:57:34,863] {processor.py:163} INFO - Started process (PID=82070) to work on /opt/anaconda3/lib/python3.9/site-packages/airflow/example_dags/example_branch_python_dop_operator_3.py
[2022-03-14 11:57:34,864] {processor.py:642} INFO - Processing file /opt/anaconda3/lib/python3.9/site-packages/airflow/example_dags/example_branch_python_dop_operator_3.py for tasks to queue
[2022-03-14 11:57:34,865] {logging_mixin.py:109} INFO - [2022-03-14 11:57:34,865] {dagbag.py:500} INFO - Filling up the DagBag from /opt/anaconda3/lib/python3.9/site-packages/airflow/example_dags/example_branch_python_dop_operator_3.py
[2022-03-14 11:57:34,916] {processor.py:654} INFO - DAG(s) dict_keys(['example_branch_dop_operator_v3']) retrieved from /opt/anaconda3/lib/python3.9/site-packages/airflow/example_dags/example_branch_python_dop_operator_3.py
[2022-03-14 11:57:34,935] {logging_mixin.py:109} INFO - [2022-03-14 11:57:34,935] {dag.py:2398} INFO - Sync 1 DAGs
[2022-03-14 11:57:34,949] {logging_mixin.py:109} INFO - [2022-03-14 11:57:34,949] {dag.py:2937} INFO - Setting next_dagrun for example_branch_dop_operator_v3 to 2022-03-14T16:56:00+00:00
[2022-03-14 11:57:34,959] {processor.py:171} INFO - Processing /opt/anaconda3/lib/python3.9/site-packages/airflow/example_dags/example_branch_python_dop_operator_3.py took 0.096 seconds
[2022-03-14 12:00:09,958] {processor.py:163} INFO - Started process (PID=82223) to work on /opt/anaconda3/lib/python3.9/site-packages/airflow/example_dags/example_branch_python_dop_operator_3.py
[2022-03-14 12:00:09,959] {processor.py:642} INFO - Processing file /opt/anaconda3/lib/python3.9/site-packages/airflow/example_dags/example_branch_python_dop_operator_3.py for tasks to queue
[2022-03-14 12:00:09,959] {logging_mixin.py:109} INFO - [2022-03-14 12:00:09,959] {dagbag.py:500} INFO - Filling up the DagBag from /opt/anaconda3/lib/python3.9/site-packages/airflow/example_dags/example_branch_python_dop_operator_3.py
[2022-03-14 12:00:10,029] {processor.py:654} INFO - DAG(s) dict_keys(['example_branch_dop_operator_v3']) retrieved from /opt/anaconda3/lib/python3.9/site-packages/airflow/example_dags/example_branch_python_dop_operator_3.py
[2022-03-14 12:00:10,050] {logging_mixin.py:109} INFO - [2022-03-14 12:00:10,050] {dag.py:2398} INFO - Sync 1 DAGs
[2022-03-14 12:00:10,066] {logging_mixin.py:109} INFO - [2022-03-14 12:00:10,065] {dag.py:2937} INFO - Setting next_dagrun for example_branch_dop_operator_v3 to 2022-03-14T16:59:00+00:00
[2022-03-14 12:00:10,076] {processor.py:171} INFO - Processing /opt/anaconda3/lib/python3.9/site-packages/airflow/example_dags/example_branch_python_dop_operator_3.py took 0.119 seconds
[2022-03-14 12:02:41,183] {processor.py:163} INFO - Started process (PID=82321) to work on /opt/anaconda3/lib/python3.9/site-packages/airflow/example_dags/example_branch_python_dop_operator_3.py
[2022-03-14 12:02:41,184] {processor.py:642} INFO - Processing file /opt/anaconda3/lib/python3.9/site-packages/airflow/example_dags/example_branch_python_dop_operator_3.py for tasks to queue
[2022-03-14 12:02:41,184] {logging_mixin.py:109} INFO - [2022-03-14 12:02:41,184] {dagbag.py:500} INFO - Filling up the DagBag from /opt/anaconda3/lib/python3.9/site-packages/airflow/example_dags/example_branch_python_dop_operator_3.py
[2022-03-14 12:02:41,245] {processor.py:654} INFO - DAG(s) dict_keys(['example_branch_dop_operator_v3']) retrieved from /opt/anaconda3/lib/python3.9/site-packages/airflow/example_dags/example_branch_python_dop_operator_3.py
[2022-03-14 12:02:41,264] {logging_mixin.py:109} INFO - [2022-03-14 12:02:41,264] {dag.py:2398} INFO - Sync 1 DAGs
[2022-03-14 12:02:41,279] {logging_mixin.py:109} INFO - [2022-03-14 12:02:41,279] {dag.py:2937} INFO - Setting next_dagrun for example_branch_dop_operator_v3 to 2022-03-14T17:01:00+00:00
[2022-03-14 12:02:41,294] {processor.py:171} INFO - Processing /opt/anaconda3/lib/python3.9/site-packages/airflow/example_dags/example_branch_python_dop_operator_3.py took 0.111 seconds
[2022-03-14 12:05:12,720] {processor.py:163} INFO - Started process (PID=82438) to work on /opt/anaconda3/lib/python3.9/site-packages/airflow/example_dags/example_branch_python_dop_operator_3.py
[2022-03-14 12:05:12,726] {processor.py:642} INFO - Processing file /opt/anaconda3/lib/python3.9/site-packages/airflow/example_dags/example_branch_python_dop_operator_3.py for tasks to queue
[2022-03-14 12:05:12,727] {logging_mixin.py:109} INFO - [2022-03-14 12:05:12,727] {dagbag.py:500} INFO - Filling up the DagBag from /opt/anaconda3/lib/python3.9/site-packages/airflow/example_dags/example_branch_python_dop_operator_3.py
[2022-03-14 12:05:12,784] {processor.py:654} INFO - DAG(s) dict_keys(['example_branch_dop_operator_v3']) retrieved from /opt/anaconda3/lib/python3.9/site-packages/airflow/example_dags/example_branch_python_dop_operator_3.py
[2022-03-14 12:05:12,802] {logging_mixin.py:109} INFO - [2022-03-14 12:05:12,802] {dag.py:2398} INFO - Sync 1 DAGs
[2022-03-14 12:05:12,816] {logging_mixin.py:109} INFO - [2022-03-14 12:05:12,816] {dag.py:2937} INFO - Setting next_dagrun for example_branch_dop_operator_v3 to 2022-03-14T17:04:00+00:00
[2022-03-14 12:05:12,827] {processor.py:171} INFO - Processing /opt/anaconda3/lib/python3.9/site-packages/airflow/example_dags/example_branch_python_dop_operator_3.py took 0.107 seconds
[2022-03-14 12:07:35,893] {processor.py:163} INFO - Started process (PID=82521) to work on /opt/anaconda3/lib/python3.9/site-packages/airflow/example_dags/example_branch_python_dop_operator_3.py
[2022-03-14 12:07:35,893] {processor.py:642} INFO - Processing file /opt/anaconda3/lib/python3.9/site-packages/airflow/example_dags/example_branch_python_dop_operator_3.py for tasks to queue
[2022-03-14 12:07:35,894] {logging_mixin.py:109} INFO - [2022-03-14 12:07:35,894] {dagbag.py:500} INFO - Filling up the DagBag from /opt/anaconda3/lib/python3.9/site-packages/airflow/example_dags/example_branch_python_dop_operator_3.py
[2022-03-14 12:07:35,960] {processor.py:654} INFO - DAG(s) dict_keys(['example_branch_dop_operator_v3']) retrieved from /opt/anaconda3/lib/python3.9/site-packages/airflow/example_dags/example_branch_python_dop_operator_3.py
[2022-03-14 12:07:35,981] {logging_mixin.py:109} INFO - [2022-03-14 12:07:35,981] {dag.py:2398} INFO - Sync 1 DAGs
[2022-03-14 12:07:35,997] {logging_mixin.py:109} INFO - [2022-03-14 12:07:35,997] {dag.py:2937} INFO - Setting next_dagrun for example_branch_dop_operator_v3 to 2022-03-14T17:06:00+00:00
[2022-03-14 12:07:36,007] {processor.py:171} INFO - Processing /opt/anaconda3/lib/python3.9/site-packages/airflow/example_dags/example_branch_python_dop_operator_3.py took 0.114 seconds
