[2022-03-14 09:08:13,447] {processor.py:163} INFO - Started process (PID=73942) to work on /opt/anaconda3/lib/python3.9/site-packages/airflow/example_dags/example_latest_only_with_trigger.py
[2022-03-14 09:08:13,447] {processor.py:642} INFO - Processing file /opt/anaconda3/lib/python3.9/site-packages/airflow/example_dags/example_latest_only_with_trigger.py for tasks to queue
[2022-03-14 09:08:13,447] {logging_mixin.py:109} INFO - [2022-03-14 09:08:13,447] {dagbag.py:500} INFO - Filling up the DagBag from /opt/anaconda3/lib/python3.9/site-packages/airflow/example_dags/example_latest_only_with_trigger.py
[2022-03-14 09:08:13,487] {processor.py:654} INFO - DAG(s) dict_keys(['latest_only_with_trigger']) retrieved from /opt/anaconda3/lib/python3.9/site-packages/airflow/example_dags/example_latest_only_with_trigger.py
[2022-03-14 09:08:13,505] {logging_mixin.py:109} INFO - [2022-03-14 09:08:13,504] {dag.py:2398} INFO - Sync 1 DAGs
[2022-03-14 09:08:13,513] {logging_mixin.py:109} INFO - [2022-03-14 09:08:13,513] {dag.py:2937} INFO - Setting next_dagrun for latest_only_with_trigger to 2022-03-14T10:08:13.513548+00:00
[2022-03-14 09:08:13,522] {processor.py:171} INFO - Processing /opt/anaconda3/lib/python3.9/site-packages/airflow/example_dags/example_latest_only_with_trigger.py took 0.076 seconds
[2022-03-14 09:37:30,320] {processor.py:163} INFO - Started process (PID=74811) to work on /opt/anaconda3/lib/python3.9/site-packages/airflow/example_dags/example_latest_only_with_trigger.py
[2022-03-14 09:37:30,321] {processor.py:642} INFO - Processing file /opt/anaconda3/lib/python3.9/site-packages/airflow/example_dags/example_latest_only_with_trigger.py for tasks to queue
[2022-03-14 09:37:30,322] {logging_mixin.py:109} INFO - [2022-03-14 09:37:30,321] {dagbag.py:500} INFO - Filling up the DagBag from /opt/anaconda3/lib/python3.9/site-packages/airflow/example_dags/example_latest_only_with_trigger.py
[2022-03-14 09:37:30,387] {processor.py:654} INFO - DAG(s) dict_keys(['latest_only_with_trigger']) retrieved from /opt/anaconda3/lib/python3.9/site-packages/airflow/example_dags/example_latest_only_with_trigger.py
[2022-03-14 09:37:30,412] {logging_mixin.py:109} INFO - [2022-03-14 09:37:30,412] {dag.py:2398} INFO - Sync 1 DAGs
[2022-03-14 09:37:30,427] {logging_mixin.py:109} INFO - [2022-03-14 09:37:30,427] {dag.py:2937} INFO - Setting next_dagrun for latest_only_with_trigger to 2022-03-14T10:37:30.427236+00:00
[2022-03-14 09:37:30,445] {processor.py:171} INFO - Processing /opt/anaconda3/lib/python3.9/site-packages/airflow/example_dags/example_latest_only_with_trigger.py took 0.126 seconds
[2022-03-14 09:39:17,158] {processor.py:163} INFO - Started process (PID=74971) to work on /opt/anaconda3/lib/python3.9/site-packages/airflow/example_dags/example_latest_only_with_trigger.py
[2022-03-14 09:39:17,159] {processor.py:642} INFO - Processing file /opt/anaconda3/lib/python3.9/site-packages/airflow/example_dags/example_latest_only_with_trigger.py for tasks to queue
[2022-03-14 09:39:17,160] {logging_mixin.py:109} INFO - [2022-03-14 09:39:17,160] {dagbag.py:500} INFO - Filling up the DagBag from /opt/anaconda3/lib/python3.9/site-packages/airflow/example_dags/example_latest_only_with_trigger.py
[2022-03-14 09:39:17,209] {processor.py:654} INFO - DAG(s) dict_keys(['latest_only_with_trigger']) retrieved from /opt/anaconda3/lib/python3.9/site-packages/airflow/example_dags/example_latest_only_with_trigger.py
[2022-03-14 09:39:17,228] {logging_mixin.py:109} INFO - [2022-03-14 09:39:17,228] {dag.py:2398} INFO - Sync 1 DAGs
[2022-03-14 09:39:17,238] {logging_mixin.py:109} INFO - [2022-03-14 09:39:17,237] {dag.py:2937} INFO - Setting next_dagrun for latest_only_with_trigger to 2022-03-14T10:39:17.237774+00:00
[2022-03-14 09:39:17,248] {processor.py:171} INFO - Processing /opt/anaconda3/lib/python3.9/site-packages/airflow/example_dags/example_latest_only_with_trigger.py took 0.091 seconds
[2022-03-14 09:41:50,328] {processor.py:163} INFO - Started process (PID=75150) to work on /opt/anaconda3/lib/python3.9/site-packages/airflow/example_dags/example_latest_only_with_trigger.py
[2022-03-14 09:41:50,335] {processor.py:642} INFO - Processing file /opt/anaconda3/lib/python3.9/site-packages/airflow/example_dags/example_latest_only_with_trigger.py for tasks to queue
[2022-03-14 09:41:50,335] {logging_mixin.py:109} INFO - [2022-03-14 09:41:50,335] {dagbag.py:500} INFO - Filling up the DagBag from /opt/anaconda3/lib/python3.9/site-packages/airflow/example_dags/example_latest_only_with_trigger.py
[2022-03-14 09:41:50,377] {processor.py:654} INFO - DAG(s) dict_keys(['latest_only_with_trigger']) retrieved from /opt/anaconda3/lib/python3.9/site-packages/airflow/example_dags/example_latest_only_with_trigger.py
[2022-03-14 09:41:50,396] {logging_mixin.py:109} INFO - [2022-03-14 09:41:50,396] {dag.py:2398} INFO - Sync 1 DAGs
[2022-03-14 09:41:50,405] {logging_mixin.py:109} INFO - [2022-03-14 09:41:50,405] {dag.py:2937} INFO - Setting next_dagrun for latest_only_with_trigger to 2022-03-14T10:41:50.405114+00:00
[2022-03-14 09:41:50,416] {processor.py:171} INFO - Processing /opt/anaconda3/lib/python3.9/site-packages/airflow/example_dags/example_latest_only_with_trigger.py took 0.088 seconds
[2022-03-14 09:44:22,390] {processor.py:163} INFO - Started process (PID=75260) to work on /opt/anaconda3/lib/python3.9/site-packages/airflow/example_dags/example_latest_only_with_trigger.py
[2022-03-14 09:44:22,396] {processor.py:642} INFO - Processing file /opt/anaconda3/lib/python3.9/site-packages/airflow/example_dags/example_latest_only_with_trigger.py for tasks to queue
[2022-03-14 09:44:22,397] {logging_mixin.py:109} INFO - [2022-03-14 09:44:22,397] {dagbag.py:500} INFO - Filling up the DagBag from /opt/anaconda3/lib/python3.9/site-packages/airflow/example_dags/example_latest_only_with_trigger.py
[2022-03-14 09:44:22,442] {processor.py:654} INFO - DAG(s) dict_keys(['latest_only_with_trigger']) retrieved from /opt/anaconda3/lib/python3.9/site-packages/airflow/example_dags/example_latest_only_with_trigger.py
[2022-03-14 09:44:22,462] {logging_mixin.py:109} INFO - [2022-03-14 09:44:22,462] {dag.py:2398} INFO - Sync 1 DAGs
[2022-03-14 09:44:22,472] {logging_mixin.py:109} INFO - [2022-03-14 09:44:22,472] {dag.py:2937} INFO - Setting next_dagrun for latest_only_with_trigger to 2022-03-14T10:44:22.472720+00:00
[2022-03-14 09:44:22,482] {processor.py:171} INFO - Processing /opt/anaconda3/lib/python3.9/site-packages/airflow/example_dags/example_latest_only_with_trigger.py took 0.093 seconds
[2022-03-14 09:46:59,592] {processor.py:163} INFO - Started process (PID=75340) to work on /opt/anaconda3/lib/python3.9/site-packages/airflow/example_dags/example_latest_only_with_trigger.py
[2022-03-14 09:46:59,592] {processor.py:642} INFO - Processing file /opt/anaconda3/lib/python3.9/site-packages/airflow/example_dags/example_latest_only_with_trigger.py for tasks to queue
[2022-03-14 09:46:59,593] {logging_mixin.py:109} INFO - [2022-03-14 09:46:59,593] {dagbag.py:500} INFO - Filling up the DagBag from /opt/anaconda3/lib/python3.9/site-packages/airflow/example_dags/example_latest_only_with_trigger.py
[2022-03-14 09:46:59,638] {processor.py:654} INFO - DAG(s) dict_keys(['latest_only_with_trigger']) retrieved from /opt/anaconda3/lib/python3.9/site-packages/airflow/example_dags/example_latest_only_with_trigger.py
[2022-03-14 09:46:59,659] {logging_mixin.py:109} INFO - [2022-03-14 09:46:59,658] {dag.py:2398} INFO - Sync 1 DAGs
[2022-03-14 09:46:59,672] {logging_mixin.py:109} INFO - [2022-03-14 09:46:59,672] {dag.py:2937} INFO - Setting next_dagrun for latest_only_with_trigger to 2022-03-14T10:46:59.671995+00:00
[2022-03-14 09:46:59,684] {processor.py:171} INFO - Processing /opt/anaconda3/lib/python3.9/site-packages/airflow/example_dags/example_latest_only_with_trigger.py took 0.093 seconds
[2022-03-14 09:49:28,212] {processor.py:163} INFO - Started process (PID=75484) to work on /opt/anaconda3/lib/python3.9/site-packages/airflow/example_dags/example_latest_only_with_trigger.py
[2022-03-14 09:49:28,215] {processor.py:642} INFO - Processing file /opt/anaconda3/lib/python3.9/site-packages/airflow/example_dags/example_latest_only_with_trigger.py for tasks to queue
[2022-03-14 09:49:28,215] {logging_mixin.py:109} INFO - [2022-03-14 09:49:28,215] {dagbag.py:500} INFO - Filling up the DagBag from /opt/anaconda3/lib/python3.9/site-packages/airflow/example_dags/example_latest_only_with_trigger.py
[2022-03-14 09:49:28,264] {processor.py:654} INFO - DAG(s) dict_keys(['latest_only_with_trigger']) retrieved from /opt/anaconda3/lib/python3.9/site-packages/airflow/example_dags/example_latest_only_with_trigger.py
[2022-03-14 09:49:28,283] {logging_mixin.py:109} INFO - [2022-03-14 09:49:28,283] {dag.py:2398} INFO - Sync 1 DAGs
[2022-03-14 09:49:28,293] {logging_mixin.py:109} INFO - [2022-03-14 09:49:28,293] {dag.py:2937} INFO - Setting next_dagrun for latest_only_with_trigger to 2022-03-14T10:49:28.293601+00:00
[2022-03-14 09:49:28,307] {processor.py:171} INFO - Processing /opt/anaconda3/lib/python3.9/site-packages/airflow/example_dags/example_latest_only_with_trigger.py took 0.096 seconds
[2022-03-14 09:51:56,163] {processor.py:163} INFO - Started process (PID=75592) to work on /opt/anaconda3/lib/python3.9/site-packages/airflow/example_dags/example_latest_only_with_trigger.py
[2022-03-14 09:51:56,164] {processor.py:642} INFO - Processing file /opt/anaconda3/lib/python3.9/site-packages/airflow/example_dags/example_latest_only_with_trigger.py for tasks to queue
[2022-03-14 09:51:56,165] {logging_mixin.py:109} INFO - [2022-03-14 09:51:56,164] {dagbag.py:500} INFO - Filling up the DagBag from /opt/anaconda3/lib/python3.9/site-packages/airflow/example_dags/example_latest_only_with_trigger.py
[2022-03-14 09:51:56,208] {processor.py:654} INFO - DAG(s) dict_keys(['latest_only_with_trigger']) retrieved from /opt/anaconda3/lib/python3.9/site-packages/airflow/example_dags/example_latest_only_with_trigger.py
[2022-03-14 09:51:56,226] {logging_mixin.py:109} INFO - [2022-03-14 09:51:56,226] {dag.py:2398} INFO - Sync 1 DAGs
[2022-03-14 09:51:56,235] {logging_mixin.py:109} INFO - [2022-03-14 09:51:56,235] {dag.py:2937} INFO - Setting next_dagrun for latest_only_with_trigger to 2022-03-14T10:51:56.235259+00:00
[2022-03-14 09:51:56,246] {processor.py:171} INFO - Processing /opt/anaconda3/lib/python3.9/site-packages/airflow/example_dags/example_latest_only_with_trigger.py took 0.083 seconds
[2022-03-14 09:54:26,592] {processor.py:163} INFO - Started process (PID=75729) to work on /opt/anaconda3/lib/python3.9/site-packages/airflow/example_dags/example_latest_only_with_trigger.py
[2022-03-14 09:54:26,594] {processor.py:642} INFO - Processing file /opt/anaconda3/lib/python3.9/site-packages/airflow/example_dags/example_latest_only_with_trigger.py for tasks to queue
[2022-03-14 09:54:26,595] {logging_mixin.py:109} INFO - [2022-03-14 09:54:26,595] {dagbag.py:500} INFO - Filling up the DagBag from /opt/anaconda3/lib/python3.9/site-packages/airflow/example_dags/example_latest_only_with_trigger.py
[2022-03-14 09:54:26,640] {processor.py:654} INFO - DAG(s) dict_keys(['latest_only_with_trigger']) retrieved from /opt/anaconda3/lib/python3.9/site-packages/airflow/example_dags/example_latest_only_with_trigger.py
[2022-03-14 09:54:26,661] {logging_mixin.py:109} INFO - [2022-03-14 09:54:26,661] {dag.py:2398} INFO - Sync 1 DAGs
[2022-03-14 09:54:26,670] {logging_mixin.py:109} INFO - [2022-03-14 09:54:26,670] {dag.py:2937} INFO - Setting next_dagrun for latest_only_with_trigger to 2022-03-14T10:54:26.670649+00:00
[2022-03-14 09:54:26,682] {processor.py:171} INFO - Processing /opt/anaconda3/lib/python3.9/site-packages/airflow/example_dags/example_latest_only_with_trigger.py took 0.091 seconds
[2022-03-14 09:57:03,802] {processor.py:163} INFO - Started process (PID=75800) to work on /opt/anaconda3/lib/python3.9/site-packages/airflow/example_dags/example_latest_only_with_trigger.py
[2022-03-14 09:57:03,802] {processor.py:642} INFO - Processing file /opt/anaconda3/lib/python3.9/site-packages/airflow/example_dags/example_latest_only_with_trigger.py for tasks to queue
[2022-03-14 09:57:03,803] {logging_mixin.py:109} INFO - [2022-03-14 09:57:03,803] {dagbag.py:500} INFO - Filling up the DagBag from /opt/anaconda3/lib/python3.9/site-packages/airflow/example_dags/example_latest_only_with_trigger.py
[2022-03-14 09:57:03,845] {processor.py:654} INFO - DAG(s) dict_keys(['latest_only_with_trigger']) retrieved from /opt/anaconda3/lib/python3.9/site-packages/airflow/example_dags/example_latest_only_with_trigger.py
[2022-03-14 09:57:03,864] {logging_mixin.py:109} INFO - [2022-03-14 09:57:03,864] {dag.py:2398} INFO - Sync 1 DAGs
[2022-03-14 09:57:03,874] {logging_mixin.py:109} INFO - [2022-03-14 09:57:03,874] {dag.py:2937} INFO - Setting next_dagrun for latest_only_with_trigger to 2022-03-14T10:57:03.874125+00:00
[2022-03-14 09:57:03,884] {processor.py:171} INFO - Processing /opt/anaconda3/lib/python3.9/site-packages/airflow/example_dags/example_latest_only_with_trigger.py took 0.083 seconds
[2022-03-14 10:00:01,894] {processor.py:163} INFO - Started process (PID=75970) to work on /opt/anaconda3/lib/python3.9/site-packages/airflow/example_dags/example_latest_only_with_trigger.py
[2022-03-14 10:00:01,894] {processor.py:642} INFO - Processing file /opt/anaconda3/lib/python3.9/site-packages/airflow/example_dags/example_latest_only_with_trigger.py for tasks to queue
[2022-03-14 10:00:01,895] {logging_mixin.py:109} INFO - [2022-03-14 10:00:01,894] {dagbag.py:500} INFO - Filling up the DagBag from /opt/anaconda3/lib/python3.9/site-packages/airflow/example_dags/example_latest_only_with_trigger.py
[2022-03-14 10:00:01,936] {processor.py:654} INFO - DAG(s) dict_keys(['latest_only_with_trigger']) retrieved from /opt/anaconda3/lib/python3.9/site-packages/airflow/example_dags/example_latest_only_with_trigger.py
[2022-03-14 10:00:01,955] {logging_mixin.py:109} INFO - [2022-03-14 10:00:01,955] {dag.py:2398} INFO - Sync 1 DAGs
[2022-03-14 10:00:01,964] {logging_mixin.py:109} INFO - [2022-03-14 10:00:01,964] {dag.py:2937} INFO - Setting next_dagrun for latest_only_with_trigger to 2022-03-14T11:00:01.963951+00:00
[2022-03-14 10:00:01,979] {processor.py:171} INFO - Processing /opt/anaconda3/lib/python3.9/site-packages/airflow/example_dags/example_latest_only_with_trigger.py took 0.086 seconds
[2022-03-14 10:02:33,778] {processor.py:163} INFO - Started process (PID=76080) to work on /opt/anaconda3/lib/python3.9/site-packages/airflow/example_dags/example_latest_only_with_trigger.py
[2022-03-14 10:02:33,778] {processor.py:642} INFO - Processing file /opt/anaconda3/lib/python3.9/site-packages/airflow/example_dags/example_latest_only_with_trigger.py for tasks to queue
[2022-03-14 10:02:33,779] {logging_mixin.py:109} INFO - [2022-03-14 10:02:33,779] {dagbag.py:500} INFO - Filling up the DagBag from /opt/anaconda3/lib/python3.9/site-packages/airflow/example_dags/example_latest_only_with_trigger.py
[2022-03-14 10:02:33,823] {processor.py:654} INFO - DAG(s) dict_keys(['latest_only_with_trigger']) retrieved from /opt/anaconda3/lib/python3.9/site-packages/airflow/example_dags/example_latest_only_with_trigger.py
[2022-03-14 10:02:33,843] {logging_mixin.py:109} INFO - [2022-03-14 10:02:33,843] {dag.py:2398} INFO - Sync 1 DAGs
[2022-03-14 10:02:33,855] {logging_mixin.py:109} INFO - [2022-03-14 10:02:33,855] {dag.py:2937} INFO - Setting next_dagrun for latest_only_with_trigger to 2022-03-14T11:02:33.855353+00:00
[2022-03-14 10:02:33,871] {processor.py:171} INFO - Processing /opt/anaconda3/lib/python3.9/site-packages/airflow/example_dags/example_latest_only_with_trigger.py took 0.094 seconds
[2022-03-14 10:04:21,283] {processor.py:163} INFO - Started process (PID=76128) to work on /opt/anaconda3/lib/python3.9/site-packages/airflow/example_dags/example_latest_only_with_trigger.py
[2022-03-14 10:04:21,283] {processor.py:642} INFO - Processing file /opt/anaconda3/lib/python3.9/site-packages/airflow/example_dags/example_latest_only_with_trigger.py for tasks to queue
[2022-03-14 10:04:21,284] {logging_mixin.py:109} INFO - [2022-03-14 10:04:21,284] {dagbag.py:500} INFO - Filling up the DagBag from /opt/anaconda3/lib/python3.9/site-packages/airflow/example_dags/example_latest_only_with_trigger.py
[2022-03-14 10:04:21,326] {processor.py:654} INFO - DAG(s) dict_keys(['latest_only_with_trigger']) retrieved from /opt/anaconda3/lib/python3.9/site-packages/airflow/example_dags/example_latest_only_with_trigger.py
[2022-03-14 10:04:21,344] {logging_mixin.py:109} INFO - [2022-03-14 10:04:21,344] {dag.py:2398} INFO - Sync 1 DAGs
[2022-03-14 10:04:21,353] {logging_mixin.py:109} INFO - [2022-03-14 10:04:21,353] {dag.py:2937} INFO - Setting next_dagrun for latest_only_with_trigger to 2022-03-14T11:04:21.353495+00:00
[2022-03-14 10:04:21,368] {processor.py:171} INFO - Processing /opt/anaconda3/lib/python3.9/site-packages/airflow/example_dags/example_latest_only_with_trigger.py took 0.085 seconds
[2022-03-14 10:06:48,387] {processor.py:163} INFO - Started process (PID=76219) to work on /opt/anaconda3/lib/python3.9/site-packages/airflow/example_dags/example_latest_only_with_trigger.py
[2022-03-14 10:06:48,388] {processor.py:642} INFO - Processing file /opt/anaconda3/lib/python3.9/site-packages/airflow/example_dags/example_latest_only_with_trigger.py for tasks to queue
[2022-03-14 10:06:48,389] {logging_mixin.py:109} INFO - [2022-03-14 10:06:48,389] {dagbag.py:500} INFO - Filling up the DagBag from /opt/anaconda3/lib/python3.9/site-packages/airflow/example_dags/example_latest_only_with_trigger.py
[2022-03-14 10:06:48,429] {processor.py:654} INFO - DAG(s) dict_keys(['latest_only_with_trigger']) retrieved from /opt/anaconda3/lib/python3.9/site-packages/airflow/example_dags/example_latest_only_with_trigger.py
[2022-03-14 10:06:48,447] {logging_mixin.py:109} INFO - [2022-03-14 10:06:48,447] {dag.py:2398} INFO - Sync 1 DAGs
[2022-03-14 10:06:48,458] {logging_mixin.py:109} INFO - [2022-03-14 10:06:48,458] {dag.py:2937} INFO - Setting next_dagrun for latest_only_with_trigger to 2022-03-14T11:06:48.458023+00:00
[2022-03-14 10:06:48,467] {processor.py:171} INFO - Processing /opt/anaconda3/lib/python3.9/site-packages/airflow/example_dags/example_latest_only_with_trigger.py took 0.080 seconds
[2022-03-14 10:08:36,544] {processor.py:163} INFO - Started process (PID=76370) to work on /opt/anaconda3/lib/python3.9/site-packages/airflow/example_dags/example_latest_only_with_trigger.py
[2022-03-14 10:08:36,550] {processor.py:642} INFO - Processing file /opt/anaconda3/lib/python3.9/site-packages/airflow/example_dags/example_latest_only_with_trigger.py for tasks to queue
[2022-03-14 10:08:36,551] {logging_mixin.py:109} INFO - [2022-03-14 10:08:36,551] {dagbag.py:500} INFO - Filling up the DagBag from /opt/anaconda3/lib/python3.9/site-packages/airflow/example_dags/example_latest_only_with_trigger.py
[2022-03-14 10:08:36,599] {processor.py:654} INFO - DAG(s) dict_keys(['latest_only_with_trigger']) retrieved from /opt/anaconda3/lib/python3.9/site-packages/airflow/example_dags/example_latest_only_with_trigger.py
[2022-03-14 10:08:36,618] {logging_mixin.py:109} INFO - [2022-03-14 10:08:36,618] {dag.py:2398} INFO - Sync 1 DAGs
[2022-03-14 10:08:36,627] {logging_mixin.py:109} INFO - [2022-03-14 10:08:36,627] {dag.py:2937} INFO - Setting next_dagrun for latest_only_with_trigger to 2022-03-14T11:08:36.627682+00:00
[2022-03-14 10:08:36,639] {processor.py:171} INFO - Processing /opt/anaconda3/lib/python3.9/site-packages/airflow/example_dags/example_latest_only_with_trigger.py took 0.096 seconds
[2022-03-14 10:12:40,053] {processor.py:163} INFO - Started process (PID=76669) to work on /opt/anaconda3/lib/python3.9/site-packages/airflow/example_dags/example_latest_only_with_trigger.py
[2022-03-14 10:12:40,055] {processor.py:642} INFO - Processing file /opt/anaconda3/lib/python3.9/site-packages/airflow/example_dags/example_latest_only_with_trigger.py for tasks to queue
[2022-03-14 10:12:40,056] {logging_mixin.py:109} INFO - [2022-03-14 10:12:40,056] {dagbag.py:500} INFO - Filling up the DagBag from /opt/anaconda3/lib/python3.9/site-packages/airflow/example_dags/example_latest_only_with_trigger.py
[2022-03-14 10:12:40,096] {processor.py:654} INFO - DAG(s) dict_keys(['latest_only_with_trigger']) retrieved from /opt/anaconda3/lib/python3.9/site-packages/airflow/example_dags/example_latest_only_with_trigger.py
[2022-03-14 10:12:40,113] {logging_mixin.py:109} INFO - [2022-03-14 10:12:40,113] {dag.py:2398} INFO - Sync 1 DAGs
[2022-03-14 10:12:40,122] {logging_mixin.py:109} INFO - [2022-03-14 10:12:40,122] {dag.py:2937} INFO - Setting next_dagrun for latest_only_with_trigger to 2022-03-14T11:12:40.122564+00:00
[2022-03-14 10:12:40,132] {processor.py:171} INFO - Processing /opt/anaconda3/lib/python3.9/site-packages/airflow/example_dags/example_latest_only_with_trigger.py took 0.080 seconds
[2022-03-14 10:14:45,882] {processor.py:163} INFO - Started process (PID=76739) to work on /opt/anaconda3/lib/python3.9/site-packages/airflow/example_dags/example_latest_only_with_trigger.py
[2022-03-14 10:14:45,885] {processor.py:642} INFO - Processing file /opt/anaconda3/lib/python3.9/site-packages/airflow/example_dags/example_latest_only_with_trigger.py for tasks to queue
[2022-03-14 10:14:45,885] {logging_mixin.py:109} INFO - [2022-03-14 10:14:45,885] {dagbag.py:500} INFO - Filling up the DagBag from /opt/anaconda3/lib/python3.9/site-packages/airflow/example_dags/example_latest_only_with_trigger.py
[2022-03-14 10:14:45,927] {processor.py:654} INFO - DAG(s) dict_keys(['latest_only_with_trigger']) retrieved from /opt/anaconda3/lib/python3.9/site-packages/airflow/example_dags/example_latest_only_with_trigger.py
[2022-03-14 10:14:45,945] {logging_mixin.py:109} INFO - [2022-03-14 10:14:45,945] {dag.py:2398} INFO - Sync 1 DAGs
[2022-03-14 10:14:45,955] {logging_mixin.py:109} INFO - [2022-03-14 10:14:45,955] {dag.py:2937} INFO - Setting next_dagrun for latest_only_with_trigger to 2022-03-14T11:14:45.955212+00:00
[2022-03-14 10:14:45,968] {processor.py:171} INFO - Processing /opt/anaconda3/lib/python3.9/site-packages/airflow/example_dags/example_latest_only_with_trigger.py took 0.086 seconds
[2022-03-14 10:16:34,813] {processor.py:163} INFO - Started process (PID=76790) to work on /opt/anaconda3/lib/python3.9/site-packages/airflow/example_dags/example_latest_only_with_trigger.py
[2022-03-14 10:16:34,820] {processor.py:642} INFO - Processing file /opt/anaconda3/lib/python3.9/site-packages/airflow/example_dags/example_latest_only_with_trigger.py for tasks to queue
[2022-03-14 10:16:34,821] {logging_mixin.py:109} INFO - [2022-03-14 10:16:34,821] {dagbag.py:500} INFO - Filling up the DagBag from /opt/anaconda3/lib/python3.9/site-packages/airflow/example_dags/example_latest_only_with_trigger.py
[2022-03-14 10:16:34,867] {processor.py:654} INFO - DAG(s) dict_keys(['latest_only_with_trigger']) retrieved from /opt/anaconda3/lib/python3.9/site-packages/airflow/example_dags/example_latest_only_with_trigger.py
[2022-03-14 10:16:34,886] {logging_mixin.py:109} INFO - [2022-03-14 10:16:34,886] {dag.py:2398} INFO - Sync 1 DAGs
[2022-03-14 10:16:34,910] {logging_mixin.py:109} INFO - [2022-03-14 10:16:34,910] {dag.py:2937} INFO - Setting next_dagrun for latest_only_with_trigger to 2022-03-14T11:16:34.906135+00:00
[2022-03-14 10:16:34,934] {processor.py:171} INFO - Processing /opt/anaconda3/lib/python3.9/site-packages/airflow/example_dags/example_latest_only_with_trigger.py took 0.121 seconds
[2022-03-14 10:19:09,975] {processor.py:163} INFO - Started process (PID=76932) to work on /opt/anaconda3/lib/python3.9/site-packages/airflow/example_dags/example_latest_only_with_trigger.py
[2022-03-14 10:19:09,981] {processor.py:642} INFO - Processing file /opt/anaconda3/lib/python3.9/site-packages/airflow/example_dags/example_latest_only_with_trigger.py for tasks to queue
[2022-03-14 10:19:09,982] {logging_mixin.py:109} INFO - [2022-03-14 10:19:09,982] {dagbag.py:500} INFO - Filling up the DagBag from /opt/anaconda3/lib/python3.9/site-packages/airflow/example_dags/example_latest_only_with_trigger.py
[2022-03-14 10:19:10,030] {processor.py:654} INFO - DAG(s) dict_keys(['latest_only_with_trigger']) retrieved from /opt/anaconda3/lib/python3.9/site-packages/airflow/example_dags/example_latest_only_with_trigger.py
[2022-03-14 10:19:10,048] {logging_mixin.py:109} INFO - [2022-03-14 10:19:10,048] {dag.py:2398} INFO - Sync 1 DAGs
[2022-03-14 10:19:10,057] {logging_mixin.py:109} INFO - [2022-03-14 10:19:10,057] {dag.py:2937} INFO - Setting next_dagrun for latest_only_with_trigger to 2022-03-14T11:19:10.057701+00:00
[2022-03-14 10:19:10,068] {processor.py:171} INFO - Processing /opt/anaconda3/lib/python3.9/site-packages/airflow/example_dags/example_latest_only_with_trigger.py took 0.094 seconds
[2022-03-14 10:21:32,652] {processor.py:163} INFO - Started process (PID=77009) to work on /opt/anaconda3/lib/python3.9/site-packages/airflow/example_dags/example_latest_only_with_trigger.py
[2022-03-14 10:21:32,658] {processor.py:642} INFO - Processing file /opt/anaconda3/lib/python3.9/site-packages/airflow/example_dags/example_latest_only_with_trigger.py for tasks to queue
[2022-03-14 10:21:32,658] {logging_mixin.py:109} INFO - [2022-03-14 10:21:32,658] {dagbag.py:500} INFO - Filling up the DagBag from /opt/anaconda3/lib/python3.9/site-packages/airflow/example_dags/example_latest_only_with_trigger.py
[2022-03-14 10:21:32,702] {processor.py:654} INFO - DAG(s) dict_keys(['latest_only_with_trigger']) retrieved from /opt/anaconda3/lib/python3.9/site-packages/airflow/example_dags/example_latest_only_with_trigger.py
[2022-03-14 10:21:32,722] {logging_mixin.py:109} INFO - [2022-03-14 10:21:32,722] {dag.py:2398} INFO - Sync 1 DAGs
[2022-03-14 10:21:32,732] {logging_mixin.py:109} INFO - [2022-03-14 10:21:32,732] {dag.py:2937} INFO - Setting next_dagrun for latest_only_with_trigger to 2022-03-14T11:21:32.732189+00:00
[2022-03-14 10:21:32,741] {processor.py:171} INFO - Processing /opt/anaconda3/lib/python3.9/site-packages/airflow/example_dags/example_latest_only_with_trigger.py took 0.090 seconds
[2022-03-14 10:23:22,365] {processor.py:163} INFO - Started process (PID=77060) to work on /opt/anaconda3/lib/python3.9/site-packages/airflow/example_dags/example_latest_only_with_trigger.py
[2022-03-14 10:23:22,365] {processor.py:642} INFO - Processing file /opt/anaconda3/lib/python3.9/site-packages/airflow/example_dags/example_latest_only_with_trigger.py for tasks to queue
[2022-03-14 10:23:22,366] {logging_mixin.py:109} INFO - [2022-03-14 10:23:22,366] {dagbag.py:500} INFO - Filling up the DagBag from /opt/anaconda3/lib/python3.9/site-packages/airflow/example_dags/example_latest_only_with_trigger.py
[2022-03-14 10:23:22,407] {processor.py:654} INFO - DAG(s) dict_keys(['latest_only_with_trigger']) retrieved from /opt/anaconda3/lib/python3.9/site-packages/airflow/example_dags/example_latest_only_with_trigger.py
[2022-03-14 10:23:22,427] {logging_mixin.py:109} INFO - [2022-03-14 10:23:22,427] {dag.py:2398} INFO - Sync 1 DAGs
[2022-03-14 10:23:22,437] {logging_mixin.py:109} INFO - [2022-03-14 10:23:22,436] {dag.py:2937} INFO - Setting next_dagrun for latest_only_with_trigger to 2022-03-14T11:23:22.436773+00:00
[2022-03-14 10:23:22,450] {processor.py:171} INFO - Processing /opt/anaconda3/lib/python3.9/site-packages/airflow/example_dags/example_latest_only_with_trigger.py took 0.086 seconds
[2022-03-14 10:25:32,936] {processor.py:163} INFO - Started process (PID=77164) to work on /opt/anaconda3/lib/python3.9/site-packages/airflow/example_dags/example_latest_only_with_trigger.py
[2022-03-14 10:25:32,937] {processor.py:642} INFO - Processing file /opt/anaconda3/lib/python3.9/site-packages/airflow/example_dags/example_latest_only_with_trigger.py for tasks to queue
[2022-03-14 10:25:32,938] {logging_mixin.py:109} INFO - [2022-03-14 10:25:32,938] {dagbag.py:500} INFO - Filling up the DagBag from /opt/anaconda3/lib/python3.9/site-packages/airflow/example_dags/example_latest_only_with_trigger.py
[2022-03-14 10:25:32,983] {processor.py:654} INFO - DAG(s) dict_keys(['latest_only_with_trigger']) retrieved from /opt/anaconda3/lib/python3.9/site-packages/airflow/example_dags/example_latest_only_with_trigger.py
[2022-03-14 10:25:33,004] {logging_mixin.py:109} INFO - [2022-03-14 10:25:33,004] {dag.py:2398} INFO - Sync 1 DAGs
[2022-03-14 10:25:33,016] {logging_mixin.py:109} INFO - [2022-03-14 10:25:33,016] {dag.py:2937} INFO - Setting next_dagrun for latest_only_with_trigger to 2022-03-14T11:25:33.016189+00:00
[2022-03-14 10:25:33,027] {processor.py:171} INFO - Processing /opt/anaconda3/lib/python3.9/site-packages/airflow/example_dags/example_latest_only_with_trigger.py took 0.091 seconds
[2022-03-14 10:29:24,951] {processor.py:163} INFO - Started process (PID=77449) to work on /opt/anaconda3/lib/python3.9/site-packages/airflow/example_dags/example_latest_only_with_trigger.py
[2022-03-14 10:29:24,957] {processor.py:642} INFO - Processing file /opt/anaconda3/lib/python3.9/site-packages/airflow/example_dags/example_latest_only_with_trigger.py for tasks to queue
[2022-03-14 10:29:24,958] {logging_mixin.py:109} INFO - [2022-03-14 10:29:24,958] {dagbag.py:500} INFO - Filling up the DagBag from /opt/anaconda3/lib/python3.9/site-packages/airflow/example_dags/example_latest_only_with_trigger.py
[2022-03-14 10:29:25,001] {processor.py:654} INFO - DAG(s) dict_keys(['latest_only_with_trigger']) retrieved from /opt/anaconda3/lib/python3.9/site-packages/airflow/example_dags/example_latest_only_with_trigger.py
[2022-03-14 10:29:25,021] {logging_mixin.py:109} INFO - [2022-03-14 10:29:25,020] {dag.py:2398} INFO - Sync 1 DAGs
[2022-03-14 10:29:25,030] {logging_mixin.py:109} INFO - [2022-03-14 10:29:25,030] {dag.py:2937} INFO - Setting next_dagrun for latest_only_with_trigger to 2022-03-14T11:29:25.030047+00:00
[2022-03-14 10:29:25,041] {processor.py:171} INFO - Processing /opt/anaconda3/lib/python3.9/site-packages/airflow/example_dags/example_latest_only_with_trigger.py took 0.091 seconds
[2022-03-14 10:31:13,139] {processor.py:163} INFO - Started process (PID=77499) to work on /opt/anaconda3/lib/python3.9/site-packages/airflow/example_dags/example_latest_only_with_trigger.py
[2022-03-14 10:31:13,139] {processor.py:642} INFO - Processing file /opt/anaconda3/lib/python3.9/site-packages/airflow/example_dags/example_latest_only_with_trigger.py for tasks to queue
[2022-03-14 10:31:13,140] {logging_mixin.py:109} INFO - [2022-03-14 10:31:13,140] {dagbag.py:500} INFO - Filling up the DagBag from /opt/anaconda3/lib/python3.9/site-packages/airflow/example_dags/example_latest_only_with_trigger.py
[2022-03-14 10:31:13,183] {processor.py:654} INFO - DAG(s) dict_keys(['latest_only_with_trigger']) retrieved from /opt/anaconda3/lib/python3.9/site-packages/airflow/example_dags/example_latest_only_with_trigger.py
[2022-03-14 10:31:13,203] {logging_mixin.py:109} INFO - [2022-03-14 10:31:13,203] {dag.py:2398} INFO - Sync 1 DAGs
[2022-03-14 10:31:13,213] {logging_mixin.py:109} INFO - [2022-03-14 10:31:13,213] {dag.py:2937} INFO - Setting next_dagrun for latest_only_with_trigger to 2022-03-14T11:31:13.212956+00:00
[2022-03-14 10:31:13,227] {processor.py:171} INFO - Processing /opt/anaconda3/lib/python3.9/site-packages/airflow/example_dags/example_latest_only_with_trigger.py took 0.089 seconds
[2022-03-14 10:36:55,353] {processor.py:163} INFO - Started process (PID=77663) to work on /opt/anaconda3/lib/python3.9/site-packages/airflow/example_dags/example_latest_only_with_trigger.py
[2022-03-14 10:36:55,353] {processor.py:642} INFO - Processing file /opt/anaconda3/lib/python3.9/site-packages/airflow/example_dags/example_latest_only_with_trigger.py for tasks to queue
[2022-03-14 10:36:55,354] {logging_mixin.py:109} INFO - [2022-03-14 10:36:55,354] {dagbag.py:500} INFO - Filling up the DagBag from /opt/anaconda3/lib/python3.9/site-packages/airflow/example_dags/example_latest_only_with_trigger.py
[2022-03-14 10:36:55,398] {processor.py:654} INFO - DAG(s) dict_keys(['latest_only_with_trigger']) retrieved from /opt/anaconda3/lib/python3.9/site-packages/airflow/example_dags/example_latest_only_with_trigger.py
[2022-03-14 10:36:55,417] {logging_mixin.py:109} INFO - [2022-03-14 10:36:55,417] {dag.py:2398} INFO - Sync 1 DAGs
[2022-03-14 10:36:55,426] {logging_mixin.py:109} INFO - [2022-03-14 10:36:55,426] {dag.py:2937} INFO - Setting next_dagrun for latest_only_with_trigger to 2022-03-14T11:36:55.426505+00:00
[2022-03-14 10:36:55,438] {processor.py:171} INFO - Processing /opt/anaconda3/lib/python3.9/site-packages/airflow/example_dags/example_latest_only_with_trigger.py took 0.085 seconds
[2022-03-14 10:38:47,658] {processor.py:163} INFO - Started process (PID=77822) to work on /opt/anaconda3/lib/python3.9/site-packages/airflow/example_dags/example_latest_only_with_trigger.py
[2022-03-14 10:38:47,664] {processor.py:642} INFO - Processing file /opt/anaconda3/lib/python3.9/site-packages/airflow/example_dags/example_latest_only_with_trigger.py for tasks to queue
[2022-03-14 10:38:47,665] {logging_mixin.py:109} INFO - [2022-03-14 10:38:47,665] {dagbag.py:500} INFO - Filling up the DagBag from /opt/anaconda3/lib/python3.9/site-packages/airflow/example_dags/example_latest_only_with_trigger.py
[2022-03-14 10:38:47,712] {processor.py:654} INFO - DAG(s) dict_keys(['latest_only_with_trigger']) retrieved from /opt/anaconda3/lib/python3.9/site-packages/airflow/example_dags/example_latest_only_with_trigger.py
[2022-03-14 10:38:47,733] {logging_mixin.py:109} INFO - [2022-03-14 10:38:47,733] {dag.py:2398} INFO - Sync 1 DAGs
[2022-03-14 10:38:47,745] {logging_mixin.py:109} INFO - [2022-03-14 10:38:47,745] {dag.py:2937} INFO - Setting next_dagrun for latest_only_with_trigger to 2022-03-14T11:38:47.744860+00:00
[2022-03-14 10:38:47,758] {processor.py:171} INFO - Processing /opt/anaconda3/lib/python3.9/site-packages/airflow/example_dags/example_latest_only_with_trigger.py took 0.101 seconds
[2022-03-14 10:41:51,992] {processor.py:163} INFO - Started process (PID=77925) to work on /opt/anaconda3/lib/python3.9/site-packages/airflow/example_dags/example_latest_only_with_trigger.py
[2022-03-14 10:41:51,998] {processor.py:642} INFO - Processing file /opt/anaconda3/lib/python3.9/site-packages/airflow/example_dags/example_latest_only_with_trigger.py for tasks to queue
[2022-03-14 10:41:51,999] {logging_mixin.py:109} INFO - [2022-03-14 10:41:51,999] {dagbag.py:500} INFO - Filling up the DagBag from /opt/anaconda3/lib/python3.9/site-packages/airflow/example_dags/example_latest_only_with_trigger.py
[2022-03-14 10:41:52,045] {processor.py:654} INFO - DAG(s) dict_keys(['latest_only_with_trigger']) retrieved from /opt/anaconda3/lib/python3.9/site-packages/airflow/example_dags/example_latest_only_with_trigger.py
[2022-03-14 10:41:52,067] {logging_mixin.py:109} INFO - [2022-03-14 10:41:52,067] {dag.py:2398} INFO - Sync 1 DAGs
[2022-03-14 10:41:52,077] {logging_mixin.py:109} INFO - [2022-03-14 10:41:52,077] {dag.py:2937} INFO - Setting next_dagrun for latest_only_with_trigger to 2022-03-14T11:41:52.077099+00:00
[2022-03-14 10:41:52,092] {processor.py:171} INFO - Processing /opt/anaconda3/lib/python3.9/site-packages/airflow/example_dags/example_latest_only_with_trigger.py took 0.100 seconds
[2022-03-14 10:44:18,745] {processor.py:163} INFO - Started process (PID=78037) to work on /opt/anaconda3/lib/python3.9/site-packages/airflow/example_dags/example_latest_only_with_trigger.py
[2022-03-14 10:44:18,747] {processor.py:642} INFO - Processing file /opt/anaconda3/lib/python3.9/site-packages/airflow/example_dags/example_latest_only_with_trigger.py for tasks to queue
[2022-03-14 10:44:18,748] {logging_mixin.py:109} INFO - [2022-03-14 10:44:18,748] {dagbag.py:500} INFO - Filling up the DagBag from /opt/anaconda3/lib/python3.9/site-packages/airflow/example_dags/example_latest_only_with_trigger.py
[2022-03-14 10:44:18,798] {processor.py:654} INFO - DAG(s) dict_keys(['latest_only_with_trigger']) retrieved from /opt/anaconda3/lib/python3.9/site-packages/airflow/example_dags/example_latest_only_with_trigger.py
[2022-03-14 10:44:18,820] {logging_mixin.py:109} INFO - [2022-03-14 10:44:18,819] {dag.py:2398} INFO - Sync 1 DAGs
[2022-03-14 10:44:18,829] {logging_mixin.py:109} INFO - [2022-03-14 10:44:18,829] {dag.py:2937} INFO - Setting next_dagrun for latest_only_with_trigger to 2022-03-14T11:44:18.829638+00:00
[2022-03-14 10:44:18,842] {processor.py:171} INFO - Processing /opt/anaconda3/lib/python3.9/site-packages/airflow/example_dags/example_latest_only_with_trigger.py took 0.098 seconds
[2022-03-14 10:46:07,718] {processor.py:163} INFO - Started process (PID=78092) to work on /opt/anaconda3/lib/python3.9/site-packages/airflow/example_dags/example_latest_only_with_trigger.py
[2022-03-14 10:46:07,724] {processor.py:642} INFO - Processing file /opt/anaconda3/lib/python3.9/site-packages/airflow/example_dags/example_latest_only_with_trigger.py for tasks to queue
[2022-03-14 10:46:07,725] {logging_mixin.py:109} INFO - [2022-03-14 10:46:07,725] {dagbag.py:500} INFO - Filling up the DagBag from /opt/anaconda3/lib/python3.9/site-packages/airflow/example_dags/example_latest_only_with_trigger.py
[2022-03-14 10:46:07,771] {processor.py:654} INFO - DAG(s) dict_keys(['latest_only_with_trigger']) retrieved from /opt/anaconda3/lib/python3.9/site-packages/airflow/example_dags/example_latest_only_with_trigger.py
[2022-03-14 10:46:07,790] {logging_mixin.py:109} INFO - [2022-03-14 10:46:07,790] {dag.py:2398} INFO - Sync 1 DAGs
[2022-03-14 10:46:07,798] {logging_mixin.py:109} INFO - [2022-03-14 10:46:07,798] {dag.py:2937} INFO - Setting next_dagrun for latest_only_with_trigger to 2022-03-14T11:46:07.798755+00:00
[2022-03-14 10:46:07,809] {processor.py:171} INFO - Processing /opt/anaconda3/lib/python3.9/site-packages/airflow/example_dags/example_latest_only_with_trigger.py took 0.092 seconds
[2022-03-14 10:48:26,255] {processor.py:163} INFO - Started process (PID=78721) to work on /opt/anaconda3/lib/python3.9/site-packages/airflow/example_dags/example_latest_only_with_trigger.py
[2022-03-14 10:48:26,256] {processor.py:642} INFO - Processing file /opt/anaconda3/lib/python3.9/site-packages/airflow/example_dags/example_latest_only_with_trigger.py for tasks to queue
[2022-03-14 10:48:26,256] {logging_mixin.py:109} INFO - [2022-03-14 10:48:26,256] {dagbag.py:500} INFO - Filling up the DagBag from /opt/anaconda3/lib/python3.9/site-packages/airflow/example_dags/example_latest_only_with_trigger.py
[2022-03-14 10:48:26,298] {processor.py:654} INFO - DAG(s) dict_keys(['latest_only_with_trigger']) retrieved from /opt/anaconda3/lib/python3.9/site-packages/airflow/example_dags/example_latest_only_with_trigger.py
[2022-03-14 10:48:26,319] {logging_mixin.py:109} INFO - [2022-03-14 10:48:26,319] {dag.py:2398} INFO - Sync 1 DAGs
[2022-03-14 10:48:26,331] {logging_mixin.py:109} INFO - [2022-03-14 10:48:26,331] {dag.py:2937} INFO - Setting next_dagrun for latest_only_with_trigger to 2022-03-14T11:48:26.331628+00:00
[2022-03-14 10:48:26,344] {processor.py:171} INFO - Processing /opt/anaconda3/lib/python3.9/site-packages/airflow/example_dags/example_latest_only_with_trigger.py took 0.089 seconds
[2022-03-14 10:51:56,748] {processor.py:163} INFO - Started process (PID=78907) to work on /opt/anaconda3/lib/python3.9/site-packages/airflow/example_dags/example_latest_only_with_trigger.py
[2022-03-14 10:51:56,750] {processor.py:642} INFO - Processing file /opt/anaconda3/lib/python3.9/site-packages/airflow/example_dags/example_latest_only_with_trigger.py for tasks to queue
[2022-03-14 10:51:56,751] {logging_mixin.py:109} INFO - [2022-03-14 10:51:56,751] {dagbag.py:500} INFO - Filling up the DagBag from /opt/anaconda3/lib/python3.9/site-packages/airflow/example_dags/example_latest_only_with_trigger.py
[2022-03-14 10:51:56,793] {processor.py:654} INFO - DAG(s) dict_keys(['latest_only_with_trigger']) retrieved from /opt/anaconda3/lib/python3.9/site-packages/airflow/example_dags/example_latest_only_with_trigger.py
[2022-03-14 10:51:56,812] {logging_mixin.py:109} INFO - [2022-03-14 10:51:56,812] {dag.py:2398} INFO - Sync 1 DAGs
[2022-03-14 10:51:56,821] {logging_mixin.py:109} INFO - [2022-03-14 10:51:56,821] {dag.py:2937} INFO - Setting next_dagrun for latest_only_with_trigger to 2022-03-14T11:51:56.821117+00:00
[2022-03-14 10:51:56,832] {processor.py:171} INFO - Processing /opt/anaconda3/lib/python3.9/site-packages/airflow/example_dags/example_latest_only_with_trigger.py took 0.084 seconds
[2022-03-14 10:54:03,208] {processor.py:163} INFO - Started process (PID=78987) to work on /opt/anaconda3/lib/python3.9/site-packages/airflow/example_dags/example_latest_only_with_trigger.py
[2022-03-14 10:54:03,214] {processor.py:642} INFO - Processing file /opt/anaconda3/lib/python3.9/site-packages/airflow/example_dags/example_latest_only_with_trigger.py for tasks to queue
[2022-03-14 10:54:03,215] {logging_mixin.py:109} INFO - [2022-03-14 10:54:03,215] {dagbag.py:500} INFO - Filling up the DagBag from /opt/anaconda3/lib/python3.9/site-packages/airflow/example_dags/example_latest_only_with_trigger.py
[2022-03-14 10:54:03,260] {processor.py:654} INFO - DAG(s) dict_keys(['latest_only_with_trigger']) retrieved from /opt/anaconda3/lib/python3.9/site-packages/airflow/example_dags/example_latest_only_with_trigger.py
[2022-03-14 10:54:03,279] {logging_mixin.py:109} INFO - [2022-03-14 10:54:03,279] {dag.py:2398} INFO - Sync 1 DAGs
[2022-03-14 10:54:03,288] {logging_mixin.py:109} INFO - [2022-03-14 10:54:03,288] {dag.py:2937} INFO - Setting next_dagrun for latest_only_with_trigger to 2022-03-14T11:54:03.287963+00:00
[2022-03-14 10:54:03,303] {processor.py:171} INFO - Processing /opt/anaconda3/lib/python3.9/site-packages/airflow/example_dags/example_latest_only_with_trigger.py took 0.095 seconds
[2022-03-14 10:56:44,796] {processor.py:163} INFO - Started process (PID=79102) to work on /opt/anaconda3/lib/python3.9/site-packages/airflow/example_dags/example_latest_only_with_trigger.py
[2022-03-14 10:56:44,797] {processor.py:642} INFO - Processing file /opt/anaconda3/lib/python3.9/site-packages/airflow/example_dags/example_latest_only_with_trigger.py for tasks to queue
[2022-03-14 10:56:44,797] {logging_mixin.py:109} INFO - [2022-03-14 10:56:44,797] {dagbag.py:500} INFO - Filling up the DagBag from /opt/anaconda3/lib/python3.9/site-packages/airflow/example_dags/example_latest_only_with_trigger.py
[2022-03-14 10:56:44,838] {processor.py:654} INFO - DAG(s) dict_keys(['latest_only_with_trigger']) retrieved from /opt/anaconda3/lib/python3.9/site-packages/airflow/example_dags/example_latest_only_with_trigger.py
[2022-03-14 10:56:44,856] {logging_mixin.py:109} INFO - [2022-03-14 10:56:44,856] {dag.py:2398} INFO - Sync 1 DAGs
[2022-03-14 10:56:44,865] {logging_mixin.py:109} INFO - [2022-03-14 10:56:44,864] {dag.py:2937} INFO - Setting next_dagrun for latest_only_with_trigger to 2022-03-14T11:56:44.864713+00:00
[2022-03-14 10:56:44,880] {processor.py:171} INFO - Processing /opt/anaconda3/lib/python3.9/site-packages/airflow/example_dags/example_latest_only_with_trigger.py took 0.084 seconds
[2022-03-14 10:59:27,512] {processor.py:163} INFO - Started process (PID=79256) to work on /opt/anaconda3/lib/python3.9/site-packages/airflow/example_dags/example_latest_only_with_trigger.py
[2022-03-14 10:59:27,518] {processor.py:642} INFO - Processing file /opt/anaconda3/lib/python3.9/site-packages/airflow/example_dags/example_latest_only_with_trigger.py for tasks to queue
[2022-03-14 10:59:27,518] {logging_mixin.py:109} INFO - [2022-03-14 10:59:27,518] {dagbag.py:500} INFO - Filling up the DagBag from /opt/anaconda3/lib/python3.9/site-packages/airflow/example_dags/example_latest_only_with_trigger.py
[2022-03-14 10:59:27,561] {processor.py:654} INFO - DAG(s) dict_keys(['latest_only_with_trigger']) retrieved from /opt/anaconda3/lib/python3.9/site-packages/airflow/example_dags/example_latest_only_with_trigger.py
[2022-03-14 10:59:27,581] {logging_mixin.py:109} INFO - [2022-03-14 10:59:27,581] {dag.py:2398} INFO - Sync 1 DAGs
[2022-03-14 10:59:27,591] {logging_mixin.py:109} INFO - [2022-03-14 10:59:27,591] {dag.py:2937} INFO - Setting next_dagrun for latest_only_with_trigger to 2022-03-14T11:59:27.591110+00:00
[2022-03-14 10:59:27,602] {processor.py:171} INFO - Processing /opt/anaconda3/lib/python3.9/site-packages/airflow/example_dags/example_latest_only_with_trigger.py took 0.091 seconds
[2022-03-14 11:04:08,649] {processor.py:163} INFO - Started process (PID=79473) to work on /opt/anaconda3/lib/python3.9/site-packages/airflow/example_dags/example_latest_only_with_trigger.py
[2022-03-14 11:04:08,650] {processor.py:642} INFO - Processing file /opt/anaconda3/lib/python3.9/site-packages/airflow/example_dags/example_latest_only_with_trigger.py for tasks to queue
[2022-03-14 11:04:08,650] {logging_mixin.py:109} INFO - [2022-03-14 11:04:08,650] {dagbag.py:500} INFO - Filling up the DagBag from /opt/anaconda3/lib/python3.9/site-packages/airflow/example_dags/example_latest_only_with_trigger.py
[2022-03-14 11:04:08,694] {processor.py:654} INFO - DAG(s) dict_keys(['latest_only_with_trigger']) retrieved from /opt/anaconda3/lib/python3.9/site-packages/airflow/example_dags/example_latest_only_with_trigger.py
[2022-03-14 11:04:08,715] {logging_mixin.py:109} INFO - [2022-03-14 11:04:08,715] {dag.py:2398} INFO - Sync 1 DAGs
[2022-03-14 11:04:08,724] {logging_mixin.py:109} INFO - [2022-03-14 11:04:08,724] {dag.py:2937} INFO - Setting next_dagrun for latest_only_with_trigger to 2022-03-14T12:04:08.724406+00:00
[2022-03-14 11:04:08,733] {processor.py:171} INFO - Processing /opt/anaconda3/lib/python3.9/site-packages/airflow/example_dags/example_latest_only_with_trigger.py took 0.085 seconds
[2022-03-14 11:06:06,463] {processor.py:163} INFO - Started process (PID=79578) to work on /opt/anaconda3/lib/python3.9/site-packages/airflow/example_dags/example_latest_only_with_trigger.py
[2022-03-14 11:06:06,464] {processor.py:642} INFO - Processing file /opt/anaconda3/lib/python3.9/site-packages/airflow/example_dags/example_latest_only_with_trigger.py for tasks to queue
[2022-03-14 11:06:06,464] {logging_mixin.py:109} INFO - [2022-03-14 11:06:06,464] {dagbag.py:500} INFO - Filling up the DagBag from /opt/anaconda3/lib/python3.9/site-packages/airflow/example_dags/example_latest_only_with_trigger.py
[2022-03-14 11:06:06,506] {processor.py:654} INFO - DAG(s) dict_keys(['latest_only_with_trigger']) retrieved from /opt/anaconda3/lib/python3.9/site-packages/airflow/example_dags/example_latest_only_with_trigger.py
[2022-03-14 11:06:06,525] {logging_mixin.py:109} INFO - [2022-03-14 11:06:06,525] {dag.py:2398} INFO - Sync 1 DAGs
[2022-03-14 11:06:06,534] {logging_mixin.py:109} INFO - [2022-03-14 11:06:06,534] {dag.py:2937} INFO - Setting next_dagrun for latest_only_with_trigger to 2022-03-14T12:06:06.534306+00:00
[2022-03-14 11:06:06,548] {processor.py:171} INFO - Processing /opt/anaconda3/lib/python3.9/site-packages/airflow/example_dags/example_latest_only_with_trigger.py took 0.085 seconds
[2022-03-14 11:08:50,419] {processor.py:163} INFO - Started process (PID=79780) to work on /opt/anaconda3/lib/python3.9/site-packages/airflow/example_dags/example_latest_only_with_trigger.py
[2022-03-14 11:08:50,420] {processor.py:642} INFO - Processing file /opt/anaconda3/lib/python3.9/site-packages/airflow/example_dags/example_latest_only_with_trigger.py for tasks to queue
[2022-03-14 11:08:50,420] {logging_mixin.py:109} INFO - [2022-03-14 11:08:50,420] {dagbag.py:500} INFO - Filling up the DagBag from /opt/anaconda3/lib/python3.9/site-packages/airflow/example_dags/example_latest_only_with_trigger.py
[2022-03-14 11:08:50,463] {processor.py:654} INFO - DAG(s) dict_keys(['latest_only_with_trigger']) retrieved from /opt/anaconda3/lib/python3.9/site-packages/airflow/example_dags/example_latest_only_with_trigger.py
[2022-03-14 11:08:50,481] {logging_mixin.py:109} INFO - [2022-03-14 11:08:50,481] {dag.py:2398} INFO - Sync 1 DAGs
[2022-03-14 11:08:50,490] {logging_mixin.py:109} INFO - [2022-03-14 11:08:50,490] {dag.py:2937} INFO - Setting next_dagrun for latest_only_with_trigger to 2022-03-14T12:08:50.490685+00:00
[2022-03-14 11:08:50,503] {processor.py:171} INFO - Processing /opt/anaconda3/lib/python3.9/site-packages/airflow/example_dags/example_latest_only_with_trigger.py took 0.084 seconds
[2022-03-14 11:11:50,790] {processor.py:163} INFO - Started process (PID=79915) to work on /opt/anaconda3/lib/python3.9/site-packages/airflow/example_dags/example_latest_only_with_trigger.py
[2022-03-14 11:11:50,797] {processor.py:642} INFO - Processing file /opt/anaconda3/lib/python3.9/site-packages/airflow/example_dags/example_latest_only_with_trigger.py for tasks to queue
[2022-03-14 11:11:50,797] {logging_mixin.py:109} INFO - [2022-03-14 11:11:50,797] {dagbag.py:500} INFO - Filling up the DagBag from /opt/anaconda3/lib/python3.9/site-packages/airflow/example_dags/example_latest_only_with_trigger.py
[2022-03-14 11:11:50,844] {processor.py:654} INFO - DAG(s) dict_keys(['latest_only_with_trigger']) retrieved from /opt/anaconda3/lib/python3.9/site-packages/airflow/example_dags/example_latest_only_with_trigger.py
[2022-03-14 11:11:50,865] {logging_mixin.py:109} INFO - [2022-03-14 11:11:50,865] {dag.py:2398} INFO - Sync 1 DAGs
[2022-03-14 11:11:50,875] {logging_mixin.py:109} INFO - [2022-03-14 11:11:50,875] {dag.py:2937} INFO - Setting next_dagrun for latest_only_with_trigger to 2022-03-14T12:11:50.874945+00:00
[2022-03-14 11:11:50,887] {processor.py:171} INFO - Processing /opt/anaconda3/lib/python3.9/site-packages/airflow/example_dags/example_latest_only_with_trigger.py took 0.097 seconds
[2022-03-14 11:13:23,172] {processor.py:163} INFO - Started process (PID=79959) to work on /opt/anaconda3/lib/python3.9/site-packages/airflow/example_dags/example_latest_only_with_trigger.py
[2022-03-14 11:13:23,172] {processor.py:642} INFO - Processing file /opt/anaconda3/lib/python3.9/site-packages/airflow/example_dags/example_latest_only_with_trigger.py for tasks to queue
[2022-03-14 11:13:23,173] {logging_mixin.py:109} INFO - [2022-03-14 11:13:23,173] {dagbag.py:500} INFO - Filling up the DagBag from /opt/anaconda3/lib/python3.9/site-packages/airflow/example_dags/example_latest_only_with_trigger.py
[2022-03-14 11:13:23,213] {processor.py:654} INFO - DAG(s) dict_keys(['latest_only_with_trigger']) retrieved from /opt/anaconda3/lib/python3.9/site-packages/airflow/example_dags/example_latest_only_with_trigger.py
[2022-03-14 11:13:23,232] {logging_mixin.py:109} INFO - [2022-03-14 11:13:23,232] {dag.py:2398} INFO - Sync 1 DAGs
[2022-03-14 11:13:23,241] {logging_mixin.py:109} INFO - [2022-03-14 11:13:23,241] {dag.py:2937} INFO - Setting next_dagrun for latest_only_with_trigger to 2022-03-14T12:13:23.241341+00:00
[2022-03-14 11:13:23,256] {processor.py:171} INFO - Processing /opt/anaconda3/lib/python3.9/site-packages/airflow/example_dags/example_latest_only_with_trigger.py took 0.085 seconds
[2022-03-14 11:15:44,756] {processor.py:163} INFO - Started process (PID=80055) to work on /opt/anaconda3/lib/python3.9/site-packages/airflow/example_dags/example_latest_only_with_trigger.py
[2022-03-14 11:15:44,757] {processor.py:642} INFO - Processing file /opt/anaconda3/lib/python3.9/site-packages/airflow/example_dags/example_latest_only_with_trigger.py for tasks to queue
[2022-03-14 11:15:44,757] {logging_mixin.py:109} INFO - [2022-03-14 11:15:44,757] {dagbag.py:500} INFO - Filling up the DagBag from /opt/anaconda3/lib/python3.9/site-packages/airflow/example_dags/example_latest_only_with_trigger.py
[2022-03-14 11:15:44,798] {processor.py:654} INFO - DAG(s) dict_keys(['latest_only_with_trigger']) retrieved from /opt/anaconda3/lib/python3.9/site-packages/airflow/example_dags/example_latest_only_with_trigger.py
[2022-03-14 11:15:44,817] {logging_mixin.py:109} INFO - [2022-03-14 11:15:44,816] {dag.py:2398} INFO - Sync 1 DAGs
[2022-03-14 11:15:44,825] {logging_mixin.py:109} INFO - [2022-03-14 11:15:44,825] {dag.py:2937} INFO - Setting next_dagrun for latest_only_with_trigger to 2022-03-14T12:15:44.825692+00:00
[2022-03-14 11:15:44,840] {processor.py:171} INFO - Processing /opt/anaconda3/lib/python3.9/site-packages/airflow/example_dags/example_latest_only_with_trigger.py took 0.085 seconds
[2022-03-14 11:17:50,083] {processor.py:163} INFO - Started process (PID=80182) to work on /opt/anaconda3/lib/python3.9/site-packages/airflow/example_dags/example_latest_only_with_trigger.py
[2022-03-14 11:17:50,089] {processor.py:642} INFO - Processing file /opt/anaconda3/lib/python3.9/site-packages/airflow/example_dags/example_latest_only_with_trigger.py for tasks to queue
[2022-03-14 11:17:50,090] {logging_mixin.py:109} INFO - [2022-03-14 11:17:50,090] {dagbag.py:500} INFO - Filling up the DagBag from /opt/anaconda3/lib/python3.9/site-packages/airflow/example_dags/example_latest_only_with_trigger.py
[2022-03-14 11:17:50,135] {processor.py:654} INFO - DAG(s) dict_keys(['latest_only_with_trigger']) retrieved from /opt/anaconda3/lib/python3.9/site-packages/airflow/example_dags/example_latest_only_with_trigger.py
[2022-03-14 11:17:50,156] {logging_mixin.py:109} INFO - [2022-03-14 11:17:50,155] {dag.py:2398} INFO - Sync 1 DAGs
[2022-03-14 11:17:50,165] {logging_mixin.py:109} INFO - [2022-03-14 11:17:50,165] {dag.py:2937} INFO - Setting next_dagrun for latest_only_with_trigger to 2022-03-14T12:17:50.165642+00:00
[2022-03-14 11:17:50,179] {processor.py:171} INFO - Processing /opt/anaconda3/lib/python3.9/site-packages/airflow/example_dags/example_latest_only_with_trigger.py took 0.096 seconds
[2022-03-14 11:20:36,744] {processor.py:163} INFO - Started process (PID=80339) to work on /opt/anaconda3/lib/python3.9/site-packages/airflow/example_dags/example_latest_only_with_trigger.py
[2022-03-14 11:20:36,751] {processor.py:642} INFO - Processing file /opt/anaconda3/lib/python3.9/site-packages/airflow/example_dags/example_latest_only_with_trigger.py for tasks to queue
[2022-03-14 11:20:36,751] {logging_mixin.py:109} INFO - [2022-03-14 11:20:36,751] {dagbag.py:500} INFO - Filling up the DagBag from /opt/anaconda3/lib/python3.9/site-packages/airflow/example_dags/example_latest_only_with_trigger.py
[2022-03-14 11:20:36,793] {processor.py:654} INFO - DAG(s) dict_keys(['latest_only_with_trigger']) retrieved from /opt/anaconda3/lib/python3.9/site-packages/airflow/example_dags/example_latest_only_with_trigger.py
[2022-03-14 11:20:36,811] {logging_mixin.py:109} INFO - [2022-03-14 11:20:36,811] {dag.py:2398} INFO - Sync 1 DAGs
[2022-03-14 11:20:36,820] {logging_mixin.py:109} INFO - [2022-03-14 11:20:36,820] {dag.py:2937} INFO - Setting next_dagrun for latest_only_with_trigger to 2022-03-14T12:20:36.820504+00:00
[2022-03-14 11:20:36,831] {processor.py:171} INFO - Processing /opt/anaconda3/lib/python3.9/site-packages/airflow/example_dags/example_latest_only_with_trigger.py took 0.087 seconds
[2022-03-14 11:23:15,334] {processor.py:163} INFO - Started process (PID=80437) to work on /opt/anaconda3/lib/python3.9/site-packages/airflow/example_dags/example_latest_only_with_trigger.py
[2022-03-14 11:23:15,334] {processor.py:642} INFO - Processing file /opt/anaconda3/lib/python3.9/site-packages/airflow/example_dags/example_latest_only_with_trigger.py for tasks to queue
[2022-03-14 11:23:15,335] {logging_mixin.py:109} INFO - [2022-03-14 11:23:15,335] {dagbag.py:500} INFO - Filling up the DagBag from /opt/anaconda3/lib/python3.9/site-packages/airflow/example_dags/example_latest_only_with_trigger.py
[2022-03-14 11:23:15,376] {processor.py:654} INFO - DAG(s) dict_keys(['latest_only_with_trigger']) retrieved from /opt/anaconda3/lib/python3.9/site-packages/airflow/example_dags/example_latest_only_with_trigger.py
[2022-03-14 11:23:15,394] {logging_mixin.py:109} INFO - [2022-03-14 11:23:15,394] {dag.py:2398} INFO - Sync 1 DAGs
[2022-03-14 11:23:15,403] {logging_mixin.py:109} INFO - [2022-03-14 11:23:15,403] {dag.py:2937} INFO - Setting next_dagrun for latest_only_with_trigger to 2022-03-14T12:23:15.403166+00:00
[2022-03-14 11:23:15,419] {processor.py:171} INFO - Processing /opt/anaconda3/lib/python3.9/site-packages/airflow/example_dags/example_latest_only_with_trigger.py took 0.086 seconds
[2022-03-14 11:25:54,766] {processor.py:163} INFO - Started process (PID=80546) to work on /opt/anaconda3/lib/python3.9/site-packages/airflow/example_dags/example_latest_only_with_trigger.py
[2022-03-14 11:25:54,772] {processor.py:642} INFO - Processing file /opt/anaconda3/lib/python3.9/site-packages/airflow/example_dags/example_latest_only_with_trigger.py for tasks to queue
[2022-03-14 11:25:54,773] {logging_mixin.py:109} INFO - [2022-03-14 11:25:54,773] {dagbag.py:500} INFO - Filling up the DagBag from /opt/anaconda3/lib/python3.9/site-packages/airflow/example_dags/example_latest_only_with_trigger.py
[2022-03-14 11:25:54,820] {processor.py:654} INFO - DAG(s) dict_keys(['latest_only_with_trigger']) retrieved from /opt/anaconda3/lib/python3.9/site-packages/airflow/example_dags/example_latest_only_with_trigger.py
[2022-03-14 11:25:54,838] {logging_mixin.py:109} INFO - [2022-03-14 11:25:54,838] {dag.py:2398} INFO - Sync 1 DAGs
[2022-03-14 11:25:54,848] {logging_mixin.py:109} INFO - [2022-03-14 11:25:54,848] {dag.py:2937} INFO - Setting next_dagrun for latest_only_with_trigger to 2022-03-14T12:25:54.848202+00:00
[2022-03-14 11:25:54,859] {processor.py:171} INFO - Processing /opt/anaconda3/lib/python3.9/site-packages/airflow/example_dags/example_latest_only_with_trigger.py took 0.094 seconds
[2022-03-14 11:28:32,139] {processor.py:163} INFO - Started process (PID=80723) to work on /opt/anaconda3/lib/python3.9/site-packages/airflow/example_dags/example_latest_only_with_trigger.py
[2022-03-14 11:28:32,145] {processor.py:642} INFO - Processing file /opt/anaconda3/lib/python3.9/site-packages/airflow/example_dags/example_latest_only_with_trigger.py for tasks to queue
[2022-03-14 11:28:32,146] {logging_mixin.py:109} INFO - [2022-03-14 11:28:32,146] {dagbag.py:500} INFO - Filling up the DagBag from /opt/anaconda3/lib/python3.9/site-packages/airflow/example_dags/example_latest_only_with_trigger.py
[2022-03-14 11:28:32,193] {processor.py:654} INFO - DAG(s) dict_keys(['latest_only_with_trigger']) retrieved from /opt/anaconda3/lib/python3.9/site-packages/airflow/example_dags/example_latest_only_with_trigger.py
[2022-03-14 11:28:32,216] {logging_mixin.py:109} INFO - [2022-03-14 11:28:32,216] {dag.py:2398} INFO - Sync 1 DAGs
[2022-03-14 11:28:32,226] {logging_mixin.py:109} INFO - [2022-03-14 11:28:32,226] {dag.py:2937} INFO - Setting next_dagrun for latest_only_with_trigger to 2022-03-14T12:28:32.226657+00:00
[2022-03-14 11:28:32,237] {processor.py:171} INFO - Processing /opt/anaconda3/lib/python3.9/site-packages/airflow/example_dags/example_latest_only_with_trigger.py took 0.099 seconds
[2022-03-14 11:31:07,687] {processor.py:163} INFO - Started process (PID=80848) to work on /opt/anaconda3/lib/python3.9/site-packages/airflow/example_dags/example_latest_only_with_trigger.py
[2022-03-14 11:31:07,687] {processor.py:642} INFO - Processing file /opt/anaconda3/lib/python3.9/site-packages/airflow/example_dags/example_latest_only_with_trigger.py for tasks to queue
[2022-03-14 11:31:07,688] {logging_mixin.py:109} INFO - [2022-03-14 11:31:07,688] {dagbag.py:500} INFO - Filling up the DagBag from /opt/anaconda3/lib/python3.9/site-packages/airflow/example_dags/example_latest_only_with_trigger.py
[2022-03-14 11:31:07,729] {processor.py:654} INFO - DAG(s) dict_keys(['latest_only_with_trigger']) retrieved from /opt/anaconda3/lib/python3.9/site-packages/airflow/example_dags/example_latest_only_with_trigger.py
[2022-03-14 11:31:07,748] {logging_mixin.py:109} INFO - [2022-03-14 11:31:07,748] {dag.py:2398} INFO - Sync 1 DAGs
[2022-03-14 11:31:07,757] {logging_mixin.py:109} INFO - [2022-03-14 11:31:07,757] {dag.py:2937} INFO - Setting next_dagrun for latest_only_with_trigger to 2022-03-14T12:31:07.756876+00:00
[2022-03-14 11:31:07,771] {processor.py:171} INFO - Processing /opt/anaconda3/lib/python3.9/site-packages/airflow/example_dags/example_latest_only_with_trigger.py took 0.085 seconds
[2022-03-14 11:33:42,028] {processor.py:163} INFO - Started process (PID=80923) to work on /opt/anaconda3/lib/python3.9/site-packages/airflow/example_dags/example_latest_only_with_trigger.py
[2022-03-14 11:33:42,028] {processor.py:642} INFO - Processing file /opt/anaconda3/lib/python3.9/site-packages/airflow/example_dags/example_latest_only_with_trigger.py for tasks to queue
[2022-03-14 11:33:42,029] {logging_mixin.py:109} INFO - [2022-03-14 11:33:42,029] {dagbag.py:500} INFO - Filling up the DagBag from /opt/anaconda3/lib/python3.9/site-packages/airflow/example_dags/example_latest_only_with_trigger.py
[2022-03-14 11:33:42,069] {processor.py:654} INFO - DAG(s) dict_keys(['latest_only_with_trigger']) retrieved from /opt/anaconda3/lib/python3.9/site-packages/airflow/example_dags/example_latest_only_with_trigger.py
[2022-03-14 11:33:42,088] {logging_mixin.py:109} INFO - [2022-03-14 11:33:42,088] {dag.py:2398} INFO - Sync 1 DAGs
[2022-03-14 11:33:42,097] {logging_mixin.py:109} INFO - [2022-03-14 11:33:42,097] {dag.py:2937} INFO - Setting next_dagrun for latest_only_with_trigger to 2022-03-14T12:33:42.097305+00:00
[2022-03-14 11:33:42,108] {processor.py:171} INFO - Processing /opt/anaconda3/lib/python3.9/site-packages/airflow/example_dags/example_latest_only_with_trigger.py took 0.081 seconds
[2022-03-14 11:36:10,668] {processor.py:163} INFO - Started process (PID=80993) to work on /opt/anaconda3/lib/python3.9/site-packages/airflow/example_dags/example_latest_only_with_trigger.py
[2022-03-14 11:36:10,674] {processor.py:642} INFO - Processing file /opt/anaconda3/lib/python3.9/site-packages/airflow/example_dags/example_latest_only_with_trigger.py for tasks to queue
[2022-03-14 11:36:10,674] {logging_mixin.py:109} INFO - [2022-03-14 11:36:10,674] {dagbag.py:500} INFO - Filling up the DagBag from /opt/anaconda3/lib/python3.9/site-packages/airflow/example_dags/example_latest_only_with_trigger.py
[2022-03-14 11:36:10,722] {processor.py:654} INFO - DAG(s) dict_keys(['latest_only_with_trigger']) retrieved from /opt/anaconda3/lib/python3.9/site-packages/airflow/example_dags/example_latest_only_with_trigger.py
[2022-03-14 11:36:10,741] {logging_mixin.py:109} INFO - [2022-03-14 11:36:10,741] {dag.py:2398} INFO - Sync 1 DAGs
[2022-03-14 11:36:10,750] {logging_mixin.py:109} INFO - [2022-03-14 11:36:10,750] {dag.py:2937} INFO - Setting next_dagrun for latest_only_with_trigger to 2022-03-14T12:36:10.750472+00:00
[2022-03-14 11:36:10,762] {processor.py:171} INFO - Processing /opt/anaconda3/lib/python3.9/site-packages/airflow/example_dags/example_latest_only_with_trigger.py took 0.095 seconds
[2022-03-14 11:38:44,586] {processor.py:163} INFO - Started process (PID=81210) to work on /opt/anaconda3/lib/python3.9/site-packages/airflow/example_dags/example_latest_only_with_trigger.py
[2022-03-14 11:38:44,587] {processor.py:642} INFO - Processing file /opt/anaconda3/lib/python3.9/site-packages/airflow/example_dags/example_latest_only_with_trigger.py for tasks to queue
[2022-03-14 11:38:44,588] {logging_mixin.py:109} INFO - [2022-03-14 11:38:44,588] {dagbag.py:500} INFO - Filling up the DagBag from /opt/anaconda3/lib/python3.9/site-packages/airflow/example_dags/example_latest_only_with_trigger.py
[2022-03-14 11:38:44,678] {processor.py:654} INFO - DAG(s) dict_keys(['latest_only_with_trigger']) retrieved from /opt/anaconda3/lib/python3.9/site-packages/airflow/example_dags/example_latest_only_with_trigger.py
[2022-03-14 11:38:44,710] {logging_mixin.py:109} INFO - [2022-03-14 11:38:44,710] {dag.py:2398} INFO - Sync 1 DAGs
[2022-03-14 11:38:44,727] {logging_mixin.py:109} INFO - [2022-03-14 11:38:44,726] {dag.py:2937} INFO - Setting next_dagrun for latest_only_with_trigger to 2022-03-14T12:38:44.726835+00:00
[2022-03-14 11:38:44,739] {processor.py:171} INFO - Processing /opt/anaconda3/lib/python3.9/site-packages/airflow/example_dags/example_latest_only_with_trigger.py took 0.154 seconds
[2022-03-14 11:41:16,608] {processor.py:163} INFO - Started process (PID=81363) to work on /opt/anaconda3/lib/python3.9/site-packages/airflow/example_dags/example_latest_only_with_trigger.py
[2022-03-14 11:41:16,611] {processor.py:642} INFO - Processing file /opt/anaconda3/lib/python3.9/site-packages/airflow/example_dags/example_latest_only_with_trigger.py for tasks to queue
[2022-03-14 11:41:16,611] {logging_mixin.py:109} INFO - [2022-03-14 11:41:16,611] {dagbag.py:500} INFO - Filling up the DagBag from /opt/anaconda3/lib/python3.9/site-packages/airflow/example_dags/example_latest_only_with_trigger.py
[2022-03-14 11:41:16,656] {processor.py:654} INFO - DAG(s) dict_keys(['latest_only_with_trigger']) retrieved from /opt/anaconda3/lib/python3.9/site-packages/airflow/example_dags/example_latest_only_with_trigger.py
[2022-03-14 11:41:16,674] {logging_mixin.py:109} INFO - [2022-03-14 11:41:16,674] {dag.py:2398} INFO - Sync 1 DAGs
[2022-03-14 11:41:16,683] {logging_mixin.py:109} INFO - [2022-03-14 11:41:16,683] {dag.py:2937} INFO - Setting next_dagrun for latest_only_with_trigger to 2022-03-14T12:41:16.683321+00:00
[2022-03-14 11:41:16,695] {processor.py:171} INFO - Processing /opt/anaconda3/lib/python3.9/site-packages/airflow/example_dags/example_latest_only_with_trigger.py took 0.087 seconds
[2022-03-14 11:43:38,602] {processor.py:163} INFO - Started process (PID=81443) to work on /opt/anaconda3/lib/python3.9/site-packages/airflow/example_dags/example_latest_only_with_trigger.py
[2022-03-14 11:43:38,614] {processor.py:642} INFO - Processing file /opt/anaconda3/lib/python3.9/site-packages/airflow/example_dags/example_latest_only_with_trigger.py for tasks to queue
[2022-03-14 11:43:38,616] {logging_mixin.py:109} INFO - [2022-03-14 11:43:38,615] {dagbag.py:500} INFO - Filling up the DagBag from /opt/anaconda3/lib/python3.9/site-packages/airflow/example_dags/example_latest_only_with_trigger.py
[2022-03-14 11:43:38,659] {processor.py:654} INFO - DAG(s) dict_keys(['latest_only_with_trigger']) retrieved from /opt/anaconda3/lib/python3.9/site-packages/airflow/example_dags/example_latest_only_with_trigger.py
[2022-03-14 11:43:38,679] {logging_mixin.py:109} INFO - [2022-03-14 11:43:38,678] {dag.py:2398} INFO - Sync 1 DAGs
[2022-03-14 11:43:38,690] {logging_mixin.py:109} INFO - [2022-03-14 11:43:38,690] {dag.py:2937} INFO - Setting next_dagrun for latest_only_with_trigger to 2022-03-14T12:43:38.690077+00:00
[2022-03-14 11:43:38,701] {processor.py:171} INFO - Processing /opt/anaconda3/lib/python3.9/site-packages/airflow/example_dags/example_latest_only_with_trigger.py took 0.100 seconds
[2022-03-14 11:46:12,703] {processor.py:163} INFO - Started process (PID=81571) to work on /opt/anaconda3/lib/python3.9/site-packages/airflow/example_dags/example_latest_only_with_trigger.py
[2022-03-14 11:46:12,709] {processor.py:642} INFO - Processing file /opt/anaconda3/lib/python3.9/site-packages/airflow/example_dags/example_latest_only_with_trigger.py for tasks to queue
[2022-03-14 11:46:12,709] {logging_mixin.py:109} INFO - [2022-03-14 11:46:12,709] {dagbag.py:500} INFO - Filling up the DagBag from /opt/anaconda3/lib/python3.9/site-packages/airflow/example_dags/example_latest_only_with_trigger.py
[2022-03-14 11:46:12,756] {processor.py:654} INFO - DAG(s) dict_keys(['latest_only_with_trigger']) retrieved from /opt/anaconda3/lib/python3.9/site-packages/airflow/example_dags/example_latest_only_with_trigger.py
[2022-03-14 11:46:12,776] {logging_mixin.py:109} INFO - [2022-03-14 11:46:12,776] {dag.py:2398} INFO - Sync 1 DAGs
[2022-03-14 11:46:12,785] {logging_mixin.py:109} INFO - [2022-03-14 11:46:12,784] {dag.py:2937} INFO - Setting next_dagrun for latest_only_with_trigger to 2022-03-14T12:46:12.784774+00:00
[2022-03-14 11:46:12,795] {processor.py:171} INFO - Processing /opt/anaconda3/lib/python3.9/site-packages/airflow/example_dags/example_latest_only_with_trigger.py took 0.093 seconds
[2022-03-14 11:48:46,220] {processor.py:163} INFO - Started process (PID=81715) to work on /opt/anaconda3/lib/python3.9/site-packages/airflow/example_dags/example_latest_only_with_trigger.py
[2022-03-14 11:48:46,220] {processor.py:642} INFO - Processing file /opt/anaconda3/lib/python3.9/site-packages/airflow/example_dags/example_latest_only_with_trigger.py for tasks to queue
[2022-03-14 11:48:46,221] {logging_mixin.py:109} INFO - [2022-03-14 11:48:46,221] {dagbag.py:500} INFO - Filling up the DagBag from /opt/anaconda3/lib/python3.9/site-packages/airflow/example_dags/example_latest_only_with_trigger.py
[2022-03-14 11:48:46,268] {processor.py:654} INFO - DAG(s) dict_keys(['latest_only_with_trigger']) retrieved from /opt/anaconda3/lib/python3.9/site-packages/airflow/example_dags/example_latest_only_with_trigger.py
[2022-03-14 11:48:46,288] {logging_mixin.py:109} INFO - [2022-03-14 11:48:46,288] {dag.py:2398} INFO - Sync 1 DAGs
[2022-03-14 11:48:46,297] {logging_mixin.py:109} INFO - [2022-03-14 11:48:46,297] {dag.py:2937} INFO - Setting next_dagrun for latest_only_with_trigger to 2022-03-14T12:48:46.297328+00:00
[2022-03-14 11:48:46,310] {processor.py:171} INFO - Processing /opt/anaconda3/lib/python3.9/site-packages/airflow/example_dags/example_latest_only_with_trigger.py took 0.090 seconds
[2022-03-14 11:51:18,118] {processor.py:163} INFO - Started process (PID=81816) to work on /opt/anaconda3/lib/python3.9/site-packages/airflow/example_dags/example_latest_only_with_trigger.py
[2022-03-14 11:51:18,118] {processor.py:642} INFO - Processing file /opt/anaconda3/lib/python3.9/site-packages/airflow/example_dags/example_latest_only_with_trigger.py for tasks to queue
[2022-03-14 11:51:18,125] {logging_mixin.py:109} INFO - [2022-03-14 11:51:18,124] {dagbag.py:500} INFO - Filling up the DagBag from /opt/anaconda3/lib/python3.9/site-packages/airflow/example_dags/example_latest_only_with_trigger.py
[2022-03-14 11:51:18,168] {processor.py:654} INFO - DAG(s) dict_keys(['latest_only_with_trigger']) retrieved from /opt/anaconda3/lib/python3.9/site-packages/airflow/example_dags/example_latest_only_with_trigger.py
[2022-03-14 11:51:18,187] {logging_mixin.py:109} INFO - [2022-03-14 11:51:18,187] {dag.py:2398} INFO - Sync 1 DAGs
[2022-03-14 11:51:18,198] {logging_mixin.py:109} INFO - [2022-03-14 11:51:18,198] {dag.py:2937} INFO - Setting next_dagrun for latest_only_with_trigger to 2022-03-14T12:51:18.198002+00:00
[2022-03-14 11:51:18,209] {processor.py:171} INFO - Processing /opt/anaconda3/lib/python3.9/site-packages/airflow/example_dags/example_latest_only_with_trigger.py took 0.092 seconds
[2022-03-14 11:53:53,638] {processor.py:163} INFO - Started process (PID=81927) to work on /opt/anaconda3/lib/python3.9/site-packages/airflow/example_dags/example_latest_only_with_trigger.py
[2022-03-14 11:53:53,639] {processor.py:642} INFO - Processing file /opt/anaconda3/lib/python3.9/site-packages/airflow/example_dags/example_latest_only_with_trigger.py for tasks to queue
[2022-03-14 11:53:53,639] {logging_mixin.py:109} INFO - [2022-03-14 11:53:53,639] {dagbag.py:500} INFO - Filling up the DagBag from /opt/anaconda3/lib/python3.9/site-packages/airflow/example_dags/example_latest_only_with_trigger.py
[2022-03-14 11:53:53,680] {processor.py:654} INFO - DAG(s) dict_keys(['latest_only_with_trigger']) retrieved from /opt/anaconda3/lib/python3.9/site-packages/airflow/example_dags/example_latest_only_with_trigger.py
[2022-03-14 11:53:53,699] {logging_mixin.py:109} INFO - [2022-03-14 11:53:53,699] {dag.py:2398} INFO - Sync 1 DAGs
[2022-03-14 11:53:53,708] {logging_mixin.py:109} INFO - [2022-03-14 11:53:53,708] {dag.py:2937} INFO - Setting next_dagrun for latest_only_with_trigger to 2022-03-14T12:53:53.707963+00:00
[2022-03-14 11:53:53,723] {processor.py:171} INFO - Processing /opt/anaconda3/lib/python3.9/site-packages/airflow/example_dags/example_latest_only_with_trigger.py took 0.085 seconds
[2022-03-14 11:56:26,526] {processor.py:163} INFO - Started process (PID=82024) to work on /opt/anaconda3/lib/python3.9/site-packages/airflow/example_dags/example_latest_only_with_trigger.py
[2022-03-14 11:56:26,526] {processor.py:642} INFO - Processing file /opt/anaconda3/lib/python3.9/site-packages/airflow/example_dags/example_latest_only_with_trigger.py for tasks to queue
[2022-03-14 11:56:26,527] {logging_mixin.py:109} INFO - [2022-03-14 11:56:26,527] {dagbag.py:500} INFO - Filling up the DagBag from /opt/anaconda3/lib/python3.9/site-packages/airflow/example_dags/example_latest_only_with_trigger.py
[2022-03-14 11:56:26,565] {processor.py:654} INFO - DAG(s) dict_keys(['latest_only_with_trigger']) retrieved from /opt/anaconda3/lib/python3.9/site-packages/airflow/example_dags/example_latest_only_with_trigger.py
[2022-03-14 11:56:26,582] {logging_mixin.py:109} INFO - [2022-03-14 11:56:26,582] {dag.py:2398} INFO - Sync 1 DAGs
[2022-03-14 11:56:26,591] {logging_mixin.py:109} INFO - [2022-03-14 11:56:26,591] {dag.py:2937} INFO - Setting next_dagrun for latest_only_with_trigger to 2022-03-14T12:56:26.590881+00:00
[2022-03-14 11:56:26,600] {processor.py:171} INFO - Processing /opt/anaconda3/lib/python3.9/site-packages/airflow/example_dags/example_latest_only_with_trigger.py took 0.074 seconds
[2022-03-14 11:59:00,776] {processor.py:163} INFO - Started process (PID=82190) to work on /opt/anaconda3/lib/python3.9/site-packages/airflow/example_dags/example_latest_only_with_trigger.py
[2022-03-14 11:59:00,778] {processor.py:642} INFO - Processing file /opt/anaconda3/lib/python3.9/site-packages/airflow/example_dags/example_latest_only_with_trigger.py for tasks to queue
[2022-03-14 11:59:00,779] {logging_mixin.py:109} INFO - [2022-03-14 11:59:00,779] {dagbag.py:500} INFO - Filling up the DagBag from /opt/anaconda3/lib/python3.9/site-packages/airflow/example_dags/example_latest_only_with_trigger.py
[2022-03-14 11:59:00,822] {processor.py:654} INFO - DAG(s) dict_keys(['latest_only_with_trigger']) retrieved from /opt/anaconda3/lib/python3.9/site-packages/airflow/example_dags/example_latest_only_with_trigger.py
[2022-03-14 11:59:00,841] {logging_mixin.py:109} INFO - [2022-03-14 11:59:00,841] {dag.py:2398} INFO - Sync 1 DAGs
[2022-03-14 11:59:00,850] {logging_mixin.py:109} INFO - [2022-03-14 11:59:00,850] {dag.py:2937} INFO - Setting next_dagrun for latest_only_with_trigger to 2022-03-14T12:59:00.850004+00:00
[2022-03-14 11:59:00,861] {processor.py:171} INFO - Processing /opt/anaconda3/lib/python3.9/site-packages/airflow/example_dags/example_latest_only_with_trigger.py took 0.086 seconds
[2022-03-14 12:01:35,639] {processor.py:163} INFO - Started process (PID=82277) to work on /opt/anaconda3/lib/python3.9/site-packages/airflow/example_dags/example_latest_only_with_trigger.py
[2022-03-14 12:01:35,645] {processor.py:642} INFO - Processing file /opt/anaconda3/lib/python3.9/site-packages/airflow/example_dags/example_latest_only_with_trigger.py for tasks to queue
[2022-03-14 12:01:35,646] {logging_mixin.py:109} INFO - [2022-03-14 12:01:35,646] {dagbag.py:500} INFO - Filling up the DagBag from /opt/anaconda3/lib/python3.9/site-packages/airflow/example_dags/example_latest_only_with_trigger.py
[2022-03-14 12:01:35,688] {processor.py:654} INFO - DAG(s) dict_keys(['latest_only_with_trigger']) retrieved from /opt/anaconda3/lib/python3.9/site-packages/airflow/example_dags/example_latest_only_with_trigger.py
[2022-03-14 12:01:35,707] {logging_mixin.py:109} INFO - [2022-03-14 12:01:35,707] {dag.py:2398} INFO - Sync 1 DAGs
[2022-03-14 12:01:35,716] {logging_mixin.py:109} INFO - [2022-03-14 12:01:35,716] {dag.py:2937} INFO - Setting next_dagrun for latest_only_with_trigger to 2022-03-14T13:01:35.716043+00:00
[2022-03-14 12:01:35,727] {processor.py:171} INFO - Processing /opt/anaconda3/lib/python3.9/site-packages/airflow/example_dags/example_latest_only_with_trigger.py took 0.088 seconds
[2022-03-14 12:04:05,864] {processor.py:163} INFO - Started process (PID=82377) to work on /opt/anaconda3/lib/python3.9/site-packages/airflow/example_dags/example_latest_only_with_trigger.py
[2022-03-14 12:04:05,864] {processor.py:642} INFO - Processing file /opt/anaconda3/lib/python3.9/site-packages/airflow/example_dags/example_latest_only_with_trigger.py for tasks to queue
[2022-03-14 12:04:05,865] {logging_mixin.py:109} INFO - [2022-03-14 12:04:05,864] {dagbag.py:500} INFO - Filling up the DagBag from /opt/anaconda3/lib/python3.9/site-packages/airflow/example_dags/example_latest_only_with_trigger.py
[2022-03-14 12:04:05,906] {processor.py:654} INFO - DAG(s) dict_keys(['latest_only_with_trigger']) retrieved from /opt/anaconda3/lib/python3.9/site-packages/airflow/example_dags/example_latest_only_with_trigger.py
[2022-03-14 12:04:05,925] {logging_mixin.py:109} INFO - [2022-03-14 12:04:05,925] {dag.py:2398} INFO - Sync 1 DAGs
[2022-03-14 12:04:05,933] {logging_mixin.py:109} INFO - [2022-03-14 12:04:05,933] {dag.py:2937} INFO - Setting next_dagrun for latest_only_with_trigger to 2022-03-14T13:04:05.933588+00:00
[2022-03-14 12:04:05,945] {processor.py:171} INFO - Processing /opt/anaconda3/lib/python3.9/site-packages/airflow/example_dags/example_latest_only_with_trigger.py took 0.082 seconds
[2022-03-14 12:07:17,226] {processor.py:163} INFO - Started process (PID=82512) to work on /opt/anaconda3/lib/python3.9/site-packages/airflow/example_dags/example_latest_only_with_trigger.py
[2022-03-14 12:07:17,232] {processor.py:642} INFO - Processing file /opt/anaconda3/lib/python3.9/site-packages/airflow/example_dags/example_latest_only_with_trigger.py for tasks to queue
[2022-03-14 12:07:17,233] {logging_mixin.py:109} INFO - [2022-03-14 12:07:17,233] {dagbag.py:500} INFO - Filling up the DagBag from /opt/anaconda3/lib/python3.9/site-packages/airflow/example_dags/example_latest_only_with_trigger.py
[2022-03-14 12:07:17,278] {processor.py:654} INFO - DAG(s) dict_keys(['latest_only_with_trigger']) retrieved from /opt/anaconda3/lib/python3.9/site-packages/airflow/example_dags/example_latest_only_with_trigger.py
[2022-03-14 12:07:17,295] {logging_mixin.py:109} INFO - [2022-03-14 12:07:17,295] {dag.py:2398} INFO - Sync 1 DAGs
[2022-03-14 12:07:17,304] {logging_mixin.py:109} INFO - [2022-03-14 12:07:17,303] {dag.py:2937} INFO - Setting next_dagrun for latest_only_with_trigger to 2022-03-14T13:07:17.303780+00:00
[2022-03-14 12:07:17,315] {processor.py:171} INFO - Processing /opt/anaconda3/lib/python3.9/site-packages/airflow/example_dags/example_latest_only_with_trigger.py took 0.089 seconds
