[2022-03-15 18:57:39,881] {taskinstance.py:1037} INFO - Dependencies all met for <TaskInstance: simple_dag.to_sql scheduled__2022-03-15T18:56:30.015019+00:00 [queued]>
[2022-03-15 18:57:39,890] {taskinstance.py:1037} INFO - Dependencies all met for <TaskInstance: simple_dag.to_sql scheduled__2022-03-15T18:56:30.015019+00:00 [queued]>
[2022-03-15 18:57:39,890] {taskinstance.py:1243} INFO - 
--------------------------------------------------------------------------------
[2022-03-15 18:57:39,890] {taskinstance.py:1244} INFO - Starting attempt 1 of 1
[2022-03-15 18:57:39,890] {taskinstance.py:1245} INFO - 
--------------------------------------------------------------------------------
[2022-03-15 18:57:39,900] {taskinstance.py:1264} INFO - Executing <Task(PythonOperator): to_sql> on 2022-03-15 18:56:30.015019+00:00
[2022-03-15 18:57:39,905] {standard_task_runner.py:52} INFO - Started process 34430 to run task
[2022-03-15 18:57:39,911] {standard_task_runner.py:76} INFO - Running: ['airflow', 'tasks', 'run', 'simple_dag', 'to_sql', 'scheduled__2022-03-15T18:56:30.015019+00:00', '--job-id', '367', '--raw', '--subdir', 'DAGS_FOLDER/simple_dag.py', '--cfg-path', '/var/folders/tl/ljh9dpdd2fnbgmc62qc2b49h0000gn/T/tmpq_rn8j2g', '--error-file', '/var/folders/tl/ljh9dpdd2fnbgmc62qc2b49h0000gn/T/tmp3heprrpb']
[2022-03-15 18:57:39,914] {standard_task_runner.py:77} INFO - Job 367: Subtask to_sql
[2022-03-15 18:57:39,972] {logging_mixin.py:109} INFO - Running <TaskInstance: simple_dag.to_sql scheduled__2022-03-15T18:56:30.015019+00:00 [running]> on host 1.0.0.0.0.0.0.0.0.0.0.0.0.0.0.0.0.0.0.0.0.0.0.0.0.0.0.0.0.0.0.0.ip6.arpa
[2022-03-15 18:57:40,017] {taskinstance.py:1429} INFO - Exporting the following env vars:
AIRFLOW_CTX_DAG_OWNER=airflow
AIRFLOW_CTX_DAG_ID=simple_dag
AIRFLOW_CTX_TASK_ID=to_sql
AIRFLOW_CTX_EXECUTION_DATE=2022-03-15T18:56:30.015019+00:00
AIRFLOW_CTX_DAG_RUN_ID=scheduled__2022-03-15T18:56:30.015019+00:00
[2022-03-15 18:57:41,376] {logging_mixin.py:109} INFO -         id                                              title  ...                                          equipment                                        ingredients
0   635675                                  Boozy Bbq Chicken  ...  {"frying pan","paper towels",skewers,bowl,"sau...  {drink,"salt and pepper","whole chicken",peppe...
1   637162  Carrot and Cabbage Salad With Coriander+cumin ...  ...                                               None  {cabbage,"lime juice",spices,"fresh cilantro",...
2   641975                          Easy Ginger Beef Broccoli  ...                            {wok,"frying pan",bowl}  {broth,"soy sauce",ginger,broccoli,beef,sugar,...
3   644387                                      Garlicky Kale  ...                                              {pot}                  {vinegar,"olive oil",kale,garlic}
4   648320                         Jade Buddha Salmon Tartare  ...                                               None                             {vinegar,"lime juice"}
5   659143  Salmon, Watercress, Fennel and Baby Beetroot S...  ...          {whisk,"slotted spoon","frying pan",bowl}  {beet,"black pepper",fennel,wine,water,watercr...
6   660405     Smoky Black Bean Soup With Sweet Potato & Kale  ...                       {pot,"baking sheet",blender}  {broth,onion,"salt and pepper",spread,pepper,"...
7   663985               Turkey and Rice Stuffed Acorn Squash  ...                                {oven,"frying pan"}  {vegeta,"red pepper",spinach,"salt and pepper"...
8   715446                              Slow Cooker Beef Stew  ...                                    {"slow cooker"}  {"cream of mushroom soup","salt and pepper",on...
9   715543                                 Homemade Guacamole  ...                                               None                                               None
10  715594             Homemade Garlic and Basil French Fries  ...                                               None                                               None
11  716268                        African Chicken Peanut Stew  ...                                         {pot,bowl}  {"salt and pepper",ginger,"sweet potato",potat...
12  716408  Greek-Style Baked Fish: Fresh, Simple, and Del...  ...                                {oven,"baking pan"}  {oregano,"fresh basil",tomato,"salt and pepper...
13  716426  Cauliflower, Brown Rice, and Vegetable Fried Rice  ...                    {"frying pan","food processor"}  {"cauliflower rice","cauliflower florets",butt...
14  729366                                     Plantain Salad  ...                                {bowl,"frying pan"}  {plantain,shrimp,vegetable,"vegetable oil",par...
15  766453                                 Hummus and Za'atar  ...   {bowl,"frying pan","sauce pan","food processor"}  {toast,zaatar,vegetable,paprika,salt,seasoning...
16  769774  Shredded Roast Beef Stuffed Sweet Potatoes (Wh...  ...                                               None                                               None
17  794349                   Broccoli and Chickpea Rice Salad  ...                          {whisk,"frying pan",bowl}                 {broccoli,seasoning,"cooking oil"}
18  798400  Spicy Black-Eyed Pea Curry with Swiss Chard an...  ...  {"frying pan",oven,"sauce pan","roasting pan",...  {"chili pepper","lemon juice",shallot,spices,p...

[19 rows x 7 columns]
[2022-03-15 18:57:41,386] {base_aws.py:190} INFO - Credentials retrieved from login
[2022-03-15 18:57:41,387] {base_aws.py:90} INFO - Retrieving region_name from Connection.extra_config['region_name']
[2022-03-15 18:57:41,833] {base_aws.py:190} INFO - Credentials retrieved from login
[2022-03-15 18:57:41,834] {base_aws.py:90} INFO - Retrieving region_name from Connection.extra_config['region_name']
[2022-03-15 18:57:42,522] {base_aws.py:190} INFO - Credentials retrieved from login
[2022-03-15 18:57:42,523] {base_aws.py:90} INFO - Retrieving region_name from Connection.extra_config['region_name']
[2022-03-15 18:57:42,908] {base_aws.py:190} INFO - Credentials retrieved from login
[2022-03-15 18:57:42,909] {base_aws.py:90} INFO - Retrieving region_name from Connection.extra_config['region_name']
[2022-03-15 18:57:43,311] {base_aws.py:190} INFO - Credentials retrieved from login
[2022-03-15 18:57:43,313] {base_aws.py:90} INFO - Retrieving region_name from Connection.extra_config['region_name']
[2022-03-15 18:57:43,785] {base_aws.py:190} INFO - Credentials retrieved from login
[2022-03-15 18:57:43,786] {base_aws.py:90} INFO - Retrieving region_name from Connection.extra_config['region_name']
[2022-03-15 18:57:44,190] {base_aws.py:190} INFO - Credentials retrieved from login
[2022-03-15 18:57:44,191] {base_aws.py:90} INFO - Retrieving region_name from Connection.extra_config['region_name']
[2022-03-15 18:57:44,597] {base_aws.py:190} INFO - Credentials retrieved from login
[2022-03-15 18:57:44,598] {base_aws.py:90} INFO - Retrieving region_name from Connection.extra_config['region_name']
[2022-03-15 18:57:45,251] {base_aws.py:190} INFO - Credentials retrieved from login
[2022-03-15 18:57:45,252] {base_aws.py:90} INFO - Retrieving region_name from Connection.extra_config['region_name']
[2022-03-15 18:57:45,652] {base_aws.py:190} INFO - Credentials retrieved from login
[2022-03-15 18:57:45,653] {base_aws.py:90} INFO - Retrieving region_name from Connection.extra_config['region_name']
[2022-03-15 18:57:46,081] {base_aws.py:190} INFO - Credentials retrieved from login
[2022-03-15 18:57:46,082] {base_aws.py:90} INFO - Retrieving region_name from Connection.extra_config['region_name']
[2022-03-15 18:57:46,664] {base_aws.py:190} INFO - Credentials retrieved from login
[2022-03-15 18:57:46,665] {base_aws.py:90} INFO - Retrieving region_name from Connection.extra_config['region_name']
[2022-03-15 18:57:47,092] {base_aws.py:190} INFO - Credentials retrieved from login
[2022-03-15 18:57:47,093] {base_aws.py:90} INFO - Retrieving region_name from Connection.extra_config['region_name']
[2022-03-15 18:57:47,634] {base_aws.py:190} INFO - Credentials retrieved from login
[2022-03-15 18:57:47,636] {base_aws.py:90} INFO - Retrieving region_name from Connection.extra_config['region_name']
[2022-03-15 18:57:48,034] {base_aws.py:190} INFO - Credentials retrieved from login
[2022-03-15 18:57:48,036] {base_aws.py:90} INFO - Retrieving region_name from Connection.extra_config['region_name']
[2022-03-15 18:57:48,422] {base_aws.py:190} INFO - Credentials retrieved from login
[2022-03-15 18:57:48,423] {base_aws.py:90} INFO - Retrieving region_name from Connection.extra_config['region_name']
[2022-03-15 18:57:48,832] {base_aws.py:190} INFO - Credentials retrieved from login
[2022-03-15 18:57:48,833] {base_aws.py:90} INFO - Retrieving region_name from Connection.extra_config['region_name']
[2022-03-15 18:57:49,277] {base_aws.py:190} INFO - Credentials retrieved from login
[2022-03-15 18:57:49,278] {base_aws.py:90} INFO - Retrieving region_name from Connection.extra_config['region_name']
[2022-03-15 18:57:49,830] {base_aws.py:190} INFO - Credentials retrieved from login
[2022-03-15 18:57:49,831] {base_aws.py:90} INFO - Retrieving region_name from Connection.extra_config['region_name']
[2022-03-15 18:57:50,302] {base_aws.py:190} INFO - Credentials retrieved from login
[2022-03-15 18:57:50,305] {base_aws.py:90} INFO - Retrieving region_name from Connection.extra_config['region_name']
[2022-03-15 18:57:50,823] {logging_mixin.py:109} INFO -         id                                              title  ...                                          equipment                                        ingredients
0   635675                                  Boozy Bbq Chicken  ...  [frying pan, paper towels, skewers, bowl, sauc...  [drink, salt and pepper, whole chicken, pepper...
1   637162  Carrot and Cabbage Salad With Coriander+cumin ...  ...                                                NaN  [cabbage, lime juice, spices, fresh cilantro, ...
2   641975                          Easy Ginger Beef Broccoli  ...                            [wok, frying pan, bowl]  [broth, soy sauce, ginger, broccoli, beef, sug...
3   644387                                      Garlicky Kale  ...                                              [pot]                 [vinegar, olive oil, kale, garlic]
4   648320                         Jade Buddha Salmon Tartare  ...                                                NaN                              [vinegar, lime juice]
5   659143  Salmon, Watercress, Fennel and Baby Beetroot S...  ...           [whisk, slotted spoon, frying pan, bowl]  [beet, black pepper, fennel, wine, water, wate...
6   660405     Smoky Black Bean Soup With Sweet Potato & Kale  ...                       [pot, baking sheet, blender]  [broth, onion, salt and pepper, spread, pepper...
7   663985               Turkey and Rice Stuffed Acorn Squash  ...                                 [oven, frying pan]  [vegeta, red pepper, spinach, salt and pepper,...
8   715446                              Slow Cooker Beef Stew  ...                                      [slow cooker]  [cream of mushroom soup, salt and pepper, onio...
9   715543                                 Homemade Guacamole  ...                                                NaN                                                NaN
10  715594             Homemade Garlic and Basil French Fries  ...                                                NaN                                                NaN
11  716268                        African Chicken Peanut Stew  ...                                        [pot, bowl]  [salt and pepper, ginger, sweet potato, potato...
12  716408  Greek-Style Baked Fish: Fresh, Simple, and Del...  ...                                 [oven, baking pan]  [oregano, fresh basil, tomato, salt and pepper...
13  716426  Cauliflower, Brown Rice, and Vegetable Fried Rice  ...                       [frying pan, food processor]  [cauliflower rice, cauliflower florets, butter...
14  729366                                     Plantain Salad  ...                                 [bowl, frying pan]  [plantain, shrimp, vegetable, vegetable oil, p...
15  766453                                 Hummus and Za'atar  ...      [bowl, frying pan, sauce pan, food processor]  [toast, zaatar, vegetable, paprika, salt, seas...
16  769774  Shredded Roast Beef Stuffed Sweet Potatoes (Wh...  ...                                                NaN                                                NaN
17  794349                   Broccoli and Chickpea Rice Salad  ...                          [whisk, frying pan, bowl]                 [broccoli, seasoning, cooking oil]
18  798400  Spicy Black-Eyed Pea Curry with Swiss Chard an...  ...  [frying pan, oven, sauce pan, roasting pan, si...  [chili pepper, lemon juice, shallot, spices, p...

[19 rows x 7 columns]
[2022-03-15 18:57:52,439] {python.py:175} INFO - Done. Returned value was: None
[2022-03-15 18:57:52,448] {taskinstance.py:1272} INFO - Marking task as SUCCESS. dag_id=simple_dag, task_id=to_sql, execution_date=20220315T185630, start_date=20220315T235739, end_date=20220315T235752
[2022-03-15 18:57:52,500] {local_task_job.py:154} INFO - Task exited with return code 0
[2022-03-15 18:57:52,519] {local_task_job.py:264} INFO - 0 downstream tasks scheduled from follow-on schedule check
