[2022-03-14 11:14:25,739] {taskinstance.py:1037} INFO - Dependencies all met for <TaskInstance: simple_dag.print_word_count scheduled__2022-03-14T11:13:00+00:00 [queued]>
[2022-03-14 11:14:25,745] {taskinstance.py:1037} INFO - Dependencies all met for <TaskInstance: simple_dag.print_word_count scheduled__2022-03-14T11:13:00+00:00 [queued]>
[2022-03-14 11:14:25,745] {taskinstance.py:1243} INFO - 
--------------------------------------------------------------------------------
[2022-03-14 11:14:25,745] {taskinstance.py:1244} INFO - Starting attempt 1 of 1
[2022-03-14 11:14:25,745] {taskinstance.py:1245} INFO - 
--------------------------------------------------------------------------------
[2022-03-14 11:14:25,756] {taskinstance.py:1264} INFO - Executing <Task(PythonOperator): print_word_count> on 2022-03-14 11:13:00+00:00
[2022-03-14 11:14:25,759] {standard_task_runner.py:52} INFO - Started process 80008 to run task
[2022-03-14 11:14:25,765] {standard_task_runner.py:76} INFO - Running: ['airflow', 'tasks', 'run', 'simple_dag', 'print_word_count', 'scheduled__2022-03-14T11:13:00+00:00', '--job-id', '105', '--raw', '--subdir', 'DAGS_FOLDER/simple_dag.py', '--cfg-path', '/var/folders/tl/ljh9dpdd2fnbgmc62qc2b49h0000gn/T/tmpi9nyhmg0', '--error-file', '/var/folders/tl/ljh9dpdd2fnbgmc62qc2b49h0000gn/T/tmp6m6gdmjj']
[2022-03-14 11:14:25,768] {standard_task_runner.py:77} INFO - Job 105: Subtask print_word_count
[2022-03-14 11:14:25,826] {logging_mixin.py:109} INFO - Running <TaskInstance: simple_dag.print_word_count scheduled__2022-03-14T11:13:00+00:00 [running]> on host 1.0.0.0.0.0.0.0.0.0.0.0.0.0.0.0.0.0.0.0.0.0.0.0.0.0.0.0.0.0.0.0.ip6.arpa
[2022-03-14 11:14:25,869] {taskinstance.py:1429} INFO - Exporting the following env vars:
AIRFLOW_CTX_DAG_OWNER=airflow
AIRFLOW_CTX_DAG_ID=simple_dag
AIRFLOW_CTX_TASK_ID=print_word_count
AIRFLOW_CTX_EXECUTION_DATE=2022-03-14T11:13:00+00:00
AIRFLOW_CTX_DAG_RUN_ID=scheduled__2022-03-14T11:13:00+00:00
[2022-03-14 11:14:38,473] {logging_mixin.py:109} INFO - {'pantry': {'excludeIngredients': ['cauliflower rice', 'soup'], 'includeIngredients': ['stock', 'cauliflower florets'], 'intolerances': 'wheat'}, 'user': {'address': '18841 Mark Valleys\nWest Brianborough, HI 18899', 'description': 'Night majority water him rather ground yes environment. American they work nature. Cut tonight may race analysis case.\nThought image leg business sell.', 'name': 'Sandra Edwards'}}
[2022-03-14 11:14:38,474] {python.py:175} INFO - Done. Returned value was: None
[2022-03-14 11:14:38,485] {taskinstance.py:1272} INFO - Marking task as SUCCESS. dag_id=simple_dag, task_id=print_word_count, execution_date=20220314T111300, start_date=20220314T161425, end_date=20220314T161438
[2022-03-14 11:14:38,508] {local_task_job.py:154} INFO - Task exited with return code 0
[2022-03-14 11:14:38,527] {local_task_job.py:264} INFO - 0 downstream tasks scheduled from follow-on schedule check
