[2022-03-14 15:20:05,530] {taskinstance.py:1037} INFO - Dependencies all met for <TaskInstance: simple_dag.get_recipes scheduled__2022-03-14T15:16:00+00:00 [queued]>
[2022-03-14 15:20:05,538] {taskinstance.py:1037} INFO - Dependencies all met for <TaskInstance: simple_dag.get_recipes scheduled__2022-03-14T15:16:00+00:00 [queued]>
[2022-03-14 15:20:05,538] {taskinstance.py:1243} INFO - 
--------------------------------------------------------------------------------
[2022-03-14 15:20:05,538] {taskinstance.py:1244} INFO - Starting attempt 1 of 1
[2022-03-14 15:20:05,538] {taskinstance.py:1245} INFO - 
--------------------------------------------------------------------------------
[2022-03-14 15:20:05,547] {taskinstance.py:1264} INFO - Executing <Task(PythonOperator): get_recipes> on 2022-03-14 15:16:00+00:00
[2022-03-14 15:20:05,550] {standard_task_runner.py:52} INFO - Started process 89431 to run task
[2022-03-14 15:20:05,556] {standard_task_runner.py:76} INFO - Running: ['airflow', 'tasks', 'run', 'simple_dag', 'get_recipes', 'scheduled__2022-03-14T15:16:00+00:00', '--job-id', '231', '--raw', '--subdir', 'DAGS_FOLDER/simple_dag.py', '--cfg-path', '/var/folders/tl/ljh9dpdd2fnbgmc62qc2b49h0000gn/T/tmpd0o4kj2r', '--error-file', '/var/folders/tl/ljh9dpdd2fnbgmc62qc2b49h0000gn/T/tmpmb_1lyct']
[2022-03-14 15:20:05,559] {standard_task_runner.py:77} INFO - Job 231: Subtask get_recipes
[2022-03-14 15:20:05,612] {logging_mixin.py:109} INFO - Running <TaskInstance: simple_dag.get_recipes scheduled__2022-03-14T15:16:00+00:00 [running]> on host 1.0.0.0.0.0.0.0.0.0.0.0.0.0.0.0.0.0.0.0.0.0.0.0.0.0.0.0.0.0.0.0.ip6.arpa
[2022-03-14 15:20:05,656] {taskinstance.py:1429} INFO - Exporting the following env vars:
AIRFLOW_CTX_DAG_OWNER=airflow
AIRFLOW_CTX_DAG_ID=simple_dag
AIRFLOW_CTX_TASK_ID=get_recipes
AIRFLOW_CTX_EXECUTION_DATE=2022-03-14T15:16:00+00:00
AIRFLOW_CTX_DAG_RUN_ID=scheduled__2022-03-14T15:16:00+00:00
[2022-03-14 15:20:05,664] {base_aws.py:190} INFO - Credentials retrieved from login
[2022-03-14 15:20:05,665] {base_aws.py:90} INFO - Retrieving region_name from Connection.extra_config['region_name']
[2022-03-14 15:20:06,072] {base_aws.py:190} INFO - Credentials retrieved from login
[2022-03-14 15:20:06,073] {base_aws.py:90} INFO - Retrieving region_name from Connection.extra_config['region_name']
[2022-03-14 15:20:06,569] {logging_mixin.py:109} INFO - {'apiKey': '6980d1ba951a438982534beaedb41e6f', 'addRecipeInformation': True}
[2022-03-14 15:20:06,574] {base_aws.py:190} INFO - Credentials retrieved from login
[2022-03-14 15:20:06,575] {base_aws.py:90} INFO - Retrieving region_name from Connection.extra_config['region_name']
[2022-03-14 15:20:06,965] {logging_mixin.py:109} INFO - {'apiKey': '6980d1ba951a438982534beaedb41e6f', 'addRecipeInformation': True}
[2022-03-14 15:20:06,970] {base_aws.py:190} INFO - Credentials retrieved from login
[2022-03-14 15:20:06,972] {base_aws.py:90} INFO - Retrieving region_name from Connection.extra_config['region_name']
[2022-03-14 15:20:07,394] {logging_mixin.py:109} INFO - {'apiKey': '6980d1ba951a438982534beaedb41e6f', 'addRecipeInformation': True}
[2022-03-14 15:20:07,399] {base_aws.py:190} INFO - Credentials retrieved from login
[2022-03-14 15:20:07,400] {base_aws.py:90} INFO - Retrieving region_name from Connection.extra_config['region_name']
[2022-03-14 15:20:07,814] {logging_mixin.py:109} INFO - {'apiKey': '6980d1ba951a438982534beaedb41e6f', 'addRecipeInformation': True}
[2022-03-14 15:20:07,818] {base_aws.py:190} INFO - Credentials retrieved from login
[2022-03-14 15:20:07,820] {base_aws.py:90} INFO - Retrieving region_name from Connection.extra_config['region_name']
[2022-03-14 15:20:08,189] {logging_mixin.py:109} INFO - {'apiKey': '6980d1ba951a438982534beaedb41e6f', 'addRecipeInformation': True}
[2022-03-14 15:20:08,194] {base_aws.py:190} INFO - Credentials retrieved from login
[2022-03-14 15:20:08,195] {base_aws.py:90} INFO - Retrieving region_name from Connection.extra_config['region_name']
[2022-03-14 15:20:08,710] {logging_mixin.py:109} INFO - {'apiKey': '6980d1ba951a438982534beaedb41e6f', 'addRecipeInformation': True}
[2022-03-14 15:20:08,716] {base_aws.py:190} INFO - Credentials retrieved from login
[2022-03-14 15:20:08,717] {base_aws.py:90} INFO - Retrieving region_name from Connection.extra_config['region_name']
[2022-03-14 15:20:09,171] {logging_mixin.py:109} INFO - {'apiKey': '6980d1ba951a438982534beaedb41e6f', 'addRecipeInformation': True}
[2022-03-14 15:20:09,176] {base_aws.py:190} INFO - Credentials retrieved from login
[2022-03-14 15:20:09,177] {base_aws.py:90} INFO - Retrieving region_name from Connection.extra_config['region_name']
[2022-03-14 15:20:09,582] {logging_mixin.py:109} INFO - {'apiKey': '6980d1ba951a438982534beaedb41e6f', 'addRecipeInformation': True}
[2022-03-14 15:20:09,587] {base_aws.py:190} INFO - Credentials retrieved from login
[2022-03-14 15:20:09,588] {base_aws.py:90} INFO - Retrieving region_name from Connection.extra_config['region_name']
[2022-03-14 15:20:10,003] {logging_mixin.py:109} INFO - {'apiKey': '6980d1ba951a438982534beaedb41e6f', 'addRecipeInformation': True}
[2022-03-14 15:20:10,008] {base_aws.py:190} INFO - Credentials retrieved from login
[2022-03-14 15:20:10,009] {base_aws.py:90} INFO - Retrieving region_name from Connection.extra_config['region_name']
[2022-03-14 15:20:10,537] {logging_mixin.py:109} INFO - {'apiKey': '6980d1ba951a438982534beaedb41e6f', 'addRecipeInformation': True}
[2022-03-14 15:20:10,542] {base_aws.py:190} INFO - Credentials retrieved from login
[2022-03-14 15:20:10,543] {base_aws.py:90} INFO - Retrieving region_name from Connection.extra_config['region_name']
[2022-03-14 15:20:11,092] {logging_mixin.py:109} INFO - {'apiKey': '6980d1ba951a438982534beaedb41e6f', 'addRecipeInformation': True}
[2022-03-14 15:20:11,096] {base_aws.py:190} INFO - Credentials retrieved from login
[2022-03-14 15:20:11,097] {base_aws.py:90} INFO - Retrieving region_name from Connection.extra_config['region_name']
[2022-03-14 15:20:11,496] {logging_mixin.py:109} INFO - {'apiKey': '6980d1ba951a438982534beaedb41e6f', 'addRecipeInformation': True}
[2022-03-14 15:20:11,500] {base_aws.py:190} INFO - Credentials retrieved from login
[2022-03-14 15:20:11,501] {base_aws.py:90} INFO - Retrieving region_name from Connection.extra_config['region_name']
[2022-03-14 15:20:12,199] {logging_mixin.py:109} INFO - {'apiKey': '6980d1ba951a438982534beaedb41e6f', 'addRecipeInformation': True}
[2022-03-14 15:20:12,204] {base_aws.py:190} INFO - Credentials retrieved from login
[2022-03-14 15:20:12,205] {base_aws.py:90} INFO - Retrieving region_name from Connection.extra_config['region_name']
[2022-03-14 15:20:12,627] {logging_mixin.py:109} INFO - {'apiKey': '6980d1ba951a438982534beaedb41e6f', 'addRecipeInformation': True}
[2022-03-14 15:20:12,632] {base_aws.py:190} INFO - Credentials retrieved from login
[2022-03-14 15:20:12,633] {base_aws.py:90} INFO - Retrieving region_name from Connection.extra_config['region_name']
[2022-03-14 15:20:13,013] {logging_mixin.py:109} INFO - {'apiKey': '6980d1ba951a438982534beaedb41e6f', 'addRecipeInformation': True}
[2022-03-14 15:20:13,018] {base_aws.py:190} INFO - Credentials retrieved from login
[2022-03-14 15:20:13,019] {base_aws.py:90} INFO - Retrieving region_name from Connection.extra_config['region_name']
[2022-03-14 15:20:13,438] {logging_mixin.py:109} INFO - {'apiKey': '6980d1ba951a438982534beaedb41e6f', 'addRecipeInformation': True}
[2022-03-14 15:20:13,442] {base_aws.py:190} INFO - Credentials retrieved from login
[2022-03-14 15:20:13,443] {base_aws.py:90} INFO - Retrieving region_name from Connection.extra_config['region_name']
[2022-03-14 15:20:13,954] {logging_mixin.py:109} INFO - {'apiKey': '6980d1ba951a438982534beaedb41e6f', 'addRecipeInformation': True}
[2022-03-14 15:20:13,958] {base_aws.py:190} INFO - Credentials retrieved from login
[2022-03-14 15:20:13,959] {base_aws.py:90} INFO - Retrieving region_name from Connection.extra_config['region_name']
[2022-03-14 15:20:14,325] {logging_mixin.py:109} INFO - {'apiKey': '6980d1ba951a438982534beaedb41e6f', 'addRecipeInformation': True}
[2022-03-14 15:20:14,330] {base_aws.py:190} INFO - Credentials retrieved from login
[2022-03-14 15:20:14,331] {base_aws.py:90} INFO - Retrieving region_name from Connection.extra_config['region_name']
[2022-03-14 15:20:14,735] {logging_mixin.py:109} INFO - {'apiKey': '6980d1ba951a438982534beaedb41e6f', 'addRecipeInformation': True}
[2022-03-14 15:20:14,740] {base_aws.py:190} INFO - Credentials retrieved from login
[2022-03-14 15:20:14,741] {base_aws.py:90} INFO - Retrieving region_name from Connection.extra_config['region_name']
[2022-03-14 15:20:15,280] {logging_mixin.py:109} INFO - {'apiKey': '6980d1ba951a438982534beaedb41e6f', 'addRecipeInformation': True}
[2022-03-14 15:20:15,284] {python.py:175} INFO - Done. Returned value was: None
[2022-03-14 15:20:15,294] {taskinstance.py:1272} INFO - Marking task as SUCCESS. dag_id=simple_dag, task_id=get_recipes, execution_date=20220314T151600, start_date=20220314T202005, end_date=20220314T202015
[2022-03-14 15:20:15,344] {local_task_job.py:154} INFO - Task exited with return code 0
[2022-03-14 15:20:15,363] {local_task_job.py:264} INFO - 0 downstream tasks scheduled from follow-on schedule check
