[2022-03-15 14:25:43,294] {taskinstance.py:1037} INFO - Dependencies all met for <TaskInstance: simple_dag.s3_sensor scheduled__2022-03-15T14:20:13.542212+00:00 [queued]>
[2022-03-15 14:25:43,303] {taskinstance.py:1037} INFO - Dependencies all met for <TaskInstance: simple_dag.s3_sensor scheduled__2022-03-15T14:20:13.542212+00:00 [queued]>
[2022-03-15 14:25:43,303] {taskinstance.py:1243} INFO - 
--------------------------------------------------------------------------------
[2022-03-15 14:25:43,303] {taskinstance.py:1244} INFO - Starting attempt 1 of 1
[2022-03-15 14:25:43,303] {taskinstance.py:1245} INFO - 
--------------------------------------------------------------------------------
[2022-03-15 14:25:43,314] {taskinstance.py:1264} INFO - Executing <Task(S3PrefixSensor): s3_sensor> on 2022-03-15 14:20:13.542212+00:00
[2022-03-15 14:25:43,319] {standard_task_runner.py:52} INFO - Started process 26539 to run task
[2022-03-15 14:25:43,326] {standard_task_runner.py:76} INFO - Running: ['airflow', 'tasks', 'run', 'simple_dag', 's3_sensor', 'scheduled__2022-03-15T14:20:13.542212+00:00', '--job-id', '333', '--raw', '--subdir', 'DAGS_FOLDER/simple_dag.py', '--cfg-path', '/var/folders/tl/ljh9dpdd2fnbgmc62qc2b49h0000gn/T/tmppei3zs84', '--error-file', '/var/folders/tl/ljh9dpdd2fnbgmc62qc2b49h0000gn/T/tmpf1qbdc6x']
[2022-03-15 14:25:43,329] {standard_task_runner.py:77} INFO - Job 333: Subtask s3_sensor
[2022-03-15 14:25:43,385] {logging_mixin.py:109} INFO - Running <TaskInstance: simple_dag.s3_sensor scheduled__2022-03-15T14:20:13.542212+00:00 [running]> on host 1.0.0.0.0.0.0.0.0.0.0.0.0.0.0.0.0.0.0.0.0.0.0.0.0.0.0.0.0.0.0.0.ip6.arpa
[2022-03-15 14:25:43,438] {taskinstance.py:1429} INFO - Exporting the following env vars:
AIRFLOW_CTX_DAG_OWNER=airflow
AIRFLOW_CTX_DAG_ID=simple_dag
AIRFLOW_CTX_TASK_ID=s3_sensor
AIRFLOW_CTX_EXECUTION_DATE=2022-03-15T14:20:13.542212+00:00
AIRFLOW_CTX_DAG_RUN_ID=scheduled__2022-03-15T14:20:13.542212+00:00
[2022-03-15 14:25:43,440] {s3.py:390} INFO - Poking for prefix : ['raw/'] in bucket s3://airflowrs
[2022-03-15 14:25:43,447] {base_aws.py:190} INFO - Credentials retrieved from login
[2022-03-15 14:25:43,448] {base_aws.py:90} INFO - Retrieving region_name from Connection.extra_config['region_name']
[2022-03-15 14:25:43,824] {base.py:251} INFO - Success criteria met. Exiting.
[2022-03-15 14:25:43,833] {taskinstance.py:1272} INFO - Marking task as SUCCESS. dag_id=simple_dag, task_id=s3_sensor, execution_date=20220315T142013, start_date=20220315T192543, end_date=20220315T192543
[2022-03-15 14:25:43,898] {local_task_job.py:154} INFO - Task exited with return code 0
[2022-03-15 14:25:43,939] {local_task_job.py:264} INFO - 1 downstream tasks scheduled from follow-on schedule check
