[2022-03-15 14:54:09,604] {taskinstance.py:1037} INFO - Dependencies all met for <TaskInstance: simple_dag.get_recipes scheduled__2022-03-15T14:52:50.769217+00:00 [queued]>
[2022-03-15 14:54:09,616] {taskinstance.py:1037} INFO - Dependencies all met for <TaskInstance: simple_dag.get_recipes scheduled__2022-03-15T14:52:50.769217+00:00 [queued]>
[2022-03-15 14:54:09,616] {taskinstance.py:1243} INFO - 
--------------------------------------------------------------------------------
[2022-03-15 14:54:09,616] {taskinstance.py:1244} INFO - Starting attempt 1 of 1
[2022-03-15 14:54:09,616] {taskinstance.py:1245} INFO - 
--------------------------------------------------------------------------------
[2022-03-15 14:54:09,630] {taskinstance.py:1264} INFO - Executing <Task(PythonOperator): get_recipes> on 2022-03-15 14:52:50.769217+00:00
[2022-03-15 14:54:09,635] {standard_task_runner.py:52} INFO - Started process 27395 to run task
[2022-03-15 14:54:09,642] {standard_task_runner.py:76} INFO - Running: ['airflow', 'tasks', 'run', 'simple_dag', 'get_recipes', 'scheduled__2022-03-15T14:52:50.769217+00:00', '--job-id', '336', '--raw', '--subdir', 'DAGS_FOLDER/simple_dag.py', '--cfg-path', '/var/folders/tl/ljh9dpdd2fnbgmc62qc2b49h0000gn/T/tmpf_qdk5qw', '--error-file', '/var/folders/tl/ljh9dpdd2fnbgmc62qc2b49h0000gn/T/tmpb1b6zg6z']
[2022-03-15 14:54:09,651] {standard_task_runner.py:77} INFO - Job 336: Subtask get_recipes
[2022-03-15 14:54:09,718] {logging_mixin.py:109} INFO - Running <TaskInstance: simple_dag.get_recipes scheduled__2022-03-15T14:52:50.769217+00:00 [running]> on host 1.0.0.0.0.0.0.0.0.0.0.0.0.0.0.0.0.0.0.0.0.0.0.0.0.0.0.0.0.0.0.0.ip6.arpa
[2022-03-15 14:54:09,779] {taskinstance.py:1429} INFO - Exporting the following env vars:
AIRFLOW_CTX_DAG_OWNER=airflow
AIRFLOW_CTX_DAG_ID=simple_dag
AIRFLOW_CTX_TASK_ID=get_recipes
AIRFLOW_CTX_EXECUTION_DATE=2022-03-15T14:52:50.769217+00:00
AIRFLOW_CTX_DAG_RUN_ID=scheduled__2022-03-15T14:52:50.769217+00:00
[2022-03-15 14:54:09,796] {base_aws.py:190} INFO - Credentials retrieved from login
[2022-03-15 14:54:09,798] {base_aws.py:90} INFO - Retrieving region_name from Connection.extra_config['region_name']
[2022-03-15 14:54:10,207] {base_aws.py:190} INFO - Credentials retrieved from login
[2022-03-15 14:54:10,208] {base_aws.py:90} INFO - Retrieving region_name from Connection.extra_config['region_name']
[2022-03-15 14:54:11,670] {s3.py:729} INFO - Deleted: ['raw/user-2022-03-14 13:40:58.234653.json']
[2022-03-15 14:54:11,675] {base_aws.py:190} INFO - Credentials retrieved from login
[2022-03-15 14:54:11,676] {base_aws.py:90} INFO - Retrieving region_name from Connection.extra_config['region_name']
[2022-03-15 14:54:13,338] {s3.py:729} INFO - Deleted: ['raw/user-2022-03-14 13:41:29.660042.json']
[2022-03-15 14:54:13,343] {base_aws.py:190} INFO - Credentials retrieved from login
[2022-03-15 14:54:13,344] {base_aws.py:90} INFO - Retrieving region_name from Connection.extra_config['region_name']
[2022-03-15 14:54:15,959] {s3.py:729} INFO - Deleted: ['raw/user-2022-03-15 14:44:53.444005.json']
[2022-03-15 14:54:15,966] {base_aws.py:190} INFO - Credentials retrieved from login
[2022-03-15 14:54:15,967] {base_aws.py:90} INFO - Retrieving region_name from Connection.extra_config['region_name']
[2022-03-15 14:54:16,959] {s3.py:729} INFO - Deleted: ['raw/user-2022-03-15 14:44:55.538340.json']
[2022-03-15 14:54:16,965] {base_aws.py:190} INFO - Credentials retrieved from login
[2022-03-15 14:54:16,966] {base_aws.py:90} INFO - Retrieving region_name from Connection.extra_config['region_name']
[2022-03-15 14:54:17,964] {s3.py:729} INFO - Deleted: ['raw/user-2022-03-15 14:44:57.641266.json']
[2022-03-15 14:54:17,972] {base_aws.py:190} INFO - Credentials retrieved from login
[2022-03-15 14:54:17,973] {base_aws.py:90} INFO - Retrieving region_name from Connection.extra_config['region_name']
[2022-03-15 14:54:20,366] {s3.py:729} INFO - Deleted: ['raw/user-2022-03-15 14:44:59.733130.json']
[2022-03-15 14:54:20,375] {base_aws.py:190} INFO - Credentials retrieved from login
[2022-03-15 14:54:20,376] {base_aws.py:90} INFO - Retrieving region_name from Connection.extra_config['region_name']
[2022-03-15 14:54:23,108] {s3.py:729} INFO - Deleted: ['raw/user-2022-03-15 14:45:06.010368.json']
[2022-03-15 14:54:23,114] {base_aws.py:190} INFO - Credentials retrieved from login
[2022-03-15 14:54:23,115] {base_aws.py:90} INFO - Retrieving region_name from Connection.extra_config['region_name']
[2022-03-15 14:54:25,872] {s3.py:729} INFO - Deleted: ['raw/user-2022-03-15 14:45:08.104090.json']
[2022-03-15 14:54:25,877] {base_aws.py:190} INFO - Credentials retrieved from login
[2022-03-15 14:54:25,878] {base_aws.py:90} INFO - Retrieving region_name from Connection.extra_config['region_name']
[2022-03-15 14:54:28,752] {s3.py:729} INFO - Deleted: ['raw/user-2022-03-15 14:45:10.195721.json']
[2022-03-15 14:54:28,757] {base_aws.py:190} INFO - Credentials retrieved from login
[2022-03-15 14:54:28,758] {base_aws.py:90} INFO - Retrieving region_name from Connection.extra_config['region_name']
[2022-03-15 14:54:32,275] {s3.py:729} INFO - Deleted: ['raw/user-2022-03-15 14:45:12.286034.json']
[2022-03-15 14:54:32,279] {base_aws.py:190} INFO - Credentials retrieved from login
[2022-03-15 14:54:32,280] {base_aws.py:90} INFO - Retrieving region_name from Connection.extra_config['region_name']
[2022-03-15 14:54:33,269] {s3.py:729} INFO - Deleted: ['raw/user-2022-03-15 14:45:14.377357.json']
[2022-03-15 14:54:33,274] {base_aws.py:190} INFO - Credentials retrieved from login
[2022-03-15 14:54:33,276] {base_aws.py:90} INFO - Retrieving region_name from Connection.extra_config['region_name']
[2022-03-15 14:54:37,557] {s3.py:729} INFO - Deleted: ['raw/user-2022-03-15 14:45:16.467571.json']
[2022-03-15 14:54:37,564] {base_aws.py:190} INFO - Credentials retrieved from login
[2022-03-15 14:54:37,565] {base_aws.py:90} INFO - Retrieving region_name from Connection.extra_config['region_name']
[2022-03-15 14:54:41,453] {s3.py:729} INFO - Deleted: ['raw/user-2022-03-15 14:45:18.559842.json']
[2022-03-15 14:54:41,458] {base_aws.py:190} INFO - Credentials retrieved from login
[2022-03-15 14:54:41,459] {base_aws.py:90} INFO - Retrieving region_name from Connection.extra_config['region_name']
[2022-03-15 14:54:45,922] {s3.py:729} INFO - Deleted: ['raw/user-2022-03-15 14:45:20.651450.json']
[2022-03-15 14:54:45,927] {base_aws.py:190} INFO - Credentials retrieved from login
[2022-03-15 14:54:45,929] {base_aws.py:90} INFO - Retrieving region_name from Connection.extra_config['region_name']
[2022-03-15 14:54:46,901] {s3.py:729} INFO - Deleted: ['raw/user-2022-03-15 14:45:22.745338.json']
[2022-03-15 14:54:46,908] {base_aws.py:190} INFO - Credentials retrieved from login
[2022-03-15 14:54:46,909] {base_aws.py:90} INFO - Retrieving region_name from Connection.extra_config['region_name']
[2022-03-15 14:54:51,536] {s3.py:729} INFO - Deleted: ['raw/user-2022-03-15 14:45:24.838684.json']
[2022-03-15 14:54:51,540] {base_aws.py:190} INFO - Credentials retrieved from login
[2022-03-15 14:54:51,541] {base_aws.py:90} INFO - Retrieving region_name from Connection.extra_config['region_name']
[2022-03-15 14:54:56,449] {s3.py:729} INFO - Deleted: ['raw/user-2022-03-15 14:45:26.927588.json']
[2022-03-15 14:54:56,454] {base_aws.py:190} INFO - Credentials retrieved from login
[2022-03-15 14:54:56,455] {base_aws.py:90} INFO - Retrieving region_name from Connection.extra_config['region_name']
[2022-03-15 14:55:01,424] {s3.py:729} INFO - Deleted: ['raw/user-2022-03-15 14:45:29.019735.json']
[2022-03-15 14:55:01,428] {base_aws.py:190} INFO - Credentials retrieved from login
[2022-03-15 14:55:01,429] {base_aws.py:90} INFO - Retrieving region_name from Connection.extra_config['region_name']
[2022-03-15 14:55:06,990] {s3.py:729} INFO - Deleted: ['raw/user-2022-03-15 14:45:31.111554.json']
[2022-03-15 14:55:06,994] {base_aws.py:190} INFO - Credentials retrieved from login
[2022-03-15 14:55:06,995] {base_aws.py:90} INFO - Retrieving region_name from Connection.extra_config['region_name']
[2022-03-15 14:55:12,177] {s3.py:729} INFO - Deleted: ['raw/user-2022-03-15 14:45:33.205600.json']
[2022-03-15 14:55:12,181] {python.py:175} INFO - Done. Returned value was: None
[2022-03-15 14:55:12,190] {taskinstance.py:1272} INFO - Marking task as SUCCESS. dag_id=simple_dag, task_id=get_recipes, execution_date=20220315T145250, start_date=20220315T195409, end_date=20220315T195512
[2022-03-15 14:55:12,256] {local_task_job.py:154} INFO - Task exited with return code 0
[2022-03-15 14:55:12,292] {local_task_job.py:264} INFO - 1 downstream tasks scheduled from follow-on schedule check
