[2022-03-15 15:20:32,375] {taskinstance.py:1037} INFO - Dependencies all met for <TaskInstance: simple_dag.to_sql scheduled__2022-03-15T15:19:19.076862+00:00 [queued]>
[2022-03-15 15:20:32,383] {taskinstance.py:1037} INFO - Dependencies all met for <TaskInstance: simple_dag.to_sql scheduled__2022-03-15T15:19:19.076862+00:00 [queued]>
[2022-03-15 15:20:32,384] {taskinstance.py:1243} INFO - 
--------------------------------------------------------------------------------
[2022-03-15 15:20:32,384] {taskinstance.py:1244} INFO - Starting attempt 1 of 1
[2022-03-15 15:20:32,384] {taskinstance.py:1245} INFO - 
--------------------------------------------------------------------------------
[2022-03-15 15:20:32,393] {taskinstance.py:1264} INFO - Executing <Task(PythonOperator): to_sql> on 2022-03-15 15:19:19.076862+00:00
[2022-03-15 15:20:32,397] {standard_task_runner.py:52} INFO - Started process 28208 to run task
[2022-03-15 15:20:32,403] {standard_task_runner.py:76} INFO - Running: ['airflow', 'tasks', 'run', 'simple_dag', 'to_sql', 'scheduled__2022-03-15T15:19:19.076862+00:00', '--job-id', '342', '--raw', '--subdir', 'DAGS_FOLDER/simple_dag.py', '--cfg-path', '/var/folders/tl/ljh9dpdd2fnbgmc62qc2b49h0000gn/T/tmppmav9_3q', '--error-file', '/var/folders/tl/ljh9dpdd2fnbgmc62qc2b49h0000gn/T/tmpp8rknnwt']
[2022-03-15 15:20:32,407] {standard_task_runner.py:77} INFO - Job 342: Subtask to_sql
[2022-03-15 15:20:32,461] {logging_mixin.py:109} INFO - Running <TaskInstance: simple_dag.to_sql scheduled__2022-03-15T15:19:19.076862+00:00 [running]> on host 1.0.0.0.0.0.0.0.0.0.0.0.0.0.0.0.0.0.0.0.0.0.0.0.0.0.0.0.0.0.0.0.ip6.arpa
[2022-03-15 15:20:32,507] {taskinstance.py:1429} INFO - Exporting the following env vars:
AIRFLOW_CTX_DAG_OWNER=airflow
AIRFLOW_CTX_DAG_ID=simple_dag
AIRFLOW_CTX_TASK_ID=to_sql
AIRFLOW_CTX_EXECUTION_DATE=2022-03-15T15:19:19.076862+00:00
AIRFLOW_CTX_DAG_RUN_ID=scheduled__2022-03-15T15:19:19.076862+00:00
[2022-03-15 15:20:33,334] {logging_mixin.py:109} INFO - Empty DataFrame
Columns: [id, title, servings, summary, diets, equipment, ingredients]
Index: []
[2022-03-15 15:20:33,346] {base_aws.py:190} INFO - Credentials retrieved from login
[2022-03-15 15:20:33,347] {base_aws.py:90} INFO - Retrieving region_name from Connection.extra_config['region_name']
[2022-03-15 15:20:33,737] {base_aws.py:190} INFO - Credentials retrieved from login
[2022-03-15 15:20:33,738] {base_aws.py:90} INFO - Retrieving region_name from Connection.extra_config['region_name']
[2022-03-15 15:20:34,242] {base_aws.py:190} INFO - Credentials retrieved from login
[2022-03-15 15:20:34,244] {base_aws.py:90} INFO - Retrieving region_name from Connection.extra_config['region_name']
[2022-03-15 15:20:34,626] {base_aws.py:190} INFO - Credentials retrieved from login
[2022-03-15 15:20:34,627] {base_aws.py:90} INFO - Retrieving region_name from Connection.extra_config['region_name']
[2022-03-15 15:20:35,023] {base_aws.py:190} INFO - Credentials retrieved from login
[2022-03-15 15:20:35,024] {base_aws.py:90} INFO - Retrieving region_name from Connection.extra_config['region_name']
[2022-03-15 15:20:35,459] {base_aws.py:190} INFO - Credentials retrieved from login
[2022-03-15 15:20:35,460] {base_aws.py:90} INFO - Retrieving region_name from Connection.extra_config['region_name']
[2022-03-15 15:20:35,858] {base_aws.py:190} INFO - Credentials retrieved from login
[2022-03-15 15:20:35,859] {base_aws.py:90} INFO - Retrieving region_name from Connection.extra_config['region_name']
[2022-03-15 15:20:36,230] {base_aws.py:190} INFO - Credentials retrieved from login
[2022-03-15 15:20:36,232] {base_aws.py:90} INFO - Retrieving region_name from Connection.extra_config['region_name']
[2022-03-15 15:20:36,765] {base_aws.py:190} INFO - Credentials retrieved from login
[2022-03-15 15:20:36,766] {base_aws.py:90} INFO - Retrieving region_name from Connection.extra_config['region_name']
[2022-03-15 15:20:37,139] {base_aws.py:190} INFO - Credentials retrieved from login
[2022-03-15 15:20:37,141] {base_aws.py:90} INFO - Retrieving region_name from Connection.extra_config['region_name']
[2022-03-15 15:20:37,553] {base_aws.py:190} INFO - Credentials retrieved from login
[2022-03-15 15:20:37,555] {base_aws.py:90} INFO - Retrieving region_name from Connection.extra_config['region_name']
[2022-03-15 15:20:37,978] {base_aws.py:190} INFO - Credentials retrieved from login
[2022-03-15 15:20:37,980] {base_aws.py:90} INFO - Retrieving region_name from Connection.extra_config['region_name']
[2022-03-15 15:20:38,371] {base_aws.py:190} INFO - Credentials retrieved from login
[2022-03-15 15:20:38,372] {base_aws.py:90} INFO - Retrieving region_name from Connection.extra_config['region_name']
[2022-03-15 15:20:38,912] {base_aws.py:190} INFO - Credentials retrieved from login
[2022-03-15 15:20:38,914] {base_aws.py:90} INFO - Retrieving region_name from Connection.extra_config['region_name']
[2022-03-15 15:20:39,281] {base_aws.py:190} INFO - Credentials retrieved from login
[2022-03-15 15:20:39,282] {base_aws.py:90} INFO - Retrieving region_name from Connection.extra_config['region_name']
[2022-03-15 15:20:39,666] {base_aws.py:190} INFO - Credentials retrieved from login
[2022-03-15 15:20:39,668] {base_aws.py:90} INFO - Retrieving region_name from Connection.extra_config['region_name']
[2022-03-15 15:20:40,052] {base_aws.py:190} INFO - Credentials retrieved from login
[2022-03-15 15:20:40,054] {base_aws.py:90} INFO - Retrieving region_name from Connection.extra_config['region_name']
[2022-03-15 15:20:40,498] {base_aws.py:190} INFO - Credentials retrieved from login
[2022-03-15 15:20:40,499] {base_aws.py:90} INFO - Retrieving region_name from Connection.extra_config['region_name']
[2022-03-15 15:20:41,012] {base_aws.py:190} INFO - Credentials retrieved from login
[2022-03-15 15:20:41,019] {base_aws.py:90} INFO - Retrieving region_name from Connection.extra_config['region_name']
[2022-03-15 15:20:41,400] {base_aws.py:190} INFO - Credentials retrieved from login
[2022-03-15 15:20:41,401] {base_aws.py:90} INFO - Retrieving region_name from Connection.extra_config['region_name']
[2022-03-15 15:20:41,801] {logging_mixin.py:109} INFO -                                                     title  servings  ...                                          equipment                                        ingredients
id                                                                   ...                                                                                                      
635675                                  Boozy Bbq Chicken         6  ...  [frying pan, paper towels, skewers, bowl, sauc...  [drink, salt and pepper, whole chicken, pepper...
637162  Carrot and Cabbage Salad With Coriander+cumin ...         1  ...                                                NaN  [cabbage, lime juice, spices, fresh cilantro, ...
641975                          Easy Ginger Beef Broccoli         4  ...                            [wok, frying pan, bowl]  [broth, soy sauce, ginger, broccoli, beef, sug...
644387                                      Garlicky Kale         2  ...                                              [pot]                 [vinegar, olive oil, kale, garlic]
648320                         Jade Buddha Salmon Tartare         2  ...                                                NaN                              [vinegar, lime juice]
659143  Salmon, Watercress, Fennel and Baby Beetroot S...         4  ...           [whisk, slotted spoon, frying pan, bowl]  [beet, black pepper, fennel, wine, water, wate...
660405     Smoky Black Bean Soup With Sweet Potato & Kale         6  ...                       [pot, baking sheet, blender]  [broth, onion, salt and pepper, spread, pepper...
663985               Turkey and Rice Stuffed Acorn Squash         6  ...                                 [oven, frying pan]  [vegeta, red pepper, spinach, salt and pepper,...
715446                              Slow Cooker Beef Stew         6  ...                                      [slow cooker]  [cream of mushroom soup, salt and pepper, onio...
715543                                 Homemade Guacamole         4  ...                                                NaN                                                NaN
715594             Homemade Garlic and Basil French Fries         2  ...                                                NaN                                                NaN
716268                        African Chicken Peanut Stew         1  ...                                        [pot, bowl]  [salt and pepper, ginger, sweet potato, potato...
716408  Greek-Style Baked Fish: Fresh, Simple, and Del...         4  ...                                 [oven, baking pan]  [oregano, fresh basil, tomato, salt and pepper...
716426  Cauliflower, Brown Rice, and Vegetable Fried Rice         8  ...                       [frying pan, food processor]  [cauliflower rice, cauliflower florets, butter...
729366                                     Plantain Salad         1  ...                                 [bowl, frying pan]  [plantain, shrimp, vegetable, vegetable oil, p...
766453                                 Hummus and Za'atar         4  ...      [bowl, frying pan, sauce pan, food processor]  [toast, zaatar, vegetable, paprika, salt, seas...
769774  Shredded Roast Beef Stuffed Sweet Potatoes (Wh...         4  ...                                                NaN                                                NaN
794349                   Broccoli and Chickpea Rice Salad         6  ...                          [whisk, frying pan, bowl]                 [broccoli, seasoning, cooking oil]
798400  Spicy Black-Eyed Pea Curry with Swiss Chard an...         6  ...  [frying pan, oven, sauce pan, roasting pan, si...  [chili pepper, lemon juice, shallot, spices, p...

[19 rows x 6 columns]
[2022-03-15 15:20:41,802] {taskinstance.py:1718} ERROR - Task failed with exception
Traceback (most recent call last):
  File "/opt/anaconda3/lib/python3.9/site-packages/airflow/models/taskinstance.py", line 1334, in _run_raw_task
    self._execute_task_with_callbacks(context)
  File "/opt/anaconda3/lib/python3.9/site-packages/airflow/models/taskinstance.py", line 1460, in _execute_task_with_callbacks
    result = self._execute_task(context, self.task)
  File "/opt/anaconda3/lib/python3.9/site-packages/airflow/models/taskinstance.py", line 1516, in _execute_task
    result = execute_callable(context=context)
  File "/opt/anaconda3/lib/python3.9/site-packages/airflow/operators/python.py", line 174, in execute
    return_value = self.execute_callable()
  File "/opt/anaconda3/lib/python3.9/site-packages/airflow/operators/python.py", line 188, in execute_callable
    return self.python_callable(*self.op_args, **self.op_kwargs)
  File "/Users/HomeFolder/airflow/dags/simple_dag.py", line 180, in to_sql
    pd.to_sql('recipes',engine, if_exists='replace')
  File "/opt/anaconda3/lib/python3.9/site-packages/pandas/__init__.py", line 244, in __getattr__
    raise AttributeError(f"module 'pandas' has no attribute '{name}'")
AttributeError: module 'pandas' has no attribute 'to_sql'
[2022-03-15 15:20:41,864] {taskinstance.py:1272} INFO - Marking task as FAILED. dag_id=simple_dag, task_id=to_sql, execution_date=20220315T151919, start_date=20220315T202032, end_date=20220315T202041
[2022-03-15 15:20:41,875] {standard_task_runner.py:89} ERROR - Failed to execute job 342 for task to_sql
Traceback (most recent call last):
  File "/opt/anaconda3/lib/python3.9/site-packages/airflow/task/task_runner/standard_task_runner.py", line 85, in _start_by_fork
    args.func(args, dag=self.dag)
  File "/opt/anaconda3/lib/python3.9/site-packages/airflow/cli/cli_parser.py", line 48, in command
    return func(*args, **kwargs)
  File "/opt/anaconda3/lib/python3.9/site-packages/airflow/utils/cli.py", line 92, in wrapper
    return f(*args, **kwargs)
  File "/opt/anaconda3/lib/python3.9/site-packages/airflow/cli/commands/task_command.py", line 298, in task_run
    _run_task_by_selected_method(args, dag, ti)
  File "/opt/anaconda3/lib/python3.9/site-packages/airflow/cli/commands/task_command.py", line 107, in _run_task_by_selected_method
    _run_raw_task(args, ti)
  File "/opt/anaconda3/lib/python3.9/site-packages/airflow/cli/commands/task_command.py", line 180, in _run_raw_task
    ti._run_raw_task(
  File "/opt/anaconda3/lib/python3.9/site-packages/airflow/utils/session.py", line 70, in wrapper
    return func(*args, session=session, **kwargs)
  File "/opt/anaconda3/lib/python3.9/site-packages/airflow/models/taskinstance.py", line 1334, in _run_raw_task
    self._execute_task_with_callbacks(context)
  File "/opt/anaconda3/lib/python3.9/site-packages/airflow/models/taskinstance.py", line 1460, in _execute_task_with_callbacks
    result = self._execute_task(context, self.task)
  File "/opt/anaconda3/lib/python3.9/site-packages/airflow/models/taskinstance.py", line 1516, in _execute_task
    result = execute_callable(context=context)
  File "/opt/anaconda3/lib/python3.9/site-packages/airflow/operators/python.py", line 174, in execute
    return_value = self.execute_callable()
  File "/opt/anaconda3/lib/python3.9/site-packages/airflow/operators/python.py", line 188, in execute_callable
    return self.python_callable(*self.op_args, **self.op_kwargs)
  File "/Users/HomeFolder/airflow/dags/simple_dag.py", line 180, in to_sql
    pd.to_sql('recipes',engine, if_exists='replace')
  File "/opt/anaconda3/lib/python3.9/site-packages/pandas/__init__.py", line 244, in __getattr__
    raise AttributeError(f"module 'pandas' has no attribute '{name}'")
AttributeError: module 'pandas' has no attribute 'to_sql'
[2022-03-15 15:20:41,911] {local_task_job.py:154} INFO - Task exited with return code 1
[2022-03-15 15:20:41,927] {local_task_job.py:264} INFO - 0 downstream tasks scheduled from follow-on schedule check
