[2022-03-15 15:10:48,895] {taskinstance.py:1037} INFO - Dependencies all met for <TaskInstance: simple_dag.to_sql scheduled__2022-03-15T15:09:39.300724+00:00 [queued]>
[2022-03-15 15:10:48,905] {taskinstance.py:1037} INFO - Dependencies all met for <TaskInstance: simple_dag.to_sql scheduled__2022-03-15T15:09:39.300724+00:00 [queued]>
[2022-03-15 15:10:48,906] {taskinstance.py:1243} INFO - 
--------------------------------------------------------------------------------
[2022-03-15 15:10:48,906] {taskinstance.py:1244} INFO - Starting attempt 1 of 1
[2022-03-15 15:10:48,906] {taskinstance.py:1245} INFO - 
--------------------------------------------------------------------------------
[2022-03-15 15:10:48,917] {taskinstance.py:1264} INFO - Executing <Task(PythonOperator): to_sql> on 2022-03-15 15:09:39.300724+00:00
[2022-03-15 15:10:48,922] {standard_task_runner.py:52} INFO - Started process 27919 to run task
[2022-03-15 15:10:48,928] {standard_task_runner.py:76} INFO - Running: ['airflow', 'tasks', 'run', 'simple_dag', 'to_sql', 'scheduled__2022-03-15T15:09:39.300724+00:00', '--job-id', '337', '--raw', '--subdir', 'DAGS_FOLDER/simple_dag.py', '--cfg-path', '/var/folders/tl/ljh9dpdd2fnbgmc62qc2b49h0000gn/T/tmp423_xxlx', '--error-file', '/var/folders/tl/ljh9dpdd2fnbgmc62qc2b49h0000gn/T/tmpmxko9pj7']
[2022-03-15 15:10:48,931] {standard_task_runner.py:77} INFO - Job 337: Subtask to_sql
[2022-03-15 15:10:48,985] {logging_mixin.py:109} INFO - Running <TaskInstance: simple_dag.to_sql scheduled__2022-03-15T15:09:39.300724+00:00 [running]> on host 1.0.0.0.0.0.0.0.0.0.0.0.0.0.0.0.0.0.0.0.0.0.0.0.0.0.0.0.0.0.0.0.ip6.arpa
[2022-03-15 15:10:49,031] {taskinstance.py:1429} INFO - Exporting the following env vars:
AIRFLOW_CTX_DAG_OWNER=airflow
AIRFLOW_CTX_DAG_ID=simple_dag
AIRFLOW_CTX_TASK_ID=to_sql
AIRFLOW_CTX_EXECUTION_DATE=2022-03-15T15:09:39.300724+00:00
AIRFLOW_CTX_DAG_RUN_ID=scheduled__2022-03-15T15:09:39.300724+00:00
[2022-03-15 15:10:49,850] {logging_mixin.py:109} INFO - Empty DataFrame
Columns: [id, title, servings, summary, diets, equipment, ingredients]
Index: []
[2022-03-15 15:10:49,863] {base_aws.py:190} INFO - Credentials retrieved from login
[2022-03-15 15:10:49,865] {base_aws.py:90} INFO - Retrieving region_name from Connection.extra_config['region_name']
[2022-03-15 15:10:50,325] {base_aws.py:190} INFO - Credentials retrieved from login
[2022-03-15 15:10:50,326] {base_aws.py:90} INFO - Retrieving region_name from Connection.extra_config['region_name']
[2022-03-15 15:10:50,900] {base_aws.py:190} INFO - Credentials retrieved from login
[2022-03-15 15:10:50,901] {base_aws.py:90} INFO - Retrieving region_name from Connection.extra_config['region_name']
[2022-03-15 15:10:51,324] {base_aws.py:190} INFO - Credentials retrieved from login
[2022-03-15 15:10:51,325] {base_aws.py:90} INFO - Retrieving region_name from Connection.extra_config['region_name']
[2022-03-15 15:10:51,774] {base_aws.py:190} INFO - Credentials retrieved from login
[2022-03-15 15:10:51,775] {base_aws.py:90} INFO - Retrieving region_name from Connection.extra_config['region_name']
[2022-03-15 15:10:52,176] {base_aws.py:190} INFO - Credentials retrieved from login
[2022-03-15 15:10:52,177] {base_aws.py:90} INFO - Retrieving region_name from Connection.extra_config['region_name']
[2022-03-15 15:10:52,683] {base_aws.py:190} INFO - Credentials retrieved from login
[2022-03-15 15:10:52,685] {base_aws.py:90} INFO - Retrieving region_name from Connection.extra_config['region_name']
[2022-03-15 15:10:53,135] {base_aws.py:190} INFO - Credentials retrieved from login
[2022-03-15 15:10:53,137] {base_aws.py:90} INFO - Retrieving region_name from Connection.extra_config['region_name']
[2022-03-15 15:10:53,706] {base_aws.py:190} INFO - Credentials retrieved from login
[2022-03-15 15:10:53,707] {base_aws.py:90} INFO - Retrieving region_name from Connection.extra_config['region_name']
[2022-03-15 15:10:54,123] {base_aws.py:190} INFO - Credentials retrieved from login
[2022-03-15 15:10:54,125] {base_aws.py:90} INFO - Retrieving region_name from Connection.extra_config['region_name']
[2022-03-15 15:10:54,500] {base_aws.py:190} INFO - Credentials retrieved from login
[2022-03-15 15:10:54,501] {base_aws.py:90} INFO - Retrieving region_name from Connection.extra_config['region_name']
[2022-03-15 15:10:54,873] {base_aws.py:190} INFO - Credentials retrieved from login
[2022-03-15 15:10:54,874] {base_aws.py:90} INFO - Retrieving region_name from Connection.extra_config['region_name']
[2022-03-15 15:10:55,248] {base_aws.py:190} INFO - Credentials retrieved from login
[2022-03-15 15:10:55,249] {base_aws.py:90} INFO - Retrieving region_name from Connection.extra_config['region_name']
[2022-03-15 15:10:55,772] {base_aws.py:190} INFO - Credentials retrieved from login
[2022-03-15 15:10:55,773] {base_aws.py:90} INFO - Retrieving region_name from Connection.extra_config['region_name']
[2022-03-15 15:10:56,329] {base_aws.py:190} INFO - Credentials retrieved from login
[2022-03-15 15:10:56,330] {base_aws.py:90} INFO - Retrieving region_name from Connection.extra_config['region_name']
[2022-03-15 15:10:56,766] {base_aws.py:190} INFO - Credentials retrieved from login
[2022-03-15 15:10:56,767] {base_aws.py:90} INFO - Retrieving region_name from Connection.extra_config['region_name']
[2022-03-15 15:10:57,147] {base_aws.py:190} INFO - Credentials retrieved from login
[2022-03-15 15:10:57,149] {base_aws.py:90} INFO - Retrieving region_name from Connection.extra_config['region_name']
[2022-03-15 15:10:57,609] {base_aws.py:190} INFO - Credentials retrieved from login
[2022-03-15 15:10:57,610] {base_aws.py:90} INFO - Retrieving region_name from Connection.extra_config['region_name']
[2022-03-15 15:10:58,352] {base_aws.py:190} INFO - Credentials retrieved from login
[2022-03-15 15:10:58,353] {base_aws.py:90} INFO - Retrieving region_name from Connection.extra_config['region_name']
[2022-03-15 15:10:58,808] {base_aws.py:190} INFO - Credentials retrieved from login
[2022-03-15 15:10:58,810] {base_aws.py:90} INFO - Retrieving region_name from Connection.extra_config['region_name']
[2022-03-15 15:10:59,241] {taskinstance.py:1718} ERROR - Task failed with exception
Traceback (most recent call last):
  File "/opt/anaconda3/lib/python3.9/site-packages/airflow/models/taskinstance.py", line 1334, in _run_raw_task
    self._execute_task_with_callbacks(context)
  File "/opt/anaconda3/lib/python3.9/site-packages/airflow/models/taskinstance.py", line 1460, in _execute_task_with_callbacks
    result = self._execute_task(context, self.task)
  File "/opt/anaconda3/lib/python3.9/site-packages/airflow/models/taskinstance.py", line 1516, in _execute_task
    result = execute_callable(context=context)
  File "/opt/anaconda3/lib/python3.9/site-packages/airflow/operators/python.py", line 174, in execute
    return_value = self.execute_callable()
  File "/opt/anaconda3/lib/python3.9/site-packages/airflow/operators/python.py", line 188, in execute_callable
    return self.python_callable(*self.op_args, **self.op_kwargs)
  File "/Users/HomeFolder/airflow/dags/simple_dag.py", line 179, in to_sql
    if recipesql.isEmpty():
  File "/opt/anaconda3/lib/python3.9/site-packages/pandas/core/generic.py", line 5487, in __getattr__
    return object.__getattribute__(self, name)
AttributeError: 'DataFrame' object has no attribute 'isEmpty'
[2022-03-15 15:10:59,316] {taskinstance.py:1272} INFO - Marking task as FAILED. dag_id=simple_dag, task_id=to_sql, execution_date=20220315T150939, start_date=20220315T201048, end_date=20220315T201059
[2022-03-15 15:10:59,330] {standard_task_runner.py:89} ERROR - Failed to execute job 337 for task to_sql
Traceback (most recent call last):
  File "/opt/anaconda3/lib/python3.9/site-packages/airflow/task/task_runner/standard_task_runner.py", line 85, in _start_by_fork
    args.func(args, dag=self.dag)
  File "/opt/anaconda3/lib/python3.9/site-packages/airflow/cli/cli_parser.py", line 48, in command
    return func(*args, **kwargs)
  File "/opt/anaconda3/lib/python3.9/site-packages/airflow/utils/cli.py", line 92, in wrapper
    return f(*args, **kwargs)
  File "/opt/anaconda3/lib/python3.9/site-packages/airflow/cli/commands/task_command.py", line 298, in task_run
    _run_task_by_selected_method(args, dag, ti)
  File "/opt/anaconda3/lib/python3.9/site-packages/airflow/cli/commands/task_command.py", line 107, in _run_task_by_selected_method
    _run_raw_task(args, ti)
  File "/opt/anaconda3/lib/python3.9/site-packages/airflow/cli/commands/task_command.py", line 180, in _run_raw_task
    ti._run_raw_task(
  File "/opt/anaconda3/lib/python3.9/site-packages/airflow/utils/session.py", line 70, in wrapper
    return func(*args, session=session, **kwargs)
  File "/opt/anaconda3/lib/python3.9/site-packages/airflow/models/taskinstance.py", line 1334, in _run_raw_task
    self._execute_task_with_callbacks(context)
  File "/opt/anaconda3/lib/python3.9/site-packages/airflow/models/taskinstance.py", line 1460, in _execute_task_with_callbacks
    result = self._execute_task(context, self.task)
  File "/opt/anaconda3/lib/python3.9/site-packages/airflow/models/taskinstance.py", line 1516, in _execute_task
    result = execute_callable(context=context)
  File "/opt/anaconda3/lib/python3.9/site-packages/airflow/operators/python.py", line 174, in execute
    return_value = self.execute_callable()
  File "/opt/anaconda3/lib/python3.9/site-packages/airflow/operators/python.py", line 188, in execute_callable
    return self.python_callable(*self.op_args, **self.op_kwargs)
  File "/Users/HomeFolder/airflow/dags/simple_dag.py", line 179, in to_sql
    if recipesql.isEmpty():
  File "/opt/anaconda3/lib/python3.9/site-packages/pandas/core/generic.py", line 5487, in __getattr__
    return object.__getattribute__(self, name)
AttributeError: 'DataFrame' object has no attribute 'isEmpty'
[2022-03-15 15:10:59,380] {local_task_job.py:154} INFO - Task exited with return code 1
[2022-03-15 15:10:59,399] {local_task_job.py:264} INFO - 0 downstream tasks scheduled from follow-on schedule check
