[2022-03-14 15:09:52,193] {taskinstance.py:1037} INFO - Dependencies all met for <TaskInstance: simple_dag.get_recipes scheduled__2022-03-14T15:06:00+00:00 [queued]>
[2022-03-14 15:09:52,201] {taskinstance.py:1037} INFO - Dependencies all met for <TaskInstance: simple_dag.get_recipes scheduled__2022-03-14T15:06:00+00:00 [queued]>
[2022-03-14 15:09:52,201] {taskinstance.py:1243} INFO - 
--------------------------------------------------------------------------------
[2022-03-14 15:09:52,201] {taskinstance.py:1244} INFO - Starting attempt 1 of 1
[2022-03-14 15:09:52,201] {taskinstance.py:1245} INFO - 
--------------------------------------------------------------------------------
[2022-03-14 15:09:52,210] {taskinstance.py:1264} INFO - Executing <Task(PythonOperator): get_recipes> on 2022-03-14 15:06:00+00:00
[2022-03-14 15:09:52,214] {standard_task_runner.py:52} INFO - Started process 89082 to run task
[2022-03-14 15:09:52,219] {standard_task_runner.py:76} INFO - Running: ['airflow', 'tasks', 'run', 'simple_dag', 'get_recipes', 'scheduled__2022-03-14T15:06:00+00:00', '--job-id', '228', '--raw', '--subdir', 'DAGS_FOLDER/simple_dag.py', '--cfg-path', '/var/folders/tl/ljh9dpdd2fnbgmc62qc2b49h0000gn/T/tmppob1a305', '--error-file', '/var/folders/tl/ljh9dpdd2fnbgmc62qc2b49h0000gn/T/tmpvhf50o88']
[2022-03-14 15:09:52,222] {standard_task_runner.py:77} INFO - Job 228: Subtask get_recipes
[2022-03-14 15:09:52,276] {logging_mixin.py:109} INFO - Running <TaskInstance: simple_dag.get_recipes scheduled__2022-03-14T15:06:00+00:00 [running]> on host 1.0.0.0.0.0.0.0.0.0.0.0.0.0.0.0.0.0.0.0.0.0.0.0.0.0.0.0.0.0.0.0.ip6.arpa
[2022-03-14 15:09:52,322] {taskinstance.py:1429} INFO - Exporting the following env vars:
AIRFLOW_CTX_DAG_OWNER=airflow
AIRFLOW_CTX_DAG_ID=simple_dag
AIRFLOW_CTX_TASK_ID=get_recipes
AIRFLOW_CTX_EXECUTION_DATE=2022-03-14T15:06:00+00:00
AIRFLOW_CTX_DAG_RUN_ID=scheduled__2022-03-14T15:06:00+00:00
[2022-03-14 15:09:52,329] {base_aws.py:190} INFO - Credentials retrieved from login
[2022-03-14 15:09:52,330] {base_aws.py:90} INFO - Retrieving region_name from Connection.extra_config['region_name']
[2022-03-14 15:09:52,815] {base_aws.py:190} INFO - Credentials retrieved from login
[2022-03-14 15:09:52,816] {base_aws.py:90} INFO - Retrieving region_name from Connection.extra_config['region_name']
[2022-03-14 15:09:53,311] {taskinstance.py:1718} ERROR - Task failed with exception
Traceback (most recent call last):
  File "/opt/anaconda3/lib/python3.9/site-packages/airflow/models/taskinstance.py", line 1334, in _run_raw_task
    self._execute_task_with_callbacks(context)
  File "/opt/anaconda3/lib/python3.9/site-packages/airflow/models/taskinstance.py", line 1460, in _execute_task_with_callbacks
    result = self._execute_task(context, self.task)
  File "/opt/anaconda3/lib/python3.9/site-packages/airflow/models/taskinstance.py", line 1516, in _execute_task
    result = execute_callable(context=context)
  File "/opt/anaconda3/lib/python3.9/site-packages/airflow/operators/python.py", line 174, in execute
    return_value = self.execute_callable()
  File "/opt/anaconda3/lib/python3.9/site-packages/airflow/operators/python.py", line 188, in execute_callable
    return self.python_callable(*self.op_args, **self.op_kwargs)
  File "/Users/HomeFolder/airflow/dags/simple_dag.py", line 73, in get_recipes
    print(receipeparams)
NameError: name 'receipeparams' is not defined
[2022-03-14 15:09:53,330] {taskinstance.py:1272} INFO - Marking task as FAILED. dag_id=simple_dag, task_id=get_recipes, execution_date=20220314T150600, start_date=20220314T200952, end_date=20220314T200953
[2022-03-14 15:09:53,341] {standard_task_runner.py:89} ERROR - Failed to execute job 228 for task get_recipes
Traceback (most recent call last):
  File "/opt/anaconda3/lib/python3.9/site-packages/airflow/task/task_runner/standard_task_runner.py", line 85, in _start_by_fork
    args.func(args, dag=self.dag)
  File "/opt/anaconda3/lib/python3.9/site-packages/airflow/cli/cli_parser.py", line 48, in command
    return func(*args, **kwargs)
  File "/opt/anaconda3/lib/python3.9/site-packages/airflow/utils/cli.py", line 92, in wrapper
    return f(*args, **kwargs)
  File "/opt/anaconda3/lib/python3.9/site-packages/airflow/cli/commands/task_command.py", line 298, in task_run
    _run_task_by_selected_method(args, dag, ti)
  File "/opt/anaconda3/lib/python3.9/site-packages/airflow/cli/commands/task_command.py", line 107, in _run_task_by_selected_method
    _run_raw_task(args, ti)
  File "/opt/anaconda3/lib/python3.9/site-packages/airflow/cli/commands/task_command.py", line 180, in _run_raw_task
    ti._run_raw_task(
  File "/opt/anaconda3/lib/python3.9/site-packages/airflow/utils/session.py", line 70, in wrapper
    return func(*args, session=session, **kwargs)
  File "/opt/anaconda3/lib/python3.9/site-packages/airflow/models/taskinstance.py", line 1334, in _run_raw_task
    self._execute_task_with_callbacks(context)
  File "/opt/anaconda3/lib/python3.9/site-packages/airflow/models/taskinstance.py", line 1460, in _execute_task_with_callbacks
    result = self._execute_task(context, self.task)
  File "/opt/anaconda3/lib/python3.9/site-packages/airflow/models/taskinstance.py", line 1516, in _execute_task
    result = execute_callable(context=context)
  File "/opt/anaconda3/lib/python3.9/site-packages/airflow/operators/python.py", line 174, in execute
    return_value = self.execute_callable()
  File "/opt/anaconda3/lib/python3.9/site-packages/airflow/operators/python.py", line 188, in execute_callable
    return self.python_callable(*self.op_args, **self.op_kwargs)
  File "/Users/HomeFolder/airflow/dags/simple_dag.py", line 73, in get_recipes
    print(receipeparams)
NameError: name 'receipeparams' is not defined
[2022-03-14 15:09:53,377] {local_task_job.py:154} INFO - Task exited with return code 1
[2022-03-14 15:09:53,398] {local_task_job.py:264} INFO - 0 downstream tasks scheduled from follow-on schedule check
[2022-03-14 15:10:53,959] {taskinstance.py:1037} INFO - Dependencies all met for <TaskInstance: simple_dag.get_recipes scheduled__2022-03-14T15:06:00+00:00 [queued]>
[2022-03-14 15:10:53,967] {taskinstance.py:1037} INFO - Dependencies all met for <TaskInstance: simple_dag.get_recipes scheduled__2022-03-14T15:06:00+00:00 [queued]>
[2022-03-14 15:10:53,967] {taskinstance.py:1243} INFO - 
--------------------------------------------------------------------------------
[2022-03-14 15:10:53,967] {taskinstance.py:1244} INFO - Starting attempt 1 of 1
[2022-03-14 15:10:53,967] {taskinstance.py:1245} INFO - 
--------------------------------------------------------------------------------
[2022-03-14 15:10:53,977] {taskinstance.py:1264} INFO - Executing <Task(PythonOperator): get_recipes> on 2022-03-14 15:06:00+00:00
[2022-03-14 15:10:53,981] {standard_task_runner.py:52} INFO - Started process 89127 to run task
[2022-03-14 15:10:53,987] {standard_task_runner.py:76} INFO - Running: ['airflow', 'tasks', 'run', 'simple_dag', 'get_recipes', 'scheduled__2022-03-14T15:06:00+00:00', '--job-id', '229', '--raw', '--subdir', 'DAGS_FOLDER/simple_dag.py', '--cfg-path', '/var/folders/tl/ljh9dpdd2fnbgmc62qc2b49h0000gn/T/tmpj5_gogee', '--error-file', '/var/folders/tl/ljh9dpdd2fnbgmc62qc2b49h0000gn/T/tmpup6e_o4v']
[2022-03-14 15:10:53,991] {standard_task_runner.py:77} INFO - Job 229: Subtask get_recipes
[2022-03-14 15:10:54,048] {logging_mixin.py:109} INFO - Running <TaskInstance: simple_dag.get_recipes scheduled__2022-03-14T15:06:00+00:00 [running]> on host 1.0.0.0.0.0.0.0.0.0.0.0.0.0.0.0.0.0.0.0.0.0.0.0.0.0.0.0.0.0.0.0.ip6.arpa
[2022-03-14 15:10:54,095] {taskinstance.py:1429} INFO - Exporting the following env vars:
AIRFLOW_CTX_DAG_OWNER=airflow
AIRFLOW_CTX_DAG_ID=simple_dag
AIRFLOW_CTX_TASK_ID=get_recipes
AIRFLOW_CTX_EXECUTION_DATE=2022-03-14T15:06:00+00:00
AIRFLOW_CTX_DAG_RUN_ID=scheduled__2022-03-14T15:06:00+00:00
[2022-03-14 15:10:54,103] {base_aws.py:190} INFO - Credentials retrieved from login
[2022-03-14 15:10:54,104] {base_aws.py:90} INFO - Retrieving region_name from Connection.extra_config['region_name']
[2022-03-14 15:10:54,574] {base_aws.py:190} INFO - Credentials retrieved from login
[2022-03-14 15:10:54,576] {base_aws.py:90} INFO - Retrieving region_name from Connection.extra_config['region_name']
[2022-03-14 15:10:55,148] {logging_mixin.py:109} INFO - {'apiKey': '6980d1ba951a438982534beaedb41e6f', 'addRecipeInformation': True}
[2022-03-14 15:10:55,153] {base_aws.py:190} INFO - Credentials retrieved from login
[2022-03-14 15:10:55,154] {base_aws.py:90} INFO - Retrieving region_name from Connection.extra_config['region_name']
[2022-03-14 15:10:55,547] {logging_mixin.py:109} INFO - {'apiKey': '6980d1ba951a438982534beaedb41e6f', 'addRecipeInformation': True}
[2022-03-14 15:10:55,552] {base_aws.py:190} INFO - Credentials retrieved from login
[2022-03-14 15:10:55,553] {base_aws.py:90} INFO - Retrieving region_name from Connection.extra_config['region_name']
[2022-03-14 15:10:56,004] {logging_mixin.py:109} INFO - {'apiKey': '6980d1ba951a438982534beaedb41e6f', 'addRecipeInformation': True}
[2022-03-14 15:10:56,010] {base_aws.py:190} INFO - Credentials retrieved from login
[2022-03-14 15:10:56,011] {base_aws.py:90} INFO - Retrieving region_name from Connection.extra_config['region_name']
[2022-03-14 15:10:56,468] {logging_mixin.py:109} INFO - {'apiKey': '6980d1ba951a438982534beaedb41e6f', 'addRecipeInformation': True}
[2022-03-14 15:10:56,473] {base_aws.py:190} INFO - Credentials retrieved from login
[2022-03-14 15:10:56,474] {base_aws.py:90} INFO - Retrieving region_name from Connection.extra_config['region_name']
[2022-03-14 15:10:56,868] {logging_mixin.py:109} INFO - {'apiKey': '6980d1ba951a438982534beaedb41e6f', 'addRecipeInformation': True}
[2022-03-14 15:10:56,872] {base_aws.py:190} INFO - Credentials retrieved from login
[2022-03-14 15:10:56,874] {base_aws.py:90} INFO - Retrieving region_name from Connection.extra_config['region_name']
[2022-03-14 15:10:57,375] {logging_mixin.py:109} INFO - {'apiKey': '6980d1ba951a438982534beaedb41e6f', 'addRecipeInformation': True}
[2022-03-14 15:10:57,380] {base_aws.py:190} INFO - Credentials retrieved from login
[2022-03-14 15:10:57,382] {base_aws.py:90} INFO - Retrieving region_name from Connection.extra_config['region_name']
[2022-03-14 15:10:57,791] {logging_mixin.py:109} INFO - {'apiKey': '6980d1ba951a438982534beaedb41e6f', 'addRecipeInformation': True}
[2022-03-14 15:10:57,797] {base_aws.py:190} INFO - Credentials retrieved from login
[2022-03-14 15:10:57,798] {base_aws.py:90} INFO - Retrieving region_name from Connection.extra_config['region_name']
[2022-03-14 15:10:58,258] {logging_mixin.py:109} INFO - {'apiKey': '6980d1ba951a438982534beaedb41e6f', 'addRecipeInformation': True}
[2022-03-14 15:10:58,263] {base_aws.py:190} INFO - Credentials retrieved from login
[2022-03-14 15:10:58,264] {base_aws.py:90} INFO - Retrieving region_name from Connection.extra_config['region_name']
[2022-03-14 15:10:58,666] {logging_mixin.py:109} INFO - {'apiKey': '6980d1ba951a438982534beaedb41e6f', 'addRecipeInformation': True}
[2022-03-14 15:10:58,671] {base_aws.py:190} INFO - Credentials retrieved from login
[2022-03-14 15:10:58,672] {base_aws.py:90} INFO - Retrieving region_name from Connection.extra_config['region_name']
[2022-03-14 15:10:59,046] {logging_mixin.py:109} INFO - {'apiKey': '6980d1ba951a438982534beaedb41e6f', 'addRecipeInformation': True}
[2022-03-14 15:10:59,051] {base_aws.py:190} INFO - Credentials retrieved from login
[2022-03-14 15:10:59,052] {base_aws.py:90} INFO - Retrieving region_name from Connection.extra_config['region_name']
[2022-03-14 15:10:59,549] {logging_mixin.py:109} INFO - {'apiKey': '6980d1ba951a438982534beaedb41e6f', 'addRecipeInformation': True}
[2022-03-14 15:10:59,553] {base_aws.py:190} INFO - Credentials retrieved from login
[2022-03-14 15:10:59,555] {base_aws.py:90} INFO - Retrieving region_name from Connection.extra_config['region_name']
[2022-03-14 15:11:00,149] {logging_mixin.py:109} INFO - {'apiKey': '6980d1ba951a438982534beaedb41e6f', 'addRecipeInformation': True}
[2022-03-14 15:11:00,153] {base_aws.py:190} INFO - Credentials retrieved from login
[2022-03-14 15:11:00,155] {base_aws.py:90} INFO - Retrieving region_name from Connection.extra_config['region_name']
[2022-03-14 15:11:00,541] {logging_mixin.py:109} INFO - {'apiKey': '6980d1ba951a438982534beaedb41e6f', 'addRecipeInformation': True}
[2022-03-14 15:11:00,545] {base_aws.py:190} INFO - Credentials retrieved from login
[2022-03-14 15:11:00,547] {base_aws.py:90} INFO - Retrieving region_name from Connection.extra_config['region_name']
[2022-03-14 15:11:01,038] {logging_mixin.py:109} INFO - {'apiKey': '6980d1ba951a438982534beaedb41e6f', 'addRecipeInformation': True}
[2022-03-14 15:11:01,042] {base_aws.py:190} INFO - Credentials retrieved from login
[2022-03-14 15:11:01,043] {base_aws.py:90} INFO - Retrieving region_name from Connection.extra_config['region_name']
[2022-03-14 15:11:01,538] {logging_mixin.py:109} INFO - {'apiKey': '6980d1ba951a438982534beaedb41e6f', 'addRecipeInformation': True}
[2022-03-14 15:11:01,542] {base_aws.py:190} INFO - Credentials retrieved from login
[2022-03-14 15:11:01,543] {base_aws.py:90} INFO - Retrieving region_name from Connection.extra_config['region_name']
[2022-03-14 15:11:02,257] {logging_mixin.py:109} INFO - {'apiKey': '6980d1ba951a438982534beaedb41e6f', 'addRecipeInformation': True}
[2022-03-14 15:11:02,262] {base_aws.py:190} INFO - Credentials retrieved from login
[2022-03-14 15:11:02,264] {base_aws.py:90} INFO - Retrieving region_name from Connection.extra_config['region_name']
[2022-03-14 15:11:02,760] {logging_mixin.py:109} INFO - {'apiKey': '6980d1ba951a438982534beaedb41e6f', 'addRecipeInformation': True}
[2022-03-14 15:11:02,765] {base_aws.py:190} INFO - Credentials retrieved from login
[2022-03-14 15:11:02,766] {base_aws.py:90} INFO - Retrieving region_name from Connection.extra_config['region_name']
[2022-03-14 15:11:03,497] {logging_mixin.py:109} INFO - {'apiKey': '6980d1ba951a438982534beaedb41e6f', 'addRecipeInformation': True}
[2022-03-14 15:11:03,502] {base_aws.py:190} INFO - Credentials retrieved from login
[2022-03-14 15:11:03,503] {base_aws.py:90} INFO - Retrieving region_name from Connection.extra_config['region_name']
[2022-03-14 15:11:03,879] {logging_mixin.py:109} INFO - {'apiKey': '6980d1ba951a438982534beaedb41e6f', 'addRecipeInformation': True}
[2022-03-14 15:11:03,884] {base_aws.py:190} INFO - Credentials retrieved from login
[2022-03-14 15:11:03,885] {base_aws.py:90} INFO - Retrieving region_name from Connection.extra_config['region_name']
[2022-03-14 15:11:04,254] {logging_mixin.py:109} INFO - {'apiKey': '6980d1ba951a438982534beaedb41e6f', 'addRecipeInformation': True}
[2022-03-14 15:11:04,258] {python.py:175} INFO - Done. Returned value was: None
[2022-03-14 15:11:04,266] {taskinstance.py:1272} INFO - Marking task as SUCCESS. dag_id=simple_dag, task_id=get_recipes, execution_date=20220314T150600, start_date=20220314T201053, end_date=20220314T201104
[2022-03-14 15:11:04,303] {local_task_job.py:154} INFO - Task exited with return code 0
[2022-03-14 15:11:04,321] {local_task_job.py:264} INFO - 0 downstream tasks scheduled from follow-on schedule check
