[2022-03-14 15:11:29,764] {taskinstance.py:1037} INFO - Dependencies all met for <TaskInstance: simple_dag.get_recipes scheduled__2022-03-14T15:10:00+00:00 [queued]>
[2022-03-14 15:11:29,775] {taskinstance.py:1037} INFO - Dependencies all met for <TaskInstance: simple_dag.get_recipes scheduled__2022-03-14T15:10:00+00:00 [queued]>
[2022-03-14 15:11:29,775] {taskinstance.py:1243} INFO - 
--------------------------------------------------------------------------------
[2022-03-14 15:11:29,775] {taskinstance.py:1244} INFO - Starting attempt 1 of 1
[2022-03-14 15:11:29,775] {taskinstance.py:1245} INFO - 
--------------------------------------------------------------------------------
[2022-03-14 15:11:29,784] {taskinstance.py:1264} INFO - Executing <Task(PythonOperator): get_recipes> on 2022-03-14 15:10:00+00:00
[2022-03-14 15:11:29,788] {standard_task_runner.py:52} INFO - Started process 89141 to run task
[2022-03-14 15:11:29,794] {standard_task_runner.py:76} INFO - Running: ['airflow', 'tasks', 'run', 'simple_dag', 'get_recipes', 'scheduled__2022-03-14T15:10:00+00:00', '--job-id', '233', '--raw', '--subdir', 'DAGS_FOLDER/simple_dag.py', '--cfg-path', '/var/folders/tl/ljh9dpdd2fnbgmc62qc2b49h0000gn/T/tmpbco_w6qs', '--error-file', '/var/folders/tl/ljh9dpdd2fnbgmc62qc2b49h0000gn/T/tmpjfz0n2vb']
[2022-03-14 15:11:29,797] {standard_task_runner.py:77} INFO - Job 233: Subtask get_recipes
[2022-03-14 15:11:29,853] {logging_mixin.py:109} INFO - Running <TaskInstance: simple_dag.get_recipes scheduled__2022-03-14T15:10:00+00:00 [running]> on host 1.0.0.0.0.0.0.0.0.0.0.0.0.0.0.0.0.0.0.0.0.0.0.0.0.0.0.0.0.0.0.0.ip6.arpa
[2022-03-14 15:11:29,899] {taskinstance.py:1429} INFO - Exporting the following env vars:
AIRFLOW_CTX_DAG_OWNER=airflow
AIRFLOW_CTX_DAG_ID=simple_dag
AIRFLOW_CTX_TASK_ID=get_recipes
AIRFLOW_CTX_EXECUTION_DATE=2022-03-14T15:10:00+00:00
AIRFLOW_CTX_DAG_RUN_ID=scheduled__2022-03-14T15:10:00+00:00
[2022-03-14 15:11:29,907] {base_aws.py:190} INFO - Credentials retrieved from login
[2022-03-14 15:11:29,908] {base_aws.py:90} INFO - Retrieving region_name from Connection.extra_config['region_name']
[2022-03-14 15:11:30,310] {base_aws.py:190} INFO - Credentials retrieved from login
[2022-03-14 15:11:30,312] {base_aws.py:90} INFO - Retrieving region_name from Connection.extra_config['region_name']
[2022-03-14 15:11:30,785] {logging_mixin.py:109} INFO - {'apiKey': '6980d1ba951a438982534beaedb41e6f', 'addRecipeInformation': True}
[2022-03-14 15:11:30,790] {base_aws.py:190} INFO - Credentials retrieved from login
[2022-03-14 15:11:30,791] {base_aws.py:90} INFO - Retrieving region_name from Connection.extra_config['region_name']
[2022-03-14 15:11:31,157] {logging_mixin.py:109} INFO - {'apiKey': '6980d1ba951a438982534beaedb41e6f', 'addRecipeInformation': True}
[2022-03-14 15:11:31,162] {base_aws.py:190} INFO - Credentials retrieved from login
[2022-03-14 15:11:31,163] {base_aws.py:90} INFO - Retrieving region_name from Connection.extra_config['region_name']
[2022-03-14 15:11:31,537] {logging_mixin.py:109} INFO - {'apiKey': '6980d1ba951a438982534beaedb41e6f', 'addRecipeInformation': True}
[2022-03-14 15:11:31,542] {base_aws.py:190} INFO - Credentials retrieved from login
[2022-03-14 15:11:31,543] {base_aws.py:90} INFO - Retrieving region_name from Connection.extra_config['region_name']
[2022-03-14 15:11:31,947] {logging_mixin.py:109} INFO - {'apiKey': '6980d1ba951a438982534beaedb41e6f', 'addRecipeInformation': True}
[2022-03-14 15:11:31,951] {base_aws.py:190} INFO - Credentials retrieved from login
[2022-03-14 15:11:31,952] {base_aws.py:90} INFO - Retrieving region_name from Connection.extra_config['region_name']
[2022-03-14 15:11:32,376] {logging_mixin.py:109} INFO - {'apiKey': '6980d1ba951a438982534beaedb41e6f', 'addRecipeInformation': True}
[2022-03-14 15:11:32,380] {base_aws.py:190} INFO - Credentials retrieved from login
[2022-03-14 15:11:32,381] {base_aws.py:90} INFO - Retrieving region_name from Connection.extra_config['region_name']
[2022-03-14 15:11:33,155] {logging_mixin.py:109} INFO - {'apiKey': '6980d1ba951a438982534beaedb41e6f', 'addRecipeInformation': True}
[2022-03-14 15:11:33,159] {base_aws.py:190} INFO - Credentials retrieved from login
[2022-03-14 15:11:33,160] {base_aws.py:90} INFO - Retrieving region_name from Connection.extra_config['region_name']
[2022-03-14 15:11:33,547] {logging_mixin.py:109} INFO - {'apiKey': '6980d1ba951a438982534beaedb41e6f', 'addRecipeInformation': True}
[2022-03-14 15:11:33,552] {base_aws.py:190} INFO - Credentials retrieved from login
[2022-03-14 15:11:33,553] {base_aws.py:90} INFO - Retrieving region_name from Connection.extra_config['region_name']
[2022-03-14 15:11:33,937] {logging_mixin.py:109} INFO - {'apiKey': '6980d1ba951a438982534beaedb41e6f', 'addRecipeInformation': True}
[2022-03-14 15:11:33,941] {base_aws.py:190} INFO - Credentials retrieved from login
[2022-03-14 15:11:33,943] {base_aws.py:90} INFO - Retrieving region_name from Connection.extra_config['region_name']
[2022-03-14 15:11:34,326] {logging_mixin.py:109} INFO - {'apiKey': '6980d1ba951a438982534beaedb41e6f', 'addRecipeInformation': True}
[2022-03-14 15:11:34,330] {base_aws.py:190} INFO - Credentials retrieved from login
[2022-03-14 15:11:34,331] {base_aws.py:90} INFO - Retrieving region_name from Connection.extra_config['region_name']
[2022-03-14 15:11:34,712] {logging_mixin.py:109} INFO - {'apiKey': '6980d1ba951a438982534beaedb41e6f', 'addRecipeInformation': True}
[2022-03-14 15:11:34,716] {base_aws.py:190} INFO - Credentials retrieved from login
[2022-03-14 15:11:34,718] {base_aws.py:90} INFO - Retrieving region_name from Connection.extra_config['region_name']
[2022-03-14 15:11:35,235] {logging_mixin.py:109} INFO - {'apiKey': '6980d1ba951a438982534beaedb41e6f', 'addRecipeInformation': True}
[2022-03-14 15:11:35,241] {base_aws.py:190} INFO - Credentials retrieved from login
[2022-03-14 15:11:35,242] {base_aws.py:90} INFO - Retrieving region_name from Connection.extra_config['region_name']
[2022-03-14 15:11:35,619] {logging_mixin.py:109} INFO - {'apiKey': '6980d1ba951a438982534beaedb41e6f', 'addRecipeInformation': True}
[2022-03-14 15:11:35,624] {base_aws.py:190} INFO - Credentials retrieved from login
[2022-03-14 15:11:35,625] {base_aws.py:90} INFO - Retrieving region_name from Connection.extra_config['region_name']
[2022-03-14 15:11:36,022] {logging_mixin.py:109} INFO - {'apiKey': '6980d1ba951a438982534beaedb41e6f', 'addRecipeInformation': True}
[2022-03-14 15:11:36,026] {base_aws.py:190} INFO - Credentials retrieved from login
[2022-03-14 15:11:36,028] {base_aws.py:90} INFO - Retrieving region_name from Connection.extra_config['region_name']
[2022-03-14 15:11:36,411] {logging_mixin.py:109} INFO - {'apiKey': '6980d1ba951a438982534beaedb41e6f', 'addRecipeInformation': True}
[2022-03-14 15:11:36,416] {base_aws.py:190} INFO - Credentials retrieved from login
[2022-03-14 15:11:36,417] {base_aws.py:90} INFO - Retrieving region_name from Connection.extra_config['region_name']
[2022-03-14 15:11:36,819] {logging_mixin.py:109} INFO - {'apiKey': '6980d1ba951a438982534beaedb41e6f', 'addRecipeInformation': True}
[2022-03-14 15:11:36,823] {base_aws.py:190} INFO - Credentials retrieved from login
[2022-03-14 15:11:36,824] {base_aws.py:90} INFO - Retrieving region_name from Connection.extra_config['region_name']
[2022-03-14 15:11:37,515] {logging_mixin.py:109} INFO - {'apiKey': '6980d1ba951a438982534beaedb41e6f', 'addRecipeInformation': True}
[2022-03-14 15:11:37,520] {base_aws.py:190} INFO - Credentials retrieved from login
[2022-03-14 15:11:37,521] {base_aws.py:90} INFO - Retrieving region_name from Connection.extra_config['region_name']
[2022-03-14 15:11:38,016] {logging_mixin.py:109} INFO - {'apiKey': '6980d1ba951a438982534beaedb41e6f', 'addRecipeInformation': True}
[2022-03-14 15:11:38,021] {base_aws.py:190} INFO - Credentials retrieved from login
[2022-03-14 15:11:38,022] {base_aws.py:90} INFO - Retrieving region_name from Connection.extra_config['region_name']
[2022-03-14 15:11:38,406] {logging_mixin.py:109} INFO - {'apiKey': '6980d1ba951a438982534beaedb41e6f', 'addRecipeInformation': True}
[2022-03-14 15:11:38,410] {base_aws.py:190} INFO - Credentials retrieved from login
[2022-03-14 15:11:38,411] {base_aws.py:90} INFO - Retrieving region_name from Connection.extra_config['region_name']
[2022-03-14 15:11:38,773] {logging_mixin.py:109} INFO - {'apiKey': '6980d1ba951a438982534beaedb41e6f', 'addRecipeInformation': True}
[2022-03-14 15:11:38,778] {base_aws.py:190} INFO - Credentials retrieved from login
[2022-03-14 15:11:38,779] {base_aws.py:90} INFO - Retrieving region_name from Connection.extra_config['region_name']
[2022-03-14 15:11:39,160] {logging_mixin.py:109} INFO - {'apiKey': '6980d1ba951a438982534beaedb41e6f', 'addRecipeInformation': True}
[2022-03-14 15:11:39,164] {python.py:175} INFO - Done. Returned value was: None
[2022-03-14 15:11:39,172] {taskinstance.py:1272} INFO - Marking task as SUCCESS. dag_id=simple_dag, task_id=get_recipes, execution_date=20220314T151000, start_date=20220314T201129, end_date=20220314T201139
[2022-03-14 15:11:39,218] {local_task_job.py:154} INFO - Task exited with return code 0
[2022-03-14 15:11:39,236] {local_task_job.py:264} INFO - 0 downstream tasks scheduled from follow-on schedule check
