[2022-03-14 15:20:39,079] {taskinstance.py:1037} INFO - Dependencies all met for <TaskInstance: simple_dag.get_recipes scheduled__2022-03-14T15:20:00+00:00 [queued]>
[2022-03-14 15:20:39,090] {taskinstance.py:1037} INFO - Dependencies all met for <TaskInstance: simple_dag.get_recipes scheduled__2022-03-14T15:20:00+00:00 [queued]>
[2022-03-14 15:20:39,090] {taskinstance.py:1243} INFO - 
--------------------------------------------------------------------------------
[2022-03-14 15:20:39,090] {taskinstance.py:1244} INFO - Starting attempt 1 of 1
[2022-03-14 15:20:39,091] {taskinstance.py:1245} INFO - 
--------------------------------------------------------------------------------
[2022-03-14 15:20:39,100] {taskinstance.py:1264} INFO - Executing <Task(PythonOperator): get_recipes> on 2022-03-14 15:20:00+00:00
[2022-03-14 15:20:39,104] {standard_task_runner.py:52} INFO - Started process 89463 to run task
[2022-03-14 15:20:39,111] {standard_task_runner.py:76} INFO - Running: ['airflow', 'tasks', 'run', 'simple_dag', 'get_recipes', 'scheduled__2022-03-14T15:20:00+00:00', '--job-id', '235', '--raw', '--subdir', 'DAGS_FOLDER/simple_dag.py', '--cfg-path', '/var/folders/tl/ljh9dpdd2fnbgmc62qc2b49h0000gn/T/tmpwh2t2h3v', '--error-file', '/var/folders/tl/ljh9dpdd2fnbgmc62qc2b49h0000gn/T/tmpmi13j8zn']
[2022-03-14 15:20:39,114] {standard_task_runner.py:77} INFO - Job 235: Subtask get_recipes
[2022-03-14 15:20:39,176] {logging_mixin.py:109} INFO - Running <TaskInstance: simple_dag.get_recipes scheduled__2022-03-14T15:20:00+00:00 [running]> on host 1.0.0.0.0.0.0.0.0.0.0.0.0.0.0.0.0.0.0.0.0.0.0.0.0.0.0.0.0.0.0.0.ip6.arpa
[2022-03-14 15:20:39,225] {taskinstance.py:1429} INFO - Exporting the following env vars:
AIRFLOW_CTX_DAG_OWNER=airflow
AIRFLOW_CTX_DAG_ID=simple_dag
AIRFLOW_CTX_TASK_ID=get_recipes
AIRFLOW_CTX_EXECUTION_DATE=2022-03-14T15:20:00+00:00
AIRFLOW_CTX_DAG_RUN_ID=scheduled__2022-03-14T15:20:00+00:00
[2022-03-14 15:20:39,233] {base_aws.py:190} INFO - Credentials retrieved from login
[2022-03-14 15:20:39,234] {base_aws.py:90} INFO - Retrieving region_name from Connection.extra_config['region_name']
[2022-03-14 15:20:39,632] {base_aws.py:190} INFO - Credentials retrieved from login
[2022-03-14 15:20:39,633] {base_aws.py:90} INFO - Retrieving region_name from Connection.extra_config['region_name']
[2022-03-14 15:20:40,114] {logging_mixin.py:109} INFO - {'apiKey': '6980d1ba951a438982534beaedb41e6f', 'addRecipeInformation': True}
[2022-03-14 15:20:40,119] {base_aws.py:190} INFO - Credentials retrieved from login
[2022-03-14 15:20:40,120] {base_aws.py:90} INFO - Retrieving region_name from Connection.extra_config['region_name']
[2022-03-14 15:20:40,500] {logging_mixin.py:109} INFO - {'apiKey': '6980d1ba951a438982534beaedb41e6f', 'addRecipeInformation': True}
[2022-03-14 15:20:40,504] {base_aws.py:190} INFO - Credentials retrieved from login
[2022-03-14 15:20:40,505] {base_aws.py:90} INFO - Retrieving region_name from Connection.extra_config['region_name']
[2022-03-14 15:20:41,080] {logging_mixin.py:109} INFO - {'apiKey': '6980d1ba951a438982534beaedb41e6f', 'addRecipeInformation': True}
[2022-03-14 15:20:41,084] {base_aws.py:190} INFO - Credentials retrieved from login
[2022-03-14 15:20:41,086] {base_aws.py:90} INFO - Retrieving region_name from Connection.extra_config['region_name']
[2022-03-14 15:20:41,472] {logging_mixin.py:109} INFO - {'apiKey': '6980d1ba951a438982534beaedb41e6f', 'addRecipeInformation': True}
[2022-03-14 15:20:41,476] {base_aws.py:190} INFO - Credentials retrieved from login
[2022-03-14 15:20:41,478] {base_aws.py:90} INFO - Retrieving region_name from Connection.extra_config['region_name']
[2022-03-14 15:20:41,856] {logging_mixin.py:109} INFO - {'apiKey': '6980d1ba951a438982534beaedb41e6f', 'addRecipeInformation': True}
[2022-03-14 15:20:41,861] {base_aws.py:190} INFO - Credentials retrieved from login
[2022-03-14 15:20:41,862] {base_aws.py:90} INFO - Retrieving region_name from Connection.extra_config['region_name']
[2022-03-14 15:20:42,356] {logging_mixin.py:109} INFO - {'apiKey': '6980d1ba951a438982534beaedb41e6f', 'addRecipeInformation': True}
[2022-03-14 15:20:42,362] {base_aws.py:190} INFO - Credentials retrieved from login
[2022-03-14 15:20:42,363] {base_aws.py:90} INFO - Retrieving region_name from Connection.extra_config['region_name']
[2022-03-14 15:20:42,759] {logging_mixin.py:109} INFO - {'apiKey': '6980d1ba951a438982534beaedb41e6f', 'addRecipeInformation': True}
[2022-03-14 15:20:42,764] {base_aws.py:190} INFO - Credentials retrieved from login
[2022-03-14 15:20:42,766] {base_aws.py:90} INFO - Retrieving region_name from Connection.extra_config['region_name']
[2022-03-14 15:20:43,175] {logging_mixin.py:109} INFO - {'apiKey': '6980d1ba951a438982534beaedb41e6f', 'addRecipeInformation': True}
[2022-03-14 15:20:43,179] {base_aws.py:190} INFO - Credentials retrieved from login
[2022-03-14 15:20:43,180] {base_aws.py:90} INFO - Retrieving region_name from Connection.extra_config['region_name']
[2022-03-14 15:20:43,569] {logging_mixin.py:109} INFO - {'apiKey': '6980d1ba951a438982534beaedb41e6f', 'addRecipeInformation': True}
[2022-03-14 15:20:43,574] {base_aws.py:190} INFO - Credentials retrieved from login
[2022-03-14 15:20:43,575] {base_aws.py:90} INFO - Retrieving region_name from Connection.extra_config['region_name']
[2022-03-14 15:20:43,964] {logging_mixin.py:109} INFO - {'apiKey': '6980d1ba951a438982534beaedb41e6f', 'addRecipeInformation': True}
[2022-03-14 15:20:43,969] {base_aws.py:190} INFO - Credentials retrieved from login
[2022-03-14 15:20:43,970] {base_aws.py:90} INFO - Retrieving region_name from Connection.extra_config['region_name']
[2022-03-14 15:20:44,481] {logging_mixin.py:109} INFO - {'apiKey': '6980d1ba951a438982534beaedb41e6f', 'addRecipeInformation': True}
[2022-03-14 15:20:44,489] {base_aws.py:190} INFO - Credentials retrieved from login
[2022-03-14 15:20:44,491] {base_aws.py:90} INFO - Retrieving region_name from Connection.extra_config['region_name']
[2022-03-14 15:20:44,881] {logging_mixin.py:109} INFO - {'apiKey': '6980d1ba951a438982534beaedb41e6f', 'addRecipeInformation': True}
[2022-03-14 15:20:44,886] {base_aws.py:190} INFO - Credentials retrieved from login
[2022-03-14 15:20:44,887] {base_aws.py:90} INFO - Retrieving region_name from Connection.extra_config['region_name']
[2022-03-14 15:20:45,317] {logging_mixin.py:109} INFO - {'apiKey': '6980d1ba951a438982534beaedb41e6f', 'addRecipeInformation': True}
[2022-03-14 15:20:45,325] {base_aws.py:190} INFO - Credentials retrieved from login
[2022-03-14 15:20:45,326] {base_aws.py:90} INFO - Retrieving region_name from Connection.extra_config['region_name']
[2022-03-14 15:20:45,829] {logging_mixin.py:109} INFO - {'apiKey': '6980d1ba951a438982534beaedb41e6f', 'addRecipeInformation': True}
[2022-03-14 15:20:45,839] {base_aws.py:190} INFO - Credentials retrieved from login
[2022-03-14 15:20:45,840] {base_aws.py:90} INFO - Retrieving region_name from Connection.extra_config['region_name']
[2022-03-14 15:20:46,244] {logging_mixin.py:109} INFO - {'apiKey': '6980d1ba951a438982534beaedb41e6f', 'addRecipeInformation': True}
[2022-03-14 15:20:46,249] {base_aws.py:190} INFO - Credentials retrieved from login
[2022-03-14 15:20:46,250] {base_aws.py:90} INFO - Retrieving region_name from Connection.extra_config['region_name']
[2022-03-14 15:20:46,647] {logging_mixin.py:109} INFO - {'apiKey': '6980d1ba951a438982534beaedb41e6f', 'addRecipeInformation': True}
[2022-03-14 15:20:46,651] {base_aws.py:190} INFO - Credentials retrieved from login
[2022-03-14 15:20:46,652] {base_aws.py:90} INFO - Retrieving region_name from Connection.extra_config['region_name']
[2022-03-14 15:20:47,144] {logging_mixin.py:109} INFO - {'apiKey': '6980d1ba951a438982534beaedb41e6f', 'addRecipeInformation': True}
[2022-03-14 15:20:47,148] {base_aws.py:190} INFO - Credentials retrieved from login
[2022-03-14 15:20:47,150] {base_aws.py:90} INFO - Retrieving region_name from Connection.extra_config['region_name']
[2022-03-14 15:20:47,530] {logging_mixin.py:109} INFO - {'apiKey': '6980d1ba951a438982534beaedb41e6f', 'addRecipeInformation': True}
[2022-03-14 15:20:47,534] {base_aws.py:190} INFO - Credentials retrieved from login
[2022-03-14 15:20:47,536] {base_aws.py:90} INFO - Retrieving region_name from Connection.extra_config['region_name']
[2022-03-14 15:20:47,933] {logging_mixin.py:109} INFO - {'apiKey': '6980d1ba951a438982534beaedb41e6f', 'addRecipeInformation': True}
[2022-03-14 15:20:47,937] {base_aws.py:190} INFO - Credentials retrieved from login
[2022-03-14 15:20:47,938] {base_aws.py:90} INFO - Retrieving region_name from Connection.extra_config['region_name']
[2022-03-14 15:20:48,366] {logging_mixin.py:109} INFO - {'apiKey': '6980d1ba951a438982534beaedb41e6f', 'addRecipeInformation': True}
[2022-03-14 15:20:48,370] {python.py:175} INFO - Done. Returned value was: None
[2022-03-14 15:20:48,378] {taskinstance.py:1272} INFO - Marking task as SUCCESS. dag_id=simple_dag, task_id=get_recipes, execution_date=20220314T152000, start_date=20220314T202039, end_date=20220314T202048
[2022-03-14 15:20:48,427] {local_task_job.py:154} INFO - Task exited with return code 0
[2022-03-14 15:20:48,442] {local_task_job.py:264} INFO - 0 downstream tasks scheduled from follow-on schedule check
