[2022-03-14 15:20:53,903] {taskinstance.py:1037} INFO - Dependencies all met for <TaskInstance: simple_dag.get_recipes scheduled__2022-03-14T15:22:00+00:00 [queued]>
[2022-03-14 15:20:53,914] {taskinstance.py:1037} INFO - Dependencies all met for <TaskInstance: simple_dag.get_recipes scheduled__2022-03-14T15:22:00+00:00 [queued]>
[2022-03-14 15:20:53,914] {taskinstance.py:1243} INFO - 
--------------------------------------------------------------------------------
[2022-03-14 15:20:53,914] {taskinstance.py:1244} INFO - Starting attempt 1 of 1
[2022-03-14 15:20:53,914] {taskinstance.py:1245} INFO - 
--------------------------------------------------------------------------------
[2022-03-14 15:20:53,923] {taskinstance.py:1264} INFO - Executing <Task(PythonOperator): get_recipes> on 2022-03-14 15:22:00+00:00
[2022-03-14 15:20:53,926] {standard_task_runner.py:52} INFO - Started process 89470 to run task
[2022-03-14 15:20:53,933] {standard_task_runner.py:76} INFO - Running: ['airflow', 'tasks', 'run', 'simple_dag', 'get_recipes', 'scheduled__2022-03-14T15:22:00+00:00', '--job-id', '237', '--raw', '--subdir', 'DAGS_FOLDER/simple_dag.py', '--cfg-path', '/var/folders/tl/ljh9dpdd2fnbgmc62qc2b49h0000gn/T/tmpgzrhafqy', '--error-file', '/var/folders/tl/ljh9dpdd2fnbgmc62qc2b49h0000gn/T/tmpdjr18irl']
[2022-03-14 15:20:53,935] {standard_task_runner.py:77} INFO - Job 237: Subtask get_recipes
[2022-03-14 15:20:53,996] {logging_mixin.py:109} INFO - Running <TaskInstance: simple_dag.get_recipes scheduled__2022-03-14T15:22:00+00:00 [running]> on host 1.0.0.0.0.0.0.0.0.0.0.0.0.0.0.0.0.0.0.0.0.0.0.0.0.0.0.0.0.0.0.0.ip6.arpa
[2022-03-14 15:20:54,044] {taskinstance.py:1429} INFO - Exporting the following env vars:
AIRFLOW_CTX_DAG_OWNER=airflow
AIRFLOW_CTX_DAG_ID=simple_dag
AIRFLOW_CTX_TASK_ID=get_recipes
AIRFLOW_CTX_EXECUTION_DATE=2022-03-14T15:22:00+00:00
AIRFLOW_CTX_DAG_RUN_ID=scheduled__2022-03-14T15:22:00+00:00
[2022-03-14 15:20:54,051] {base_aws.py:190} INFO - Credentials retrieved from login
[2022-03-14 15:20:54,053] {base_aws.py:90} INFO - Retrieving region_name from Connection.extra_config['region_name']
[2022-03-14 15:20:54,438] {base_aws.py:190} INFO - Credentials retrieved from login
[2022-03-14 15:20:54,439] {base_aws.py:90} INFO - Retrieving region_name from Connection.extra_config['region_name']
[2022-03-14 15:20:54,935] {logging_mixin.py:109} INFO - {'apiKey': '6980d1ba951a438982534beaedb41e6f', 'addRecipeInformation': True}
[2022-03-14 15:20:54,988] {base_aws.py:190} INFO - Credentials retrieved from login
[2022-03-14 15:20:54,989] {base_aws.py:90} INFO - Retrieving region_name from Connection.extra_config['region_name']
[2022-03-14 15:20:55,391] {logging_mixin.py:109} INFO - {'apiKey': '6980d1ba951a438982534beaedb41e6f', 'addRecipeInformation': True}
[2022-03-14 15:20:55,396] {base_aws.py:190} INFO - Credentials retrieved from login
[2022-03-14 15:20:55,397] {base_aws.py:90} INFO - Retrieving region_name from Connection.extra_config['region_name']
[2022-03-14 15:20:55,805] {logging_mixin.py:109} INFO - {'apiKey': '6980d1ba951a438982534beaedb41e6f', 'addRecipeInformation': True}
[2022-03-14 15:20:55,809] {base_aws.py:190} INFO - Credentials retrieved from login
[2022-03-14 15:20:55,810] {base_aws.py:90} INFO - Retrieving region_name from Connection.extra_config['region_name']
[2022-03-14 15:20:56,211] {logging_mixin.py:109} INFO - {'apiKey': '6980d1ba951a438982534beaedb41e6f', 'addRecipeInformation': True}
[2022-03-14 15:20:56,216] {base_aws.py:190} INFO - Credentials retrieved from login
[2022-03-14 15:20:56,217] {base_aws.py:90} INFO - Retrieving region_name from Connection.extra_config['region_name']
[2022-03-14 15:20:56,606] {logging_mixin.py:109} INFO - {'apiKey': '6980d1ba951a438982534beaedb41e6f', 'addRecipeInformation': True}
[2022-03-14 15:20:56,611] {base_aws.py:190} INFO - Credentials retrieved from login
[2022-03-14 15:20:56,612] {base_aws.py:90} INFO - Retrieving region_name from Connection.extra_config['region_name']
[2022-03-14 15:20:57,197] {logging_mixin.py:109} INFO - {'apiKey': '6980d1ba951a438982534beaedb41e6f', 'addRecipeInformation': True}
[2022-03-14 15:20:57,202] {base_aws.py:190} INFO - Credentials retrieved from login
[2022-03-14 15:20:57,203] {base_aws.py:90} INFO - Retrieving region_name from Connection.extra_config['region_name']
[2022-03-14 15:20:57,684] {logging_mixin.py:109} INFO - {'apiKey': '6980d1ba951a438982534beaedb41e6f', 'addRecipeInformation': True}
[2022-03-14 15:20:57,688] {base_aws.py:190} INFO - Credentials retrieved from login
[2022-03-14 15:20:57,690] {base_aws.py:90} INFO - Retrieving region_name from Connection.extra_config['region_name']
[2022-03-14 15:20:58,095] {logging_mixin.py:109} INFO - {'apiKey': '6980d1ba951a438982534beaedb41e6f', 'addRecipeInformation': True}
[2022-03-14 15:20:58,099] {base_aws.py:190} INFO - Credentials retrieved from login
[2022-03-14 15:20:58,101] {base_aws.py:90} INFO - Retrieving region_name from Connection.extra_config['region_name']
[2022-03-14 15:20:58,492] {logging_mixin.py:109} INFO - {'apiKey': '6980d1ba951a438982534beaedb41e6f', 'addRecipeInformation': True}
[2022-03-14 15:20:58,497] {base_aws.py:190} INFO - Credentials retrieved from login
[2022-03-14 15:20:58,498] {base_aws.py:90} INFO - Retrieving region_name from Connection.extra_config['region_name']
[2022-03-14 15:20:58,878] {logging_mixin.py:109} INFO - {'apiKey': '6980d1ba951a438982534beaedb41e6f', 'addRecipeInformation': True}
[2022-03-14 15:20:58,882] {base_aws.py:190} INFO - Credentials retrieved from login
[2022-03-14 15:20:58,884] {base_aws.py:90} INFO - Retrieving region_name from Connection.extra_config['region_name']
[2022-03-14 15:20:59,385] {logging_mixin.py:109} INFO - {'apiKey': '6980d1ba951a438982534beaedb41e6f', 'addRecipeInformation': True}
[2022-03-14 15:20:59,390] {base_aws.py:190} INFO - Credentials retrieved from login
[2022-03-14 15:20:59,391] {base_aws.py:90} INFO - Retrieving region_name from Connection.extra_config['region_name']
[2022-03-14 15:20:59,789] {logging_mixin.py:109} INFO - {'apiKey': '6980d1ba951a438982534beaedb41e6f', 'addRecipeInformation': True}
[2022-03-14 15:20:59,794] {base_aws.py:190} INFO - Credentials retrieved from login
[2022-03-14 15:20:59,795] {base_aws.py:90} INFO - Retrieving region_name from Connection.extra_config['region_name']
[2022-03-14 15:21:00,188] {logging_mixin.py:109} INFO - {'apiKey': '6980d1ba951a438982534beaedb41e6f', 'addRecipeInformation': True}
[2022-03-14 15:21:00,193] {base_aws.py:190} INFO - Credentials retrieved from login
[2022-03-14 15:21:00,194] {base_aws.py:90} INFO - Retrieving region_name from Connection.extra_config['region_name']
[2022-03-14 15:21:00,591] {logging_mixin.py:109} INFO - {'apiKey': '6980d1ba951a438982534beaedb41e6f', 'addRecipeInformation': True}
[2022-03-14 15:21:00,596] {base_aws.py:190} INFO - Credentials retrieved from login
[2022-03-14 15:21:00,597] {base_aws.py:90} INFO - Retrieving region_name from Connection.extra_config['region_name']
[2022-03-14 15:21:01,009] {logging_mixin.py:109} INFO - {'apiKey': '6980d1ba951a438982534beaedb41e6f', 'addRecipeInformation': True}
[2022-03-14 15:21:01,014] {base_aws.py:190} INFO - Credentials retrieved from login
[2022-03-14 15:21:01,016] {base_aws.py:90} INFO - Retrieving region_name from Connection.extra_config['region_name']
[2022-03-14 15:21:01,400] {logging_mixin.py:109} INFO - {'apiKey': '6980d1ba951a438982534beaedb41e6f', 'addRecipeInformation': True}
[2022-03-14 15:21:01,404] {base_aws.py:190} INFO - Credentials retrieved from login
[2022-03-14 15:21:01,405] {base_aws.py:90} INFO - Retrieving region_name from Connection.extra_config['region_name']
[2022-03-14 15:21:01,913] {logging_mixin.py:109} INFO - {'apiKey': '6980d1ba951a438982534beaedb41e6f', 'addRecipeInformation': True}
[2022-03-14 15:21:01,917] {base_aws.py:190} INFO - Credentials retrieved from login
[2022-03-14 15:21:01,919] {base_aws.py:90} INFO - Retrieving region_name from Connection.extra_config['region_name']
[2022-03-14 15:21:02,289] {logging_mixin.py:109} INFO - {'apiKey': '6980d1ba951a438982534beaedb41e6f', 'addRecipeInformation': True}
[2022-03-14 15:21:02,294] {base_aws.py:190} INFO - Credentials retrieved from login
[2022-03-14 15:21:02,295] {base_aws.py:90} INFO - Retrieving region_name from Connection.extra_config['region_name']
[2022-03-14 15:21:02,670] {logging_mixin.py:109} INFO - {'apiKey': '6980d1ba951a438982534beaedb41e6f', 'addRecipeInformation': True}
[2022-03-14 15:21:02,674] {base_aws.py:190} INFO - Credentials retrieved from login
[2022-03-14 15:21:02,675] {base_aws.py:90} INFO - Retrieving region_name from Connection.extra_config['region_name']
[2022-03-14 15:21:03,083] {logging_mixin.py:109} INFO - {'apiKey': '6980d1ba951a438982534beaedb41e6f', 'addRecipeInformation': True}
[2022-03-14 15:21:03,087] {python.py:175} INFO - Done. Returned value was: None
[2022-03-14 15:21:03,094] {taskinstance.py:1272} INFO - Marking task as SUCCESS. dag_id=simple_dag, task_id=get_recipes, execution_date=20220314T152200, start_date=20220314T202053, end_date=20220314T202103
[2022-03-14 15:21:03,152] {local_task_job.py:154} INFO - Task exited with return code 0
[2022-03-14 15:21:03,170] {local_task_job.py:264} INFO - 0 downstream tasks scheduled from follow-on schedule check
