[2022-03-14 10:26:41,791] {taskinstance.py:1037} INFO - Dependencies all met for <TaskInstance: simple_dag.request_api scheduled__2022-03-14T10:28:00+00:00 [queued]>
[2022-03-14 10:26:41,797] {taskinstance.py:1037} INFO - Dependencies all met for <TaskInstance: simple_dag.request_api scheduled__2022-03-14T10:28:00+00:00 [queued]>
[2022-03-14 10:26:41,797] {taskinstance.py:1243} INFO - 
--------------------------------------------------------------------------------
[2022-03-14 10:26:41,797] {taskinstance.py:1244} INFO - Starting attempt 1 of 1
[2022-03-14 10:26:41,797] {taskinstance.py:1245} INFO - 
--------------------------------------------------------------------------------
[2022-03-14 10:26:41,806] {taskinstance.py:1264} INFO - Executing <Task(PythonOperator): request_api> on 2022-03-14 10:28:00+00:00
[2022-03-14 10:26:41,809] {standard_task_runner.py:52} INFO - Started process 77245 to run task
[2022-03-14 10:26:41,816] {standard_task_runner.py:76} INFO - Running: ['airflow', 'tasks', 'run', 'simple_dag', 'request_api', 'scheduled__2022-03-14T10:28:00+00:00', '--job-id', '30', '--raw', '--subdir', 'DAGS_FOLDER/simple_dag.py', '--cfg-path', '/var/folders/tl/ljh9dpdd2fnbgmc62qc2b49h0000gn/T/tmpe7h6zgnm', '--error-file', '/var/folders/tl/ljh9dpdd2fnbgmc62qc2b49h0000gn/T/tmp5d295tm1']
[2022-03-14 10:26:41,819] {standard_task_runner.py:77} INFO - Job 30: Subtask request_api
[2022-03-14 10:26:41,877] {logging_mixin.py:109} INFO - Running <TaskInstance: simple_dag.request_api scheduled__2022-03-14T10:28:00+00:00 [running]> on host 1.0.0.0.0.0.0.0.0.0.0.0.0.0.0.0.0.0.0.0.0.0.0.0.0.0.0.0.0.0.0.0.ip6.arpa
[2022-03-14 10:26:41,925] {taskinstance.py:1429} INFO - Exporting the following env vars:
AIRFLOW_CTX_DAG_OWNER=airflow
AIRFLOW_CTX_DAG_ID=simple_dag
AIRFLOW_CTX_TASK_ID=request_api
AIRFLOW_CTX_EXECUTION_DATE=2022-03-14T10:28:00+00:00
AIRFLOW_CTX_DAG_RUN_ID=scheduled__2022-03-14T10:28:00+00:00
[2022-03-14 10:26:41,927] {logging_mixin.py:109} INFO - Work
[2022-03-14 10:26:41,928] {python.py:175} INFO - Done. Returned value was: None
[2022-03-14 10:26:41,937] {taskinstance.py:1272} INFO - Marking task as SUCCESS. dag_id=simple_dag, task_id=request_api, execution_date=20220314T102800, start_date=20220314T152641, end_date=20220314T152641
[2022-03-14 10:26:41,959] {local_task_job.py:154} INFO - Task exited with return code 0
[2022-03-14 10:26:41,979] {local_task_job.py:264} INFO - 0 downstream tasks scheduled from follow-on schedule check
