[2022-03-14 11:16:48,968] {taskinstance.py:1037} INFO - Dependencies all met for <TaskInstance: simple_dag.print_word_count scheduled__2022-03-14T11:21:00+00:00 [queued]>
[2022-03-14 11:16:48,975] {taskinstance.py:1037} INFO - Dependencies all met for <TaskInstance: simple_dag.print_word_count scheduled__2022-03-14T11:21:00+00:00 [queued]>
[2022-03-14 11:16:48,976] {taskinstance.py:1243} INFO - 
--------------------------------------------------------------------------------
[2022-03-14 11:16:48,976] {taskinstance.py:1244} INFO - Starting attempt 1 of 1
[2022-03-14 11:16:48,976] {taskinstance.py:1245} INFO - 
--------------------------------------------------------------------------------
[2022-03-14 11:16:48,985] {taskinstance.py:1264} INFO - Executing <Task(PythonOperator): print_word_count> on 2022-03-14 11:21:00+00:00
[2022-03-14 11:16:48,987] {standard_task_runner.py:52} INFO - Started process 80113 to run task
[2022-03-14 11:16:48,993] {standard_task_runner.py:76} INFO - Running: ['airflow', 'tasks', 'run', 'simple_dag', 'print_word_count', 'scheduled__2022-03-14T11:21:00+00:00', '--job-id', '120', '--raw', '--subdir', 'DAGS_FOLDER/simple_dag.py', '--cfg-path', '/var/folders/tl/ljh9dpdd2fnbgmc62qc2b49h0000gn/T/tmp4p9usw0p', '--error-file', '/var/folders/tl/ljh9dpdd2fnbgmc62qc2b49h0000gn/T/tmp2iu2o4uq']
[2022-03-14 11:16:48,996] {standard_task_runner.py:77} INFO - Job 120: Subtask print_word_count
[2022-03-14 11:16:49,050] {logging_mixin.py:109} INFO - Running <TaskInstance: simple_dag.print_word_count scheduled__2022-03-14T11:21:00+00:00 [running]> on host 1.0.0.0.0.0.0.0.0.0.0.0.0.0.0.0.0.0.0.0.0.0.0.0.0.0.0.0.0.0.0.0.ip6.arpa
[2022-03-14 11:16:49,099] {taskinstance.py:1429} INFO - Exporting the following env vars:
AIRFLOW_CTX_DAG_OWNER=airflow
AIRFLOW_CTX_DAG_ID=simple_dag
AIRFLOW_CTX_TASK_ID=print_word_count
AIRFLOW_CTX_EXECUTION_DATE=2022-03-14T11:21:00+00:00
AIRFLOW_CTX_DAG_RUN_ID=scheduled__2022-03-14T11:21:00+00:00
[2022-03-14 11:16:49,214] {logging_mixin.py:109} INFO - {'pantry': {'excludeIngredients': ['rice'], 'includeIngredients': ['cauliflower florets'], 'intolerances': 'seafood'}, 'user': {'address': '1020 Hutchinson Crossing\nSouth Davidfurt, TN 78025', 'description': 'Nothing bill challenge authority ask international short prevent. Fine phone store later ability information. Prepare offer threat that figure wall.', 'name': 'Howard Paul'}}
[2022-03-14 11:16:49,215] {python.py:175} INFO - Done. Returned value was: None
[2022-03-14 11:16:49,222] {taskinstance.py:1272} INFO - Marking task as SUCCESS. dag_id=simple_dag, task_id=print_word_count, execution_date=20220314T112100, start_date=20220314T161648, end_date=20220314T161649
[2022-03-14 11:16:49,268] {local_task_job.py:154} INFO - Task exited with return code 0
[2022-03-14 11:16:49,288] {local_task_job.py:264} INFO - 0 downstream tasks scheduled from follow-on schedule check
