[2022-03-14 11:16:43,905] {taskinstance.py:1037} INFO - Dependencies all met for <TaskInstance: simple_dag.print_word_count scheduled__2022-03-14T11:20:00+00:00 [queued]>
[2022-03-14 11:16:43,911] {taskinstance.py:1037} INFO - Dependencies all met for <TaskInstance: simple_dag.print_word_count scheduled__2022-03-14T11:20:00+00:00 [queued]>
[2022-03-14 11:16:43,912] {taskinstance.py:1243} INFO - 
--------------------------------------------------------------------------------
[2022-03-14 11:16:43,912] {taskinstance.py:1244} INFO - Starting attempt 1 of 1
[2022-03-14 11:16:43,912] {taskinstance.py:1245} INFO - 
--------------------------------------------------------------------------------
[2022-03-14 11:16:43,921] {taskinstance.py:1264} INFO - Executing <Task(PythonOperator): print_word_count> on 2022-03-14 11:20:00+00:00
[2022-03-14 11:16:43,925] {standard_task_runner.py:52} INFO - Started process 80103 to run task
[2022-03-14 11:16:43,931] {standard_task_runner.py:76} INFO - Running: ['airflow', 'tasks', 'run', 'simple_dag', 'print_word_count', 'scheduled__2022-03-14T11:20:00+00:00', '--job-id', '119', '--raw', '--subdir', 'DAGS_FOLDER/simple_dag.py', '--cfg-path', '/var/folders/tl/ljh9dpdd2fnbgmc62qc2b49h0000gn/T/tmp4udytfyf', '--error-file', '/var/folders/tl/ljh9dpdd2fnbgmc62qc2b49h0000gn/T/tmptl5vj19l']
[2022-03-14 11:16:43,934] {standard_task_runner.py:77} INFO - Job 119: Subtask print_word_count
[2022-03-14 11:16:43,991] {logging_mixin.py:109} INFO - Running <TaskInstance: simple_dag.print_word_count scheduled__2022-03-14T11:20:00+00:00 [running]> on host 1.0.0.0.0.0.0.0.0.0.0.0.0.0.0.0.0.0.0.0.0.0.0.0.0.0.0.0.0.0.0.0.ip6.arpa
[2022-03-14 11:16:44,037] {taskinstance.py:1429} INFO - Exporting the following env vars:
AIRFLOW_CTX_DAG_OWNER=airflow
AIRFLOW_CTX_DAG_ID=simple_dag
AIRFLOW_CTX_TASK_ID=print_word_count
AIRFLOW_CTX_EXECUTION_DATE=2022-03-14T11:20:00+00:00
AIRFLOW_CTX_DAG_RUN_ID=scheduled__2022-03-14T11:20:00+00:00
[2022-03-14 11:16:44,149] {logging_mixin.py:109} INFO - {'pantry': {'excludeIngredients': ['soup'], 'includeIngredients': ['onion'], 'intolerances': 'soy'}, 'user': {'address': '273 Martinez Rue Suite 044\nFisherborough, RI 74989', 'description': 'Performance almost strategy building. National kitchen heart tough.\nAmount player camera third memory too star. Safe chair specific lot seat world democratic.', 'name': 'Jennifer Allison'}}
[2022-03-14 11:16:44,151] {python.py:175} INFO - Done. Returned value was: None
[2022-03-14 11:16:44,160] {taskinstance.py:1272} INFO - Marking task as SUCCESS. dag_id=simple_dag, task_id=print_word_count, execution_date=20220314T112000, start_date=20220314T161643, end_date=20220314T161644
[2022-03-14 11:16:44,202] {local_task_job.py:154} INFO - Task exited with return code 0
[2022-03-14 11:16:44,222] {local_task_job.py:264} INFO - 0 downstream tasks scheduled from follow-on schedule check
