[2022-03-15 21:33:58,144] {taskinstance.py:1037} INFO - Dependencies all met for <TaskInstance: simple_dag.s3_sensor2 scheduled__2022-03-15T21:30:55.431109+00:00 [queued]>
[2022-03-15 21:33:58,152] {taskinstance.py:1037} INFO - Dependencies all met for <TaskInstance: simple_dag.s3_sensor2 scheduled__2022-03-15T21:30:55.431109+00:00 [queued]>
[2022-03-15 21:33:58,152] {taskinstance.py:1243} INFO - 
--------------------------------------------------------------------------------
[2022-03-15 21:33:58,152] {taskinstance.py:1244} INFO - Starting attempt 1 of 1
[2022-03-15 21:33:58,152] {taskinstance.py:1245} INFO - 
--------------------------------------------------------------------------------
[2022-03-15 21:33:58,162] {taskinstance.py:1264} INFO - Executing <Task(S3PrefixSensor): s3_sensor2> on 2022-03-15 21:30:55.431109+00:00
[2022-03-15 21:33:58,167] {standard_task_runner.py:52} INFO - Started process 39418 to run task
[2022-03-15 21:33:58,174] {standard_task_runner.py:76} INFO - Running: ['airflow', 'tasks', 'run', 'simple_dag', 's3_sensor2', 'scheduled__2022-03-15T21:30:55.431109+00:00', '--job-id', '423', '--raw', '--subdir', 'DAGS_FOLDER/simple_dag.py', '--cfg-path', '/var/folders/tl/ljh9dpdd2fnbgmc62qc2b49h0000gn/T/tmphvmt6nbe', '--error-file', '/var/folders/tl/ljh9dpdd2fnbgmc62qc2b49h0000gn/T/tmp731dkst4']
[2022-03-15 21:33:58,178] {standard_task_runner.py:77} INFO - Job 423: Subtask s3_sensor2
[2022-03-15 21:33:58,235] {logging_mixin.py:109} INFO - Running <TaskInstance: simple_dag.s3_sensor2 scheduled__2022-03-15T21:30:55.431109+00:00 [running]> on host 1.0.0.0.0.0.0.0.0.0.0.0.0.0.0.0.0.0.0.0.0.0.0.0.0.0.0.0.0.0.0.0.ip6.arpa
[2022-03-15 21:33:58,288] {taskinstance.py:1429} INFO - Exporting the following env vars:
AIRFLOW_CTX_DAG_OWNER=airflow
AIRFLOW_CTX_DAG_ID=simple_dag
AIRFLOW_CTX_TASK_ID=s3_sensor2
AIRFLOW_CTX_EXECUTION_DATE=2022-03-15T21:30:55.431109+00:00
AIRFLOW_CTX_DAG_RUN_ID=scheduled__2022-03-15T21:30:55.431109+00:00
[2022-03-15 21:33:58,290] {s3.py:390} INFO - Poking for prefix : ['stage/'] in bucket s3://airflowrs
[2022-03-15 21:33:58,298] {base_aws.py:190} INFO - Credentials retrieved from login
[2022-03-15 21:33:58,302] {base_aws.py:90} INFO - Retrieving region_name from Connection.extra_config['region_name']
[2022-03-15 21:33:58,681] {base.py:251} INFO - Success criteria met. Exiting.
[2022-03-15 21:33:58,690] {taskinstance.py:1272} INFO - Marking task as SUCCESS. dag_id=simple_dag, task_id=s3_sensor2, execution_date=20220315T213055, start_date=20220316T023358, end_date=20220316T023358
[2022-03-15 21:33:58,745] {local_task_job.py:154} INFO - Task exited with return code 0
[2022-03-15 21:33:58,782] {local_task_job.py:264} INFO - 1 downstream tasks scheduled from follow-on schedule check
