[2022-03-15 13:40:13,931] {taskinstance.py:1037} INFO - Dependencies all met for <TaskInstance: simple_dag.to_sql scheduled__2022-03-15T13:40:00+00:00 [queued]>
[2022-03-15 13:40:13,941] {taskinstance.py:1037} INFO - Dependencies all met for <TaskInstance: simple_dag.to_sql scheduled__2022-03-15T13:40:00+00:00 [queued]>
[2022-03-15 13:40:13,941] {taskinstance.py:1243} INFO - 
--------------------------------------------------------------------------------
[2022-03-15 13:40:13,941] {taskinstance.py:1244} INFO - Starting attempt 1 of 1
[2022-03-15 13:40:13,941] {taskinstance.py:1245} INFO - 
--------------------------------------------------------------------------------
[2022-03-15 13:40:13,953] {taskinstance.py:1264} INFO - Executing <Task(PythonOperator): to_sql> on 2022-03-15 13:40:00+00:00
[2022-03-15 13:40:13,958] {standard_task_runner.py:52} INFO - Started process 24590 to run task
[2022-03-15 13:40:13,964] {standard_task_runner.py:76} INFO - Running: ['airflow', 'tasks', 'run', 'simple_dag', 'to_sql', 'scheduled__2022-03-15T13:40:00+00:00', '--job-id', '316', '--raw', '--subdir', 'DAGS_FOLDER/simple_dag.py', '--cfg-path', '/var/folders/tl/ljh9dpdd2fnbgmc62qc2b49h0000gn/T/tmpg5fqzb4d', '--error-file', '/var/folders/tl/ljh9dpdd2fnbgmc62qc2b49h0000gn/T/tmpn5iy3af1']
[2022-03-15 13:40:13,968] {standard_task_runner.py:77} INFO - Job 316: Subtask to_sql
[2022-03-15 13:40:14,030] {logging_mixin.py:109} INFO - Running <TaskInstance: simple_dag.to_sql scheduled__2022-03-15T13:40:00+00:00 [running]> on host 1.0.0.0.0.0.0.0.0.0.0.0.0.0.0.0.0.0.0.0.0.0.0.0.0.0.0.0.0.0.0.0.ip6.arpa
[2022-03-15 13:40:14,076] {taskinstance.py:1429} INFO - Exporting the following env vars:
AIRFLOW_CTX_DAG_OWNER=airflow
AIRFLOW_CTX_DAG_ID=simple_dag
AIRFLOW_CTX_TASK_ID=to_sql
AIRFLOW_CTX_EXECUTION_DATE=2022-03-15T13:40:00+00:00
AIRFLOW_CTX_DAG_RUN_ID=scheduled__2022-03-15T13:40:00+00:00
[2022-03-15 13:40:14,093] {base_aws.py:190} INFO - Credentials retrieved from login
[2022-03-15 13:40:14,094] {base_aws.py:90} INFO - Retrieving region_name from Connection.extra_config['region_name']
[2022-03-15 13:40:14,734] {base_aws.py:190} INFO - Credentials retrieved from login
[2022-03-15 13:40:14,735] {base_aws.py:90} INFO - Retrieving region_name from Connection.extra_config['region_name']
[2022-03-15 13:40:15,263] {logging_mixin.py:109} INFO - {'title': 'Greek-Style Baked Fish: Fresh, Simple, and Delicious', 'servings': 4, 'summary': 'You can never have too many main course recipes, so give Greek-Style Baked Fish: Fresh, Simple, and Delicious a try. For <b>$3.04 per serving</b>, this recipe <b>covers 21%</b> of your daily requirements of vitamins and minerals. This recipe makes 4 servings with <b>345 calories</b>, <b>28g of protein</b>, and <b>12g of fat</b> each. This recipe is liked by 396 foodies and cooks. Head to the store and pick up salt & pepper, pepper, wine, and a few other things to make it today. To use up the cooked rice you could follow this main course with the <a href="https://spoonacular.com/recipes/breakfast-rice-pudding-547155">Breakfast Rice Pudding</a> as a dessert. From preparation to the plate, this recipe takes about <b>30 minutes</b>. It is a good option if you\'re following a <b>gluten free and pescatarian</b> diet. All things considered, we decided this recipe <b>deserves a spoonacular score of 96%</b>. This score is awesome. Similar recipes include <a href="https://spoonacular.com/recipes/simple-greek-style-baked-fish-557560">Simple Greek Style Baked Fish</a>, <a href="https://spoonacular.com/recipes/greek-style-baked-fish-526858">Greek Style Baked Fish</a>, and <a href="https://spoonacular.com/recipes/delicious-greek-pastitsio-casserole-style-569500">Delicious Greek Pastitsio {Casserole-Style}</a>.', 'diets': ['gluten free', 'pescatarian'], 'equipment': ['baking pan', 'oven'], 'ingredients': ['bell pepper', 'tomato', 'lemon wedge', 'red onion', 'white wine', 'dried basil', 'cooked rice', 'pepper', 'fish', 'feta cheese', 'olive oil', 'cooking spray', 'oregano', 'fresh basil', 'fish fillets', 'salt and pepper'], 'id': 716408.0}
[2022-03-15 13:40:15,265] {taskinstance.py:1718} ERROR - Task failed with exception
Traceback (most recent call last):
  File "/opt/anaconda3/lib/python3.9/site-packages/airflow/models/taskinstance.py", line 1334, in _run_raw_task
    self._execute_task_with_callbacks(context)
  File "/opt/anaconda3/lib/python3.9/site-packages/airflow/models/taskinstance.py", line 1460, in _execute_task_with_callbacks
    result = self._execute_task(context, self.task)
  File "/opt/anaconda3/lib/python3.9/site-packages/airflow/models/taskinstance.py", line 1516, in _execute_task
    result = execute_callable(context=context)
  File "/opt/anaconda3/lib/python3.9/site-packages/airflow/operators/python.py", line 174, in execute
    return_value = self.execute_callable()
  File "/opt/anaconda3/lib/python3.9/site-packages/airflow/operators/python.py", line 188, in execute_callable
    return self.python_callable(*self.op_args, **self.op_kwargs)
  File "/Users/HomeFolder/airflow/dags/simple_dag.py", line 158, in to_sql
    print(pd.DataFrame.from_dict(data))
  File "/opt/anaconda3/lib/python3.9/site-packages/pandas/core/frame.py", line 1593, in from_dict
    return cls(data, index=index, columns=columns, dtype=dtype)
  File "/opt/anaconda3/lib/python3.9/site-packages/pandas/core/frame.py", line 614, in __init__
    mgr = dict_to_mgr(data, index, columns, dtype=dtype, copy=copy, typ=manager)
  File "/opt/anaconda3/lib/python3.9/site-packages/pandas/core/internals/construction.py", line 464, in dict_to_mgr
    return arrays_to_mgr(
  File "/opt/anaconda3/lib/python3.9/site-packages/pandas/core/internals/construction.py", line 119, in arrays_to_mgr
    index = _extract_index(arrays)
  File "/opt/anaconda3/lib/python3.9/site-packages/pandas/core/internals/construction.py", line 635, in _extract_index
    raise ValueError("All arrays must be of the same length")
ValueError: All arrays must be of the same length
[2022-03-15 13:40:15,288] {taskinstance.py:1272} INFO - Marking task as FAILED. dag_id=simple_dag, task_id=to_sql, execution_date=20220315T134000, start_date=20220315T184013, end_date=20220315T184015
[2022-03-15 13:40:15,298] {standard_task_runner.py:89} ERROR - Failed to execute job 316 for task to_sql
Traceback (most recent call last):
  File "/opt/anaconda3/lib/python3.9/site-packages/airflow/task/task_runner/standard_task_runner.py", line 85, in _start_by_fork
    args.func(args, dag=self.dag)
  File "/opt/anaconda3/lib/python3.9/site-packages/airflow/cli/cli_parser.py", line 48, in command
    return func(*args, **kwargs)
  File "/opt/anaconda3/lib/python3.9/site-packages/airflow/utils/cli.py", line 92, in wrapper
    return f(*args, **kwargs)
  File "/opt/anaconda3/lib/python3.9/site-packages/airflow/cli/commands/task_command.py", line 298, in task_run
    _run_task_by_selected_method(args, dag, ti)
  File "/opt/anaconda3/lib/python3.9/site-packages/airflow/cli/commands/task_command.py", line 107, in _run_task_by_selected_method
    _run_raw_task(args, ti)
  File "/opt/anaconda3/lib/python3.9/site-packages/airflow/cli/commands/task_command.py", line 180, in _run_raw_task
    ti._run_raw_task(
  File "/opt/anaconda3/lib/python3.9/site-packages/airflow/utils/session.py", line 70, in wrapper
    return func(*args, session=session, **kwargs)
  File "/opt/anaconda3/lib/python3.9/site-packages/airflow/models/taskinstance.py", line 1334, in _run_raw_task
    self._execute_task_with_callbacks(context)
  File "/opt/anaconda3/lib/python3.9/site-packages/airflow/models/taskinstance.py", line 1460, in _execute_task_with_callbacks
    result = self._execute_task(context, self.task)
  File "/opt/anaconda3/lib/python3.9/site-packages/airflow/models/taskinstance.py", line 1516, in _execute_task
    result = execute_callable(context=context)
  File "/opt/anaconda3/lib/python3.9/site-packages/airflow/operators/python.py", line 174, in execute
    return_value = self.execute_callable()
  File "/opt/anaconda3/lib/python3.9/site-packages/airflow/operators/python.py", line 188, in execute_callable
    return self.python_callable(*self.op_args, **self.op_kwargs)
  File "/Users/HomeFolder/airflow/dags/simple_dag.py", line 158, in to_sql
    print(pd.DataFrame.from_dict(data))
  File "/opt/anaconda3/lib/python3.9/site-packages/pandas/core/frame.py", line 1593, in from_dict
    return cls(data, index=index, columns=columns, dtype=dtype)
  File "/opt/anaconda3/lib/python3.9/site-packages/pandas/core/frame.py", line 614, in __init__
    mgr = dict_to_mgr(data, index, columns, dtype=dtype, copy=copy, typ=manager)
  File "/opt/anaconda3/lib/python3.9/site-packages/pandas/core/internals/construction.py", line 464, in dict_to_mgr
    return arrays_to_mgr(
  File "/opt/anaconda3/lib/python3.9/site-packages/pandas/core/internals/construction.py", line 119, in arrays_to_mgr
    index = _extract_index(arrays)
  File "/opt/anaconda3/lib/python3.9/site-packages/pandas/core/internals/construction.py", line 635, in _extract_index
    raise ValueError("All arrays must be of the same length")
ValueError: All arrays must be of the same length
[2022-03-15 13:40:15,335] {local_task_job.py:154} INFO - Task exited with return code 1
[2022-03-15 13:40:15,356] {local_task_job.py:264} INFO - 0 downstream tasks scheduled from follow-on schedule check
[2022-03-15 13:43:16,557] {taskinstance.py:1037} INFO - Dependencies all met for <TaskInstance: simple_dag.to_sql scheduled__2022-03-15T13:40:00+00:00 [queued]>
[2022-03-15 13:43:16,566] {taskinstance.py:1037} INFO - Dependencies all met for <TaskInstance: simple_dag.to_sql scheduled__2022-03-15T13:40:00+00:00 [queued]>
[2022-03-15 13:43:16,566] {taskinstance.py:1243} INFO - 
--------------------------------------------------------------------------------
[2022-03-15 13:43:16,567] {taskinstance.py:1244} INFO - Starting attempt 1 of 1
[2022-03-15 13:43:16,567] {taskinstance.py:1245} INFO - 
--------------------------------------------------------------------------------
[2022-03-15 13:43:16,579] {taskinstance.py:1264} INFO - Executing <Task(PythonOperator): to_sql> on 2022-03-15 13:40:00+00:00
[2022-03-15 13:43:16,583] {standard_task_runner.py:52} INFO - Started process 24674 to run task
[2022-03-15 13:43:16,592] {standard_task_runner.py:76} INFO - Running: ['airflow', 'tasks', 'run', 'simple_dag', 'to_sql', 'scheduled__2022-03-15T13:40:00+00:00', '--job-id', '314', '--raw', '--subdir', 'DAGS_FOLDER/simple_dag.py', '--cfg-path', '/var/folders/tl/ljh9dpdd2fnbgmc62qc2b49h0000gn/T/tmp7c2cgmrn', '--error-file', '/var/folders/tl/ljh9dpdd2fnbgmc62qc2b49h0000gn/T/tmp66thr5i3']
[2022-03-15 13:43:16,595] {standard_task_runner.py:77} INFO - Job 314: Subtask to_sql
[2022-03-15 13:43:16,654] {logging_mixin.py:109} INFO - Running <TaskInstance: simple_dag.to_sql scheduled__2022-03-15T13:40:00+00:00 [running]> on host 1.0.0.0.0.0.0.0.0.0.0.0.0.0.0.0.0.0.0.0.0.0.0.0.0.0.0.0.0.0.0.0.ip6.arpa
[2022-03-15 13:43:16,705] {taskinstance.py:1429} INFO - Exporting the following env vars:
AIRFLOW_CTX_DAG_OWNER=airflow
AIRFLOW_CTX_DAG_ID=simple_dag
AIRFLOW_CTX_TASK_ID=to_sql
AIRFLOW_CTX_EXECUTION_DATE=2022-03-15T13:40:00+00:00
AIRFLOW_CTX_DAG_RUN_ID=scheduled__2022-03-15T13:40:00+00:00
[2022-03-15 13:43:16,723] {base_aws.py:190} INFO - Credentials retrieved from login
[2022-03-15 13:43:16,724] {base_aws.py:90} INFO - Retrieving region_name from Connection.extra_config['region_name']
[2022-03-15 13:43:17,612] {base_aws.py:190} INFO - Credentials retrieved from login
[2022-03-15 13:43:17,613] {base_aws.py:90} INFO - Retrieving region_name from Connection.extra_config['region_name']
[2022-03-15 13:43:18,378] {base_aws.py:190} INFO - Credentials retrieved from login
[2022-03-15 13:43:18,380] {base_aws.py:90} INFO - Retrieving region_name from Connection.extra_config['region_name']
[2022-03-15 13:43:18,789] {base_aws.py:190} INFO - Credentials retrieved from login
[2022-03-15 13:43:18,790] {base_aws.py:90} INFO - Retrieving region_name from Connection.extra_config['region_name']
[2022-03-15 13:43:19,197] {base_aws.py:190} INFO - Credentials retrieved from login
[2022-03-15 13:43:19,198] {base_aws.py:90} INFO - Retrieving region_name from Connection.extra_config['region_name']
[2022-03-15 13:43:19,611] {base_aws.py:190} INFO - Credentials retrieved from login
[2022-03-15 13:43:19,612] {base_aws.py:90} INFO - Retrieving region_name from Connection.extra_config['region_name']
[2022-03-15 13:43:20,010] {base_aws.py:190} INFO - Credentials retrieved from login
[2022-03-15 13:43:20,012] {base_aws.py:90} INFO - Retrieving region_name from Connection.extra_config['region_name']
[2022-03-15 13:43:20,453] {base_aws.py:190} INFO - Credentials retrieved from login
[2022-03-15 13:43:20,455] {base_aws.py:90} INFO - Retrieving region_name from Connection.extra_config['region_name']
[2022-03-15 13:43:21,004] {base_aws.py:190} INFO - Credentials retrieved from login
[2022-03-15 13:43:21,006] {base_aws.py:90} INFO - Retrieving region_name from Connection.extra_config['region_name']
[2022-03-15 13:43:21,401] {base_aws.py:190} INFO - Credentials retrieved from login
[2022-03-15 13:43:21,402] {base_aws.py:90} INFO - Retrieving region_name from Connection.extra_config['region_name']
[2022-03-15 13:43:21,812] {base_aws.py:190} INFO - Credentials retrieved from login
[2022-03-15 13:43:21,813] {base_aws.py:90} INFO - Retrieving region_name from Connection.extra_config['region_name']
[2022-03-15 13:43:22,409] {base_aws.py:190} INFO - Credentials retrieved from login
[2022-03-15 13:43:22,410] {base_aws.py:90} INFO - Retrieving region_name from Connection.extra_config['region_name']
[2022-03-15 13:43:22,782] {base_aws.py:190} INFO - Credentials retrieved from login
[2022-03-15 13:43:22,783] {base_aws.py:90} INFO - Retrieving region_name from Connection.extra_config['region_name']
[2022-03-15 13:43:23,296] {base_aws.py:190} INFO - Credentials retrieved from login
[2022-03-15 13:43:23,297] {base_aws.py:90} INFO - Retrieving region_name from Connection.extra_config['region_name']
[2022-03-15 13:43:24,035] {base_aws.py:190} INFO - Credentials retrieved from login
[2022-03-15 13:43:24,036] {base_aws.py:90} INFO - Retrieving region_name from Connection.extra_config['region_name']
[2022-03-15 13:43:24,419] {base_aws.py:190} INFO - Credentials retrieved from login
[2022-03-15 13:43:24,420] {base_aws.py:90} INFO - Retrieving region_name from Connection.extra_config['region_name']
[2022-03-15 13:43:24,838] {base_aws.py:190} INFO - Credentials retrieved from login
[2022-03-15 13:43:24,839] {base_aws.py:90} INFO - Retrieving region_name from Connection.extra_config['region_name']
[2022-03-15 13:43:25,483] {base_aws.py:190} INFO - Credentials retrieved from login
[2022-03-15 13:43:25,485] {base_aws.py:90} INFO - Retrieving region_name from Connection.extra_config['region_name']
[2022-03-15 13:43:26,068] {base_aws.py:190} INFO - Credentials retrieved from login
[2022-03-15 13:43:26,069] {base_aws.py:90} INFO - Retrieving region_name from Connection.extra_config['region_name']
[2022-03-15 13:43:26,475] {base_aws.py:190} INFO - Credentials retrieved from login
[2022-03-15 13:43:26,476] {base_aws.py:90} INFO - Retrieving region_name from Connection.extra_config['region_name']
[2022-03-15 13:43:26,928] {base_aws.py:190} INFO - Credentials retrieved from login
[2022-03-15 13:43:26,929] {base_aws.py:90} INFO - Retrieving region_name from Connection.extra_config['region_name']
[2022-03-15 13:43:27,323] {base_aws.py:190} INFO - Credentials retrieved from login
[2022-03-15 13:43:27,324] {base_aws.py:90} INFO - Retrieving region_name from Connection.extra_config['region_name']
[2022-03-15 13:43:27,717] {base_aws.py:190} INFO - Credentials retrieved from login
[2022-03-15 13:43:27,718] {base_aws.py:90} INFO - Retrieving region_name from Connection.extra_config['region_name']
[2022-03-15 13:43:28,131] {base_aws.py:190} INFO - Credentials retrieved from login
[2022-03-15 13:43:28,132] {base_aws.py:90} INFO - Retrieving region_name from Connection.extra_config['region_name']
[2022-03-15 13:43:28,665] {base_aws.py:190} INFO - Credentials retrieved from login
[2022-03-15 13:43:28,666] {base_aws.py:90} INFO - Retrieving region_name from Connection.extra_config['region_name']
[2022-03-15 13:43:29,075] {base_aws.py:190} INFO - Credentials retrieved from login
[2022-03-15 13:43:29,076] {base_aws.py:90} INFO - Retrieving region_name from Connection.extra_config['region_name']
[2022-03-15 13:43:29,475] {base_aws.py:190} INFO - Credentials retrieved from login
[2022-03-15 13:43:29,476] {base_aws.py:90} INFO - Retrieving region_name from Connection.extra_config['region_name']
[2022-03-15 13:43:29,915] {base_aws.py:190} INFO - Credentials retrieved from login
[2022-03-15 13:43:29,916] {base_aws.py:90} INFO - Retrieving region_name from Connection.extra_config['region_name']
[2022-03-15 13:43:30,319] {base_aws.py:190} INFO - Credentials retrieved from login
[2022-03-15 13:43:30,320] {base_aws.py:90} INFO - Retrieving region_name from Connection.extra_config['region_name']
[2022-03-15 13:43:31,042] {base_aws.py:190} INFO - Credentials retrieved from login
[2022-03-15 13:43:31,043] {base_aws.py:90} INFO - Retrieving region_name from Connection.extra_config['region_name']
[2022-03-15 13:43:31,428] {base_aws.py:190} INFO - Credentials retrieved from login
[2022-03-15 13:43:31,429] {base_aws.py:90} INFO - Retrieving region_name from Connection.extra_config['region_name']
[2022-03-15 13:43:31,815] {base_aws.py:190} INFO - Credentials retrieved from login
[2022-03-15 13:43:31,816] {base_aws.py:90} INFO - Retrieving region_name from Connection.extra_config['region_name']
[2022-03-15 13:43:32,219] {base_aws.py:190} INFO - Credentials retrieved from login
[2022-03-15 13:43:32,220] {base_aws.py:90} INFO - Retrieving region_name from Connection.extra_config['region_name']
[2022-03-15 13:43:32,625] {base_aws.py:190} INFO - Credentials retrieved from login
[2022-03-15 13:43:32,627] {base_aws.py:90} INFO - Retrieving region_name from Connection.extra_config['region_name']
[2022-03-15 13:43:33,160] {base_aws.py:190} INFO - Credentials retrieved from login
[2022-03-15 13:43:33,161] {base_aws.py:90} INFO - Retrieving region_name from Connection.extra_config['region_name']
[2022-03-15 13:43:33,558] {base_aws.py:190} INFO - Credentials retrieved from login
[2022-03-15 13:43:33,559] {base_aws.py:90} INFO - Retrieving region_name from Connection.extra_config['region_name']
[2022-03-15 13:43:33,990] {base_aws.py:190} INFO - Credentials retrieved from login
[2022-03-15 13:43:33,991] {base_aws.py:90} INFO - Retrieving region_name from Connection.extra_config['region_name']
[2022-03-15 13:43:34,364] {base_aws.py:190} INFO - Credentials retrieved from login
[2022-03-15 13:43:34,365] {base_aws.py:90} INFO - Retrieving region_name from Connection.extra_config['region_name']
[2022-03-15 13:43:34,746] {base_aws.py:190} INFO - Credentials retrieved from login
[2022-03-15 13:43:34,747] {base_aws.py:90} INFO - Retrieving region_name from Connection.extra_config['region_name']
[2022-03-15 13:43:35,286] {base_aws.py:190} INFO - Credentials retrieved from login
[2022-03-15 13:43:35,287] {base_aws.py:90} INFO - Retrieving region_name from Connection.extra_config['region_name']
[2022-03-15 13:43:35,678] {base_aws.py:190} INFO - Credentials retrieved from login
[2022-03-15 13:43:35,679] {base_aws.py:90} INFO - Retrieving region_name from Connection.extra_config['region_name']
[2022-03-15 13:43:36,057] {base_aws.py:190} INFO - Credentials retrieved from login
[2022-03-15 13:43:36,059] {base_aws.py:90} INFO - Retrieving region_name from Connection.extra_config['region_name']
[2022-03-15 13:43:36,752] {base_aws.py:190} INFO - Credentials retrieved from login
[2022-03-15 13:43:36,753] {base_aws.py:90} INFO - Retrieving region_name from Connection.extra_config['region_name']
[2022-03-15 13:43:37,157] {base_aws.py:190} INFO - Credentials retrieved from login
[2022-03-15 13:43:37,158] {base_aws.py:90} INFO - Retrieving region_name from Connection.extra_config['region_name']
[2022-03-15 13:43:37,528] {base_aws.py:190} INFO - Credentials retrieved from login
[2022-03-15 13:43:37,529] {base_aws.py:90} INFO - Retrieving region_name from Connection.extra_config['region_name']
[2022-03-15 13:43:38,102] {base_aws.py:190} INFO - Credentials retrieved from login
[2022-03-15 13:43:38,104] {base_aws.py:90} INFO - Retrieving region_name from Connection.extra_config['region_name']
[2022-03-15 13:43:38,648] {base_aws.py:190} INFO - Credentials retrieved from login
[2022-03-15 13:43:38,649] {base_aws.py:90} INFO - Retrieving region_name from Connection.extra_config['region_name']
[2022-03-15 13:43:39,019] {base_aws.py:190} INFO - Credentials retrieved from login
[2022-03-15 13:43:39,020] {base_aws.py:90} INFO - Retrieving region_name from Connection.extra_config['region_name']
[2022-03-15 13:43:39,407] {base_aws.py:190} INFO - Credentials retrieved from login
[2022-03-15 13:43:39,409] {base_aws.py:90} INFO - Retrieving region_name from Connection.extra_config['region_name']
[2022-03-15 13:43:39,794] {base_aws.py:190} INFO - Credentials retrieved from login
[2022-03-15 13:43:39,795] {base_aws.py:90} INFO - Retrieving region_name from Connection.extra_config['region_name']
[2022-03-15 13:43:40,311] {base_aws.py:190} INFO - Credentials retrieved from login
[2022-03-15 13:43:40,312] {base_aws.py:90} INFO - Retrieving region_name from Connection.extra_config['region_name']
[2022-03-15 13:43:40,708] {base_aws.py:190} INFO - Credentials retrieved from login
[2022-03-15 13:43:40,710] {base_aws.py:90} INFO - Retrieving region_name from Connection.extra_config['region_name']
[2022-03-15 13:43:41,124] {base_aws.py:190} INFO - Credentials retrieved from login
[2022-03-15 13:43:41,126] {base_aws.py:90} INFO - Retrieving region_name from Connection.extra_config['region_name']
[2022-03-15 13:43:41,491] {base_aws.py:190} INFO - Credentials retrieved from login
[2022-03-15 13:43:41,493] {base_aws.py:90} INFO - Retrieving region_name from Connection.extra_config['region_name']
[2022-03-15 13:43:41,966] {base_aws.py:190} INFO - Credentials retrieved from login
[2022-03-15 13:43:41,968] {base_aws.py:90} INFO - Retrieving region_name from Connection.extra_config['region_name']
[2022-03-15 13:43:42,499] {base_aws.py:190} INFO - Credentials retrieved from login
[2022-03-15 13:43:42,500] {base_aws.py:90} INFO - Retrieving region_name from Connection.extra_config['region_name']
[2022-03-15 13:43:42,896] {base_aws.py:190} INFO - Credentials retrieved from login
[2022-03-15 13:43:42,897] {base_aws.py:90} INFO - Retrieving region_name from Connection.extra_config['region_name']
[2022-03-15 13:43:43,295] {base_aws.py:190} INFO - Credentials retrieved from login
[2022-03-15 13:43:43,296] {base_aws.py:90} INFO - Retrieving region_name from Connection.extra_config['region_name']
[2022-03-15 13:43:43,807] {base_aws.py:190} INFO - Credentials retrieved from login
[2022-03-15 13:43:43,808] {base_aws.py:90} INFO - Retrieving region_name from Connection.extra_config['region_name']
[2022-03-15 13:43:44,189] {base_aws.py:190} INFO - Credentials retrieved from login
[2022-03-15 13:43:44,190] {base_aws.py:90} INFO - Retrieving region_name from Connection.extra_config['region_name']
[2022-03-15 13:43:44,822] {base_aws.py:190} INFO - Credentials retrieved from login
[2022-03-15 13:43:44,823] {base_aws.py:90} INFO - Retrieving region_name from Connection.extra_config['region_name']
[2022-03-15 13:43:45,348] {base_aws.py:190} INFO - Credentials retrieved from login
[2022-03-15 13:43:45,349] {base_aws.py:90} INFO - Retrieving region_name from Connection.extra_config['region_name']
[2022-03-15 13:43:45,748] {base_aws.py:190} INFO - Credentials retrieved from login
[2022-03-15 13:43:45,749] {base_aws.py:90} INFO - Retrieving region_name from Connection.extra_config['region_name']
[2022-03-15 13:43:46,149] {base_aws.py:190} INFO - Credentials retrieved from login
[2022-03-15 13:43:46,150] {base_aws.py:90} INFO - Retrieving region_name from Connection.extra_config['region_name']
[2022-03-15 13:43:46,531] {base_aws.py:190} INFO - Credentials retrieved from login
[2022-03-15 13:43:46,533] {base_aws.py:90} INFO - Retrieving region_name from Connection.extra_config['region_name']
[2022-03-15 13:43:47,097] {base_aws.py:190} INFO - Credentials retrieved from login
[2022-03-15 13:43:47,098] {base_aws.py:90} INFO - Retrieving region_name from Connection.extra_config['region_name']
[2022-03-15 13:43:47,686] {base_aws.py:190} INFO - Credentials retrieved from login
[2022-03-15 13:43:47,687] {base_aws.py:90} INFO - Retrieving region_name from Connection.extra_config['region_name']
[2022-03-15 13:43:48,112] {base_aws.py:190} INFO - Credentials retrieved from login
[2022-03-15 13:43:48,113] {base_aws.py:90} INFO - Retrieving region_name from Connection.extra_config['region_name']
[2022-03-15 13:43:48,801] {base_aws.py:190} INFO - Credentials retrieved from login
[2022-03-15 13:43:48,802] {base_aws.py:90} INFO - Retrieving region_name from Connection.extra_config['region_name']
[2022-03-15 13:43:49,212] {base_aws.py:190} INFO - Credentials retrieved from login
[2022-03-15 13:43:49,213] {base_aws.py:90} INFO - Retrieving region_name from Connection.extra_config['region_name']
[2022-03-15 13:43:49,603] {base_aws.py:190} INFO - Credentials retrieved from login
[2022-03-15 13:43:49,604] {base_aws.py:90} INFO - Retrieving region_name from Connection.extra_config['region_name']
[2022-03-15 13:43:50,152] {base_aws.py:190} INFO - Credentials retrieved from login
[2022-03-15 13:43:50,153] {base_aws.py:90} INFO - Retrieving region_name from Connection.extra_config['region_name']
[2022-03-15 13:43:50,528] {base_aws.py:190} INFO - Credentials retrieved from login
[2022-03-15 13:43:50,530] {base_aws.py:90} INFO - Retrieving region_name from Connection.extra_config['region_name']
[2022-03-15 13:43:50,928] {base_aws.py:190} INFO - Credentials retrieved from login
[2022-03-15 13:43:50,930] {base_aws.py:90} INFO - Retrieving region_name from Connection.extra_config['region_name']
[2022-03-15 13:43:51,310] {base_aws.py:190} INFO - Credentials retrieved from login
[2022-03-15 13:43:51,311] {base_aws.py:90} INFO - Retrieving region_name from Connection.extra_config['region_name']
[2022-03-15 13:43:51,698] {base_aws.py:190} INFO - Credentials retrieved from login
[2022-03-15 13:43:51,699] {base_aws.py:90} INFO - Retrieving region_name from Connection.extra_config['region_name']
[2022-03-15 13:43:52,203] {base_aws.py:190} INFO - Credentials retrieved from login
[2022-03-15 13:43:52,205] {base_aws.py:90} INFO - Retrieving region_name from Connection.extra_config['region_name']
[2022-03-15 13:43:52,573] {base_aws.py:190} INFO - Credentials retrieved from login
[2022-03-15 13:43:52,574] {base_aws.py:90} INFO - Retrieving region_name from Connection.extra_config['region_name']
[2022-03-15 13:43:52,973] {base_aws.py:190} INFO - Credentials retrieved from login
[2022-03-15 13:43:52,974] {base_aws.py:90} INFO - Retrieving region_name from Connection.extra_config['region_name']
[2022-03-15 13:43:53,344] {base_aws.py:190} INFO - Credentials retrieved from login
[2022-03-15 13:43:53,345] {base_aws.py:90} INFO - Retrieving region_name from Connection.extra_config['region_name']
[2022-03-15 13:43:53,775] {base_aws.py:190} INFO - Credentials retrieved from login
[2022-03-15 13:43:53,776] {base_aws.py:90} INFO - Retrieving region_name from Connection.extra_config['region_name']
[2022-03-15 13:43:54,183] {base_aws.py:190} INFO - Credentials retrieved from login
[2022-03-15 13:43:54,184] {base_aws.py:90} INFO - Retrieving region_name from Connection.extra_config['region_name']
[2022-03-15 13:43:54,744] {base_aws.py:190} INFO - Credentials retrieved from login
[2022-03-15 13:43:54,745] {base_aws.py:90} INFO - Retrieving region_name from Connection.extra_config['region_name']
[2022-03-15 13:43:55,159] {base_aws.py:190} INFO - Credentials retrieved from login
[2022-03-15 13:43:55,161] {base_aws.py:90} INFO - Retrieving region_name from Connection.extra_config['region_name']
[2022-03-15 13:43:55,593] {base_aws.py:190} INFO - Credentials retrieved from login
[2022-03-15 13:43:55,595] {base_aws.py:90} INFO - Retrieving region_name from Connection.extra_config['region_name']
[2022-03-15 13:43:56,010] {base_aws.py:190} INFO - Credentials retrieved from login
[2022-03-15 13:43:56,011] {base_aws.py:90} INFO - Retrieving region_name from Connection.extra_config['region_name']
[2022-03-15 13:43:56,458] {base_aws.py:190} INFO - Credentials retrieved from login
[2022-03-15 13:43:56,460] {base_aws.py:90} INFO - Retrieving region_name from Connection.extra_config['region_name']
[2022-03-15 13:43:56,987] {base_aws.py:190} INFO - Credentials retrieved from login
[2022-03-15 13:43:56,989] {base_aws.py:90} INFO - Retrieving region_name from Connection.extra_config['region_name']
[2022-03-15 13:43:57,390] {base_aws.py:190} INFO - Credentials retrieved from login
[2022-03-15 13:43:57,391] {base_aws.py:90} INFO - Retrieving region_name from Connection.extra_config['region_name']
[2022-03-15 13:43:57,783] {base_aws.py:190} INFO - Credentials retrieved from login
[2022-03-15 13:43:57,784] {base_aws.py:90} INFO - Retrieving region_name from Connection.extra_config['region_name']
[2022-03-15 13:43:58,164] {base_aws.py:190} INFO - Credentials retrieved from login
[2022-03-15 13:43:58,166] {base_aws.py:90} INFO - Retrieving region_name from Connection.extra_config['region_name']
[2022-03-15 13:43:58,702] {base_aws.py:190} INFO - Credentials retrieved from login
[2022-03-15 13:43:58,703] {base_aws.py:90} INFO - Retrieving region_name from Connection.extra_config['region_name']
[2022-03-15 13:43:59,198] {base_aws.py:190} INFO - Credentials retrieved from login
[2022-03-15 13:43:59,199] {base_aws.py:90} INFO - Retrieving region_name from Connection.extra_config['region_name']
[2022-03-15 13:43:59,562] {base_aws.py:190} INFO - Credentials retrieved from login
[2022-03-15 13:43:59,563] {base_aws.py:90} INFO - Retrieving region_name from Connection.extra_config['region_name']
[2022-03-15 13:43:59,946] {base_aws.py:190} INFO - Credentials retrieved from login
[2022-03-15 13:43:59,947] {base_aws.py:90} INFO - Retrieving region_name from Connection.extra_config['region_name']
[2022-03-15 13:44:00,327] {base_aws.py:190} INFO - Credentials retrieved from login
[2022-03-15 13:44:00,328] {base_aws.py:90} INFO - Retrieving region_name from Connection.extra_config['region_name']
[2022-03-15 13:44:00,737] {base_aws.py:190} INFO - Credentials retrieved from login
[2022-03-15 13:44:00,738] {base_aws.py:90} INFO - Retrieving region_name from Connection.extra_config['region_name']
[2022-03-15 13:44:01,123] {base_aws.py:190} INFO - Credentials retrieved from login
[2022-03-15 13:44:01,124] {base_aws.py:90} INFO - Retrieving region_name from Connection.extra_config['region_name']
[2022-03-15 13:44:01,668] {base_aws.py:190} INFO - Credentials retrieved from login
[2022-03-15 13:44:01,669] {base_aws.py:90} INFO - Retrieving region_name from Connection.extra_config['region_name']
[2022-03-15 13:44:02,062] {base_aws.py:190} INFO - Credentials retrieved from login
[2022-03-15 13:44:02,063] {base_aws.py:90} INFO - Retrieving region_name from Connection.extra_config['region_name']
[2022-03-15 13:44:02,467] {base_aws.py:190} INFO - Credentials retrieved from login
[2022-03-15 13:44:02,468] {base_aws.py:90} INFO - Retrieving region_name from Connection.extra_config['region_name']
[2022-03-15 13:44:02,898] {base_aws.py:190} INFO - Credentials retrieved from login
[2022-03-15 13:44:02,899] {base_aws.py:90} INFO - Retrieving region_name from Connection.extra_config['region_name']
[2022-03-15 13:44:03,271] {base_aws.py:190} INFO - Credentials retrieved from login
[2022-03-15 13:44:03,272] {base_aws.py:90} INFO - Retrieving region_name from Connection.extra_config['region_name']
[2022-03-15 13:44:03,803] {base_aws.py:190} INFO - Credentials retrieved from login
[2022-03-15 13:44:03,804] {base_aws.py:90} INFO - Retrieving region_name from Connection.extra_config['region_name']
[2022-03-15 13:44:04,314] {base_aws.py:190} INFO - Credentials retrieved from login
[2022-03-15 13:44:04,315] {base_aws.py:90} INFO - Retrieving region_name from Connection.extra_config['region_name']
[2022-03-15 13:44:06,019] {base_aws.py:190} INFO - Credentials retrieved from login
[2022-03-15 13:44:06,020] {base_aws.py:90} INFO - Retrieving region_name from Connection.extra_config['region_name']
[2022-03-15 13:44:06,435] {base_aws.py:190} INFO - Credentials retrieved from login
[2022-03-15 13:44:06,437] {base_aws.py:90} INFO - Retrieving region_name from Connection.extra_config['region_name']
[2022-03-15 13:44:06,842] {base_aws.py:190} INFO - Credentials retrieved from login
[2022-03-15 13:44:06,843] {base_aws.py:90} INFO - Retrieving region_name from Connection.extra_config['region_name']
[2022-03-15 13:44:07,370] {base_aws.py:190} INFO - Credentials retrieved from login
[2022-03-15 13:44:07,371] {base_aws.py:90} INFO - Retrieving region_name from Connection.extra_config['region_name']
[2022-03-15 13:44:07,769] {base_aws.py:190} INFO - Credentials retrieved from login
[2022-03-15 13:44:07,770] {base_aws.py:90} INFO - Retrieving region_name from Connection.extra_config['region_name']
[2022-03-15 13:44:08,146] {base_aws.py:190} INFO - Credentials retrieved from login
[2022-03-15 13:44:08,147] {base_aws.py:90} INFO - Retrieving region_name from Connection.extra_config['region_name']
[2022-03-15 13:44:08,564] {base_aws.py:190} INFO - Credentials retrieved from login
[2022-03-15 13:44:08,565] {base_aws.py:90} INFO - Retrieving region_name from Connection.extra_config['region_name']
[2022-03-15 13:44:09,028] {base_aws.py:190} INFO - Credentials retrieved from login
[2022-03-15 13:44:09,029] {base_aws.py:90} INFO - Retrieving region_name from Connection.extra_config['region_name']
[2022-03-15 13:44:09,565] {base_aws.py:190} INFO - Credentials retrieved from login
[2022-03-15 13:44:09,566] {base_aws.py:90} INFO - Retrieving region_name from Connection.extra_config['region_name']
[2022-03-15 13:44:09,993] {base_aws.py:190} INFO - Credentials retrieved from login
[2022-03-15 13:44:09,994] {base_aws.py:90} INFO - Retrieving region_name from Connection.extra_config['region_name']
[2022-03-15 13:44:10,367] {base_aws.py:190} INFO - Credentials retrieved from login
[2022-03-15 13:44:10,368] {base_aws.py:90} INFO - Retrieving region_name from Connection.extra_config['region_name']
[2022-03-15 13:44:10,763] {base_aws.py:190} INFO - Credentials retrieved from login
[2022-03-15 13:44:10,764] {base_aws.py:90} INFO - Retrieving region_name from Connection.extra_config['region_name']
[2022-03-15 13:44:11,156] {base_aws.py:190} INFO - Credentials retrieved from login
[2022-03-15 13:44:11,157] {base_aws.py:90} INFO - Retrieving region_name from Connection.extra_config['region_name']
[2022-03-15 13:44:11,858] {base_aws.py:190} INFO - Credentials retrieved from login
[2022-03-15 13:44:11,860] {base_aws.py:90} INFO - Retrieving region_name from Connection.extra_config['region_name']
[2022-03-15 13:44:12,388] {base_aws.py:190} INFO - Credentials retrieved from login
[2022-03-15 13:44:12,389] {base_aws.py:90} INFO - Retrieving region_name from Connection.extra_config['region_name']
[2022-03-15 13:44:12,788] {base_aws.py:190} INFO - Credentials retrieved from login
[2022-03-15 13:44:12,789] {base_aws.py:90} INFO - Retrieving region_name from Connection.extra_config['region_name']
[2022-03-15 13:44:13,366] {base_aws.py:190} INFO - Credentials retrieved from login
[2022-03-15 13:44:13,367] {base_aws.py:90} INFO - Retrieving region_name from Connection.extra_config['region_name']
[2022-03-15 13:44:13,765] {base_aws.py:190} INFO - Credentials retrieved from login
[2022-03-15 13:44:13,766] {base_aws.py:90} INFO - Retrieving region_name from Connection.extra_config['region_name']
[2022-03-15 13:44:14,145] {base_aws.py:190} INFO - Credentials retrieved from login
[2022-03-15 13:44:14,146] {base_aws.py:90} INFO - Retrieving region_name from Connection.extra_config['region_name']
[2022-03-15 13:44:14,660] {base_aws.py:190} INFO - Credentials retrieved from login
[2022-03-15 13:44:14,661] {base_aws.py:90} INFO - Retrieving region_name from Connection.extra_config['region_name']
[2022-03-15 13:44:15,037] {base_aws.py:190} INFO - Credentials retrieved from login
[2022-03-15 13:44:15,038] {base_aws.py:90} INFO - Retrieving region_name from Connection.extra_config['region_name']
[2022-03-15 13:44:15,728] {base_aws.py:190} INFO - Credentials retrieved from login
[2022-03-15 13:44:15,729] {base_aws.py:90} INFO - Retrieving region_name from Connection.extra_config['region_name']
[2022-03-15 13:44:16,091] {base_aws.py:190} INFO - Credentials retrieved from login
[2022-03-15 13:44:16,093] {base_aws.py:90} INFO - Retrieving region_name from Connection.extra_config['region_name']
[2022-03-15 13:44:16,471] {base_aws.py:190} INFO - Credentials retrieved from login
[2022-03-15 13:44:16,472] {base_aws.py:90} INFO - Retrieving region_name from Connection.extra_config['region_name']
[2022-03-15 13:44:16,983] {base_aws.py:190} INFO - Credentials retrieved from login
[2022-03-15 13:44:16,984] {base_aws.py:90} INFO - Retrieving region_name from Connection.extra_config['region_name']
[2022-03-15 13:44:17,374] {base_aws.py:190} INFO - Credentials retrieved from login
[2022-03-15 13:44:17,376] {base_aws.py:90} INFO - Retrieving region_name from Connection.extra_config['region_name']
[2022-03-15 13:44:17,777] {base_aws.py:190} INFO - Credentials retrieved from login
[2022-03-15 13:44:17,778] {base_aws.py:90} INFO - Retrieving region_name from Connection.extra_config['region_name']
[2022-03-15 13:44:18,185] {logging_mixin.py:109} INFO -                                                  title  servings  ...                                        ingredients        id
0    Greek-Style Baked Fish: Fresh, Simple, and Del...         4  ...  [bell pepper, tomato, lemon wedge, red onion, ...  716408.0
1                                       Plantain Salad         1  ...  [plantain, shrimp, vegetable, vegetable oil, p...  729366.0
2                           Jade Buddha Salmon Tartare         2  ...                              [lime juice, vinegar]  648320.0
3    Balsamic & Honey Glazed Salmon with Lemony Asp...         2  ...  [apple cider vinegar, grape seed oil, lemon ze...  633921.0
4    Salmon, Watercress, Fennel and Baby Beetroot S...         4  ...  [watercress, salmon, fennel, beet, tarragon, o...  659143.0
..                                                 ...       ...  ...                                                ...       ...
126                                 Homemade Guacamole         4  ...                                                NaN  715543.0
127  Carrot and Cabbage Salad With Coriander+cumin ...         1  ...  [sunflower seeds, lime juice, carrot, cabbage,...  637162.0
128                              Splendid Texas Caviar         3  ...                                                NaN  661386.0
129                                        Crab Stacks         3  ...  [stock, lime, cilantro, crab, avocado, chili p...  640321.0
130                              Avocado Chicken Salad         2  ...  [water, black pepper, lime juice, chicken meat...  633132.0

[131 rows x 7 columns]
[2022-03-15 13:44:18,189] {python.py:175} INFO - Done. Returned value was: None
[2022-03-15 13:44:18,198] {taskinstance.py:1272} INFO - Marking task as SUCCESS. dag_id=simple_dag, task_id=to_sql, execution_date=20220315T134000, start_date=20220315T184316, end_date=20220315T184418
[2022-03-15 13:44:18,275] {local_task_job.py:154} INFO - Task exited with return code 0
[2022-03-15 13:44:18,294] {local_task_job.py:264} INFO - 0 downstream tasks scheduled from follow-on schedule check
