[2022-03-14 12:10:38,535] {taskinstance.py:1037} INFO - Dependencies all met for <TaskInstance: simple_dag.request_user scheduled__2022-03-14T12:08:00+00:00 [queued]>
[2022-03-14 12:10:38,544] {taskinstance.py:1037} INFO - Dependencies all met for <TaskInstance: simple_dag.request_user scheduled__2022-03-14T12:08:00+00:00 [queued]>
[2022-03-14 12:10:38,544] {taskinstance.py:1243} INFO - 
--------------------------------------------------------------------------------
[2022-03-14 12:10:38,544] {taskinstance.py:1244} INFO - Starting attempt 1 of 1
[2022-03-14 12:10:38,544] {taskinstance.py:1245} INFO - 
--------------------------------------------------------------------------------
[2022-03-14 12:10:38,554] {taskinstance.py:1264} INFO - Executing <Task(PythonOperator): request_user> on 2022-03-14 12:08:00+00:00
[2022-03-14 12:10:38,558] {standard_task_runner.py:52} INFO - Started process 82759 to run task
[2022-03-14 12:10:38,566] {standard_task_runner.py:76} INFO - Running: ['airflow', 'tasks', 'run', 'simple_dag', 'request_user', 'scheduled__2022-03-14T12:08:00+00:00', '--job-id', '137', '--raw', '--subdir', 'DAGS_FOLDER/simple_dag.py', '--cfg-path', '/var/folders/tl/ljh9dpdd2fnbgmc62qc2b49h0000gn/T/tmpe9vqrij7', '--error-file', '/var/folders/tl/ljh9dpdd2fnbgmc62qc2b49h0000gn/T/tmpphpqp5px']
[2022-03-14 12:10:38,569] {standard_task_runner.py:77} INFO - Job 137: Subtask request_user
[2022-03-14 12:10:38,631] {logging_mixin.py:109} INFO - Running <TaskInstance: simple_dag.request_user scheduled__2022-03-14T12:08:00+00:00 [running]> on host 1.0.0.0.0.0.0.0.0.0.0.0.0.0.0.0.0.0.0.0.0.0.0.0.0.0.0.0.0.0.0.0.ip6.arpa
[2022-03-14 12:10:38,679] {taskinstance.py:1429} INFO - Exporting the following env vars:
AIRFLOW_CTX_DAG_OWNER=airflow
AIRFLOW_CTX_DAG_ID=simple_dag
AIRFLOW_CTX_TASK_ID=request_user
AIRFLOW_CTX_EXECUTION_DATE=2022-03-14T12:08:00+00:00
AIRFLOW_CTX_DAG_RUN_ID=scheduled__2022-03-14T12:08:00+00:00
[2022-03-14 12:10:38,788] {logging_mixin.py:109} INFO - {'pantry': {'excludeIngredients': ['cauliflower rice', 'soup'], 'includeIngredients': ['stock', 'cauliflower florets'], 'intolerances': 'wheat'}, 'user': {'address': '18841 Mark Valleys\nWest Brianborough, HI 18899', 'description': 'Night majority water him rather ground yes environment. American they work nature. Cut tonight may race analysis case.\nThought image leg business sell.', 'name': 'Sandra Edwards'}}
[2022-03-14 12:10:38,789] {logging_mixin.py:109} INFO - /Users/HomeFolder/mydatasets/datacourse_data-workflows-and-architectures/miniprojects/airflow
[2022-03-14 12:10:40,791] {python.py:175} INFO - Done. Returned value was: None
[2022-03-14 12:10:40,802] {taskinstance.py:1272} INFO - Marking task as SUCCESS. dag_id=simple_dag, task_id=request_user, execution_date=20220314T120800, start_date=20220314T171038, end_date=20220314T171040
[2022-03-14 12:10:40,858] {local_task_job.py:154} INFO - Task exited with return code 0
[2022-03-14 12:10:40,878] {local_task_job.py:264} INFO - 0 downstream tasks scheduled from follow-on schedule check
