[2022-03-14 11:06:27,939] {taskinstance.py:1037} INFO - Dependencies all met for <TaskInstance: simple_dag.print_word_count scheduled__2022-03-14T11:11:00+00:00 [queued]>
[2022-03-14 11:06:27,945] {taskinstance.py:1037} INFO - Dependencies all met for <TaskInstance: simple_dag.print_word_count scheduled__2022-03-14T11:11:00+00:00 [queued]>
[2022-03-14 11:06:27,945] {taskinstance.py:1243} INFO - 
--------------------------------------------------------------------------------
[2022-03-14 11:06:27,945] {taskinstance.py:1244} INFO - Starting attempt 1 of 1
[2022-03-14 11:06:27,945] {taskinstance.py:1245} INFO - 
--------------------------------------------------------------------------------
[2022-03-14 11:06:27,954] {taskinstance.py:1264} INFO - Executing <Task(PythonOperator): print_word_count> on 2022-03-14 11:11:00+00:00
[2022-03-14 11:06:27,957] {standard_task_runner.py:52} INFO - Started process 79594 to run task
[2022-03-14 11:06:27,963] {standard_task_runner.py:76} INFO - Running: ['airflow', 'tasks', 'run', 'simple_dag', 'print_word_count', 'scheduled__2022-03-14T11:11:00+00:00', '--job-id', '95', '--raw', '--subdir', 'DAGS_FOLDER/simple_dag.py', '--cfg-path', '/var/folders/tl/ljh9dpdd2fnbgmc62qc2b49h0000gn/T/tmpz9e1bnd8', '--error-file', '/var/folders/tl/ljh9dpdd2fnbgmc62qc2b49h0000gn/T/tmpxg5xpso6']
[2022-03-14 11:06:27,966] {standard_task_runner.py:77} INFO - Job 95: Subtask print_word_count
[2022-03-14 11:06:28,024] {logging_mixin.py:109} INFO - Running <TaskInstance: simple_dag.print_word_count scheduled__2022-03-14T11:11:00+00:00 [running]> on host 1.0.0.0.0.0.0.0.0.0.0.0.0.0.0.0.0.0.0.0.0.0.0.0.0.0.0.0.0.0.0.0.ip6.arpa
[2022-03-14 11:06:28,067] {taskinstance.py:1429} INFO - Exporting the following env vars:
AIRFLOW_CTX_DAG_OWNER=airflow
AIRFLOW_CTX_DAG_ID=simple_dag
AIRFLOW_CTX_TASK_ID=print_word_count
AIRFLOW_CTX_EXECUTION_DATE=2022-03-14T11:11:00+00:00
AIRFLOW_CTX_DAG_RUN_ID=scheduled__2022-03-14T11:11:00+00:00
[2022-03-14 11:06:28,068] {logging_mixin.py:109} INFO - working
[2022-03-14 11:06:28,069] {python.py:175} INFO - Done. Returned value was: None
[2022-03-14 11:06:28,078] {taskinstance.py:1272} INFO - Marking task as SUCCESS. dag_id=simple_dag, task_id=print_word_count, execution_date=20220314T111100, start_date=20220314T160627, end_date=20220314T160628
[2022-03-14 11:06:28,101] {local_task_job.py:154} INFO - Task exited with return code 0
[2022-03-14 11:06:28,121] {local_task_job.py:264} INFO - 0 downstream tasks scheduled from follow-on schedule check
