[2022-03-14 11:15:20,748] {taskinstance.py:1037} INFO - Dependencies all met for <TaskInstance: simple_dag.print_word_count scheduled__2022-03-14T11:18:00+00:00 [queued]>
[2022-03-14 11:15:20,755] {taskinstance.py:1037} INFO - Dependencies all met for <TaskInstance: simple_dag.print_word_count scheduled__2022-03-14T11:18:00+00:00 [queued]>
[2022-03-14 11:15:20,755] {taskinstance.py:1243} INFO - 
--------------------------------------------------------------------------------
[2022-03-14 11:15:20,755] {taskinstance.py:1244} INFO - Starting attempt 1 of 1
[2022-03-14 11:15:20,755] {taskinstance.py:1245} INFO - 
--------------------------------------------------------------------------------
[2022-03-14 11:15:20,765] {taskinstance.py:1264} INFO - Executing <Task(PythonOperator): print_word_count> on 2022-03-14 11:18:00+00:00
[2022-03-14 11:15:20,769] {standard_task_runner.py:52} INFO - Started process 80043 to run task
[2022-03-14 11:15:20,774] {standard_task_runner.py:76} INFO - Running: ['airflow', 'tasks', 'run', 'simple_dag', 'print_word_count', 'scheduled__2022-03-14T11:18:00+00:00', '--job-id', '114', '--raw', '--subdir', 'DAGS_FOLDER/simple_dag.py', '--cfg-path', '/var/folders/tl/ljh9dpdd2fnbgmc62qc2b49h0000gn/T/tmp9co1w_i4', '--error-file', '/var/folders/tl/ljh9dpdd2fnbgmc62qc2b49h0000gn/T/tmpg60rv5dj']
[2022-03-14 11:15:20,777] {standard_task_runner.py:77} INFO - Job 114: Subtask print_word_count
[2022-03-14 11:15:20,869] {logging_mixin.py:109} INFO - Running <TaskInstance: simple_dag.print_word_count scheduled__2022-03-14T11:18:00+00:00 [running]> on host 1.0.0.0.0.0.0.0.0.0.0.0.0.0.0.0.0.0.0.0.0.0.0.0.0.0.0.0.0.0.0.0.ip6.arpa
[2022-03-14 11:15:20,940] {taskinstance.py:1429} INFO - Exporting the following env vars:
AIRFLOW_CTX_DAG_OWNER=airflow
AIRFLOW_CTX_DAG_ID=simple_dag
AIRFLOW_CTX_TASK_ID=print_word_count
AIRFLOW_CTX_EXECUTION_DATE=2022-03-14T11:18:00+00:00
AIRFLOW_CTX_DAG_RUN_ID=scheduled__2022-03-14T11:18:00+00:00
[2022-03-14 11:15:21,052] {logging_mixin.py:109} INFO - {'pantry': {'excludeIngredients': ['ginger', 'couscous'], 'includeIngredients': ['couscous', 'whole chicken', 'pepper', 'cooking spray'], 'intolerances': 'egg'}, 'user': {'address': 'PSC 9554, Box 8555\nAPO AE 98848', 'description': 'Summer despite trade speak story. Point federal human whether heart. Sport campaign son young.\nManager stand air mission course. Listen growth interview treat single recently.', 'name': 'Travis Mueller'}}
[2022-03-14 11:15:21,054] {python.py:175} INFO - Done. Returned value was: None
[2022-03-14 11:15:21,062] {taskinstance.py:1272} INFO - Marking task as SUCCESS. dag_id=simple_dag, task_id=print_word_count, execution_date=20220314T111800, start_date=20220314T161520, end_date=20220314T161521
[2022-03-14 11:15:21,084] {local_task_job.py:154} INFO - Task exited with return code 0
[2022-03-14 11:15:21,107] {local_task_job.py:264} INFO - 0 downstream tasks scheduled from follow-on schedule check
