[2022-03-15 21:18:18,500] {taskinstance.py:1037} INFO - Dependencies all met for <TaskInstance: simple_dag.s3_sensor scheduled__2022-03-15T21:11:00+00:00 [queued]>
[2022-03-15 21:18:18,508] {taskinstance.py:1037} INFO - Dependencies all met for <TaskInstance: simple_dag.s3_sensor scheduled__2022-03-15T21:11:00+00:00 [queued]>
[2022-03-15 21:18:18,509] {taskinstance.py:1243} INFO - 
--------------------------------------------------------------------------------
[2022-03-15 21:18:18,509] {taskinstance.py:1244} INFO - Starting attempt 1 of 1
[2022-03-15 21:18:18,509] {taskinstance.py:1245} INFO - 
--------------------------------------------------------------------------------
[2022-03-15 21:18:18,520] {taskinstance.py:1264} INFO - Executing <Task(S3PrefixSensor): s3_sensor> on 2022-03-15 21:11:00+00:00
[2022-03-15 21:18:18,526] {standard_task_runner.py:52} INFO - Started process 39045 to run task
[2022-03-15 21:18:18,532] {standard_task_runner.py:76} INFO - Running: ['airflow', 'tasks', 'run', 'simple_dag', 's3_sensor', 'scheduled__2022-03-15T21:11:00+00:00', '--job-id', '407', '--raw', '--subdir', 'DAGS_FOLDER/simple_dag.py', '--cfg-path', '/var/folders/tl/ljh9dpdd2fnbgmc62qc2b49h0000gn/T/tmp673hvao4', '--error-file', '/var/folders/tl/ljh9dpdd2fnbgmc62qc2b49h0000gn/T/tmpvyd5d7e_']
[2022-03-15 21:18:18,536] {standard_task_runner.py:77} INFO - Job 407: Subtask s3_sensor
[2022-03-15 21:18:18,613] {logging_mixin.py:109} INFO - Running <TaskInstance: simple_dag.s3_sensor scheduled__2022-03-15T21:11:00+00:00 [running]> on host 1.0.0.0.0.0.0.0.0.0.0.0.0.0.0.0.0.0.0.0.0.0.0.0.0.0.0.0.0.0.0.0.ip6.arpa
[2022-03-15 21:18:18,678] {taskinstance.py:1429} INFO - Exporting the following env vars:
AIRFLOW_CTX_DAG_OWNER=airflow
AIRFLOW_CTX_DAG_ID=simple_dag
AIRFLOW_CTX_TASK_ID=s3_sensor
AIRFLOW_CTX_EXECUTION_DATE=2022-03-15T21:11:00+00:00
AIRFLOW_CTX_DAG_RUN_ID=scheduled__2022-03-15T21:11:00+00:00
[2022-03-15 21:18:18,684] {s3.py:390} INFO - Poking for prefix : ['raw/'] in bucket s3://airflowrs
[2022-03-15 21:18:18,694] {base_aws.py:190} INFO - Credentials retrieved from login
[2022-03-15 21:18:18,696] {base_aws.py:90} INFO - Retrieving region_name from Connection.extra_config['region_name']
[2022-03-15 21:18:19,077] {base.py:251} INFO - Success criteria met. Exiting.
[2022-03-15 21:18:19,087] {taskinstance.py:1272} INFO - Marking task as SUCCESS. dag_id=simple_dag, task_id=s3_sensor, execution_date=20220315T211100, start_date=20220316T021818, end_date=20220316T021819
[2022-03-15 21:18:19,146] {local_task_job.py:154} INFO - Task exited with return code 0
[2022-03-15 21:18:19,230] {local_task_job.py:264} INFO - 1 downstream tasks scheduled from follow-on schedule check
