[2022-03-15 11:52:09,105] {taskinstance.py:1037} INFO - Dependencies all met for <TaskInstance: simple_dag.get_recipes scheduled__2022-03-15T11:50:00+00:00 [queued]>
[2022-03-15 11:52:09,114] {taskinstance.py:1037} INFO - Dependencies all met for <TaskInstance: simple_dag.get_recipes scheduled__2022-03-15T11:50:00+00:00 [queued]>
[2022-03-15 11:52:09,114] {taskinstance.py:1243} INFO - 
--------------------------------------------------------------------------------
[2022-03-15 11:52:09,114] {taskinstance.py:1244} INFO - Starting attempt 1 of 1
[2022-03-15 11:52:09,114] {taskinstance.py:1245} INFO - 
--------------------------------------------------------------------------------
[2022-03-15 11:52:09,124] {taskinstance.py:1264} INFO - Executing <Task(PythonOperator): get_recipes> on 2022-03-15 11:50:00+00:00
[2022-03-15 11:52:09,130] {standard_task_runner.py:52} INFO - Started process 21624 to run task
[2022-03-15 11:52:09,139] {standard_task_runner.py:76} INFO - Running: ['airflow', 'tasks', 'run', 'simple_dag', 'get_recipes', 'scheduled__2022-03-15T11:50:00+00:00', '--job-id', '297', '--raw', '--subdir', 'DAGS_FOLDER/simple_dag.py', '--cfg-path', '/var/folders/tl/ljh9dpdd2fnbgmc62qc2b49h0000gn/T/tmplmgr2m8w', '--error-file', '/var/folders/tl/ljh9dpdd2fnbgmc62qc2b49h0000gn/T/tmpcnmjow02']
[2022-03-15 11:52:09,143] {standard_task_runner.py:77} INFO - Job 297: Subtask get_recipes
[2022-03-15 11:52:09,210] {logging_mixin.py:109} INFO - Running <TaskInstance: simple_dag.get_recipes scheduled__2022-03-15T11:50:00+00:00 [running]> on host 1.0.0.0.0.0.0.0.0.0.0.0.0.0.0.0.0.0.0.0.0.0.0.0.0.0.0.0.0.0.0.0.ip6.arpa
[2022-03-15 11:52:09,273] {taskinstance.py:1429} INFO - Exporting the following env vars:
AIRFLOW_CTX_DAG_OWNER=airflow
AIRFLOW_CTX_DAG_ID=simple_dag
AIRFLOW_CTX_TASK_ID=get_recipes
AIRFLOW_CTX_EXECUTION_DATE=2022-03-15T11:50:00+00:00
AIRFLOW_CTX_DAG_RUN_ID=scheduled__2022-03-15T11:50:00+00:00
[2022-03-15 11:52:09,294] {base_aws.py:190} INFO - Credentials retrieved from login
[2022-03-15 11:52:09,296] {base_aws.py:90} INFO - Retrieving region_name from Connection.extra_config['region_name']
[2022-03-15 11:52:09,682] {python.py:175} INFO - Done. Returned value was: None
[2022-03-15 11:52:09,690] {taskinstance.py:1272} INFO - Marking task as SUCCESS. dag_id=simple_dag, task_id=get_recipes, execution_date=20220315T115000, start_date=20220315T165209, end_date=20220315T165209
[2022-03-15 11:52:09,751] {local_task_job.py:154} INFO - Task exited with return code 0
[2022-03-15 11:52:09,772] {local_task_job.py:264} INFO - 0 downstream tasks scheduled from follow-on schedule check
