[2022-03-15 14:10:19,698] {taskinstance.py:1037} INFO - Dependencies all met for <TaskInstance: simple_dag.to_sql scheduled__2022-03-15T14:10:00+00:00 [queued]>
[2022-03-15 14:10:19,708] {taskinstance.py:1037} INFO - Dependencies all met for <TaskInstance: simple_dag.to_sql scheduled__2022-03-15T14:10:00+00:00 [queued]>
[2022-03-15 14:10:19,708] {taskinstance.py:1243} INFO - 
--------------------------------------------------------------------------------
[2022-03-15 14:10:19,708] {taskinstance.py:1244} INFO - Starting attempt 1 of 1
[2022-03-15 14:10:19,708] {taskinstance.py:1245} INFO - 
--------------------------------------------------------------------------------
[2022-03-15 14:10:19,718] {taskinstance.py:1264} INFO - Executing <Task(PythonOperator): to_sql> on 2022-03-15 14:10:00+00:00
[2022-03-15 14:10:19,723] {standard_task_runner.py:52} INFO - Started process 26085 to run task
[2022-03-15 14:10:19,732] {standard_task_runner.py:76} INFO - Running: ['airflow', 'tasks', 'run', 'simple_dag', 'to_sql', 'scheduled__2022-03-15T14:10:00+00:00', '--job-id', '327', '--raw', '--subdir', 'DAGS_FOLDER/simple_dag.py', '--cfg-path', '/var/folders/tl/ljh9dpdd2fnbgmc62qc2b49h0000gn/T/tmpd_ue60od', '--error-file', '/var/folders/tl/ljh9dpdd2fnbgmc62qc2b49h0000gn/T/tmprt_317e2']
[2022-03-15 14:10:19,737] {standard_task_runner.py:77} INFO - Job 327: Subtask to_sql
[2022-03-15 14:10:19,798] {logging_mixin.py:109} INFO - Running <TaskInstance: simple_dag.to_sql scheduled__2022-03-15T14:10:00+00:00 [running]> on host 1.0.0.0.0.0.0.0.0.0.0.0.0.0.0.0.0.0.0.0.0.0.0.0.0.0.0.0.0.0.0.0.ip6.arpa
[2022-03-15 14:10:19,847] {taskinstance.py:1429} INFO - Exporting the following env vars:
AIRFLOW_CTX_DAG_OWNER=airflow
AIRFLOW_CTX_DAG_ID=simple_dag
AIRFLOW_CTX_TASK_ID=to_sql
AIRFLOW_CTX_EXECUTION_DATE=2022-03-15T14:10:00+00:00
AIRFLOW_CTX_DAG_RUN_ID=scheduled__2022-03-15T14:10:00+00:00
[2022-03-15 14:10:20,672] {base_aws.py:190} INFO - Credentials retrieved from login
[2022-03-15 14:10:20,673] {base_aws.py:90} INFO - Retrieving region_name from Connection.extra_config['region_name']
[2022-03-15 14:10:21,224] {base_aws.py:190} INFO - Credentials retrieved from login
[2022-03-15 14:10:21,225] {base_aws.py:90} INFO - Retrieving region_name from Connection.extra_config['region_name']
[2022-03-15 14:10:21,751] {base_aws.py:190} INFO - Credentials retrieved from login
[2022-03-15 14:10:21,753] {base_aws.py:90} INFO - Retrieving region_name from Connection.extra_config['region_name']
[2022-03-15 14:10:22,164] {base_aws.py:190} INFO - Credentials retrieved from login
[2022-03-15 14:10:22,165] {base_aws.py:90} INFO - Retrieving region_name from Connection.extra_config['region_name']
[2022-03-15 14:10:22,581] {base_aws.py:190} INFO - Credentials retrieved from login
[2022-03-15 14:10:22,582] {base_aws.py:90} INFO - Retrieving region_name from Connection.extra_config['region_name']
[2022-03-15 14:10:23,035] {base_aws.py:190} INFO - Credentials retrieved from login
[2022-03-15 14:10:23,037] {base_aws.py:90} INFO - Retrieving region_name from Connection.extra_config['region_name']
[2022-03-15 14:10:23,458] {base_aws.py:190} INFO - Credentials retrieved from login
[2022-03-15 14:10:23,459] {base_aws.py:90} INFO - Retrieving region_name from Connection.extra_config['region_name']
[2022-03-15 14:10:23,863] {base_aws.py:190} INFO - Credentials retrieved from login
[2022-03-15 14:10:23,864] {base_aws.py:90} INFO - Retrieving region_name from Connection.extra_config['region_name']
[2022-03-15 14:10:24,397] {base_aws.py:190} INFO - Credentials retrieved from login
[2022-03-15 14:10:24,399] {base_aws.py:90} INFO - Retrieving region_name from Connection.extra_config['region_name']
[2022-03-15 14:10:24,820] {base_aws.py:190} INFO - Credentials retrieved from login
[2022-03-15 14:10:24,822] {base_aws.py:90} INFO - Retrieving region_name from Connection.extra_config['region_name']
[2022-03-15 14:10:25,213] {base_aws.py:190} INFO - Credentials retrieved from login
[2022-03-15 14:10:25,215] {base_aws.py:90} INFO - Retrieving region_name from Connection.extra_config['region_name']
[2022-03-15 14:10:25,639] {base_aws.py:190} INFO - Credentials retrieved from login
[2022-03-15 14:10:25,640] {base_aws.py:90} INFO - Retrieving region_name from Connection.extra_config['region_name']
[2022-03-15 14:10:26,046] {base_aws.py:190} INFO - Credentials retrieved from login
[2022-03-15 14:10:26,047] {base_aws.py:90} INFO - Retrieving region_name from Connection.extra_config['region_name']
[2022-03-15 14:10:26,549] {base_aws.py:190} INFO - Credentials retrieved from login
[2022-03-15 14:10:26,550] {base_aws.py:90} INFO - Retrieving region_name from Connection.extra_config['region_name']
[2022-03-15 14:10:26,924] {base_aws.py:190} INFO - Credentials retrieved from login
[2022-03-15 14:10:26,926] {base_aws.py:90} INFO - Retrieving region_name from Connection.extra_config['region_name']
[2022-03-15 14:10:27,302] {base_aws.py:190} INFO - Credentials retrieved from login
[2022-03-15 14:10:27,303] {base_aws.py:90} INFO - Retrieving region_name from Connection.extra_config['region_name']
[2022-03-15 14:10:27,713] {base_aws.py:190} INFO - Credentials retrieved from login
[2022-03-15 14:10:27,714] {base_aws.py:90} INFO - Retrieving region_name from Connection.extra_config['region_name']
[2022-03-15 14:10:28,122] {base_aws.py:190} INFO - Credentials retrieved from login
[2022-03-15 14:10:28,123] {base_aws.py:90} INFO - Retrieving region_name from Connection.extra_config['region_name']
[2022-03-15 14:10:28,685] {base_aws.py:190} INFO - Credentials retrieved from login
[2022-03-15 14:10:28,686] {base_aws.py:90} INFO - Retrieving region_name from Connection.extra_config['region_name']
[2022-03-15 14:10:29,179] {base_aws.py:190} INFO - Credentials retrieved from login
[2022-03-15 14:10:29,180] {base_aws.py:90} INFO - Retrieving region_name from Connection.extra_config['region_name']
[2022-03-15 14:10:29,598] {base_aws.py:190} INFO - Credentials retrieved from login
[2022-03-15 14:10:29,599] {base_aws.py:90} INFO - Retrieving region_name from Connection.extra_config['region_name']
[2022-03-15 14:10:30,008] {base_aws.py:190} INFO - Credentials retrieved from login
[2022-03-15 14:10:30,009] {base_aws.py:90} INFO - Retrieving region_name from Connection.extra_config['region_name']
[2022-03-15 14:10:30,451] {base_aws.py:190} INFO - Credentials retrieved from login
[2022-03-15 14:10:30,452] {base_aws.py:90} INFO - Retrieving region_name from Connection.extra_config['region_name']
[2022-03-15 14:10:30,858] {base_aws.py:190} INFO - Credentials retrieved from login
[2022-03-15 14:10:30,859] {base_aws.py:90} INFO - Retrieving region_name from Connection.extra_config['region_name']
[2022-03-15 14:10:31,436] {base_aws.py:190} INFO - Credentials retrieved from login
[2022-03-15 14:10:31,437] {base_aws.py:90} INFO - Retrieving region_name from Connection.extra_config['region_name']
[2022-03-15 14:10:31,876] {base_aws.py:190} INFO - Credentials retrieved from login
[2022-03-15 14:10:31,884] {base_aws.py:90} INFO - Retrieving region_name from Connection.extra_config['region_name']
[2022-03-15 14:10:32,343] {base_aws.py:190} INFO - Credentials retrieved from login
[2022-03-15 14:10:32,344] {base_aws.py:90} INFO - Retrieving region_name from Connection.extra_config['region_name']
[2022-03-15 14:10:32,763] {base_aws.py:190} INFO - Credentials retrieved from login
[2022-03-15 14:10:32,764] {base_aws.py:90} INFO - Retrieving region_name from Connection.extra_config['region_name']
[2022-03-15 14:10:33,166] {base_aws.py:190} INFO - Credentials retrieved from login
[2022-03-15 14:10:33,167] {base_aws.py:90} INFO - Retrieving region_name from Connection.extra_config['region_name']
[2022-03-15 14:10:33,707] {base_aws.py:190} INFO - Credentials retrieved from login
[2022-03-15 14:10:33,709] {base_aws.py:90} INFO - Retrieving region_name from Connection.extra_config['region_name']
[2022-03-15 14:10:34,113] {base_aws.py:190} INFO - Credentials retrieved from login
[2022-03-15 14:10:34,114] {base_aws.py:90} INFO - Retrieving region_name from Connection.extra_config['region_name']
[2022-03-15 14:10:34,537] {base_aws.py:190} INFO - Credentials retrieved from login
[2022-03-15 14:10:34,539] {base_aws.py:90} INFO - Retrieving region_name from Connection.extra_config['region_name']
[2022-03-15 14:10:34,943] {base_aws.py:190} INFO - Credentials retrieved from login
[2022-03-15 14:10:34,945] {base_aws.py:90} INFO - Retrieving region_name from Connection.extra_config['region_name']
[2022-03-15 14:10:35,332] {base_aws.py:190} INFO - Credentials retrieved from login
[2022-03-15 14:10:35,333] {base_aws.py:90} INFO - Retrieving region_name from Connection.extra_config['region_name']
[2022-03-15 14:10:35,875] {base_aws.py:190} INFO - Credentials retrieved from login
[2022-03-15 14:10:35,877] {base_aws.py:90} INFO - Retrieving region_name from Connection.extra_config['region_name']
[2022-03-15 14:10:36,307] {base_aws.py:190} INFO - Credentials retrieved from login
[2022-03-15 14:10:36,309] {base_aws.py:90} INFO - Retrieving region_name from Connection.extra_config['region_name']
[2022-03-15 14:10:36,710] {base_aws.py:190} INFO - Credentials retrieved from login
[2022-03-15 14:10:36,712] {base_aws.py:90} INFO - Retrieving region_name from Connection.extra_config['region_name']
[2022-03-15 14:10:37,146] {base_aws.py:190} INFO - Credentials retrieved from login
[2022-03-15 14:10:37,147] {base_aws.py:90} INFO - Retrieving region_name from Connection.extra_config['region_name']
[2022-03-15 14:10:37,568] {base_aws.py:190} INFO - Credentials retrieved from login
[2022-03-15 14:10:37,569] {base_aws.py:90} INFO - Retrieving region_name from Connection.extra_config['region_name']
[2022-03-15 14:10:38,132] {base_aws.py:190} INFO - Credentials retrieved from login
[2022-03-15 14:10:38,134] {base_aws.py:90} INFO - Retrieving region_name from Connection.extra_config['region_name']
[2022-03-15 14:10:38,565] {base_aws.py:190} INFO - Credentials retrieved from login
[2022-03-15 14:10:38,566] {base_aws.py:90} INFO - Retrieving region_name from Connection.extra_config['region_name']
[2022-03-15 14:10:38,977] {base_aws.py:190} INFO - Credentials retrieved from login
[2022-03-15 14:10:39,018] {base_aws.py:90} INFO - Retrieving region_name from Connection.extra_config['region_name']
[2022-03-15 14:10:40,431] {base_aws.py:190} INFO - Credentials retrieved from login
[2022-03-15 14:10:40,432] {base_aws.py:90} INFO - Retrieving region_name from Connection.extra_config['region_name']
[2022-03-15 14:10:41,138] {base_aws.py:190} INFO - Credentials retrieved from login
[2022-03-15 14:10:41,139] {base_aws.py:90} INFO - Retrieving region_name from Connection.extra_config['region_name']
[2022-03-15 14:10:41,572] {base_aws.py:190} INFO - Credentials retrieved from login
[2022-03-15 14:10:41,573] {base_aws.py:90} INFO - Retrieving region_name from Connection.extra_config['region_name']
[2022-03-15 14:10:42,092] {base_aws.py:190} INFO - Credentials retrieved from login
[2022-03-15 14:10:42,093] {base_aws.py:90} INFO - Retrieving region_name from Connection.extra_config['region_name']
[2022-03-15 14:10:42,468] {base_aws.py:190} INFO - Credentials retrieved from login
[2022-03-15 14:10:42,469] {base_aws.py:90} INFO - Retrieving region_name from Connection.extra_config['region_name']
[2022-03-15 14:10:42,887] {base_aws.py:190} INFO - Credentials retrieved from login
[2022-03-15 14:10:42,889] {base_aws.py:90} INFO - Retrieving region_name from Connection.extra_config['region_name']
[2022-03-15 14:10:43,288] {base_aws.py:190} INFO - Credentials retrieved from login
[2022-03-15 14:10:43,289] {base_aws.py:90} INFO - Retrieving region_name from Connection.extra_config['region_name']
[2022-03-15 14:10:43,721] {base_aws.py:190} INFO - Credentials retrieved from login
[2022-03-15 14:10:43,722] {base_aws.py:90} INFO - Retrieving region_name from Connection.extra_config['region_name']
[2022-03-15 14:10:44,265] {base_aws.py:190} INFO - Credentials retrieved from login
[2022-03-15 14:10:44,266] {base_aws.py:90} INFO - Retrieving region_name from Connection.extra_config['region_name']
[2022-03-15 14:10:44,693] {base_aws.py:190} INFO - Credentials retrieved from login
[2022-03-15 14:10:44,694] {base_aws.py:90} INFO - Retrieving region_name from Connection.extra_config['region_name']
[2022-03-15 14:10:45,124] {base_aws.py:190} INFO - Credentials retrieved from login
[2022-03-15 14:10:45,125] {base_aws.py:90} INFO - Retrieving region_name from Connection.extra_config['region_name']
[2022-03-15 14:10:45,519] {base_aws.py:190} INFO - Credentials retrieved from login
[2022-03-15 14:10:45,520] {base_aws.py:90} INFO - Retrieving region_name from Connection.extra_config['region_name']
[2022-03-15 14:10:45,929] {base_aws.py:190} INFO - Credentials retrieved from login
[2022-03-15 14:10:45,930] {base_aws.py:90} INFO - Retrieving region_name from Connection.extra_config['region_name']
[2022-03-15 14:10:46,454] {base_aws.py:190} INFO - Credentials retrieved from login
[2022-03-15 14:10:46,455] {base_aws.py:90} INFO - Retrieving region_name from Connection.extra_config['region_name']
[2022-03-15 14:10:46,869] {base_aws.py:190} INFO - Credentials retrieved from login
[2022-03-15 14:10:46,870] {base_aws.py:90} INFO - Retrieving region_name from Connection.extra_config['region_name']
[2022-03-15 14:10:47,298] {base_aws.py:190} INFO - Credentials retrieved from login
[2022-03-15 14:10:47,299] {base_aws.py:90} INFO - Retrieving region_name from Connection.extra_config['region_name']
[2022-03-15 14:10:47,714] {base_aws.py:190} INFO - Credentials retrieved from login
[2022-03-15 14:10:47,715] {base_aws.py:90} INFO - Retrieving region_name from Connection.extra_config['region_name']
[2022-03-15 14:10:48,090] {base_aws.py:190} INFO - Credentials retrieved from login
[2022-03-15 14:10:48,091] {base_aws.py:90} INFO - Retrieving region_name from Connection.extra_config['region_name']
[2022-03-15 14:10:48,485] {base_aws.py:190} INFO - Credentials retrieved from login
[2022-03-15 14:10:48,486] {base_aws.py:90} INFO - Retrieving region_name from Connection.extra_config['region_name']
[2022-03-15 14:10:48,997] {base_aws.py:190} INFO - Credentials retrieved from login
[2022-03-15 14:10:48,998] {base_aws.py:90} INFO - Retrieving region_name from Connection.extra_config['region_name']
[2022-03-15 14:10:49,405] {base_aws.py:190} INFO - Credentials retrieved from login
[2022-03-15 14:10:49,406] {base_aws.py:90} INFO - Retrieving region_name from Connection.extra_config['region_name']
[2022-03-15 14:10:49,824] {base_aws.py:190} INFO - Credentials retrieved from login
[2022-03-15 14:10:49,825] {base_aws.py:90} INFO - Retrieving region_name from Connection.extra_config['region_name']
[2022-03-15 14:10:50,265] {base_aws.py:190} INFO - Credentials retrieved from login
[2022-03-15 14:10:50,266] {base_aws.py:90} INFO - Retrieving region_name from Connection.extra_config['region_name']
[2022-03-15 14:10:50,670] {base_aws.py:190} INFO - Credentials retrieved from login
[2022-03-15 14:10:50,672] {base_aws.py:90} INFO - Retrieving region_name from Connection.extra_config['region_name']
[2022-03-15 14:10:51,240] {base_aws.py:190} INFO - Credentials retrieved from login
[2022-03-15 14:10:51,241] {base_aws.py:90} INFO - Retrieving region_name from Connection.extra_config['region_name']
[2022-03-15 14:10:51,678] {base_aws.py:190} INFO - Credentials retrieved from login
[2022-03-15 14:10:51,680] {base_aws.py:90} INFO - Retrieving region_name from Connection.extra_config['region_name']
[2022-03-15 14:10:52,069] {base_aws.py:190} INFO - Credentials retrieved from login
[2022-03-15 14:10:52,071] {base_aws.py:90} INFO - Retrieving region_name from Connection.extra_config['region_name']
[2022-03-15 14:10:52,456] {base_aws.py:190} INFO - Credentials retrieved from login
[2022-03-15 14:10:52,457] {base_aws.py:90} INFO - Retrieving region_name from Connection.extra_config['region_name']
[2022-03-15 14:10:52,869] {base_aws.py:190} INFO - Credentials retrieved from login
[2022-03-15 14:10:52,870] {base_aws.py:90} INFO - Retrieving region_name from Connection.extra_config['region_name']
[2022-03-15 14:10:53,445] {base_aws.py:190} INFO - Credentials retrieved from login
[2022-03-15 14:10:53,446] {base_aws.py:90} INFO - Retrieving region_name from Connection.extra_config['region_name']
[2022-03-15 14:10:53,841] {base_aws.py:190} INFO - Credentials retrieved from login
[2022-03-15 14:10:53,843] {base_aws.py:90} INFO - Retrieving region_name from Connection.extra_config['region_name']
[2022-03-15 14:10:54,305] {base_aws.py:190} INFO - Credentials retrieved from login
[2022-03-15 14:10:54,306] {base_aws.py:90} INFO - Retrieving region_name from Connection.extra_config['region_name']
[2022-03-15 14:10:54,751] {base_aws.py:190} INFO - Credentials retrieved from login
[2022-03-15 14:10:54,752] {base_aws.py:90} INFO - Retrieving region_name from Connection.extra_config['region_name']
[2022-03-15 14:10:55,171] {base_aws.py:190} INFO - Credentials retrieved from login
[2022-03-15 14:10:55,172] {base_aws.py:90} INFO - Retrieving region_name from Connection.extra_config['region_name']
[2022-03-15 14:10:55,690] {base_aws.py:190} INFO - Credentials retrieved from login
[2022-03-15 14:10:55,692] {base_aws.py:90} INFO - Retrieving region_name from Connection.extra_config['region_name']
[2022-03-15 14:10:56,096] {base_aws.py:190} INFO - Credentials retrieved from login
[2022-03-15 14:10:56,097] {base_aws.py:90} INFO - Retrieving region_name from Connection.extra_config['region_name']
[2022-03-15 14:10:56,489] {base_aws.py:190} INFO - Credentials retrieved from login
[2022-03-15 14:10:56,491] {base_aws.py:90} INFO - Retrieving region_name from Connection.extra_config['region_name']
[2022-03-15 14:10:56,878] {base_aws.py:190} INFO - Credentials retrieved from login
[2022-03-15 14:10:56,880] {base_aws.py:90} INFO - Retrieving region_name from Connection.extra_config['region_name']
[2022-03-15 14:10:57,250] {base_aws.py:190} INFO - Credentials retrieved from login
[2022-03-15 14:10:57,252] {base_aws.py:90} INFO - Retrieving region_name from Connection.extra_config['region_name']
[2022-03-15 14:10:57,646] {base_aws.py:190} INFO - Credentials retrieved from login
[2022-03-15 14:10:57,647] {base_aws.py:90} INFO - Retrieving region_name from Connection.extra_config['region_name']
[2022-03-15 14:10:58,188] {base_aws.py:190} INFO - Credentials retrieved from login
[2022-03-15 14:10:58,189] {base_aws.py:90} INFO - Retrieving region_name from Connection.extra_config['region_name']
[2022-03-15 14:10:58,595] {base_aws.py:190} INFO - Credentials retrieved from login
[2022-03-15 14:10:58,597] {base_aws.py:90} INFO - Retrieving region_name from Connection.extra_config['region_name']
[2022-03-15 14:10:59,104] {base_aws.py:190} INFO - Credentials retrieved from login
[2022-03-15 14:10:59,105] {base_aws.py:90} INFO - Retrieving region_name from Connection.extra_config['region_name']
[2022-03-15 14:10:59,525] {base_aws.py:190} INFO - Credentials retrieved from login
[2022-03-15 14:10:59,526] {base_aws.py:90} INFO - Retrieving region_name from Connection.extra_config['region_name']
[2022-03-15 14:10:59,901] {base_aws.py:190} INFO - Credentials retrieved from login
[2022-03-15 14:10:59,902] {base_aws.py:90} INFO - Retrieving region_name from Connection.extra_config['region_name']
[2022-03-15 14:11:00,436] {base_aws.py:190} INFO - Credentials retrieved from login
[2022-03-15 14:11:00,437] {base_aws.py:90} INFO - Retrieving region_name from Connection.extra_config['region_name']
[2022-03-15 14:11:00,811] {base_aws.py:190} INFO - Credentials retrieved from login
[2022-03-15 14:11:00,813] {base_aws.py:90} INFO - Retrieving region_name from Connection.extra_config['region_name']
[2022-03-15 14:11:01,204] {base_aws.py:190} INFO - Credentials retrieved from login
[2022-03-15 14:11:01,205] {base_aws.py:90} INFO - Retrieving region_name from Connection.extra_config['region_name']
[2022-03-15 14:11:01,598] {base_aws.py:190} INFO - Credentials retrieved from login
[2022-03-15 14:11:01,599] {base_aws.py:90} INFO - Retrieving region_name from Connection.extra_config['region_name']
[2022-03-15 14:11:01,992] {base_aws.py:190} INFO - Credentials retrieved from login
[2022-03-15 14:11:01,994] {base_aws.py:90} INFO - Retrieving region_name from Connection.extra_config['region_name']
[2022-03-15 14:11:02,502] {base_aws.py:190} INFO - Credentials retrieved from login
[2022-03-15 14:11:02,503] {base_aws.py:90} INFO - Retrieving region_name from Connection.extra_config['region_name']
[2022-03-15 14:11:02,891] {base_aws.py:190} INFO - Credentials retrieved from login
[2022-03-15 14:11:02,892] {base_aws.py:90} INFO - Retrieving region_name from Connection.extra_config['region_name']
[2022-03-15 14:11:03,289] {base_aws.py:190} INFO - Credentials retrieved from login
[2022-03-15 14:11:03,291] {base_aws.py:90} INFO - Retrieving region_name from Connection.extra_config['region_name']
[2022-03-15 14:11:03,682] {base_aws.py:190} INFO - Credentials retrieved from login
[2022-03-15 14:11:03,689] {base_aws.py:90} INFO - Retrieving region_name from Connection.extra_config['region_name']
[2022-03-15 14:11:04,087] {base_aws.py:190} INFO - Credentials retrieved from login
[2022-03-15 14:11:04,088] {base_aws.py:90} INFO - Retrieving region_name from Connection.extra_config['region_name']
[2022-03-15 14:11:04,499] {base_aws.py:190} INFO - Credentials retrieved from login
[2022-03-15 14:11:04,501] {base_aws.py:90} INFO - Retrieving region_name from Connection.extra_config['region_name']
[2022-03-15 14:11:05,060] {base_aws.py:190} INFO - Credentials retrieved from login
[2022-03-15 14:11:05,062] {base_aws.py:90} INFO - Retrieving region_name from Connection.extra_config['region_name']
[2022-03-15 14:11:05,505] {base_aws.py:190} INFO - Credentials retrieved from login
[2022-03-15 14:11:05,506] {base_aws.py:90} INFO - Retrieving region_name from Connection.extra_config['region_name']
[2022-03-15 14:11:05,904] {base_aws.py:190} INFO - Credentials retrieved from login
[2022-03-15 14:11:05,905] {base_aws.py:90} INFO - Retrieving region_name from Connection.extra_config['region_name']
[2022-03-15 14:11:06,302] {base_aws.py:190} INFO - Credentials retrieved from login
[2022-03-15 14:11:06,303] {base_aws.py:90} INFO - Retrieving region_name from Connection.extra_config['region_name']
[2022-03-15 14:11:06,690] {base_aws.py:190} INFO - Credentials retrieved from login
[2022-03-15 14:11:06,691] {base_aws.py:90} INFO - Retrieving region_name from Connection.extra_config['region_name']
[2022-03-15 14:11:07,230] {base_aws.py:190} INFO - Credentials retrieved from login
[2022-03-15 14:11:07,231] {base_aws.py:90} INFO - Retrieving region_name from Connection.extra_config['region_name']
[2022-03-15 14:11:07,651] {base_aws.py:190} INFO - Credentials retrieved from login
[2022-03-15 14:11:07,652] {base_aws.py:90} INFO - Retrieving region_name from Connection.extra_config['region_name']
[2022-03-15 14:11:08,074] {base_aws.py:190} INFO - Credentials retrieved from login
[2022-03-15 14:11:08,075] {base_aws.py:90} INFO - Retrieving region_name from Connection.extra_config['region_name']
[2022-03-15 14:11:08,490] {base_aws.py:190} INFO - Credentials retrieved from login
[2022-03-15 14:11:08,491] {base_aws.py:90} INFO - Retrieving region_name from Connection.extra_config['region_name']
[2022-03-15 14:11:08,900] {base_aws.py:190} INFO - Credentials retrieved from login
[2022-03-15 14:11:08,901] {base_aws.py:90} INFO - Retrieving region_name from Connection.extra_config['region_name']
[2022-03-15 14:11:09,413] {base_aws.py:190} INFO - Credentials retrieved from login
[2022-03-15 14:11:09,415] {base_aws.py:90} INFO - Retrieving region_name from Connection.extra_config['region_name']
[2022-03-15 14:11:09,823] {base_aws.py:190} INFO - Credentials retrieved from login
[2022-03-15 14:11:09,824] {base_aws.py:90} INFO - Retrieving region_name from Connection.extra_config['region_name']
[2022-03-15 14:11:10,237] {base_aws.py:190} INFO - Credentials retrieved from login
[2022-03-15 14:11:10,238] {base_aws.py:90} INFO - Retrieving region_name from Connection.extra_config['region_name']
[2022-03-15 14:11:10,696] {base_aws.py:190} INFO - Credentials retrieved from login
[2022-03-15 14:11:10,697] {base_aws.py:90} INFO - Retrieving region_name from Connection.extra_config['region_name']
[2022-03-15 14:11:11,091] {base_aws.py:190} INFO - Credentials retrieved from login
[2022-03-15 14:11:11,092] {base_aws.py:90} INFO - Retrieving region_name from Connection.extra_config['region_name']
[2022-03-15 14:11:11,606] {base_aws.py:190} INFO - Credentials retrieved from login
[2022-03-15 14:11:11,607] {base_aws.py:90} INFO - Retrieving region_name from Connection.extra_config['region_name']
[2022-03-15 14:11:12,024] {base_aws.py:190} INFO - Credentials retrieved from login
[2022-03-15 14:11:12,025] {base_aws.py:90} INFO - Retrieving region_name from Connection.extra_config['region_name']
[2022-03-15 14:11:12,436] {base_aws.py:190} INFO - Credentials retrieved from login
[2022-03-15 14:11:12,437] {base_aws.py:90} INFO - Retrieving region_name from Connection.extra_config['region_name']
[2022-03-15 14:11:12,830] {base_aws.py:190} INFO - Credentials retrieved from login
[2022-03-15 14:11:12,831] {base_aws.py:90} INFO - Retrieving region_name from Connection.extra_config['region_name']
[2022-03-15 14:11:13,206] {base_aws.py:190} INFO - Credentials retrieved from login
[2022-03-15 14:11:13,207] {base_aws.py:90} INFO - Retrieving region_name from Connection.extra_config['region_name']
[2022-03-15 14:11:13,598] {base_aws.py:190} INFO - Credentials retrieved from login
[2022-03-15 14:11:13,599] {base_aws.py:90} INFO - Retrieving region_name from Connection.extra_config['region_name']
[2022-03-15 14:11:14,177] {base_aws.py:190} INFO - Credentials retrieved from login
[2022-03-15 14:11:14,178] {base_aws.py:90} INFO - Retrieving region_name from Connection.extra_config['region_name']
[2022-03-15 14:11:14,592] {base_aws.py:190} INFO - Credentials retrieved from login
[2022-03-15 14:11:14,594] {base_aws.py:90} INFO - Retrieving region_name from Connection.extra_config['region_name']
[2022-03-15 14:11:15,103] {base_aws.py:190} INFO - Credentials retrieved from login
[2022-03-15 14:11:15,105] {base_aws.py:90} INFO - Retrieving region_name from Connection.extra_config['region_name']
[2022-03-15 14:11:15,504] {base_aws.py:190} INFO - Credentials retrieved from login
[2022-03-15 14:11:15,505] {base_aws.py:90} INFO - Retrieving region_name from Connection.extra_config['region_name']
[2022-03-15 14:11:15,890] {base_aws.py:190} INFO - Credentials retrieved from login
[2022-03-15 14:11:15,891] {base_aws.py:90} INFO - Retrieving region_name from Connection.extra_config['region_name']
[2022-03-15 14:11:16,405] {base_aws.py:190} INFO - Credentials retrieved from login
[2022-03-15 14:11:16,406] {base_aws.py:90} INFO - Retrieving region_name from Connection.extra_config['region_name']
[2022-03-15 14:11:16,819] {base_aws.py:190} INFO - Credentials retrieved from login
[2022-03-15 14:11:16,820] {base_aws.py:90} INFO - Retrieving region_name from Connection.extra_config['region_name']
[2022-03-15 14:11:17,194] {base_aws.py:190} INFO - Credentials retrieved from login
[2022-03-15 14:11:17,195] {base_aws.py:90} INFO - Retrieving region_name from Connection.extra_config['region_name']
[2022-03-15 14:11:17,561] {base_aws.py:190} INFO - Credentials retrieved from login
[2022-03-15 14:11:17,562] {base_aws.py:90} INFO - Retrieving region_name from Connection.extra_config['region_name']
[2022-03-15 14:11:17,937] {base_aws.py:190} INFO - Credentials retrieved from login
[2022-03-15 14:11:17,938] {base_aws.py:90} INFO - Retrieving region_name from Connection.extra_config['region_name']
[2022-03-15 14:11:18,479] {base_aws.py:190} INFO - Credentials retrieved from login
[2022-03-15 14:11:18,481] {base_aws.py:90} INFO - Retrieving region_name from Connection.extra_config['region_name']
[2022-03-15 14:11:18,892] {base_aws.py:190} INFO - Credentials retrieved from login
[2022-03-15 14:11:18,893] {base_aws.py:90} INFO - Retrieving region_name from Connection.extra_config['region_name']
[2022-03-15 14:11:19,356] {base_aws.py:190} INFO - Credentials retrieved from login
[2022-03-15 14:11:19,357] {base_aws.py:90} INFO - Retrieving region_name from Connection.extra_config['region_name']
[2022-03-15 14:11:19,793] {logging_mixin.py:109} INFO -                                                  title  servings  ...                                        ingredients      id
66   Corn-Crusted Fish Tacos With Jalapeno-Lime Sau...         4  ...  [cornmeal, tomato, cumin, hot sauce, lime juic...  640117
95                          Jade Buddha Salmon Tartare         2  ...                              [vinegar, lime juice]  648320
96   Salmon, Watercress, Fennel and Baby Beetroot S...         4  ...  [water, black pepper, tarragon, wine, lemon ju...  659143
97                             Filet Mignon Soft Tacos         2  ...                                                NaN  715533
98                               Salmon Quinoa Risotto         4  ...  [stock, vegetable stock, salt and pepper, quin...  659109
99           Rice and Peas with Coconut Curry Mackerel         4  ...  [water, fish, sauce, seasoning cube, curry pow...  716364
100  Greek-Style Baked Fish: Fresh, Simple, and Del...         4  ...  [pepper, cooked rice, bell pepper, fish, dried...  716408
101                 Chicken Fajita Stuffed Bell Pepper         3  ...  [pepper, cheese, whole chicken, bell pepper, c...  795751
102                 Crunchy Brussels Sprouts Side Dish         4  ...  [water, pepper, walnuts, brussels sprouts, spr...  640941
103  Spicy Black-Eyed Pea Curry with Swiss Chard an...         6  ...  [water, beans, swiss chard, lemon juice, chili...  798400
104                                     Plantain Salad         1  ...  [vegetable, vegetable oil, parmesan, plantain,...  729366
105                          Butternut Squash Frittata         1  ...  [cheese, pepper, milk, butternut squash, egg, ...  636589
106                                 Corn Avocado Salsa         2  ...  [avocado, spread, red pepper, olive oil spray,...  640062
107  Cauliflower, Brown Rice, and Vegetable Fried Rice         8  ...  [rice, cauliflower, garlic, peas, whole chicke...  716426
108             Homemade Garlic and Basil French Fries         2  ...                                                NaN  715594
109                                      Garlicky Kale         2  ...                 [kale, vinegar, olive oil, garlic]  644387
110                        African Chicken Peanut Stew         1  ...  [bell pepper, peanut butter, tomato, white ric...  716268
111                                Nigerian Snail Stew         1  ...  [bell pepper, pasta, tomato, chili powder, ric...  716381
112                          Red Kidney Bean Jambalaya         6  ...  [marjoram, carrot, tomato, rice, green beans, ...  782601
113                   Broccoli and Chickpea Rice Salad         6  ...                 [broccoli, seasoning, cooking oil]  794349
114                                 Hummus and Za'atar         4  ...  [water, canned chickpeas, pita, tahini, vegeta...  766453
115                       Easy Homemade Rice and Beans         2  ...  [cheese, sour cream, salsa, olive oil, rice, o...  716627
116           Red Lentil Soup with Chicken and Turnips         8  ...  [red lentils, lentils, turnip, carrot, tomato,...  715415
117                            Broccolini Quinoa Pilaf         2  ...  [walnuts, broccolini, salt and pepper, broth, ...  715769
118                 Farro With Mushrooms and Asparagus         4  ...  [water, sherry vinegar, mushrooms, farro, thym...  642605
119               Moroccan Couscous and Chickpea Salad         6  ...  [green onions, juice, red pepper, pistachio nu...  652423
120      Asparagus and Pea Soup: Real Convenience Food         2  ...  [red pepper flakes, sour cream, creme fraiche,...  716406
121  Balsamic & Honey Glazed Salmon with Lemony Asp...         2  ...  [lemon juice, herbes de provence, salmon fille...  633921
122                        Split Pea and Mushroom Soup         1  ...                                                NaN  716221
123                      Instant Pot Quinoa Grain Bowl         4  ...  [stock, vegetable, cooked quinoa, fruit, quino...  982371
124           Butternut Squash Soup (In Half An Hour!)         8  ...  [vegetable stock, squash, cooked quinoa, nutme...  636602
125                              Cilantro Lime Halibut         2  ...  [pepper, lime juice, fish, sauce, wine, green ...  639411
126                                 Homemade Guacamole         4  ...                                                NaN  715543
127  Carrot and Cabbage Salad With Coriander+cumin ...         1  ...  [sunflower seeds, lime juice, carrot, cabbage,...  637162
128                              Splendid Texas Caviar         3  ...                                                NaN  661386
129                                        Crab Stacks         3  ...  [stock, lime, cilantro, crab, avocado, chili p...  640321
130                              Avocado Chicken Salad         2  ...  [water, black pepper, lime juice, chicken meat...  633132

[37 rows x 7 columns]
[2022-03-15 14:11:19,796] {logging_mixin.py:109} INFO - Empty DataFrame
Columns: [id, title, servings, summary, diets, ingredients, equipment]
Index: []
[2022-03-15 14:11:19,797] {taskinstance.py:1718} ERROR - Task failed with exception
Traceback (most recent call last):
  File "/opt/anaconda3/lib/python3.9/site-packages/airflow/models/taskinstance.py", line 1334, in _run_raw_task
    self._execute_task_with_callbacks(context)
  File "/opt/anaconda3/lib/python3.9/site-packages/airflow/models/taskinstance.py", line 1460, in _execute_task_with_callbacks
    result = self._execute_task(context, self.task)
  File "/opt/anaconda3/lib/python3.9/site-packages/airflow/models/taskinstance.py", line 1516, in _execute_task
    result = execute_callable(context=context)
  File "/opt/anaconda3/lib/python3.9/site-packages/airflow/operators/python.py", line 174, in execute
    return_value = self.execute_callable()
  File "/opt/anaconda3/lib/python3.9/site-packages/airflow/operators/python.py", line 188, in execute_callable
    return self.python_callable(*self.op_args, **self.op_kwargs)
  File "/Users/HomeFolder/airflow/dags/simple_dag.py", line 174, in to_sql
    print(pd.concat[recipes,recipesql])
TypeError: 'function' object is not subscriptable
[2022-03-15 14:11:19,808] {taskinstance.py:1272} INFO - Marking task as FAILED. dag_id=simple_dag, task_id=to_sql, execution_date=20220315T141000, start_date=20220315T191019, end_date=20220315T191119
[2022-03-15 14:11:19,822] {standard_task_runner.py:89} ERROR - Failed to execute job 327 for task to_sql
Traceback (most recent call last):
  File "/opt/anaconda3/lib/python3.9/site-packages/airflow/task/task_runner/standard_task_runner.py", line 85, in _start_by_fork
    args.func(args, dag=self.dag)
  File "/opt/anaconda3/lib/python3.9/site-packages/airflow/cli/cli_parser.py", line 48, in command
    return func(*args, **kwargs)
  File "/opt/anaconda3/lib/python3.9/site-packages/airflow/utils/cli.py", line 92, in wrapper
    return f(*args, **kwargs)
  File "/opt/anaconda3/lib/python3.9/site-packages/airflow/cli/commands/task_command.py", line 298, in task_run
    _run_task_by_selected_method(args, dag, ti)
  File "/opt/anaconda3/lib/python3.9/site-packages/airflow/cli/commands/task_command.py", line 107, in _run_task_by_selected_method
    _run_raw_task(args, ti)
  File "/opt/anaconda3/lib/python3.9/site-packages/airflow/cli/commands/task_command.py", line 180, in _run_raw_task
    ti._run_raw_task(
  File "/opt/anaconda3/lib/python3.9/site-packages/airflow/utils/session.py", line 70, in wrapper
    return func(*args, session=session, **kwargs)
  File "/opt/anaconda3/lib/python3.9/site-packages/airflow/models/taskinstance.py", line 1334, in _run_raw_task
    self._execute_task_with_callbacks(context)
  File "/opt/anaconda3/lib/python3.9/site-packages/airflow/models/taskinstance.py", line 1460, in _execute_task_with_callbacks
    result = self._execute_task(context, self.task)
  File "/opt/anaconda3/lib/python3.9/site-packages/airflow/models/taskinstance.py", line 1516, in _execute_task
    result = execute_callable(context=context)
  File "/opt/anaconda3/lib/python3.9/site-packages/airflow/operators/python.py", line 174, in execute
    return_value = self.execute_callable()
  File "/opt/anaconda3/lib/python3.9/site-packages/airflow/operators/python.py", line 188, in execute_callable
    return self.python_callable(*self.op_args, **self.op_kwargs)
  File "/Users/HomeFolder/airflow/dags/simple_dag.py", line 174, in to_sql
    print(pd.concat[recipes,recipesql])
TypeError: 'function' object is not subscriptable
[2022-03-15 14:11:19,854] {local_task_job.py:154} INFO - Task exited with return code 1
[2022-03-15 14:11:19,871] {local_task_job.py:264} INFO - 0 downstream tasks scheduled from follow-on schedule check
[2022-03-15 14:11:19,880] {dagrun.py:530} ERROR - Marking run <DagRun simple_dag @ 2022-03-15 14:10:00+00:00: scheduled__2022-03-15T14:10:00+00:00, externally triggered: False> failed
[2022-03-15 14:11:19,880] {dagrun.py:590} INFO - DagRun Finished: dag_id=simple_dag, execution_date=2022-03-15 14:10:00+00:00, run_id=scheduled__2022-03-15T14:10:00+00:00, run_start_date=2022-03-15 19:09:55.383284+00:00, run_end_date=2022-03-15 19:11:19.880566+00:00, run_duration=84.497282, state=failed, external_trigger=False, run_type=scheduled, data_interval_start=2022-03-15 14:10:00+00:00, data_interval_end=2022-03-15 14:15:00+00:00, dag_hash=38c0db59f9d10f26557b078a49cc4914
[2022-03-15 14:15:11,475] {taskinstance.py:1037} INFO - Dependencies all met for <TaskInstance: simple_dag.to_sql scheduled__2022-03-15T14:10:00+00:00 [queued]>
[2022-03-15 14:15:11,484] {taskinstance.py:1037} INFO - Dependencies all met for <TaskInstance: simple_dag.to_sql scheduled__2022-03-15T14:10:00+00:00 [queued]>
[2022-03-15 14:15:11,485] {taskinstance.py:1243} INFO - 
--------------------------------------------------------------------------------
[2022-03-15 14:15:11,485] {taskinstance.py:1244} INFO - Starting attempt 1 of 1
[2022-03-15 14:15:11,485] {taskinstance.py:1245} INFO - 
--------------------------------------------------------------------------------
[2022-03-15 14:15:11,497] {taskinstance.py:1264} INFO - Executing <Task(PythonOperator): to_sql> on 2022-03-15 14:10:00+00:00
[2022-03-15 14:15:11,502] {standard_task_runner.py:52} INFO - Started process 26190 to run task
[2022-03-15 14:15:11,512] {standard_task_runner.py:76} INFO - Running: ['airflow', 'tasks', 'run', 'simple_dag', 'to_sql', 'scheduled__2022-03-15T14:10:00+00:00', '--job-id', '326', '--raw', '--subdir', 'DAGS_FOLDER/simple_dag.py', '--cfg-path', '/var/folders/tl/ljh9dpdd2fnbgmc62qc2b49h0000gn/T/tmpewupxwqt', '--error-file', '/var/folders/tl/ljh9dpdd2fnbgmc62qc2b49h0000gn/T/tmpbt2s4arh']
[2022-03-15 14:15:11,516] {standard_task_runner.py:77} INFO - Job 326: Subtask to_sql
[2022-03-15 14:15:11,574] {logging_mixin.py:109} INFO - Running <TaskInstance: simple_dag.to_sql scheduled__2022-03-15T14:10:00+00:00 [running]> on host 1.0.0.0.0.0.0.0.0.0.0.0.0.0.0.0.0.0.0.0.0.0.0.0.0.0.0.0.0.0.0.0.ip6.arpa
[2022-03-15 14:15:11,623] {taskinstance.py:1429} INFO - Exporting the following env vars:
AIRFLOW_CTX_DAG_OWNER=airflow
AIRFLOW_CTX_DAG_ID=simple_dag
AIRFLOW_CTX_TASK_ID=to_sql
AIRFLOW_CTX_EXECUTION_DATE=2022-03-15T14:10:00+00:00
AIRFLOW_CTX_DAG_RUN_ID=scheduled__2022-03-15T14:10:00+00:00
[2022-03-15 14:15:12,437] {logging_mixin.py:109} INFO - Empty DataFrame
Columns: [id, title, servings, summary, diets, ingredients, equipment]
Index: []
[2022-03-15 14:15:12,448] {base_aws.py:190} INFO - Credentials retrieved from login
[2022-03-15 14:15:12,450] {base_aws.py:90} INFO - Retrieving region_name from Connection.extra_config['region_name']
[2022-03-15 14:15:12,991] {base_aws.py:190} INFO - Credentials retrieved from login
[2022-03-15 14:15:12,992] {base_aws.py:90} INFO - Retrieving region_name from Connection.extra_config['region_name']
[2022-03-15 14:15:13,612] {base_aws.py:190} INFO - Credentials retrieved from login
[2022-03-15 14:15:13,628] {base_aws.py:90} INFO - Retrieving region_name from Connection.extra_config['region_name']
[2022-03-15 14:15:14,055] {base_aws.py:190} INFO - Credentials retrieved from login
[2022-03-15 14:15:14,056] {base_aws.py:90} INFO - Retrieving region_name from Connection.extra_config['region_name']
[2022-03-15 14:15:14,444] {base_aws.py:190} INFO - Credentials retrieved from login
[2022-03-15 14:15:14,445] {base_aws.py:90} INFO - Retrieving region_name from Connection.extra_config['region_name']
[2022-03-15 14:15:14,822] {base_aws.py:190} INFO - Credentials retrieved from login
[2022-03-15 14:15:14,823] {base_aws.py:90} INFO - Retrieving region_name from Connection.extra_config['region_name']
[2022-03-15 14:15:15,240] {base_aws.py:190} INFO - Credentials retrieved from login
[2022-03-15 14:15:15,241] {base_aws.py:90} INFO - Retrieving region_name from Connection.extra_config['region_name']
[2022-03-15 14:15:15,652] {base_aws.py:190} INFO - Credentials retrieved from login
[2022-03-15 14:15:15,653] {base_aws.py:90} INFO - Retrieving region_name from Connection.extra_config['region_name']
[2022-03-15 14:15:16,172] {base_aws.py:190} INFO - Credentials retrieved from login
[2022-03-15 14:15:16,173] {base_aws.py:90} INFO - Retrieving region_name from Connection.extra_config['region_name']
[2022-03-15 14:15:16,578] {base_aws.py:190} INFO - Credentials retrieved from login
[2022-03-15 14:15:16,579] {base_aws.py:90} INFO - Retrieving region_name from Connection.extra_config['region_name']
[2022-03-15 14:15:17,006] {base_aws.py:190} INFO - Credentials retrieved from login
[2022-03-15 14:15:17,007] {base_aws.py:90} INFO - Retrieving region_name from Connection.extra_config['region_name']
[2022-03-15 14:15:17,405] {base_aws.py:190} INFO - Credentials retrieved from login
[2022-03-15 14:15:17,406] {base_aws.py:90} INFO - Retrieving region_name from Connection.extra_config['region_name']
[2022-03-15 14:15:17,800] {base_aws.py:190} INFO - Credentials retrieved from login
[2022-03-15 14:15:17,801] {base_aws.py:90} INFO - Retrieving region_name from Connection.extra_config['region_name']
[2022-03-15 14:15:18,334] {base_aws.py:190} INFO - Credentials retrieved from login
[2022-03-15 14:15:18,337] {base_aws.py:90} INFO - Retrieving region_name from Connection.extra_config['region_name']
[2022-03-15 14:15:18,745] {base_aws.py:190} INFO - Credentials retrieved from login
[2022-03-15 14:15:18,746] {base_aws.py:90} INFO - Retrieving region_name from Connection.extra_config['region_name']
[2022-03-15 14:15:19,127] {base_aws.py:190} INFO - Credentials retrieved from login
[2022-03-15 14:15:19,127] {base_aws.py:90} INFO - Retrieving region_name from Connection.extra_config['region_name']
[2022-03-15 14:15:19,519] {base_aws.py:190} INFO - Credentials retrieved from login
[2022-03-15 14:15:19,520] {base_aws.py:90} INFO - Retrieving region_name from Connection.extra_config['region_name']
[2022-03-15 14:15:19,940] {base_aws.py:190} INFO - Credentials retrieved from login
[2022-03-15 14:15:19,941] {base_aws.py:90} INFO - Retrieving region_name from Connection.extra_config['region_name']
[2022-03-15 14:15:20,483] {base_aws.py:190} INFO - Credentials retrieved from login
[2022-03-15 14:15:20,484] {base_aws.py:90} INFO - Retrieving region_name from Connection.extra_config['region_name']
[2022-03-15 14:15:20,891] {base_aws.py:190} INFO - Credentials retrieved from login
[2022-03-15 14:15:20,892] {base_aws.py:90} INFO - Retrieving region_name from Connection.extra_config['region_name']
[2022-03-15 14:15:21,302] {base_aws.py:190} INFO - Credentials retrieved from login
[2022-03-15 14:15:21,303] {base_aws.py:90} INFO - Retrieving region_name from Connection.extra_config['region_name']
[2022-03-15 14:15:21,712] {base_aws.py:190} INFO - Credentials retrieved from login
[2022-03-15 14:15:21,714] {base_aws.py:90} INFO - Retrieving region_name from Connection.extra_config['region_name']
[2022-03-15 14:15:22,119] {base_aws.py:190} INFO - Credentials retrieved from login
[2022-03-15 14:15:22,120] {base_aws.py:90} INFO - Retrieving region_name from Connection.extra_config['region_name']
[2022-03-15 14:15:22,526] {base_aws.py:190} INFO - Credentials retrieved from login
[2022-03-15 14:15:22,527] {base_aws.py:90} INFO - Retrieving region_name from Connection.extra_config['region_name']
[2022-03-15 14:15:23,044] {base_aws.py:190} INFO - Credentials retrieved from login
[2022-03-15 14:15:23,045] {base_aws.py:90} INFO - Retrieving region_name from Connection.extra_config['region_name']
[2022-03-15 14:15:23,451] {base_aws.py:190} INFO - Credentials retrieved from login
[2022-03-15 14:15:23,452] {base_aws.py:90} INFO - Retrieving region_name from Connection.extra_config['region_name']
[2022-03-15 14:15:23,847] {base_aws.py:190} INFO - Credentials retrieved from login
[2022-03-15 14:15:23,849] {base_aws.py:90} INFO - Retrieving region_name from Connection.extra_config['region_name']
[2022-03-15 14:15:24,241] {base_aws.py:190} INFO - Credentials retrieved from login
[2022-03-15 14:15:24,242] {base_aws.py:90} INFO - Retrieving region_name from Connection.extra_config['region_name']
[2022-03-15 14:15:24,645] {base_aws.py:190} INFO - Credentials retrieved from login
[2022-03-15 14:15:24,647] {base_aws.py:90} INFO - Retrieving region_name from Connection.extra_config['region_name']
[2022-03-15 14:15:25,155] {base_aws.py:190} INFO - Credentials retrieved from login
[2022-03-15 14:15:25,156] {base_aws.py:90} INFO - Retrieving region_name from Connection.extra_config['region_name']
[2022-03-15 14:15:25,522] {base_aws.py:190} INFO - Credentials retrieved from login
[2022-03-15 14:15:25,523] {base_aws.py:90} INFO - Retrieving region_name from Connection.extra_config['region_name']
[2022-03-15 14:15:25,972] {base_aws.py:190} INFO - Credentials retrieved from login
[2022-03-15 14:15:25,973] {base_aws.py:90} INFO - Retrieving region_name from Connection.extra_config['region_name']
[2022-03-15 14:15:26,344] {base_aws.py:190} INFO - Credentials retrieved from login
[2022-03-15 14:15:26,345] {base_aws.py:90} INFO - Retrieving region_name from Connection.extra_config['region_name']
[2022-03-15 14:15:26,719] {base_aws.py:190} INFO - Credentials retrieved from login
[2022-03-15 14:15:26,720] {base_aws.py:90} INFO - Retrieving region_name from Connection.extra_config['region_name']
[2022-03-15 14:15:27,256] {base_aws.py:190} INFO - Credentials retrieved from login
[2022-03-15 14:15:27,257] {base_aws.py:90} INFO - Retrieving region_name from Connection.extra_config['region_name']
[2022-03-15 14:15:27,644] {base_aws.py:190} INFO - Credentials retrieved from login
[2022-03-15 14:15:27,645] {base_aws.py:90} INFO - Retrieving region_name from Connection.extra_config['region_name']
[2022-03-15 14:15:28,050] {base_aws.py:190} INFO - Credentials retrieved from login
[2022-03-15 14:15:28,051] {base_aws.py:90} INFO - Retrieving region_name from Connection.extra_config['region_name']
[2022-03-15 14:15:28,444] {base_aws.py:190} INFO - Credentials retrieved from login
[2022-03-15 14:15:28,446] {base_aws.py:90} INFO - Retrieving region_name from Connection.extra_config['region_name']
[2022-03-15 14:15:28,832] {base_aws.py:190} INFO - Credentials retrieved from login
[2022-03-15 14:15:28,833] {base_aws.py:90} INFO - Retrieving region_name from Connection.extra_config['region_name']
[2022-03-15 14:15:29,369] {base_aws.py:190} INFO - Credentials retrieved from login
[2022-03-15 14:15:29,371] {base_aws.py:90} INFO - Retrieving region_name from Connection.extra_config['region_name']
[2022-03-15 14:15:29,827] {base_aws.py:190} INFO - Credentials retrieved from login
[2022-03-15 14:15:29,828] {base_aws.py:90} INFO - Retrieving region_name from Connection.extra_config['region_name']
[2022-03-15 14:15:30,242] {base_aws.py:190} INFO - Credentials retrieved from login
[2022-03-15 14:15:30,243] {base_aws.py:90} INFO - Retrieving region_name from Connection.extra_config['region_name']
[2022-03-15 14:15:30,666] {base_aws.py:190} INFO - Credentials retrieved from login
[2022-03-15 14:15:30,667] {base_aws.py:90} INFO - Retrieving region_name from Connection.extra_config['region_name']
[2022-03-15 14:15:31,078] {base_aws.py:190} INFO - Credentials retrieved from login
[2022-03-15 14:15:31,080] {base_aws.py:90} INFO - Retrieving region_name from Connection.extra_config['region_name']
[2022-03-15 14:15:31,470] {base_aws.py:190} INFO - Credentials retrieved from login
[2022-03-15 14:15:31,471] {base_aws.py:90} INFO - Retrieving region_name from Connection.extra_config['region_name']
[2022-03-15 14:15:31,989] {base_aws.py:190} INFO - Credentials retrieved from login
[2022-03-15 14:15:31,990] {base_aws.py:90} INFO - Retrieving region_name from Connection.extra_config['region_name']
[2022-03-15 14:15:32,371] {base_aws.py:190} INFO - Credentials retrieved from login
[2022-03-15 14:15:32,372] {base_aws.py:90} INFO - Retrieving region_name from Connection.extra_config['region_name']
[2022-03-15 14:15:32,762] {base_aws.py:190} INFO - Credentials retrieved from login
[2022-03-15 14:15:32,763] {base_aws.py:90} INFO - Retrieving region_name from Connection.extra_config['region_name']
[2022-03-15 14:15:33,152] {base_aws.py:190} INFO - Credentials retrieved from login
[2022-03-15 14:15:33,153] {base_aws.py:90} INFO - Retrieving region_name from Connection.extra_config['region_name']
[2022-03-15 14:15:33,596] {base_aws.py:190} INFO - Credentials retrieved from login
[2022-03-15 14:15:33,598] {base_aws.py:90} INFO - Retrieving region_name from Connection.extra_config['region_name']
[2022-03-15 14:15:34,097] {base_aws.py:190} INFO - Credentials retrieved from login
[2022-03-15 14:15:34,098] {base_aws.py:90} INFO - Retrieving region_name from Connection.extra_config['region_name']
[2022-03-15 14:15:34,497] {base_aws.py:190} INFO - Credentials retrieved from login
[2022-03-15 14:15:34,498] {base_aws.py:90} INFO - Retrieving region_name from Connection.extra_config['region_name']
[2022-03-15 14:15:34,916] {base_aws.py:190} INFO - Credentials retrieved from login
[2022-03-15 14:15:34,917] {base_aws.py:90} INFO - Retrieving region_name from Connection.extra_config['region_name']
[2022-03-15 14:15:35,306] {base_aws.py:190} INFO - Credentials retrieved from login
[2022-03-15 14:15:35,348] {base_aws.py:90} INFO - Retrieving region_name from Connection.extra_config['region_name']
[2022-03-15 14:15:35,747] {base_aws.py:190} INFO - Credentials retrieved from login
[2022-03-15 14:15:35,748] {base_aws.py:90} INFO - Retrieving region_name from Connection.extra_config['region_name']
[2022-03-15 14:15:36,339] {base_aws.py:190} INFO - Credentials retrieved from login
[2022-03-15 14:15:36,340] {base_aws.py:90} INFO - Retrieving region_name from Connection.extra_config['region_name']
[2022-03-15 14:15:36,750] {base_aws.py:190} INFO - Credentials retrieved from login
[2022-03-15 14:15:36,751] {base_aws.py:90} INFO - Retrieving region_name from Connection.extra_config['region_name']
[2022-03-15 14:15:37,464] {base_aws.py:190} INFO - Credentials retrieved from login
[2022-03-15 14:15:37,465] {base_aws.py:90} INFO - Retrieving region_name from Connection.extra_config['region_name']
[2022-03-15 14:15:37,858] {base_aws.py:190} INFO - Credentials retrieved from login
[2022-03-15 14:15:37,859] {base_aws.py:90} INFO - Retrieving region_name from Connection.extra_config['region_name']
[2022-03-15 14:15:38,242] {base_aws.py:190} INFO - Credentials retrieved from login
[2022-03-15 14:15:38,244] {base_aws.py:90} INFO - Retrieving region_name from Connection.extra_config['region_name']
[2022-03-15 14:15:38,613] {base_aws.py:190} INFO - Credentials retrieved from login
[2022-03-15 14:15:38,614] {base_aws.py:90} INFO - Retrieving region_name from Connection.extra_config['region_name']
[2022-03-15 14:15:39,152] {base_aws.py:190} INFO - Credentials retrieved from login
[2022-03-15 14:15:39,154] {base_aws.py:90} INFO - Retrieving region_name from Connection.extra_config['region_name']
[2022-03-15 14:15:39,868] {base_aws.py:190} INFO - Credentials retrieved from login
[2022-03-15 14:15:39,870] {base_aws.py:90} INFO - Retrieving region_name from Connection.extra_config['region_name']
[2022-03-15 14:15:40,358] {base_aws.py:190} INFO - Credentials retrieved from login
[2022-03-15 14:15:40,359] {base_aws.py:90} INFO - Retrieving region_name from Connection.extra_config['region_name']
[2022-03-15 14:15:40,768] {base_aws.py:190} INFO - Credentials retrieved from login
[2022-03-15 14:15:40,769] {base_aws.py:90} INFO - Retrieving region_name from Connection.extra_config['region_name']
[2022-03-15 14:15:41,170] {base_aws.py:190} INFO - Credentials retrieved from login
[2022-03-15 14:15:41,172] {base_aws.py:90} INFO - Retrieving region_name from Connection.extra_config['region_name']
[2022-03-15 14:15:41,738] {base_aws.py:190} INFO - Credentials retrieved from login
[2022-03-15 14:15:41,740] {base_aws.py:90} INFO - Retrieving region_name from Connection.extra_config['region_name']
[2022-03-15 14:15:42,305] {base_aws.py:190} INFO - Credentials retrieved from login
[2022-03-15 14:15:42,306] {base_aws.py:90} INFO - Retrieving region_name from Connection.extra_config['region_name']
[2022-03-15 14:15:42,701] {base_aws.py:190} INFO - Credentials retrieved from login
[2022-03-15 14:15:42,702] {base_aws.py:90} INFO - Retrieving region_name from Connection.extra_config['region_name']
[2022-03-15 14:15:43,126] {base_aws.py:190} INFO - Credentials retrieved from login
[2022-03-15 14:15:43,127] {base_aws.py:90} INFO - Retrieving region_name from Connection.extra_config['region_name']
[2022-03-15 14:15:43,527] {base_aws.py:190} INFO - Credentials retrieved from login
[2022-03-15 14:15:43,528] {base_aws.py:90} INFO - Retrieving region_name from Connection.extra_config['region_name']
[2022-03-15 14:15:44,055] {base_aws.py:190} INFO - Credentials retrieved from login
[2022-03-15 14:15:44,056] {base_aws.py:90} INFO - Retrieving region_name from Connection.extra_config['region_name']
[2022-03-15 14:15:44,461] {base_aws.py:190} INFO - Credentials retrieved from login
[2022-03-15 14:15:44,462] {base_aws.py:90} INFO - Retrieving region_name from Connection.extra_config['region_name']
[2022-03-15 14:15:44,911] {base_aws.py:190} INFO - Credentials retrieved from login
[2022-03-15 14:15:44,912] {base_aws.py:90} INFO - Retrieving region_name from Connection.extra_config['region_name']
[2022-03-15 14:15:45,312] {base_aws.py:190} INFO - Credentials retrieved from login
[2022-03-15 14:15:45,313] {base_aws.py:90} INFO - Retrieving region_name from Connection.extra_config['region_name']
[2022-03-15 14:15:45,762] {base_aws.py:190} INFO - Credentials retrieved from login
[2022-03-15 14:15:45,763] {base_aws.py:90} INFO - Retrieving region_name from Connection.extra_config['region_name']
[2022-03-15 14:15:46,289] {base_aws.py:190} INFO - Credentials retrieved from login
[2022-03-15 14:15:46,290] {base_aws.py:90} INFO - Retrieving region_name from Connection.extra_config['region_name']
[2022-03-15 14:15:46,693] {base_aws.py:190} INFO - Credentials retrieved from login
[2022-03-15 14:15:46,694] {base_aws.py:90} INFO - Retrieving region_name from Connection.extra_config['region_name']
[2022-03-15 14:15:47,125] {base_aws.py:190} INFO - Credentials retrieved from login
[2022-03-15 14:15:47,126] {base_aws.py:90} INFO - Retrieving region_name from Connection.extra_config['region_name']
[2022-03-15 14:15:47,524] {base_aws.py:190} INFO - Credentials retrieved from login
[2022-03-15 14:15:47,525] {base_aws.py:90} INFO - Retrieving region_name from Connection.extra_config['region_name']
[2022-03-15 14:15:47,906] {base_aws.py:190} INFO - Credentials retrieved from login
[2022-03-15 14:15:47,908] {base_aws.py:90} INFO - Retrieving region_name from Connection.extra_config['region_name']
[2022-03-15 14:15:48,317] {base_aws.py:190} INFO - Credentials retrieved from login
[2022-03-15 14:15:48,318] {base_aws.py:90} INFO - Retrieving region_name from Connection.extra_config['region_name']
[2022-03-15 14:15:48,856] {base_aws.py:190} INFO - Credentials retrieved from login
[2022-03-15 14:15:48,857] {base_aws.py:90} INFO - Retrieving region_name from Connection.extra_config['region_name']
[2022-03-15 14:15:49,250] {base_aws.py:190} INFO - Credentials retrieved from login
[2022-03-15 14:15:49,251] {base_aws.py:90} INFO - Retrieving region_name from Connection.extra_config['region_name']
[2022-03-15 14:15:49,636] {base_aws.py:190} INFO - Credentials retrieved from login
[2022-03-15 14:15:49,637] {base_aws.py:90} INFO - Retrieving region_name from Connection.extra_config['region_name']
[2022-03-15 14:15:50,009] {base_aws.py:190} INFO - Credentials retrieved from login
[2022-03-15 14:15:50,010] {base_aws.py:90} INFO - Retrieving region_name from Connection.extra_config['region_name']
[2022-03-15 14:15:50,405] {base_aws.py:190} INFO - Credentials retrieved from login
[2022-03-15 14:15:50,406] {base_aws.py:90} INFO - Retrieving region_name from Connection.extra_config['region_name']
[2022-03-15 14:15:50,919] {base_aws.py:190} INFO - Credentials retrieved from login
[2022-03-15 14:15:50,920] {base_aws.py:90} INFO - Retrieving region_name from Connection.extra_config['region_name']
[2022-03-15 14:15:51,376] {base_aws.py:190} INFO - Credentials retrieved from login
[2022-03-15 14:15:51,377] {base_aws.py:90} INFO - Retrieving region_name from Connection.extra_config['region_name']
[2022-03-15 14:15:51,757] {base_aws.py:190} INFO - Credentials retrieved from login
[2022-03-15 14:15:51,758] {base_aws.py:90} INFO - Retrieving region_name from Connection.extra_config['region_name']
[2022-03-15 14:15:52,155] {base_aws.py:190} INFO - Credentials retrieved from login
[2022-03-15 14:15:52,156] {base_aws.py:90} INFO - Retrieving region_name from Connection.extra_config['region_name']
[2022-03-15 14:15:52,533] {base_aws.py:190} INFO - Credentials retrieved from login
[2022-03-15 14:15:52,534] {base_aws.py:90} INFO - Retrieving region_name from Connection.extra_config['region_name']
[2022-03-15 14:15:53,051] {base_aws.py:190} INFO - Credentials retrieved from login
[2022-03-15 14:15:53,053] {base_aws.py:90} INFO - Retrieving region_name from Connection.extra_config['region_name']
[2022-03-15 14:15:53,470] {base_aws.py:190} INFO - Credentials retrieved from login
[2022-03-15 14:15:53,472] {base_aws.py:90} INFO - Retrieving region_name from Connection.extra_config['region_name']
[2022-03-15 14:15:53,868] {base_aws.py:190} INFO - Credentials retrieved from login
[2022-03-15 14:15:53,869] {base_aws.py:90} INFO - Retrieving region_name from Connection.extra_config['region_name']
[2022-03-15 14:15:54,269] {base_aws.py:190} INFO - Credentials retrieved from login
[2022-03-15 14:15:54,270] {base_aws.py:90} INFO - Retrieving region_name from Connection.extra_config['region_name']
[2022-03-15 14:15:54,666] {base_aws.py:190} INFO - Credentials retrieved from login
[2022-03-15 14:15:54,667] {base_aws.py:90} INFO - Retrieving region_name from Connection.extra_config['region_name']
[2022-03-15 14:15:55,368] {base_aws.py:190} INFO - Credentials retrieved from login
[2022-03-15 14:15:55,369] {base_aws.py:90} INFO - Retrieving region_name from Connection.extra_config['region_name']
[2022-03-15 14:15:55,930] {base_aws.py:190} INFO - Credentials retrieved from login
[2022-03-15 14:15:55,931] {base_aws.py:90} INFO - Retrieving region_name from Connection.extra_config['region_name']
[2022-03-15 14:15:56,363] {base_aws.py:190} INFO - Credentials retrieved from login
[2022-03-15 14:15:56,364] {base_aws.py:90} INFO - Retrieving region_name from Connection.extra_config['region_name']
[2022-03-15 14:15:56,755] {base_aws.py:190} INFO - Credentials retrieved from login
[2022-03-15 14:15:56,757] {base_aws.py:90} INFO - Retrieving region_name from Connection.extra_config['region_name']
[2022-03-15 14:15:57,183] {base_aws.py:190} INFO - Credentials retrieved from login
[2022-03-15 14:15:57,184] {base_aws.py:90} INFO - Retrieving region_name from Connection.extra_config['region_name']
[2022-03-15 14:15:57,592] {base_aws.py:190} INFO - Credentials retrieved from login
[2022-03-15 14:15:57,594] {base_aws.py:90} INFO - Retrieving region_name from Connection.extra_config['region_name']
[2022-03-15 14:15:58,168] {base_aws.py:190} INFO - Credentials retrieved from login
[2022-03-15 14:15:58,169] {base_aws.py:90} INFO - Retrieving region_name from Connection.extra_config['region_name']
[2022-03-15 14:15:58,581] {base_aws.py:190} INFO - Credentials retrieved from login
[2022-03-15 14:15:58,582] {base_aws.py:90} INFO - Retrieving region_name from Connection.extra_config['region_name']
[2022-03-15 14:15:59,130] {base_aws.py:190} INFO - Credentials retrieved from login
[2022-03-15 14:15:59,131] {base_aws.py:90} INFO - Retrieving region_name from Connection.extra_config['region_name']
[2022-03-15 14:15:59,523] {base_aws.py:190} INFO - Credentials retrieved from login
[2022-03-15 14:15:59,524] {base_aws.py:90} INFO - Retrieving region_name from Connection.extra_config['region_name']
[2022-03-15 14:15:59,909] {base_aws.py:190} INFO - Credentials retrieved from login
[2022-03-15 14:15:59,910] {base_aws.py:90} INFO - Retrieving region_name from Connection.extra_config['region_name']
[2022-03-15 14:16:00,449] {base_aws.py:190} INFO - Credentials retrieved from login
[2022-03-15 14:16:00,451] {base_aws.py:90} INFO - Retrieving region_name from Connection.extra_config['region_name']
[2022-03-15 14:16:00,862] {base_aws.py:190} INFO - Credentials retrieved from login
[2022-03-15 14:16:00,863] {base_aws.py:90} INFO - Retrieving region_name from Connection.extra_config['region_name']
[2022-03-15 14:16:01,297] {base_aws.py:190} INFO - Credentials retrieved from login
[2022-03-15 14:16:01,298] {base_aws.py:90} INFO - Retrieving region_name from Connection.extra_config['region_name']
[2022-03-15 14:16:01,704] {base_aws.py:190} INFO - Credentials retrieved from login
[2022-03-15 14:16:01,709] {base_aws.py:90} INFO - Retrieving region_name from Connection.extra_config['region_name']
[2022-03-15 14:16:02,831] {base_aws.py:190} INFO - Credentials retrieved from login
[2022-03-15 14:16:02,834] {base_aws.py:90} INFO - Retrieving region_name from Connection.extra_config['region_name']
[2022-03-15 14:16:03,705] {base_aws.py:190} INFO - Credentials retrieved from login
[2022-03-15 14:16:03,706] {base_aws.py:90} INFO - Retrieving region_name from Connection.extra_config['region_name']
[2022-03-15 14:16:04,278] {base_aws.py:190} INFO - Credentials retrieved from login
[2022-03-15 14:16:04,280] {base_aws.py:90} INFO - Retrieving region_name from Connection.extra_config['region_name']
[2022-03-15 14:16:04,756] {base_aws.py:190} INFO - Credentials retrieved from login
[2022-03-15 14:16:04,757] {base_aws.py:90} INFO - Retrieving region_name from Connection.extra_config['region_name']
[2022-03-15 14:16:05,170] {base_aws.py:190} INFO - Credentials retrieved from login
[2022-03-15 14:16:05,171] {base_aws.py:90} INFO - Retrieving region_name from Connection.extra_config['region_name']
[2022-03-15 14:16:05,567] {base_aws.py:190} INFO - Credentials retrieved from login
[2022-03-15 14:16:05,568] {base_aws.py:90} INFO - Retrieving region_name from Connection.extra_config['region_name']
[2022-03-15 14:16:05,989] {base_aws.py:190} INFO - Credentials retrieved from login
[2022-03-15 14:16:05,991] {base_aws.py:90} INFO - Retrieving region_name from Connection.extra_config['region_name']
[2022-03-15 14:16:06,659] {base_aws.py:190} INFO - Credentials retrieved from login
[2022-03-15 14:16:06,665] {base_aws.py:90} INFO - Retrieving region_name from Connection.extra_config['region_name']
[2022-03-15 14:16:07,051] {base_aws.py:190} INFO - Credentials retrieved from login
[2022-03-15 14:16:07,052] {base_aws.py:90} INFO - Retrieving region_name from Connection.extra_config['region_name']
[2022-03-15 14:16:07,467] {base_aws.py:190} INFO - Credentials retrieved from login
[2022-03-15 14:16:07,468] {base_aws.py:90} INFO - Retrieving region_name from Connection.extra_config['region_name']
[2022-03-15 14:16:07,885] {base_aws.py:190} INFO - Credentials retrieved from login
[2022-03-15 14:16:07,886] {base_aws.py:90} INFO - Retrieving region_name from Connection.extra_config['region_name']
[2022-03-15 14:16:08,300] {base_aws.py:190} INFO - Credentials retrieved from login
[2022-03-15 14:16:08,302] {base_aws.py:90} INFO - Retrieving region_name from Connection.extra_config['region_name']
[2022-03-15 14:16:08,820] {base_aws.py:190} INFO - Credentials retrieved from login
[2022-03-15 14:16:08,821] {base_aws.py:90} INFO - Retrieving region_name from Connection.extra_config['region_name']
[2022-03-15 14:16:09,225] {base_aws.py:190} INFO - Credentials retrieved from login
[2022-03-15 14:16:09,227] {base_aws.py:90} INFO - Retrieving region_name from Connection.extra_config['region_name']
[2022-03-15 14:16:09,620] {base_aws.py:190} INFO - Credentials retrieved from login
[2022-03-15 14:16:09,621] {base_aws.py:90} INFO - Retrieving region_name from Connection.extra_config['region_name']
[2022-03-15 14:16:10,013] {base_aws.py:190} INFO - Credentials retrieved from login
[2022-03-15 14:16:10,014] {base_aws.py:90} INFO - Retrieving region_name from Connection.extra_config['region_name']
[2022-03-15 14:16:10,411] {base_aws.py:190} INFO - Credentials retrieved from login
[2022-03-15 14:16:10,412] {base_aws.py:90} INFO - Retrieving region_name from Connection.extra_config['region_name']
[2022-03-15 14:16:10,891] {base_aws.py:190} INFO - Credentials retrieved from login
[2022-03-15 14:16:10,892] {base_aws.py:90} INFO - Retrieving region_name from Connection.extra_config['region_name']
[2022-03-15 14:16:11,309] {base_aws.py:190} INFO - Credentials retrieved from login
[2022-03-15 14:16:11,310] {base_aws.py:90} INFO - Retrieving region_name from Connection.extra_config['region_name']
[2022-03-15 14:16:11,776] {base_aws.py:190} INFO - Credentials retrieved from login
[2022-03-15 14:16:11,778] {base_aws.py:90} INFO - Retrieving region_name from Connection.extra_config['region_name']
[2022-03-15 14:16:12,360] {logging_mixin.py:109} INFO -                                                  title  servings  ...                                        ingredients        id
66   Corn-Crusted Fish Tacos With Jalapeno-Lime Sau...         4  ...  [cornmeal, tomato, cumin, hot sauce, lime juic...  640117.0
95                          Jade Buddha Salmon Tartare         2  ...                              [vinegar, lime juice]  648320.0
96   Salmon, Watercress, Fennel and Baby Beetroot S...         4  ...  [water, black pepper, tarragon, wine, lemon ju...  659143.0
97                             Filet Mignon Soft Tacos         2  ...                                                NaN  715533.0
98                               Salmon Quinoa Risotto         4  ...  [stock, vegetable stock, salt and pepper, quin...  659109.0
99           Rice and Peas with Coconut Curry Mackerel         4  ...  [water, fish, sauce, seasoning cube, curry pow...  716364.0
100  Greek-Style Baked Fish: Fresh, Simple, and Del...         4  ...  [pepper, cooked rice, bell pepper, fish, dried...  716408.0
101                 Chicken Fajita Stuffed Bell Pepper         3  ...  [pepper, cheese, whole chicken, bell pepper, c...  795751.0
102                 Crunchy Brussels Sprouts Side Dish         4  ...  [water, pepper, walnuts, brussels sprouts, spr...  640941.0
103  Spicy Black-Eyed Pea Curry with Swiss Chard an...         6  ...  [water, beans, swiss chard, lemon juice, chili...  798400.0
104                                     Plantain Salad         1  ...  [vegetable, vegetable oil, parmesan, plantain,...  729366.0
105                          Butternut Squash Frittata         1  ...  [cheese, pepper, milk, butternut squash, egg, ...  636589.0
106                                 Corn Avocado Salsa         2  ...  [avocado, spread, red pepper, olive oil spray,...  640062.0
107  Cauliflower, Brown Rice, and Vegetable Fried Rice         8  ...  [rice, cauliflower, garlic, peas, whole chicke...  716426.0
108             Homemade Garlic and Basil French Fries         2  ...                                                NaN  715594.0
109                                      Garlicky Kale         2  ...                 [kale, vinegar, olive oil, garlic]  644387.0
110                        African Chicken Peanut Stew         1  ...  [bell pepper, peanut butter, tomato, white ric...  716268.0
111                                Nigerian Snail Stew         1  ...  [bell pepper, pasta, tomato, chili powder, ric...  716381.0
112                          Red Kidney Bean Jambalaya         6  ...  [marjoram, carrot, tomato, rice, green beans, ...  782601.0
113                   Broccoli and Chickpea Rice Salad         6  ...                 [broccoli, seasoning, cooking oil]  794349.0
114                                 Hummus and Za'atar         4  ...  [water, canned chickpeas, pita, tahini, vegeta...  766453.0
115                       Easy Homemade Rice and Beans         2  ...  [cheese, sour cream, salsa, olive oil, rice, o...  716627.0
116           Red Lentil Soup with Chicken and Turnips         8  ...  [red lentils, lentils, turnip, carrot, tomato,...  715415.0
117                            Broccolini Quinoa Pilaf         2  ...  [walnuts, broccolini, salt and pepper, broth, ...  715769.0
118                 Farro With Mushrooms and Asparagus         4  ...  [water, sherry vinegar, mushrooms, farro, thym...  642605.0
119               Moroccan Couscous and Chickpea Salad         6  ...  [green onions, juice, red pepper, pistachio nu...  652423.0
120      Asparagus and Pea Soup: Real Convenience Food         2  ...  [red pepper flakes, sour cream, creme fraiche,...  716406.0
121  Balsamic & Honey Glazed Salmon with Lemony Asp...         2  ...  [lemon juice, herbes de provence, salmon fille...  633921.0
122                        Split Pea and Mushroom Soup         1  ...                                                NaN  716221.0
123                      Instant Pot Quinoa Grain Bowl         4  ...  [stock, vegetable, cooked quinoa, fruit, quino...  982371.0
124           Butternut Squash Soup (In Half An Hour!)         8  ...  [vegetable stock, squash, cooked quinoa, nutme...  636602.0
125                              Cilantro Lime Halibut         2  ...  [pepper, lime juice, fish, sauce, wine, green ...  639411.0
126                                 Homemade Guacamole         4  ...                                                NaN  715543.0
127  Carrot and Cabbage Salad With Coriander+cumin ...         1  ...  [sunflower seeds, lime juice, carrot, cabbage,...  637162.0
128                              Splendid Texas Caviar         3  ...                                                NaN  661386.0
129                                        Crab Stacks         3  ...  [stock, lime, cilantro, crab, avocado, chili p...  640321.0
130                              Avocado Chicken Salad         2  ...  [water, black pepper, lime juice, chicken meat...  633132.0

[37 rows x 7 columns]
[2022-03-15 14:16:12,400] {python.py:175} INFO - Done. Returned value was: None
[2022-03-15 14:16:12,408] {taskinstance.py:1272} INFO - Marking task as SUCCESS. dag_id=simple_dag, task_id=to_sql, execution_date=20220315T141000, start_date=20220315T191511, end_date=20220315T191612
[2022-03-15 14:16:12,449] {local_task_job.py:154} INFO - Task exited with return code 0
[2022-03-15 14:16:12,468] {local_task_job.py:264} INFO - 0 downstream tasks scheduled from follow-on schedule check
