[2022-03-15 20:06:31,718] {taskinstance.py:1037} INFO - Dependencies all met for <TaskInstance: simple_dag.upload_to_bucket scheduled__2022-03-15T20:04:57.091969+00:00 [queued]>
[2022-03-15 20:06:31,724] {taskinstance.py:1037} INFO - Dependencies all met for <TaskInstance: simple_dag.upload_to_bucket scheduled__2022-03-15T20:04:57.091969+00:00 [queued]>
[2022-03-15 20:06:31,724] {taskinstance.py:1243} INFO - 
--------------------------------------------------------------------------------
[2022-03-15 20:06:31,724] {taskinstance.py:1244} INFO - Starting attempt 1 of 1
[2022-03-15 20:06:31,724] {taskinstance.py:1245} INFO - 
--------------------------------------------------------------------------------
[2022-03-15 20:06:31,735] {taskinstance.py:1264} INFO - Executing <Task(PythonOperator): upload_to_bucket> on 2022-03-15 20:04:57.091969+00:00
[2022-03-15 20:06:31,738] {standard_task_runner.py:52} INFO - Started process 36851 to run task
[2022-03-15 20:06:31,745] {standard_task_runner.py:76} INFO - Running: ['airflow', 'tasks', 'run', 'simple_dag', 'upload_to_bucket', 'scheduled__2022-03-15T20:04:57.091969+00:00', '--job-id', '375', '--raw', '--subdir', 'DAGS_FOLDER/simple_dag.py', '--cfg-path', '/var/folders/tl/ljh9dpdd2fnbgmc62qc2b49h0000gn/T/tmp96a5e02t', '--error-file', '/var/folders/tl/ljh9dpdd2fnbgmc62qc2b49h0000gn/T/tmp1om791w0']
[2022-03-15 20:06:31,748] {standard_task_runner.py:77} INFO - Job 375: Subtask upload_to_bucket
[2022-03-15 20:06:31,795] {logging_mixin.py:109} INFO - Running <TaskInstance: simple_dag.upload_to_bucket scheduled__2022-03-15T20:04:57.091969+00:00 [running]> on host 1.0.0.0.0.0.0.0.0.0.0.0.0.0.0.0.0.0.0.0.0.0.0.0.0.0.0.0.0.0.0.0.ip6.arpa
[2022-03-15 20:06:31,838] {taskinstance.py:1429} INFO - Exporting the following env vars:
AIRFLOW_CTX_DAG_OWNER=airflow
AIRFLOW_CTX_DAG_ID=simple_dag
AIRFLOW_CTX_TASK_ID=upload_to_bucket
AIRFLOW_CTX_EXECUTION_DATE=2022-03-15T20:04:57.091969+00:00
AIRFLOW_CTX_DAG_RUN_ID=scheduled__2022-03-15T20:04:57.091969+00:00
[2022-03-15 20:11:41,927] {process_utils.py:120} INFO - Sending Signals.SIGTERM to group 36851. PIDs of all processes in the group: [36851]
[2022-03-15 20:11:41,927] {process_utils.py:75} INFO - Sending the signal Signals.SIGTERM to group 36851
[2022-03-15 20:11:41,928] {taskinstance.py:1413} ERROR - Received SIGTERM. Terminating subprocesses.
[2022-03-15 20:11:41,941] {taskinstance.py:1718} ERROR - Task failed with exception
Traceback (most recent call last):
  File "/opt/anaconda3/lib/python3.9/site-packages/airflow/models/taskinstance.py", line 1334, in _run_raw_task
    self._execute_task_with_callbacks(context)
  File "/opt/anaconda3/lib/python3.9/site-packages/airflow/models/taskinstance.py", line 1460, in _execute_task_with_callbacks
    result = self._execute_task(context, self.task)
  File "/opt/anaconda3/lib/python3.9/site-packages/airflow/models/taskinstance.py", line 1516, in _execute_task
    result = execute_callable(context=context)
  File "/opt/anaconda3/lib/python3.9/site-packages/airflow/operators/python.py", line 174, in execute
    return_value = self.execute_callable()
  File "/opt/anaconda3/lib/python3.9/site-packages/airflow/operators/python.py", line 188, in execute_callable
    return self.python_callable(*self.op_args, **self.op_kwargs)
  File "/Users/HomeFolder/airflow/dags/simple_dag.py", line 72, in upload_to_bucket
    f = open(file)
  File "/opt/anaconda3/lib/python3.9/_bootlocale.py", line 33, in getpreferredencoding
    def getpreferredencoding(do_setlocale=True):
  File "/opt/anaconda3/lib/python3.9/site-packages/airflow/models/taskinstance.py", line 1415, in signal_handler
    raise AirflowException("Task received SIGTERM signal")
airflow.exceptions.AirflowException: Task received SIGTERM signal
[2022-03-15 20:11:42,000] {taskinstance.py:1272} INFO - Marking task as FAILED. dag_id=simple_dag, task_id=upload_to_bucket, execution_date=20220315T200457, start_date=20220316T010631, end_date=20220316T011141
[2022-03-15 20:11:42,013] {standard_task_runner.py:89} ERROR - Failed to execute job 375 for task upload_to_bucket
Traceback (most recent call last):
  File "/opt/anaconda3/lib/python3.9/site-packages/airflow/task/task_runner/standard_task_runner.py", line 85, in _start_by_fork
    args.func(args, dag=self.dag)
  File "/opt/anaconda3/lib/python3.9/site-packages/airflow/cli/cli_parser.py", line 48, in command
    return func(*args, **kwargs)
  File "/opt/anaconda3/lib/python3.9/site-packages/airflow/utils/cli.py", line 92, in wrapper
    return f(*args, **kwargs)
  File "/opt/anaconda3/lib/python3.9/site-packages/airflow/cli/commands/task_command.py", line 298, in task_run
    _run_task_by_selected_method(args, dag, ti)
  File "/opt/anaconda3/lib/python3.9/site-packages/airflow/cli/commands/task_command.py", line 107, in _run_task_by_selected_method
    _run_raw_task(args, ti)
  File "/opt/anaconda3/lib/python3.9/site-packages/airflow/cli/commands/task_command.py", line 180, in _run_raw_task
    ti._run_raw_task(
  File "/opt/anaconda3/lib/python3.9/site-packages/airflow/utils/session.py", line 70, in wrapper
    return func(*args, session=session, **kwargs)
  File "/opt/anaconda3/lib/python3.9/site-packages/airflow/models/taskinstance.py", line 1334, in _run_raw_task
    self._execute_task_with_callbacks(context)
  File "/opt/anaconda3/lib/python3.9/site-packages/airflow/models/taskinstance.py", line 1460, in _execute_task_with_callbacks
    result = self._execute_task(context, self.task)
  File "/opt/anaconda3/lib/python3.9/site-packages/airflow/models/taskinstance.py", line 1516, in _execute_task
    result = execute_callable(context=context)
  File "/opt/anaconda3/lib/python3.9/site-packages/airflow/operators/python.py", line 174, in execute
    return_value = self.execute_callable()
  File "/opt/anaconda3/lib/python3.9/site-packages/airflow/operators/python.py", line 188, in execute_callable
    return self.python_callable(*self.op_args, **self.op_kwargs)
  File "/Users/HomeFolder/airflow/dags/simple_dag.py", line 72, in upload_to_bucket
    f = open(file)
  File "/opt/anaconda3/lib/python3.9/_bootlocale.py", line 33, in getpreferredencoding
    def getpreferredencoding(do_setlocale=True):
  File "/opt/anaconda3/lib/python3.9/site-packages/airflow/models/taskinstance.py", line 1415, in signal_handler
    raise AirflowException("Task received SIGTERM signal")
airflow.exceptions.AirflowException: Task received SIGTERM signal
[2022-03-15 20:11:42,068] {process_utils.py:70} INFO - Process psutil.Process(pid=36851, status='terminated', exitcode=1, started='20:06:31') (36851) terminated with exit code 1
