[2022-03-15 14:43:23,934] {taskinstance.py:1037} INFO - Dependencies all met for <TaskInstance: simple_dag.upload_to_bucket scheduled__2022-03-15T14:42:10.746723+00:00 [queued]>
[2022-03-15 14:43:23,943] {taskinstance.py:1037} INFO - Dependencies all met for <TaskInstance: simple_dag.upload_to_bucket scheduled__2022-03-15T14:42:10.746723+00:00 [queued]>
[2022-03-15 14:43:23,943] {taskinstance.py:1243} INFO - 
--------------------------------------------------------------------------------
[2022-03-15 14:43:23,943] {taskinstance.py:1244} INFO - Starting attempt 1 of 1
[2022-03-15 14:43:23,943] {taskinstance.py:1245} INFO - 
--------------------------------------------------------------------------------
[2022-03-15 14:43:23,951] {taskinstance.py:1264} INFO - Executing <Task(PythonOperator): upload_to_bucket> on 2022-03-15 14:42:10.746723+00:00
[2022-03-15 14:43:23,956] {standard_task_runner.py:52} INFO - Started process 27111 to run task
[2022-03-15 14:43:23,966] {standard_task_runner.py:76} INFO - Running: ['airflow', 'tasks', 'run', 'simple_dag', 'upload_to_bucket', 'scheduled__2022-03-15T14:42:10.746723+00:00', '--job-id', '331', '--raw', '--subdir', 'DAGS_FOLDER/simple_dag.py', '--cfg-path', '/var/folders/tl/ljh9dpdd2fnbgmc62qc2b49h0000gn/T/tmpz33t3apz', '--error-file', '/var/folders/tl/ljh9dpdd2fnbgmc62qc2b49h0000gn/T/tmpt6ce7vfk']
[2022-03-15 14:43:23,969] {standard_task_runner.py:77} INFO - Job 331: Subtask upload_to_bucket
[2022-03-15 14:43:24,023] {logging_mixin.py:109} INFO - Running <TaskInstance: simple_dag.upload_to_bucket scheduled__2022-03-15T14:42:10.746723+00:00 [running]> on host 1.0.0.0.0.0.0.0.0.0.0.0.0.0.0.0.0.0.0.0.0.0.0.0.0.0.0.0.0.0.0.0.ip6.arpa
[2022-03-15 14:43:24,070] {taskinstance.py:1429} INFO - Exporting the following env vars:
AIRFLOW_CTX_DAG_OWNER=airflow
AIRFLOW_CTX_DAG_ID=simple_dag
AIRFLOW_CTX_TASK_ID=upload_to_bucket
AIRFLOW_CTX_EXECUTION_DATE=2022-03-15T14:42:10.746723+00:00
AIRFLOW_CTX_DAG_RUN_ID=scheduled__2022-03-15T14:42:10.746723+00:00
[2022-03-15 14:43:24,076] {python.py:175} INFO - Done. Returned value was: None
[2022-03-15 14:43:24,085] {taskinstance.py:1272} INFO - Marking task as SUCCESS. dag_id=simple_dag, task_id=upload_to_bucket, execution_date=20220315T144210, start_date=20220315T194323, end_date=20220315T194324
[2022-03-15 14:43:24,141] {local_task_job.py:154} INFO - Task exited with return code 0
[2022-03-15 14:43:24,178] {local_task_job.py:264} INFO - 1 downstream tasks scheduled from follow-on schedule check
