[2022-03-14 11:18:07,499] {taskinstance.py:1037} INFO - Dependencies all met for <TaskInstance: simple_dag.print_word_count scheduled__2022-03-14T11:22:00+00:00 [queued]>
[2022-03-14 11:18:07,505] {taskinstance.py:1037} INFO - Dependencies all met for <TaskInstance: simple_dag.print_word_count scheduled__2022-03-14T11:22:00+00:00 [queued]>
[2022-03-14 11:18:07,505] {taskinstance.py:1243} INFO - 
--------------------------------------------------------------------------------
[2022-03-14 11:18:07,505] {taskinstance.py:1244} INFO - Starting attempt 1 of 1
[2022-03-14 11:18:07,505] {taskinstance.py:1245} INFO - 
--------------------------------------------------------------------------------
[2022-03-14 11:18:07,515] {taskinstance.py:1264} INFO - Executing <Task(PythonOperator): print_word_count> on 2022-03-14 11:22:00+00:00
[2022-03-14 11:18:07,518] {standard_task_runner.py:52} INFO - Started process 80193 to run task
[2022-03-14 11:18:07,523] {standard_task_runner.py:76} INFO - Running: ['airflow', 'tasks', 'run', 'simple_dag', 'print_word_count', 'scheduled__2022-03-14T11:22:00+00:00', '--job-id', '122', '--raw', '--subdir', 'DAGS_FOLDER/simple_dag.py', '--cfg-path', '/var/folders/tl/ljh9dpdd2fnbgmc62qc2b49h0000gn/T/tmpfuq3jwly', '--error-file', '/var/folders/tl/ljh9dpdd2fnbgmc62qc2b49h0000gn/T/tmpp3aisil3']
[2022-03-14 11:18:07,526] {standard_task_runner.py:77} INFO - Job 122: Subtask print_word_count
[2022-03-14 11:18:07,585] {logging_mixin.py:109} INFO - Running <TaskInstance: simple_dag.print_word_count scheduled__2022-03-14T11:22:00+00:00 [running]> on host 1.0.0.0.0.0.0.0.0.0.0.0.0.0.0.0.0.0.0.0.0.0.0.0.0.0.0.0.0.0.0.0.ip6.arpa
[2022-03-14 11:18:07,630] {taskinstance.py:1429} INFO - Exporting the following env vars:
AIRFLOW_CTX_DAG_OWNER=airflow
AIRFLOW_CTX_DAG_ID=simple_dag
AIRFLOW_CTX_TASK_ID=print_word_count
AIRFLOW_CTX_EXECUTION_DATE=2022-03-14T11:22:00+00:00
AIRFLOW_CTX_DAG_RUN_ID=scheduled__2022-03-14T11:22:00+00:00
[2022-03-14 11:18:07,753] {logging_mixin.py:109} INFO - {'pantry': {'excludeIngredients': ['escargot', 'seasoning'], 'includeIngredients': ['salt', 'sweet potato', 'cooking oil'], 'intolerances': 'dairy'}, 'user': {'address': 'PSC 5044, Box 6368\nAPO AA 80559', 'description': 'Between trouble leg. Key person goal cost member. Begin different fear not also price.', 'name': 'Elizabeth Richardson'}}
[2022-03-14 11:18:07,755] {python.py:175} INFO - Done. Returned value was: None
[2022-03-14 11:18:07,763] {taskinstance.py:1272} INFO - Marking task as SUCCESS. dag_id=simple_dag, task_id=print_word_count, execution_date=20220314T112200, start_date=20220314T161807, end_date=20220314T161807
[2022-03-14 11:18:07,787] {local_task_job.py:154} INFO - Task exited with return code 0
[2022-03-14 11:18:07,806] {local_task_job.py:264} INFO - 0 downstream tasks scheduled from follow-on schedule check
