[2022-03-14 12:17:13,289] {taskinstance.py:1037} INFO - Dependencies all met for <TaskInstance: simple_dag.request_user scheduled__2022-03-14T12:22:00+00:00 [queued]>
[2022-03-14 12:17:13,296] {taskinstance.py:1037} INFO - Dependencies all met for <TaskInstance: simple_dag.request_user scheduled__2022-03-14T12:22:00+00:00 [queued]>
[2022-03-14 12:17:13,296] {taskinstance.py:1243} INFO - 
--------------------------------------------------------------------------------
[2022-03-14 12:17:13,296] {taskinstance.py:1244} INFO - Starting attempt 1 of 1
[2022-03-14 12:17:13,296] {taskinstance.py:1245} INFO - 
--------------------------------------------------------------------------------
[2022-03-14 12:17:13,306] {taskinstance.py:1264} INFO - Executing <Task(PythonOperator): request_user> on 2022-03-14 12:22:00+00:00
[2022-03-14 12:17:13,309] {standard_task_runner.py:52} INFO - Started process 83021 to run task
[2022-03-14 12:17:13,317] {standard_task_runner.py:76} INFO - Running: ['airflow', 'tasks', 'run', 'simple_dag', 'request_user', 'scheduled__2022-03-14T12:22:00+00:00', '--job-id', '160', '--raw', '--subdir', 'DAGS_FOLDER/simple_dag.py', '--cfg-path', '/var/folders/tl/ljh9dpdd2fnbgmc62qc2b49h0000gn/T/tmpscmtlivx', '--error-file', '/var/folders/tl/ljh9dpdd2fnbgmc62qc2b49h0000gn/T/tmp8qciv0ks']
[2022-03-14 12:17:13,321] {standard_task_runner.py:77} INFO - Job 160: Subtask request_user
[2022-03-14 12:17:13,382] {logging_mixin.py:109} INFO - Running <TaskInstance: simple_dag.request_user scheduled__2022-03-14T12:22:00+00:00 [running]> on host 1.0.0.0.0.0.0.0.0.0.0.0.0.0.0.0.0.0.0.0.0.0.0.0.0.0.0.0.0.0.0.0.ip6.arpa
[2022-03-14 12:17:13,433] {taskinstance.py:1429} INFO - Exporting the following env vars:
AIRFLOW_CTX_DAG_OWNER=airflow
AIRFLOW_CTX_DAG_ID=simple_dag
AIRFLOW_CTX_TASK_ID=request_user
AIRFLOW_CTX_EXECUTION_DATE=2022-03-14T12:22:00+00:00
AIRFLOW_CTX_DAG_RUN_ID=scheduled__2022-03-14T12:22:00+00:00
[2022-03-14 12:17:15,558] {python.py:175} INFO - Done. Returned value was: None
[2022-03-14 12:17:15,567] {taskinstance.py:1272} INFO - Marking task as SUCCESS. dag_id=simple_dag, task_id=request_user, execution_date=20220314T122200, start_date=20220314T171713, end_date=20220314T171715
[2022-03-14 12:17:15,606] {local_task_job.py:154} INFO - Task exited with return code 0
[2022-03-14 12:17:15,626] {local_task_job.py:264} INFO - 0 downstream tasks scheduled from follow-on schedule check
