[2022-03-14 10:28:09,829] {taskinstance.py:1037} INFO - Dependencies all met for <TaskInstance: simple_dag.task_request_api scheduled__2022-03-14T10:32:00+00:00 [queued]>
[2022-03-14 10:28:09,835] {taskinstance.py:1037} INFO - Dependencies all met for <TaskInstance: simple_dag.task_request_api scheduled__2022-03-14T10:32:00+00:00 [queued]>
[2022-03-14 10:28:09,835] {taskinstance.py:1243} INFO - 
--------------------------------------------------------------------------------
[2022-03-14 10:28:09,835] {taskinstance.py:1244} INFO - Starting attempt 1 of 1
[2022-03-14 10:28:09,835] {taskinstance.py:1245} INFO - 
--------------------------------------------------------------------------------
[2022-03-14 10:28:09,843] {taskinstance.py:1264} INFO - Executing <Task(PythonOperator): task_request_api> on 2022-03-14 10:32:00+00:00
[2022-03-14 10:28:09,846] {standard_task_runner.py:52} INFO - Started process 77327 to run task
[2022-03-14 10:28:09,852] {standard_task_runner.py:76} INFO - Running: ['airflow', 'tasks', 'run', 'simple_dag', 'task_request_api', 'scheduled__2022-03-14T10:32:00+00:00', '--job-id', '36', '--raw', '--subdir', 'DAGS_FOLDER/simple_dag.py', '--cfg-path', '/var/folders/tl/ljh9dpdd2fnbgmc62qc2b49h0000gn/T/tmphkbegvo9', '--error-file', '/var/folders/tl/ljh9dpdd2fnbgmc62qc2b49h0000gn/T/tmpwcg5j0m0']
[2022-03-14 10:28:09,855] {standard_task_runner.py:77} INFO - Job 36: Subtask task_request_api
[2022-03-14 10:28:09,904] {logging_mixin.py:109} INFO - Running <TaskInstance: simple_dag.task_request_api scheduled__2022-03-14T10:32:00+00:00 [running]> on host 1.0.0.0.0.0.0.0.0.0.0.0.0.0.0.0.0.0.0.0.0.0.0.0.0.0.0.0.0.0.0.0.ip6.arpa
[2022-03-14 10:28:09,943] {taskinstance.py:1429} INFO - Exporting the following env vars:
AIRFLOW_CTX_DAG_OWNER=airflow
AIRFLOW_CTX_DAG_ID=simple_dag
AIRFLOW_CTX_TASK_ID=task_request_api
AIRFLOW_CTX_EXECUTION_DATE=2022-03-14T10:32:00+00:00
AIRFLOW_CTX_DAG_RUN_ID=scheduled__2022-03-14T10:32:00+00:00
[2022-03-14 10:28:09,945] {logging_mixin.py:109} INFO - Work
[2022-03-14 10:28:09,946] {python.py:175} INFO - Done. Returned value was: None
[2022-03-14 10:28:09,953] {taskinstance.py:1272} INFO - Marking task as SUCCESS. dag_id=simple_dag, task_id=task_request_api, execution_date=20220314T103200, start_date=20220314T152809, end_date=20220314T152809
[2022-03-14 10:28:09,994] {local_task_job.py:154} INFO - Task exited with return code 0
[2022-03-14 10:28:10,016] {local_task_job.py:264} INFO - 0 downstream tasks scheduled from follow-on schedule check
