[2022-03-14 12:10:27,766] {taskinstance.py:1037} INFO - Dependencies all met for <TaskInstance: simple_dag.request_user scheduled__2022-03-14T12:06:00+00:00 [queued]>
[2022-03-14 12:10:27,774] {taskinstance.py:1037} INFO - Dependencies all met for <TaskInstance: simple_dag.request_user scheduled__2022-03-14T12:06:00+00:00 [queued]>
[2022-03-14 12:10:27,774] {taskinstance.py:1243} INFO - 
--------------------------------------------------------------------------------
[2022-03-14 12:10:27,775] {taskinstance.py:1244} INFO - Starting attempt 1 of 1
[2022-03-14 12:10:27,775] {taskinstance.py:1245} INFO - 
--------------------------------------------------------------------------------
[2022-03-14 12:10:27,785] {taskinstance.py:1264} INFO - Executing <Task(PythonOperator): request_user> on 2022-03-14 12:06:00+00:00
[2022-03-14 12:10:27,789] {standard_task_runner.py:52} INFO - Started process 82752 to run task
[2022-03-14 12:10:27,796] {standard_task_runner.py:76} INFO - Running: ['airflow', 'tasks', 'run', 'simple_dag', 'request_user', 'scheduled__2022-03-14T12:06:00+00:00', '--job-id', '135', '--raw', '--subdir', 'DAGS_FOLDER/simple_dag.py', '--cfg-path', '/var/folders/tl/ljh9dpdd2fnbgmc62qc2b49h0000gn/T/tmpca7xxdfu', '--error-file', '/var/folders/tl/ljh9dpdd2fnbgmc62qc2b49h0000gn/T/tmph2lefgtb']
[2022-03-14 12:10:27,799] {standard_task_runner.py:77} INFO - Job 135: Subtask request_user
[2022-03-14 12:10:27,862] {logging_mixin.py:109} INFO - Running <TaskInstance: simple_dag.request_user scheduled__2022-03-14T12:06:00+00:00 [running]> on host 1.0.0.0.0.0.0.0.0.0.0.0.0.0.0.0.0.0.0.0.0.0.0.0.0.0.0.0.0.0.0.0.ip6.arpa
[2022-03-14 12:10:27,912] {taskinstance.py:1429} INFO - Exporting the following env vars:
AIRFLOW_CTX_DAG_OWNER=airflow
AIRFLOW_CTX_DAG_ID=simple_dag
AIRFLOW_CTX_TASK_ID=request_user
AIRFLOW_CTX_EXECUTION_DATE=2022-03-14T12:06:00+00:00
AIRFLOW_CTX_DAG_RUN_ID=scheduled__2022-03-14T12:06:00+00:00
[2022-03-14 12:10:28,040] {logging_mixin.py:109} INFO - {'pantry': {'excludeIngredients': ['chickpeas', 'stock'], 'includeIngredients': ['cooking spray', 'sweet potato', 'whole chicken'], 'intolerances': 'soy'}, 'user': {'address': '7490 Erin Fields Suite 858\nNew Christopherton, TX 30538', 'description': 'Factor six heart direction nor budget. Game oil group politics.\nRadio again deep eat quite success finally. Early example record particularly American.', 'name': 'Nicole Hodge'}}
[2022-03-14 12:10:28,041] {logging_mixin.py:109} INFO - /Users/HomeFolder/mydatasets/datacourse_data-workflows-and-architectures/miniprojects/airflow
[2022-03-14 12:10:30,042] {python.py:175} INFO - Done. Returned value was: None
[2022-03-14 12:10:30,053] {taskinstance.py:1272} INFO - Marking task as SUCCESS. dag_id=simple_dag, task_id=request_user, execution_date=20220314T120600, start_date=20220314T171027, end_date=20220314T171030
[2022-03-14 12:10:30,093] {local_task_job.py:154} INFO - Task exited with return code 0
[2022-03-14 12:10:30,112] {local_task_job.py:264} INFO - 0 downstream tasks scheduled from follow-on schedule check
