[2022-03-15 15:01:52,899] {taskinstance.py:1037} INFO - Dependencies all met for <TaskInstance: simple_dag.to_sql scheduled__2022-03-15T15:00:43.254988+00:00 [queued]>
[2022-03-15 15:01:52,906] {taskinstance.py:1037} INFO - Dependencies all met for <TaskInstance: simple_dag.to_sql scheduled__2022-03-15T15:00:43.254988+00:00 [queued]>
[2022-03-15 15:01:52,906] {taskinstance.py:1243} INFO - 
--------------------------------------------------------------------------------
[2022-03-15 15:01:52,906] {taskinstance.py:1244} INFO - Starting attempt 1 of 1
[2022-03-15 15:01:52,906] {taskinstance.py:1245} INFO - 
--------------------------------------------------------------------------------
[2022-03-15 15:01:52,917] {taskinstance.py:1264} INFO - Executing <Task(PythonOperator): to_sql> on 2022-03-15 15:00:43.254988+00:00
[2022-03-15 15:01:52,921] {standard_task_runner.py:52} INFO - Started process 27647 to run task
[2022-03-15 15:01:52,928] {standard_task_runner.py:76} INFO - Running: ['airflow', 'tasks', 'run', 'simple_dag', 'to_sql', 'scheduled__2022-03-15T15:00:43.254988+00:00', '--job-id', '335', '--raw', '--subdir', 'DAGS_FOLDER/simple_dag.py', '--cfg-path', '/var/folders/tl/ljh9dpdd2fnbgmc62qc2b49h0000gn/T/tmpreqc3_ui', '--error-file', '/var/folders/tl/ljh9dpdd2fnbgmc62qc2b49h0000gn/T/tmpepemguyh']
[2022-03-15 15:01:52,931] {standard_task_runner.py:77} INFO - Job 335: Subtask to_sql
[2022-03-15 15:01:52,986] {logging_mixin.py:109} INFO - Running <TaskInstance: simple_dag.to_sql scheduled__2022-03-15T15:00:43.254988+00:00 [running]> on host 1.0.0.0.0.0.0.0.0.0.0.0.0.0.0.0.0.0.0.0.0.0.0.0.0.0.0.0.0.0.0.0.ip6.arpa
[2022-03-15 15:01:53,031] {taskinstance.py:1429} INFO - Exporting the following env vars:
AIRFLOW_CTX_DAG_OWNER=airflow
AIRFLOW_CTX_DAG_ID=simple_dag
AIRFLOW_CTX_TASK_ID=to_sql
AIRFLOW_CTX_EXECUTION_DATE=2022-03-15T15:00:43.254988+00:00
AIRFLOW_CTX_DAG_RUN_ID=scheduled__2022-03-15T15:00:43.254988+00:00
[2022-03-15 15:01:53,894] {logging_mixin.py:109} INFO - Empty DataFrame
Columns: [id, title, servings, summary, diets, ingredients, equipment]
Index: []
[2022-03-15 15:01:53,907] {base_aws.py:190} INFO - Credentials retrieved from login
[2022-03-15 15:01:53,908] {base_aws.py:90} INFO - Retrieving region_name from Connection.extra_config['region_name']
[2022-03-15 15:01:54,305] {base_aws.py:190} INFO - Credentials retrieved from login
[2022-03-15 15:01:54,306] {base_aws.py:90} INFO - Retrieving region_name from Connection.extra_config['region_name']
[2022-03-15 15:01:54,844] {base_aws.py:190} INFO - Credentials retrieved from login
[2022-03-15 15:01:54,846] {base_aws.py:90} INFO - Retrieving region_name from Connection.extra_config['region_name']
[2022-03-15 15:01:55,226] {base_aws.py:190} INFO - Credentials retrieved from login
[2022-03-15 15:01:55,227] {base_aws.py:90} INFO - Retrieving region_name from Connection.extra_config['region_name']
[2022-03-15 15:01:55,653] {base_aws.py:190} INFO - Credentials retrieved from login
[2022-03-15 15:01:55,654] {base_aws.py:90} INFO - Retrieving region_name from Connection.extra_config['region_name']
[2022-03-15 15:01:56,054] {base_aws.py:190} INFO - Credentials retrieved from login
[2022-03-15 15:01:56,055] {base_aws.py:90} INFO - Retrieving region_name from Connection.extra_config['region_name']
[2022-03-15 15:01:56,447] {base_aws.py:190} INFO - Credentials retrieved from login
[2022-03-15 15:01:56,448] {base_aws.py:90} INFO - Retrieving region_name from Connection.extra_config['region_name']
[2022-03-15 15:01:56,820] {base_aws.py:190} INFO - Credentials retrieved from login
[2022-03-15 15:01:56,821] {base_aws.py:90} INFO - Retrieving region_name from Connection.extra_config['region_name']
[2022-03-15 15:01:57,317] {base_aws.py:190} INFO - Credentials retrieved from login
[2022-03-15 15:01:57,318] {base_aws.py:90} INFO - Retrieving region_name from Connection.extra_config['region_name']
[2022-03-15 15:01:57,709] {base_aws.py:190} INFO - Credentials retrieved from login
[2022-03-15 15:01:57,710] {base_aws.py:90} INFO - Retrieving region_name from Connection.extra_config['region_name']
[2022-03-15 15:01:58,098] {base_aws.py:190} INFO - Credentials retrieved from login
[2022-03-15 15:01:58,099] {base_aws.py:90} INFO - Retrieving region_name from Connection.extra_config['region_name']
[2022-03-15 15:01:58,538] {base_aws.py:190} INFO - Credentials retrieved from login
[2022-03-15 15:01:58,539] {base_aws.py:90} INFO - Retrieving region_name from Connection.extra_config['region_name']
[2022-03-15 15:01:58,994] {base_aws.py:190} INFO - Credentials retrieved from login
[2022-03-15 15:01:58,996] {base_aws.py:90} INFO - Retrieving region_name from Connection.extra_config['region_name']
[2022-03-15 15:01:59,520] {base_aws.py:190} INFO - Credentials retrieved from login
[2022-03-15 15:01:59,521] {base_aws.py:90} INFO - Retrieving region_name from Connection.extra_config['region_name']
[2022-03-15 15:01:59,968] {base_aws.py:190} INFO - Credentials retrieved from login
[2022-03-15 15:01:59,969] {base_aws.py:90} INFO - Retrieving region_name from Connection.extra_config['region_name']
[2022-03-15 15:02:00,744] {base_aws.py:190} INFO - Credentials retrieved from login
[2022-03-15 15:02:00,746] {base_aws.py:90} INFO - Retrieving region_name from Connection.extra_config['region_name']
[2022-03-15 15:02:01,121] {base_aws.py:190} INFO - Credentials retrieved from login
[2022-03-15 15:02:01,123] {base_aws.py:90} INFO - Retrieving region_name from Connection.extra_config['region_name']
[2022-03-15 15:02:01,535] {base_aws.py:190} INFO - Credentials retrieved from login
[2022-03-15 15:02:01,536] {base_aws.py:90} INFO - Retrieving region_name from Connection.extra_config['region_name']
[2022-03-15 15:02:02,089] {base_aws.py:190} INFO - Credentials retrieved from login
[2022-03-15 15:02:02,090] {base_aws.py:90} INFO - Retrieving region_name from Connection.extra_config['region_name']
[2022-03-15 15:02:02,492] {base_aws.py:190} INFO - Credentials retrieved from login
[2022-03-15 15:02:02,494] {base_aws.py:90} INFO - Retrieving region_name from Connection.extra_config['region_name']
[2022-03-15 15:02:02,886] {taskinstance.py:1718} ERROR - Task failed with exception
Traceback (most recent call last):
  File "/opt/anaconda3/lib/python3.9/site-packages/airflow/models/taskinstance.py", line 1334, in _run_raw_task
    self._execute_task_with_callbacks(context)
  File "/opt/anaconda3/lib/python3.9/site-packages/airflow/models/taskinstance.py", line 1460, in _execute_task_with_callbacks
    result = self._execute_task(context, self.task)
  File "/opt/anaconda3/lib/python3.9/site-packages/airflow/models/taskinstance.py", line 1516, in _execute_task
    result = execute_callable(context=context)
  File "/opt/anaconda3/lib/python3.9/site-packages/airflow/operators/python.py", line 174, in execute
    return_value = self.execute_callable()
  File "/opt/anaconda3/lib/python3.9/site-packages/airflow/operators/python.py", line 188, in execute_callable
    return self.python_callable(*self.op_args, **self.op_kwargs)
  File "/Users/HomeFolder/airflow/dags/simple_dag.py", line 181, in to_sql
    print(pd.concat([recipesql,recipelist], ignore_index=True))
  File "/opt/anaconda3/lib/python3.9/site-packages/pandas/util/_decorators.py", line 311, in wrapper
    return func(*args, **kwargs)
  File "/opt/anaconda3/lib/python3.9/site-packages/pandas/core/reshape/concat.py", line 294, in concat
    op = _Concatenator(
  File "/opt/anaconda3/lib/python3.9/site-packages/pandas/core/reshape/concat.py", line 384, in __init__
    raise TypeError(msg)
TypeError: cannot concatenate object of type '<class 'list'>'; only Series and DataFrame objs are valid
[2022-03-15 15:02:02,908] {taskinstance.py:1272} INFO - Marking task as FAILED. dag_id=simple_dag, task_id=to_sql, execution_date=20220315T150043, start_date=20220315T200152, end_date=20220315T200202
[2022-03-15 15:02:02,921] {standard_task_runner.py:89} ERROR - Failed to execute job 335 for task to_sql
Traceback (most recent call last):
  File "/opt/anaconda3/lib/python3.9/site-packages/airflow/task/task_runner/standard_task_runner.py", line 85, in _start_by_fork
    args.func(args, dag=self.dag)
  File "/opt/anaconda3/lib/python3.9/site-packages/airflow/cli/cli_parser.py", line 48, in command
    return func(*args, **kwargs)
  File "/opt/anaconda3/lib/python3.9/site-packages/airflow/utils/cli.py", line 92, in wrapper
    return f(*args, **kwargs)
  File "/opt/anaconda3/lib/python3.9/site-packages/airflow/cli/commands/task_command.py", line 298, in task_run
    _run_task_by_selected_method(args, dag, ti)
  File "/opt/anaconda3/lib/python3.9/site-packages/airflow/cli/commands/task_command.py", line 107, in _run_task_by_selected_method
    _run_raw_task(args, ti)
  File "/opt/anaconda3/lib/python3.9/site-packages/airflow/cli/commands/task_command.py", line 180, in _run_raw_task
    ti._run_raw_task(
  File "/opt/anaconda3/lib/python3.9/site-packages/airflow/utils/session.py", line 70, in wrapper
    return func(*args, session=session, **kwargs)
  File "/opt/anaconda3/lib/python3.9/site-packages/airflow/models/taskinstance.py", line 1334, in _run_raw_task
    self._execute_task_with_callbacks(context)
  File "/opt/anaconda3/lib/python3.9/site-packages/airflow/models/taskinstance.py", line 1460, in _execute_task_with_callbacks
    result = self._execute_task(context, self.task)
  File "/opt/anaconda3/lib/python3.9/site-packages/airflow/models/taskinstance.py", line 1516, in _execute_task
    result = execute_callable(context=context)
  File "/opt/anaconda3/lib/python3.9/site-packages/airflow/operators/python.py", line 174, in execute
    return_value = self.execute_callable()
  File "/opt/anaconda3/lib/python3.9/site-packages/airflow/operators/python.py", line 188, in execute_callable
    return self.python_callable(*self.op_args, **self.op_kwargs)
  File "/Users/HomeFolder/airflow/dags/simple_dag.py", line 181, in to_sql
    print(pd.concat([recipesql,recipelist], ignore_index=True))
  File "/opt/anaconda3/lib/python3.9/site-packages/pandas/util/_decorators.py", line 311, in wrapper
    return func(*args, **kwargs)
  File "/opt/anaconda3/lib/python3.9/site-packages/pandas/core/reshape/concat.py", line 294, in concat
    op = _Concatenator(
  File "/opt/anaconda3/lib/python3.9/site-packages/pandas/core/reshape/concat.py", line 384, in __init__
    raise TypeError(msg)
TypeError: cannot concatenate object of type '<class 'list'>'; only Series and DataFrame objs are valid
[2022-03-15 15:02:02,981] {local_task_job.py:154} INFO - Task exited with return code 1
[2022-03-15 15:02:03,001] {local_task_job.py:264} INFO - 0 downstream tasks scheduled from follow-on schedule check
