[2022-03-15 11:52:16,772] {taskinstance.py:1037} INFO - Dependencies all met for <TaskInstance: simple_dag.get_recipes scheduled__2022-03-15T11:55:00+00:00 [queued]>
[2022-03-15 11:52:16,784] {taskinstance.py:1037} INFO - Dependencies all met for <TaskInstance: simple_dag.get_recipes scheduled__2022-03-15T11:55:00+00:00 [queued]>
[2022-03-15 11:52:16,784] {taskinstance.py:1243} INFO - 
--------------------------------------------------------------------------------
[2022-03-15 11:52:16,784] {taskinstance.py:1244} INFO - Starting attempt 1 of 1
[2022-03-15 11:52:16,784] {taskinstance.py:1245} INFO - 
--------------------------------------------------------------------------------
[2022-03-15 11:52:16,794] {taskinstance.py:1264} INFO - Executing <Task(PythonOperator): get_recipes> on 2022-03-15 11:55:00+00:00
[2022-03-15 11:52:16,799] {standard_task_runner.py:52} INFO - Started process 21627 to run task
[2022-03-15 11:52:16,806] {standard_task_runner.py:76} INFO - Running: ['airflow', 'tasks', 'run', 'simple_dag', 'get_recipes', 'scheduled__2022-03-15T11:55:00+00:00', '--job-id', '299', '--raw', '--subdir', 'DAGS_FOLDER/simple_dag.py', '--cfg-path', '/var/folders/tl/ljh9dpdd2fnbgmc62qc2b49h0000gn/T/tmpg_7byqj7', '--error-file', '/var/folders/tl/ljh9dpdd2fnbgmc62qc2b49h0000gn/T/tmp9f3th9p_']
[2022-03-15 11:52:16,809] {standard_task_runner.py:77} INFO - Job 299: Subtask get_recipes
[2022-03-15 11:52:16,872] {logging_mixin.py:109} INFO - Running <TaskInstance: simple_dag.get_recipes scheduled__2022-03-15T11:55:00+00:00 [running]> on host 1.0.0.0.0.0.0.0.0.0.0.0.0.0.0.0.0.0.0.0.0.0.0.0.0.0.0.0.0.0.0.0.ip6.arpa
[2022-03-15 11:52:16,923] {taskinstance.py:1429} INFO - Exporting the following env vars:
AIRFLOW_CTX_DAG_OWNER=airflow
AIRFLOW_CTX_DAG_ID=simple_dag
AIRFLOW_CTX_TASK_ID=get_recipes
AIRFLOW_CTX_EXECUTION_DATE=2022-03-15T11:55:00+00:00
AIRFLOW_CTX_DAG_RUN_ID=scheduled__2022-03-15T11:55:00+00:00
[2022-03-15 11:52:16,939] {base_aws.py:190} INFO - Credentials retrieved from login
[2022-03-15 11:52:16,941] {base_aws.py:90} INFO - Retrieving region_name from Connection.extra_config['region_name']
[2022-03-15 11:52:17,315] {python.py:175} INFO - Done. Returned value was: None
[2022-03-15 11:52:17,324] {taskinstance.py:1272} INFO - Marking task as SUCCESS. dag_id=simple_dag, task_id=get_recipes, execution_date=20220315T115500, start_date=20220315T165216, end_date=20220315T165217
[2022-03-15 11:52:17,369] {local_task_job.py:154} INFO - Task exited with return code 0
[2022-03-15 11:52:17,390] {local_task_job.py:264} INFO - 0 downstream tasks scheduled from follow-on schedule check
