[2022-03-14 15:21:25,563] {taskinstance.py:1037} INFO - Dependencies all met for <TaskInstance: simple_dag.get_recipes scheduled__2022-03-14T15:26:00+00:00 [queued]>
[2022-03-14 15:21:25,573] {taskinstance.py:1037} INFO - Dependencies all met for <TaskInstance: simple_dag.get_recipes scheduled__2022-03-14T15:26:00+00:00 [queued]>
[2022-03-14 15:21:25,573] {taskinstance.py:1243} INFO - 
--------------------------------------------------------------------------------
[2022-03-14 15:21:25,573] {taskinstance.py:1244} INFO - Starting attempt 1 of 1
[2022-03-14 15:21:25,573] {taskinstance.py:1245} INFO - 
--------------------------------------------------------------------------------
[2022-03-14 15:21:25,582] {taskinstance.py:1264} INFO - Executing <Task(PythonOperator): get_recipes> on 2022-03-14 15:26:00+00:00
[2022-03-14 15:21:25,586] {standard_task_runner.py:52} INFO - Started process 89485 to run task
[2022-03-14 15:21:25,592] {standard_task_runner.py:76} INFO - Running: ['airflow', 'tasks', 'run', 'simple_dag', 'get_recipes', 'scheduled__2022-03-14T15:26:00+00:00', '--job-id', '241', '--raw', '--subdir', 'DAGS_FOLDER/simple_dag.py', '--cfg-path', '/var/folders/tl/ljh9dpdd2fnbgmc62qc2b49h0000gn/T/tmpcpvkzdha', '--error-file', '/var/folders/tl/ljh9dpdd2fnbgmc62qc2b49h0000gn/T/tmpzv6ak2jq']
[2022-03-14 15:21:25,595] {standard_task_runner.py:77} INFO - Job 241: Subtask get_recipes
[2022-03-14 15:21:25,651] {logging_mixin.py:109} INFO - Running <TaskInstance: simple_dag.get_recipes scheduled__2022-03-14T15:26:00+00:00 [running]> on host 1.0.0.0.0.0.0.0.0.0.0.0.0.0.0.0.0.0.0.0.0.0.0.0.0.0.0.0.0.0.0.0.ip6.arpa
[2022-03-14 15:21:25,700] {taskinstance.py:1429} INFO - Exporting the following env vars:
AIRFLOW_CTX_DAG_OWNER=airflow
AIRFLOW_CTX_DAG_ID=simple_dag
AIRFLOW_CTX_TASK_ID=get_recipes
AIRFLOW_CTX_EXECUTION_DATE=2022-03-14T15:26:00+00:00
AIRFLOW_CTX_DAG_RUN_ID=scheduled__2022-03-14T15:26:00+00:00
[2022-03-14 15:21:25,707] {base_aws.py:190} INFO - Credentials retrieved from login
[2022-03-14 15:21:25,708] {base_aws.py:90} INFO - Retrieving region_name from Connection.extra_config['region_name']
[2022-03-14 15:21:26,077] {base_aws.py:190} INFO - Credentials retrieved from login
[2022-03-14 15:21:26,078] {base_aws.py:90} INFO - Retrieving region_name from Connection.extra_config['region_name']
[2022-03-14 15:21:26,534] {logging_mixin.py:109} INFO - {'apiKey': '6980d1ba951a438982534beaedb41e6f', 'addRecipeInformation': True}
[2022-03-14 15:21:26,539] {base_aws.py:190} INFO - Credentials retrieved from login
[2022-03-14 15:21:26,540] {base_aws.py:90} INFO - Retrieving region_name from Connection.extra_config['region_name']
[2022-03-14 15:21:26,915] {logging_mixin.py:109} INFO - {'apiKey': '6980d1ba951a438982534beaedb41e6f', 'addRecipeInformation': True}
[2022-03-14 15:21:26,919] {base_aws.py:190} INFO - Credentials retrieved from login
[2022-03-14 15:21:26,920] {base_aws.py:90} INFO - Retrieving region_name from Connection.extra_config['region_name']
[2022-03-14 15:21:27,276] {logging_mixin.py:109} INFO - {'apiKey': '6980d1ba951a438982534beaedb41e6f', 'addRecipeInformation': True}
[2022-03-14 15:21:27,281] {base_aws.py:190} INFO - Credentials retrieved from login
[2022-03-14 15:21:27,283] {base_aws.py:90} INFO - Retrieving region_name from Connection.extra_config['region_name']
[2022-03-14 15:21:27,641] {logging_mixin.py:109} INFO - {'apiKey': '6980d1ba951a438982534beaedb41e6f', 'addRecipeInformation': True}
[2022-03-14 15:21:27,645] {base_aws.py:190} INFO - Credentials retrieved from login
[2022-03-14 15:21:27,647] {base_aws.py:90} INFO - Retrieving region_name from Connection.extra_config['region_name']
[2022-03-14 15:21:28,008] {logging_mixin.py:109} INFO - {'apiKey': '6980d1ba951a438982534beaedb41e6f', 'addRecipeInformation': True}
[2022-03-14 15:21:28,013] {base_aws.py:190} INFO - Credentials retrieved from login
[2022-03-14 15:21:28,014] {base_aws.py:90} INFO - Retrieving region_name from Connection.extra_config['region_name']
[2022-03-14 15:21:28,486] {logging_mixin.py:109} INFO - {'apiKey': '6980d1ba951a438982534beaedb41e6f', 'addRecipeInformation': True}
[2022-03-14 15:21:28,491] {base_aws.py:190} INFO - Credentials retrieved from login
[2022-03-14 15:21:28,492] {base_aws.py:90} INFO - Retrieving region_name from Connection.extra_config['region_name']
[2022-03-14 15:21:28,867] {logging_mixin.py:109} INFO - {'apiKey': '6980d1ba951a438982534beaedb41e6f', 'addRecipeInformation': True}
[2022-03-14 15:21:28,871] {base_aws.py:190} INFO - Credentials retrieved from login
[2022-03-14 15:21:28,871] {base_aws.py:90} INFO - Retrieving region_name from Connection.extra_config['region_name']
[2022-03-14 15:21:29,223] {logging_mixin.py:109} INFO - {'apiKey': '6980d1ba951a438982534beaedb41e6f', 'addRecipeInformation': True}
[2022-03-14 15:21:29,228] {base_aws.py:190} INFO - Credentials retrieved from login
[2022-03-14 15:21:29,229] {base_aws.py:90} INFO - Retrieving region_name from Connection.extra_config['region_name']
[2022-03-14 15:21:29,594] {logging_mixin.py:109} INFO - {'apiKey': '6980d1ba951a438982534beaedb41e6f', 'addRecipeInformation': True}
[2022-03-14 15:21:29,599] {base_aws.py:190} INFO - Credentials retrieved from login
[2022-03-14 15:21:29,600] {base_aws.py:90} INFO - Retrieving region_name from Connection.extra_config['region_name']
[2022-03-14 15:21:29,996] {logging_mixin.py:109} INFO - {'apiKey': '6980d1ba951a438982534beaedb41e6f', 'addRecipeInformation': True}
[2022-03-14 15:21:30,000] {base_aws.py:190} INFO - Credentials retrieved from login
[2022-03-14 15:21:30,001] {base_aws.py:90} INFO - Retrieving region_name from Connection.extra_config['region_name']
[2022-03-14 15:21:30,507] {logging_mixin.py:109} INFO - {'apiKey': '6980d1ba951a438982534beaedb41e6f', 'addRecipeInformation': True}
[2022-03-14 15:21:30,512] {base_aws.py:190} INFO - Credentials retrieved from login
[2022-03-14 15:21:30,513] {base_aws.py:90} INFO - Retrieving region_name from Connection.extra_config['region_name']
[2022-03-14 15:21:30,904] {logging_mixin.py:109} INFO - {'apiKey': '6980d1ba951a438982534beaedb41e6f', 'addRecipeInformation': True}
[2022-03-14 15:21:30,908] {base_aws.py:190} INFO - Credentials retrieved from login
[2022-03-14 15:21:30,909] {base_aws.py:90} INFO - Retrieving region_name from Connection.extra_config['region_name']
[2022-03-14 15:21:31,292] {logging_mixin.py:109} INFO - {'apiKey': '6980d1ba951a438982534beaedb41e6f', 'addRecipeInformation': True}
[2022-03-14 15:21:31,297] {base_aws.py:190} INFO - Credentials retrieved from login
[2022-03-14 15:21:31,298] {base_aws.py:90} INFO - Retrieving region_name from Connection.extra_config['region_name']
[2022-03-14 15:21:31,685] {logging_mixin.py:109} INFO - {'apiKey': '6980d1ba951a438982534beaedb41e6f', 'addRecipeInformation': True}
[2022-03-14 15:21:31,689] {base_aws.py:190} INFO - Credentials retrieved from login
[2022-03-14 15:21:31,691] {base_aws.py:90} INFO - Retrieving region_name from Connection.extra_config['region_name']
[2022-03-14 15:21:32,081] {logging_mixin.py:109} INFO - {'apiKey': '6980d1ba951a438982534beaedb41e6f', 'addRecipeInformation': True}
[2022-03-14 15:21:32,085] {base_aws.py:190} INFO - Credentials retrieved from login
[2022-03-14 15:21:32,087] {base_aws.py:90} INFO - Retrieving region_name from Connection.extra_config['region_name']
[2022-03-14 15:21:32,499] {logging_mixin.py:109} INFO - {'apiKey': '6980d1ba951a438982534beaedb41e6f', 'addRecipeInformation': True}
[2022-03-14 15:21:32,504] {base_aws.py:190} INFO - Credentials retrieved from login
[2022-03-14 15:21:32,505] {base_aws.py:90} INFO - Retrieving region_name from Connection.extra_config['region_name']
[2022-03-14 15:21:32,997] {logging_mixin.py:109} INFO - {'apiKey': '6980d1ba951a438982534beaedb41e6f', 'addRecipeInformation': True}
[2022-03-14 15:21:33,002] {base_aws.py:190} INFO - Credentials retrieved from login
[2022-03-14 15:21:33,003] {base_aws.py:90} INFO - Retrieving region_name from Connection.extra_config['region_name']
[2022-03-14 15:21:33,367] {logging_mixin.py:109} INFO - {'apiKey': '6980d1ba951a438982534beaedb41e6f', 'addRecipeInformation': True}
[2022-03-14 15:21:33,372] {base_aws.py:190} INFO - Credentials retrieved from login
[2022-03-14 15:21:33,373] {base_aws.py:90} INFO - Retrieving region_name from Connection.extra_config['region_name']
[2022-03-14 15:21:33,766] {logging_mixin.py:109} INFO - {'apiKey': '6980d1ba951a438982534beaedb41e6f', 'addRecipeInformation': True}
[2022-03-14 15:21:33,770] {base_aws.py:190} INFO - Credentials retrieved from login
[2022-03-14 15:21:33,771] {base_aws.py:90} INFO - Retrieving region_name from Connection.extra_config['region_name']
[2022-03-14 15:21:34,144] {logging_mixin.py:109} INFO - {'apiKey': '6980d1ba951a438982534beaedb41e6f', 'addRecipeInformation': True}
[2022-03-14 15:21:34,148] {python.py:175} INFO - Done. Returned value was: None
[2022-03-14 15:21:34,157] {taskinstance.py:1272} INFO - Marking task as SUCCESS. dag_id=simple_dag, task_id=get_recipes, execution_date=20220314T152600, start_date=20220314T202125, end_date=20220314T202134
[2022-03-14 15:21:34,198] {local_task_job.py:154} INFO - Task exited with return code 0
[2022-03-14 15:21:34,215] {local_task_job.py:264} INFO - 0 downstream tasks scheduled from follow-on schedule check
