[2022-03-14 11:16:35,933] {taskinstance.py:1037} INFO - Dependencies all met for <TaskInstance: simple_dag.print_word_count scheduled__2022-03-14T11:19:00+00:00 [queued]>
[2022-03-14 11:16:35,941] {taskinstance.py:1037} INFO - Dependencies all met for <TaskInstance: simple_dag.print_word_count scheduled__2022-03-14T11:19:00+00:00 [queued]>
[2022-03-14 11:16:35,942] {taskinstance.py:1243} INFO - 
--------------------------------------------------------------------------------
[2022-03-14 11:16:35,942] {taskinstance.py:1244} INFO - Starting attempt 1 of 1
[2022-03-14 11:16:35,942] {taskinstance.py:1245} INFO - 
--------------------------------------------------------------------------------
[2022-03-14 11:16:35,953] {taskinstance.py:1264} INFO - Executing <Task(PythonOperator): print_word_count> on 2022-03-14 11:19:00+00:00
[2022-03-14 11:16:35,956] {standard_task_runner.py:52} INFO - Started process 80096 to run task
[2022-03-14 11:16:35,962] {standard_task_runner.py:76} INFO - Running: ['airflow', 'tasks', 'run', 'simple_dag', 'print_word_count', 'scheduled__2022-03-14T11:19:00+00:00', '--job-id', '117', '--raw', '--subdir', 'DAGS_FOLDER/simple_dag.py', '--cfg-path', '/var/folders/tl/ljh9dpdd2fnbgmc62qc2b49h0000gn/T/tmpu6pui54o', '--error-file', '/var/folders/tl/ljh9dpdd2fnbgmc62qc2b49h0000gn/T/tmp11lj0k98']
[2022-03-14 11:16:35,965] {standard_task_runner.py:77} INFO - Job 117: Subtask print_word_count
[2022-03-14 11:16:36,023] {logging_mixin.py:109} INFO - Running <TaskInstance: simple_dag.print_word_count scheduled__2022-03-14T11:19:00+00:00 [running]> on host 1.0.0.0.0.0.0.0.0.0.0.0.0.0.0.0.0.0.0.0.0.0.0.0.0.0.0.0.0.0.0.0.ip6.arpa
[2022-03-14 11:16:36,069] {taskinstance.py:1429} INFO - Exporting the following env vars:
AIRFLOW_CTX_DAG_OWNER=airflow
AIRFLOW_CTX_DAG_ID=simple_dag
AIRFLOW_CTX_TASK_ID=print_word_count
AIRFLOW_CTX_EXECUTION_DATE=2022-03-14T11:19:00+00:00
AIRFLOW_CTX_DAG_RUN_ID=scheduled__2022-03-14T11:19:00+00:00
[2022-03-14 11:16:36,187] {logging_mixin.py:109} INFO - {'pantry': {'excludeIngredients': ['cauliflower rice'], 'includeIngredients': ['sweet potato'], 'intolerances': 'soy'}, 'user': {'address': '844 Christopher Estate\nNew Laurenside, CT 37392', 'description': 'Offer land ask along song us special stock. Real economy drug movie really happy.\nResponsibility painting sea popular. Green people sense main it. Option treatment school find five page.', 'name': 'Michael Sanchez'}}
[2022-03-14 11:16:36,189] {python.py:175} INFO - Done. Returned value was: None
[2022-03-14 11:16:36,197] {taskinstance.py:1272} INFO - Marking task as SUCCESS. dag_id=simple_dag, task_id=print_word_count, execution_date=20220314T111900, start_date=20220314T161635, end_date=20220314T161636
[2022-03-14 11:16:36,240] {local_task_job.py:154} INFO - Task exited with return code 0
[2022-03-14 11:16:36,260] {local_task_job.py:264} INFO - 0 downstream tasks scheduled from follow-on schedule check
