[2022-03-15 16:12:02,925] {taskinstance.py:1037} INFO - Dependencies all met for <TaskInstance: simple_dag.to_sql scheduled__2022-03-15T16:10:47.509984+00:00 [queued]>
[2022-03-15 16:12:02,938] {taskinstance.py:1037} INFO - Dependencies all met for <TaskInstance: simple_dag.to_sql scheduled__2022-03-15T16:10:47.509984+00:00 [queued]>
[2022-03-15 16:12:02,938] {taskinstance.py:1243} INFO - 
--------------------------------------------------------------------------------
[2022-03-15 16:12:02,938] {taskinstance.py:1244} INFO - Starting attempt 1 of 1
[2022-03-15 16:12:02,938] {taskinstance.py:1245} INFO - 
--------------------------------------------------------------------------------
[2022-03-15 16:12:03,000] {taskinstance.py:1264} INFO - Executing <Task(PythonOperator): to_sql> on 2022-03-15 16:10:47.509984+00:00
[2022-03-15 16:12:03,005] {standard_task_runner.py:52} INFO - Started process 29832 to run task
[2022-03-15 16:12:03,013] {standard_task_runner.py:76} INFO - Running: ['airflow', 'tasks', 'run', 'simple_dag', 'to_sql', 'scheduled__2022-03-15T16:10:47.509984+00:00', '--job-id', '362', '--raw', '--subdir', 'DAGS_FOLDER/simple_dag.py', '--cfg-path', '/var/folders/tl/ljh9dpdd2fnbgmc62qc2b49h0000gn/T/tmpqmdbgpyg', '--error-file', '/var/folders/tl/ljh9dpdd2fnbgmc62qc2b49h0000gn/T/tmpslsauhz4']
[2022-03-15 16:12:03,016] {standard_task_runner.py:77} INFO - Job 362: Subtask to_sql
[2022-03-15 16:12:03,065] {logging_mixin.py:109} INFO - Running <TaskInstance: simple_dag.to_sql scheduled__2022-03-15T16:10:47.509984+00:00 [running]> on host 1.0.0.0.0.0.0.0.0.0.0.0.0.0.0.0.0.0.0.0.0.0.0.0.0.0.0.0.0.0.0.0.ip6.arpa
[2022-03-15 16:12:03,106] {taskinstance.py:1429} INFO - Exporting the following env vars:
AIRFLOW_CTX_DAG_OWNER=airflow
AIRFLOW_CTX_DAG_ID=simple_dag
AIRFLOW_CTX_TASK_ID=to_sql
AIRFLOW_CTX_EXECUTION_DATE=2022-03-15T16:10:47.509984+00:00
AIRFLOW_CTX_DAG_RUN_ID=scheduled__2022-03-15T16:10:47.509984+00:00
[2022-03-15 16:12:04,417] {logging_mixin.py:109} INFO -         id                                              title  ...                                          equipment                                        ingredients
0   635675                                  Boozy Bbq Chicken  ...  {"frying pan","paper towels",skewers,bowl,"sau...  {drink,"salt and pepper","whole chicken",peppe...
1   637162  Carrot and Cabbage Salad With Coriander+cumin ...  ...                                               None  {cabbage,"lime juice",spices,"fresh cilantro",...
2   641975                          Easy Ginger Beef Broccoli  ...                            {wok,"frying pan",bowl}  {broth,"soy sauce",ginger,broccoli,beef,sugar,...
3   644387                                      Garlicky Kale  ...                                              {pot}                  {vinegar,"olive oil",kale,garlic}
4   648320                         Jade Buddha Salmon Tartare  ...                                               None                             {vinegar,"lime juice"}
5   659143  Salmon, Watercress, Fennel and Baby Beetroot S...  ...          {whisk,"slotted spoon","frying pan",bowl}  {beet,"black pepper",fennel,wine,water,watercr...
6   660405     Smoky Black Bean Soup With Sweet Potato & Kale  ...                       {pot,"baking sheet",blender}  {broth,onion,"salt and pepper",spread,pepper,"...
7   663985               Turkey and Rice Stuffed Acorn Squash  ...                                {oven,"frying pan"}  {vegeta,"red pepper",spinach,"salt and pepper"...
8   715446                              Slow Cooker Beef Stew  ...                                    {"slow cooker"}  {"cream of mushroom soup","salt and pepper",on...
9   715543                                 Homemade Guacamole  ...                                               None                                               None
10  715594             Homemade Garlic and Basil French Fries  ...                                               None                                               None
11  716268                        African Chicken Peanut Stew  ...                                         {pot,bowl}  {"salt and pepper",ginger,"sweet potato",potat...
12  716408  Greek-Style Baked Fish: Fresh, Simple, and Del...  ...                                {oven,"baking pan"}  {oregano,"fresh basil",tomato,"salt and pepper...
13  716426  Cauliflower, Brown Rice, and Vegetable Fried Rice  ...                    {"frying pan","food processor"}  {"cauliflower rice","cauliflower florets",butt...
14  729366                                     Plantain Salad  ...                                {bowl,"frying pan"}  {plantain,shrimp,vegetable,"vegetable oil",par...
15  766453                                 Hummus and Za'atar  ...   {bowl,"frying pan","sauce pan","food processor"}  {toast,zaatar,vegetable,paprika,salt,seasoning...
16  769774  Shredded Roast Beef Stuffed Sweet Potatoes (Wh...  ...                                               None                                               None
17  794349                   Broccoli and Chickpea Rice Salad  ...                          {whisk,"frying pan",bowl}                 {broccoli,seasoning,"cooking oil"}
18  798400  Spicy Black-Eyed Pea Curry with Swiss Chard an...  ...  {"frying pan",oven,"sauce pan","roasting pan",...  {"chili pepper","lemon juice",shallot,spices,p...

[19 rows x 7 columns]
[2022-03-15 16:12:04,427] {base_aws.py:190} INFO - Credentials retrieved from login
[2022-03-15 16:12:04,428] {base_aws.py:90} INFO - Retrieving region_name from Connection.extra_config['region_name']
[2022-03-15 16:12:04,882] {base_aws.py:190} INFO - Credentials retrieved from login
[2022-03-15 16:12:04,883] {base_aws.py:90} INFO - Retrieving region_name from Connection.extra_config['region_name']
[2022-03-15 16:12:05,429] {base_aws.py:190} INFO - Credentials retrieved from login
[2022-03-15 16:12:05,430] {base_aws.py:90} INFO - Retrieving region_name from Connection.extra_config['region_name']
[2022-03-15 16:12:05,842] {base_aws.py:190} INFO - Credentials retrieved from login
[2022-03-15 16:12:05,843] {base_aws.py:90} INFO - Retrieving region_name from Connection.extra_config['region_name']
[2022-03-15 16:12:06,297] {base_aws.py:190} INFO - Credentials retrieved from login
[2022-03-15 16:12:06,298] {base_aws.py:90} INFO - Retrieving region_name from Connection.extra_config['region_name']
[2022-03-15 16:12:06,677] {base_aws.py:190} INFO - Credentials retrieved from login
[2022-03-15 16:12:06,678] {base_aws.py:90} INFO - Retrieving region_name from Connection.extra_config['region_name']
[2022-03-15 16:12:07,082] {base_aws.py:190} INFO - Credentials retrieved from login
[2022-03-15 16:12:07,083] {base_aws.py:90} INFO - Retrieving region_name from Connection.extra_config['region_name']
[2022-03-15 16:12:07,464] {base_aws.py:190} INFO - Credentials retrieved from login
[2022-03-15 16:12:07,465] {base_aws.py:90} INFO - Retrieving region_name from Connection.extra_config['region_name']
[2022-03-15 16:12:08,007] {base_aws.py:190} INFO - Credentials retrieved from login
[2022-03-15 16:12:08,008] {base_aws.py:90} INFO - Retrieving region_name from Connection.extra_config['region_name']
[2022-03-15 16:12:08,379] {base_aws.py:190} INFO - Credentials retrieved from login
[2022-03-15 16:12:08,380] {base_aws.py:90} INFO - Retrieving region_name from Connection.extra_config['region_name']
[2022-03-15 16:12:08,784] {base_aws.py:190} INFO - Credentials retrieved from login
[2022-03-15 16:12:08,785] {base_aws.py:90} INFO - Retrieving region_name from Connection.extra_config['region_name']
[2022-03-15 16:12:09,566] {base_aws.py:190} INFO - Credentials retrieved from login
[2022-03-15 16:12:09,567] {base_aws.py:90} INFO - Retrieving region_name from Connection.extra_config['region_name']
[2022-03-15 16:12:09,975] {base_aws.py:190} INFO - Credentials retrieved from login
[2022-03-15 16:12:09,976] {base_aws.py:90} INFO - Retrieving region_name from Connection.extra_config['region_name']
[2022-03-15 16:12:10,498] {base_aws.py:190} INFO - Credentials retrieved from login
[2022-03-15 16:12:10,499] {base_aws.py:90} INFO - Retrieving region_name from Connection.extra_config['region_name']
[2022-03-15 16:12:10,890] {base_aws.py:190} INFO - Credentials retrieved from login
[2022-03-15 16:12:10,891] {base_aws.py:90} INFO - Retrieving region_name from Connection.extra_config['region_name']
[2022-03-15 16:12:11,311] {base_aws.py:190} INFO - Credentials retrieved from login
[2022-03-15 16:12:11,313] {base_aws.py:90} INFO - Retrieving region_name from Connection.extra_config['region_name']
[2022-03-15 16:12:11,684] {base_aws.py:190} INFO - Credentials retrieved from login
[2022-03-15 16:12:11,686] {base_aws.py:90} INFO - Retrieving region_name from Connection.extra_config['region_name']
[2022-03-15 16:12:12,214] {base_aws.py:190} INFO - Credentials retrieved from login
[2022-03-15 16:12:12,215] {base_aws.py:90} INFO - Retrieving region_name from Connection.extra_config['region_name']
[2022-03-15 16:12:12,815] {base_aws.py:190} INFO - Credentials retrieved from login
[2022-03-15 16:12:12,816] {base_aws.py:90} INFO - Retrieving region_name from Connection.extra_config['region_name']
[2022-03-15 16:12:13,248] {base_aws.py:190} INFO - Credentials retrieved from login
[2022-03-15 16:12:13,250] {base_aws.py:90} INFO - Retrieving region_name from Connection.extra_config['region_name']
[2022-03-15 16:12:13,755] {logging_mixin.py:109} INFO -         id                                              title  ...                                          equipment                                        ingredients
0   635675                                  Boozy Bbq Chicken  ...  [frying pan, paper towels, skewers, bowl, sauc...  [drink, salt and pepper, whole chicken, pepper...
1   637162  Carrot and Cabbage Salad With Coriander+cumin ...  ...                                                NaN  [cabbage, lime juice, spices, fresh cilantro, ...
2   641975                          Easy Ginger Beef Broccoli  ...                            [wok, frying pan, bowl]  [broth, soy sauce, ginger, broccoli, beef, sug...
3   644387                                      Garlicky Kale  ...                                              [pot]                 [vinegar, olive oil, kale, garlic]
4   648320                         Jade Buddha Salmon Tartare  ...                                                NaN                              [vinegar, lime juice]
5   659143  Salmon, Watercress, Fennel and Baby Beetroot S...  ...           [whisk, slotted spoon, frying pan, bowl]  [beet, black pepper, fennel, wine, water, wate...
6   660405     Smoky Black Bean Soup With Sweet Potato & Kale  ...                       [pot, baking sheet, blender]  [broth, onion, salt and pepper, spread, pepper...
7   663985               Turkey and Rice Stuffed Acorn Squash  ...                                 [oven, frying pan]  [vegeta, red pepper, spinach, salt and pepper,...
8   715446                              Slow Cooker Beef Stew  ...                                      [slow cooker]  [cream of mushroom soup, salt and pepper, onio...
9   715543                                 Homemade Guacamole  ...                                                NaN                                                NaN
10  715594             Homemade Garlic and Basil French Fries  ...                                                NaN                                                NaN
11  716268                        African Chicken Peanut Stew  ...                                        [pot, bowl]  [salt and pepper, ginger, sweet potato, potato...
12  716408  Greek-Style Baked Fish: Fresh, Simple, and Del...  ...                                 [oven, baking pan]  [oregano, fresh basil, tomato, salt and pepper...
13  716426  Cauliflower, Brown Rice, and Vegetable Fried Rice  ...                       [frying pan, food processor]  [cauliflower rice, cauliflower florets, butter...
14  729366                                     Plantain Salad  ...                                 [bowl, frying pan]  [plantain, shrimp, vegetable, vegetable oil, p...
15  766453                                 Hummus and Za'atar  ...      [bowl, frying pan, sauce pan, food processor]  [toast, zaatar, vegetable, paprika, salt, seas...
16  769774  Shredded Roast Beef Stuffed Sweet Potatoes (Wh...  ...                                                NaN                                                NaN
17  794349                   Broccoli and Chickpea Rice Salad  ...                          [whisk, frying pan, bowl]                 [broccoli, seasoning, cooking oil]
18  798400  Spicy Black-Eyed Pea Curry with Swiss Chard an...  ...  [frying pan, oven, sauce pan, roasting pan, si...  [chili pepper, lemon juice, shallot, spices, p...

[19 rows x 7 columns]
[2022-03-15 16:12:15,058] {python.py:175} INFO - Done. Returned value was: None
[2022-03-15 16:12:15,067] {taskinstance.py:1272} INFO - Marking task as SUCCESS. dag_id=simple_dag, task_id=to_sql, execution_date=20220315T161047, start_date=20220315T211202, end_date=20220315T211215
[2022-03-15 16:12:15,127] {local_task_job.py:154} INFO - Task exited with return code 0
[2022-03-15 16:12:15,147] {local_task_job.py:264} INFO - 0 downstream tasks scheduled from follow-on schedule check
