[2022-03-14 14:14:18,933] {taskinstance.py:1037} INFO - Dependencies all met for <TaskInstance: simple_dag.upload_to_bucket scheduled__2022-03-14T14:18:00+00:00 [queued]>
[2022-03-14 14:14:18,940] {taskinstance.py:1037} INFO - Dependencies all met for <TaskInstance: simple_dag.upload_to_bucket scheduled__2022-03-14T14:18:00+00:00 [queued]>
[2022-03-14 14:14:18,940] {taskinstance.py:1243} INFO - 
--------------------------------------------------------------------------------
[2022-03-14 14:14:18,941] {taskinstance.py:1244} INFO - Starting attempt 1 of 1
[2022-03-14 14:14:18,941] {taskinstance.py:1245} INFO - 
--------------------------------------------------------------------------------
[2022-03-14 14:14:18,950] {taskinstance.py:1264} INFO - Executing <Task(PythonOperator): upload_to_bucket> on 2022-03-14 14:18:00+00:00
[2022-03-14 14:14:18,953] {standard_task_runner.py:52} INFO - Started process 87320 to run task
[2022-03-14 14:14:18,959] {standard_task_runner.py:76} INFO - Running: ['airflow', 'tasks', 'run', 'simple_dag', 'upload_to_bucket', 'scheduled__2022-03-14T14:18:00+00:00', '--job-id', '187', '--raw', '--subdir', 'DAGS_FOLDER/simple_dag.py', '--cfg-path', '/var/folders/tl/ljh9dpdd2fnbgmc62qc2b49h0000gn/T/tmp2hqcvo78', '--error-file', '/var/folders/tl/ljh9dpdd2fnbgmc62qc2b49h0000gn/T/tmpwiqcxtyd']
[2022-03-14 14:14:18,963] {standard_task_runner.py:77} INFO - Job 187: Subtask upload_to_bucket
[2022-03-14 14:14:19,023] {logging_mixin.py:109} INFO - Running <TaskInstance: simple_dag.upload_to_bucket scheduled__2022-03-14T14:18:00+00:00 [running]> on host 1.0.0.0.0.0.0.0.0.0.0.0.0.0.0.0.0.0.0.0.0.0.0.0.0.0.0.0.0.0.0.0.ip6.arpa
[2022-03-14 14:14:19,071] {taskinstance.py:1429} INFO - Exporting the following env vars:
AIRFLOW_CTX_DAG_OWNER=airflow
AIRFLOW_CTX_DAG_ID=simple_dag
AIRFLOW_CTX_TASK_ID=upload_to_bucket
AIRFLOW_CTX_EXECUTION_DATE=2022-03-14T14:18:00+00:00
AIRFLOW_CTX_DAG_RUN_ID=scheduled__2022-03-14T14:18:00+00:00
[2022-03-14 14:14:19,075] {python.py:175} INFO - Done. Returned value was: None
[2022-03-14 14:14:19,083] {taskinstance.py:1272} INFO - Marking task as SUCCESS. dag_id=simple_dag, task_id=upload_to_bucket, execution_date=20220314T141800, start_date=20220314T191418, end_date=20220314T191419
[2022-03-14 14:14:19,145] {local_task_job.py:154} INFO - Task exited with return code 0
[2022-03-14 14:14:19,165] {local_task_job.py:264} INFO - 0 downstream tasks scheduled from follow-on schedule check
