[2022-03-14 10:26:36,322] {taskinstance.py:1037} INFO - Dependencies all met for <TaskInstance: simple_dag.request_api scheduled__2022-03-14T10:27:00+00:00 [queued]>
[2022-03-14 10:26:36,327] {taskinstance.py:1037} INFO - Dependencies all met for <TaskInstance: simple_dag.request_api scheduled__2022-03-14T10:27:00+00:00 [queued]>
[2022-03-14 10:26:36,328] {taskinstance.py:1243} INFO - 
--------------------------------------------------------------------------------
[2022-03-14 10:26:36,328] {taskinstance.py:1244} INFO - Starting attempt 1 of 1
[2022-03-14 10:26:36,328] {taskinstance.py:1245} INFO - 
--------------------------------------------------------------------------------
[2022-03-14 10:26:36,336] {taskinstance.py:1264} INFO - Executing <Task(PythonOperator): request_api> on 2022-03-14 10:27:00+00:00
[2022-03-14 10:26:36,339] {standard_task_runner.py:52} INFO - Started process 77241 to run task
[2022-03-14 10:26:36,343] {standard_task_runner.py:76} INFO - Running: ['airflow', 'tasks', 'run', 'simple_dag', 'request_api', 'scheduled__2022-03-14T10:27:00+00:00', '--job-id', '29', '--raw', '--subdir', 'DAGS_FOLDER/simple_dag.py', '--cfg-path', '/var/folders/tl/ljh9dpdd2fnbgmc62qc2b49h0000gn/T/tmp7_fd7ce5', '--error-file', '/var/folders/tl/ljh9dpdd2fnbgmc62qc2b49h0000gn/T/tmpuc_5ufvo']
[2022-03-14 10:26:36,346] {standard_task_runner.py:77} INFO - Job 29: Subtask request_api
[2022-03-14 10:26:36,400] {logging_mixin.py:109} INFO - Running <TaskInstance: simple_dag.request_api scheduled__2022-03-14T10:27:00+00:00 [running]> on host 1.0.0.0.0.0.0.0.0.0.0.0.0.0.0.0.0.0.0.0.0.0.0.0.0.0.0.0.0.0.0.0.ip6.arpa
[2022-03-14 10:26:36,441] {taskinstance.py:1429} INFO - Exporting the following env vars:
AIRFLOW_CTX_DAG_OWNER=airflow
AIRFLOW_CTX_DAG_ID=simple_dag
AIRFLOW_CTX_TASK_ID=request_api
AIRFLOW_CTX_EXECUTION_DATE=2022-03-14T10:27:00+00:00
AIRFLOW_CTX_DAG_RUN_ID=scheduled__2022-03-14T10:27:00+00:00
[2022-03-14 10:26:36,442] {logging_mixin.py:109} INFO - Work
[2022-03-14 10:26:36,443] {python.py:175} INFO - Done. Returned value was: None
[2022-03-14 10:26:36,450] {taskinstance.py:1272} INFO - Marking task as SUCCESS. dag_id=simple_dag, task_id=request_api, execution_date=20220314T102700, start_date=20220314T152636, end_date=20220314T152636
[2022-03-14 10:26:36,483] {local_task_job.py:154} INFO - Task exited with return code 0
[2022-03-14 10:26:36,500] {local_task_job.py:264} INFO - 0 downstream tasks scheduled from follow-on schedule check
