[2022-03-14 15:26:53,785] {taskinstance.py:1037} INFO - Dependencies all met for <TaskInstance: simple_dag.get_recipes scheduled__2022-03-14T15:30:00+00:00 [queued]>
[2022-03-14 15:26:53,799] {taskinstance.py:1037} INFO - Dependencies all met for <TaskInstance: simple_dag.get_recipes scheduled__2022-03-14T15:30:00+00:00 [queued]>
[2022-03-14 15:26:53,799] {taskinstance.py:1243} INFO - 
--------------------------------------------------------------------------------
[2022-03-14 15:26:53,799] {taskinstance.py:1244} INFO - Starting attempt 1 of 1
[2022-03-14 15:26:53,799] {taskinstance.py:1245} INFO - 
--------------------------------------------------------------------------------
[2022-03-14 15:26:53,817] {taskinstance.py:1264} INFO - Executing <Task(PythonOperator): get_recipes> on 2022-03-14 15:30:00+00:00
[2022-03-14 15:26:53,820] {standard_task_runner.py:52} INFO - Started process 89735 to run task
[2022-03-14 15:26:53,828] {standard_task_runner.py:76} INFO - Running: ['airflow', 'tasks', 'run', 'simple_dag', 'get_recipes', 'scheduled__2022-03-14T15:30:00+00:00', '--job-id', '248', '--raw', '--subdir', 'DAGS_FOLDER/simple_dag.py', '--cfg-path', '/var/folders/tl/ljh9dpdd2fnbgmc62qc2b49h0000gn/T/tmp9tg1nlen', '--error-file', '/var/folders/tl/ljh9dpdd2fnbgmc62qc2b49h0000gn/T/tmpiaq6ad9z']
[2022-03-14 15:26:53,832] {standard_task_runner.py:77} INFO - Job 248: Subtask get_recipes
[2022-03-14 15:26:53,909] {logging_mixin.py:109} INFO - Running <TaskInstance: simple_dag.get_recipes scheduled__2022-03-14T15:30:00+00:00 [running]> on host 1.0.0.0.0.0.0.0.0.0.0.0.0.0.0.0.0.0.0.0.0.0.0.0.0.0.0.0.0.0.0.0.ip6.arpa
[2022-03-14 15:26:53,968] {taskinstance.py:1429} INFO - Exporting the following env vars:
AIRFLOW_CTX_DAG_OWNER=airflow
AIRFLOW_CTX_DAG_ID=simple_dag
AIRFLOW_CTX_TASK_ID=get_recipes
AIRFLOW_CTX_EXECUTION_DATE=2022-03-14T15:30:00+00:00
AIRFLOW_CTX_DAG_RUN_ID=scheduled__2022-03-14T15:30:00+00:00
[2022-03-14 15:26:53,978] {base_aws.py:190} INFO - Credentials retrieved from login
[2022-03-14 15:26:53,980] {base_aws.py:90} INFO - Retrieving region_name from Connection.extra_config['region_name']
[2022-03-14 15:26:54,435] {base_aws.py:190} INFO - Credentials retrieved from login
[2022-03-14 15:26:54,436] {base_aws.py:90} INFO - Retrieving region_name from Connection.extra_config['region_name']
[2022-03-14 15:26:54,995] {logging_mixin.py:109} INFO - {'apiKey': '6980d1ba951a438982534beaedb41e6f', 'addRecipeInformation': True, 'includeIngredients': ['fish'], 'excludeIngredients': ['potato'], 'intolerances': 'soy'}
[2022-03-14 15:26:54,999] {base_aws.py:190} INFO - Credentials retrieved from login
[2022-03-14 15:26:55,000] {base_aws.py:90} INFO - Retrieving region_name from Connection.extra_config['region_name']
[2022-03-14 15:26:55,384] {logging_mixin.py:109} INFO - {'apiKey': '6980d1ba951a438982534beaedb41e6f', 'addRecipeInformation': True, 'includeIngredients': ['brown rice'], 'excludeIngredients': ['lime'], 'intolerances': 'grain'}
[2022-03-14 15:26:55,388] {base_aws.py:190} INFO - Credentials retrieved from login
[2022-03-14 15:26:55,389] {base_aws.py:90} INFO - Retrieving region_name from Connection.extra_config['region_name']
[2022-03-14 15:26:55,761] {logging_mixin.py:109} INFO - {'apiKey': '6980d1ba951a438982534beaedb41e6f', 'addRecipeInformation': True, 'includeIngredients': ['pepper', 'onion'], 'excludeIngredients': ['stock', 'sweet potato'], 'intolerances': 'peanut'}
[2022-03-14 15:26:55,765] {base_aws.py:190} INFO - Credentials retrieved from login
[2022-03-14 15:26:55,766] {base_aws.py:90} INFO - Retrieving region_name from Connection.extra_config['region_name']
[2022-03-14 15:26:56,157] {logging_mixin.py:109} INFO - {'apiKey': '6980d1ba951a438982534beaedb41e6f', 'addRecipeInformation': True, 'includeIngredients': ['fish', 'brown rice', 'potato'], 'excludeIngredients': ['cooking oil'], 'intolerances': 'seafood'}
[2022-03-14 15:26:56,162] {base_aws.py:190} INFO - Credentials retrieved from login
[2022-03-14 15:26:56,163] {base_aws.py:90} INFO - Retrieving region_name from Connection.extra_config['region_name']
[2022-03-14 15:26:56,550] {logging_mixin.py:109} INFO - {'apiKey': '6980d1ba951a438982534beaedb41e6f', 'addRecipeInformation': True, 'includeIngredients': ['cooking oil', 'rice'], 'excludeIngredients': ['cauliflower rice', 'stock'], 'intolerances': 'dairy'}
[2022-03-14 15:26:56,556] {base_aws.py:190} INFO - Credentials retrieved from login
[2022-03-14 15:26:56,557] {base_aws.py:90} INFO - Retrieving region_name from Connection.extra_config['region_name']
[2022-03-14 15:26:57,059] {logging_mixin.py:109} INFO - {'apiKey': '6980d1ba951a438982534beaedb41e6f', 'addRecipeInformation': True, 'includeIngredients': ['stock'], 'excludeIngredients': ['brown rice', 'chickpeas'], 'intolerances': 'peanut'}
[2022-03-14 15:26:57,063] {base_aws.py:190} INFO - Credentials retrieved from login
[2022-03-14 15:26:57,065] {base_aws.py:90} INFO - Retrieving region_name from Connection.extra_config['region_name']
[2022-03-14 15:26:57,479] {logging_mixin.py:109} INFO - {'apiKey': '6980d1ba951a438982534beaedb41e6f', 'addRecipeInformation': True, 'includeIngredients': ['rice', 'water', 'cauliflower rice'], 'excludeIngredients': ['soup'], 'intolerances': 'grain'}
[2022-03-14 15:26:57,484] {base_aws.py:190} INFO - Credentials retrieved from login
[2022-03-14 15:26:57,485] {base_aws.py:90} INFO - Retrieving region_name from Connection.extra_config['region_name']
[2022-03-14 15:26:57,857] {logging_mixin.py:109} INFO - {'apiKey': '6980d1ba951a438982534beaedb41e6f', 'addRecipeInformation': True, 'includeIngredients': ['lime', 'chickpeas', 'onion', 'water'], 'excludeIngredients': ['salt'], 'intolerances': 'peanut'}
[2022-03-14 15:26:57,862] {base_aws.py:190} INFO - Credentials retrieved from login
[2022-03-14 15:26:57,863] {base_aws.py:90} INFO - Retrieving region_name from Connection.extra_config['region_name']
[2022-03-14 15:26:58,246] {logging_mixin.py:109} INFO - {'apiKey': '6980d1ba951a438982534beaedb41e6f', 'addRecipeInformation': True, 'includeIngredients': ['pepper', 'cauliflower florets', 'cauliflower', 'seasoning'], 'excludeIngredients': ['onion', 'whole chicken'], 'intolerances': 'peanut'}
[2022-03-14 15:26:58,250] {base_aws.py:190} INFO - Credentials retrieved from login
[2022-03-14 15:26:58,252] {base_aws.py:90} INFO - Retrieving region_name from Connection.extra_config['region_name']
[2022-03-14 15:26:58,661] {logging_mixin.py:109} INFO - {'apiKey': '6980d1ba951a438982534beaedb41e6f', 'addRecipeInformation': True, 'includeIngredients': ['seasoning', 'cooking oil'], 'excludeIngredients': ['onion'], 'intolerances': 'soy'}
[2022-03-14 15:26:58,665] {base_aws.py:190} INFO - Credentials retrieved from login
[2022-03-14 15:26:58,666] {base_aws.py:90} INFO - Retrieving region_name from Connection.extra_config['region_name']
[2022-03-14 15:26:59,149] {logging_mixin.py:109} INFO - {'apiKey': '6980d1ba951a438982534beaedb41e6f', 'addRecipeInformation': True, 'includeIngredients': ['soup', 'lime', 'fish', 'kidney beans'], 'excludeIngredients': ['cauliflower florets', 'soup'], 'intolerances': 'peanut'}
[2022-03-14 15:26:59,154] {base_aws.py:190} INFO - Credentials retrieved from login
[2022-03-14 15:26:59,155] {base_aws.py:90} INFO - Retrieving region_name from Connection.extra_config['region_name']
[2022-03-14 15:26:59,556] {logging_mixin.py:109} INFO - {'apiKey': '6980d1ba951a438982534beaedb41e6f', 'addRecipeInformation': True, 'includeIngredients': ['cooking spray'], 'excludeIngredients': ['garlic', 'ginger'], 'intolerances': 'soy'}
[2022-03-14 15:26:59,563] {base_aws.py:190} INFO - Credentials retrieved from login
[2022-03-14 15:26:59,567] {base_aws.py:90} INFO - Retrieving region_name from Connection.extra_config['region_name']
[2022-03-14 15:26:59,978] {logging_mixin.py:109} INFO - {'apiKey': '6980d1ba951a438982534beaedb41e6f', 'addRecipeInformation': True, 'includeIngredients': ['soup'], 'excludeIngredients': ['lime'], 'intolerances': 'soy'}
[2022-03-14 15:26:59,982] {base_aws.py:190} INFO - Credentials retrieved from login
[2022-03-14 15:26:59,983] {base_aws.py:90} INFO - Retrieving region_name from Connection.extra_config['region_name']
[2022-03-14 15:27:00,412] {logging_mixin.py:109} INFO - {'apiKey': '6980d1ba951a438982534beaedb41e6f', 'addRecipeInformation': True, 'includeIngredients': ['sweet potato'], 'excludeIngredients': ['kidney beans', 'cauliflower'], 'intolerances': 'grain'}
[2022-03-14 15:27:00,417] {base_aws.py:190} INFO - Credentials retrieved from login
[2022-03-14 15:27:00,418] {base_aws.py:90} INFO - Retrieving region_name from Connection.extra_config['region_name']
[2022-03-14 15:27:00,828] {logging_mixin.py:109} INFO - {'apiKey': '6980d1ba951a438982534beaedb41e6f', 'addRecipeInformation': True, 'includeIngredients': ['salt', 'cooking oil', 'water'], 'excludeIngredients': ['stock'], 'intolerances': 'wheat'}
[2022-03-14 15:27:00,832] {base_aws.py:190} INFO - Credentials retrieved from login
[2022-03-14 15:27:00,833] {base_aws.py:90} INFO - Retrieving region_name from Connection.extra_config['region_name']
[2022-03-14 15:27:01,322] {logging_mixin.py:109} INFO - {'apiKey': '6980d1ba951a438982534beaedb41e6f', 'addRecipeInformation': True, 'includeIngredients': ['rice'], 'excludeIngredients': ['potato'], 'intolerances': 'seafood'}
[2022-03-14 15:27:01,327] {base_aws.py:190} INFO - Credentials retrieved from login
[2022-03-14 15:27:01,328] {base_aws.py:90} INFO - Retrieving region_name from Connection.extra_config['region_name']
[2022-03-14 15:27:01,853] {logging_mixin.py:109} INFO - {'apiKey': '6980d1ba951a438982534beaedb41e6f', 'addRecipeInformation': True, 'includeIngredients': ['salt', 'soup'], 'excludeIngredients': ['tomato'], 'intolerances': 'gluten'}
[2022-03-14 15:27:01,857] {base_aws.py:190} INFO - Credentials retrieved from login
[2022-03-14 15:27:01,858] {base_aws.py:90} INFO - Retrieving region_name from Connection.extra_config['region_name']
[2022-03-14 15:27:02,241] {logging_mixin.py:109} INFO - {'apiKey': '6980d1ba951a438982534beaedb41e6f', 'addRecipeInformation': True, 'includeIngredients': ['cauliflower florets'], 'excludeIngredients': ['rice'], 'intolerances': 'seafood'}
[2022-03-14 15:27:02,245] {base_aws.py:190} INFO - Credentials retrieved from login
[2022-03-14 15:27:02,246] {base_aws.py:90} INFO - Retrieving region_name from Connection.extra_config['region_name']
[2022-03-14 15:27:02,667] {logging_mixin.py:109} INFO - {'apiKey': '6980d1ba951a438982534beaedb41e6f', 'addRecipeInformation': True, 'includeIngredients': ['tomato', 'salt'], 'excludeIngredients': ['tomato'], 'intolerances': 'peanut'}
[2022-03-14 15:27:02,672] {base_aws.py:190} INFO - Credentials retrieved from login
[2022-03-14 15:27:02,673] {base_aws.py:90} INFO - Retrieving region_name from Connection.extra_config['region_name']
[2022-03-14 15:27:03,288] {logging_mixin.py:109} INFO - {'apiKey': '6980d1ba951a438982534beaedb41e6f', 'addRecipeInformation': True, 'includeIngredients': ['salt', 'chickpeas', 'cauliflower rice'], 'excludeIngredients': ['chickpeas', 'garlic'], 'intolerances': 'tree nut'}
[2022-03-14 15:27:03,291] {python.py:175} INFO - Done. Returned value was: None
[2022-03-14 15:27:03,302] {taskinstance.py:1272} INFO - Marking task as SUCCESS. dag_id=simple_dag, task_id=get_recipes, execution_date=20220314T153000, start_date=20220314T202653, end_date=20220314T202703
[2022-03-14 15:27:03,367] {local_task_job.py:154} INFO - Task exited with return code 0
[2022-03-14 15:27:03,386] {local_task_job.py:264} INFO - 0 downstream tasks scheduled from follow-on schedule check
