[2022-03-14 14:53:00,461] {taskinstance.py:1037} INFO - Dependencies all met for <TaskInstance: simple_dag.get_recipes scheduled__2022-03-14T14:56:00+00:00 [queued]>
[2022-03-14 14:53:00,469] {taskinstance.py:1037} INFO - Dependencies all met for <TaskInstance: simple_dag.get_recipes scheduled__2022-03-14T14:56:00+00:00 [queued]>
[2022-03-14 14:53:00,469] {taskinstance.py:1243} INFO - 
--------------------------------------------------------------------------------
[2022-03-14 14:53:00,469] {taskinstance.py:1244} INFO - Starting attempt 1 of 1
[2022-03-14 14:53:00,469] {taskinstance.py:1245} INFO - 
--------------------------------------------------------------------------------
[2022-03-14 14:53:00,479] {taskinstance.py:1264} INFO - Executing <Task(PythonOperator): get_recipes> on 2022-03-14 14:56:00+00:00
[2022-03-14 14:53:00,483] {standard_task_runner.py:52} INFO - Started process 88492 to run task
[2022-03-14 14:53:00,489] {standard_task_runner.py:76} INFO - Running: ['airflow', 'tasks', 'run', 'simple_dag', 'get_recipes', 'scheduled__2022-03-14T14:56:00+00:00', '--job-id', '202', '--raw', '--subdir', 'DAGS_FOLDER/simple_dag.py', '--cfg-path', '/var/folders/tl/ljh9dpdd2fnbgmc62qc2b49h0000gn/T/tmpgzjvcch3', '--error-file', '/var/folders/tl/ljh9dpdd2fnbgmc62qc2b49h0000gn/T/tmp9cijzw05']
[2022-03-14 14:53:00,492] {standard_task_runner.py:77} INFO - Job 202: Subtask get_recipes
[2022-03-14 14:53:00,552] {logging_mixin.py:109} INFO - Running <TaskInstance: simple_dag.get_recipes scheduled__2022-03-14T14:56:00+00:00 [running]> on host 1.0.0.0.0.0.0.0.0.0.0.0.0.0.0.0.0.0.0.0.0.0.0.0.0.0.0.0.0.0.0.0.ip6.arpa
[2022-03-14 14:53:00,603] {taskinstance.py:1429} INFO - Exporting the following env vars:
AIRFLOW_CTX_DAG_OWNER=airflow
AIRFLOW_CTX_DAG_ID=simple_dag
AIRFLOW_CTX_TASK_ID=get_recipes
AIRFLOW_CTX_EXECUTION_DATE=2022-03-14T14:56:00+00:00
AIRFLOW_CTX_DAG_RUN_ID=scheduled__2022-03-14T14:56:00+00:00
[2022-03-14 14:53:00,611] {base_aws.py:190} INFO - Credentials retrieved from login
[2022-03-14 14:53:00,612] {base_aws.py:90} INFO - Retrieving region_name from Connection.extra_config['region_name']
[2022-03-14 14:53:01,016] {base_aws.py:190} INFO - Credentials retrieved from login
[2022-03-14 14:53:01,017] {base_aws.py:90} INFO - Retrieving region_name from Connection.extra_config['region_name']
[2022-03-14 14:53:01,520] {logging_mixin.py:109} INFO - {'ResponseMetadata': {'RequestId': 'E8NND636N28QN9NW', 'HostId': 'sp3Zjl8nAzbJvJPE/581+h8v+S3PGcBZXoT5GsBN8KxkwlSzUwvifpAucg0q80S7d4+qAVc8U4M=', 'HTTPStatusCode': 200, 'HTTPHeaders': {'x-amz-id-2': 'sp3Zjl8nAzbJvJPE/581+h8v+S3PGcBZXoT5GsBN8KxkwlSzUwvifpAucg0q80S7d4+qAVc8U4M=', 'x-amz-request-id': 'E8NND636N28QN9NW', 'date': 'Mon, 14 Mar 2022 19:53:02 GMT', 'last-modified': 'Mon, 14 Mar 2022 19:13:52 GMT', 'etag': '"4a622525f443062406694c300043b81c"', 'accept-ranges': 'bytes', 'content-type': 'binary/octet-stream', 'server': 'AmazonS3', 'content-length': '328'}, 'RetryAttempts': 0}, 'AcceptRanges': 'bytes', 'LastModified': datetime.datetime(2022, 3, 14, 19, 13, 52, tzinfo=tzutc()), 'ContentLength': 328, 'ETag': '"4a622525f443062406694c300043b81c"', 'ContentType': 'binary/octet-stream', 'Metadata': {}, 'Body': <botocore.response.StreamingBody object at 0x7fb5e3b564c0>}
[2022-03-14 14:53:01,525] {base_aws.py:190} INFO - Credentials retrieved from login
[2022-03-14 14:53:01,526] {base_aws.py:90} INFO - Retrieving region_name from Connection.extra_config['region_name']
[2022-03-14 14:53:02,313] {logging_mixin.py:109} INFO - {'ResponseMetadata': {'RequestId': 'GX966MM2QBCWJM4M', 'HostId': 'wyPupxr682RYrh21jgzjHU0g/rCZUQOcAXs77CP5cPSg7PtENszVHwg8RTL9hd1MlRaAro4t2DY=', 'HTTPStatusCode': 200, 'HTTPHeaders': {'x-amz-id-2': 'wyPupxr682RYrh21jgzjHU0g/rCZUQOcAXs77CP5cPSg7PtENszVHwg8RTL9hd1MlRaAro4t2DY=', 'x-amz-request-id': 'GX966MM2QBCWJM4M', 'date': 'Mon, 14 Mar 2022 19:53:03 GMT', 'last-modified': 'Mon, 14 Mar 2022 19:13:52 GMT', 'etag': '"7fc6a346ee299d4e1b4f42d1daac1af4"', 'accept-ranges': 'bytes', 'content-type': 'binary/octet-stream', 'server': 'AmazonS3', 'content-length': '391'}, 'RetryAttempts': 0}, 'AcceptRanges': 'bytes', 'LastModified': datetime.datetime(2022, 3, 14, 19, 13, 52, tzinfo=tzutc()), 'ContentLength': 391, 'ETag': '"7fc6a346ee299d4e1b4f42d1daac1af4"', 'ContentType': 'binary/octet-stream', 'Metadata': {}, 'Body': <botocore.response.StreamingBody object at 0x7fb5e4264850>}
[2022-03-14 14:53:02,318] {base_aws.py:190} INFO - Credentials retrieved from login
[2022-03-14 14:53:02,319] {base_aws.py:90} INFO - Retrieving region_name from Connection.extra_config['region_name']
[2022-03-14 14:53:02,732] {logging_mixin.py:109} INFO - {'ResponseMetadata': {'RequestId': 'GX979RWHHN1S6ERA', 'HostId': 'kmxY+pSh96F/wWT/oe27Hwyc+9zkbS1fM6UvgGHktASln2TBHt7ZYeDtGzj1/aXhBz2scT5PVWY=', 'HTTPStatusCode': 200, 'HTTPHeaders': {'x-amz-id-2': 'kmxY+pSh96F/wWT/oe27Hwyc+9zkbS1fM6UvgGHktASln2TBHt7ZYeDtGzj1/aXhBz2scT5PVWY=', 'x-amz-request-id': 'GX979RWHHN1S6ERA', 'date': 'Mon, 14 Mar 2022 19:53:03 GMT', 'last-modified': 'Mon, 14 Mar 2022 19:13:54 GMT', 'etag': '"7a65eb008503bb10e04182b9fca9c94d"', 'accept-ranges': 'bytes', 'content-type': 'binary/octet-stream', 'server': 'AmazonS3', 'content-length': '407'}, 'RetryAttempts': 0}, 'AcceptRanges': 'bytes', 'LastModified': datetime.datetime(2022, 3, 14, 19, 13, 54, tzinfo=tzutc()), 'ContentLength': 407, 'ETag': '"7a65eb008503bb10e04182b9fca9c94d"', 'ContentType': 'binary/octet-stream', 'Metadata': {}, 'Body': <botocore.response.StreamingBody object at 0x7fb5e4937910>}
[2022-03-14 14:53:02,736] {base_aws.py:190} INFO - Credentials retrieved from login
[2022-03-14 14:53:02,738] {base_aws.py:90} INFO - Retrieving region_name from Connection.extra_config['region_name']
[2022-03-14 14:53:03,107] {logging_mixin.py:109} INFO - {'ResponseMetadata': {'RequestId': 'A9Q13ZM7VRC141RY', 'HostId': '5po5RnNebKU+qOwn9YXYp4o2KlKaU5183C7b+SR1cSvXxb5p03KolrpRZRzafx9VoFtVNlPxpAQ=', 'HTTPStatusCode': 200, 'HTTPHeaders': {'x-amz-id-2': '5po5RnNebKU+qOwn9YXYp4o2KlKaU5183C7b+SR1cSvXxb5p03KolrpRZRzafx9VoFtVNlPxpAQ=', 'x-amz-request-id': 'A9Q13ZM7VRC141RY', 'date': 'Mon, 14 Mar 2022 19:53:04 GMT', 'last-modified': 'Mon, 14 Mar 2022 19:13:54 GMT', 'etag': '"49c905c9d15dd5f90201fc43630e29ca"', 'accept-ranges': 'bytes', 'content-type': 'binary/octet-stream', 'server': 'AmazonS3', 'content-length': '455'}, 'RetryAttempts': 0}, 'AcceptRanges': 'bytes', 'LastModified': datetime.datetime(2022, 3, 14, 19, 13, 54, tzinfo=tzutc()), 'ContentLength': 455, 'ETag': '"49c905c9d15dd5f90201fc43630e29ca"', 'ContentType': 'binary/octet-stream', 'Metadata': {}, 'Body': <botocore.response.StreamingBody object at 0x7fb5e50139a0>}
[2022-03-14 14:53:03,112] {base_aws.py:190} INFO - Credentials retrieved from login
[2022-03-14 14:53:03,113] {base_aws.py:90} INFO - Retrieving region_name from Connection.extra_config['region_name']
[2022-03-14 14:53:03,818] {logging_mixin.py:109} INFO - {'ResponseMetadata': {'RequestId': 'A9QB09BKD8C9H9CT', 'HostId': 'vWu3vvPo/VEsUvvJJYBNggyCDtekzTODKipH8emMBWUbL8R+0wGFWcTuTjoiWLjItpLWzNZp4EI=', 'HTTPStatusCode': 200, 'HTTPHeaders': {'x-amz-id-2': 'vWu3vvPo/VEsUvvJJYBNggyCDtekzTODKipH8emMBWUbL8R+0wGFWcTuTjoiWLjItpLWzNZp4EI=', 'x-amz-request-id': 'A9QB09BKD8C9H9CT', 'date': 'Mon, 14 Mar 2022 19:53:04 GMT', 'last-modified': 'Mon, 14 Mar 2022 19:13:52 GMT', 'etag': '"3aabbc7f7f908773bbdc3df112f66aa5"', 'accept-ranges': 'bytes', 'content-type': 'binary/octet-stream', 'server': 'AmazonS3', 'content-length': '409'}, 'RetryAttempts': 0}, 'AcceptRanges': 'bytes', 'LastModified': datetime.datetime(2022, 3, 14, 19, 13, 52, tzinfo=tzutc()), 'ContentLength': 409, 'ETag': '"3aabbc7f7f908773bbdc3df112f66aa5"', 'ContentType': 'binary/octet-stream', 'Metadata': {}, 'Body': <botocore.response.StreamingBody object at 0x7fb5e55ec940>}
[2022-03-14 14:53:03,823] {base_aws.py:190} INFO - Credentials retrieved from login
[2022-03-14 14:53:03,824] {base_aws.py:90} INFO - Retrieving region_name from Connection.extra_config['region_name']
[2022-03-14 14:53:04,334] {logging_mixin.py:109} INFO - {'ResponseMetadata': {'RequestId': 'GA9MR6NCRRYV1N0G', 'HostId': '9+fc7l3rXRX3cOaYVhYBf7mEnq/pxBhZITQ9wxKisga/OYvTG9O/WktYuVace9XZ7cxV2GtLYUk=', 'HTTPStatusCode': 200, 'HTTPHeaders': {'x-amz-id-2': '9+fc7l3rXRX3cOaYVhYBf7mEnq/pxBhZITQ9wxKisga/OYvTG9O/WktYuVace9XZ7cxV2GtLYUk=', 'x-amz-request-id': 'GA9MR6NCRRYV1N0G', 'date': 'Mon, 14 Mar 2022 19:53:05 GMT', 'last-modified': 'Mon, 14 Mar 2022 19:13:55 GMT', 'etag': '"f8aa046a18da0ba080350cce82261234"', 'accept-ranges': 'bytes', 'content-type': 'binary/octet-stream', 'server': 'AmazonS3', 'content-length': '380'}, 'RetryAttempts': 0}, 'AcceptRanges': 'bytes', 'LastModified': datetime.datetime(2022, 3, 14, 19, 13, 55, tzinfo=tzutc()), 'ContentLength': 380, 'ETag': '"f8aa046a18da0ba080350cce82261234"', 'ContentType': 'binary/octet-stream', 'Metadata': {}, 'Body': <botocore.response.StreamingBody object at 0x7fb5e3b43910>}
[2022-03-14 14:53:04,338] {base_aws.py:190} INFO - Credentials retrieved from login
[2022-03-14 14:53:04,339] {base_aws.py:90} INFO - Retrieving region_name from Connection.extra_config['region_name']
[2022-03-14 14:53:04,725] {logging_mixin.py:109} INFO - {'ResponseMetadata': {'RequestId': 'GA9QK8Y8KHHEX27Q', 'HostId': 'Wc7oiDs5/8x5P8PZ+BVgW4+WiwuFYVQvT1nqO1ytwdNdQ1yWg1NPbo9Fl9NovigVzZ9LGUBtznk=', 'HTTPStatusCode': 200, 'HTTPHeaders': {'x-amz-id-2': 'Wc7oiDs5/8x5P8PZ+BVgW4+WiwuFYVQvT1nqO1ytwdNdQ1yWg1NPbo9Fl9NovigVzZ9LGUBtznk=', 'x-amz-request-id': 'GA9QK8Y8KHHEX27Q', 'date': 'Mon, 14 Mar 2022 19:53:05 GMT', 'last-modified': 'Mon, 14 Mar 2022 19:13:53 GMT', 'etag': '"d0c09035859dc7fc1dcae1fbe72158ab"', 'accept-ranges': 'bytes', 'content-type': 'binary/octet-stream', 'server': 'AmazonS3', 'content-length': '393'}, 'RetryAttempts': 0}, 'AcceptRanges': 'bytes', 'LastModified': datetime.datetime(2022, 3, 14, 19, 13, 53, tzinfo=tzutc()), 'ContentLength': 393, 'ETag': '"d0c09035859dc7fc1dcae1fbe72158ab"', 'ContentType': 'binary/octet-stream', 'Metadata': {}, 'Body': <botocore.response.StreamingBody object at 0x7fb5e3ad36a0>}
[2022-03-14 14:53:04,729] {base_aws.py:190} INFO - Credentials retrieved from login
[2022-03-14 14:53:04,731] {base_aws.py:90} INFO - Retrieving region_name from Connection.extra_config['region_name']
[2022-03-14 14:53:05,138] {logging_mixin.py:109} INFO - {'ResponseMetadata': {'RequestId': 'T1GCR0VP9D71G0YA', 'HostId': 'vmxOFZ+5vERedJUHdTrs6wOdwgAmL4z1+Hja9w7n9kBJujtmf/ODK7gD8IoVdhW3iB55bm+r51E=', 'HTTPStatusCode': 200, 'HTTPHeaders': {'x-amz-id-2': 'vmxOFZ+5vERedJUHdTrs6wOdwgAmL4z1+Hja9w7n9kBJujtmf/ODK7gD8IoVdhW3iB55bm+r51E=', 'x-amz-request-id': 'T1GCR0VP9D71G0YA', 'date': 'Mon, 14 Mar 2022 19:53:06 GMT', 'last-modified': 'Mon, 14 Mar 2022 19:13:54 GMT', 'etag': '"1ec976b9d1d09bcbb4adb3062dcde33d"', 'accept-ranges': 'bytes', 'content-type': 'binary/octet-stream', 'server': 'AmazonS3', 'content-length': '450'}, 'RetryAttempts': 0}, 'AcceptRanges': 'bytes', 'LastModified': datetime.datetime(2022, 3, 14, 19, 13, 54, tzinfo=tzutc()), 'ContentLength': 450, 'ETag': '"1ec976b9d1d09bcbb4adb3062dcde33d"', 'ContentType': 'binary/octet-stream', 'Metadata': {}, 'Body': <botocore.response.StreamingBody object at 0x7fb5e3d3dd30>}
[2022-03-14 14:53:05,142] {base_aws.py:190} INFO - Credentials retrieved from login
[2022-03-14 14:53:05,144] {base_aws.py:90} INFO - Retrieving region_name from Connection.extra_config['region_name']
[2022-03-14 14:53:05,533] {logging_mixin.py:109} INFO - {'ResponseMetadata': {'RequestId': 'T1G02SGXC8D85GNK', 'HostId': 'sGFOTA6/rIX+01EoAjObD6eaNI3VI8lmT+kxJCMmWtFDJTb22GbhdljfGX4DzYy+MCezVX9gia4=', 'HTTPStatusCode': 200, 'HTTPHeaders': {'x-amz-id-2': 'sGFOTA6/rIX+01EoAjObD6eaNI3VI8lmT+kxJCMmWtFDJTb22GbhdljfGX4DzYy+MCezVX9gia4=', 'x-amz-request-id': 'T1G02SGXC8D85GNK', 'date': 'Mon, 14 Mar 2022 19:53:06 GMT', 'last-modified': 'Mon, 14 Mar 2022 19:13:53 GMT', 'etag': '"d26cb17191ad3884973dfffd2db5cbb7"', 'accept-ranges': 'bytes', 'content-type': 'binary/octet-stream', 'server': 'AmazonS3', 'content-length': '422'}, 'RetryAttempts': 0}, 'AcceptRanges': 'bytes', 'LastModified': datetime.datetime(2022, 3, 14, 19, 13, 53, tzinfo=tzutc()), 'ContentLength': 422, 'ETag': '"d26cb17191ad3884973dfffd2db5cbb7"', 'ContentType': 'binary/octet-stream', 'Metadata': {}, 'Body': <botocore.response.StreamingBody object at 0x7fb5e45e32b0>}
[2022-03-14 14:53:05,538] {base_aws.py:190} INFO - Credentials retrieved from login
[2022-03-14 14:53:05,539] {base_aws.py:90} INFO - Retrieving region_name from Connection.extra_config['region_name']
[2022-03-14 14:53:05,928] {logging_mixin.py:109} INFO - {'ResponseMetadata': {'RequestId': 'QR3MFHF3Y6P2BPCV', 'HostId': 'Hjg6QYMqsDldRX/YBjMOakGB02Bq1M3Zxag7SWPGkm694f8ExEg1xY788yNPlitqY7ACWRtTe0w=', 'HTTPStatusCode': 200, 'HTTPHeaders': {'x-amz-id-2': 'Hjg6QYMqsDldRX/YBjMOakGB02Bq1M3Zxag7SWPGkm694f8ExEg1xY788yNPlitqY7ACWRtTe0w=', 'x-amz-request-id': 'QR3MFHF3Y6P2BPCV', 'date': 'Mon, 14 Mar 2022 19:53:07 GMT', 'last-modified': 'Mon, 14 Mar 2022 19:13:52 GMT', 'etag': '"6354c2ac5ea790b1c552a8769e88a4a4"', 'accept-ranges': 'bytes', 'content-type': 'binary/octet-stream', 'server': 'AmazonS3', 'content-length': '378'}, 'RetryAttempts': 0}, 'AcceptRanges': 'bytes', 'LastModified': datetime.datetime(2022, 3, 14, 19, 13, 52, tzinfo=tzutc()), 'ContentLength': 378, 'ETag': '"6354c2ac5ea790b1c552a8769e88a4a4"', 'ContentType': 'binary/octet-stream', 'Metadata': {}, 'Body': <botocore.response.StreamingBody object at 0x7fb5e4f74370>}
[2022-03-14 14:53:05,932] {base_aws.py:190} INFO - Credentials retrieved from login
[2022-03-14 14:53:05,933] {base_aws.py:90} INFO - Retrieving region_name from Connection.extra_config['region_name']
[2022-03-14 14:53:06,471] {logging_mixin.py:109} INFO - {'ResponseMetadata': {'RequestId': 'QR3G2DQ1SJA4JTE4', 'HostId': 'unlpQFCaST7bpnaa/P2WwRDSDuEydqFuxv9ioBhQMMWNSSfwhGANyxxp5K9i2uxl0i9n1NfoUfc=', 'HTTPStatusCode': 200, 'HTTPHeaders': {'x-amz-id-2': 'unlpQFCaST7bpnaa/P2WwRDSDuEydqFuxv9ioBhQMMWNSSfwhGANyxxp5K9i2uxl0i9n1NfoUfc=', 'x-amz-request-id': 'QR3G2DQ1SJA4JTE4', 'date': 'Mon, 14 Mar 2022 19:53:07 GMT', 'last-modified': 'Mon, 14 Mar 2022 19:13:54 GMT', 'etag': '"0cf20a06d0d61865079a1f37216f2337"', 'accept-ranges': 'bytes', 'content-type': 'binary/octet-stream', 'server': 'AmazonS3', 'content-length': '362'}, 'RetryAttempts': 0}, 'AcceptRanges': 'bytes', 'LastModified': datetime.datetime(2022, 3, 14, 19, 13, 54, tzinfo=tzutc()), 'ContentLength': 362, 'ETag': '"0cf20a06d0d61865079a1f37216f2337"', 'ContentType': 'binary/octet-stream', 'Metadata': {}, 'Body': <botocore.response.StreamingBody object at 0x7fb5e3d18ca0>}
[2022-03-14 14:53:06,477] {base_aws.py:190} INFO - Credentials retrieved from login
[2022-03-14 14:53:06,478] {base_aws.py:90} INFO - Retrieving region_name from Connection.extra_config['region_name']
[2022-03-14 14:53:06,876] {logging_mixin.py:109} INFO - {'ResponseMetadata': {'RequestId': 'QR3HZCETA5RD4ZVD', 'HostId': 'mn8L1G8xuiLbBUqwZjz6HjJ3gqDmFlpzY4A1qD+hn0xJCqjaac1CkFizNvgyKDpJCv4J+whZgkE=', 'HTTPStatusCode': 200, 'HTTPHeaders': {'x-amz-id-2': 'mn8L1G8xuiLbBUqwZjz6HjJ3gqDmFlpzY4A1qD+hn0xJCqjaac1CkFizNvgyKDpJCv4J+whZgkE=', 'x-amz-request-id': 'QR3HZCETA5RD4ZVD', 'date': 'Mon, 14 Mar 2022 19:53:07 GMT', 'last-modified': 'Mon, 14 Mar 2022 19:13:55 GMT', 'etag': '"80a3cf15935c9047b2ed739e059c395b"', 'accept-ranges': 'bytes', 'content-type': 'binary/octet-stream', 'server': 'AmazonS3', 'content-length': '377'}, 'RetryAttempts': 0}, 'AcceptRanges': 'bytes', 'LastModified': datetime.datetime(2022, 3, 14, 19, 13, 55, tzinfo=tzutc()), 'ContentLength': 377, 'ETag': '"80a3cf15935c9047b2ed739e059c395b"', 'ContentType': 'binary/octet-stream', 'Metadata': {}, 'Body': <botocore.response.StreamingBody object at 0x7fb5e37076a0>}
[2022-03-14 14:53:06,880] {base_aws.py:190} INFO - Credentials retrieved from login
[2022-03-14 14:53:06,882] {base_aws.py:90} INFO - Retrieving region_name from Connection.extra_config['region_name']
[2022-03-14 14:53:07,355] {logging_mixin.py:109} INFO - {'ResponseMetadata': {'RequestId': 'CXEDR2YZNBE10PF6', 'HostId': 'fTDN4FlIRlqhtg/LTvpvxN2CTke5Yk/Kn0W8YnryvGwxOlLSEy1C7gRcNSFFNHrWIqk/KULtJvQ=', 'HTTPStatusCode': 200, 'HTTPHeaders': {'x-amz-id-2': 'fTDN4FlIRlqhtg/LTvpvxN2CTke5Yk/Kn0W8YnryvGwxOlLSEy1C7gRcNSFFNHrWIqk/KULtJvQ=', 'x-amz-request-id': 'CXEDR2YZNBE10PF6', 'date': 'Mon, 14 Mar 2022 19:53:08 GMT', 'last-modified': 'Mon, 14 Mar 2022 19:13:53 GMT', 'etag': '"99e28d4ff337a62e6252eed7f7b21cef"', 'accept-ranges': 'bytes', 'content-type': 'binary/octet-stream', 'server': 'AmazonS3', 'content-length': '356'}, 'RetryAttempts': 0}, 'AcceptRanges': 'bytes', 'LastModified': datetime.datetime(2022, 3, 14, 19, 13, 53, tzinfo=tzutc()), 'ContentLength': 356, 'ETag': '"99e28d4ff337a62e6252eed7f7b21cef"', 'ContentType': 'binary/octet-stream', 'Metadata': {}, 'Body': <botocore.response.StreamingBody object at 0x7fb5e5528850>}
[2022-03-14 14:53:07,359] {base_aws.py:190} INFO - Credentials retrieved from login
[2022-03-14 14:53:07,360] {base_aws.py:90} INFO - Retrieving region_name from Connection.extra_config['region_name']
[2022-03-14 14:53:07,845] {logging_mixin.py:109} INFO - {'ResponseMetadata': {'RequestId': 'CXE0GQRW4YPNCQB0', 'HostId': '54PFhSltLSSxlDLVUTNS0d3Hycssk68HpKSGD5MweZp7XPLPY6KYVRKpxIbv/+ciqtPQWVDMbmQ=', 'HTTPStatusCode': 200, 'HTTPHeaders': {'x-amz-id-2': '54PFhSltLSSxlDLVUTNS0d3Hycssk68HpKSGD5MweZp7XPLPY6KYVRKpxIbv/+ciqtPQWVDMbmQ=', 'x-amz-request-id': 'CXE0GQRW4YPNCQB0', 'date': 'Mon, 14 Mar 2022 19:53:08 GMT', 'last-modified': 'Mon, 14 Mar 2022 19:13:53 GMT', 'etag': '"23550c3290266f43ecaec06d70e50313"', 'accept-ranges': 'bytes', 'content-type': 'binary/octet-stream', 'server': 'AmazonS3', 'content-length': '361'}, 'RetryAttempts': 0}, 'AcceptRanges': 'bytes', 'LastModified': datetime.datetime(2022, 3, 14, 19, 13, 53, tzinfo=tzutc()), 'ContentLength': 361, 'ETag': '"23550c3290266f43ecaec06d70e50313"', 'ContentType': 'binary/octet-stream', 'Metadata': {}, 'Body': <botocore.response.StreamingBody object at 0x7fb5e3f90880>}
[2022-03-14 14:53:07,850] {base_aws.py:190} INFO - Credentials retrieved from login
[2022-03-14 14:53:07,851] {base_aws.py:90} INFO - Retrieving region_name from Connection.extra_config['region_name']
[2022-03-14 14:53:08,214] {logging_mixin.py:109} INFO - {'ResponseMetadata': {'RequestId': '7B8GSGMX79MCSK9M', 'HostId': 'QCMjjdjZgzoE5XDugelwKXb5F1rL0Ansxp1JHWDZgx2j66dh2te3NpVWJ6E5YWty70CDpkfqScY=', 'HTTPStatusCode': 200, 'HTTPHeaders': {'x-amz-id-2': 'QCMjjdjZgzoE5XDugelwKXb5F1rL0Ansxp1JHWDZgx2j66dh2te3NpVWJ6E5YWty70CDpkfqScY=', 'x-amz-request-id': '7B8GSGMX79MCSK9M', 'date': 'Mon, 14 Mar 2022 19:53:09 GMT', 'last-modified': 'Mon, 14 Mar 2022 19:13:53 GMT', 'etag': '"a6df52fd21c5472092cd0f752aa6a2f1"', 'accept-ranges': 'bytes', 'content-type': 'binary/octet-stream', 'server': 'AmazonS3', 'content-length': '379'}, 'RetryAttempts': 0}, 'AcceptRanges': 'bytes', 'LastModified': datetime.datetime(2022, 3, 14, 19, 13, 53, tzinfo=tzutc()), 'ContentLength': 379, 'ETag': '"a6df52fd21c5472092cd0f752aa6a2f1"', 'ContentType': 'binary/octet-stream', 'Metadata': {}, 'Body': <botocore.response.StreamingBody object at 0x7fb5e49e59a0>}
[2022-03-14 14:53:08,219] {base_aws.py:190} INFO - Credentials retrieved from login
[2022-03-14 14:53:08,220] {base_aws.py:90} INFO - Retrieving region_name from Connection.extra_config['region_name']
[2022-03-14 14:53:08,583] {logging_mixin.py:109} INFO - {'ResponseMetadata': {'RequestId': '7B8T6R9A7NW0SKV1', 'HostId': 'FXt+yPcLnOZPyJwj2YSD6w4lOQHRUB7rOOJO/zTlUN56Ti/6Y3ilaJAQkxaILEZc/kBrhXnQJbk=', 'HTTPStatusCode': 200, 'HTTPHeaders': {'x-amz-id-2': 'FXt+yPcLnOZPyJwj2YSD6w4lOQHRUB7rOOJO/zTlUN56Ti/6Y3ilaJAQkxaILEZc/kBrhXnQJbk=', 'x-amz-request-id': '7B8T6R9A7NW0SKV1', 'date': 'Mon, 14 Mar 2022 19:53:09 GMT', 'last-modified': 'Mon, 14 Mar 2022 19:13:52 GMT', 'etag': '"b2164cbef2714cc2f3c851294cb89b7e"', 'accept-ranges': 'bytes', 'content-type': 'binary/octet-stream', 'server': 'AmazonS3', 'content-length': '355'}, 'RetryAttempts': 0}, 'AcceptRanges': 'bytes', 'LastModified': datetime.datetime(2022, 3, 14, 19, 13, 52, tzinfo=tzutc()), 'ContentLength': 355, 'ETag': '"b2164cbef2714cc2f3c851294cb89b7e"', 'ContentType': 'binary/octet-stream', 'Metadata': {}, 'Body': <botocore.response.StreamingBody object at 0x7fb5e597fa60>}
[2022-03-14 14:53:08,588] {base_aws.py:190} INFO - Credentials retrieved from login
[2022-03-14 14:53:08,591] {base_aws.py:90} INFO - Retrieving region_name from Connection.extra_config['region_name']
[2022-03-14 14:53:09,127] {logging_mixin.py:109} INFO - {'ResponseMetadata': {'RequestId': 'QWCVH4WS013X1QF3', 'HostId': 'buGYEaHUiAZoP5+t1zQ9Gk4uj8yvJbGv6eta1OkrNWlxsPGo9S7lM3m/tOFaoB+RSJReP4OBshc=', 'HTTPStatusCode': 200, 'HTTPHeaders': {'x-amz-id-2': 'buGYEaHUiAZoP5+t1zQ9Gk4uj8yvJbGv6eta1OkrNWlxsPGo9S7lM3m/tOFaoB+RSJReP4OBshc=', 'x-amz-request-id': 'QWCVH4WS013X1QF3', 'date': 'Mon, 14 Mar 2022 19:53:10 GMT', 'last-modified': 'Mon, 14 Mar 2022 19:13:55 GMT', 'etag': '"88617bc3bc569dcb54ebc9da8155d3c3"', 'accept-ranges': 'bytes', 'content-type': 'binary/octet-stream', 'server': 'AmazonS3', 'content-length': '415'}, 'RetryAttempts': 0}, 'AcceptRanges': 'bytes', 'LastModified': datetime.datetime(2022, 3, 14, 19, 13, 55, tzinfo=tzutc()), 'ContentLength': 415, 'ETag': '"88617bc3bc569dcb54ebc9da8155d3c3"', 'ContentType': 'binary/octet-stream', 'Metadata': {}, 'Body': <botocore.response.StreamingBody object at 0x7fb5e36e6dc0>}
[2022-03-14 14:53:09,131] {base_aws.py:190} INFO - Credentials retrieved from login
[2022-03-14 14:53:09,132] {base_aws.py:90} INFO - Retrieving region_name from Connection.extra_config['region_name']
[2022-03-14 14:53:09,506] {logging_mixin.py:109} INFO - {'ResponseMetadata': {'RequestId': 'QWCHS1Y41R7DEE5M', 'HostId': 'zBTMvfiTFL4GfV02AfpN0Bc2AeQK7fJsF/Wvf3oYHdt9cL7+oCOd9TYGpIBgIApvOp6+RDjx/Z4=', 'HTTPStatusCode': 200, 'HTTPHeaders': {'x-amz-id-2': 'zBTMvfiTFL4GfV02AfpN0Bc2AeQK7fJsF/Wvf3oYHdt9cL7+oCOd9TYGpIBgIApvOp6+RDjx/Z4=', 'x-amz-request-id': 'QWCHS1Y41R7DEE5M', 'date': 'Mon, 14 Mar 2022 19:53:10 GMT', 'last-modified': 'Mon, 14 Mar 2022 19:13:53 GMT', 'etag': '"f52cd37665ad190e306357df6aa99b2c"', 'accept-ranges': 'bytes', 'content-type': 'binary/octet-stream', 'server': 'AmazonS3', 'content-length': '384'}, 'RetryAttempts': 0}, 'AcceptRanges': 'bytes', 'LastModified': datetime.datetime(2022, 3, 14, 19, 13, 53, tzinfo=tzutc()), 'ContentLength': 384, 'ETag': '"f52cd37665ad190e306357df6aa99b2c"', 'ContentType': 'binary/octet-stream', 'Metadata': {}, 'Body': <botocore.response.StreamingBody object at 0x7fb5e4df1340>}
[2022-03-14 14:53:09,510] {base_aws.py:190} INFO - Credentials retrieved from login
[2022-03-14 14:53:09,512] {base_aws.py:90} INFO - Retrieving region_name from Connection.extra_config['region_name']
[2022-03-14 14:53:09,983] {logging_mixin.py:109} INFO - {'ResponseMetadata': {'RequestId': 'K0F5F8QAWEDFRPB5', 'HostId': '1lHFoU7dm/u9Y9crrHLMMxAvxAFWxQPboYf+Q+AbziboOesWsK7CRznPmxbAxRuzKD31IzchMTE=', 'HTTPStatusCode': 200, 'HTTPHeaders': {'x-amz-id-2': '1lHFoU7dm/u9Y9crrHLMMxAvxAFWxQPboYf+Q+AbziboOesWsK7CRznPmxbAxRuzKD31IzchMTE=', 'x-amz-request-id': 'K0F5F8QAWEDFRPB5', 'date': 'Mon, 14 Mar 2022 19:53:11 GMT', 'last-modified': 'Mon, 14 Mar 2022 19:13:54 GMT', 'etag': '"1951bd3a8e62b360b8901ba3d35a68c1"', 'accept-ranges': 'bytes', 'content-type': 'binary/octet-stream', 'server': 'AmazonS3', 'content-length': '333'}, 'RetryAttempts': 0}, 'AcceptRanges': 'bytes', 'LastModified': datetime.datetime(2022, 3, 14, 19, 13, 54, tzinfo=tzutc()), 'ContentLength': 333, 'ETag': '"1951bd3a8e62b360b8901ba3d35a68c1"', 'ContentType': 'binary/octet-stream', 'Metadata': {}, 'Body': <botocore.response.StreamingBody object at 0x7fb5e3b39e80>}
[2022-03-14 14:53:09,989] {base_aws.py:190} INFO - Credentials retrieved from login
[2022-03-14 14:53:09,991] {base_aws.py:90} INFO - Retrieving region_name from Connection.extra_config['region_name']
[2022-03-14 14:53:10,389] {logging_mixin.py:109} INFO - {'ResponseMetadata': {'RequestId': 'K0F95ZVDT7YGEVRJ', 'HostId': 'EDJDLYLk30Ae2UDqt50GDGI6jFbbYW04pOcoCPzdASpCj7QR0gl04NxNe606Fvi0EwYdA8vusXE=', 'HTTPStatusCode': 200, 'HTTPHeaders': {'x-amz-id-2': 'EDJDLYLk30Ae2UDqt50GDGI6jFbbYW04pOcoCPzdASpCj7QR0gl04NxNe606Fvi0EwYdA8vusXE=', 'x-amz-request-id': 'K0F95ZVDT7YGEVRJ', 'date': 'Mon, 14 Mar 2022 19:53:11 GMT', 'last-modified': 'Mon, 14 Mar 2022 19:13:54 GMT', 'etag': '"c9a124d858fc6777de764ba7fb26e79f"', 'accept-ranges': 'bytes', 'content-type': 'binary/octet-stream', 'server': 'AmazonS3', 'content-length': '424'}, 'RetryAttempts': 0}, 'AcceptRanges': 'bytes', 'LastModified': datetime.datetime(2022, 3, 14, 19, 13, 54, tzinfo=tzutc()), 'ContentLength': 424, 'ETag': '"c9a124d858fc6777de764ba7fb26e79f"', 'ContentType': 'binary/octet-stream', 'Metadata': {}, 'Body': <botocore.response.StreamingBody object at 0x7fb5e409bd90>}
[2022-03-14 14:53:10,395] {python.py:175} INFO - Done. Returned value was: None
[2022-03-14 14:53:10,403] {taskinstance.py:1272} INFO - Marking task as SUCCESS. dag_id=simple_dag, task_id=get_recipes, execution_date=20220314T145600, start_date=20220314T195300, end_date=20220314T195310
[2022-03-14 14:53:10,455] {local_task_job.py:154} INFO - Task exited with return code 0
[2022-03-14 14:53:10,471] {local_task_job.py:264} INFO - 0 downstream tasks scheduled from follow-on schedule check
[2022-03-14 14:57:33,355] {taskinstance.py:1037} INFO - Dependencies all met for <TaskInstance: simple_dag.get_recipes scheduled__2022-03-14T14:56:00+00:00 [queued]>
[2022-03-14 14:57:33,369] {taskinstance.py:1037} INFO - Dependencies all met for <TaskInstance: simple_dag.get_recipes scheduled__2022-03-14T14:56:00+00:00 [queued]>
[2022-03-14 14:57:33,369] {taskinstance.py:1243} INFO - 
--------------------------------------------------------------------------------
[2022-03-14 14:57:33,370] {taskinstance.py:1244} INFO - Starting attempt 1 of 1
[2022-03-14 14:57:33,370] {taskinstance.py:1245} INFO - 
--------------------------------------------------------------------------------
[2022-03-14 14:57:33,380] {taskinstance.py:1264} INFO - Executing <Task(PythonOperator): get_recipes> on 2022-03-14 14:56:00+00:00
[2022-03-14 14:57:33,384] {standard_task_runner.py:52} INFO - Started process 88618 to run task
[2022-03-14 14:57:33,391] {standard_task_runner.py:76} INFO - Running: ['airflow', 'tasks', 'run', 'simple_dag', 'get_recipes', 'scheduled__2022-03-14T14:56:00+00:00', '--job-id', '215', '--raw', '--subdir', 'DAGS_FOLDER/simple_dag.py', '--cfg-path', '/var/folders/tl/ljh9dpdd2fnbgmc62qc2b49h0000gn/T/tmpet6_9vaj', '--error-file', '/var/folders/tl/ljh9dpdd2fnbgmc62qc2b49h0000gn/T/tmp8n5kid32']
[2022-03-14 14:57:33,397] {standard_task_runner.py:77} INFO - Job 215: Subtask get_recipes
[2022-03-14 14:57:33,465] {logging_mixin.py:109} INFO - Running <TaskInstance: simple_dag.get_recipes scheduled__2022-03-14T14:56:00+00:00 [running]> on host 1.0.0.0.0.0.0.0.0.0.0.0.0.0.0.0.0.0.0.0.0.0.0.0.0.0.0.0.0.0.0.0.ip6.arpa
[2022-03-14 14:57:33,521] {taskinstance.py:1429} INFO - Exporting the following env vars:
AIRFLOW_CTX_DAG_OWNER=airflow
AIRFLOW_CTX_DAG_ID=simple_dag
AIRFLOW_CTX_TASK_ID=get_recipes
AIRFLOW_CTX_EXECUTION_DATE=2022-03-14T14:56:00+00:00
AIRFLOW_CTX_DAG_RUN_ID=scheduled__2022-03-14T14:56:00+00:00
[2022-03-14 14:57:33,529] {base_aws.py:190} INFO - Credentials retrieved from login
[2022-03-14 14:57:33,531] {base_aws.py:90} INFO - Retrieving region_name from Connection.extra_config['region_name']
[2022-03-14 14:57:33,933] {base_aws.py:190} INFO - Credentials retrieved from login
[2022-03-14 14:57:33,934] {base_aws.py:90} INFO - Retrieving region_name from Connection.extra_config['region_name']
[2022-03-14 14:57:34,738] {logging_mixin.py:109} INFO - {'pantry': {'excludeIngredients': ['potato'], 'includeIngredients': ['fish'], 'intolerances': 'soy'}, 'user': {'address': '0496 Page Mountains Apt. 722\nHernandezfort, IN 04526', 'description': 'Often focus air race affect. Statement go shoulder believe pretty activity turn. Four face arrive table.', 'name': 'Janet Clements'}}
[2022-03-14 14:57:34,743] {base_aws.py:190} INFO - Credentials retrieved from login
[2022-03-14 14:57:34,744] {base_aws.py:90} INFO - Retrieving region_name from Connection.extra_config['region_name']
[2022-03-14 14:57:35,114] {logging_mixin.py:109} INFO - {'pantry': {'excludeIngredients': ['lime'], 'includeIngredients': ['brown rice'], 'intolerances': 'grain'}, 'user': {'address': '07227 Barbara Vista\nStevenbury, MD 07127', 'description': 'Chair them way agency. A drug cell choice rest trip. Inside recently face mind fish up north set.\nCulture arrive else imagine approach say just. Stand door up accept low.', 'name': 'Kimberly Johnson'}}
[2022-03-14 14:57:35,119] {base_aws.py:190} INFO - Credentials retrieved from login
[2022-03-14 14:57:35,120] {base_aws.py:90} INFO - Retrieving region_name from Connection.extra_config['region_name']
[2022-03-14 14:57:35,501] {logging_mixin.py:109} INFO - {'pantry': {'excludeIngredients': ['stock', 'sweet potato'], 'includeIngredients': ['pepper', 'onion'], 'intolerances': 'peanut'}, 'user': {'address': '3916 Barker Points\nRyanstad, SD 23542', 'description': 'Production usually others think our stand many age. Kind many thus response thus office.\nInside know gun senior. Forget bit follow per author. Sure mean throw forget.', 'name': 'Darlene Harrison'}}
[2022-03-14 14:57:35,506] {base_aws.py:190} INFO - Credentials retrieved from login
[2022-03-14 14:57:35,507] {base_aws.py:90} INFO - Retrieving region_name from Connection.extra_config['region_name']
[2022-03-14 14:57:36,091] {logging_mixin.py:109} INFO - {'pantry': {'excludeIngredients': ['cooking oil'], 'includeIngredients': ['fish', 'brown rice', 'potato'], 'intolerances': 'seafood'}, 'user': {'address': '510 Harris Plaza Suite 632\nLake Brittany, VT 17864', 'description': 'He evidence strategy everything low listen. Camera foot to recently final true reveal.\nProtect participant within forward election listen. Candidate once modern culture people large science forget.', 'name': 'Alexandra Taylor'}}
[2022-03-14 14:57:36,096] {base_aws.py:190} INFO - Credentials retrieved from login
[2022-03-14 14:57:36,097] {base_aws.py:90} INFO - Retrieving region_name from Connection.extra_config['region_name']
[2022-03-14 14:57:36,619] {logging_mixin.py:109} INFO - {'pantry': {'excludeIngredients': ['cauliflower rice', 'stock'], 'includeIngredients': ['cooking oil', 'rice'], 'intolerances': 'dairy'}, 'user': {'address': '237 Cruz Crescent\nEast Brittney, WA 04269', 'description': 'And six woman together lose well close. Pressure house baby allow bar. Little husband how gas lead these almost. Themselves full water treatment center either.', 'name': 'Kimberly Coffey'}}
[2022-03-14 14:57:36,624] {base_aws.py:190} INFO - Credentials retrieved from login
[2022-03-14 14:57:36,625] {base_aws.py:90} INFO - Retrieving region_name from Connection.extra_config['region_name']
[2022-03-14 14:57:37,121] {logging_mixin.py:109} INFO - {'pantry': {'excludeIngredients': ['brown rice', 'chickpeas'], 'includeIngredients': ['stock'], 'intolerances': 'peanut'}, 'user': {'address': '575 Brian Squares Apt. 052\nAndrewborough, CA 28848', 'description': 'However successful my choice choose when through. Agree military manager most remain drug character. Soldier within main American any deep.', 'name': 'Roy Mcdowell'}}
[2022-03-14 14:57:37,126] {base_aws.py:190} INFO - Credentials retrieved from login
[2022-03-14 14:57:37,127] {base_aws.py:90} INFO - Retrieving region_name from Connection.extra_config['region_name']
[2022-03-14 14:57:37,505] {logging_mixin.py:109} INFO - {'pantry': {'excludeIngredients': ['soup'], 'includeIngredients': ['rice', 'water', 'cauliflower rice'], 'intolerances': 'grain'}, 'user': {'address': '5879 Collins Points\nDavisborough, AK 45910', 'description': 'Play material sense movement man final. Him here remember word small must.\nSenior ever wish perform. Sometimes bag some leader suddenly test represent.', 'name': 'Karen Taylor'}}
[2022-03-14 14:57:37,510] {base_aws.py:190} INFO - Credentials retrieved from login
[2022-03-14 14:57:37,511] {base_aws.py:90} INFO - Retrieving region_name from Connection.extra_config['region_name']
[2022-03-14 14:57:37,946] {logging_mixin.py:109} INFO - {'pantry': {'excludeIngredients': ['salt'], 'includeIngredients': ['lime', 'chickpeas', 'onion', 'water'], 'intolerances': 'peanut'}, 'user': {'address': '550 Nichols Isle Suite 592\nCookmouth, DC 28172', 'description': 'Address charge right help exactly beat meet exist. Conference marriage sit eight concern responsibility forward main. Pass now cup war event seek include. Various treatment arm mouth tax check dream.', 'name': 'Jeremy Gallegos'}}
[2022-03-14 14:57:37,951] {base_aws.py:190} INFO - Credentials retrieved from login
[2022-03-14 14:57:37,952] {base_aws.py:90} INFO - Retrieving region_name from Connection.extra_config['region_name']
[2022-03-14 14:57:38,317] {logging_mixin.py:109} INFO - {'pantry': {'excludeIngredients': ['onion', 'whole chicken'], 'includeIngredients': ['pepper', 'cauliflower florets', 'cauliflower', 'seasoning'], 'intolerances': 'peanut'}, 'user': {'address': '5736 Angela Estate Apt. 360\nSouth Natasha, CA 15714', 'description': 'Economy job good upon. Radio hope this song administration war. Agency floor star too. Nothing either like during together seven.', 'name': 'Patrick Carr'}}
[2022-03-14 14:57:38,321] {base_aws.py:190} INFO - Credentials retrieved from login
[2022-03-14 14:57:38,322] {base_aws.py:90} INFO - Retrieving region_name from Connection.extra_config['region_name']
[2022-03-14 14:57:38,714] {logging_mixin.py:109} INFO - {'pantry': {'excludeIngredients': ['onion'], 'includeIngredients': ['seasoning', 'cooking oil'], 'intolerances': 'soy'}, 'user': {'address': '15075 Jamie Overpass Apt. 289\nNorth Kelsey, NC 13905', 'description': 'Anyone other others fact learn report trade. Store kind organization water election far interesting. Family decision safe one natural TV.', 'name': 'Aaron Thomas'}}
[2022-03-14 14:57:38,719] {base_aws.py:190} INFO - Credentials retrieved from login
[2022-03-14 14:57:38,720] {base_aws.py:90} INFO - Retrieving region_name from Connection.extra_config['region_name']
[2022-03-14 14:57:39,206] {logging_mixin.py:109} INFO - {'pantry': {'excludeIngredients': ['cauliflower florets', 'soup'], 'includeIngredients': ['soup', 'lime', 'fish', 'kidney beans'], 'intolerances': 'peanut'}, 'user': {'address': 'PSC 6875, Box 7223\nAPO AP 53883', 'description': 'Few ever ever apply of especially. Seat space Republican girl. Threat tree media authority several later.', 'name': 'David Walker'}}
[2022-03-14 14:57:39,211] {base_aws.py:190} INFO - Credentials retrieved from login
[2022-03-14 14:57:39,212] {base_aws.py:90} INFO - Retrieving region_name from Connection.extra_config['region_name']
[2022-03-14 14:57:39,689] {logging_mixin.py:109} INFO - {'pantry': {'excludeIngredients': ['garlic', 'ginger'], 'includeIngredients': ['cooking spray'], 'intolerances': 'soy'}, 'user': {'address': '6844 Hernandez Mountain\nHoweshire, MI 48820', 'description': 'Tree you but. Issue carry year. Oil perhaps now class road successful girl.\nTurn somebody those important. Should treat send theory majority skin.', 'name': 'Alexa Yang'}}
[2022-03-14 14:57:39,693] {base_aws.py:190} INFO - Credentials retrieved from login
[2022-03-14 14:57:39,694] {base_aws.py:90} INFO - Retrieving region_name from Connection.extra_config['region_name']
[2022-03-14 14:57:40,079] {logging_mixin.py:109} INFO - {'pantry': {'excludeIngredients': ['lime'], 'includeIngredients': ['soup'], 'intolerances': 'soy'}, 'user': {'address': '7061 Jessica Drive\nPatriciaton, WI 41246', 'description': 'Student oil plan order though call. Former prepare past step produce different why. His during break day establish. Song guy that bag score have.', 'name': 'Sarah Rodriguez'}}
[2022-03-14 14:57:40,084] {base_aws.py:190} INFO - Credentials retrieved from login
[2022-03-14 14:57:40,085] {base_aws.py:90} INFO - Retrieving region_name from Connection.extra_config['region_name']
[2022-03-14 14:57:40,460] {logging_mixin.py:109} INFO - {'pantry': {'excludeIngredients': ['kidney beans', 'cauliflower'], 'includeIngredients': ['sweet potato'], 'intolerances': 'grain'}, 'user': {'address': '88565 Walker Villages\nWest Erinland, DC 47710', 'description': 'Enjoy onto fire nothing however trial art evidence.\nMrs account source executive move. Student over goal stay pass.', 'name': 'Robert Dunn'}}
[2022-03-14 14:57:40,464] {base_aws.py:190} INFO - Credentials retrieved from login
[2022-03-14 14:57:40,466] {base_aws.py:90} INFO - Retrieving region_name from Connection.extra_config['region_name']
[2022-03-14 14:57:40,855] {logging_mixin.py:109} INFO - {'pantry': {'excludeIngredients': ['stock'], 'includeIngredients': ['salt', 'cooking oil', 'water'], 'intolerances': 'wheat'}, 'user': {'address': '9024 Drew Squares\nDavisland, CA 13649', 'description': 'Forward father store sound world social consumer. Other because its interesting allow south. Pass hand community attorney provide technology like.', 'name': 'Douglas Hicks'}}
[2022-03-14 14:57:40,860] {base_aws.py:190} INFO - Credentials retrieved from login
[2022-03-14 14:57:40,861] {base_aws.py:90} INFO - Retrieving region_name from Connection.extra_config['region_name']
[2022-03-14 14:57:41,318] {logging_mixin.py:109} INFO - {'pantry': {'excludeIngredients': ['potato'], 'includeIngredients': ['rice'], 'intolerances': 'seafood'}, 'user': {'address': '437 Joan Island Apt. 437\nPort Jasonberg, PA 65035', 'description': 'Measure yet law again happen recent.\nArt way parent shoulder message and apply consumer. Hold policy state alone wife government gas.', 'name': 'Kelly Cook'}}
[2022-03-14 14:57:41,322] {base_aws.py:190} INFO - Credentials retrieved from login
[2022-03-14 14:57:41,323] {base_aws.py:90} INFO - Retrieving region_name from Connection.extra_config['region_name']
[2022-03-14 14:57:41,860] {logging_mixin.py:109} INFO - {'pantry': {'excludeIngredients': ['tomato'], 'includeIngredients': ['salt', 'soup'], 'intolerances': 'gluten'}, 'user': {'address': '58137 Alan Highway\nSouth Erikaside, CA 25845', 'description': 'Religious some church choice and rate. Bit purpose policy television increase expect.\nPast million how huge wrong wide daughter can. Help plant her. Change TV term nothing water good each.', 'name': 'Cynthia Young'}}
[2022-03-14 14:57:41,864] {base_aws.py:190} INFO - Credentials retrieved from login
[2022-03-14 14:57:41,865] {base_aws.py:90} INFO - Retrieving region_name from Connection.extra_config['region_name']
[2022-03-14 14:57:42,248] {logging_mixin.py:109} INFO - {'pantry': {'excludeIngredients': ['rice'], 'includeIngredients': ['cauliflower florets'], 'intolerances': 'seafood'}, 'user': {'address': '1020 Hutchinson Crossing\nSouth Davidfurt, TN 78025', 'description': 'Nothing bill challenge authority ask international short prevent. Fine phone store later ability information. Prepare offer threat that figure wall.', 'name': 'Howard Paul'}}
[2022-03-14 14:57:42,253] {base_aws.py:190} INFO - Credentials retrieved from login
[2022-03-14 14:57:42,255] {base_aws.py:90} INFO - Retrieving region_name from Connection.extra_config['region_name']
[2022-03-14 14:57:42,677] {logging_mixin.py:109} INFO - {'pantry': {'excludeIngredients': ['tomato'], 'includeIngredients': ['tomato', 'salt'], 'intolerances': 'peanut'}, 'user': {'address': '29627 John Estates Suite 324\nWest Benjamin, ME 63889', 'description': 'Market Congress make partner eat could four. Clear technology I they. Include time like matter.', 'name': 'Heather Kennedy'}}
[2022-03-14 14:57:42,681] {base_aws.py:190} INFO - Credentials retrieved from login
[2022-03-14 14:57:42,682] {base_aws.py:90} INFO - Retrieving region_name from Connection.extra_config['region_name']
[2022-03-14 14:57:43,044] {logging_mixin.py:109} INFO - {'pantry': {'excludeIngredients': ['chickpeas', 'garlic'], 'includeIngredients': ['salt', 'chickpeas', 'cauliflower rice'], 'intolerances': 'tree nut'}, 'user': {'address': '148 Timothy Lakes\nBauerland, IL 49873', 'description': 'Trade red treatment would. Improve fact same trouble resource find country.\nDaughter put air during than. Hear life more. Common reflect common guess reach task compare.', 'name': 'Kim Hall'}}
[2022-03-14 14:57:43,047] {python.py:175} INFO - Done. Returned value was: None
[2022-03-14 14:57:43,055] {taskinstance.py:1272} INFO - Marking task as SUCCESS. dag_id=simple_dag, task_id=get_recipes, execution_date=20220314T145600, start_date=20220314T195733, end_date=20220314T195743
[2022-03-14 14:57:43,101] {local_task_job.py:154} INFO - Task exited with return code 0
[2022-03-14 14:57:43,120] {local_task_job.py:264} INFO - 0 downstream tasks scheduled from follow-on schedule check
[2022-03-14 14:57:43,129] {dagrun.py:545} INFO - Marking run <DagRun simple_dag @ 2022-03-14 14:56:00+00:00: scheduled__2022-03-14T14:56:00+00:00, externally triggered: False> successful
[2022-03-14 14:57:43,130] {dagrun.py:590} INFO - DagRun Finished: dag_id=simple_dag, execution_date=2022-03-14 14:56:00+00:00, run_id=scheduled__2022-03-14T14:56:00+00:00, run_start_date=2022-03-14 19:57:12.064151+00:00, run_end_date=2022-03-14 19:57:43.130351+00:00, run_duration=31.0662, state=success, external_trigger=False, run_type=scheduled, data_interval_start=2022-03-14 14:56:00+00:00, data_interval_end=2022-03-14 14:58:00+00:00, dag_hash=f0cf0caebf8649e172d90a8f376743ab
