[2022-03-15 20:36:09,304] {taskinstance.py:1037} INFO - Dependencies all met for <TaskInstance: simple_dag.get_recipes scheduled__2022-03-15T20:34:43.002024+00:00 [queued]>
[2022-03-15 20:36:09,313] {taskinstance.py:1037} INFO - Dependencies all met for <TaskInstance: simple_dag.get_recipes scheduled__2022-03-15T20:34:43.002024+00:00 [queued]>
[2022-03-15 20:36:09,313] {taskinstance.py:1243} INFO - 
--------------------------------------------------------------------------------
[2022-03-15 20:36:09,313] {taskinstance.py:1244} INFO - Starting attempt 1 of 1
[2022-03-15 20:36:09,313] {taskinstance.py:1245} INFO - 
--------------------------------------------------------------------------------
[2022-03-15 20:36:09,324] {taskinstance.py:1264} INFO - Executing <Task(PythonOperator): get_recipes> on 2022-03-15 20:34:43.002024+00:00
[2022-03-15 20:36:09,329] {standard_task_runner.py:52} INFO - Started process 37823 to run task
[2022-03-15 20:36:09,338] {standard_task_runner.py:76} INFO - Running: ['airflow', 'tasks', 'run', 'simple_dag', 'get_recipes', 'scheduled__2022-03-15T20:34:43.002024+00:00', '--job-id', '395', '--raw', '--subdir', 'DAGS_FOLDER/simple_dag.py', '--cfg-path', '/var/folders/tl/ljh9dpdd2fnbgmc62qc2b49h0000gn/T/tmp3jjkhkjm', '--error-file', '/var/folders/tl/ljh9dpdd2fnbgmc62qc2b49h0000gn/T/tmpjp8ir2ju']
[2022-03-15 20:36:09,342] {standard_task_runner.py:77} INFO - Job 395: Subtask get_recipes
[2022-03-15 20:36:09,399] {logging_mixin.py:109} INFO - Running <TaskInstance: simple_dag.get_recipes scheduled__2022-03-15T20:34:43.002024+00:00 [running]> on host 1.0.0.0.0.0.0.0.0.0.0.0.0.0.0.0.0.0.0.0.0.0.0.0.0.0.0.0.0.0.0.0.ip6.arpa
[2022-03-15 20:36:09,451] {taskinstance.py:1429} INFO - Exporting the following env vars:
AIRFLOW_CTX_DAG_OWNER=airflow
AIRFLOW_CTX_DAG_ID=simple_dag
AIRFLOW_CTX_TASK_ID=get_recipes
AIRFLOW_CTX_EXECUTION_DATE=2022-03-15T20:34:43.002024+00:00
AIRFLOW_CTX_DAG_RUN_ID=scheduled__2022-03-15T20:34:43.002024+00:00
[2022-03-15 20:36:09,468] {base_aws.py:190} INFO - Credentials retrieved from login
[2022-03-15 20:36:09,469] {base_aws.py:90} INFO - Retrieving region_name from Connection.extra_config['region_name']
[2022-03-15 20:36:09,880] {base_aws.py:190} INFO - Credentials retrieved from login
[2022-03-15 20:36:09,881] {base_aws.py:90} INFO - Retrieving region_name from Connection.extra_config['region_name']
[2022-03-15 20:36:10,841] {base_aws.py:190} INFO - Credentials retrieved from login
[2022-03-15 20:36:10,842] {base_aws.py:90} INFO - Retrieving region_name from Connection.extra_config['region_name']
[2022-03-15 20:36:11,557] {base_aws.py:190} INFO - Credentials retrieved from login
[2022-03-15 20:36:11,559] {base_aws.py:90} INFO - Retrieving region_name from Connection.extra_config['region_name']
[2022-03-15 20:36:14,295] {base_aws.py:190} INFO - Credentials retrieved from login
[2022-03-15 20:36:14,297] {base_aws.py:90} INFO - Retrieving region_name from Connection.extra_config['region_name']
[2022-03-15 20:36:14,990] {base_aws.py:190} INFO - Credentials retrieved from login
[2022-03-15 20:36:14,991] {base_aws.py:90} INFO - Retrieving region_name from Connection.extra_config['region_name']
[2022-03-15 20:36:16,145] {base_aws.py:190} INFO - Credentials retrieved from login
[2022-03-15 20:36:16,146] {base_aws.py:90} INFO - Retrieving region_name from Connection.extra_config['region_name']
[2022-03-15 20:36:17,160] {base_aws.py:190} INFO - Credentials retrieved from login
[2022-03-15 20:36:17,161] {base_aws.py:90} INFO - Retrieving region_name from Connection.extra_config['region_name']
[2022-03-15 20:36:17,914] {base_aws.py:190} INFO - Credentials retrieved from login
[2022-03-15 20:36:17,915] {base_aws.py:90} INFO - Retrieving region_name from Connection.extra_config['region_name']
[2022-03-15 20:36:18,665] {base_aws.py:190} INFO - Credentials retrieved from login
[2022-03-15 20:36:18,666] {base_aws.py:90} INFO - Retrieving region_name from Connection.extra_config['region_name']
[2022-03-15 20:36:19,414] {base_aws.py:190} INFO - Credentials retrieved from login
[2022-03-15 20:36:19,415] {base_aws.py:90} INFO - Retrieving region_name from Connection.extra_config['region_name']
[2022-03-15 20:36:20,203] {base_aws.py:190} INFO - Credentials retrieved from login
[2022-03-15 20:36:20,205] {base_aws.py:90} INFO - Retrieving region_name from Connection.extra_config['region_name']
[2022-03-15 20:36:21,049] {base_aws.py:190} INFO - Credentials retrieved from login
[2022-03-15 20:36:21,050] {base_aws.py:90} INFO - Retrieving region_name from Connection.extra_config['region_name']
[2022-03-15 20:36:21,938] {base_aws.py:190} INFO - Credentials retrieved from login
[2022-03-15 20:36:21,939] {base_aws.py:90} INFO - Retrieving region_name from Connection.extra_config['region_name']
[2022-03-15 20:36:22,898] {base_aws.py:190} INFO - Credentials retrieved from login
[2022-03-15 20:36:22,900] {base_aws.py:90} INFO - Retrieving region_name from Connection.extra_config['region_name']
[2022-03-15 20:36:23,610] {base_aws.py:190} INFO - Credentials retrieved from login
[2022-03-15 20:36:23,611] {base_aws.py:90} INFO - Retrieving region_name from Connection.extra_config['region_name']
[2022-03-15 20:36:24,300] {base_aws.py:190} INFO - Credentials retrieved from login
[2022-03-15 20:36:24,301] {base_aws.py:90} INFO - Retrieving region_name from Connection.extra_config['region_name']
[2022-03-15 20:36:25,281] {base_aws.py:190} INFO - Credentials retrieved from login
[2022-03-15 20:36:25,283] {base_aws.py:90} INFO - Retrieving region_name from Connection.extra_config['region_name']
[2022-03-15 20:36:26,193] {base_aws.py:190} INFO - Credentials retrieved from login
[2022-03-15 20:36:26,194] {base_aws.py:90} INFO - Retrieving region_name from Connection.extra_config['region_name']
[2022-03-15 20:36:26,911] {base_aws.py:190} INFO - Credentials retrieved from login
[2022-03-15 20:36:26,913] {base_aws.py:90} INFO - Retrieving region_name from Connection.extra_config['region_name']
[2022-03-15 20:36:27,983] {base_aws.py:190} INFO - Credentials retrieved from login
[2022-03-15 20:36:27,984] {base_aws.py:90} INFO - Retrieving region_name from Connection.extra_config['region_name']
[2022-03-15 20:36:30,151] {s3.py:729} INFO - Deleted: ['raw/user-2022-03-15 20:33:30.171277.json', 'raw/user-2022-03-15 20:33:34.364058.json', 'raw/user-2022-03-15 20:33:09.573137.json', 'raw/user-2022-03-15 20:33:19.150847.json', 'raw/user-2022-03-15 20:33:27.785272.json', 'raw/user-2022-03-15 20:33:23.336532.json', 'raw/user-2022-03-15 20:33:32.268411.json', 'raw/user-2022-03-15 20:33:21.242465.json', 'raw/user-2022-03-15 20:33:07.480721.json', 'raw/user-2022-03-15 20:33:03.038176.json', 'raw/user-2022-03-15 20:33:00.946421.json', 'raw/user-2022-03-15 20:32:58.849581.json', 'raw/user-2022-03-15 20:33:13.756072.json', 'raw/user-2022-03-15 20:17:04.956014.json', 'raw/user-2022-03-15 20:33:38.632219.json', 'raw/user-2022-03-15 20:20:47.765668.json', 'raw/user-2022-03-15 20:32:56.755927.json', 'raw/user-2022-03-15 20:33:15.854899.json', 'raw/user-2022-03-15 20:33:11.663727.json', 'raw/user-2022-03-15 20:33:25.677582.json']
[2022-03-15 20:36:30,155] {python.py:175} INFO - Done. Returned value was: None
[2022-03-15 20:36:30,166] {taskinstance.py:1272} INFO - Marking task as SUCCESS. dag_id=simple_dag, task_id=get_recipes, execution_date=20220315T203443, start_date=20220316T013609, end_date=20220316T013630
[2022-03-15 20:36:30,228] {local_task_job.py:154} INFO - Task exited with return code 0
[2022-03-15 20:36:30,259] {local_task_job.py:264} INFO - 1 downstream tasks scheduled from follow-on schedule check
