[2022-03-15 14:28:08,437] {taskinstance.py:1037} INFO - Dependencies all met for <TaskInstance: simple_dag.to_sql scheduled__2022-03-15T14:20:13.542212+00:00 [queued]>
[2022-03-15 14:28:08,446] {taskinstance.py:1037} INFO - Dependencies all met for <TaskInstance: simple_dag.to_sql scheduled__2022-03-15T14:20:13.542212+00:00 [queued]>
[2022-03-15 14:28:08,446] {taskinstance.py:1243} INFO - 
--------------------------------------------------------------------------------
[2022-03-15 14:28:08,447] {taskinstance.py:1244} INFO - Starting attempt 1 of 1
[2022-03-15 14:28:08,447] {taskinstance.py:1245} INFO - 
--------------------------------------------------------------------------------
[2022-03-15 14:28:08,457] {taskinstance.py:1264} INFO - Executing <Task(PythonOperator): to_sql> on 2022-03-15 14:20:13.542212+00:00
[2022-03-15 14:28:08,461] {standard_task_runner.py:52} INFO - Started process 26569 to run task
[2022-03-15 14:28:08,468] {standard_task_runner.py:76} INFO - Running: ['airflow', 'tasks', 'run', 'simple_dag', 'to_sql', 'scheduled__2022-03-15T14:20:13.542212+00:00', '--job-id', '336', '--raw', '--subdir', 'DAGS_FOLDER/simple_dag.py', '--cfg-path', '/var/folders/tl/ljh9dpdd2fnbgmc62qc2b49h0000gn/T/tmpkll_hoyp', '--error-file', '/var/folders/tl/ljh9dpdd2fnbgmc62qc2b49h0000gn/T/tmpxx0xdb_e']
[2022-03-15 14:28:08,472] {standard_task_runner.py:77} INFO - Job 336: Subtask to_sql
[2022-03-15 14:28:08,525] {logging_mixin.py:109} INFO - Running <TaskInstance: simple_dag.to_sql scheduled__2022-03-15T14:20:13.542212+00:00 [running]> on host MacBook-Pro.local
[2022-03-15 14:28:08,575] {taskinstance.py:1429} INFO - Exporting the following env vars:
AIRFLOW_CTX_DAG_OWNER=airflow
AIRFLOW_CTX_DAG_ID=simple_dag
AIRFLOW_CTX_TASK_ID=to_sql
AIRFLOW_CTX_EXECUTION_DATE=2022-03-15T14:20:13.542212+00:00
AIRFLOW_CTX_DAG_RUN_ID=scheduled__2022-03-15T14:20:13.542212+00:00
[2022-03-15 14:28:09,431] {logging_mixin.py:109} INFO - Empty DataFrame
Columns: [id, title, servings, summary, diets, ingredients, equipment]
Index: []
[2022-03-15 14:28:09,444] {base_aws.py:190} INFO - Credentials retrieved from login
[2022-03-15 14:28:09,446] {base_aws.py:90} INFO - Retrieving region_name from Connection.extra_config['region_name']
[2022-03-15 14:28:09,979] {base_aws.py:190} INFO - Credentials retrieved from login
[2022-03-15 14:28:09,980] {base_aws.py:90} INFO - Retrieving region_name from Connection.extra_config['region_name']
[2022-03-15 14:28:10,545] {base_aws.py:190} INFO - Credentials retrieved from login
[2022-03-15 14:28:10,546] {base_aws.py:90} INFO - Retrieving region_name from Connection.extra_config['region_name']
[2022-03-15 14:28:10,989] {base_aws.py:190} INFO - Credentials retrieved from login
[2022-03-15 14:28:10,991] {base_aws.py:90} INFO - Retrieving region_name from Connection.extra_config['region_name']
[2022-03-15 14:28:11,386] {base_aws.py:190} INFO - Credentials retrieved from login
[2022-03-15 14:28:11,388] {base_aws.py:90} INFO - Retrieving region_name from Connection.extra_config['region_name']
[2022-03-15 14:28:11,757] {base_aws.py:190} INFO - Credentials retrieved from login
[2022-03-15 14:28:11,758] {base_aws.py:90} INFO - Retrieving region_name from Connection.extra_config['region_name']
[2022-03-15 14:28:12,140] {base_aws.py:190} INFO - Credentials retrieved from login
[2022-03-15 14:28:12,141] {base_aws.py:90} INFO - Retrieving region_name from Connection.extra_config['region_name']
[2022-03-15 14:28:12,514] {base_aws.py:190} INFO - Credentials retrieved from login
[2022-03-15 14:28:12,515] {base_aws.py:90} INFO - Retrieving region_name from Connection.extra_config['region_name']
[2022-03-15 14:28:13,028] {base_aws.py:190} INFO - Credentials retrieved from login
[2022-03-15 14:28:13,029] {base_aws.py:90} INFO - Retrieving region_name from Connection.extra_config['region_name']
[2022-03-15 14:28:13,406] {base_aws.py:190} INFO - Credentials retrieved from login
[2022-03-15 14:28:13,408] {base_aws.py:90} INFO - Retrieving region_name from Connection.extra_config['region_name']
[2022-03-15 14:28:13,800] {base_aws.py:190} INFO - Credentials retrieved from login
[2022-03-15 14:28:13,801] {base_aws.py:90} INFO - Retrieving region_name from Connection.extra_config['region_name']
[2022-03-15 14:28:14,177] {base_aws.py:190} INFO - Credentials retrieved from login
[2022-03-15 14:28:14,178] {base_aws.py:90} INFO - Retrieving region_name from Connection.extra_config['region_name']
[2022-03-15 14:28:14,591] {base_aws.py:190} INFO - Credentials retrieved from login
[2022-03-15 14:28:14,592] {base_aws.py:90} INFO - Retrieving region_name from Connection.extra_config['region_name']
[2022-03-15 14:28:15,114] {base_aws.py:190} INFO - Credentials retrieved from login
[2022-03-15 14:28:15,115] {base_aws.py:90} INFO - Retrieving region_name from Connection.extra_config['region_name']
[2022-03-15 14:28:15,472] {base_aws.py:190} INFO - Credentials retrieved from login
[2022-03-15 14:28:15,473] {base_aws.py:90} INFO - Retrieving region_name from Connection.extra_config['region_name']
[2022-03-15 14:28:15,833] {base_aws.py:190} INFO - Credentials retrieved from login
[2022-03-15 14:28:15,835] {base_aws.py:90} INFO - Retrieving region_name from Connection.extra_config['region_name']
[2022-03-15 14:28:16,199] {base_aws.py:190} INFO - Credentials retrieved from login
[2022-03-15 14:28:16,200] {base_aws.py:90} INFO - Retrieving region_name from Connection.extra_config['region_name']
[2022-03-15 14:28:16,595] {base_aws.py:190} INFO - Credentials retrieved from login
[2022-03-15 14:28:16,597] {base_aws.py:90} INFO - Retrieving region_name from Connection.extra_config['region_name']
[2022-03-15 14:28:17,122] {base_aws.py:190} INFO - Credentials retrieved from login
[2022-03-15 14:28:17,123] {base_aws.py:90} INFO - Retrieving region_name from Connection.extra_config['region_name']
[2022-03-15 14:28:17,533] {base_aws.py:190} INFO - Credentials retrieved from login
[2022-03-15 14:28:17,534] {base_aws.py:90} INFO - Retrieving region_name from Connection.extra_config['region_name']
[2022-03-15 14:28:17,915] {base_aws.py:190} INFO - Credentials retrieved from login
[2022-03-15 14:28:17,916] {base_aws.py:90} INFO - Retrieving region_name from Connection.extra_config['region_name']
[2022-03-15 14:28:18,294] {base_aws.py:190} INFO - Credentials retrieved from login
[2022-03-15 14:28:18,295] {base_aws.py:90} INFO - Retrieving region_name from Connection.extra_config['region_name']
[2022-03-15 14:28:18,758] {base_aws.py:190} INFO - Credentials retrieved from login
[2022-03-15 14:28:18,759] {base_aws.py:90} INFO - Retrieving region_name from Connection.extra_config['region_name']
[2022-03-15 14:28:19,150] {base_aws.py:190} INFO - Credentials retrieved from login
[2022-03-15 14:28:19,151] {base_aws.py:90} INFO - Retrieving region_name from Connection.extra_config['region_name']
[2022-03-15 14:28:19,699] {base_aws.py:190} INFO - Credentials retrieved from login
[2022-03-15 14:28:19,700] {base_aws.py:90} INFO - Retrieving region_name from Connection.extra_config['region_name']
[2022-03-15 14:28:20,309] {base_aws.py:190} INFO - Credentials retrieved from login
[2022-03-15 14:28:20,310] {base_aws.py:90} INFO - Retrieving region_name from Connection.extra_config['region_name']
[2022-03-15 14:28:20,819] {base_aws.py:190} INFO - Credentials retrieved from login
[2022-03-15 14:28:20,820] {base_aws.py:90} INFO - Retrieving region_name from Connection.extra_config['region_name']
[2022-03-15 14:28:21,245] {base_aws.py:190} INFO - Credentials retrieved from login
[2022-03-15 14:28:21,247] {base_aws.py:90} INFO - Retrieving region_name from Connection.extra_config['region_name']
[2022-03-15 14:28:21,615] {base_aws.py:190} INFO - Credentials retrieved from login
[2022-03-15 14:28:21,615] {base_aws.py:90} INFO - Retrieving region_name from Connection.extra_config['region_name']
[2022-03-15 14:28:22,129] {base_aws.py:190} INFO - Credentials retrieved from login
[2022-03-15 14:28:22,131] {base_aws.py:90} INFO - Retrieving region_name from Connection.extra_config['region_name']
[2022-03-15 14:28:22,575] {base_aws.py:190} INFO - Credentials retrieved from login
[2022-03-15 14:28:22,576] {base_aws.py:90} INFO - Retrieving region_name from Connection.extra_config['region_name']
[2022-03-15 14:28:22,981] {base_aws.py:190} INFO - Credentials retrieved from login
[2022-03-15 14:28:22,982] {base_aws.py:90} INFO - Retrieving region_name from Connection.extra_config['region_name']
[2022-03-15 14:28:23,340] {base_aws.py:190} INFO - Credentials retrieved from login
[2022-03-15 14:28:23,341] {base_aws.py:90} INFO - Retrieving region_name from Connection.extra_config['region_name']
[2022-03-15 14:28:23,730] {base_aws.py:190} INFO - Credentials retrieved from login
[2022-03-15 14:28:23,731] {base_aws.py:90} INFO - Retrieving region_name from Connection.extra_config['region_name']
[2022-03-15 14:28:24,277] {base_aws.py:190} INFO - Credentials retrieved from login
[2022-03-15 14:28:24,278] {base_aws.py:90} INFO - Retrieving region_name from Connection.extra_config['region_name']
[2022-03-15 14:28:24,662] {base_aws.py:190} INFO - Credentials retrieved from login
[2022-03-15 14:28:24,663] {base_aws.py:90} INFO - Retrieving region_name from Connection.extra_config['region_name']
[2022-03-15 14:28:25,050] {base_aws.py:190} INFO - Credentials retrieved from login
[2022-03-15 14:28:25,051] {base_aws.py:90} INFO - Retrieving region_name from Connection.extra_config['region_name']
[2022-03-15 14:28:25,441] {base_aws.py:190} INFO - Credentials retrieved from login
[2022-03-15 14:28:25,442] {base_aws.py:90} INFO - Retrieving region_name from Connection.extra_config['region_name']
[2022-03-15 14:28:25,805] {base_aws.py:190} INFO - Credentials retrieved from login
[2022-03-15 14:28:25,806] {base_aws.py:90} INFO - Retrieving region_name from Connection.extra_config['region_name']
[2022-03-15 14:28:26,343] {base_aws.py:190} INFO - Credentials retrieved from login
[2022-03-15 14:28:26,344] {base_aws.py:90} INFO - Retrieving region_name from Connection.extra_config['region_name']
[2022-03-15 14:28:26,742] {base_aws.py:190} INFO - Credentials retrieved from login
[2022-03-15 14:28:26,743] {base_aws.py:90} INFO - Retrieving region_name from Connection.extra_config['region_name']
[2022-03-15 14:28:27,418] {base_aws.py:190} INFO - Credentials retrieved from login
[2022-03-15 14:28:27,418] {base_aws.py:90} INFO - Retrieving region_name from Connection.extra_config['region_name']
[2022-03-15 14:28:27,817] {base_aws.py:190} INFO - Credentials retrieved from login
[2022-03-15 14:28:27,818] {base_aws.py:90} INFO - Retrieving region_name from Connection.extra_config['region_name']
[2022-03-15 14:28:28,426] {base_aws.py:190} INFO - Credentials retrieved from login
[2022-03-15 14:28:28,427] {base_aws.py:90} INFO - Retrieving region_name from Connection.extra_config['region_name']
[2022-03-15 14:28:28,796] {base_aws.py:190} INFO - Credentials retrieved from login
[2022-03-15 14:28:28,797] {base_aws.py:90} INFO - Retrieving region_name from Connection.extra_config['region_name']
[2022-03-15 14:28:29,289] {base_aws.py:190} INFO - Credentials retrieved from login
[2022-03-15 14:28:29,291] {base_aws.py:90} INFO - Retrieving region_name from Connection.extra_config['region_name']
[2022-03-15 14:28:29,880] {base_aws.py:190} INFO - Credentials retrieved from login
[2022-03-15 14:28:29,882] {base_aws.py:90} INFO - Retrieving region_name from Connection.extra_config['region_name']
[2022-03-15 14:28:30,266] {base_aws.py:190} INFO - Credentials retrieved from login
[2022-03-15 14:28:30,267] {base_aws.py:90} INFO - Retrieving region_name from Connection.extra_config['region_name']
[2022-03-15 14:28:30,718] {base_aws.py:190} INFO - Credentials retrieved from login
[2022-03-15 14:28:30,719] {base_aws.py:90} INFO - Retrieving region_name from Connection.extra_config['region_name']
[2022-03-15 14:28:31,244] {base_aws.py:190} INFO - Credentials retrieved from login
[2022-03-15 14:28:31,245] {base_aws.py:90} INFO - Retrieving region_name from Connection.extra_config['region_name']
[2022-03-15 14:28:31,741] {base_aws.py:190} INFO - Credentials retrieved from login
[2022-03-15 14:28:31,742] {base_aws.py:90} INFO - Retrieving region_name from Connection.extra_config['region_name']
[2022-03-15 14:28:32,121] {base_aws.py:190} INFO - Credentials retrieved from login
[2022-03-15 14:28:32,123] {base_aws.py:90} INFO - Retrieving region_name from Connection.extra_config['region_name']
[2022-03-15 14:28:32,500] {base_aws.py:190} INFO - Credentials retrieved from login
[2022-03-15 14:28:32,501] {base_aws.py:90} INFO - Retrieving region_name from Connection.extra_config['region_name']
[2022-03-15 14:28:32,889] {base_aws.py:190} INFO - Credentials retrieved from login
[2022-03-15 14:28:32,890] {base_aws.py:90} INFO - Retrieving region_name from Connection.extra_config['region_name']
[2022-03-15 14:28:33,294] {base_aws.py:190} INFO - Credentials retrieved from login
[2022-03-15 14:28:33,296] {base_aws.py:90} INFO - Retrieving region_name from Connection.extra_config['region_name']
[2022-03-15 14:28:33,808] {base_aws.py:190} INFO - Credentials retrieved from login
[2022-03-15 14:28:33,809] {base_aws.py:90} INFO - Retrieving region_name from Connection.extra_config['region_name']
[2022-03-15 14:28:34,185] {base_aws.py:190} INFO - Credentials retrieved from login
[2022-03-15 14:28:34,186] {base_aws.py:90} INFO - Retrieving region_name from Connection.extra_config['region_name']
[2022-03-15 14:28:34,555] {base_aws.py:190} INFO - Credentials retrieved from login
[2022-03-15 14:28:34,556] {base_aws.py:90} INFO - Retrieving region_name from Connection.extra_config['region_name']
[2022-03-15 14:28:34,983] {base_aws.py:190} INFO - Credentials retrieved from login
[2022-03-15 14:28:34,985] {base_aws.py:90} INFO - Retrieving region_name from Connection.extra_config['region_name']
[2022-03-15 14:28:35,393] {base_aws.py:190} INFO - Credentials retrieved from login
[2022-03-15 14:28:35,394] {base_aws.py:90} INFO - Retrieving region_name from Connection.extra_config['region_name']
[2022-03-15 14:28:35,797] {base_aws.py:190} INFO - Credentials retrieved from login
[2022-03-15 14:28:35,798] {base_aws.py:90} INFO - Retrieving region_name from Connection.extra_config['region_name']
[2022-03-15 14:28:36,331] {base_aws.py:190} INFO - Credentials retrieved from login
[2022-03-15 14:28:36,332] {base_aws.py:90} INFO - Retrieving region_name from Connection.extra_config['region_name']
[2022-03-15 14:28:36,750] {base_aws.py:190} INFO - Credentials retrieved from login
[2022-03-15 14:28:36,751] {base_aws.py:90} INFO - Retrieving region_name from Connection.extra_config['region_name']
[2022-03-15 14:28:37,165] {base_aws.py:190} INFO - Credentials retrieved from login
[2022-03-15 14:28:37,166] {base_aws.py:90} INFO - Retrieving region_name from Connection.extra_config['region_name']
[2022-03-15 14:28:37,602] {base_aws.py:190} INFO - Credentials retrieved from login
[2022-03-15 14:28:37,603] {base_aws.py:90} INFO - Retrieving region_name from Connection.extra_config['region_name']
[2022-03-15 14:28:38,010] {base_aws.py:190} INFO - Credentials retrieved from login
[2022-03-15 14:28:38,012] {base_aws.py:90} INFO - Retrieving region_name from Connection.extra_config['region_name']
[2022-03-15 14:28:38,529] {base_aws.py:190} INFO - Credentials retrieved from login
[2022-03-15 14:28:38,530] {base_aws.py:90} INFO - Retrieving region_name from Connection.extra_config['region_name']
[2022-03-15 14:28:38,923] {base_aws.py:190} INFO - Credentials retrieved from login
[2022-03-15 14:28:38,924] {base_aws.py:90} INFO - Retrieving region_name from Connection.extra_config['region_name']
[2022-03-15 14:28:39,368] {base_aws.py:190} INFO - Credentials retrieved from login
[2022-03-15 14:28:39,369] {base_aws.py:90} INFO - Retrieving region_name from Connection.extra_config['region_name']
[2022-03-15 14:28:39,746] {base_aws.py:190} INFO - Credentials retrieved from login
[2022-03-15 14:28:39,747] {base_aws.py:90} INFO - Retrieving region_name from Connection.extra_config['region_name']
[2022-03-15 14:28:40,468] {base_aws.py:190} INFO - Credentials retrieved from login
[2022-03-15 14:28:40,469] {base_aws.py:90} INFO - Retrieving region_name from Connection.extra_config['region_name']
[2022-03-15 14:28:40,983] {base_aws.py:190} INFO - Credentials retrieved from login
[2022-03-15 14:28:40,984] {base_aws.py:90} INFO - Retrieving region_name from Connection.extra_config['region_name']
[2022-03-15 14:28:41,358] {base_aws.py:190} INFO - Credentials retrieved from login
[2022-03-15 14:28:41,359] {base_aws.py:90} INFO - Retrieving region_name from Connection.extra_config['region_name']
[2022-03-15 14:28:41,720] {base_aws.py:190} INFO - Credentials retrieved from login
[2022-03-15 14:28:41,721] {base_aws.py:90} INFO - Retrieving region_name from Connection.extra_config['region_name']
[2022-03-15 14:28:42,090] {base_aws.py:190} INFO - Credentials retrieved from login
[2022-03-15 14:28:42,091] {base_aws.py:90} INFO - Retrieving region_name from Connection.extra_config['region_name']
[2022-03-15 14:28:42,460] {base_aws.py:190} INFO - Credentials retrieved from login
[2022-03-15 14:28:42,461] {base_aws.py:90} INFO - Retrieving region_name from Connection.extra_config['region_name']
[2022-03-15 14:28:42,985] {base_aws.py:190} INFO - Credentials retrieved from login
[2022-03-15 14:28:42,987] {base_aws.py:90} INFO - Retrieving region_name from Connection.extra_config['region_name']
[2022-03-15 14:28:43,357] {base_aws.py:190} INFO - Credentials retrieved from login
[2022-03-15 14:28:43,358] {base_aws.py:90} INFO - Retrieving region_name from Connection.extra_config['region_name']
[2022-03-15 14:28:43,741] {base_aws.py:190} INFO - Credentials retrieved from login
[2022-03-15 14:28:43,742] {base_aws.py:90} INFO - Retrieving region_name from Connection.extra_config['region_name']
[2022-03-15 14:28:44,115] {base_aws.py:190} INFO - Credentials retrieved from login
[2022-03-15 14:28:44,117] {base_aws.py:90} INFO - Retrieving region_name from Connection.extra_config['region_name']
[2022-03-15 14:28:44,650] {base_aws.py:190} INFO - Credentials retrieved from login
[2022-03-15 14:28:44,651] {base_aws.py:90} INFO - Retrieving region_name from Connection.extra_config['region_name']
[2022-03-15 14:28:45,047] {base_aws.py:190} INFO - Credentials retrieved from login
[2022-03-15 14:28:45,048] {base_aws.py:90} INFO - Retrieving region_name from Connection.extra_config['region_name']
[2022-03-15 14:28:45,556] {base_aws.py:190} INFO - Credentials retrieved from login
[2022-03-15 14:28:45,557] {base_aws.py:90} INFO - Retrieving region_name from Connection.extra_config['region_name']
[2022-03-15 14:28:45,939] {base_aws.py:190} INFO - Credentials retrieved from login
[2022-03-15 14:28:45,940] {base_aws.py:90} INFO - Retrieving region_name from Connection.extra_config['region_name']
[2022-03-15 14:28:46,318] {base_aws.py:190} INFO - Credentials retrieved from login
[2022-03-15 14:28:46,319] {base_aws.py:90} INFO - Retrieving region_name from Connection.extra_config['region_name']
[2022-03-15 14:28:46,726] {base_aws.py:190} INFO - Credentials retrieved from login
[2022-03-15 14:28:46,727] {base_aws.py:90} INFO - Retrieving region_name from Connection.extra_config['region_name']
[2022-03-15 14:28:47,117] {base_aws.py:190} INFO - Credentials retrieved from login
[2022-03-15 14:28:47,118] {base_aws.py:90} INFO - Retrieving region_name from Connection.extra_config['region_name']
[2022-03-15 14:28:47,609] {base_aws.py:190} INFO - Credentials retrieved from login
[2022-03-15 14:28:47,610] {base_aws.py:90} INFO - Retrieving region_name from Connection.extra_config['region_name']
[2022-03-15 14:28:47,992] {base_aws.py:190} INFO - Credentials retrieved from login
[2022-03-15 14:28:47,993] {base_aws.py:90} INFO - Retrieving region_name from Connection.extra_config['region_name']
[2022-03-15 14:28:48,380] {base_aws.py:190} INFO - Credentials retrieved from login
[2022-03-15 14:28:48,381] {base_aws.py:90} INFO - Retrieving region_name from Connection.extra_config['region_name']
[2022-03-15 14:28:48,748] {base_aws.py:190} INFO - Credentials retrieved from login
[2022-03-15 14:28:48,749] {base_aws.py:90} INFO - Retrieving region_name from Connection.extra_config['region_name']
[2022-03-15 14:28:49,156] {base_aws.py:190} INFO - Credentials retrieved from login
[2022-03-15 14:28:49,158] {base_aws.py:90} INFO - Retrieving region_name from Connection.extra_config['region_name']
[2022-03-15 14:28:49,742] {base_aws.py:190} INFO - Credentials retrieved from login
[2022-03-15 14:28:49,743] {base_aws.py:90} INFO - Retrieving region_name from Connection.extra_config['region_name']
[2022-03-15 14:28:50,213] {base_aws.py:190} INFO - Credentials retrieved from login
[2022-03-15 14:28:50,214] {base_aws.py:90} INFO - Retrieving region_name from Connection.extra_config['region_name']
[2022-03-15 14:28:50,777] {base_aws.py:190} INFO - Credentials retrieved from login
[2022-03-15 14:28:50,779] {base_aws.py:90} INFO - Retrieving region_name from Connection.extra_config['region_name']
[2022-03-15 14:28:51,271] {base_aws.py:190} INFO - Credentials retrieved from login
[2022-03-15 14:28:51,272] {base_aws.py:90} INFO - Retrieving region_name from Connection.extra_config['region_name']
[2022-03-15 14:28:51,693] {base_aws.py:190} INFO - Credentials retrieved from login
[2022-03-15 14:28:51,694] {base_aws.py:90} INFO - Retrieving region_name from Connection.extra_config['region_name']
[2022-03-15 14:28:52,104] {base_aws.py:190} INFO - Credentials retrieved from login
[2022-03-15 14:28:52,105] {base_aws.py:90} INFO - Retrieving region_name from Connection.extra_config['region_name']
[2022-03-15 14:28:52,642] {base_aws.py:190} INFO - Credentials retrieved from login
[2022-03-15 14:28:52,643] {base_aws.py:90} INFO - Retrieving region_name from Connection.extra_config['region_name']
[2022-03-15 14:28:53,093] {base_aws.py:190} INFO - Credentials retrieved from login
[2022-03-15 14:28:53,097] {base_aws.py:90} INFO - Retrieving region_name from Connection.extra_config['region_name']
[2022-03-15 14:28:53,495] {base_aws.py:190} INFO - Credentials retrieved from login
[2022-03-15 14:28:53,497] {base_aws.py:90} INFO - Retrieving region_name from Connection.extra_config['region_name']
[2022-03-15 14:28:53,880] {base_aws.py:190} INFO - Credentials retrieved from login
[2022-03-15 14:28:53,881] {base_aws.py:90} INFO - Retrieving region_name from Connection.extra_config['region_name']
[2022-03-15 14:28:54,291] {base_aws.py:190} INFO - Credentials retrieved from login
[2022-03-15 14:28:54,292] {base_aws.py:90} INFO - Retrieving region_name from Connection.extra_config['region_name']
[2022-03-15 14:28:54,797] {base_aws.py:190} INFO - Credentials retrieved from login
[2022-03-15 14:28:54,798] {base_aws.py:90} INFO - Retrieving region_name from Connection.extra_config['region_name']
[2022-03-15 14:28:55,218] {base_aws.py:190} INFO - Credentials retrieved from login
[2022-03-15 14:28:55,219] {base_aws.py:90} INFO - Retrieving region_name from Connection.extra_config['region_name']
[2022-03-15 14:28:55,605] {base_aws.py:190} INFO - Credentials retrieved from login
[2022-03-15 14:28:55,606] {base_aws.py:90} INFO - Retrieving region_name from Connection.extra_config['region_name']
[2022-03-15 14:28:56,096] {base_aws.py:190} INFO - Credentials retrieved from login
[2022-03-15 14:28:56,097] {base_aws.py:90} INFO - Retrieving region_name from Connection.extra_config['region_name']
[2022-03-15 14:28:56,521] {logging_mixin.py:109} INFO - recipe      id,title  servings                                            summary  ...                                        ingredients       id                                              title
0         NaN         4  How to Make the Perfect Sweet Potato Sloppy Jo...  ...  [dry seasoning rub, olive oil, water, garlic, ...  1046982   How to Make the Perfect Sweet Potato Sloppy Joes
1         NaN         8  Need a <b>gluten free and dairy free main cour...  ...  [stew, meat, seasoning, vegetable, salt, beer,...  1052360  The Secret to the Best Ever Instant Pot Lamb Stew
2         NaN         4  North by Northwest Couscous Salad might be jus...  ...  [lemon juice, olive oil, toast, salt, sugar, c...  1096185                  North by Northwest Couscous Salad
3         NaN         1  Couscous with fried vegetables might be just t...  ...  [olive oil, water, chili pepper, vegetable, sa...   157018                     Couscous with fried vegetables
4         NaN         5  Spicy Roasted Chickpeas might be just the hor ...  ...            [cookies, chickpeas, spices, olive oil]   157993                            Spicy Roasted Chickpeas
..        ...       ...                                                ...  ...                                                ...      ...                                                ...
101       NaN         6  Need a <b>gluten free and vegan main course</b...  ...                 [broccoli, cooking oil, seasoning]   794349                   Broccoli and Chickpea Rice Salad
102       NaN         3  Chicken Fajita Stuffed Bell Pepper might be ju...  ...  [avocado, seeds, cheese, cilantro, whole chick...   795751                 Chicken Fajita Stuffed Bell Pepper
103       NaN         6  The recipe Spicy Black-Eyed Pea Curry with Swi...  ...  [peas, shallot, swiss chard, lemon juice, toma...   798400  Spicy Black-Eyed Pea Curry with Swiss Chard an...
104       NaN         4  If you have about <b>13 minutes</b> to spend i...  ...  [fruit, seasoning, cooked quinoa, vegetable, s...   982371                      Instant Pot Quinoa Grain Bowl
105       NaN         4  The recipe Instant Pot Pressure Cooker Pot Roa...  ...  [olive oil, carrot, beef broth, onion, seasoni...   982375              Instant Pot Pressure Cooker Pot Roast

[106 rows x 8 columns]
[2022-03-15 14:28:56,561] {python.py:175} INFO - Done. Returned value was: None
[2022-03-15 14:28:56,572] {taskinstance.py:1272} INFO - Marking task as SUCCESS. dag_id=simple_dag, task_id=to_sql, execution_date=20220315T142013, start_date=20220315T192808, end_date=20220315T192856
[2022-03-15 14:28:56,647] {local_task_job.py:154} INFO - Task exited with return code 0
[2022-03-15 14:28:56,670] {local_task_job.py:264} INFO - 0 downstream tasks scheduled from follow-on schedule check
