[2022-03-15 16:01:32,489] {taskinstance.py:1037} INFO - Dependencies all met for <TaskInstance: simple_dag.to_sql scheduled__2022-03-15T16:00:18.338022+00:00 [queued]>
[2022-03-15 16:01:32,498] {taskinstance.py:1037} INFO - Dependencies all met for <TaskInstance: simple_dag.to_sql scheduled__2022-03-15T16:00:18.338022+00:00 [queued]>
[2022-03-15 16:01:32,499] {taskinstance.py:1243} INFO - 
--------------------------------------------------------------------------------
[2022-03-15 16:01:32,499] {taskinstance.py:1244} INFO - Starting attempt 1 of 1
[2022-03-15 16:01:32,499] {taskinstance.py:1245} INFO - 
--------------------------------------------------------------------------------
[2022-03-15 16:01:32,508] {taskinstance.py:1264} INFO - Executing <Task(PythonOperator): to_sql> on 2022-03-15 16:00:18.338022+00:00
[2022-03-15 16:01:32,513] {standard_task_runner.py:52} INFO - Started process 29486 to run task
[2022-03-15 16:01:32,519] {standard_task_runner.py:76} INFO - Running: ['airflow', 'tasks', 'run', 'simple_dag', 'to_sql', 'scheduled__2022-03-15T16:00:18.338022+00:00', '--job-id', '357', '--raw', '--subdir', 'DAGS_FOLDER/simple_dag.py', '--cfg-path', '/var/folders/tl/ljh9dpdd2fnbgmc62qc2b49h0000gn/T/tmpndnuyarf', '--error-file', '/var/folders/tl/ljh9dpdd2fnbgmc62qc2b49h0000gn/T/tmpbimeq1zx']
[2022-03-15 16:01:32,522] {standard_task_runner.py:77} INFO - Job 357: Subtask to_sql
[2022-03-15 16:01:32,581] {logging_mixin.py:109} INFO - Running <TaskInstance: simple_dag.to_sql scheduled__2022-03-15T16:00:18.338022+00:00 [running]> on host MacBook-Pro.local
[2022-03-15 16:01:32,626] {taskinstance.py:1429} INFO - Exporting the following env vars:
AIRFLOW_CTX_DAG_OWNER=airflow
AIRFLOW_CTX_DAG_ID=simple_dag
AIRFLOW_CTX_TASK_ID=to_sql
AIRFLOW_CTX_EXECUTION_DATE=2022-03-15T16:00:18.338022+00:00
AIRFLOW_CTX_DAG_RUN_ID=scheduled__2022-03-15T16:00:18.338022+00:00
[2022-03-15 16:01:33,880] {logging_mixin.py:109} INFO - Empty DataFrame
Columns: [id, title, servings, summary, diets, equipment, ingredients]
Index: []
[2022-03-15 16:01:33,890] {base_aws.py:190} INFO - Credentials retrieved from login
[2022-03-15 16:01:33,891] {base_aws.py:90} INFO - Retrieving region_name from Connection.extra_config['region_name']
[2022-03-15 16:01:34,339] {base_aws.py:190} INFO - Credentials retrieved from login
[2022-03-15 16:01:34,340] {base_aws.py:90} INFO - Retrieving region_name from Connection.extra_config['region_name']
[2022-03-15 16:01:34,983] {base_aws.py:190} INFO - Credentials retrieved from login
[2022-03-15 16:01:34,984] {base_aws.py:90} INFO - Retrieving region_name from Connection.extra_config['region_name']
[2022-03-15 16:01:35,401] {base_aws.py:190} INFO - Credentials retrieved from login
[2022-03-15 16:01:35,402] {base_aws.py:90} INFO - Retrieving region_name from Connection.extra_config['region_name']
[2022-03-15 16:01:35,818] {base_aws.py:190} INFO - Credentials retrieved from login
[2022-03-15 16:01:35,820] {base_aws.py:90} INFO - Retrieving region_name from Connection.extra_config['region_name']
[2022-03-15 16:01:36,252] {base_aws.py:190} INFO - Credentials retrieved from login
[2022-03-15 16:01:36,253] {base_aws.py:90} INFO - Retrieving region_name from Connection.extra_config['region_name']
[2022-03-15 16:01:36,628] {base_aws.py:190} INFO - Credentials retrieved from login
[2022-03-15 16:01:36,629] {base_aws.py:90} INFO - Retrieving region_name from Connection.extra_config['region_name']
[2022-03-15 16:01:37,190] {base_aws.py:190} INFO - Credentials retrieved from login
[2022-03-15 16:01:37,191] {base_aws.py:90} INFO - Retrieving region_name from Connection.extra_config['region_name']
[2022-03-15 16:01:37,740] {base_aws.py:190} INFO - Credentials retrieved from login
[2022-03-15 16:01:37,741] {base_aws.py:90} INFO - Retrieving region_name from Connection.extra_config['region_name']
[2022-03-15 16:01:38,116] {base_aws.py:190} INFO - Credentials retrieved from login
[2022-03-15 16:01:38,117] {base_aws.py:90} INFO - Retrieving region_name from Connection.extra_config['region_name']
[2022-03-15 16:01:38,536] {base_aws.py:190} INFO - Credentials retrieved from login
[2022-03-15 16:01:38,537] {base_aws.py:90} INFO - Retrieving region_name from Connection.extra_config['region_name']
[2022-03-15 16:01:38,969] {base_aws.py:190} INFO - Credentials retrieved from login
[2022-03-15 16:01:38,971] {base_aws.py:90} INFO - Retrieving region_name from Connection.extra_config['region_name']
[2022-03-15 16:01:39,368] {base_aws.py:190} INFO - Credentials retrieved from login
[2022-03-15 16:01:39,369] {base_aws.py:90} INFO - Retrieving region_name from Connection.extra_config['region_name']
[2022-03-15 16:01:39,971] {base_aws.py:190} INFO - Credentials retrieved from login
[2022-03-15 16:01:39,972] {base_aws.py:90} INFO - Retrieving region_name from Connection.extra_config['region_name']
[2022-03-15 16:01:40,346] {base_aws.py:190} INFO - Credentials retrieved from login
[2022-03-15 16:01:40,347] {base_aws.py:90} INFO - Retrieving region_name from Connection.extra_config['region_name']
[2022-03-15 16:01:40,720] {base_aws.py:190} INFO - Credentials retrieved from login
[2022-03-15 16:01:40,722] {base_aws.py:90} INFO - Retrieving region_name from Connection.extra_config['region_name']
[2022-03-15 16:01:41,116] {base_aws.py:190} INFO - Credentials retrieved from login
[2022-03-15 16:01:41,117] {base_aws.py:90} INFO - Retrieving region_name from Connection.extra_config['region_name']
[2022-03-15 16:01:41,530] {base_aws.py:190} INFO - Credentials retrieved from login
[2022-03-15 16:01:41,531] {base_aws.py:90} INFO - Retrieving region_name from Connection.extra_config['region_name']
[2022-03-15 16:01:42,082] {base_aws.py:190} INFO - Credentials retrieved from login
[2022-03-15 16:01:42,083] {base_aws.py:90} INFO - Retrieving region_name from Connection.extra_config['region_name']
[2022-03-15 16:01:42,519] {base_aws.py:190} INFO - Credentials retrieved from login
[2022-03-15 16:01:42,520] {base_aws.py:90} INFO - Retrieving region_name from Connection.extra_config['region_name']
[2022-03-15 16:01:42,924] {logging_mixin.py:109} INFO -         id                                              title  ...                                          equipment                                        ingredients
0   635675                                  Boozy Bbq Chicken  ...  [frying pan, paper towels, skewers, bowl, sauc...  [drink, salt and pepper, whole chicken, pepper...
1   637162  Carrot and Cabbage Salad With Coriander+cumin ...  ...                                                NaN  [cabbage, lime juice, spices, fresh cilantro, ...
2   641975                          Easy Ginger Beef Broccoli  ...                            [wok, frying pan, bowl]  [broth, soy sauce, ginger, broccoli, beef, sug...
3   644387                                      Garlicky Kale  ...                                              [pot]                 [vinegar, olive oil, kale, garlic]
4   648320                         Jade Buddha Salmon Tartare  ...                                                NaN                              [vinegar, lime juice]
5   659143  Salmon, Watercress, Fennel and Baby Beetroot S...  ...           [whisk, slotted spoon, frying pan, bowl]  [beet, black pepper, fennel, wine, water, wate...
6   660405     Smoky Black Bean Soup With Sweet Potato & Kale  ...                       [pot, baking sheet, blender]  [broth, onion, salt and pepper, spread, pepper...
7   663985               Turkey and Rice Stuffed Acorn Squash  ...                                 [oven, frying pan]  [vegeta, red pepper, spinach, salt and pepper,...
8   715446                              Slow Cooker Beef Stew  ...                                      [slow cooker]  [cream of mushroom soup, salt and pepper, onio...
9   715543                                 Homemade Guacamole  ...                                                NaN                                                NaN
10  715594             Homemade Garlic and Basil French Fries  ...                                                NaN                                                NaN
11  716268                        African Chicken Peanut Stew  ...                                        [pot, bowl]  [salt and pepper, ginger, sweet potato, potato...
12  716408  Greek-Style Baked Fish: Fresh, Simple, and Del...  ...                                 [oven, baking pan]  [oregano, fresh basil, tomato, salt and pepper...
13  716426  Cauliflower, Brown Rice, and Vegetable Fried Rice  ...                       [frying pan, food processor]  [cauliflower rice, cauliflower florets, butter...
14  729366                                     Plantain Salad  ...                                 [bowl, frying pan]  [plantain, shrimp, vegetable, vegetable oil, p...
15  766453                                 Hummus and Za'atar  ...      [bowl, frying pan, sauce pan, food processor]  [toast, zaatar, vegetable, paprika, salt, seas...
16  769774  Shredded Roast Beef Stuffed Sweet Potatoes (Wh...  ...                                                NaN                                                NaN
17  794349                   Broccoli and Chickpea Rice Salad  ...                          [whisk, frying pan, bowl]                 [broccoli, seasoning, cooking oil]
18  798400  Spicy Black-Eyed Pea Curry with Swiss Chard an...  ...  [frying pan, oven, sauce pan, roasting pan, si...  [chili pepper, lemon juice, shallot, spices, p...

[19 rows x 7 columns]
[2022-03-15 16:05:39,762] {local_task_job.py:191} WARNING - The recorded hostname MacBook-Pro.local does not match this instance's hostname 1.0.0.0.0.0.0.0.0.0.0.0.0.0.0.0.0.0.0.0.0.0.0.0.0.0.0.0.0.0.0.0.ip6.arpa
[2022-03-15 16:05:39,779] {process_utils.py:120} INFO - Sending Signals.SIGTERM to group 29486. PIDs of all processes in the group: [29486]
[2022-03-15 16:05:39,779] {process_utils.py:75} INFO - Sending the signal Signals.SIGTERM to group 29486
[2022-03-15 16:06:39,794] {process_utils.py:138} WARNING - process psutil.Process(pid=29486, name='python3.9', status='running', started='16:01:32') did not respond to SIGTERM. Trying SIGKILL
[2022-03-15 16:06:39,795] {process_utils.py:75} INFO - Sending the signal Signals.SIGKILL to group 29486
[2022-03-15 16:06:39,825] {process_utils.py:70} INFO - Process psutil.Process(pid=29486, name='python3.9', status='terminated', exitcode=<Negsignal.SIGKILL: -9>, started='16:01:32') (29486) terminated with exit code Negsignal.SIGKILL
[2022-03-15 16:06:39,825] {standard_task_runner.py:133} ERROR - Job 357 was killed before it finished (likely due to running out of memory)
