[2022-03-15 16:06:50,019] {taskinstance.py:1037} INFO - Dependencies all met for <TaskInstance: simple_dag.to_sql scheduled__2022-03-15T16:00:18.338022+00:00 [queued]>
[2022-03-15 16:06:50,027] {taskinstance.py:1037} INFO - Dependencies all met for <TaskInstance: simple_dag.to_sql scheduled__2022-03-15T16:00:18.338022+00:00 [queued]>
[2022-03-15 16:06:50,027] {taskinstance.py:1243} INFO - 
--------------------------------------------------------------------------------
[2022-03-15 16:06:50,027] {taskinstance.py:1244} INFO - Starting attempt 2 of 1
[2022-03-15 16:06:50,027] {taskinstance.py:1245} INFO - 
--------------------------------------------------------------------------------
[2022-03-15 16:06:50,036] {taskinstance.py:1264} INFO - Executing <Task(PythonOperator): to_sql> on 2022-03-15 16:00:18.338022+00:00
[2022-03-15 16:06:50,040] {standard_task_runner.py:52} INFO - Started process 29574 to run task
[2022-03-15 16:06:50,047] {standard_task_runner.py:76} INFO - Running: ['airflow', 'tasks', 'run', 'simple_dag', 'to_sql', 'scheduled__2022-03-15T16:00:18.338022+00:00', '--job-id', '358', '--raw', '--subdir', 'DAGS_FOLDER/simple_dag.py', '--cfg-path', '/var/folders/tl/ljh9dpdd2fnbgmc62qc2b49h0000gn/T/tmpqefpfua5', '--error-file', '/var/folders/tl/ljh9dpdd2fnbgmc62qc2b49h0000gn/T/tmpi_8ajv4s']
[2022-03-15 16:06:50,050] {standard_task_runner.py:77} INFO - Job 358: Subtask to_sql
[2022-03-15 16:06:50,102] {logging_mixin.py:109} INFO - Running <TaskInstance: simple_dag.to_sql scheduled__2022-03-15T16:00:18.338022+00:00 [running]> on host 1.0.0.0.0.0.0.0.0.0.0.0.0.0.0.0.0.0.0.0.0.0.0.0.0.0.0.0.0.0.0.0.ip6.arpa
[2022-03-15 16:06:50,147] {taskinstance.py:1429} INFO - Exporting the following env vars:
AIRFLOW_CTX_DAG_OWNER=airflow
AIRFLOW_CTX_DAG_ID=simple_dag
AIRFLOW_CTX_TASK_ID=to_sql
AIRFLOW_CTX_EXECUTION_DATE=2022-03-15T16:00:18.338022+00:00
AIRFLOW_CTX_DAG_RUN_ID=scheduled__2022-03-15T16:00:18.338022+00:00
[2022-03-15 16:06:51,387] {logging_mixin.py:109} INFO - Empty DataFrame
Columns: [id, title, servings, summary, diets, equipment, ingredients]
Index: []
[2022-03-15 16:06:51,397] {base_aws.py:190} INFO - Credentials retrieved from login
[2022-03-15 16:06:51,398] {base_aws.py:90} INFO - Retrieving region_name from Connection.extra_config['region_name']
[2022-03-15 16:06:51,858] {base_aws.py:190} INFO - Credentials retrieved from login
[2022-03-15 16:06:51,860] {base_aws.py:90} INFO - Retrieving region_name from Connection.extra_config['region_name']
[2022-03-15 16:06:52,347] {base_aws.py:190} INFO - Credentials retrieved from login
[2022-03-15 16:06:52,348] {base_aws.py:90} INFO - Retrieving region_name from Connection.extra_config['region_name']
[2022-03-15 16:06:52,750] {base_aws.py:190} INFO - Credentials retrieved from login
[2022-03-15 16:06:52,751] {base_aws.py:90} INFO - Retrieving region_name from Connection.extra_config['region_name']
[2022-03-15 16:06:53,156] {base_aws.py:190} INFO - Credentials retrieved from login
[2022-03-15 16:06:53,158] {base_aws.py:90} INFO - Retrieving region_name from Connection.extra_config['region_name']
[2022-03-15 16:06:53,569] {base_aws.py:190} INFO - Credentials retrieved from login
[2022-03-15 16:06:53,570] {base_aws.py:90} INFO - Retrieving region_name from Connection.extra_config['region_name']
[2022-03-15 16:06:53,985] {base_aws.py:190} INFO - Credentials retrieved from login
[2022-03-15 16:06:53,986] {base_aws.py:90} INFO - Retrieving region_name from Connection.extra_config['region_name']
[2022-03-15 16:06:54,361] {base_aws.py:190} INFO - Credentials retrieved from login
[2022-03-15 16:06:54,362] {base_aws.py:90} INFO - Retrieving region_name from Connection.extra_config['region_name']
[2022-03-15 16:06:54,887] {base_aws.py:190} INFO - Credentials retrieved from login
[2022-03-15 16:06:54,888] {base_aws.py:90} INFO - Retrieving region_name from Connection.extra_config['region_name']
[2022-03-15 16:06:55,253] {base_aws.py:190} INFO - Credentials retrieved from login
[2022-03-15 16:06:55,254] {base_aws.py:90} INFO - Retrieving region_name from Connection.extra_config['region_name']
[2022-03-15 16:06:55,629] {base_aws.py:190} INFO - Credentials retrieved from login
[2022-03-15 16:06:55,631] {base_aws.py:90} INFO - Retrieving region_name from Connection.extra_config['region_name']
[2022-03-15 16:06:56,013] {base_aws.py:190} INFO - Credentials retrieved from login
[2022-03-15 16:06:56,014] {base_aws.py:90} INFO - Retrieving region_name from Connection.extra_config['region_name']
[2022-03-15 16:06:56,424] {base_aws.py:190} INFO - Credentials retrieved from login
[2022-03-15 16:06:56,425] {base_aws.py:90} INFO - Retrieving region_name from Connection.extra_config['region_name']
[2022-03-15 16:06:56,952] {base_aws.py:190} INFO - Credentials retrieved from login
[2022-03-15 16:06:56,953] {base_aws.py:90} INFO - Retrieving region_name from Connection.extra_config['region_name']
[2022-03-15 16:06:57,351] {base_aws.py:190} INFO - Credentials retrieved from login
[2022-03-15 16:06:57,352] {base_aws.py:90} INFO - Retrieving region_name from Connection.extra_config['region_name']
[2022-03-15 16:06:57,738] {base_aws.py:190} INFO - Credentials retrieved from login
[2022-03-15 16:06:57,739] {base_aws.py:90} INFO - Retrieving region_name from Connection.extra_config['region_name']
[2022-03-15 16:06:58,117] {base_aws.py:190} INFO - Credentials retrieved from login
[2022-03-15 16:06:58,119] {base_aws.py:90} INFO - Retrieving region_name from Connection.extra_config['region_name']
[2022-03-15 16:06:58,514] {base_aws.py:190} INFO - Credentials retrieved from login
[2022-03-15 16:06:58,515] {base_aws.py:90} INFO - Retrieving region_name from Connection.extra_config['region_name']
[2022-03-15 16:06:59,018] {base_aws.py:190} INFO - Credentials retrieved from login
[2022-03-15 16:06:59,019] {base_aws.py:90} INFO - Retrieving region_name from Connection.extra_config['region_name']
[2022-03-15 16:06:59,403] {base_aws.py:190} INFO - Credentials retrieved from login
[2022-03-15 16:06:59,404] {base_aws.py:90} INFO - Retrieving region_name from Connection.extra_config['region_name']
[2022-03-15 16:06:59,814] {logging_mixin.py:109} INFO -         id                                              title  ...                                          equipment                                        ingredients
0   635675                                  Boozy Bbq Chicken  ...  [frying pan, paper towels, skewers, bowl, sauc...  [drink, salt and pepper, whole chicken, pepper...
1   637162  Carrot and Cabbage Salad With Coriander+cumin ...  ...                                                NaN  [cabbage, lime juice, spices, fresh cilantro, ...
2   641975                          Easy Ginger Beef Broccoli  ...                            [wok, frying pan, bowl]  [broth, soy sauce, ginger, broccoli, beef, sug...
3   644387                                      Garlicky Kale  ...                                              [pot]                 [vinegar, olive oil, kale, garlic]
4   648320                         Jade Buddha Salmon Tartare  ...                                                NaN                              [vinegar, lime juice]
5   659143  Salmon, Watercress, Fennel and Baby Beetroot S...  ...           [whisk, slotted spoon, frying pan, bowl]  [beet, black pepper, fennel, wine, water, wate...
6   660405     Smoky Black Bean Soup With Sweet Potato & Kale  ...                       [pot, baking sheet, blender]  [broth, onion, salt and pepper, spread, pepper...
7   663985               Turkey and Rice Stuffed Acorn Squash  ...                                 [oven, frying pan]  [vegeta, red pepper, spinach, salt and pepper,...
8   715446                              Slow Cooker Beef Stew  ...                                      [slow cooker]  [cream of mushroom soup, salt and pepper, onio...
9   715543                                 Homemade Guacamole  ...                                                NaN                                                NaN
10  715594             Homemade Garlic and Basil French Fries  ...                                                NaN                                                NaN
11  716268                        African Chicken Peanut Stew  ...                                        [pot, bowl]  [salt and pepper, ginger, sweet potato, potato...
12  716408  Greek-Style Baked Fish: Fresh, Simple, and Del...  ...                                 [oven, baking pan]  [oregano, fresh basil, tomato, salt and pepper...
13  716426  Cauliflower, Brown Rice, and Vegetable Fried Rice  ...                       [frying pan, food processor]  [cauliflower rice, cauliflower florets, butter...
14  729366                                     Plantain Salad  ...                                 [bowl, frying pan]  [plantain, shrimp, vegetable, vegetable oil, p...
15  766453                                 Hummus and Za'atar  ...      [bowl, frying pan, sauce pan, food processor]  [toast, zaatar, vegetable, paprika, salt, seas...
16  769774  Shredded Roast Beef Stuffed Sweet Potatoes (Wh...  ...                                                NaN                                                NaN
17  794349                   Broccoli and Chickpea Rice Salad  ...                          [whisk, frying pan, bowl]                 [broccoli, seasoning, cooking oil]
18  798400  Spicy Black-Eyed Pea Curry with Swiss Chard an...  ...  [frying pan, oven, sauce pan, roasting pan, si...  [chili pepper, lemon juice, shallot, spices, p...

[19 rows x 7 columns]
[2022-03-15 16:09:28,615] {base.py:705} ERROR - Exception during reset or similar
Traceback (most recent call last):
  File "/opt/anaconda3/lib/python3.9/site-packages/sqlalchemy/pool/base.py", line 697, in _finalize_fairy
    fairy._reset(pool)
  File "/opt/anaconda3/lib/python3.9/site-packages/sqlalchemy/pool/base.py", line 893, in _reset
    pool._dialect.do_rollback(self)
  File "/opt/anaconda3/lib/python3.9/site-packages/sqlalchemy/engine/default.py", line 558, in do_rollback
    dbapi_connection.rollback()
psycopg2.OperationalError: terminating connection due to administrator command
SSL connection has been closed unexpectedly

[2022-03-15 16:09:28,627] {python.py:175} INFO - Done. Returned value was: None
[2022-03-15 16:09:28,636] {taskinstance.py:1272} INFO - Marking task as SUCCESS. dag_id=simple_dag, task_id=to_sql, execution_date=20220315T160018, start_date=20220315T210650, end_date=20220315T210928
[2022-03-15 16:09:28,688] {local_task_job.py:154} INFO - Task exited with return code 0
[2022-03-15 16:09:28,708] {local_task_job.py:264} INFO - 0 downstream tasks scheduled from follow-on schedule check
