[2022-03-14 14:48:10,690] {taskinstance.py:1037} INFO - Dependencies all met for <TaskInstance: simple_dag.get_recipes scheduled__2022-03-14T14:50:00+00:00 [queued]>
[2022-03-14 14:48:10,696] {taskinstance.py:1037} INFO - Dependencies all met for <TaskInstance: simple_dag.get_recipes scheduled__2022-03-14T14:50:00+00:00 [queued]>
[2022-03-14 14:48:10,696] {taskinstance.py:1243} INFO - 
--------------------------------------------------------------------------------
[2022-03-14 14:48:10,696] {taskinstance.py:1244} INFO - Starting attempt 1 of 1
[2022-03-14 14:48:10,697] {taskinstance.py:1245} INFO - 
--------------------------------------------------------------------------------
[2022-03-14 14:48:10,707] {taskinstance.py:1264} INFO - Executing <Task(PythonOperator): get_recipes> on 2022-03-14 14:50:00+00:00
[2022-03-14 14:48:10,711] {standard_task_runner.py:52} INFO - Started process 88310 to run task
[2022-03-14 14:48:10,718] {standard_task_runner.py:76} INFO - Running: ['airflow', 'tasks', 'run', 'simple_dag', 'get_recipes', 'scheduled__2022-03-14T14:50:00+00:00', '--job-id', '202', '--raw', '--subdir', 'DAGS_FOLDER/simple_dag.py', '--cfg-path', '/var/folders/tl/ljh9dpdd2fnbgmc62qc2b49h0000gn/T/tmpja6487u2', '--error-file', '/var/folders/tl/ljh9dpdd2fnbgmc62qc2b49h0000gn/T/tmpy4iiib4h']
[2022-03-14 14:48:10,722] {standard_task_runner.py:77} INFO - Job 202: Subtask get_recipes
[2022-03-14 14:48:10,775] {logging_mixin.py:109} INFO - Running <TaskInstance: simple_dag.get_recipes scheduled__2022-03-14T14:50:00+00:00 [running]> on host 1.0.0.0.0.0.0.0.0.0.0.0.0.0.0.0.0.0.0.0.0.0.0.0.0.0.0.0.0.0.0.0.ip6.arpa
[2022-03-14 14:48:10,824] {taskinstance.py:1429} INFO - Exporting the following env vars:
AIRFLOW_CTX_DAG_OWNER=airflow
AIRFLOW_CTX_DAG_ID=simple_dag
AIRFLOW_CTX_TASK_ID=get_recipes
AIRFLOW_CTX_EXECUTION_DATE=2022-03-14T14:50:00+00:00
AIRFLOW_CTX_DAG_RUN_ID=scheduled__2022-03-14T14:50:00+00:00
[2022-03-14 14:48:10,831] {base_aws.py:190} INFO - Credentials retrieved from login
[2022-03-14 14:48:10,832] {base_aws.py:90} INFO - Retrieving region_name from Connection.extra_config['region_name']
[2022-03-14 14:48:11,258] {base_aws.py:190} INFO - Credentials retrieved from login
[2022-03-14 14:48:11,260] {base_aws.py:90} INFO - Retrieving region_name from Connection.extra_config['region_name']
[2022-03-14 14:48:11,719] {logging_mixin.py:109} INFO - s3.Object(bucket_name='airflowrs', key='raw/user-2022-03-14 12:16:16.768057.json')
[2022-03-14 14:48:11,723] {base_aws.py:190} INFO - Credentials retrieved from login
[2022-03-14 14:48:11,723] {base_aws.py:90} INFO - Retrieving region_name from Connection.extra_config['region_name']
[2022-03-14 14:48:12,104] {logging_mixin.py:109} INFO - s3.Object(bucket_name='airflowrs', key='raw/user-2022-03-14 12:16:24.788633.json')
[2022-03-14 14:48:12,108] {base_aws.py:190} INFO - Credentials retrieved from login
[2022-03-14 14:48:12,109] {base_aws.py:90} INFO - Retrieving region_name from Connection.extra_config['region_name']
[2022-03-14 14:48:12,419] {logging_mixin.py:109} INFO - s3.Object(bucket_name='airflowrs', key='raw/user-2022-03-14 12:16:29.962475.json')
[2022-03-14 14:48:12,424] {base_aws.py:190} INFO - Credentials retrieved from login
[2022-03-14 14:48:12,426] {base_aws.py:90} INFO - Retrieving region_name from Connection.extra_config['region_name']
[2022-03-14 14:48:12,757] {logging_mixin.py:109} INFO - s3.Object(bucket_name='airflowrs', key='raw/user-2022-03-14 12:16:44.008253.json')
[2022-03-14 14:48:12,761] {base_aws.py:190} INFO - Credentials retrieved from login
[2022-03-14 14:48:12,762] {base_aws.py:90} INFO - Retrieving region_name from Connection.extra_config['region_name']
[2022-03-14 14:48:13,084] {logging_mixin.py:109} INFO - s3.Object(bucket_name='airflowrs', key='raw/user-2022-03-14 12:16:52.065604.json')
[2022-03-14 14:48:13,089] {base_aws.py:190} INFO - Credentials retrieved from login
[2022-03-14 14:48:13,090] {base_aws.py:90} INFO - Retrieving region_name from Connection.extra_config['region_name']
[2022-03-14 14:48:13,829] {logging_mixin.py:109} INFO - s3.Object(bucket_name='airflowrs', key='raw/user-2022-03-14 13:40:51.952380.json')
[2022-03-14 14:48:13,835] {base_aws.py:190} INFO - Credentials retrieved from login
[2022-03-14 14:48:13,836] {base_aws.py:90} INFO - Retrieving region_name from Connection.extra_config['region_name']
[2022-03-14 14:48:14,164] {logging_mixin.py:109} INFO - s3.Object(bucket_name='airflowrs', key='raw/user-2022-03-14 13:40:54.048138.json')
[2022-03-14 14:48:14,169] {base_aws.py:190} INFO - Credentials retrieved from login
[2022-03-14 14:48:14,170] {base_aws.py:90} INFO - Retrieving region_name from Connection.extra_config['region_name']
[2022-03-14 14:48:14,515] {logging_mixin.py:109} INFO - s3.Object(bucket_name='airflowrs', key='raw/user-2022-03-14 13:40:56.140666.json')
[2022-03-14 14:48:14,520] {base_aws.py:190} INFO - Credentials retrieved from login
[2022-03-14 14:48:14,521] {base_aws.py:90} INFO - Retrieving region_name from Connection.extra_config['region_name']
[2022-03-14 14:48:14,947] {logging_mixin.py:109} INFO - s3.Object(bucket_name='airflowrs', key='raw/user-2022-03-14 13:41:02.424720.json')
[2022-03-14 14:48:14,951] {base_aws.py:190} INFO - Credentials retrieved from login
[2022-03-14 14:48:14,952] {base_aws.py:90} INFO - Retrieving region_name from Connection.extra_config['region_name']
[2022-03-14 14:48:15,315] {logging_mixin.py:109} INFO - s3.Object(bucket_name='airflowrs', key='raw/user-2022-03-14 13:41:04.521027.json')
[2022-03-14 14:48:15,320] {base_aws.py:190} INFO - Credentials retrieved from login
[2022-03-14 14:48:15,321] {base_aws.py:90} INFO - Retrieving region_name from Connection.extra_config['region_name']
[2022-03-14 14:48:15,772] {logging_mixin.py:109} INFO - s3.Object(bucket_name='airflowrs', key='raw/user-2022-03-14 13:41:06.619964.json')
[2022-03-14 14:48:15,781] {base_aws.py:190} INFO - Credentials retrieved from login
[2022-03-14 14:48:15,783] {base_aws.py:90} INFO - Retrieving region_name from Connection.extra_config['region_name']
[2022-03-14 14:48:16,230] {logging_mixin.py:109} INFO - s3.Object(bucket_name='airflowrs', key='raw/user-2022-03-14 13:41:08.717143.json')
[2022-03-14 14:48:16,236] {base_aws.py:190} INFO - Credentials retrieved from login
[2022-03-14 14:48:16,237] {base_aws.py:90} INFO - Retrieving region_name from Connection.extra_config['region_name']
[2022-03-14 14:48:16,536] {logging_mixin.py:109} INFO - s3.Object(bucket_name='airflowrs', key='raw/user-2022-03-14 13:41:10.809943.json')
[2022-03-14 14:48:16,540] {base_aws.py:190} INFO - Credentials retrieved from login
[2022-03-14 14:48:16,542] {base_aws.py:90} INFO - Retrieving region_name from Connection.extra_config['region_name']
[2022-03-14 14:48:16,866] {logging_mixin.py:109} INFO - s3.Object(bucket_name='airflowrs', key='raw/user-2022-03-14 13:41:12.902259.json')
[2022-03-14 14:48:16,871] {base_aws.py:190} INFO - Credentials retrieved from login
[2022-03-14 14:48:16,872] {base_aws.py:90} INFO - Retrieving region_name from Connection.extra_config['region_name']
[2022-03-14 14:48:17,201] {logging_mixin.py:109} INFO - s3.Object(bucket_name='airflowrs', key='raw/user-2022-03-14 13:41:14.996433.json')
[2022-03-14 14:48:17,206] {base_aws.py:190} INFO - Credentials retrieved from login
[2022-03-14 14:48:17,207] {base_aws.py:90} INFO - Retrieving region_name from Connection.extra_config['region_name']
[2022-03-14 14:48:17,524] {logging_mixin.py:109} INFO - s3.Object(bucket_name='airflowrs', key='raw/user-2022-03-14 13:41:19.188289.json')
[2022-03-14 14:48:17,528] {base_aws.py:190} INFO - Credentials retrieved from login
[2022-03-14 14:48:17,529] {base_aws.py:90} INFO - Retrieving region_name from Connection.extra_config['region_name']
[2022-03-14 14:48:17,962] {logging_mixin.py:109} INFO - s3.Object(bucket_name='airflowrs', key='raw/user-2022-03-14 13:41:21.281386.json')
[2022-03-14 14:48:17,967] {base_aws.py:190} INFO - Credentials retrieved from login
[2022-03-14 14:48:17,968] {base_aws.py:90} INFO - Retrieving region_name from Connection.extra_config['region_name']
[2022-03-14 14:48:18,294] {logging_mixin.py:109} INFO - s3.Object(bucket_name='airflowrs', key='raw/user-2022-03-14 13:41:23.377181.json')
[2022-03-14 14:48:18,299] {base_aws.py:190} INFO - Credentials retrieved from login
[2022-03-14 14:48:18,300] {base_aws.py:90} INFO - Retrieving region_name from Connection.extra_config['region_name']
[2022-03-14 14:48:18,635] {logging_mixin.py:109} INFO - s3.Object(bucket_name='airflowrs', key='raw/user-2022-03-14 13:41:25.468979.json')
[2022-03-14 14:48:18,639] {base_aws.py:190} INFO - Credentials retrieved from login
[2022-03-14 14:48:18,640] {base_aws.py:90} INFO - Retrieving region_name from Connection.extra_config['region_name']
[2022-03-14 14:48:19,027] {logging_mixin.py:109} INFO - s3.Object(bucket_name='airflowrs', key='raw/user-2022-03-14 13:41:27.559613.json')
[2022-03-14 14:48:19,034] {python.py:175} INFO - Done. Returned value was: None
[2022-03-14 14:48:19,043] {taskinstance.py:1272} INFO - Marking task as SUCCESS. dag_id=simple_dag, task_id=get_recipes, execution_date=20220314T145000, start_date=20220314T194810, end_date=20220314T194819
[2022-03-14 14:48:19,106] {local_task_job.py:154} INFO - Task exited with return code 0
[2022-03-14 14:48:19,121] {local_task_job.py:264} INFO - 0 downstream tasks scheduled from follow-on schedule check
[2022-03-14 14:52:10,908] {taskinstance.py:1037} INFO - Dependencies all met for <TaskInstance: simple_dag.get_recipes scheduled__2022-03-14T14:50:00+00:00 [queued]>
[2022-03-14 14:52:10,916] {taskinstance.py:1037} INFO - Dependencies all met for <TaskInstance: simple_dag.get_recipes scheduled__2022-03-14T14:50:00+00:00 [queued]>
[2022-03-14 14:52:10,916] {taskinstance.py:1243} INFO - 
--------------------------------------------------------------------------------
[2022-03-14 14:52:10,916] {taskinstance.py:1244} INFO - Starting attempt 1 of 1
[2022-03-14 14:52:10,916] {taskinstance.py:1245} INFO - 
--------------------------------------------------------------------------------
[2022-03-14 14:52:10,926] {taskinstance.py:1264} INFO - Executing <Task(PythonOperator): get_recipes> on 2022-03-14 14:50:00+00:00
[2022-03-14 14:52:10,930] {standard_task_runner.py:52} INFO - Started process 88461 to run task
[2022-03-14 14:52:10,937] {standard_task_runner.py:76} INFO - Running: ['airflow', 'tasks', 'run', 'simple_dag', 'get_recipes', 'scheduled__2022-03-14T14:50:00+00:00', '--job-id', '197', '--raw', '--subdir', 'DAGS_FOLDER/simple_dag.py', '--cfg-path', '/var/folders/tl/ljh9dpdd2fnbgmc62qc2b49h0000gn/T/tmprd7_iup7', '--error-file', '/var/folders/tl/ljh9dpdd2fnbgmc62qc2b49h0000gn/T/tmpk382mz80']
[2022-03-14 14:52:10,943] {standard_task_runner.py:77} INFO - Job 197: Subtask get_recipes
[2022-03-14 14:52:11,007] {logging_mixin.py:109} INFO - Running <TaskInstance: simple_dag.get_recipes scheduled__2022-03-14T14:50:00+00:00 [running]> on host 1.0.0.0.0.0.0.0.0.0.0.0.0.0.0.0.0.0.0.0.0.0.0.0.0.0.0.0.0.0.0.0.ip6.arpa
[2022-03-14 14:52:11,065] {taskinstance.py:1429} INFO - Exporting the following env vars:
AIRFLOW_CTX_DAG_OWNER=airflow
AIRFLOW_CTX_DAG_ID=simple_dag
AIRFLOW_CTX_TASK_ID=get_recipes
AIRFLOW_CTX_EXECUTION_DATE=2022-03-14T14:50:00+00:00
AIRFLOW_CTX_DAG_RUN_ID=scheduled__2022-03-14T14:50:00+00:00
[2022-03-14 14:52:11,075] {base_aws.py:190} INFO - Credentials retrieved from login
[2022-03-14 14:52:11,077] {base_aws.py:90} INFO - Retrieving region_name from Connection.extra_config['region_name']
[2022-03-14 14:52:11,492] {base_aws.py:190} INFO - Credentials retrieved from login
[2022-03-14 14:52:11,493] {base_aws.py:90} INFO - Retrieving region_name from Connection.extra_config['region_name']
[2022-03-14 14:52:12,120] {logging_mixin.py:109} INFO - {'ResponseMetadata': {'RequestId': 'KSFXHD54D7D6RES8', 'HostId': '213Ac903Unik4W82n5Z63lWJyNk8brH/E5R9MDO6GgKCQPS4lO1y3kqMeB+4YwNI9AH/yfO2TVM=', 'HTTPStatusCode': 200, 'HTTPHeaders': {'x-amz-id-2': '213Ac903Unik4W82n5Z63lWJyNk8brH/E5R9MDO6GgKCQPS4lO1y3kqMeB+4YwNI9AH/yfO2TVM=', 'x-amz-request-id': 'KSFXHD54D7D6RES8', 'date': 'Mon, 14 Mar 2022 19:52:13 GMT', 'last-modified': 'Mon, 14 Mar 2022 19:13:52 GMT', 'etag': '"4a622525f443062406694c300043b81c"', 'accept-ranges': 'bytes', 'content-type': 'binary/octet-stream', 'server': 'AmazonS3', 'content-length': '328'}, 'RetryAttempts': 0}, 'AcceptRanges': 'bytes', 'LastModified': datetime.datetime(2022, 3, 14, 19, 13, 52, tzinfo=tzutc()), 'ContentLength': 328, 'ETag': '"4a622525f443062406694c300043b81c"', 'ContentType': 'binary/octet-stream', 'Metadata': {}, 'Body': <botocore.response.StreamingBody object at 0x7fd9bc4753d0>}
[2022-03-14 14:52:12,127] {base_aws.py:190} INFO - Credentials retrieved from login
[2022-03-14 14:52:12,128] {base_aws.py:90} INFO - Retrieving region_name from Connection.extra_config['region_name']
[2022-03-14 14:52:12,550] {logging_mixin.py:109} INFO - {'ResponseMetadata': {'RequestId': 'KSFJKHGAFT84QE7W', 'HostId': 'wVEy/+lPet2RiyxdtpsBHooXXCrj+tYH5x5WvUV3Fqqcif86dbibcckVUd4bJlMGC+b8SfTJCC0=', 'HTTPStatusCode': 200, 'HTTPHeaders': {'x-amz-id-2': 'wVEy/+lPet2RiyxdtpsBHooXXCrj+tYH5x5WvUV3Fqqcif86dbibcckVUd4bJlMGC+b8SfTJCC0=', 'x-amz-request-id': 'KSFJKHGAFT84QE7W', 'date': 'Mon, 14 Mar 2022 19:52:13 GMT', 'last-modified': 'Mon, 14 Mar 2022 19:13:52 GMT', 'etag': '"7fc6a346ee299d4e1b4f42d1daac1af4"', 'accept-ranges': 'bytes', 'content-type': 'binary/octet-stream', 'server': 'AmazonS3', 'content-length': '391'}, 'RetryAttempts': 0}, 'AcceptRanges': 'bytes', 'LastModified': datetime.datetime(2022, 3, 14, 19, 13, 52, tzinfo=tzutc()), 'ContentLength': 391, 'ETag': '"7fc6a346ee299d4e1b4f42d1daac1af4"', 'ContentType': 'binary/octet-stream', 'Metadata': {}, 'Body': <botocore.response.StreamingBody object at 0x7fd9bca5a760>}
[2022-03-14 14:52:12,555] {base_aws.py:190} INFO - Credentials retrieved from login
[2022-03-14 14:52:12,556] {base_aws.py:90} INFO - Retrieving region_name from Connection.extra_config['region_name']
[2022-03-14 14:52:12,948] {logging_mixin.py:109} INFO - {'ResponseMetadata': {'RequestId': 'PEN4M6MAHVJCVC9C', 'HostId': 'yOIfa5XLPbL1deSV2PwDEHZKlx+X9UStURVjAIbqsT5C7X5IX2jeIOViF6QLv9XJ7y/pI6W32/8=', 'HTTPStatusCode': 200, 'HTTPHeaders': {'x-amz-id-2': 'yOIfa5XLPbL1deSV2PwDEHZKlx+X9UStURVjAIbqsT5C7X5IX2jeIOViF6QLv9XJ7y/pI6W32/8=', 'x-amz-request-id': 'PEN4M6MAHVJCVC9C', 'date': 'Mon, 14 Mar 2022 19:52:14 GMT', 'last-modified': 'Mon, 14 Mar 2022 19:13:54 GMT', 'etag': '"7a65eb008503bb10e04182b9fca9c94d"', 'accept-ranges': 'bytes', 'content-type': 'binary/octet-stream', 'server': 'AmazonS3', 'content-length': '407'}, 'RetryAttempts': 0}, 'AcceptRanges': 'bytes', 'LastModified': datetime.datetime(2022, 3, 14, 19, 13, 54, tzinfo=tzutc()), 'ContentLength': 407, 'ETag': '"7a65eb008503bb10e04182b9fca9c94d"', 'ContentType': 'binary/octet-stream', 'Metadata': {}, 'Body': <botocore.response.StreamingBody object at 0x7fd9bd033820>}
[2022-03-14 14:52:12,953] {base_aws.py:190} INFO - Credentials retrieved from login
[2022-03-14 14:52:12,954] {base_aws.py:90} INFO - Retrieving region_name from Connection.extra_config['region_name']
[2022-03-14 14:52:13,358] {logging_mixin.py:109} INFO - {'ResponseMetadata': {'RequestId': 'PEN4MHEK5Z0D7RYX', 'HostId': 'FaG4a0ytXF0fLs/fHeNs1Bq2Nxo4s3cH0xhR7KDytH/O9WBVLYq7bHMQfJKy3LITu/8TGDF+Qpg=', 'HTTPStatusCode': 200, 'HTTPHeaders': {'x-amz-id-2': 'FaG4a0ytXF0fLs/fHeNs1Bq2Nxo4s3cH0xhR7KDytH/O9WBVLYq7bHMQfJKy3LITu/8TGDF+Qpg=', 'x-amz-request-id': 'PEN4MHEK5Z0D7RYX', 'date': 'Mon, 14 Mar 2022 19:52:14 GMT', 'last-modified': 'Mon, 14 Mar 2022 19:13:54 GMT', 'etag': '"49c905c9d15dd5f90201fc43630e29ca"', 'accept-ranges': 'bytes', 'content-type': 'binary/octet-stream', 'server': 'AmazonS3', 'content-length': '455'}, 'RetryAttempts': 0}, 'AcceptRanges': 'bytes', 'LastModified': datetime.datetime(2022, 3, 14, 19, 13, 54, tzinfo=tzutc()), 'ContentLength': 455, 'ETag': '"49c905c9d15dd5f90201fc43630e29ca"', 'ContentType': 'binary/octet-stream', 'Metadata': {}, 'Body': <botocore.response.StreamingBody object at 0x7fd9bd71b8b0>}
[2022-03-14 14:52:13,362] {base_aws.py:190} INFO - Credentials retrieved from login
[2022-03-14 14:52:13,364] {base_aws.py:90} INFO - Retrieving region_name from Connection.extra_config['region_name']
[2022-03-14 14:52:13,770] {logging_mixin.py:109} INFO - {'ResponseMetadata': {'RequestId': 'PENA83JPW8EXF0GK', 'HostId': 'sNCYYktPskKGRAC7kAC9PUtcufLfhOuRbH76d9+8/f4aaTwT0PoP+qdIJ7rInmTWVxxrce8MTkM=', 'HTTPStatusCode': 200, 'HTTPHeaders': {'x-amz-id-2': 'sNCYYktPskKGRAC7kAC9PUtcufLfhOuRbH76d9+8/f4aaTwT0PoP+qdIJ7rInmTWVxxrce8MTkM=', 'x-amz-request-id': 'PENA83JPW8EXF0GK', 'date': 'Mon, 14 Mar 2022 19:52:14 GMT', 'last-modified': 'Mon, 14 Mar 2022 19:13:52 GMT', 'etag': '"3aabbc7f7f908773bbdc3df112f66aa5"', 'accept-ranges': 'bytes', 'content-type': 'binary/octet-stream', 'server': 'AmazonS3', 'content-length': '409'}, 'RetryAttempts': 0}, 'AcceptRanges': 'bytes', 'LastModified': datetime.datetime(2022, 3, 14, 19, 13, 52, tzinfo=tzutc()), 'ContentLength': 409, 'ETag': '"3aabbc7f7f908773bbdc3df112f66aa5"', 'ContentType': 'binary/octet-stream', 'Metadata': {}, 'Body': <botocore.response.StreamingBody object at 0x7fd9bdcf4850>}
[2022-03-14 14:52:13,775] {base_aws.py:190} INFO - Credentials retrieved from login
[2022-03-14 14:52:13,776] {base_aws.py:90} INFO - Retrieving region_name from Connection.extra_config['region_name']
[2022-03-14 14:52:14,269] {logging_mixin.py:109} INFO - {'ResponseMetadata': {'RequestId': 'WRSHX1FJKSPY2WPD', 'HostId': '/ENYas1DGavQT8RL93edyaIwkIiUPoPOio63alInmxEBn0Ni4bYY3mZarWnxRcJgXckVBR4Mt9g=', 'HTTPStatusCode': 200, 'HTTPHeaders': {'x-amz-id-2': '/ENYas1DGavQT8RL93edyaIwkIiUPoPOio63alInmxEBn0Ni4bYY3mZarWnxRcJgXckVBR4Mt9g=', 'x-amz-request-id': 'WRSHX1FJKSPY2WPD', 'date': 'Mon, 14 Mar 2022 19:52:15 GMT', 'last-modified': 'Mon, 14 Mar 2022 19:13:55 GMT', 'etag': '"f8aa046a18da0ba080350cce82261234"', 'accept-ranges': 'bytes', 'content-type': 'binary/octet-stream', 'server': 'AmazonS3', 'content-length': '380'}, 'RetryAttempts': 0}, 'AcceptRanges': 'bytes', 'LastModified': datetime.datetime(2022, 3, 14, 19, 13, 55, tzinfo=tzutc()), 'ContentLength': 380, 'ETag': '"f8aa046a18da0ba080350cce82261234"', 'ContentType': 'binary/octet-stream', 'Metadata': {}, 'Body': <botocore.response.StreamingBody object at 0x7fd9bc403520>}
[2022-03-14 14:52:14,274] {base_aws.py:190} INFO - Credentials retrieved from login
[2022-03-14 14:52:14,275] {base_aws.py:90} INFO - Retrieving region_name from Connection.extra_config['region_name']
[2022-03-14 14:52:14,665] {logging_mixin.py:109} INFO - {'ResponseMetadata': {'RequestId': 'WRST544GJB7SGJTB', 'HostId': 'xwU7fwlbCcecIuS2hsr/2ACef8+ij/xaPNmF3lRBKwlWj8aewFvxFMkMQA/iYUSamyk8W+R3rTo=', 'HTTPStatusCode': 200, 'HTTPHeaders': {'x-amz-id-2': 'xwU7fwlbCcecIuS2hsr/2ACef8+ij/xaPNmF3lRBKwlWj8aewFvxFMkMQA/iYUSamyk8W+R3rTo=', 'x-amz-request-id': 'WRST544GJB7SGJTB', 'date': 'Mon, 14 Mar 2022 19:52:15 GMT', 'last-modified': 'Mon, 14 Mar 2022 19:13:53 GMT', 'etag': '"d0c09035859dc7fc1dcae1fbe72158ab"', 'accept-ranges': 'bytes', 'content-type': 'binary/octet-stream', 'server': 'AmazonS3', 'content-length': '393'}, 'RetryAttempts': 0}, 'AcceptRanges': 'bytes', 'LastModified': datetime.datetime(2022, 3, 14, 19, 13, 53, tzinfo=tzutc()), 'ContentLength': 393, 'ETag': '"d0c09035859dc7fc1dcae1fbe72158ab"', 'ContentType': 'binary/octet-stream', 'Metadata': {}, 'Body': <botocore.response.StreamingBody object at 0x7fd9bc445dc0>}
[2022-03-14 14:52:14,669] {base_aws.py:190} INFO - Credentials retrieved from login
[2022-03-14 14:52:14,670] {base_aws.py:90} INFO - Retrieving region_name from Connection.extra_config['region_name']
[2022-03-14 14:52:15,052] {logging_mixin.py:109} INFO - {'ResponseMetadata': {'RequestId': 'Q2B87MRSMZ2JKRC2', 'HostId': 'M3TrA5F+S6zXRsZHnd0yEFaSfLqfndBkk74yh0rjAntFkJzSYpXHmgUesD31ZrqMYwJxSayxvao=', 'HTTPStatusCode': 200, 'HTTPHeaders': {'x-amz-id-2': 'M3TrA5F+S6zXRsZHnd0yEFaSfLqfndBkk74yh0rjAntFkJzSYpXHmgUesD31ZrqMYwJxSayxvao=', 'x-amz-request-id': 'Q2B87MRSMZ2JKRC2', 'date': 'Mon, 14 Mar 2022 19:52:16 GMT', 'last-modified': 'Mon, 14 Mar 2022 19:13:54 GMT', 'etag': '"1ec976b9d1d09bcbb4adb3062dcde33d"', 'accept-ranges': 'bytes', 'content-type': 'binary/octet-stream', 'server': 'AmazonS3', 'content-length': '450'}, 'RetryAttempts': 0}, 'AcceptRanges': 'bytes', 'LastModified': datetime.datetime(2022, 3, 14, 19, 13, 54, tzinfo=tzutc()), 'ContentLength': 450, 'ETag': '"1ec976b9d1d09bcbb4adb3062dcde33d"', 'ContentType': 'binary/octet-stream', 'Metadata': {}, 'Body': <botocore.response.StreamingBody object at 0x7fd9bc5b0c40>}
[2022-03-14 14:52:15,056] {base_aws.py:190} INFO - Credentials retrieved from login
[2022-03-14 14:52:15,058] {base_aws.py:90} INFO - Retrieving region_name from Connection.extra_config['region_name']
[2022-03-14 14:52:15,415] {logging_mixin.py:109} INFO - {'ResponseMetadata': {'RequestId': 'Q2B65AC1MA644FNM', 'HostId': 'HBj8x21X4pbVEsPAYOr0pIw47goC/7Gm3YRiEG75ZTD1JNicYwuVSBVmXkvL+7ZCpyv+3w4CjMI=', 'HTTPStatusCode': 200, 'HTTPHeaders': {'x-amz-id-2': 'HBj8x21X4pbVEsPAYOr0pIw47goC/7Gm3YRiEG75ZTD1JNicYwuVSBVmXkvL+7ZCpyv+3w4CjMI=', 'x-amz-request-id': 'Q2B65AC1MA644FNM', 'date': 'Mon, 14 Mar 2022 19:52:16 GMT', 'last-modified': 'Mon, 14 Mar 2022 19:13:53 GMT', 'etag': '"d26cb17191ad3884973dfffd2db5cbb7"', 'accept-ranges': 'bytes', 'content-type': 'binary/octet-stream', 'server': 'AmazonS3', 'content-length': '422'}, 'RetryAttempts': 0}, 'AcceptRanges': 'bytes', 'LastModified': datetime.datetime(2022, 3, 14, 19, 13, 53, tzinfo=tzutc()), 'ContentLength': 422, 'ETag': '"d26cb17191ad3884973dfffd2db5cbb7"', 'ContentType': 'binary/octet-stream', 'Metadata': {}, 'Body': <botocore.response.StreamingBody object at 0x7fd9bcd58070>}
[2022-03-14 14:52:15,420] {base_aws.py:190} INFO - Credentials retrieved from login
[2022-03-14 14:52:15,421] {base_aws.py:90} INFO - Retrieving region_name from Connection.extra_config['region_name']
[2022-03-14 14:52:15,824] {logging_mixin.py:109} INFO - {'ResponseMetadata': {'RequestId': 'Q2BF0CY3BVD0VM6B', 'HostId': 'GgOxLsCM0HAZ2e8iNHYQS7qCFbB3XlMxHEdyxl+Pwowziy6atV0INQ/gVjGSg2IAH5lH/3jJb18=', 'HTTPStatusCode': 200, 'HTTPHeaders': {'x-amz-id-2': 'GgOxLsCM0HAZ2e8iNHYQS7qCFbB3XlMxHEdyxl+Pwowziy6atV0INQ/gVjGSg2IAH5lH/3jJb18=', 'x-amz-request-id': 'Q2BF0CY3BVD0VM6B', 'date': 'Mon, 14 Mar 2022 19:52:16 GMT', 'last-modified': 'Mon, 14 Mar 2022 19:13:52 GMT', 'etag': '"6354c2ac5ea790b1c552a8769e88a4a4"', 'accept-ranges': 'bytes', 'content-type': 'binary/octet-stream', 'server': 'AmazonS3', 'content-length': '378'}, 'RetryAttempts': 0}, 'AcceptRanges': 'bytes', 'LastModified': datetime.datetime(2022, 3, 14, 19, 13, 52, tzinfo=tzutc()), 'ContentLength': 378, 'ETag': '"6354c2ac5ea790b1c552a8769e88a4a4"', 'ContentType': 'binary/octet-stream', 'Metadata': {}, 'Body': <botocore.response.StreamingBody object at 0x7fd9bd674280>}
[2022-03-14 14:52:15,828] {base_aws.py:190} INFO - Credentials retrieved from login
[2022-03-14 14:52:15,829] {base_aws.py:90} INFO - Retrieving region_name from Connection.extra_config['region_name']
[2022-03-14 14:52:16,358] {logging_mixin.py:109} INFO - {'ResponseMetadata': {'RequestId': 'XS0JGKGRSJNATNSE', 'HostId': 'ZxI/nDRc+CZ/LlcH+acXQBCBqe4Cre8Hq5E2lUVSYPJkLzqrcdmMpROOruqfFBch8xJNYD5PJyU=', 'HTTPStatusCode': 200, 'HTTPHeaders': {'x-amz-id-2': 'ZxI/nDRc+CZ/LlcH+acXQBCBqe4Cre8Hq5E2lUVSYPJkLzqrcdmMpROOruqfFBch8xJNYD5PJyU=', 'x-amz-request-id': 'XS0JGKGRSJNATNSE', 'date': 'Mon, 14 Mar 2022 19:52:17 GMT', 'last-modified': 'Mon, 14 Mar 2022 19:13:54 GMT', 'etag': '"0cf20a06d0d61865079a1f37216f2337"', 'accept-ranges': 'bytes', 'content-type': 'binary/octet-stream', 'server': 'AmazonS3', 'content-length': '362'}, 'RetryAttempts': 0}, 'AcceptRanges': 'bytes', 'LastModified': datetime.datetime(2022, 3, 14, 19, 13, 54, tzinfo=tzutc()), 'ContentLength': 362, 'ETag': '"0cf20a06d0d61865079a1f37216f2337"', 'ContentType': 'binary/octet-stream', 'Metadata': {}, 'Body': <botocore.response.StreamingBody object at 0x7fd9bc5a7df0>}
[2022-03-14 14:52:16,364] {base_aws.py:190} INFO - Credentials retrieved from login
[2022-03-14 14:52:16,365] {base_aws.py:90} INFO - Retrieving region_name from Connection.extra_config['region_name']
[2022-03-14 14:52:16,775] {logging_mixin.py:109} INFO - {'ResponseMetadata': {'RequestId': 'XS0M8N6Q68QCJ5M1', 'HostId': 'SHJe5GIs5CiYSDWf6Oki0U6821Z6wmVZ4s3igQcur5hCN7jTtWgFDIot9HKzosfXW/jsr/Thlnk=', 'HTTPStatusCode': 200, 'HTTPHeaders': {'x-amz-id-2': 'SHJe5GIs5CiYSDWf6Oki0U6821Z6wmVZ4s3igQcur5hCN7jTtWgFDIot9HKzosfXW/jsr/Thlnk=', 'x-amz-request-id': 'XS0M8N6Q68QCJ5M1', 'date': 'Mon, 14 Mar 2022 19:52:17 GMT', 'last-modified': 'Mon, 14 Mar 2022 19:13:55 GMT', 'etag': '"80a3cf15935c9047b2ed739e059c395b"', 'accept-ranges': 'bytes', 'content-type': 'binary/octet-stream', 'server': 'AmazonS3', 'content-length': '377'}, 'RetryAttempts': 0}, 'AcceptRanges': 'bytes', 'LastModified': datetime.datetime(2022, 3, 14, 19, 13, 55, tzinfo=tzutc()), 'ContentLength': 377, 'ETag': '"80a3cf15935c9047b2ed739e059c395b"', 'ContentType': 'binary/octet-stream', 'Metadata': {}, 'Body': <botocore.response.StreamingBody object at 0x7fd9bd70d5b0>}
[2022-03-14 14:52:16,779] {base_aws.py:190} INFO - Credentials retrieved from login
[2022-03-14 14:52:16,781] {base_aws.py:90} INFO - Retrieving region_name from Connection.extra_config['region_name']
[2022-03-14 14:52:17,272] {logging_mixin.py:109} INFO - {'ResponseMetadata': {'RequestId': 'FP5CTFDH046FFDYR', 'HostId': '5epQg1i8+i3EzU01wSpFON9lGM+4EILd8LFbwrpcEP3qrxWWJo4bF7/p4Gxu3ahThHzE6uv/yyM=', 'HTTPStatusCode': 200, 'HTTPHeaders': {'x-amz-id-2': '5epQg1i8+i3EzU01wSpFON9lGM+4EILd8LFbwrpcEP3qrxWWJo4bF7/p4Gxu3ahThHzE6uv/yyM=', 'x-amz-request-id': 'FP5CTFDH046FFDYR', 'date': 'Mon, 14 Mar 2022 19:52:18 GMT', 'last-modified': 'Mon, 14 Mar 2022 19:13:53 GMT', 'etag': '"99e28d4ff337a62e6252eed7f7b21cef"', 'accept-ranges': 'bytes', 'content-type': 'binary/octet-stream', 'server': 'AmazonS3', 'content-length': '356'}, 'RetryAttempts': 0}, 'AcceptRanges': 'bytes', 'LastModified': datetime.datetime(2022, 3, 14, 19, 13, 53, tzinfo=tzutc()), 'ContentLength': 356, 'ETag': '"99e28d4ff337a62e6252eed7f7b21cef"', 'ContentType': 'binary/octet-stream', 'Metadata': {}, 'Body': <botocore.response.StreamingBody object at 0x7fd9bd48a760>}
[2022-03-14 14:52:17,277] {base_aws.py:190} INFO - Credentials retrieved from login
[2022-03-14 14:52:17,278] {base_aws.py:90} INFO - Retrieving region_name from Connection.extra_config['region_name']
[2022-03-14 14:52:17,688] {logging_mixin.py:109} INFO - {'ResponseMetadata': {'RequestId': 'FP57XZV2NP4EG71C', 'HostId': '0yOI3V3+C3IQo8zkivB3O7JFm9jYt1kTpA1xFrCuvvJRjf5se1jAn4GEasVFXjwO04AljUXzjQA=', 'HTTPStatusCode': 200, 'HTTPHeaders': {'x-amz-id-2': '0yOI3V3+C3IQo8zkivB3O7JFm9jYt1kTpA1xFrCuvvJRjf5se1jAn4GEasVFXjwO04AljUXzjQA=', 'x-amz-request-id': 'FP57XZV2NP4EG71C', 'date': 'Mon, 14 Mar 2022 19:52:18 GMT', 'last-modified': 'Mon, 14 Mar 2022 19:13:53 GMT', 'etag': '"23550c3290266f43ecaec06d70e50313"', 'accept-ranges': 'bytes', 'content-type': 'binary/octet-stream', 'server': 'AmazonS3', 'content-length': '361'}, 'RetryAttempts': 0}, 'AcceptRanges': 'bytes', 'LastModified': datetime.datetime(2022, 3, 14, 19, 13, 53, tzinfo=tzutc()), 'ContentLength': 361, 'ETag': '"23550c3290266f43ecaec06d70e50313"', 'ContentType': 'binary/octet-stream', 'Metadata': {}, 'Body': <botocore.response.StreamingBody object at 0x7fd9bc855790>}
[2022-03-14 14:52:17,692] {base_aws.py:190} INFO - Credentials retrieved from login
[2022-03-14 14:52:17,693] {base_aws.py:90} INFO - Retrieving region_name from Connection.extra_config['region_name']
[2022-03-14 14:52:18,111] {logging_mixin.py:109} INFO - {'ResponseMetadata': {'RequestId': 'E5VVW39AMB4J0TN9', 'HostId': 'AhjK63Z3Xz56MzfM33wQFfvNNSOh+laCPMsCYOnqUKfbPQJOdmKfG7JsMrd9KzhcIZ5jABKBDVs=', 'HTTPStatusCode': 200, 'HTTPHeaders': {'x-amz-id-2': 'AhjK63Z3Xz56MzfM33wQFfvNNSOh+laCPMsCYOnqUKfbPQJOdmKfG7JsMrd9KzhcIZ5jABKBDVs=', 'x-amz-request-id': 'E5VVW39AMB4J0TN9', 'date': 'Mon, 14 Mar 2022 19:52:19 GMT', 'last-modified': 'Mon, 14 Mar 2022 19:13:53 GMT', 'etag': '"a6df52fd21c5472092cd0f752aa6a2f1"', 'accept-ranges': 'bytes', 'content-type': 'binary/octet-stream', 'server': 'AmazonS3', 'content-length': '379'}, 'RetryAttempts': 0}, 'AcceptRanges': 'bytes', 'LastModified': datetime.datetime(2022, 3, 14, 19, 13, 53, tzinfo=tzutc()), 'ContentLength': 379, 'ETag': '"a6df52fd21c5472092cd0f752aa6a2f1"', 'ContentType': 'binary/octet-stream', 'Metadata': {}, 'Body': <botocore.response.StreamingBody object at 0x7fd9bd2ee8b0>}
[2022-03-14 14:52:18,115] {base_aws.py:190} INFO - Credentials retrieved from login
[2022-03-14 14:52:18,117] {base_aws.py:90} INFO - Retrieving region_name from Connection.extra_config['region_name']
[2022-03-14 14:52:18,540] {logging_mixin.py:109} INFO - {'ResponseMetadata': {'RequestId': 'E5VRHP3X7J3MBJAN', 'HostId': '+Ud4UjQ8h9z7gTa/LPSpN+QR7N9C8LYJU3dT+IkyNnMgu8pYWQ9kN+503dBR2zMcEnxNes9mzYM=', 'HTTPStatusCode': 200, 'HTTPHeaders': {'x-amz-id-2': '+Ud4UjQ8h9z7gTa/LPSpN+QR7N9C8LYJU3dT+IkyNnMgu8pYWQ9kN+503dBR2zMcEnxNes9mzYM=', 'x-amz-request-id': 'E5VRHP3X7J3MBJAN', 'date': 'Mon, 14 Mar 2022 19:52:19 GMT', 'last-modified': 'Mon, 14 Mar 2022 19:13:52 GMT', 'etag': '"b2164cbef2714cc2f3c851294cb89b7e"', 'accept-ranges': 'bytes', 'content-type': 'binary/octet-stream', 'server': 'AmazonS3', 'content-length': '355'}, 'RetryAttempts': 0}, 'AcceptRanges': 'bytes', 'LastModified': datetime.datetime(2022, 3, 14, 19, 13, 52, tzinfo=tzutc()), 'ContentLength': 355, 'ETag': '"b2164cbef2714cc2f3c851294cb89b7e"', 'ContentType': 'binary/octet-stream', 'Metadata': {}, 'Body': <botocore.response.StreamingBody object at 0x7fd9be4c0940>}
[2022-03-14 14:52:18,544] {base_aws.py:190} INFO - Credentials retrieved from login
[2022-03-14 14:52:18,545] {base_aws.py:90} INFO - Retrieving region_name from Connection.extra_config['region_name']
[2022-03-14 14:52:19,049] {logging_mixin.py:109} INFO - {'ResponseMetadata': {'RequestId': 'XKEWPP23152Q6J60', 'HostId': 'zH4OqbTyNhv5Ii6gwlylz4dJSoy/sTd+I+LB+ngD6AdaBdRhPd8hGZp9rK0SIazoFuPWRw2PbJw=', 'HTTPStatusCode': 200, 'HTTPHeaders': {'x-amz-id-2': 'zH4OqbTyNhv5Ii6gwlylz4dJSoy/sTd+I+LB+ngD6AdaBdRhPd8hGZp9rK0SIazoFuPWRw2PbJw=', 'x-amz-request-id': 'XKEWPP23152Q6J60', 'date': 'Mon, 14 Mar 2022 19:52:20 GMT', 'last-modified': 'Mon, 14 Mar 2022 19:13:55 GMT', 'etag': '"88617bc3bc569dcb54ebc9da8155d3c3"', 'accept-ranges': 'bytes', 'content-type': 'binary/octet-stream', 'server': 'AmazonS3', 'content-length': '415'}, 'RetryAttempts': 0}, 'AcceptRanges': 'bytes', 'LastModified': datetime.datetime(2022, 3, 14, 19, 13, 55, tzinfo=tzutc()), 'ContentLength': 415, 'ETag': '"88617bc3bc569dcb54ebc9da8155d3c3"', 'ContentType': 'binary/octet-stream', 'Metadata': {}, 'Body': <botocore.response.StreamingBody object at 0x7fd9bd2a8610>}
[2022-03-14 14:52:19,053] {base_aws.py:190} INFO - Credentials retrieved from login
[2022-03-14 14:52:19,054] {base_aws.py:90} INFO - Retrieving region_name from Connection.extra_config['region_name']
[2022-03-14 14:52:19,451] {logging_mixin.py:109} INFO - {'ResponseMetadata': {'RequestId': 'XKEG7BPN5JKVHC5Y', 'HostId': 'ZpyqUc2E3xu3wnu4/mZ2BQkKJTPnL2Ir2gRGI+gJfC6NW+VxisfRw1AAeYEb0YygjepBUxo+Xj0=', 'HTTPStatusCode': 200, 'HTTPHeaders': {'x-amz-id-2': 'ZpyqUc2E3xu3wnu4/mZ2BQkKJTPnL2Ir2gRGI+gJfC6NW+VxisfRw1AAeYEb0YygjepBUxo+Xj0=', 'x-amz-request-id': 'XKEG7BPN5JKVHC5Y', 'date': 'Mon, 14 Mar 2022 19:52:20 GMT', 'last-modified': 'Mon, 14 Mar 2022 19:13:53 GMT', 'etag': '"f52cd37665ad190e306357df6aa99b2c"', 'accept-ranges': 'bytes', 'content-type': 'binary/octet-stream', 'server': 'AmazonS3', 'content-length': '384'}, 'RetryAttempts': 0}, 'AcceptRanges': 'bytes', 'LastModified': datetime.datetime(2022, 3, 14, 19, 13, 53, tzinfo=tzutc()), 'ContentLength': 384, 'ETag': '"f52cd37665ad190e306357df6aa99b2c"', 'ContentType': 'binary/octet-stream', 'Metadata': {}, 'Body': <botocore.response.StreamingBody object at 0x7fd9be4d37c0>}
[2022-03-14 14:52:19,456] {base_aws.py:190} INFO - Credentials retrieved from login
[2022-03-14 14:52:19,458] {base_aws.py:90} INFO - Retrieving region_name from Connection.extra_config['region_name']
[2022-03-14 14:52:19,830] {logging_mixin.py:109} INFO - {'ResponseMetadata': {'RequestId': 'XKERH7WASCKH0C19', 'HostId': 'lzjCmuz+Be+3tt9R/ELhd0KTXjbPqAxrpEhaQN1qGhAvsqbkr7/Y0i+0t2QpbZkCxXZZGiJnfCA=', 'HTTPStatusCode': 200, 'HTTPHeaders': {'x-amz-id-2': 'lzjCmuz+Be+3tt9R/ELhd0KTXjbPqAxrpEhaQN1qGhAvsqbkr7/Y0i+0t2QpbZkCxXZZGiJnfCA=', 'x-amz-request-id': 'XKERH7WASCKH0C19', 'date': 'Mon, 14 Mar 2022 19:52:20 GMT', 'last-modified': 'Mon, 14 Mar 2022 19:13:54 GMT', 'etag': '"1951bd3a8e62b360b8901ba3d35a68c1"', 'accept-ranges': 'bytes', 'content-type': 'binary/octet-stream', 'server': 'AmazonS3', 'content-length': '333'}, 'RetryAttempts': 0}, 'AcceptRanges': 'bytes', 'LastModified': datetime.datetime(2022, 3, 14, 19, 13, 54, tzinfo=tzutc()), 'ContentLength': 333, 'ETag': '"1951bd3a8e62b360b8901ba3d35a68c1"', 'ContentType': 'binary/octet-stream', 'Metadata': {}, 'Body': <botocore.response.StreamingBody object at 0x7fd9bd48aee0>}
[2022-03-14 14:52:19,834] {base_aws.py:190} INFO - Credentials retrieved from login
[2022-03-14 14:52:19,835] {base_aws.py:90} INFO - Retrieving region_name from Connection.extra_config['region_name']
[2022-03-14 14:52:20,230] {logging_mixin.py:109} INFO - {'ResponseMetadata': {'RequestId': 'BRVHKBKYY71PA83X', 'HostId': 'X4KXYfq7J63BEr+k9+wIWF6j+aaRd2ZjHQ1NPlA1L9ghRLroJWuOJFISuSVyhuSAAyZYHs9U1ak=', 'HTTPStatusCode': 200, 'HTTPHeaders': {'x-amz-id-2': 'X4KXYfq7J63BEr+k9+wIWF6j+aaRd2ZjHQ1NPlA1L9ghRLroJWuOJFISuSVyhuSAAyZYHs9U1ak=', 'x-amz-request-id': 'BRVHKBKYY71PA83X', 'date': 'Mon, 14 Mar 2022 19:52:21 GMT', 'last-modified': 'Mon, 14 Mar 2022 19:13:54 GMT', 'etag': '"c9a124d858fc6777de764ba7fb26e79f"', 'accept-ranges': 'bytes', 'content-type': 'binary/octet-stream', 'server': 'AmazonS3', 'content-length': '424'}, 'RetryAttempts': 0}, 'AcceptRanges': 'bytes', 'LastModified': datetime.datetime(2022, 3, 14, 19, 13, 54, tzinfo=tzutc()), 'ContentLength': 424, 'ETag': '"c9a124d858fc6777de764ba7fb26e79f"', 'ContentType': 'binary/octet-stream', 'Metadata': {}, 'Body': <botocore.response.StreamingBody object at 0x7fd9bc951d30>}
[2022-03-14 14:52:20,237] {python.py:175} INFO - Done. Returned value was: None
[2022-03-14 14:52:20,245] {taskinstance.py:1272} INFO - Marking task as SUCCESS. dag_id=simple_dag, task_id=get_recipes, execution_date=20220314T145000, start_date=20220314T195210, end_date=20220314T195220
[2022-03-14 14:52:20,303] {local_task_job.py:154} INFO - Task exited with return code 0
[2022-03-14 14:52:20,321] {local_task_job.py:264} INFO - 0 downstream tasks scheduled from follow-on schedule check
