[2022-03-14 14:44:40,299] {taskinstance.py:1037} INFO - Dependencies all met for <TaskInstance: simple_dag.get_recipes scheduled__2022-03-14T14:42:00+00:00 [queued]>
[2022-03-14 14:44:40,307] {taskinstance.py:1037} INFO - Dependencies all met for <TaskInstance: simple_dag.get_recipes scheduled__2022-03-14T14:42:00+00:00 [queued]>
[2022-03-14 14:44:40,307] {taskinstance.py:1243} INFO - 
--------------------------------------------------------------------------------
[2022-03-14 14:44:40,307] {taskinstance.py:1244} INFO - Starting attempt 1 of 1
[2022-03-14 14:44:40,307] {taskinstance.py:1245} INFO - 
--------------------------------------------------------------------------------
[2022-03-14 14:44:40,317] {taskinstance.py:1264} INFO - Executing <Task(PythonOperator): get_recipes> on 2022-03-14 14:42:00+00:00
[2022-03-14 14:44:40,320] {standard_task_runner.py:52} INFO - Started process 88169 to run task
[2022-03-14 14:44:40,327] {standard_task_runner.py:76} INFO - Running: ['airflow', 'tasks', 'run', 'simple_dag', 'get_recipes', 'scheduled__2022-03-14T14:42:00+00:00', '--job-id', '184', '--raw', '--subdir', 'DAGS_FOLDER/simple_dag.py', '--cfg-path', '/var/folders/tl/ljh9dpdd2fnbgmc62qc2b49h0000gn/T/tmpcp6s1_tv', '--error-file', '/var/folders/tl/ljh9dpdd2fnbgmc62qc2b49h0000gn/T/tmpg9y72725']
[2022-03-14 14:44:40,330] {standard_task_runner.py:77} INFO - Job 184: Subtask get_recipes
[2022-03-14 14:44:40,384] {logging_mixin.py:109} INFO - Running <TaskInstance: simple_dag.get_recipes scheduled__2022-03-14T14:42:00+00:00 [running]> on host MacBook-Pro.local
[2022-03-14 14:44:40,435] {taskinstance.py:1429} INFO - Exporting the following env vars:
AIRFLOW_CTX_DAG_OWNER=airflow
AIRFLOW_CTX_DAG_ID=simple_dag
AIRFLOW_CTX_TASK_ID=get_recipes
AIRFLOW_CTX_EXECUTION_DATE=2022-03-14T14:42:00+00:00
AIRFLOW_CTX_DAG_RUN_ID=scheduled__2022-03-14T14:42:00+00:00
[2022-03-14 14:44:40,442] {base_aws.py:190} INFO - Credentials retrieved from login
[2022-03-14 14:44:40,443] {base_aws.py:90} INFO - Retrieving region_name from Connection.extra_config['region_name']
[2022-03-14 14:44:40,835] {base_aws.py:190} INFO - Credentials retrieved from login
[2022-03-14 14:44:40,836] {base_aws.py:90} INFO - Retrieving region_name from Connection.extra_config['region_name']
[2022-03-14 14:44:41,250] {taskinstance.py:1718} ERROR - Task failed with exception
Traceback (most recent call last):
  File "/opt/anaconda3/lib/python3.9/site-packages/airflow/models/taskinstance.py", line 1334, in _run_raw_task
    self._execute_task_with_callbacks(context)
  File "/opt/anaconda3/lib/python3.9/site-packages/airflow/models/taskinstance.py", line 1460, in _execute_task_with_callbacks
    result = self._execute_task(context, self.task)
  File "/opt/anaconda3/lib/python3.9/site-packages/airflow/models/taskinstance.py", line 1516, in _execute_task
    result = execute_callable(context=context)
  File "/opt/anaconda3/lib/python3.9/site-packages/airflow/operators/python.py", line 174, in execute
    return_value = self.execute_callable()
  File "/opt/anaconda3/lib/python3.9/site-packages/airflow/operators/python.py", line 188, in execute_callable
    return self.python_callable(*self.op_args, **self.op_kwargs)
  File "/Users/HomeFolder/airflow/dags/simple_dag.py", line 59, in get_recipes
    data = json.loads(object)
  File "/opt/anaconda3/lib/python3.9/json/__init__.py", line 339, in loads
    raise TypeError(f'the JSON object must be str, bytes or bytearray, '
TypeError: the JSON object must be str, bytes or bytearray, not s3.Object
[2022-03-14 14:44:41,262] {taskinstance.py:1272} INFO - Marking task as FAILED. dag_id=simple_dag, task_id=get_recipes, execution_date=20220314T144200, start_date=20220314T194440, end_date=20220314T194441
[2022-03-14 14:44:41,275] {standard_task_runner.py:89} ERROR - Failed to execute job 184 for task get_recipes
Traceback (most recent call last):
  File "/opt/anaconda3/lib/python3.9/site-packages/airflow/task/task_runner/standard_task_runner.py", line 85, in _start_by_fork
    args.func(args, dag=self.dag)
  File "/opt/anaconda3/lib/python3.9/site-packages/airflow/cli/cli_parser.py", line 48, in command
    return func(*args, **kwargs)
  File "/opt/anaconda3/lib/python3.9/site-packages/airflow/utils/cli.py", line 92, in wrapper
    return f(*args, **kwargs)
  File "/opt/anaconda3/lib/python3.9/site-packages/airflow/cli/commands/task_command.py", line 298, in task_run
    _run_task_by_selected_method(args, dag, ti)
  File "/opt/anaconda3/lib/python3.9/site-packages/airflow/cli/commands/task_command.py", line 107, in _run_task_by_selected_method
    _run_raw_task(args, ti)
  File "/opt/anaconda3/lib/python3.9/site-packages/airflow/cli/commands/task_command.py", line 180, in _run_raw_task
    ti._run_raw_task(
  File "/opt/anaconda3/lib/python3.9/site-packages/airflow/utils/session.py", line 70, in wrapper
    return func(*args, session=session, **kwargs)
  File "/opt/anaconda3/lib/python3.9/site-packages/airflow/models/taskinstance.py", line 1334, in _run_raw_task
    self._execute_task_with_callbacks(context)
  File "/opt/anaconda3/lib/python3.9/site-packages/airflow/models/taskinstance.py", line 1460, in _execute_task_with_callbacks
    result = self._execute_task(context, self.task)
  File "/opt/anaconda3/lib/python3.9/site-packages/airflow/models/taskinstance.py", line 1516, in _execute_task
    result = execute_callable(context=context)
  File "/opt/anaconda3/lib/python3.9/site-packages/airflow/operators/python.py", line 174, in execute
    return_value = self.execute_callable()
  File "/opt/anaconda3/lib/python3.9/site-packages/airflow/operators/python.py", line 188, in execute_callable
    return self.python_callable(*self.op_args, **self.op_kwargs)
  File "/Users/HomeFolder/airflow/dags/simple_dag.py", line 59, in get_recipes
    data = json.loads(object)
  File "/opt/anaconda3/lib/python3.9/json/__init__.py", line 339, in loads
    raise TypeError(f'the JSON object must be str, bytes or bytearray, '
TypeError: the JSON object must be str, bytes or bytearray, not s3.Object
[2022-03-14 14:44:41,323] {local_task_job.py:154} INFO - Task exited with return code 1
[2022-03-14 14:44:41,344] {local_task_job.py:264} INFO - 0 downstream tasks scheduled from follow-on schedule check
[2022-03-14 14:47:05,379] {taskinstance.py:1037} INFO - Dependencies all met for <TaskInstance: simple_dag.get_recipes scheduled__2022-03-14T14:42:00+00:00 [queued]>
[2022-03-14 14:47:05,386] {taskinstance.py:1037} INFO - Dependencies all met for <TaskInstance: simple_dag.get_recipes scheduled__2022-03-14T14:42:00+00:00 [queued]>
[2022-03-14 14:47:05,386] {taskinstance.py:1243} INFO - 
--------------------------------------------------------------------------------
[2022-03-14 14:47:05,386] {taskinstance.py:1244} INFO - Starting attempt 1 of 1
[2022-03-14 14:47:05,386] {taskinstance.py:1245} INFO - 
--------------------------------------------------------------------------------
[2022-03-14 14:47:05,397] {taskinstance.py:1264} INFO - Executing <Task(PythonOperator): get_recipes> on 2022-03-14 14:42:00+00:00
[2022-03-14 14:47:05,401] {standard_task_runner.py:52} INFO - Started process 88270 to run task
[2022-03-14 14:47:05,407] {standard_task_runner.py:76} INFO - Running: ['airflow', 'tasks', 'run', 'simple_dag', 'get_recipes', 'scheduled__2022-03-14T14:42:00+00:00', '--job-id', '194', '--raw', '--subdir', 'DAGS_FOLDER/simple_dag.py', '--cfg-path', '/var/folders/tl/ljh9dpdd2fnbgmc62qc2b49h0000gn/T/tmponl2pyzw', '--error-file', '/var/folders/tl/ljh9dpdd2fnbgmc62qc2b49h0000gn/T/tmp8uww8vw4']
[2022-03-14 14:47:05,411] {standard_task_runner.py:77} INFO - Job 194: Subtask get_recipes
[2022-03-14 14:47:05,470] {logging_mixin.py:109} INFO - Running <TaskInstance: simple_dag.get_recipes scheduled__2022-03-14T14:42:00+00:00 [running]> on host 1.0.0.0.0.0.0.0.0.0.0.0.0.0.0.0.0.0.0.0.0.0.0.0.0.0.0.0.0.0.0.0.ip6.arpa
[2022-03-14 14:47:05,516] {taskinstance.py:1429} INFO - Exporting the following env vars:
AIRFLOW_CTX_DAG_OWNER=airflow
AIRFLOW_CTX_DAG_ID=simple_dag
AIRFLOW_CTX_TASK_ID=get_recipes
AIRFLOW_CTX_EXECUTION_DATE=2022-03-14T14:42:00+00:00
AIRFLOW_CTX_DAG_RUN_ID=scheduled__2022-03-14T14:42:00+00:00
[2022-03-14 14:47:05,523] {base_aws.py:190} INFO - Credentials retrieved from login
[2022-03-14 14:47:05,524] {base_aws.py:90} INFO - Retrieving region_name from Connection.extra_config['region_name']
[2022-03-14 14:47:05,932] {base_aws.py:190} INFO - Credentials retrieved from login
[2022-03-14 14:47:05,933] {base_aws.py:90} INFO - Retrieving region_name from Connection.extra_config['region_name']
[2022-03-14 14:47:06,343] {logging_mixin.py:109} INFO - s3.Object(bucket_name='airflowrs', key='raw/user-2022-03-14 12:16:16.768057.json')
[2022-03-14 14:47:06,348] {base_aws.py:190} INFO - Credentials retrieved from login
[2022-03-14 14:47:06,349] {base_aws.py:90} INFO - Retrieving region_name from Connection.extra_config['region_name']
[2022-03-14 14:47:06,681] {logging_mixin.py:109} INFO - s3.Object(bucket_name='airflowrs', key='raw/user-2022-03-14 12:16:24.788633.json')
[2022-03-14 14:47:06,685] {base_aws.py:190} INFO - Credentials retrieved from login
[2022-03-14 14:47:06,687] {base_aws.py:90} INFO - Retrieving region_name from Connection.extra_config['region_name']
[2022-03-14 14:47:07,013] {logging_mixin.py:109} INFO - s3.Object(bucket_name='airflowrs', key='raw/user-2022-03-14 12:16:29.962475.json')
[2022-03-14 14:47:07,017] {base_aws.py:190} INFO - Credentials retrieved from login
[2022-03-14 14:47:07,018] {base_aws.py:90} INFO - Retrieving region_name from Connection.extra_config['region_name']
[2022-03-14 14:47:07,345] {logging_mixin.py:109} INFO - s3.Object(bucket_name='airflowrs', key='raw/user-2022-03-14 12:16:44.008253.json')
[2022-03-14 14:47:07,349] {base_aws.py:190} INFO - Credentials retrieved from login
[2022-03-14 14:47:07,350] {base_aws.py:90} INFO - Retrieving region_name from Connection.extra_config['region_name']
[2022-03-14 14:47:07,687] {logging_mixin.py:109} INFO - s3.Object(bucket_name='airflowrs', key='raw/user-2022-03-14 12:16:52.065604.json')
[2022-03-14 14:47:07,691] {base_aws.py:190} INFO - Credentials retrieved from login
[2022-03-14 14:47:07,692] {base_aws.py:90} INFO - Retrieving region_name from Connection.extra_config['region_name']
[2022-03-14 14:47:08,117] {logging_mixin.py:109} INFO - s3.Object(bucket_name='airflowrs', key='raw/user-2022-03-14 13:40:51.952380.json')
[2022-03-14 14:47:08,122] {base_aws.py:190} INFO - Credentials retrieved from login
[2022-03-14 14:47:08,123] {base_aws.py:90} INFO - Retrieving region_name from Connection.extra_config['region_name']
[2022-03-14 14:47:08,465] {logging_mixin.py:109} INFO - s3.Object(bucket_name='airflowrs', key='raw/user-2022-03-14 13:40:54.048138.json')
[2022-03-14 14:47:08,470] {base_aws.py:190} INFO - Credentials retrieved from login
[2022-03-14 14:47:08,471] {base_aws.py:90} INFO - Retrieving region_name from Connection.extra_config['region_name']
[2022-03-14 14:47:08,805] {logging_mixin.py:109} INFO - s3.Object(bucket_name='airflowrs', key='raw/user-2022-03-14 13:40:56.140666.json')
[2022-03-14 14:47:08,809] {base_aws.py:190} INFO - Credentials retrieved from login
[2022-03-14 14:47:08,810] {base_aws.py:90} INFO - Retrieving region_name from Connection.extra_config['region_name']
[2022-03-14 14:47:09,136] {logging_mixin.py:109} INFO - s3.Object(bucket_name='airflowrs', key='raw/user-2022-03-14 13:41:02.424720.json')
[2022-03-14 14:47:09,140] {base_aws.py:190} INFO - Credentials retrieved from login
[2022-03-14 14:47:09,141] {base_aws.py:90} INFO - Retrieving region_name from Connection.extra_config['region_name']
[2022-03-14 14:47:09,493] {logging_mixin.py:109} INFO - s3.Object(bucket_name='airflowrs', key='raw/user-2022-03-14 13:41:04.521027.json')
[2022-03-14 14:47:09,497] {base_aws.py:190} INFO - Credentials retrieved from login
[2022-03-14 14:47:09,498] {base_aws.py:90} INFO - Retrieving region_name from Connection.extra_config['region_name']
[2022-03-14 14:47:10,004] {logging_mixin.py:109} INFO - s3.Object(bucket_name='airflowrs', key='raw/user-2022-03-14 13:41:06.619964.json')
[2022-03-14 14:47:10,008] {base_aws.py:190} INFO - Credentials retrieved from login
[2022-03-14 14:47:10,009] {base_aws.py:90} INFO - Retrieving region_name from Connection.extra_config['region_name']
[2022-03-14 14:47:10,352] {logging_mixin.py:109} INFO - s3.Object(bucket_name='airflowrs', key='raw/user-2022-03-14 13:41:08.717143.json')
[2022-03-14 14:47:10,356] {base_aws.py:190} INFO - Credentials retrieved from login
[2022-03-14 14:47:10,357] {base_aws.py:90} INFO - Retrieving region_name from Connection.extra_config['region_name']
[2022-03-14 14:47:10,677] {logging_mixin.py:109} INFO - s3.Object(bucket_name='airflowrs', key='raw/user-2022-03-14 13:41:10.809943.json')
[2022-03-14 14:47:10,681] {base_aws.py:190} INFO - Credentials retrieved from login
[2022-03-14 14:47:10,682] {base_aws.py:90} INFO - Retrieving region_name from Connection.extra_config['region_name']
[2022-03-14 14:47:11,021] {logging_mixin.py:109} INFO - s3.Object(bucket_name='airflowrs', key='raw/user-2022-03-14 13:41:12.902259.json')
[2022-03-14 14:47:11,026] {base_aws.py:190} INFO - Credentials retrieved from login
[2022-03-14 14:47:11,027] {base_aws.py:90} INFO - Retrieving region_name from Connection.extra_config['region_name']
[2022-03-14 14:47:11,694] {logging_mixin.py:109} INFO - s3.Object(bucket_name='airflowrs', key='raw/user-2022-03-14 13:41:14.996433.json')
[2022-03-14 14:47:11,699] {base_aws.py:190} INFO - Credentials retrieved from login
[2022-03-14 14:47:11,700] {base_aws.py:90} INFO - Retrieving region_name from Connection.extra_config['region_name']
[2022-03-14 14:47:12,214] {logging_mixin.py:109} INFO - s3.Object(bucket_name='airflowrs', key='raw/user-2022-03-14 13:41:19.188289.json')
[2022-03-14 14:47:12,218] {base_aws.py:190} INFO - Credentials retrieved from login
[2022-03-14 14:47:12,219] {base_aws.py:90} INFO - Retrieving region_name from Connection.extra_config['region_name']
[2022-03-14 14:47:12,645] {logging_mixin.py:109} INFO - s3.Object(bucket_name='airflowrs', key='raw/user-2022-03-14 13:41:21.281386.json')
[2022-03-14 14:47:12,649] {base_aws.py:190} INFO - Credentials retrieved from login
[2022-03-14 14:47:12,650] {base_aws.py:90} INFO - Retrieving region_name from Connection.extra_config['region_name']
[2022-03-14 14:47:13,030] {logging_mixin.py:109} INFO - s3.Object(bucket_name='airflowrs', key='raw/user-2022-03-14 13:41:23.377181.json')
[2022-03-14 14:47:13,034] {base_aws.py:190} INFO - Credentials retrieved from login
[2022-03-14 14:47:13,035] {base_aws.py:90} INFO - Retrieving region_name from Connection.extra_config['region_name']
[2022-03-14 14:47:13,345] {logging_mixin.py:109} INFO - s3.Object(bucket_name='airflowrs', key='raw/user-2022-03-14 13:41:25.468979.json')
[2022-03-14 14:47:13,351] {base_aws.py:190} INFO - Credentials retrieved from login
[2022-03-14 14:47:13,352] {base_aws.py:90} INFO - Retrieving region_name from Connection.extra_config['region_name']
[2022-03-14 14:47:13,672] {logging_mixin.py:109} INFO - s3.Object(bucket_name='airflowrs', key='raw/user-2022-03-14 13:41:27.559613.json')
[2022-03-14 14:47:13,678] {python.py:175} INFO - Done. Returned value was: None
[2022-03-14 14:47:13,686] {taskinstance.py:1272} INFO - Marking task as SUCCESS. dag_id=simple_dag, task_id=get_recipes, execution_date=20220314T144200, start_date=20220314T194705, end_date=20220314T194713
[2022-03-14 14:47:13,725] {local_task_job.py:154} INFO - Task exited with return code 0
[2022-03-14 14:47:13,745] {local_task_job.py:264} INFO - 0 downstream tasks scheduled from follow-on schedule check
